nohup: ignoring input
/home/infres/olapabe-23/MNIST-SVHN-Transfer/src/solvers/CyCADASolver_Dfeataccuracy_BCmerged.py:400: RuntimeWarning: More than 20 figures have been opened. Figures created through the pyplot interface (`matplotlib.pyplot.figure`) are retained until explicitly closed and may consume too much memory. (To control this warning, see the rcParam `figure.max_open_warning`).
  fig, axes = plt.subplots(nrows=2, ncols=10, figsize=(15, 4))  # Set up the subplot grid
Using device cuda
Using downloaded and verified file: ./data/SVHN/color/raw/train/train_32x32.mat
Using downloaded and verified file: ./data/SVHN/color/raw/test/test_32x32.mat
Train Step B - Epoch [1]:               Discriminator GAN loss: 0.4534,               Generator GAN Loss: 1.4785,               Cycle loss: 1.1061,               Semantic Loss: 2.6970,               D_feat GAN Loss: 0.6932,               F_T GAN Loss: 0.0000,               Task loss: 2.2313
Test Step B - Epoch [1]: 	Accuracy: 17.08%
-----------------------------------------------------------------------------------------------

Train Step B - Epoch [2]:               Discriminator GAN loss: 0.6006,               Generator GAN Loss: 1.1436,               Cycle loss: 0.7517,               Semantic Loss: 2.2614,               D_feat GAN Loss: 0.6931,               F_T GAN Loss: 0.0000,               Task loss: 2.1712
Test Step B - Epoch [2]: 	Accuracy: 11.66%
-----------------------------------------------------------------------------------------------

Train Step B - Epoch [3]:               Discriminator GAN loss: 0.6356,               Generator GAN Loss: 0.8573,               Cycle loss: 0.5208,               Semantic Loss: 0.9890,               D_feat GAN Loss: 0.6932,               F_T GAN Loss: 0.0000,               Task loss: 1.5806
Test Step B - Epoch [3]: 	Accuracy: 11.33%
-----------------------------------------------------------------------------------------------

Train Step B - Epoch [4]:               Discriminator GAN loss: 0.6651,               Generator GAN Loss: 0.8362,               Cycle loss: 0.5048,               Semantic Loss: 0.8061,               D_feat GAN Loss: 0.6932,               F_T GAN Loss: 0.0000,               Task loss: 1.2125
Test Step B - Epoch [4]: 	Accuracy: 15.75%
-----------------------------------------------------------------------------------------------

Train Step B - Epoch [5]:               Discriminator GAN loss: 0.6635,               Generator GAN Loss: 0.8214,               Cycle loss: 0.4407,               Semantic Loss: 0.6585,               D_feat GAN Loss: 0.6932,               F_T GAN Loss: 0.0000,               Task loss: 1.0187
Test Step B - Epoch [5]: 	Accuracy: 16.06%
-----------------------------------------------------------------------------------------------

Train Step B - Epoch [6]:               Discriminator GAN loss: 0.6563,               Generator GAN Loss: 0.8115,               Cycle loss: 0.3491,               Semantic Loss: 0.5411,               D_feat GAN Loss: 0.6932,               F_T GAN Loss: 0.0000,               Task loss: 0.8974
Test Step B - Epoch [6]: 	Accuracy: 16.40%
-----------------------------------------------------------------------------------------------

Train Step B - Epoch [7]:               Discriminator GAN loss: 0.6608,               Generator GAN Loss: 0.7913,               Cycle loss: 0.3175,               Semantic Loss: 0.4673,               D_feat GAN Loss: 0.6932,               F_T GAN Loss: 0.0000,               Task loss: 0.7561
Test Step B - Epoch [7]: 	Accuracy: 15.20%
-----------------------------------------------------------------------------------------------

Train Step B - Epoch [8]:               Discriminator GAN loss: 0.6628,               Generator GAN Loss: 0.7988,               Cycle loss: 0.3032,               Semantic Loss: 0.4063,               D_feat GAN Loss: 0.6932,               F_T GAN Loss: 0.0000,               Task loss: 0.6202
Test Step B - Epoch [8]: 	Accuracy: 15.41%
-----------------------------------------------------------------------------------------------

Train Step B - Epoch [9]:               Discriminator GAN loss: 0.6624,               Generator GAN Loss: 0.7917,               Cycle loss: 0.2982,               Semantic Loss: 0.3752,               D_feat GAN Loss: 0.6932,               F_T GAN Loss: 0.0000,               Task loss: 0.5636
Test Step B - Epoch [9]: 	Accuracy: 14.67%
-----------------------------------------------------------------------------------------------

Train Step B - Epoch [10]:               Discriminator GAN loss: 0.6643,               Generator GAN Loss: 0.8041,               Cycle loss: 0.2881,               Semantic Loss: 0.3359,               D_feat GAN Loss: 0.6932,               F_T GAN Loss: 0.0000,               Task loss: 0.5343
Test Step B - Epoch [10]: 	Accuracy: 15.02%
-----------------------------------------------------------------------------------------------

Train Step B - Epoch [11]:               Discriminator GAN loss: 0.6564,               Generator GAN Loss: 0.7957,               Cycle loss: 0.2799,               Semantic Loss: 0.3136,               D_feat GAN Loss: 0.6932,               F_T GAN Loss: 0.0000,               Task loss: 0.4826
Test Step B - Epoch [11]: 	Accuracy: 16.05%
-----------------------------------------------------------------------------------------------

Train Step B - Epoch [12]:               Discriminator GAN loss: 0.6535,               Generator GAN Loss: 0.8030,               Cycle loss: 0.2745,               Semantic Loss: 0.3050,               D_feat GAN Loss: 0.6932,               F_T GAN Loss: 0.0000,               Task loss: 0.4532
Test Step B - Epoch [12]: 	Accuracy: 16.69%
-----------------------------------------------------------------------------------------------

Train Step B - Epoch [13]:               Discriminator GAN loss: 0.6508,               Generator GAN Loss: 0.8133,               Cycle loss: 0.2669,               Semantic Loss: 0.3154,               D_feat GAN Loss: 0.6932,               F_T GAN Loss: 0.0000,               Task loss: 0.4501
Test Step B - Epoch [13]: 	Accuracy: 16.72%
-----------------------------------------------------------------------------------------------

Train Step B - Epoch [14]:               Discriminator GAN loss: 0.6513,               Generator GAN Loss: 0.8138,               Cycle loss: 0.2601,               Semantic Loss: 0.2948,               D_feat GAN Loss: 0.6932,               F_T GAN Loss: 0.0000,               Task loss: 0.4513
Test Step B - Epoch [14]: 	Accuracy: 17.29%
-----------------------------------------------------------------------------------------------

Train Step B - Epoch [15]:               Discriminator GAN loss: 0.6490,               Generator GAN Loss: 0.8145,               Cycle loss: 0.2490,               Semantic Loss: 0.3113,               D_feat GAN Loss: 0.6932,               F_T GAN Loss: 0.0000,               Task loss: 0.4126
Test Step B - Epoch [15]: 	Accuracy: 18.90%
-----------------------------------------------------------------------------------------------

Train Step B - Epoch [16]:               Discriminator GAN loss: 0.6503,               Generator GAN Loss: 0.8223,               Cycle loss: 0.2477,               Semantic Loss: 0.2979,               D_feat GAN Loss: 0.6932,               F_T GAN Loss: 0.0000,               Task loss: 0.4231
Test Step B - Epoch [16]: 	Accuracy: 19.00%
-----------------------------------------------------------------------------------------------

Train Step B - Epoch [17]:               Discriminator GAN loss: 0.6456,               Generator GAN Loss: 0.8250,               Cycle loss: 0.2415,               Semantic Loss: 0.3376,               D_feat GAN Loss: 0.6932,               F_T GAN Loss: 0.0000,               Task loss: 0.4039
Test Step B - Epoch [17]: 	Accuracy: 19.93%
-----------------------------------------------------------------------------------------------

Train Step B - Epoch [18]:               Discriminator GAN loss: 0.6409,               Generator GAN Loss: 0.8262,               Cycle loss: 0.2352,               Semantic Loss: 0.3144,               D_feat GAN Loss: 0.6932,               F_T GAN Loss: 0.0000,               Task loss: 0.4202
Test Step B - Epoch [18]: 	Accuracy: 20.19%
-----------------------------------------------------------------------------------------------

Train Step B - Epoch [19]:               Discriminator GAN loss: 0.6364,               Generator GAN Loss: 0.8355,               Cycle loss: 0.2294,               Semantic Loss: 0.3081,               D_feat GAN Loss: 0.6932,               F_T GAN Loss: 0.0000,               Task loss: 0.4217
Test Step B - Epoch [19]: 	Accuracy: 21.38%
-----------------------------------------------------------------------------------------------

Train Step B - Epoch [20]:               Discriminator GAN loss: 0.6423,               Generator GAN Loss: 0.8345,               Cycle loss: 0.2282,               Semantic Loss: 0.3546,               D_feat GAN Loss: 0.6932,               F_T GAN Loss: 0.0000,               Task loss: 0.4102
Test Step B - Epoch [20]: 	Accuracy: 21.13%
-----------------------------------------------------------------------------------------------

Train Step B - Epoch [21]:               Discriminator GAN loss: 0.6358,               Generator GAN Loss: 0.8368,               Cycle loss: 0.2259,               Semantic Loss: 0.3106,               D_feat GAN Loss: 0.6932,               F_T GAN Loss: 0.0000,               Task loss: 0.4341
Test Step B - Epoch [21]: 	Accuracy: 21.80%
-----------------------------------------------------------------------------------------------

Train Step B - Epoch [22]:               Discriminator GAN loss: 0.6356,               Generator GAN Loss: 0.8388,               Cycle loss: 0.2193,               Semantic Loss: 0.3463,               D_feat GAN Loss: 0.6932,               F_T GAN Loss: 0.0000,               Task loss: 0.4234
Test Step B - Epoch [22]: 	Accuracy: 22.93%
-----------------------------------------------------------------------------------------------

Train Step B - Epoch [23]:               Discriminator GAN loss: 0.6382,               Generator GAN Loss: 0.8291,               Cycle loss: 0.2165,               Semantic Loss: 0.3583,               D_feat GAN Loss: 0.6932,               F_T GAN Loss: 0.0000,               Task loss: 0.4425
Test Step B - Epoch [23]: 	Accuracy: 22.81%
-----------------------------------------------------------------------------------------------

Train Step B - Epoch [24]:               Discriminator GAN loss: 0.6283,               Generator GAN Loss: 0.8367,               Cycle loss: 0.2140,               Semantic Loss: 0.3488,               D_feat GAN Loss: 0.6932,               F_T GAN Loss: 0.0000,               Task loss: 0.4252
Test Step B - Epoch [24]: 	Accuracy: 21.95%
-----------------------------------------------------------------------------------------------

Train Step B - Epoch [25]:               Discriminator GAN loss: 0.6326,               Generator GAN Loss: 0.8450,               Cycle loss: 0.2102,               Semantic Loss: 0.3519,               D_feat GAN Loss: 0.6932,               F_T GAN Loss: 0.0000,               Task loss: 0.4236
Test Step B - Epoch [25]: 	Accuracy: 23.46%
-----------------------------------------------------------------------------------------------

Train Step B - Epoch [26]:               Discriminator GAN loss: 0.6353,               Generator GAN Loss: 0.8479,               Cycle loss: 0.2101,               Semantic Loss: 0.3888,               D_feat GAN Loss: 0.6932,               F_T GAN Loss: 0.0000,               Task loss: 0.4324
Test Step B - Epoch [26]: 	Accuracy: 24.08%
-----------------------------------------------------------------------------------------------

Train Step B - Epoch [27]:               Discriminator GAN loss: 0.6316,               Generator GAN Loss: 0.8420,               Cycle loss: 0.2072,               Semantic Loss: 0.3854,               D_feat GAN Loss: 0.6932,               F_T GAN Loss: 0.0000,               Task loss: 0.4155
Test Step B - Epoch [27]: 	Accuracy: 23.72%
-----------------------------------------------------------------------------------------------

Train Step B - Epoch [28]:               Discriminator GAN loss: 0.6349,               Generator GAN Loss: 0.8401,               Cycle loss: 0.2063,               Semantic Loss: 0.3962,               D_feat GAN Loss: 0.6932,               F_T GAN Loss: 0.0000,               Task loss: 0.4361
Test Step B - Epoch [28]: 	Accuracy: 22.62%
-----------------------------------------------------------------------------------------------

Train Step B - Epoch [29]:               Discriminator GAN loss: 0.6238,               Generator GAN Loss: 0.8514,               Cycle loss: 0.2034,               Semantic Loss: 0.3684,               D_feat GAN Loss: 0.6932,               F_T GAN Loss: 0.0000,               Task loss: 0.4146
Test Step B - Epoch [29]: 	Accuracy: 22.61%
-----------------------------------------------------------------------------------------------

Train Step B - Epoch [30]:               Discriminator GAN loss: 0.6344,               Generator GAN Loss: 0.8371,               Cycle loss: 0.2037,               Semantic Loss: 0.4119,               D_feat GAN Loss: 0.6932,               F_T GAN Loss: 0.0000,               Task loss: 0.3603
Test Step B - Epoch [30]: 	Accuracy: 23.11%
-----------------------------------------------------------------------------------------------

Train Step B - Epoch [31]:               Discriminator GAN loss: 0.6465,               Generator GAN Loss: 0.8282,               Cycle loss: 0.1983,               Semantic Loss: 0.4266,               D_feat GAN Loss: 0.6932,               F_T GAN Loss: 0.0000,               Task loss: 0.4154
Test Step B - Epoch [31]: 	Accuracy: 23.72%
-----------------------------------------------------------------------------------------------

Train Step B - Epoch [32]:               Discriminator GAN loss: 0.6307,               Generator GAN Loss: 0.8403,               Cycle loss: 0.1958,               Semantic Loss: 0.4101,               D_feat GAN Loss: 0.6932,               F_T GAN Loss: 0.0000,               Task loss: 0.4804
Test Step B - Epoch [32]: 	Accuracy: 23.96%
-----------------------------------------------------------------------------------------------

Train Step B - Epoch [33]:               Discriminator GAN loss: 0.6258,               Generator GAN Loss: 0.8469,               Cycle loss: 0.1917,               Semantic Loss: 0.4415,               D_feat GAN Loss: 0.6932,               F_T GAN Loss: 0.0000,               Task loss: 0.3478
Test Step B - Epoch [33]: 	Accuracy: 23.01%
-----------------------------------------------------------------------------------------------

Train Step B - Epoch [34]:               Discriminator GAN loss: 0.6384,               Generator GAN Loss: 0.8448,               Cycle loss: 0.1940,               Semantic Loss: 0.4431,               D_feat GAN Loss: 0.6932,               F_T GAN Loss: 0.0000,               Task loss: 0.4487
Test Step B - Epoch [34]: 	Accuracy: 23.57%
-----------------------------------------------------------------------------------------------

Train Step B - Epoch [35]:               Discriminator GAN loss: 0.6444,               Generator GAN Loss: 0.8375,               Cycle loss: 0.1893,               Semantic Loss: 0.4383,               D_feat GAN Loss: 0.6932,               F_T GAN Loss: 0.0000,               Task loss: 0.3904
Test Step B - Epoch [35]: 	Accuracy: 21.83%
-----------------------------------------------------------------------------------------------

Train Step B - Epoch [36]:               Discriminator GAN loss: 0.6401,               Generator GAN Loss: 0.8309,               Cycle loss: 0.1858,               Semantic Loss: 0.4343,               D_feat GAN Loss: 0.6932,               F_T GAN Loss: 0.0000,               Task loss: 0.4162
Test Step B - Epoch [36]: 	Accuracy: 22.54%
-----------------------------------------------------------------------------------------------

Train Step B - Epoch [37]:               Discriminator GAN loss: 0.6268,               Generator GAN Loss: 0.8521,               Cycle loss: 0.1815,               Semantic Loss: 0.4160,               D_feat GAN Loss: 0.6932,               F_T GAN Loss: 0.0000,               Task loss: 0.4438
Test Step B - Epoch [37]: 	Accuracy: 24.57%
-----------------------------------------------------------------------------------------------

Train Step B - Epoch [38]:               Discriminator GAN loss: 0.6558,               Generator GAN Loss: 0.8426,               Cycle loss: 0.1813,               Semantic Loss: 0.4042,               D_feat GAN Loss: 0.6932,               F_T GAN Loss: 0.0000,               Task loss: 0.4173
Test Step B - Epoch [38]: 	Accuracy: 23.51%
-----------------------------------------------------------------------------------------------

Train Step B - Epoch [39]:               Discriminator GAN loss: 0.6319,               Generator GAN Loss: 0.8223,               Cycle loss: 0.1766,               Semantic Loss: 0.4047,               D_feat GAN Loss: 0.6932,               F_T GAN Loss: 0.0000,               Task loss: 0.3383
Test Step B - Epoch [39]: 	Accuracy: 23.46%
-----------------------------------------------------------------------------------------------

Train Step B - Epoch [40]:               Discriminator GAN loss: 0.6384,               Generator GAN Loss: 0.8415,               Cycle loss: 0.1766,               Semantic Loss: 0.3956,               D_feat GAN Loss: 0.6932,               F_T GAN Loss: 0.0000,               Task loss: 0.3977
Test Step B - Epoch [40]: 	Accuracy: 22.72%
-----------------------------------------------------------------------------------------------

Train Step B - Epoch [41]:               Discriminator GAN loss: 0.6441,               Generator GAN Loss: 0.8387,               Cycle loss: 0.1765,               Semantic Loss: 0.3999,               D_feat GAN Loss: 0.6932,               F_T GAN Loss: 0.0000,               Task loss: 0.4981
Test Step B - Epoch [41]: 	Accuracy: 21.72%
-----------------------------------------------------------------------------------------------

Train Step B - Epoch [42]:               Discriminator GAN loss: 0.6363,               Generator GAN Loss: 0.8357,               Cycle loss: 0.1718,               Semantic Loss: 0.4408,               D_feat GAN Loss: 0.6932,               F_T GAN Loss: 0.0000,               Task loss: 0.3840
Test Step B - Epoch [42]: 	Accuracy: 24.31%
-----------------------------------------------------------------------------------------------

Train Step B - Epoch [43]:               Discriminator GAN loss: 0.6398,               Generator GAN Loss: 0.8329,               Cycle loss: 0.1678,               Semantic Loss: 0.3979,               D_feat GAN Loss: 0.6932,               F_T GAN Loss: 0.0000,               Task loss: 0.4261
Test Step B - Epoch [43]: 	Accuracy: 21.61%
-----------------------------------------------------------------------------------------------

Train Step B - Epoch [44]:               Discriminator GAN loss: 0.6285,               Generator GAN Loss: 0.8410,               Cycle loss: 0.1683,               Semantic Loss: 0.4167,               D_feat GAN Loss: 0.6932,               F_T GAN Loss: 0.0000,               Task loss: 0.4655
Test Step B - Epoch [44]: 	Accuracy: 23.71%
-----------------------------------------------------------------------------------------------

Train Step B - Epoch [45]:               Discriminator GAN loss: 0.6339,               Generator GAN Loss: 0.8487,               Cycle loss: 0.1653,               Semantic Loss: 0.3641,               D_feat GAN Loss: 0.6932,               F_T GAN Loss: 0.0000,               Task loss: 0.3341
Test Step B - Epoch [45]: 	Accuracy: 21.94%
-----------------------------------------------------------------------------------------------

Train Step B - Epoch [46]:               Discriminator GAN loss: 0.6285,               Generator GAN Loss: 0.8447,               Cycle loss: 0.1666,               Semantic Loss: 0.3780,               D_feat GAN Loss: 0.6932,               F_T GAN Loss: 0.0000,               Task loss: 0.3450
Test Step B - Epoch [46]: 	Accuracy: 20.99%
-----------------------------------------------------------------------------------------------

Train Step B - Epoch [47]:               Discriminator GAN loss: 0.6349,               Generator GAN Loss: 0.8360,               Cycle loss: 0.1608,               Semantic Loss: 0.4073,               D_feat GAN Loss: 0.6932,               F_T GAN Loss: 0.0000,               Task loss: 0.3766
Test Step B - Epoch [47]: 	Accuracy: 20.51%
-----------------------------------------------------------------------------------------------

Train Step B - Epoch [48]:               Discriminator GAN loss: 0.6403,               Generator GAN Loss: 0.8410,               Cycle loss: 0.1628,               Semantic Loss: 0.3731,               D_feat GAN Loss: 0.6932,               F_T GAN Loss: 0.0000,               Task loss: 0.4458
Test Step B - Epoch [48]: 	Accuracy: 23.14%
-----------------------------------------------------------------------------------------------

Train Step B - Epoch [49]:               Discriminator GAN loss: 0.6407,               Generator GAN Loss: 0.8383,               Cycle loss: 0.1597,               Semantic Loss: 0.4211,               D_feat GAN Loss: 0.6932,               F_T GAN Loss: 0.0000,               Task loss: 0.3553
Test Step B - Epoch [49]: 	Accuracy: 23.34%
-----------------------------------------------------------------------------------------------

Train Step B - Epoch [50]:               Discriminator GAN loss: 0.6400,               Generator GAN Loss: 0.8277,               Cycle loss: 0.1573,               Semantic Loss: 0.3839,               D_feat GAN Loss: 0.6932,               F_T GAN Loss: 0.0000,               Task loss: 0.3575
Test Step B - Epoch [50]: 	Accuracy: 23.73%
-----------------------------------------------------------------------------------------------

Train Step B - Epoch [51]:               Discriminator GAN loss: 0.6304,               Generator GAN Loss: 0.8368,               Cycle loss: 0.1571,               Semantic Loss: 0.3739,               D_feat GAN Loss: 0.6932,               F_T GAN Loss: 0.0000,               Task loss: 0.3617
Test Step B - Epoch [51]: 	Accuracy: 23.88%
-----------------------------------------------------------------------------------------------

Train Step B - Epoch [52]:               Discriminator GAN loss: 0.6307,               Generator GAN Loss: 0.8356,               Cycle loss: 0.1554,               Semantic Loss: 0.3880,               D_feat GAN Loss: 0.6932,               F_T GAN Loss: 0.0000,               Task loss: 0.3393
Test Step B - Epoch [52]: 	Accuracy: 22.96%
-----------------------------------------------------------------------------------------------

Train Step B - Epoch [53]:               Discriminator GAN loss: 0.6541,               Generator GAN Loss: 0.8364,               Cycle loss: 0.1524,               Semantic Loss: 0.4040,               D_feat GAN Loss: 0.6932,               F_T GAN Loss: 0.0000,               Task loss: 0.4109
Test Step B - Epoch [53]: 	Accuracy: 25.16%
-----------------------------------------------------------------------------------------------

Train Step B - Epoch [54]:               Discriminator GAN loss: 0.6270,               Generator GAN Loss: 0.8204,               Cycle loss: 0.1541,               Semantic Loss: 0.3576,               D_feat GAN Loss: 0.6932,               F_T GAN Loss: 0.0000,               Task loss: 0.3148
Test Step B - Epoch [54]: 	Accuracy: 22.06%
-----------------------------------------------------------------------------------------------

Train Step B - Epoch [55]:               Discriminator GAN loss: 0.6363,               Generator GAN Loss: 0.8509,               Cycle loss: 0.1540,               Semantic Loss: 0.3892,               D_feat GAN Loss: 0.6932,               F_T GAN Loss: 0.0000,               Task loss: 0.3951
Test Step B - Epoch [55]: 	Accuracy: 24.08%
-----------------------------------------------------------------------------------------------

Train Step B - Epoch [56]:               Discriminator GAN loss: 0.6418,               Generator GAN Loss: 0.8539,               Cycle loss: 0.1509,               Semantic Loss: 0.3980,               D_feat GAN Loss: 0.6932,               F_T GAN Loss: 0.0000,               Task loss: 0.3363
Test Step B - Epoch [56]: 	Accuracy: 25.34%
-----------------------------------------------------------------------------------------------

Train Step B - Epoch [57]:               Discriminator GAN loss: 0.6241,               Generator GAN Loss: 0.8360,               Cycle loss: 0.1497,               Semantic Loss: 0.4060,               D_feat GAN Loss: 0.6932,               F_T GAN Loss: 0.0000,               Task loss: 0.3187
Test Step B - Epoch [57]: 	Accuracy: 25.21%
-----------------------------------------------------------------------------------------------

Train Step B - Epoch [58]:               Discriminator GAN loss: 0.6415,               Generator GAN Loss: 0.8515,               Cycle loss: 0.1481,               Semantic Loss: 0.3835,               D_feat GAN Loss: 0.6932,               F_T GAN Loss: 0.0000,               Task loss: 0.3758
Test Step B - Epoch [58]: 	Accuracy: 24.14%
-----------------------------------------------------------------------------------------------

Train Step B - Epoch [59]:               Discriminator GAN loss: 0.6253,               Generator GAN Loss: 0.8391,               Cycle loss: 0.1474,               Semantic Loss: 0.3790,               D_feat GAN Loss: 0.6932,               F_T GAN Loss: 0.0000,               Task loss: 0.4038
Test Step B - Epoch [59]: 	Accuracy: 23.15%
-----------------------------------------------------------------------------------------------

Train Step B - Epoch [60]:               Discriminator GAN loss: 0.6379,               Generator GAN Loss: 0.8338,               Cycle loss: 0.1468,               Semantic Loss: 0.3552,               D_feat GAN Loss: 0.6932,               F_T GAN Loss: 0.0000,               Task loss: 0.3625
Test Step B - Epoch [60]: 	Accuracy: 24.19%
-----------------------------------------------------------------------------------------------

Train Step B - Epoch [61]:               Discriminator GAN loss: 0.6259,               Generator GAN Loss: 0.8405,               Cycle loss: 0.1446,               Semantic Loss: 0.3952,               D_feat GAN Loss: 0.6932,               F_T GAN Loss: 0.0000,               Task loss: 0.4084
Test Step B - Epoch [61]: 	Accuracy: 24.33%
-----------------------------------------------------------------------------------------------

Train Step B - Epoch [62]:               Discriminator GAN loss: 0.6340,               Generator GAN Loss: 0.8402,               Cycle loss: 0.1461,               Semantic Loss: 0.3658,               D_feat GAN Loss: 0.6932,               F_T GAN Loss: 0.0000,               Task loss: 0.3666
Test Step B - Epoch [62]: 	Accuracy: 23.79%
-----------------------------------------------------------------------------------------------

Train Step B - Epoch [63]:               Discriminator GAN loss: 0.6468,               Generator GAN Loss: 0.8250,               Cycle loss: 0.1413,               Semantic Loss: 0.4060,               D_feat GAN Loss: 0.6932,               F_T GAN Loss: 0.0000,               Task loss: 0.4102
Test Step B - Epoch [63]: 	Accuracy: 23.50%
-----------------------------------------------------------------------------------------------

Train Step B - Epoch [64]:               Discriminator GAN loss: 0.6424,               Generator GAN Loss: 0.8367,               Cycle loss: 0.1450,               Semantic Loss: 0.3541,               D_feat GAN Loss: 0.6932,               F_T GAN Loss: 0.0000,               Task loss: 0.2832
Test Step B - Epoch [64]: 	Accuracy: 24.26%
-----------------------------------------------------------------------------------------------

Train Step B - Epoch [65]:               Discriminator GAN loss: 0.6246,               Generator GAN Loss: 0.8328,               Cycle loss: 0.1400,               Semantic Loss: 0.3809,               D_feat GAN Loss: 0.6932,               F_T GAN Loss: 0.0000,               Task loss: 0.3564
Test Step B - Epoch [65]: 	Accuracy: 24.27%
-----------------------------------------------------------------------------------------------

Train Step B - Epoch [66]:               Discriminator GAN loss: 0.6362,               Generator GAN Loss: 0.8393,               Cycle loss: 0.1418,               Semantic Loss: 0.3771,               D_feat GAN Loss: 0.6932,               F_T GAN Loss: 0.0000,               Task loss: 0.3102
Test Step B - Epoch [66]: 	Accuracy: 24.69%
-----------------------------------------------------------------------------------------------

Train Step B - Epoch [67]:               Discriminator GAN loss: 0.6425,               Generator GAN Loss: 0.8272,               Cycle loss: 0.1419,               Semantic Loss: 0.3940,               D_feat GAN Loss: 0.6932,               F_T GAN Loss: 0.0000,               Task loss: 0.3090
Test Step B - Epoch [67]: 	Accuracy: 23.42%
-----------------------------------------------------------------------------------------------

Train Step B - Epoch [68]:               Discriminator GAN loss: 0.6497,               Generator GAN Loss: 0.8303,               Cycle loss: 0.1385,               Semantic Loss: 0.3798,               D_feat GAN Loss: 0.6932,               F_T GAN Loss: 0.0000,               Task loss: 0.3518
Test Step B - Epoch [68]: 	Accuracy: 24.26%
-----------------------------------------------------------------------------------------------

Train Step B - Epoch [69]:               Discriminator GAN loss: 0.6274,               Generator GAN Loss: 0.8380,               Cycle loss: 0.1406,               Semantic Loss: 0.3765,               D_feat GAN Loss: 0.6932,               F_T GAN Loss: 0.0000,               Task loss: 0.3473
Test Step B - Epoch [69]: 	Accuracy: 25.07%
-----------------------------------------------------------------------------------------------

Train Step B - Epoch [70]:               Discriminator GAN loss: 0.6385,               Generator GAN Loss: 0.8339,               Cycle loss: 0.1365,               Semantic Loss: 0.3992,               D_feat GAN Loss: 0.6932,               F_T GAN Loss: 0.0000,               Task loss: 0.3321
Test Step B - Epoch [70]: 	Accuracy: 24.75%
-----------------------------------------------------------------------------------------------

Train Step B - Epoch [71]:               Discriminator GAN loss: 0.6360,               Generator GAN Loss: 0.8361,               Cycle loss: 0.1348,               Semantic Loss: 0.3509,               D_feat GAN Loss: 0.6932,               F_T GAN Loss: 0.0000,               Task loss: 0.3330
Test Step B - Epoch [71]: 	Accuracy: 24.67%
-----------------------------------------------------------------------------------------------

Train Step B - Epoch [72]:               Discriminator GAN loss: 0.6323,               Generator GAN Loss: 0.8360,               Cycle loss: 0.1352,               Semantic Loss: 0.3802,               D_feat GAN Loss: 0.6932,               F_T GAN Loss: 0.0000,               Task loss: 0.3200
Test Step B - Epoch [72]: 	Accuracy: 26.80%
-----------------------------------------------------------------------------------------------

Train Step B - Epoch [73]:               Discriminator GAN loss: 0.6391,               Generator GAN Loss: 0.8383,               Cycle loss: 0.1353,               Semantic Loss: 0.4268,               D_feat GAN Loss: 0.6932,               F_T GAN Loss: 0.0000,               Task loss: 0.3218
Test Step B - Epoch [73]: 	Accuracy: 25.83%
-----------------------------------------------------------------------------------------------

Train Step B - Epoch [74]:               Discriminator GAN loss: 0.6298,               Generator GAN Loss: 0.8420,               Cycle loss: 0.1369,               Semantic Loss: 0.3641,               D_feat GAN Loss: 0.6932,               F_T GAN Loss: 0.0000,               Task loss: 0.2376
Test Step B - Epoch [74]: 	Accuracy: 25.96%
-----------------------------------------------------------------------------------------------

Train Step B - Epoch [75]:               Discriminator GAN loss: 0.6348,               Generator GAN Loss: 0.8406,               Cycle loss: 0.1374,               Semantic Loss: 0.3682,               D_feat GAN Loss: 0.6932,               F_T GAN Loss: 0.0000,               Task loss: 0.3677
Test Step B - Epoch [75]: 	Accuracy: 26.59%
-----------------------------------------------------------------------------------------------

Train Step B - Epoch [76]:               Discriminator GAN loss: 0.6376,               Generator GAN Loss: 0.8418,               Cycle loss: 0.1322,               Semantic Loss: 0.3965,               D_feat GAN Loss: 0.6932,               F_T GAN Loss: 0.0000,               Task loss: 0.2937
Test Step B - Epoch [76]: 	Accuracy: 25.62%
-----------------------------------------------------------------------------------------------

Train Step B - Epoch [77]:               Discriminator GAN loss: 0.6312,               Generator GAN Loss: 0.8459,               Cycle loss: 0.1354,               Semantic Loss: 0.3815,               D_feat GAN Loss: 0.6932,               F_T GAN Loss: 0.0000,               Task loss: 0.3289
Test Step B - Epoch [77]: 	Accuracy: 26.98%
-----------------------------------------------------------------------------------------------

Train Step B - Epoch [78]:               Discriminator GAN loss: 0.6343,               Generator GAN Loss: 0.8392,               Cycle loss: 0.1311,               Semantic Loss: 0.3571,               D_feat GAN Loss: 0.6932,               F_T GAN Loss: 0.0000,               Task loss: 0.3150
Test Step B - Epoch [78]: 	Accuracy: 25.58%
-----------------------------------------------------------------------------------------------

Train Step B - Epoch [79]:               Discriminator GAN loss: 0.6293,               Generator GAN Loss: 0.8417,               Cycle loss: 0.1318,               Semantic Loss: 0.4132,               D_feat GAN Loss: 0.6932,               F_T GAN Loss: 0.0000,               Task loss: 0.3667
Test Step B - Epoch [79]: 	Accuracy: 23.74%
-----------------------------------------------------------------------------------------------

Train Step B - Epoch [80]:               Discriminator GAN loss: 0.6461,               Generator GAN Loss: 0.8436,               Cycle loss: 0.1350,               Semantic Loss: 0.3982,               D_feat GAN Loss: 0.6932,               F_T GAN Loss: 0.0000,               Task loss: 0.3011
Test Step B - Epoch [80]: 	Accuracy: 23.82%
-----------------------------------------------------------------------------------------------

Train Step B - Epoch [81]:               Discriminator GAN loss: 0.6380,               Generator GAN Loss: 0.8397,               Cycle loss: 0.1304,               Semantic Loss: 0.3907,               D_feat GAN Loss: 0.6932,               F_T GAN Loss: 0.0000,               Task loss: 0.3086
Test Step B - Epoch [81]: 	Accuracy: 25.48%
-----------------------------------------------------------------------------------------------

Train Step B - Epoch [82]:               Discriminator GAN loss: 0.6136,               Generator GAN Loss: 0.8516,               Cycle loss: 0.1304,               Semantic Loss: 0.3446,               D_feat GAN Loss: 0.6932,               F_T GAN Loss: 0.0000,               Task loss: 0.2135
Test Step B - Epoch [82]: 	Accuracy: 25.89%
-----------------------------------------------------------------------------------------------

Train Step B - Epoch [83]:               Discriminator GAN loss: 0.6367,               Generator GAN Loss: 0.8508,               Cycle loss: 0.1305,               Semantic Loss: 0.3941,               D_feat GAN Loss: 0.6932,               F_T GAN Loss: 0.0000,               Task loss: 0.3533
Test Step B - Epoch [83]: 	Accuracy: 27.52%
-----------------------------------------------------------------------------------------------

Train Step B - Epoch [84]:               Discriminator GAN loss: 0.6212,               Generator GAN Loss: 0.8478,               Cycle loss: 0.1263,               Semantic Loss: 0.3691,               D_feat GAN Loss: 0.6932,               F_T GAN Loss: 0.0000,               Task loss: 0.2932
Test Step B - Epoch [84]: 	Accuracy: 26.40%
-----------------------------------------------------------------------------------------------

Train Step B - Epoch [85]:               Discriminator GAN loss: 0.6386,               Generator GAN Loss: 0.8402,               Cycle loss: 0.1322,               Semantic Loss: 0.3763,               D_feat GAN Loss: 0.6932,               F_T GAN Loss: 0.0000,               Task loss: 0.3883
Test Step B - Epoch [85]: 	Accuracy: 26.22%
-----------------------------------------------------------------------------------------------

Train Step B - Epoch [86]:               Discriminator GAN loss: 0.6336,               Generator GAN Loss: 0.8468,               Cycle loss: 0.1283,               Semantic Loss: 0.4155,               D_feat GAN Loss: 0.6932,               F_T GAN Loss: 0.0000,               Task loss: 0.2685
Test Step B - Epoch [86]: 	Accuracy: 25.97%
-----------------------------------------------------------------------------------------------

Train Step B - Epoch [87]:               Discriminator GAN loss: 0.6444,               Generator GAN Loss: 0.8396,               Cycle loss: 0.1292,               Semantic Loss: 0.4084,               D_feat GAN Loss: 0.6932,               F_T GAN Loss: 0.0000,               Task loss: 0.2374
Test Step B - Epoch [87]: 	Accuracy: 25.70%
-----------------------------------------------------------------------------------------------

Train Step B - Epoch [88]:               Discriminator GAN loss: 0.6190,               Generator GAN Loss: 0.8461,               Cycle loss: 0.1282,               Semantic Loss: 0.3775,               D_feat GAN Loss: 0.6932,               F_T GAN Loss: 0.0000,               Task loss: 0.2788
Test Step B - Epoch [88]: 	Accuracy: 28.08%
-----------------------------------------------------------------------------------------------

Train Step B - Epoch [89]:               Discriminator GAN loss: 0.6211,               Generator GAN Loss: 0.8477,               Cycle loss: 0.1258,               Semantic Loss: 0.3940,               D_feat GAN Loss: 0.6932,               F_T GAN Loss: 0.0000,               Task loss: 0.2606
Test Step B - Epoch [89]: 	Accuracy: 27.52%
-----------------------------------------------------------------------------------------------

Train Step B - Epoch [90]:               Discriminator GAN loss: 0.6267,               Generator GAN Loss: 0.8499,               Cycle loss: 0.1291,               Semantic Loss: 0.4044,               D_feat GAN Loss: 0.6932,               F_T GAN Loss: 0.0000,               Task loss: 0.3787
Test Step B - Epoch [90]: 	Accuracy: 28.75%
-----------------------------------------------------------------------------------------------

Train Step B - Epoch [91]:               Discriminator GAN loss: 0.6354,               Generator GAN Loss: 0.8391,               Cycle loss: 0.1276,               Semantic Loss: 0.4041,               D_feat GAN Loss: 0.6932,               F_T GAN Loss: 0.0000,               Task loss: 0.2845
Test Step B - Epoch [91]: 	Accuracy: 26.27%
-----------------------------------------------------------------------------------------------

Train Step B - Epoch [92]:               Discriminator GAN loss: 0.6293,               Generator GAN Loss: 0.8626,               Cycle loss: 0.1272,               Semantic Loss: 0.4262,               D_feat GAN Loss: 0.6932,               F_T GAN Loss: 0.0000,               Task loss: 0.2944
Test Step B - Epoch [92]: 	Accuracy: 24.83%
-----------------------------------------------------------------------------------------------

Train Step B - Epoch [93]:               Discriminator GAN loss: 0.6307,               Generator GAN Loss: 0.8391,               Cycle loss: 0.1259,               Semantic Loss: 0.3607,               D_feat GAN Loss: 0.6932,               F_T GAN Loss: 0.0000,               Task loss: 0.3460
Test Step B - Epoch [93]: 	Accuracy: 25.25%
-----------------------------------------------------------------------------------------------

Train Step B - Epoch [94]:               Discriminator GAN loss: 0.6360,               Generator GAN Loss: 0.8426,               Cycle loss: 0.1286,               Semantic Loss: 0.4016,               D_feat GAN Loss: 0.6932,               F_T GAN Loss: 0.0000,               Task loss: 0.3343
Test Step B - Epoch [94]: 	Accuracy: 27.02%
-----------------------------------------------------------------------------------------------

Train Step B - Epoch [95]:               Discriminator GAN loss: 0.6289,               Generator GAN Loss: 0.8496,               Cycle loss: 0.1256,               Semantic Loss: 0.4194,               D_feat GAN Loss: 0.6932,               F_T GAN Loss: 0.0000,               Task loss: 0.2740
Test Step B - Epoch [95]: 	Accuracy: 25.18%
-----------------------------------------------------------------------------------------------

Train Step B - Epoch [96]:               Discriminator GAN loss: 0.6280,               Generator GAN Loss: 0.8523,               Cycle loss: 0.1265,               Semantic Loss: 0.4032,               D_feat GAN Loss: 0.6932,               F_T GAN Loss: 0.0000,               Task loss: 0.2537
Test Step B - Epoch [96]: 	Accuracy: 24.89%
-----------------------------------------------------------------------------------------------

Train Step B - Epoch [97]:               Discriminator GAN loss: 0.6293,               Generator GAN Loss: 0.8481,               Cycle loss: 0.1243,               Semantic Loss: 0.4041,               D_feat GAN Loss: 0.6932,               F_T GAN Loss: 0.0000,               Task loss: 0.3002
Test Step B - Epoch [97]: 	Accuracy: 24.91%
-----------------------------------------------------------------------------------------------

Train Step B - Epoch [98]:               Discriminator GAN loss: 0.6215,               Generator GAN Loss: 0.8539,               Cycle loss: 0.1215,               Semantic Loss: 0.3938,               D_feat GAN Loss: 0.6932,               F_T GAN Loss: 0.0000,               Task loss: 0.2621
Test Step B - Epoch [98]: 	Accuracy: 28.78%
-----------------------------------------------------------------------------------------------

Train Step B - Epoch [99]:               Discriminator GAN loss: 0.6315,               Generator GAN Loss: 0.8403,               Cycle loss: 0.1260,               Semantic Loss: 0.3904,               D_feat GAN Loss: 0.6932,               F_T GAN Loss: 0.0000,               Task loss: 0.3378
Test Step B - Epoch [99]: 	Accuracy: 30.06%
-----------------------------------------------------------------------------------------------

Train Step B - Epoch [100]:               Discriminator GAN loss: 0.6485,               Generator GAN Loss: 0.8476,               Cycle loss: 0.1245,               Semantic Loss: 0.4368,               D_feat GAN Loss: 0.6932,               F_T GAN Loss: 0.0000,               Task loss: 0.2906
Test Step B - Epoch [100]: 	Accuracy: 27.83%
-----------------------------------------------------------------------------------------------

The process took 315.80135440826416 minutes to complete.
