nohup: ignoring input
Using device cuda
Using downloaded and verified file: ./data/SVHN/color/raw/train/train_32x32.mat
Using downloaded and verified file: ./data/SVHN/color/raw/test/test_32x32.mat
Train Step C - Epoch [1]:               D_feat Discriminator loss: 1.3865,               F_T Genearator Loss: 0.6932
Test Step C - Epoch [1]: 	Accuracy: 31.03%
-----------------------------------------------------------------------------------------------

Train Step C - Epoch [2]:               D_feat Discriminator loss: 1.3863,               F_T Genearator Loss: 0.6932
Test Step C - Epoch [2]: 	Accuracy: 29.47%
-----------------------------------------------------------------------------------------------

Train Step C - Epoch [3]:               D_feat Discriminator loss: 1.3863,               F_T Genearator Loss: 0.6932
Test Step C - Epoch [3]: 	Accuracy: 25.95%
-----------------------------------------------------------------------------------------------

Train Step C - Epoch [4]:               D_feat Discriminator loss: 1.3863,               F_T Genearator Loss: 0.6932
Test Step C - Epoch [4]: 	Accuracy: 25.55%
-----------------------------------------------------------------------------------------------

Train Step C - Epoch [5]:               D_feat Discriminator loss: 1.3863,               F_T Genearator Loss: 0.6932
Test Step C - Epoch [5]: 	Accuracy: 25.17%
-----------------------------------------------------------------------------------------------

Train Step C - Epoch [6]:               D_feat Discriminator loss: 1.3863,               F_T Genearator Loss: 0.6932
Test Step C - Epoch [6]: 	Accuracy: 23.23%
-----------------------------------------------------------------------------------------------

Train Step C - Epoch [7]:               D_feat Discriminator loss: 1.3863,               F_T Genearator Loss: 0.6932
Test Step C - Epoch [7]: 	Accuracy: 23.38%
-----------------------------------------------------------------------------------------------

Train Step C - Epoch [8]:               D_feat Discriminator loss: 1.3863,               F_T Genearator Loss: 0.6932
Test Step C - Epoch [8]: 	Accuracy: 23.76%
-----------------------------------------------------------------------------------------------

Train Step C - Epoch [9]:               D_feat Discriminator loss: 1.3863,               F_T Genearator Loss: 0.6932
Test Step C - Epoch [9]: 	Accuracy: 24.12%
-----------------------------------------------------------------------------------------------

Train Step C - Epoch [10]:               D_feat Discriminator loss: 1.3863,               F_T Genearator Loss: 0.6932
Test Step C - Epoch [10]: 	Accuracy: 24.47%
-----------------------------------------------------------------------------------------------

Train Step C - Epoch [11]:               D_feat Discriminator loss: 1.3863,               F_T Genearator Loss: 0.6932
Test Step C - Epoch [11]: 	Accuracy: 24.37%
-----------------------------------------------------------------------------------------------

Train Step C - Epoch [12]:               D_feat Discriminator loss: 1.3863,               F_T Genearator Loss: 0.6932
Test Step C - Epoch [12]: 	Accuracy: 22.74%
-----------------------------------------------------------------------------------------------

Train Step C - Epoch [13]:               D_feat Discriminator loss: 1.3863,               F_T Genearator Loss: 0.6932
Test Step C - Epoch [13]: 	Accuracy: 22.84%
-----------------------------------------------------------------------------------------------

Train Step C - Epoch [14]:               D_feat Discriminator loss: 1.3863,               F_T Genearator Loss: 0.6932
Test Step C - Epoch [14]: 	Accuracy: 23.97%
-----------------------------------------------------------------------------------------------

Train Step C - Epoch [15]:               D_feat Discriminator loss: 1.3863,               F_T Genearator Loss: 0.6932
Test Step C - Epoch [15]: 	Accuracy: 24.27%
-----------------------------------------------------------------------------------------------

Train Step C - Epoch [16]:               D_feat Discriminator loss: 1.3863,               F_T Genearator Loss: 0.6932
Test Step C - Epoch [16]: 	Accuracy: 24.07%
-----------------------------------------------------------------------------------------------

Train Step C - Epoch [17]:               D_feat Discriminator loss: 1.3863,               F_T Genearator Loss: 0.6932
Test Step C - Epoch [17]: 	Accuracy: 24.25%
-----------------------------------------------------------------------------------------------

Train Step C - Epoch [18]:               D_feat Discriminator loss: 1.3863,               F_T Genearator Loss: 0.6932
Test Step C - Epoch [18]: 	Accuracy: 24.37%
-----------------------------------------------------------------------------------------------

Train Step C - Epoch [19]:               D_feat Discriminator loss: 1.3863,               F_T Genearator Loss: 0.6932
Test Step C - Epoch [19]: 	Accuracy: 24.47%
-----------------------------------------------------------------------------------------------

Train Step C - Epoch [20]:               D_feat Discriminator loss: 1.3863,               F_T Genearator Loss: 0.6932
Test Step C - Epoch [20]: 	Accuracy: 24.68%
-----------------------------------------------------------------------------------------------

Train Step C - Epoch [21]:               D_feat Discriminator loss: 1.3863,               F_T Genearator Loss: 0.6932
Test Step C - Epoch [21]: 	Accuracy: 24.70%
-----------------------------------------------------------------------------------------------

Train Step C - Epoch [22]:               D_feat Discriminator loss: 1.3863,               F_T Genearator Loss: 0.6914
Test Step C - Epoch [22]: 	Accuracy: 25.01%
-----------------------------------------------------------------------------------------------

Train Step C - Epoch [23]:               D_feat Discriminator loss: 1.3863,               F_T Genearator Loss: 0.6926
Test Step C - Epoch [23]: 	Accuracy: 25.19%
-----------------------------------------------------------------------------------------------

Train Step C - Epoch [24]:               D_feat Discriminator loss: 1.3863,               F_T Genearator Loss: 0.6932
Test Step C - Epoch [24]: 	Accuracy: 25.43%
-----------------------------------------------------------------------------------------------

Train Step C - Epoch [25]:               D_feat Discriminator loss: 1.3863,               F_T Genearator Loss: 0.6932
Test Step C - Epoch [25]: 	Accuracy: 25.61%
-----------------------------------------------------------------------------------------------

Train Step C - Epoch [26]:               D_feat Discriminator loss: 1.3863,               F_T Genearator Loss: 0.6932
Test Step C - Epoch [26]: 	Accuracy: 25.74%
-----------------------------------------------------------------------------------------------

Train Step C - Epoch [27]:               D_feat Discriminator loss: 1.3863,               F_T Genearator Loss: 0.6932
Test Step C - Epoch [27]: 	Accuracy: 25.81%
-----------------------------------------------------------------------------------------------

Train Step C - Epoch [28]:               D_feat Discriminator loss: 1.3863,               F_T Genearator Loss: 0.6920
Test Step C - Epoch [28]: 	Accuracy: 25.97%
-----------------------------------------------------------------------------------------------

Train Step C - Epoch [29]:               D_feat Discriminator loss: 1.3863,               F_T Genearator Loss: 0.6885
Test Step C - Epoch [29]: 	Accuracy: 26.06%
-----------------------------------------------------------------------------------------------

Train Step C - Epoch [30]:               D_feat Discriminator loss: 1.3863,               F_T Genearator Loss: 0.6932
Test Step C - Epoch [30]: 	Accuracy: 26.13%
-----------------------------------------------------------------------------------------------

Train Step C - Epoch [31]:               D_feat Discriminator loss: 1.3863,               F_T Genearator Loss: 0.6908
Test Step C - Epoch [31]: 	Accuracy: 26.18%
-----------------------------------------------------------------------------------------------

Train Step C - Epoch [32]:               D_feat Discriminator loss: 1.3863,               F_T Genearator Loss: 0.6932
Test Step C - Epoch [32]: 	Accuracy: 26.18%
-----------------------------------------------------------------------------------------------

Train Step C - Epoch [33]:               D_feat Discriminator loss: 1.3863,               F_T Genearator Loss: 0.6874
Test Step C - Epoch [33]: 	Accuracy: 26.18%
-----------------------------------------------------------------------------------------------

Train Step C - Epoch [34]:               D_feat Discriminator loss: 1.3863,               F_T Genearator Loss: 0.6914
Test Step C - Epoch [34]: 	Accuracy: 26.18%
-----------------------------------------------------------------------------------------------

Train Step C - Epoch [35]:               D_feat Discriminator loss: 1.3863,               F_T Genearator Loss: 0.6920
Test Step C - Epoch [35]: 	Accuracy: 26.17%
-----------------------------------------------------------------------------------------------

Train Step C - Epoch [36]:               D_feat Discriminator loss: 1.3863,               F_T Genearator Loss: 0.6903
Test Step C - Epoch [36]: 	Accuracy: 26.15%
-----------------------------------------------------------------------------------------------

Train Step C - Epoch [37]:               D_feat Discriminator loss: 1.3863,               F_T Genearator Loss: 0.6885
Test Step C - Epoch [37]: 	Accuracy: 26.12%
-----------------------------------------------------------------------------------------------

Train Step C - Epoch [38]:               D_feat Discriminator loss: 1.3863,               F_T Genearator Loss: 0.6926
Test Step C - Epoch [38]: 	Accuracy: 26.10%
-----------------------------------------------------------------------------------------------

Train Step C - Epoch [39]:               D_feat Discriminator loss: 1.3863,               F_T Genearator Loss: 0.6885
Test Step C - Epoch [39]: 	Accuracy: 25.98%
-----------------------------------------------------------------------------------------------

Train Step C - Epoch [40]:               D_feat Discriminator loss: 1.3863,               F_T Genearator Loss: 0.6874
Test Step C - Epoch [40]: 	Accuracy: 25.96%
-----------------------------------------------------------------------------------------------

Train Step C - Epoch [41]:               D_feat Discriminator loss: 1.3863,               F_T Genearator Loss: 0.6880
Test Step C - Epoch [41]: 	Accuracy: 25.88%
-----------------------------------------------------------------------------------------------

Train Step C - Epoch [42]:               D_feat Discriminator loss: 1.3863,               F_T Genearator Loss: 0.6874
Test Step C - Epoch [42]: 	Accuracy: 25.72%
-----------------------------------------------------------------------------------------------

Train Step C - Epoch [43]:               D_feat Discriminator loss: 1.3863,               F_T Genearator Loss: 0.6897
Test Step C - Epoch [43]: 	Accuracy: 25.52%
-----------------------------------------------------------------------------------------------

Train Step C - Epoch [44]:               D_feat Discriminator loss: 1.3863,               F_T Genearator Loss: 0.6856
Test Step C - Epoch [44]: 	Accuracy: 25.40%
-----------------------------------------------------------------------------------------------

Train Step C - Epoch [45]:               D_feat Discriminator loss: 1.3863,               F_T Genearator Loss: 0.6897
Test Step C - Epoch [45]: 	Accuracy: 25.24%
-----------------------------------------------------------------------------------------------

Train Step C - Epoch [46]:               D_feat Discriminator loss: 1.3863,               F_T Genearator Loss: 0.6932
Test Step C - Epoch [46]: 	Accuracy: 24.99%
-----------------------------------------------------------------------------------------------

Train Step C - Epoch [47]:               D_feat Discriminator loss: 1.3863,               F_T Genearator Loss: 0.6908
Test Step C - Epoch [47]: 	Accuracy: 24.88%
-----------------------------------------------------------------------------------------------

Train Step C - Epoch [48]:               D_feat Discriminator loss: 1.3863,               F_T Genearator Loss: 0.6908
Test Step C - Epoch [48]: 	Accuracy: 24.51%
-----------------------------------------------------------------------------------------------

Train Step C - Epoch [49]:               D_feat Discriminator loss: 1.3863,               F_T Genearator Loss: 0.6914
Test Step C - Epoch [49]: 	Accuracy: 24.32%
-----------------------------------------------------------------------------------------------

Train Step C - Epoch [50]:               D_feat Discriminator loss: 1.3863,               F_T Genearator Loss: 0.6885
Test Step C - Epoch [50]: 	Accuracy: 23.96%
-----------------------------------------------------------------------------------------------

Train Step C - Epoch [51]:               D_feat Discriminator loss: 1.3863,               F_T Genearator Loss: 0.6868
Test Step C - Epoch [51]: 	Accuracy: 23.74%
-----------------------------------------------------------------------------------------------

Train Step C - Epoch [52]:               D_feat Discriminator loss: 1.3863,               F_T Genearator Loss: 0.6914
Test Step C - Epoch [52]: 	Accuracy: 23.29%
-----------------------------------------------------------------------------------------------

Train Step C - Epoch [53]:               D_feat Discriminator loss: 1.3863,               F_T Genearator Loss: 0.6891
Test Step C - Epoch [53]: 	Accuracy: 23.07%
-----------------------------------------------------------------------------------------------

Train Step C - Epoch [54]:               D_feat Discriminator loss: 1.3863,               F_T Genearator Loss: 0.6891
Test Step C - Epoch [54]: 	Accuracy: 22.59%
-----------------------------------------------------------------------------------------------

Train Step C - Epoch [55]:               D_feat Discriminator loss: 1.3863,               F_T Genearator Loss: 0.6908
Test Step C - Epoch [55]: 	Accuracy: 21.78%
-----------------------------------------------------------------------------------------------

Train Step C - Epoch [56]:               D_feat Discriminator loss: 1.3863,               F_T Genearator Loss: 0.6914
Test Step C - Epoch [56]: 	Accuracy: 21.12%
-----------------------------------------------------------------------------------------------

Train Step C - Epoch [57]:               D_feat Discriminator loss: 1.3863,               F_T Genearator Loss: 0.6822
Test Step C - Epoch [57]: 	Accuracy: 20.41%
-----------------------------------------------------------------------------------------------

Train Step C - Epoch [58]:               D_feat Discriminator loss: 1.3863,               F_T Genearator Loss: 0.6920
Test Step C - Epoch [58]: 	Accuracy: 19.35%
-----------------------------------------------------------------------------------------------

Train Step C - Epoch [59]:               D_feat Discriminator loss: 1.3863,               F_T Genearator Loss: 0.6908
Test Step C - Epoch [59]: 	Accuracy: 19.41%
-----------------------------------------------------------------------------------------------

Train Step C - Epoch [60]:               D_feat Discriminator loss: 1.3863,               F_T Genearator Loss: 0.6885
Test Step C - Epoch [60]: 	Accuracy: 19.25%
-----------------------------------------------------------------------------------------------

Train Step C - Epoch [61]:               D_feat Discriminator loss: 1.3863,               F_T Genearator Loss: 0.6845
Test Step C - Epoch [61]: 	Accuracy: 18.87%
-----------------------------------------------------------------------------------------------

Train Step C - Epoch [62]:               D_feat Discriminator loss: 1.3863,               F_T Genearator Loss: 0.6856
Test Step C - Epoch [62]: 	Accuracy: 17.41%
-----------------------------------------------------------------------------------------------

Train Step C - Epoch [63]:               D_feat Discriminator loss: 1.3863,               F_T Genearator Loss: 0.6897
Test Step C - Epoch [63]: 	Accuracy: 18.75%
-----------------------------------------------------------------------------------------------

Train Step C - Epoch [64]:               D_feat Discriminator loss: 1.3863,               F_T Genearator Loss: 0.6770
Test Step C - Epoch [64]: 	Accuracy: 17.11%
-----------------------------------------------------------------------------------------------

Train Step C - Epoch [65]:               D_feat Discriminator loss: 1.3863,               F_T Genearator Loss: 0.6868
Test Step C - Epoch [65]: 	Accuracy: 16.70%
-----------------------------------------------------------------------------------------------

Train Step C - Epoch [66]:               D_feat Discriminator loss: 1.3863,               F_T Genearator Loss: 0.6897
Test Step C - Epoch [66]: 	Accuracy: 16.05%
-----------------------------------------------------------------------------------------------

Train Step C - Epoch [67]:               D_feat Discriminator loss: 1.3863,               F_T Genearator Loss: 0.6874
Test Step C - Epoch [67]: 	Accuracy: 17.42%
-----------------------------------------------------------------------------------------------

Train Step C - Epoch [68]:               D_feat Discriminator loss: 1.3863,               F_T Genearator Loss: 0.6614
Test Step C - Epoch [68]: 	Accuracy: 16.49%
-----------------------------------------------------------------------------------------------

Train Step C - Epoch [69]:               D_feat Discriminator loss: 1.3863,               F_T Genearator Loss: 0.6695
Test Step C - Epoch [69]: 	Accuracy: 17.36%
-----------------------------------------------------------------------------------------------

Train Step C - Epoch [70]:               D_feat Discriminator loss: 1.3863,               F_T Genearator Loss: 0.6579
Test Step C - Epoch [70]: 	Accuracy: 15.91%
-----------------------------------------------------------------------------------------------

Train Step C - Epoch [71]:               D_feat Discriminator loss: 1.3863,               F_T Genearator Loss: 0.6839
Test Step C - Epoch [71]: 	Accuracy: 15.68%
-----------------------------------------------------------------------------------------------

Train Step C - Epoch [72]:               D_feat Discriminator loss: 1.3863,               F_T Genearator Loss: 0.6706
Test Step C - Epoch [72]: 	Accuracy: 15.75%
-----------------------------------------------------------------------------------------------

Train Step C - Epoch [73]:               D_feat Discriminator loss: 1.3863,               F_T Genearator Loss: 0.6487
Test Step C - Epoch [73]: 	Accuracy: 15.12%
-----------------------------------------------------------------------------------------------

Train Step C - Epoch [74]:               D_feat Discriminator loss: 1.3863,               F_T Genearator Loss: 0.6914
Test Step C - Epoch [74]: 	Accuracy: 15.01%
-----------------------------------------------------------------------------------------------

Train Step C - Epoch [75]:               D_feat Discriminator loss: 1.3863,               F_T Genearator Loss: 0.6810
Test Step C - Epoch [75]: 	Accuracy: 14.49%
-----------------------------------------------------------------------------------------------

Train Step C - Epoch [76]:               D_feat Discriminator loss: 1.3863,               F_T Genearator Loss: 0.6926
Test Step C - Epoch [76]: 	Accuracy: 14.47%
-----------------------------------------------------------------------------------------------

Train Step C - Epoch [77]:               D_feat Discriminator loss: 1.3863,               F_T Genearator Loss: 0.6874
Test Step C - Epoch [77]: 	Accuracy: 13.63%
-----------------------------------------------------------------------------------------------

Train Step C - Epoch [78]:               D_feat Discriminator loss: 1.3863,               F_T Genearator Loss: 0.6781
Test Step C - Epoch [78]: 	Accuracy: 13.82%
-----------------------------------------------------------------------------------------------

Train Step C - Epoch [79]:               D_feat Discriminator loss: 1.3863,               F_T Genearator Loss: 0.6770
Test Step C - Epoch [79]: 	Accuracy: 13.37%
-----------------------------------------------------------------------------------------------

Train Step C - Epoch [80]:               D_feat Discriminator loss: 1.3863,               F_T Genearator Loss: 0.6735
Test Step C - Epoch [80]: 	Accuracy: 12.91%
-----------------------------------------------------------------------------------------------

Train Step C - Epoch [81]:               D_feat Discriminator loss: 1.3863,               F_T Genearator Loss: 0.6360
Test Step C - Epoch [81]: 	Accuracy: 12.98%
-----------------------------------------------------------------------------------------------

Train Step C - Epoch [82]:               D_feat Discriminator loss: 1.3863,               F_T Genearator Loss: 0.6134
Test Step C - Epoch [82]: 	Accuracy: 12.95%
-----------------------------------------------------------------------------------------------

Train Step C - Epoch [83]:               D_feat Discriminator loss: 1.3863,               F_T Genearator Loss: 0.6377
Test Step C - Epoch [83]: 	Accuracy: 12.65%
-----------------------------------------------------------------------------------------------

Train Step C - Epoch [84]:               D_feat Discriminator loss: 1.3863,               F_T Genearator Loss: 0.6735
Test Step C - Epoch [84]: 	Accuracy: 12.61%
-----------------------------------------------------------------------------------------------

Train Step C - Epoch [85]:               D_feat Discriminator loss: 1.3863,               F_T Genearator Loss: 0.6608
Test Step C - Epoch [85]: 	Accuracy: 12.56%
-----------------------------------------------------------------------------------------------

Train Step C - Epoch [86]:               D_feat Discriminator loss: 1.3863,               F_T Genearator Loss: 0.6533
Test Step C - Epoch [86]: 	Accuracy: 12.25%
-----------------------------------------------------------------------------------------------

Train Step C - Epoch [87]:               D_feat Discriminator loss: 1.3863,               F_T Genearator Loss: 0.6839
Test Step C - Epoch [87]: 	Accuracy: 12.06%
-----------------------------------------------------------------------------------------------

Train Step C - Epoch [88]:               D_feat Discriminator loss: 1.3863,               F_T Genearator Loss: 0.6643
Test Step C - Epoch [88]: 	Accuracy: 12.32%
-----------------------------------------------------------------------------------------------

Train Step C - Epoch [89]:               D_feat Discriminator loss: 1.3863,               F_T Genearator Loss: 0.6065
Test Step C - Epoch [89]: 	Accuracy: 12.24%
-----------------------------------------------------------------------------------------------

Train Step C - Epoch [90]:               D_feat Discriminator loss: 1.3863,               F_T Genearator Loss: 0.6579
Test Step C - Epoch [90]: 	Accuracy: 12.25%
-----------------------------------------------------------------------------------------------

Train Step C - Epoch [91]:               D_feat Discriminator loss: 1.3863,               F_T Genearator Loss: 0.6695
Test Step C - Epoch [91]: 	Accuracy: 12.26%
-----------------------------------------------------------------------------------------------

Train Step C - Epoch [92]:               D_feat Discriminator loss: 1.3863,               F_T Genearator Loss: 0.6862
Test Step C - Epoch [92]: 	Accuracy: 12.50%
-----------------------------------------------------------------------------------------------

Train Step C - Epoch [93]:               D_feat Discriminator loss: 1.3863,               F_T Genearator Loss: 0.6747
Test Step C - Epoch [93]: 	Accuracy: 12.62%
-----------------------------------------------------------------------------------------------

Train Step C - Epoch [94]:               D_feat Discriminator loss: 1.3863,               F_T Genearator Loss: 0.6706
Test Step C - Epoch [94]: 	Accuracy: 12.65%
-----------------------------------------------------------------------------------------------

Train Step C - Epoch [95]:               D_feat Discriminator loss: 1.3863,               F_T Genearator Loss: 0.6764
Test Step C - Epoch [95]: 	Accuracy: 12.63%
-----------------------------------------------------------------------------------------------

Train Step C - Epoch [96]:               D_feat Discriminator loss: 1.3863,               F_T Genearator Loss: 0.6602
Test Step C - Epoch [96]: 	Accuracy: 13.09%
-----------------------------------------------------------------------------------------------

Train Step C - Epoch [97]:               D_feat Discriminator loss: 1.3863,               F_T Genearator Loss: 0.6781
Test Step C - Epoch [97]: 	Accuracy: 13.53%
-----------------------------------------------------------------------------------------------

Train Step C - Epoch [98]:               D_feat Discriminator loss: 1.3863,               F_T Genearator Loss: 0.6764
Test Step C - Epoch [98]: 	Accuracy: 15.66%
-----------------------------------------------------------------------------------------------

Train Step C - Epoch [99]:               D_feat Discriminator loss: 1.3863,               F_T Genearator Loss: 0.6695
Test Step C - Epoch [99]: 	Accuracy: 14.94%
-----------------------------------------------------------------------------------------------

Train Step C - Epoch [100]:               D_feat Discriminator loss: 1.3863,               F_T Genearator Loss: 0.6545
Test Step C - Epoch [100]: 	Accuracy: 22.00%
-----------------------------------------------------------------------------------------------

Train Step C - Epoch [101]:               D_feat Discriminator loss: 1.3863,               F_T Genearator Loss: 0.6753
Test Step C - Epoch [101]: 	Accuracy: 22.27%
-----------------------------------------------------------------------------------------------

Train Step C - Epoch [102]:               D_feat Discriminator loss: 1.3863,               F_T Genearator Loss: 0.6856
Test Step C - Epoch [102]: 	Accuracy: 22.46%
-----------------------------------------------------------------------------------------------

Train Step C - Epoch [103]:               D_feat Discriminator loss: 1.3863,               F_T Genearator Loss: 0.6804
Test Step C - Epoch [103]: 	Accuracy: 22.45%
-----------------------------------------------------------------------------------------------

Train Step C - Epoch [104]:               D_feat Discriminator loss: 1.3863,               F_T Genearator Loss: 0.6828
Test Step C - Epoch [104]: 	Accuracy: 22.78%
-----------------------------------------------------------------------------------------------

Train Step C - Epoch [105]:               D_feat Discriminator loss: 1.3863,               F_T Genearator Loss: 0.6735
Test Step C - Epoch [105]: 	Accuracy: 22.84%
-----------------------------------------------------------------------------------------------

Train Step C - Epoch [106]:               D_feat Discriminator loss: 1.3863,               F_T Genearator Loss: 0.6319
Test Step C - Epoch [106]: 	Accuracy: 23.27%
-----------------------------------------------------------------------------------------------

Train Step C - Epoch [107]:               D_feat Discriminator loss: 1.3863,               F_T Genearator Loss: 0.6637
Test Step C - Epoch [107]: 	Accuracy: 23.74%
-----------------------------------------------------------------------------------------------

Train Step C - Epoch [108]:               D_feat Discriminator loss: 1.3863,               F_T Genearator Loss: 0.6856
Test Step C - Epoch [108]: 	Accuracy: 23.88%
-----------------------------------------------------------------------------------------------

Train Step C - Epoch [109]:               D_feat Discriminator loss: 1.3863,               F_T Genearator Loss: 0.6776
Test Step C - Epoch [109]: 	Accuracy: 17.81%
-----------------------------------------------------------------------------------------------

Train Step C - Epoch [110]:               D_feat Discriminator loss: 1.3863,               F_T Genearator Loss: 0.6868
Test Step C - Epoch [110]: 	Accuracy: 19.21%
-----------------------------------------------------------------------------------------------

Train Step C - Epoch [111]:               D_feat Discriminator loss: 1.3863,               F_T Genearator Loss: 0.6880
Test Step C - Epoch [111]: 	Accuracy: 17.32%
-----------------------------------------------------------------------------------------------

Train Step C - Epoch [112]:               D_feat Discriminator loss: 1.3863,               F_T Genearator Loss: 0.6660
Test Step C - Epoch [112]: 	Accuracy: 16.96%
-----------------------------------------------------------------------------------------------

Train Step C - Epoch [113]:               D_feat Discriminator loss: 1.3863,               F_T Genearator Loss: 0.6701
Test Step C - Epoch [113]: 	Accuracy: 15.32%
-----------------------------------------------------------------------------------------------

Train Step C - Epoch [114]:               D_feat Discriminator loss: 1.3863,               F_T Genearator Loss: 0.6637
Test Step C - Epoch [114]: 	Accuracy: 15.09%
-----------------------------------------------------------------------------------------------

Train Step C - Epoch [115]:               D_feat Discriminator loss: 1.3863,               F_T Genearator Loss: 0.6891
Test Step C - Epoch [115]: 	Accuracy: 15.02%
-----------------------------------------------------------------------------------------------

Train Step C - Epoch [116]:               D_feat Discriminator loss: 1.3863,               F_T Genearator Loss: 0.6747
Test Step C - Epoch [116]: 	Accuracy: 14.12%
-----------------------------------------------------------------------------------------------

Train Step C - Epoch [117]:               D_feat Discriminator loss: 1.3863,               F_T Genearator Loss: 0.6689
Test Step C - Epoch [117]: 	Accuracy: 14.02%
-----------------------------------------------------------------------------------------------

Train Step C - Epoch [118]:               D_feat Discriminator loss: 1.3863,               F_T Genearator Loss: 0.6833
Test Step C - Epoch [118]: 	Accuracy: 13.79%
-----------------------------------------------------------------------------------------------

Train Step C - Epoch [119]:               D_feat Discriminator loss: 1.3863,               F_T Genearator Loss: 0.6637
Test Step C - Epoch [119]: 	Accuracy: 13.81%
-----------------------------------------------------------------------------------------------

Train Step C - Epoch [120]:               D_feat Discriminator loss: 1.3863,               F_T Genearator Loss: 0.6862
Test Step C - Epoch [120]: 	Accuracy: 12.76%
-----------------------------------------------------------------------------------------------

Train Step C - Epoch [121]:               D_feat Discriminator loss: 1.3863,               F_T Genearator Loss: 0.6787
Test Step C - Epoch [121]: 	Accuracy: 13.21%
-----------------------------------------------------------------------------------------------

Train Step C - Epoch [122]:               D_feat Discriminator loss: 1.3863,               F_T Genearator Loss: 0.6643
Test Step C - Epoch [122]: 	Accuracy: 13.01%
-----------------------------------------------------------------------------------------------

Train Step C - Epoch [123]:               D_feat Discriminator loss: 1.3863,               F_T Genearator Loss: 0.6701
Test Step C - Epoch [123]: 	Accuracy: 13.05%
-----------------------------------------------------------------------------------------------

Train Step C - Epoch [124]:               D_feat Discriminator loss: 1.3863,               F_T Genearator Loss: 0.6724
Test Step C - Epoch [124]: 	Accuracy: 12.92%
-----------------------------------------------------------------------------------------------

Train Step C - Epoch [125]:               D_feat Discriminator loss: 1.3863,               F_T Genearator Loss: 0.6787
Test Step C - Epoch [125]: 	Accuracy: 12.82%
-----------------------------------------------------------------------------------------------

Train Step C - Epoch [126]:               D_feat Discriminator loss: 1.3863,               F_T Genearator Loss: 0.6597
Test Step C - Epoch [126]: 	Accuracy: 12.77%
-----------------------------------------------------------------------------------------------

Train Step C - Epoch [127]:               D_feat Discriminator loss: 1.3863,               F_T Genearator Loss: 0.6804
Test Step C - Epoch [127]: 	Accuracy: 12.93%
-----------------------------------------------------------------------------------------------

Train Step C - Epoch [128]:               D_feat Discriminator loss: 1.3863,               F_T Genearator Loss: 0.6735
Test Step C - Epoch [128]: 	Accuracy: 13.03%
-----------------------------------------------------------------------------------------------

Train Step C - Epoch [129]:               D_feat Discriminator loss: 1.3863,               F_T Genearator Loss: 0.6753
Test Step C - Epoch [129]: 	Accuracy: 13.31%
-----------------------------------------------------------------------------------------------

Train Step C - Epoch [130]:               D_feat Discriminator loss: 1.3863,               F_T Genearator Loss: 0.6868
Test Step C - Epoch [130]: 	Accuracy: 13.51%
-----------------------------------------------------------------------------------------------

Train Step C - Epoch [131]:               D_feat Discriminator loss: 1.3863,               F_T Genearator Loss: 0.6851
Test Step C - Epoch [131]: 	Accuracy: 14.14%
-----------------------------------------------------------------------------------------------

Train Step C - Epoch [132]:               D_feat Discriminator loss: 1.3863,               F_T Genearator Loss: 0.6828
Test Step C - Epoch [132]: 	Accuracy: 14.19%
-----------------------------------------------------------------------------------------------

Train Step C - Epoch [133]:               D_feat Discriminator loss: 1.3863,               F_T Genearator Loss: 0.6764
Test Step C - Epoch [133]: 	Accuracy: 13.82%
-----------------------------------------------------------------------------------------------

Train Step C - Epoch [134]:               D_feat Discriminator loss: 1.3863,               F_T Genearator Loss: 0.6856
Test Step C - Epoch [134]: 	Accuracy: 13.41%
-----------------------------------------------------------------------------------------------

Train Step C - Epoch [135]:               D_feat Discriminator loss: 1.3863,               F_T Genearator Loss: 0.6868
Test Step C - Epoch [135]: 	Accuracy: 13.30%
-----------------------------------------------------------------------------------------------

Train Step C - Epoch [136]:               D_feat Discriminator loss: 1.3863,               F_T Genearator Loss: 0.6810
Test Step C - Epoch [136]: 	Accuracy: 12.81%
-----------------------------------------------------------------------------------------------

Train Step C - Epoch [137]:               D_feat Discriminator loss: 1.3863,               F_T Genearator Loss: 0.6706
Test Step C - Epoch [137]: 	Accuracy: 12.95%
-----------------------------------------------------------------------------------------------

Train Step C - Epoch [138]:               D_feat Discriminator loss: 1.3863,               F_T Genearator Loss: 0.6799
Test Step C - Epoch [138]: 	Accuracy: 12.68%
-----------------------------------------------------------------------------------------------

Train Step C - Epoch [139]:               D_feat Discriminator loss: 1.3863,               F_T Genearator Loss: 0.6758
Test Step C - Epoch [139]: 	Accuracy: 12.66%
-----------------------------------------------------------------------------------------------

Train Step C - Epoch [140]:               D_feat Discriminator loss: 1.3863,               F_T Genearator Loss: 0.6908
Test Step C - Epoch [140]: 	Accuracy: 12.77%
-----------------------------------------------------------------------------------------------

Train Step C - Epoch [141]:               D_feat Discriminator loss: 1.3863,               F_T Genearator Loss: 0.6741
Test Step C - Epoch [141]: 	Accuracy: 12.57%
-----------------------------------------------------------------------------------------------

Train Step C - Epoch [142]:               D_feat Discriminator loss: 1.3863,               F_T Genearator Loss: 0.6776
Test Step C - Epoch [142]: 	Accuracy: 12.94%
-----------------------------------------------------------------------------------------------

Train Step C - Epoch [143]:               D_feat Discriminator loss: 1.3863,               F_T Genearator Loss: 0.6862
Test Step C - Epoch [143]: 	Accuracy: 13.01%
-----------------------------------------------------------------------------------------------

Train Step C - Epoch [144]:               D_feat Discriminator loss: 1.3863,               F_T Genearator Loss: 0.6804
Test Step C - Epoch [144]: 	Accuracy: 13.14%
-----------------------------------------------------------------------------------------------

Train Step C - Epoch [145]:               D_feat Discriminator loss: 1.3863,               F_T Genearator Loss: 0.6804
Test Step C - Epoch [145]: 	Accuracy: 13.49%
-----------------------------------------------------------------------------------------------

Train Step C - Epoch [146]:               D_feat Discriminator loss: 1.3863,               F_T Genearator Loss: 0.6816
Test Step C - Epoch [146]: 	Accuracy: 14.16%
-----------------------------------------------------------------------------------------------

Train Step C - Epoch [147]:               D_feat Discriminator loss: 1.3863,               F_T Genearator Loss: 0.6741
Test Step C - Epoch [147]: 	Accuracy: 13.66%
-----------------------------------------------------------------------------------------------

Train Step C - Epoch [148]:               D_feat Discriminator loss: 1.3863,               F_T Genearator Loss: 0.6920
Test Step C - Epoch [148]: 	Accuracy: 13.51%
-----------------------------------------------------------------------------------------------

Train Step C - Epoch [149]:               D_feat Discriminator loss: 1.3863,               F_T Genearator Loss: 0.6654
Test Step C - Epoch [149]: 	Accuracy: 13.90%
-----------------------------------------------------------------------------------------------

Train Step C - Epoch [150]:               D_feat Discriminator loss: 1.3863,               F_T Genearator Loss: 0.6897
Test Step C - Epoch [150]: 	Accuracy: 13.41%
-----------------------------------------------------------------------------------------------

Train Step C - Epoch [151]:               D_feat Discriminator loss: 1.3863,               F_T Genearator Loss: 0.6828
Test Step C - Epoch [151]: 	Accuracy: 13.69%
-----------------------------------------------------------------------------------------------

Train Step C - Epoch [152]:               D_feat Discriminator loss: 1.3863,               F_T Genearator Loss: 0.6828
Test Step C - Epoch [152]: 	Accuracy: 13.56%
-----------------------------------------------------------------------------------------------

Train Step C - Epoch [153]:               D_feat Discriminator loss: 1.3863,               F_T Genearator Loss: 0.6758
Test Step C - Epoch [153]: 	Accuracy: 13.86%
-----------------------------------------------------------------------------------------------

Train Step C - Epoch [154]:               D_feat Discriminator loss: 1.3863,               F_T Genearator Loss: 0.6804
Test Step C - Epoch [154]: 	Accuracy: 13.85%
-----------------------------------------------------------------------------------------------

Train Step C - Epoch [155]:               D_feat Discriminator loss: 1.3863,               F_T Genearator Loss: 0.6747
Test Step C - Epoch [155]: 	Accuracy: 13.76%
-----------------------------------------------------------------------------------------------

Train Step C - Epoch [156]:               D_feat Discriminator loss: 1.3863,               F_T Genearator Loss: 0.6851
Test Step C - Epoch [156]: 	Accuracy: 14.26%
-----------------------------------------------------------------------------------------------

Train Step C - Epoch [157]:               D_feat Discriminator loss: 1.3863,               F_T Genearator Loss: 0.6764
Test Step C - Epoch [157]: 	Accuracy: 14.42%
-----------------------------------------------------------------------------------------------

Train Step C - Epoch [158]:               D_feat Discriminator loss: 1.3863,               F_T Genearator Loss: 0.6845
Test Step C - Epoch [158]: 	Accuracy: 15.02%
-----------------------------------------------------------------------------------------------

Train Step C - Epoch [159]:               D_feat Discriminator loss: 1.3863,               F_T Genearator Loss: 0.6527
Test Step C - Epoch [159]: 	Accuracy: 15.69%
-----------------------------------------------------------------------------------------------

Train Step C - Epoch [160]:               D_feat Discriminator loss: 1.3863,               F_T Genearator Loss: 0.6764
Test Step C - Epoch [160]: 	Accuracy: 16.16%
-----------------------------------------------------------------------------------------------

Train Step C - Epoch [161]:               D_feat Discriminator loss: 1.3863,               F_T Genearator Loss: 0.6804
Test Step C - Epoch [161]: 	Accuracy: 16.53%
-----------------------------------------------------------------------------------------------

Train Step C - Epoch [162]:               D_feat Discriminator loss: 1.3863,               F_T Genearator Loss: 0.6822
Test Step C - Epoch [162]: 	Accuracy: 18.60%
-----------------------------------------------------------------------------------------------

Train Step C - Epoch [163]:               D_feat Discriminator loss: 1.3863,               F_T Genearator Loss: 0.6810
Test Step C - Epoch [163]: 	Accuracy: 22.91%
-----------------------------------------------------------------------------------------------

Train Step C - Epoch [164]:               D_feat Discriminator loss: 1.3863,               F_T Genearator Loss: 0.6799
Test Step C - Epoch [164]: 	Accuracy: 23.26%
-----------------------------------------------------------------------------------------------

Train Step C - Epoch [165]:               D_feat Discriminator loss: 1.3863,               F_T Genearator Loss: 0.6810
Test Step C - Epoch [165]: 	Accuracy: 23.65%
-----------------------------------------------------------------------------------------------

Train Step C - Epoch [166]:               D_feat Discriminator loss: 1.3863,               F_T Genearator Loss: 0.6077
Test Step C - Epoch [166]: 	Accuracy: 24.54%
-----------------------------------------------------------------------------------------------

Train Step C - Epoch [167]:               D_feat Discriminator loss: 1.3863,               F_T Genearator Loss: 0.6394
Test Step C - Epoch [167]: 	Accuracy: 25.51%
-----------------------------------------------------------------------------------------------

Train Step C - Epoch [168]:               D_feat Discriminator loss: 1.3863,               F_T Genearator Loss: 0.6660
Test Step C - Epoch [168]: 	Accuracy: 26.21%
-----------------------------------------------------------------------------------------------

Train Step C - Epoch [169]:               D_feat Discriminator loss: 1.3863,               F_T Genearator Loss: 0.6435
Test Step C - Epoch [169]: 	Accuracy: 26.56%
-----------------------------------------------------------------------------------------------

Train Step C - Epoch [170]:               D_feat Discriminator loss: 1.3863,               F_T Genearator Loss: 0.6672
Test Step C - Epoch [170]: 	Accuracy: 28.72%
-----------------------------------------------------------------------------------------------

Train Step C - Epoch [171]:               D_feat Discriminator loss: 1.3863,               F_T Genearator Loss: 0.6701
Test Step C - Epoch [171]: 	Accuracy: 24.81%
-----------------------------------------------------------------------------------------------

Train Step C - Epoch [172]:               D_feat Discriminator loss: 1.3863,               F_T Genearator Loss: 0.6545
Test Step C - Epoch [172]: 	Accuracy: 19.00%
-----------------------------------------------------------------------------------------------

Train Step C - Epoch [173]:               D_feat Discriminator loss: 1.3863,               F_T Genearator Loss: 0.3200
Test Step C - Epoch [173]: 	Accuracy: 21.13%
-----------------------------------------------------------------------------------------------

Train Step C - Epoch [174]:               D_feat Discriminator loss: 1.3863,               F_T Genearator Loss: 0.3743
Test Step C - Epoch [174]: 	Accuracy: 21.16%
-----------------------------------------------------------------------------------------------

Train Step C - Epoch [175]:               D_feat Discriminator loss: 1.3863,               F_T Genearator Loss: 0.5626
Test Step C - Epoch [175]: 	Accuracy: 20.06%
-----------------------------------------------------------------------------------------------

Train Step C - Epoch [176]:               D_feat Discriminator loss: 1.3863,               F_T Genearator Loss: 0.5961
Test Step C - Epoch [176]: 	Accuracy: 19.47%
-----------------------------------------------------------------------------------------------

Train Step C - Epoch [177]:               D_feat Discriminator loss: 1.3863,               F_T Genearator Loss: 0.6816
Test Step C - Epoch [177]: 	Accuracy: 18.52%
-----------------------------------------------------------------------------------------------

Train Step C - Epoch [178]:               D_feat Discriminator loss: 1.3863,               F_T Genearator Loss: 0.6914
Test Step C - Epoch [178]: 	Accuracy: 17.77%
-----------------------------------------------------------------------------------------------

Train Step C - Epoch [179]:               D_feat Discriminator loss: 1.3863,               F_T Genearator Loss: 0.6908
Test Step C - Epoch [179]: 	Accuracy: 16.63%
-----------------------------------------------------------------------------------------------

Train Step C - Epoch [180]:               D_feat Discriminator loss: 1.3863,               F_T Genearator Loss: 0.6903
Test Step C - Epoch [180]: 	Accuracy: 14.96%
-----------------------------------------------------------------------------------------------

Train Step C - Epoch [181]:               D_feat Discriminator loss: 1.3863,               F_T Genearator Loss: 0.6753
Test Step C - Epoch [181]: 	Accuracy: 13.12%
-----------------------------------------------------------------------------------------------

Train Step C - Epoch [182]:               D_feat Discriminator loss: 1.3863,               F_T Genearator Loss: 0.6597
Test Step C - Epoch [182]: 	Accuracy: 12.50%
-----------------------------------------------------------------------------------------------

Train Step C - Epoch [183]:               D_feat Discriminator loss: 1.3863,               F_T Genearator Loss: 0.6845
Test Step C - Epoch [183]: 	Accuracy: 11.66%
-----------------------------------------------------------------------------------------------

Train Step C - Epoch [184]:               D_feat Discriminator loss: 1.3863,               F_T Genearator Loss: 0.6562
Test Step C - Epoch [184]: 	Accuracy: 11.19%
-----------------------------------------------------------------------------------------------

Train Step C - Epoch [185]:               D_feat Discriminator loss: 1.3863,               F_T Genearator Loss: 0.6516
Test Step C - Epoch [185]: 	Accuracy: 10.81%
-----------------------------------------------------------------------------------------------

Train Step C - Epoch [186]:               D_feat Discriminator loss: 1.3863,               F_T Genearator Loss: 0.6510
Test Step C - Epoch [186]: 	Accuracy: 9.97%
-----------------------------------------------------------------------------------------------

Train Step C - Epoch [187]:               D_feat Discriminator loss: 1.3863,               F_T Genearator Loss: 0.6337
Test Step C - Epoch [187]: 	Accuracy: 10.11%
-----------------------------------------------------------------------------------------------

Train Step C - Epoch [188]:               D_feat Discriminator loss: 1.3863,               F_T Genearator Loss: 0.6631
Test Step C - Epoch [188]: 	Accuracy: 10.01%
-----------------------------------------------------------------------------------------------

Train Step C - Epoch [189]:               D_feat Discriminator loss: 1.3863,               F_T Genearator Loss: 0.6094
Test Step C - Epoch [189]: 	Accuracy: 9.89%
-----------------------------------------------------------------------------------------------

Train Step C - Epoch [190]:               D_feat Discriminator loss: 1.3863,               F_T Genearator Loss: 0.6423
Test Step C - Epoch [190]: 	Accuracy: 9.78%
-----------------------------------------------------------------------------------------------

Train Step C - Epoch [191]:               D_feat Discriminator loss: 1.3863,               F_T Genearator Loss: 0.6810
Test Step C - Epoch [191]: 	Accuracy: 9.73%
-----------------------------------------------------------------------------------------------

Train Step C - Epoch [192]:               D_feat Discriminator loss: 1.3863,               F_T Genearator Loss: 0.6753
Test Step C - Epoch [192]: 	Accuracy: 9.60%
-----------------------------------------------------------------------------------------------

Train Step C - Epoch [193]:               D_feat Discriminator loss: 1.3863,               F_T Genearator Loss: 0.6100
Test Step C - Epoch [193]: 	Accuracy: 9.57%
-----------------------------------------------------------------------------------------------

Train Step C - Epoch [194]:               D_feat Discriminator loss: 1.3863,               F_T Genearator Loss: 0.6550
Test Step C - Epoch [194]: 	Accuracy: 9.83%
-----------------------------------------------------------------------------------------------

Train Step C - Epoch [195]:               D_feat Discriminator loss: 1.3863,               F_T Genearator Loss: 0.6290
Test Step C - Epoch [195]: 	Accuracy: 10.33%
-----------------------------------------------------------------------------------------------

Train Step C - Epoch [196]:               D_feat Discriminator loss: 1.3863,               F_T Genearator Loss: 0.6880
Test Step C - Epoch [196]: 	Accuracy: 10.68%
-----------------------------------------------------------------------------------------------

Train Step C - Epoch [197]:               D_feat Discriminator loss: 1.3863,               F_T Genearator Loss: 0.6689
Test Step C - Epoch [197]: 	Accuracy: 11.19%
-----------------------------------------------------------------------------------------------

Train Step C - Epoch [198]:               D_feat Discriminator loss: 1.3863,               F_T Genearator Loss: 0.6672
Test Step C - Epoch [198]: 	Accuracy: 11.78%
-----------------------------------------------------------------------------------------------

Train Step C - Epoch [199]:               D_feat Discriminator loss: 1.3863,               F_T Genearator Loss: 0.6718
Test Step C - Epoch [199]: 	Accuracy: 11.78%
-----------------------------------------------------------------------------------------------

Train Step C - Epoch [200]:               D_feat Discriminator loss: 1.3863,               F_T Genearator Loss: 0.6672
Test Step C - Epoch [200]: 	Accuracy: 11.76%
-----------------------------------------------------------------------------------------------

The process took 159.6531439582507 minutes to complete.
