nohup: ignoring input
/home/infres/olapabe-23/MNIST-SVHN-Transfer/src/solvers/CyCADASolver.py:454: RuntimeWarning: More than 20 figures have been opened. Figures created through the pyplot interface (`matplotlib.pyplot.figure`) are retained until explicitly closed and may consume too much memory. (To control this warning, see the rcParam `figure.max_open_warning`).
  # Display original image
Using device cuda
Using downloaded and verified file: ./data/SVHN/color/raw/train/train_32x32.mat
Using downloaded and verified file: ./data/SVHN/color/raw/test/test_32x32.mat
Train Step B - Epoch [1]:               Discriminator GAN loss: 0.8143,               Generator GAN Loss: 1.6136,               Cycle loss: 1.1900,               Semantic Loss: 1.4860,               Task loss: 2.1787
Test Step B - Epoch [1]: 	Accuracy: 12.37%
-----------------------------------------------------------------------------------------------

Train Step B - Epoch [2]:               Discriminator GAN loss: 1.3091,               Generator GAN Loss: 0.9882,               Cycle loss: 0.6809,               Semantic Loss: 0.8875,               Task loss: 1.6955
Test Step B - Epoch [2]: 	Accuracy: 13.68%
-----------------------------------------------------------------------------------------------

Train Step B - Epoch [3]:               Discriminator GAN loss: 1.4034,               Generator GAN Loss: 0.7056,               Cycle loss: 0.4788,               Semantic Loss: 0.4517,               Task loss: 0.8754
Test Step B - Epoch [3]: 	Accuracy: 13.52%
-----------------------------------------------------------------------------------------------

Train Step B - Epoch [4]:               Discriminator GAN loss: 1.4255,               Generator GAN Loss: 0.6902,               Cycle loss: 0.4548,               Semantic Loss: 0.3126,               Task loss: 0.6059
Test Step B - Epoch [4]: 	Accuracy: 14.40%
-----------------------------------------------------------------------------------------------

Train Step B - Epoch [5]:               Discriminator GAN loss: 1.4104,               Generator GAN Loss: 0.6971,               Cycle loss: 0.3615,               Semantic Loss: 0.2189,               Task loss: 0.5110
Test Step B - Epoch [5]: 	Accuracy: 15.38%
-----------------------------------------------------------------------------------------------

Train Step B - Epoch [6]:               Discriminator GAN loss: 1.3989,               Generator GAN Loss: 0.6934,               Cycle loss: 0.2843,               Semantic Loss: 0.1500,               Task loss: 0.4420
Test Step B - Epoch [6]: 	Accuracy: 14.74%
-----------------------------------------------------------------------------------------------

Train Step B - Epoch [7]:               Discriminator GAN loss: 1.4009,               Generator GAN Loss: 0.6963,               Cycle loss: 0.2602,               Semantic Loss: 0.1058,               Task loss: 0.3919
Test Step B - Epoch [7]: 	Accuracy: 14.98%
-----------------------------------------------------------------------------------------------

Train Step B - Epoch [8]:               Discriminator GAN loss: 1.3943,               Generator GAN Loss: 0.6935,               Cycle loss: 0.2446,               Semantic Loss: 0.0764,               Task loss: 0.3433
Test Step B - Epoch [8]: 	Accuracy: 14.35%
-----------------------------------------------------------------------------------------------

Train Step B - Epoch [9]:               Discriminator GAN loss: 1.3978,               Generator GAN Loss: 0.6978,               Cycle loss: 0.2335,               Semantic Loss: 0.0624,               Task loss: 0.3115
Test Step B - Epoch [9]: 	Accuracy: 16.75%
-----------------------------------------------------------------------------------------------

Train Step B - Epoch [10]:               Discriminator GAN loss: 1.3910,               Generator GAN Loss: 0.6984,               Cycle loss: 0.2230,               Semantic Loss: 0.0533,               Task loss: 0.2745
Test Step B - Epoch [10]: 	Accuracy: 16.83%
-----------------------------------------------------------------------------------------------

Train Step B - Epoch [11]:               Discriminator GAN loss: 1.3892,               Generator GAN Loss: 0.6974,               Cycle loss: 0.2145,               Semantic Loss: 0.0477,               Task loss: 0.2381
Test Step B - Epoch [11]: 	Accuracy: 17.36%
-----------------------------------------------------------------------------------------------

Train Step B - Epoch [12]:               Discriminator GAN loss: 1.3863,               Generator GAN Loss: 0.7064,               Cycle loss: 0.2059,               Semantic Loss: 0.0461,               Task loss: 0.2134
Test Step B - Epoch [12]: 	Accuracy: 18.53%
-----------------------------------------------------------------------------------------------

Train Step B - Epoch [13]:               Discriminator GAN loss: 1.3910,               Generator GAN Loss: 0.7019,               Cycle loss: 0.1989,               Semantic Loss: 0.0452,               Task loss: 0.1963
Test Step B - Epoch [13]: 	Accuracy: 18.92%
-----------------------------------------------------------------------------------------------

Train Step B - Epoch [14]:               Discriminator GAN loss: 1.3883,               Generator GAN Loss: 0.7046,               Cycle loss: 0.1933,               Semantic Loss: 0.0471,               Task loss: 0.1920
Test Step B - Epoch [14]: 	Accuracy: 20.08%
-----------------------------------------------------------------------------------------------

Train Step B - Epoch [15]:               Discriminator GAN loss: 1.3774,               Generator GAN Loss: 0.7116,               Cycle loss: 0.1858,               Semantic Loss: 0.0439,               Task loss: 0.1713
Test Step B - Epoch [15]: 	Accuracy: 19.65%
-----------------------------------------------------------------------------------------------

Train Step B - Epoch [16]:               Discriminator GAN loss: 1.3855,               Generator GAN Loss: 0.7136,               Cycle loss: 0.1824,               Semantic Loss: 0.0485,               Task loss: 0.1705
Test Step B - Epoch [16]: 	Accuracy: 20.20%
-----------------------------------------------------------------------------------------------

Train Step B - Epoch [17]:               Discriminator GAN loss: 1.3822,               Generator GAN Loss: 0.7115,               Cycle loss: 0.1792,               Semantic Loss: 0.0516,               Task loss: 0.1869
Test Step B - Epoch [17]: 	Accuracy: 21.32%
-----------------------------------------------------------------------------------------------

Train Step B - Epoch [18]:               Discriminator GAN loss: 1.3750,               Generator GAN Loss: 0.7162,               Cycle loss: 0.1732,               Semantic Loss: 0.0483,               Task loss: 0.1582
Test Step B - Epoch [18]: 	Accuracy: 20.70%
-----------------------------------------------------------------------------------------------

Train Step B - Epoch [19]:               Discriminator GAN loss: 1.3770,               Generator GAN Loss: 0.7175,               Cycle loss: 0.1696,               Semantic Loss: 0.0521,               Task loss: 0.1607
Test Step B - Epoch [19]: 	Accuracy: 23.48%
-----------------------------------------------------------------------------------------------

Train Step B - Epoch [20]:               Discriminator GAN loss: 1.3756,               Generator GAN Loss: 0.7168,               Cycle loss: 0.1637,               Semantic Loss: 0.0537,               Task loss: 0.1528
Test Step B - Epoch [20]: 	Accuracy: 23.49%
-----------------------------------------------------------------------------------------------

Train Step B - Epoch [21]:               Discriminator GAN loss: 1.3753,               Generator GAN Loss: 0.7206,               Cycle loss: 0.1596,               Semantic Loss: 0.0526,               Task loss: 0.1452
Test Step B - Epoch [21]: 	Accuracy: 23.70%
-----------------------------------------------------------------------------------------------

Train Step B - Epoch [22]:               Discriminator GAN loss: 1.3708,               Generator GAN Loss: 0.7244,               Cycle loss: 0.1539,               Semantic Loss: 0.0601,               Task loss: 0.1409
Test Step B - Epoch [22]: 	Accuracy: 24.28%
-----------------------------------------------------------------------------------------------

Train Step B - Epoch [23]:               Discriminator GAN loss: 1.3682,               Generator GAN Loss: 0.7270,               Cycle loss: 0.1486,               Semantic Loss: 0.0556,               Task loss: 0.1447
Test Step B - Epoch [23]: 	Accuracy: 24.32%
-----------------------------------------------------------------------------------------------

Train Step B - Epoch [24]:               Discriminator GAN loss: 1.3639,               Generator GAN Loss: 0.7280,               Cycle loss: 0.1447,               Semantic Loss: 0.0624,               Task loss: 0.1315
Test Step B - Epoch [24]: 	Accuracy: 25.75%
-----------------------------------------------------------------------------------------------

Train Step B - Epoch [25]:               Discriminator GAN loss: 1.3621,               Generator GAN Loss: 0.7283,               Cycle loss: 0.1424,               Semantic Loss: 0.0628,               Task loss: 0.1116
Test Step B - Epoch [25]: 	Accuracy: 27.44%
-----------------------------------------------------------------------------------------------

Train Step B - Epoch [26]:               Discriminator GAN loss: 1.3661,               Generator GAN Loss: 0.7345,               Cycle loss: 0.1394,               Semantic Loss: 0.0629,               Task loss: 0.1127
Test Step B - Epoch [26]: 	Accuracy: 26.69%
-----------------------------------------------------------------------------------------------

Train Step B - Epoch [27]:               Discriminator GAN loss: 1.3626,               Generator GAN Loss: 0.7378,               Cycle loss: 0.1372,               Semantic Loss: 0.0658,               Task loss: 0.1177
Test Step B - Epoch [27]: 	Accuracy: 27.95%
-----------------------------------------------------------------------------------------------

Train Step B - Epoch [28]:               Discriminator GAN loss: 1.3675,               Generator GAN Loss: 0.7305,               Cycle loss: 0.1348,               Semantic Loss: 0.0634,               Task loss: 0.1062
Test Step B - Epoch [28]: 	Accuracy: 28.92%
-----------------------------------------------------------------------------------------------

Train Step B - Epoch [29]:               Discriminator GAN loss: 1.3556,               Generator GAN Loss: 0.7331,               Cycle loss: 0.1326,               Semantic Loss: 0.0710,               Task loss: 0.1122
Test Step B - Epoch [29]: 	Accuracy: 27.52%
-----------------------------------------------------------------------------------------------

Train Step B - Epoch [30]:               Discriminator GAN loss: 1.3582,               Generator GAN Loss: 0.7396,               Cycle loss: 0.1315,               Semantic Loss: 0.0713,               Task loss: 0.0988
Test Step B - Epoch [30]: 	Accuracy: 29.48%
-----------------------------------------------------------------------------------------------

Train Step B - Epoch [31]:               Discriminator GAN loss: 1.3461,               Generator GAN Loss: 0.7417,               Cycle loss: 0.1314,               Semantic Loss: 0.0780,               Task loss: 0.1011
Test Step B - Epoch [31]: 	Accuracy: 29.42%
-----------------------------------------------------------------------------------------------

Train Step B - Epoch [32]:               Discriminator GAN loss: 1.3593,               Generator GAN Loss: 0.7466,               Cycle loss: 0.1282,               Semantic Loss: 0.0768,               Task loss: 0.1139
Test Step B - Epoch [32]: 	Accuracy: 30.04%
-----------------------------------------------------------------------------------------------

Train Step B - Epoch [33]:               Discriminator GAN loss: 1.3483,               Generator GAN Loss: 0.7446,               Cycle loss: 0.1276,               Semantic Loss: 0.0812,               Task loss: 0.0903
Test Step B - Epoch [33]: 	Accuracy: 28.72%
-----------------------------------------------------------------------------------------------

Train Step B - Epoch [34]:               Discriminator GAN loss: 1.3457,               Generator GAN Loss: 0.7507,               Cycle loss: 0.1267,               Semantic Loss: 0.0864,               Task loss: 0.1059
Test Step B - Epoch [34]: 	Accuracy: 29.53%
-----------------------------------------------------------------------------------------------

Train Step B - Epoch [35]:               Discriminator GAN loss: 1.3460,               Generator GAN Loss: 0.7477,               Cycle loss: 0.1245,               Semantic Loss: 0.0792,               Task loss: 0.0922
Test Step B - Epoch [35]: 	Accuracy: 32.14%
-----------------------------------------------------------------------------------------------

Train Step B - Epoch [36]:               Discriminator GAN loss: 1.3467,               Generator GAN Loss: 0.7481,               Cycle loss: 0.1246,               Semantic Loss: 0.0879,               Task loss: 0.0954
Test Step B - Epoch [36]: 	Accuracy: 30.65%
-----------------------------------------------------------------------------------------------

Train Step B - Epoch [37]:               Discriminator GAN loss: 1.3511,               Generator GAN Loss: 0.7481,               Cycle loss: 0.1226,               Semantic Loss: 0.0944,               Task loss: 0.1068
Test Step B - Epoch [37]: 	Accuracy: 33.11%
-----------------------------------------------------------------------------------------------

Train Step B - Epoch [38]:               Discriminator GAN loss: 1.3437,               Generator GAN Loss: 0.7605,               Cycle loss: 0.1227,               Semantic Loss: 0.0807,               Task loss: 0.0910
Test Step B - Epoch [38]: 	Accuracy: 32.83%
-----------------------------------------------------------------------------------------------

Train Step B - Epoch [39]:               Discriminator GAN loss: 1.3446,               Generator GAN Loss: 0.7534,               Cycle loss: 0.1207,               Semantic Loss: 0.0887,               Task loss: 0.0887
Test Step B - Epoch [39]: 	Accuracy: 34.12%
-----------------------------------------------------------------------------------------------

Train Step B - Epoch [40]:               Discriminator GAN loss: 1.3448,               Generator GAN Loss: 0.7478,               Cycle loss: 0.1200,               Semantic Loss: 0.0936,               Task loss: 0.0882
Test Step B - Epoch [40]: 	Accuracy: 34.58%
-----------------------------------------------------------------------------------------------

Train Step B - Epoch [41]:               Discriminator GAN loss: 1.3431,               Generator GAN Loss: 0.7561,               Cycle loss: 0.1180,               Semantic Loss: 0.0954,               Task loss: 0.0904
Test Step B - Epoch [41]: 	Accuracy: 36.14%
-----------------------------------------------------------------------------------------------

Train Step B - Epoch [42]:               Discriminator GAN loss: 1.3418,               Generator GAN Loss: 0.7660,               Cycle loss: 0.1170,               Semantic Loss: 0.0937,               Task loss: 0.1023
Test Step B - Epoch [42]: 	Accuracy: 35.70%
-----------------------------------------------------------------------------------------------

Train Step B - Epoch [43]:               Discriminator GAN loss: 1.3347,               Generator GAN Loss: 0.7584,               Cycle loss: 0.1178,               Semantic Loss: 0.0976,               Task loss: 0.0937
Test Step B - Epoch [43]: 	Accuracy: 35.03%
-----------------------------------------------------------------------------------------------

Train Step B - Epoch [44]:               Discriminator GAN loss: 1.3335,               Generator GAN Loss: 0.7692,               Cycle loss: 0.1152,               Semantic Loss: 0.0916,               Task loss: 0.0951
Test Step B - Epoch [44]: 	Accuracy: 32.07%
-----------------------------------------------------------------------------------------------

Train Step B - Epoch [45]:               Discriminator GAN loss: 1.3348,               Generator GAN Loss: 0.7558,               Cycle loss: 0.1146,               Semantic Loss: 0.1035,               Task loss: 0.0803
Test Step B - Epoch [45]: 	Accuracy: 36.18%
-----------------------------------------------------------------------------------------------

Train Step B - Epoch [46]:               Discriminator GAN loss: 1.3370,               Generator GAN Loss: 0.7665,               Cycle loss: 0.1144,               Semantic Loss: 0.0979,               Task loss: 0.0896
Test Step B - Epoch [46]: 	Accuracy: 35.52%
-----------------------------------------------------------------------------------------------

Train Step B - Epoch [47]:               Discriminator GAN loss: 1.3414,               Generator GAN Loss: 0.7650,               Cycle loss: 0.1130,               Semantic Loss: 0.1018,               Task loss: 0.1084
Test Step B - Epoch [47]: 	Accuracy: 35.10%
-----------------------------------------------------------------------------------------------

Train Step B - Epoch [48]:               Discriminator GAN loss: 1.3341,               Generator GAN Loss: 0.7561,               Cycle loss: 0.1121,               Semantic Loss: 0.0988,               Task loss: 0.1041
Test Step B - Epoch [48]: 	Accuracy: 34.82%
-----------------------------------------------------------------------------------------------

Train Step B - Epoch [49]:               Discriminator GAN loss: 1.3412,               Generator GAN Loss: 0.7605,               Cycle loss: 0.1139,               Semantic Loss: 0.1038,               Task loss: 0.0946
Test Step B - Epoch [49]: 	Accuracy: 38.32%
-----------------------------------------------------------------------------------------------

Train Step B - Epoch [50]:               Discriminator GAN loss: 1.3370,               Generator GAN Loss: 0.7560,               Cycle loss: 0.1093,               Semantic Loss: 0.1057,               Task loss: 0.0769
Test Step B - Epoch [50]: 	Accuracy: 38.07%
-----------------------------------------------------------------------------------------------

Train Step B - Epoch [51]:               Discriminator GAN loss: 1.3360,               Generator GAN Loss: 0.7601,               Cycle loss: 0.1098,               Semantic Loss: 0.1008,               Task loss: 0.0835
Test Step B - Epoch [51]: 	Accuracy: 36.46%
-----------------------------------------------------------------------------------------------

Train Step B - Epoch [52]:               Discriminator GAN loss: 1.3388,               Generator GAN Loss: 0.7540,               Cycle loss: 0.1105,               Semantic Loss: 0.0987,               Task loss: 0.0949
Test Step B - Epoch [52]: 	Accuracy: 37.29%
-----------------------------------------------------------------------------------------------

Train Step B - Epoch [53]:               Discriminator GAN loss: 1.3359,               Generator GAN Loss: 0.7702,               Cycle loss: 0.1072,               Semantic Loss: 0.1038,               Task loss: 0.0825
Test Step B - Epoch [53]: 	Accuracy: 37.95%
-----------------------------------------------------------------------------------------------

Train Step B - Epoch [54]:               Discriminator GAN loss: 1.3349,               Generator GAN Loss: 0.7642,               Cycle loss: 0.1100,               Semantic Loss: 0.1070,               Task loss: 0.0963
Test Step B - Epoch [54]: 	Accuracy: 37.32%
-----------------------------------------------------------------------------------------------

Train Step B - Epoch [55]:               Discriminator GAN loss: 1.3267,               Generator GAN Loss: 0.7685,               Cycle loss: 0.1064,               Semantic Loss: 0.0988,               Task loss: 0.1146
Test Step B - Epoch [55]: 	Accuracy: 37.64%
-----------------------------------------------------------------------------------------------

Train Step B - Epoch [56]:               Discriminator GAN loss: 1.3246,               Generator GAN Loss: 0.7693,               Cycle loss: 0.1073,               Semantic Loss: 0.0995,               Task loss: 0.0814
Test Step B - Epoch [56]: 	Accuracy: 37.07%
-----------------------------------------------------------------------------------------------

Train Step B - Epoch [57]:               Discriminator GAN loss: 1.3337,               Generator GAN Loss: 0.7642,               Cycle loss: 0.1056,               Semantic Loss: 0.0915,               Task loss: 0.0707
Test Step B - Epoch [57]: 	Accuracy: 39.29%
-----------------------------------------------------------------------------------------------

Train Step B - Epoch [58]:               Discriminator GAN loss: 1.3481,               Generator GAN Loss: 0.7641,               Cycle loss: 0.1052,               Semantic Loss: 0.1086,               Task loss: 0.0673
Test Step B - Epoch [58]: 	Accuracy: 39.49%
-----------------------------------------------------------------------------------------------

Train Step B - Epoch [59]:               Discriminator GAN loss: 1.3277,               Generator GAN Loss: 0.7563,               Cycle loss: 0.1059,               Semantic Loss: 0.0949,               Task loss: 0.0689
Test Step B - Epoch [59]: 	Accuracy: 38.99%
-----------------------------------------------------------------------------------------------

Train Step B - Epoch [60]:               Discriminator GAN loss: 1.3279,               Generator GAN Loss: 0.7788,               Cycle loss: 0.1037,               Semantic Loss: 0.1054,               Task loss: 0.0781
Test Step B - Epoch [60]: 	Accuracy: 40.50%
-----------------------------------------------------------------------------------------------

Train Step B - Epoch [61]:               Discriminator GAN loss: 1.3454,               Generator GAN Loss: 0.7564,               Cycle loss: 0.1050,               Semantic Loss: 0.0955,               Task loss: 0.0834
Test Step B - Epoch [61]: 	Accuracy: 36.03%
-----------------------------------------------------------------------------------------------

Train Step B - Epoch [62]:               Discriminator GAN loss: 1.3267,               Generator GAN Loss: 0.7662,               Cycle loss: 0.1017,               Semantic Loss: 0.0893,               Task loss: 0.0717
Test Step B - Epoch [62]: 	Accuracy: 40.77%
-----------------------------------------------------------------------------------------------

Train Step B - Epoch [63]:               Discriminator GAN loss: 1.3330,               Generator GAN Loss: 0.7600,               Cycle loss: 0.1038,               Semantic Loss: 0.1058,               Task loss: 0.0771
Test Step B - Epoch [63]: 	Accuracy: 38.18%
-----------------------------------------------------------------------------------------------

Train Step B - Epoch [64]:               Discriminator GAN loss: 1.3292,               Generator GAN Loss: 0.7735,               Cycle loss: 0.1005,               Semantic Loss: 0.0936,               Task loss: 0.0810
Test Step B - Epoch [64]: 	Accuracy: 39.21%
-----------------------------------------------------------------------------------------------

Train Step B - Epoch [65]:               Discriminator GAN loss: 1.3182,               Generator GAN Loss: 0.7777,               Cycle loss: 0.1011,               Semantic Loss: 0.1010,               Task loss: 0.0521
Test Step B - Epoch [65]: 	Accuracy: 39.61%
-----------------------------------------------------------------------------------------------

Train Step B - Epoch [66]:               Discriminator GAN loss: 1.3355,               Generator GAN Loss: 0.7635,               Cycle loss: 0.1020,               Semantic Loss: 0.0975,               Task loss: 0.0787
Test Step B - Epoch [66]: 	Accuracy: 40.25%
-----------------------------------------------------------------------------------------------

Train Step B - Epoch [67]:               Discriminator GAN loss: 1.3228,               Generator GAN Loss: 0.7657,               Cycle loss: 0.0992,               Semantic Loss: 0.0927,               Task loss: 0.0546
Test Step B - Epoch [67]: 	Accuracy: 40.05%
-----------------------------------------------------------------------------------------------

Train Step B - Epoch [68]:               Discriminator GAN loss: 1.3350,               Generator GAN Loss: 0.7597,               Cycle loss: 0.0975,               Semantic Loss: 0.0971,               Task loss: 0.0558
Test Step B - Epoch [68]: 	Accuracy: 38.69%
-----------------------------------------------------------------------------------------------

Train Step B - Epoch [69]:               Discriminator GAN loss: 1.3337,               Generator GAN Loss: 0.7580,               Cycle loss: 0.1001,               Semantic Loss: 0.0983,               Task loss: 0.0783
Test Step B - Epoch [69]: 	Accuracy: 37.00%
-----------------------------------------------------------------------------------------------

Train Step B - Epoch [70]:               Discriminator GAN loss: 1.3244,               Generator GAN Loss: 0.7808,               Cycle loss: 0.0972,               Semantic Loss: 0.0946,               Task loss: 0.0634
Test Step B - Epoch [70]: 	Accuracy: 39.78%
-----------------------------------------------------------------------------------------------

Train Step B - Epoch [71]:               Discriminator GAN loss: 1.3270,               Generator GAN Loss: 0.7650,               Cycle loss: 0.0969,               Semantic Loss: 0.0918,               Task loss: 0.0705
Test Step B - Epoch [71]: 	Accuracy: 41.48%
-----------------------------------------------------------------------------------------------

Train Step B - Epoch [72]:               Discriminator GAN loss: 1.3274,               Generator GAN Loss: 0.7652,               Cycle loss: 0.0968,               Semantic Loss: 0.1079,               Task loss: 0.0811
Test Step B - Epoch [72]: 	Accuracy: 37.25%
-----------------------------------------------------------------------------------------------

Train Step B - Epoch [73]:               Discriminator GAN loss: 1.3366,               Generator GAN Loss: 0.7675,               Cycle loss: 0.0969,               Semantic Loss: 0.1062,               Task loss: 0.0933
Test Step B - Epoch [73]: 	Accuracy: 38.59%
-----------------------------------------------------------------------------------------------

Train Step B - Epoch [74]:               Discriminator GAN loss: 1.3275,               Generator GAN Loss: 0.7730,               Cycle loss: 0.0951,               Semantic Loss: 0.0878,               Task loss: 0.1128
Test Step B - Epoch [74]: 	Accuracy: 39.15%
-----------------------------------------------------------------------------------------------

Train Step B - Epoch [75]:               Discriminator GAN loss: 1.3460,               Generator GAN Loss: 0.7571,               Cycle loss: 0.0977,               Semantic Loss: 0.0937,               Task loss: 0.0903
Test Step B - Epoch [75]: 	Accuracy: 40.33%
-----------------------------------------------------------------------------------------------

Train Step B - Epoch [76]:               Discriminator GAN loss: 1.3213,               Generator GAN Loss: 0.7654,               Cycle loss: 0.0940,               Semantic Loss: 0.1012,               Task loss: 0.0835
Test Step B - Epoch [76]: 	Accuracy: 41.76%
-----------------------------------------------------------------------------------------------

Train Step B - Epoch [77]:               Discriminator GAN loss: 1.3219,               Generator GAN Loss: 0.7731,               Cycle loss: 0.0936,               Semantic Loss: 0.1031,               Task loss: 0.0466
Test Step B - Epoch [77]: 	Accuracy: 37.68%
-----------------------------------------------------------------------------------------------

Train Step B - Epoch [78]:               Discriminator GAN loss: 1.3246,               Generator GAN Loss: 0.7654,               Cycle loss: 0.0925,               Semantic Loss: 0.0952,               Task loss: 0.0495
Test Step B - Epoch [78]: 	Accuracy: 40.70%
-----------------------------------------------------------------------------------------------

Train Step B - Epoch [79]:               Discriminator GAN loss: 1.3258,               Generator GAN Loss: 0.7660,               Cycle loss: 0.0948,               Semantic Loss: 0.0879,               Task loss: 0.0542
Test Step B - Epoch [79]: 	Accuracy: 40.21%
-----------------------------------------------------------------------------------------------

Train Step B - Epoch [80]:               Discriminator GAN loss: 1.3284,               Generator GAN Loss: 0.7690,               Cycle loss: 0.0940,               Semantic Loss: 0.0991,               Task loss: 0.0529
Test Step B - Epoch [80]: 	Accuracy: 38.05%
-----------------------------------------------------------------------------------------------

Train Step B - Epoch [81]:               Discriminator GAN loss: 1.3275,               Generator GAN Loss: 0.7686,               Cycle loss: 0.0918,               Semantic Loss: 0.1126,               Task loss: 0.0636
Test Step B - Epoch [81]: 	Accuracy: 38.68%
-----------------------------------------------------------------------------------------------

Train Step B - Epoch [82]:               Discriminator GAN loss: 1.3227,               Generator GAN Loss: 0.7794,               Cycle loss: 0.0927,               Semantic Loss: 0.0990,               Task loss: 0.0537
Test Step B - Epoch [82]: 	Accuracy: 41.57%
-----------------------------------------------------------------------------------------------

Train Step B - Epoch [83]:               Discriminator GAN loss: 1.3330,               Generator GAN Loss: 0.7613,               Cycle loss: 0.0918,               Semantic Loss: 0.0920,               Task loss: 0.0593
Test Step B - Epoch [83]: 	Accuracy: 41.73%
-----------------------------------------------------------------------------------------------

Train Step B - Epoch [84]:               Discriminator GAN loss: 1.3269,               Generator GAN Loss: 0.7691,               Cycle loss: 0.0905,               Semantic Loss: 0.0946,               Task loss: 0.0720
Test Step B - Epoch [84]: 	Accuracy: 38.01%
-----------------------------------------------------------------------------------------------

Train Step B - Epoch [85]:               Discriminator GAN loss: 1.3091,               Generator GAN Loss: 0.7730,               Cycle loss: 0.0910,               Semantic Loss: 0.1068,               Task loss: 0.0849
Test Step B - Epoch [85]: 	Accuracy: 40.55%
-----------------------------------------------------------------------------------------------

Train Step B - Epoch [86]:               Discriminator GAN loss: 1.3271,               Generator GAN Loss: 0.7763,               Cycle loss: 0.0918,               Semantic Loss: 0.0991,               Task loss: 0.0811
Test Step B - Epoch [86]: 	Accuracy: 41.10%
-----------------------------------------------------------------------------------------------

Train Step B - Epoch [87]:               Discriminator GAN loss: 1.3201,               Generator GAN Loss: 0.7667,               Cycle loss: 0.0900,               Semantic Loss: 0.1025,               Task loss: 0.0593
Test Step B - Epoch [87]: 	Accuracy: 40.07%
-----------------------------------------------------------------------------------------------

Train Step B - Epoch [88]:               Discriminator GAN loss: 1.3228,               Generator GAN Loss: 0.7775,               Cycle loss: 0.0884,               Semantic Loss: 0.1015,               Task loss: 0.0640
Test Step B - Epoch [88]: 	Accuracy: 39.61%
-----------------------------------------------------------------------------------------------

Train Step B - Epoch [89]:               Discriminator GAN loss: 1.3411,               Generator GAN Loss: 0.7543,               Cycle loss: 0.0918,               Semantic Loss: 0.0929,               Task loss: 0.0680
Test Step B - Epoch [89]: 	Accuracy: 41.51%
-----------------------------------------------------------------------------------------------

Train Step B - Epoch [90]:               Discriminator GAN loss: 1.3270,               Generator GAN Loss: 0.7679,               Cycle loss: 0.0903,               Semantic Loss: 0.1020,               Task loss: 0.0871
Test Step B - Epoch [90]: 	Accuracy: 40.61%
-----------------------------------------------------------------------------------------------

Train Step B - Epoch [91]:               Discriminator GAN loss: 1.3242,               Generator GAN Loss: 0.7678,               Cycle loss: 0.0878,               Semantic Loss: 0.1066,               Task loss: 0.0601
Test Step B - Epoch [91]: 	Accuracy: 39.01%
-----------------------------------------------------------------------------------------------

Train Step B - Epoch [92]:               Discriminator GAN loss: 1.3375,               Generator GAN Loss: 0.7768,               Cycle loss: 0.0908,               Semantic Loss: 0.1016,               Task loss: 0.0644
Test Step B - Epoch [92]: 	Accuracy: 39.41%
-----------------------------------------------------------------------------------------------

Train Step B - Epoch [93]:               Discriminator GAN loss: 1.3327,               Generator GAN Loss: 0.7543,               Cycle loss: 0.0873,               Semantic Loss: 0.0998,               Task loss: 0.0591
Test Step B - Epoch [93]: 	Accuracy: 39.19%
-----------------------------------------------------------------------------------------------

Train Step B - Epoch [94]:               Discriminator GAN loss: 1.3137,               Generator GAN Loss: 0.7750,               Cycle loss: 0.0869,               Semantic Loss: 0.0995,               Task loss: 0.0616
Test Step B - Epoch [94]: 	Accuracy: 39.71%
-----------------------------------------------------------------------------------------------

Train Step B - Epoch [95]:               Discriminator GAN loss: 1.3189,               Generator GAN Loss: 0.7711,               Cycle loss: 0.0903,               Semantic Loss: 0.1064,               Task loss: 0.0590
Test Step B - Epoch [95]: 	Accuracy: 39.23%
-----------------------------------------------------------------------------------------------

Train Step B - Epoch [96]:               Discriminator GAN loss: 1.3271,               Generator GAN Loss: 0.7719,               Cycle loss: 0.0869,               Semantic Loss: 0.1072,               Task loss: 0.0464
Test Step B - Epoch [96]: 	Accuracy: 37.02%
-----------------------------------------------------------------------------------------------

Train Step B - Epoch [97]:               Discriminator GAN loss: 1.3248,               Generator GAN Loss: 0.7732,               Cycle loss: 0.0891,               Semantic Loss: 0.0943,               Task loss: 0.0599
Test Step B - Epoch [97]: 	Accuracy: 40.81%
-----------------------------------------------------------------------------------------------

Train Step B - Epoch [98]:               Discriminator GAN loss: 1.3263,               Generator GAN Loss: 0.7735,               Cycle loss: 0.0857,               Semantic Loss: 0.1011,               Task loss: 0.0510
Test Step B - Epoch [98]: 	Accuracy: 40.20%
-----------------------------------------------------------------------------------------------

Train Step B - Epoch [99]:               Discriminator GAN loss: 1.3136,               Generator GAN Loss: 0.7739,               Cycle loss: 0.0846,               Semantic Loss: 0.1048,               Task loss: 0.0689
Test Step B - Epoch [99]: 	Accuracy: 40.64%
-----------------------------------------------------------------------------------------------

Train Step B - Epoch [100]:               Discriminator GAN loss: 1.3211,               Generator GAN Loss: 0.7752,               Cycle loss: 0.0877,               Semantic Loss: 0.0931,               Task loss: 0.0583
Test Step B - Epoch [100]: 	Accuracy: 39.65%
-----------------------------------------------------------------------------------------------

The process took 284.0187869866689 minutes to complete.
