Using downloaded and verified file: ./data/SVHN/raw/train_32x32.mat
Using downloaded and verified file: ./data/SVHN/raw/test_32x32.mat
Using device cuda
Training starts
Epoch [1/40] starts
Iteration 50: Loss_G: 2.2088, Loss_D: 0.2025
Iteration 100: Loss_G: 1.5603, Loss_D: 0.2116
Iteration 150: Loss_G: 1.5438, Loss_D: 0.2059
Iteration 200: Loss_G: 1.5698, Loss_D: 0.1993
Iteration 250: Loss_G: 1.5650, Loss_D: 0.2001
Iteration 300: Loss_G: 1.5906, Loss_D: 0.2003
Iteration 350: Loss_G: 1.5511, Loss_D: 0.2034
Iteration 400: Loss_G: 1.5201, Loss_D: 0.1976
Iteration 450: Loss_G: 1.4741, Loss_D: 0.2016
Iteration 500: Loss_G: 1.5706, Loss_D: 0.1966
Iteration 550: Loss_G: 1.5547, Loss_D: 0.2010
Iteration 600: Loss_G: 1.5419, Loss_D: 0.1983
Iteration 650: Loss_G: 1.5065, Loss_D: 0.2011
Iteration 700: Loss_G: 1.5276, Loss_D: 0.2010
Iteration 750: Loss_G: 1.5803, Loss_D: 0.1982
Iteration 800: Loss_G: 1.4726, Loss_D: 0.2022
Iteration 850: Loss_G: 1.5435, Loss_D: 0.1986
Iteration 900: Loss_G: 1.5297, Loss_D: 0.1988
Iteration 950: Loss_G: 1.5468, Loss_D: 0.1998
Iteration 1000: Loss_G: 1.5622, Loss_D: 0.1975
Iteration 1050: Loss_G: 1.5483, Loss_D: 0.1981
Iteration 1100: Loss_G: 1.5474, Loss_D: 0.1990
Iteration 1150: Loss_G: 1.5420, Loss_D: 0.1986
Iteration 1200: Loss_G: 1.5696, Loss_D: 0.1960
Epoch [1/40], Loss_G: 1.2867, Loss_D: 0.2003
Epoch [2/40] starts
Iteration 50: Loss_G: 1.5787, Loss_D: 0.1933
Iteration 100: Loss_G: 1.5723, Loss_D: 0.1971
Iteration 150: Loss_G: 1.5462, Loss_D: 0.1980
Iteration 200: Loss_G: 1.5615, Loss_D: 0.2004
Iteration 250: Loss_G: 1.5705, Loss_D: 0.1930
Iteration 300: Loss_G: 1.5555, Loss_D: 0.1955
Iteration 350: Loss_G: 1.5171, Loss_D: 0.1960
Iteration 400: Loss_G: 1.6199, Loss_D: 0.1885
Iteration 450: Loss_G: 1.5953, Loss_D: 0.1936
Iteration 500: Loss_G: 1.5703, Loss_D: 0.1965
Iteration 550: Loss_G: 1.5494, Loss_D: 0.1970
Iteration 600: Loss_G: 1.5563, Loss_D: 0.2008
Iteration 650: Loss_G: 1.5256, Loss_D: 0.1960
Iteration 700: Loss_G: 1.5359, Loss_D: 0.1912
Iteration 750: Loss_G: 1.5517, Loss_D: 0.1962
Iteration 800: Loss_G: 1.5357, Loss_D: 0.1970
Iteration 850: Loss_G: 1.5094, Loss_D: 0.1986
Iteration 900: Loss_G: 1.5320, Loss_D: 0.1951
Iteration 950: Loss_G: 1.5334, Loss_D: 0.1984
Iteration 1000: Loss_G: 1.5050, Loss_D: 0.1985
Iteration 1050: Loss_G: 1.5433, Loss_D: 0.1960
Iteration 1100: Loss_G: 1.5560, Loss_D: 0.1954
Iteration 1150: Loss_G: 1.5229, Loss_D: 0.1962
Iteration 1200: Loss_G: 1.4867, Loss_D: 0.1997
Epoch [2/40], Loss_G: 1.2664, Loss_D: 0.1962
Epoch [3/40] starts
Iteration 50: Loss_G: 1.5014, Loss_D: 0.1920
Iteration 100: Loss_G: 1.5492, Loss_D: 0.1963
Iteration 150: Loss_G: 1.4990, Loss_D: 0.1965
Iteration 200: Loss_G: 1.5199, Loss_D: 0.1917
Iteration 250: Loss_G: 1.5131, Loss_D: 0.1915
Iteration 300: Loss_G: 1.5252, Loss_D: 0.1920
Iteration 350: Loss_G: 1.5199, Loss_D: 0.1966
Iteration 400: Loss_G: 1.5235, Loss_D: 0.2006
Iteration 450: Loss_G: 1.4723, Loss_D: 0.2003
Iteration 500: Loss_G: 1.4645, Loss_D: 0.1974
Iteration 550: Loss_G: 1.5167, Loss_D: 0.1930
Iteration 600: Loss_G: 1.4873, Loss_D: 0.1946
Iteration 650: Loss_G: 1.4958, Loss_D: 0.2004
Iteration 700: Loss_G: 1.4921, Loss_D: 0.1950
Iteration 750: Loss_G: 1.4577, Loss_D: 0.2032
Iteration 800: Loss_G: 1.4554, Loss_D: 0.2039
Iteration 850: Loss_G: 1.4361, Loss_D: 0.2032
Iteration 900: Loss_G: 1.4640, Loss_D: 0.1995
Iteration 950: Loss_G: 1.4216, Loss_D: 0.2036
Iteration 1000: Loss_G: 1.4347, Loss_D: 0.2051
Iteration 1050: Loss_G: 1.4471, Loss_D: 0.1981
Iteration 1100: Loss_G: 1.4836, Loss_D: 0.1993
Iteration 1150: Loss_G: 1.4844, Loss_D: 0.1961
Iteration 1200: Loss_G: 1.4509, Loss_D: 0.1997
Epoch [3/40], Loss_G: 1.2147, Loss_D: 0.1979
Epoch [4/40] starts
Iteration 50: Loss_G: 1.4434, Loss_D: 0.2026
Iteration 100: Loss_G: 1.5224, Loss_D: 0.1890
Iteration 150: Loss_G: 1.4744, Loss_D: 0.1965
Iteration 200: Loss_G: 1.4592, Loss_D: 0.2019
Iteration 250: Loss_G: 1.4045, Loss_D: 0.2049
Iteration 300: Loss_G: 1.4369, Loss_D: 0.2002
Iteration 350: Loss_G: 1.4269, Loss_D: 0.1930
Iteration 400: Loss_G: 1.4410, Loss_D: 0.1973
Iteration 450: Loss_G: 1.4527, Loss_D: 0.1973
Iteration 500: Loss_G: 1.4896, Loss_D: 0.1961
Iteration 550: Loss_G: 1.4193, Loss_D: 0.2041
Iteration 600: Loss_G: 1.4346, Loss_D: 0.2010
Iteration 650: Loss_G: 1.4228, Loss_D: 0.1970
Iteration 700: Loss_G: 1.4748, Loss_D: 0.1981
Iteration 750: Loss_G: 1.4154, Loss_D: 0.2005
Iteration 800: Loss_G: 1.4263, Loss_D: 0.2049
Iteration 850: Loss_G: 1.4159, Loss_D: 0.2032
Iteration 900: Loss_G: 1.3898, Loss_D: 0.1994
Iteration 950: Loss_G: 1.3864, Loss_D: 0.2021
Iteration 1000: Loss_G: 1.4278, Loss_D: 0.1977
Iteration 1050: Loss_G: 1.4378, Loss_D: 0.2026
Iteration 1100: Loss_G: 1.4088, Loss_D: 0.1986
Iteration 1150: Loss_G: 1.4020, Loss_D: 0.2061
Iteration 1200: Loss_G: 1.3812, Loss_D: 0.2016
Epoch [4/40], Loss_G: 1.1731, Loss_D: 0.1998
Epoch [5/40] starts
Iteration 50: Loss_G: 1.4188, Loss_D: 0.1972
Iteration 100: Loss_G: 1.4056, Loss_D: 0.2007
Iteration 150: Loss_G: 1.4292, Loss_D: 0.1924
Iteration 200: Loss_G: 1.4232, Loss_D: 0.2006
Iteration 250: Loss_G: 1.4484, Loss_D: 0.1947
Iteration 300: Loss_G: 1.4293, Loss_D: 0.1993
Iteration 350: Loss_G: 1.3930, Loss_D: 0.1999
Iteration 400: Loss_G: 1.4004, Loss_D: 0.1959
Iteration 450: Loss_G: 1.4254, Loss_D: 0.1990
Iteration 500: Loss_G: 1.4001, Loss_D: 0.2015
Iteration 550: Loss_G: 1.4239, Loss_D: 0.2013
Iteration 600: Loss_G: 1.4359, Loss_D: 0.1992
Iteration 650: Loss_G: 1.4239, Loss_D: 0.1953
Iteration 700: Loss_G: 1.4090, Loss_D: 0.1973
Iteration 750: Loss_G: 1.4387, Loss_D: 0.1962
Iteration 800: Loss_G: 1.3894, Loss_D: 0.2042
Iteration 850: Loss_G: 1.3924, Loss_D: 0.1995
Iteration 900: Loss_G: 1.3861, Loss_D: 0.1997
Iteration 950: Loss_G: 1.3919, Loss_D: 0.2010
Iteration 1000: Loss_G: 1.4219, Loss_D: 0.1998
Iteration 1050: Loss_G: 1.3891, Loss_D: 0.2014
Iteration 1100: Loss_G: 1.3835, Loss_D: 0.2023
Iteration 1150: Loss_G: 1.3499, Loss_D: 0.2025
Iteration 1200: Loss_G: 1.3504, Loss_D: 0.2033
Epoch [5/40], Loss_G: 1.1514, Loss_D: 0.1993
Epoch [6/40] starts
Iteration 50: Loss_G: 1.4037, Loss_D: 0.1972
Iteration 100: Loss_G: 1.3734, Loss_D: 0.2033
Iteration 150: Loss_G: 1.3795, Loss_D: 0.1991
Iteration 200: Loss_G: 1.3900, Loss_D: 0.1981
Iteration 250: Loss_G: 1.3841, Loss_D: 0.1973
Iteration 300: Loss_G: 1.3625, Loss_D: 0.1989
Iteration 350: Loss_G: 1.3634, Loss_D: 0.1996
Iteration 400: Loss_G: 1.3873, Loss_D: 0.1945
Iteration 450: Loss_G: 1.3665, Loss_D: 0.2022
Iteration 500: Loss_G: 1.3916, Loss_D: 0.1998
Iteration 550: Loss_G: 1.3377, Loss_D: 0.2025
Iteration 600: Loss_G: 1.3922, Loss_D: 0.2019
Iteration 650: Loss_G: 1.3562, Loss_D: 0.2033
Iteration 700: Loss_G: 1.3982, Loss_D: 0.1989
Iteration 750: Loss_G: 1.3807, Loss_D: 0.2026
Iteration 800: Loss_G: 1.3292, Loss_D: 0.2046
Iteration 850: Loss_G: 1.3563, Loss_D: 0.2054
Iteration 900: Loss_G: 1.3511, Loss_D: 0.2004
Iteration 950: Loss_G: 1.3521, Loss_D: 0.2031
Iteration 1000: Loss_G: 1.3745, Loss_D: 0.2020
Iteration 1050: Loss_G: 1.3700, Loss_D: 0.1984
Iteration 1100: Loss_G: 1.3928, Loss_D: 0.1985
Iteration 1150: Loss_G: 1.3814, Loss_D: 0.2038
Iteration 1200: Loss_G: 1.3884, Loss_D: 0.2031
Epoch [6/40], Loss_G: 1.1242, Loss_D: 0.2008
Epoch [7/40] starts
Iteration 50: Loss_G: 1.3758, Loss_D: 0.1965
Iteration 100: Loss_G: 1.3734, Loss_D: 0.1946
Iteration 150: Loss_G: 1.3789, Loss_D: 0.1964
Iteration 200: Loss_G: 1.3730, Loss_D: 0.2038
Iteration 250: Loss_G: 1.3857, Loss_D: 0.2004
Iteration 300: Loss_G: 1.3865, Loss_D: 0.1975
Iteration 350: Loss_G: 1.3752, Loss_D: 0.2028
Iteration 400: Loss_G: 1.3430, Loss_D: 0.1992
Iteration 450: Loss_G: 1.3895, Loss_D: 0.1959
Iteration 500: Loss_G: 1.3755, Loss_D: 0.2032
Iteration 550: Loss_G: 1.3416, Loss_D: 0.2009
Iteration 600: Loss_G: 1.3919, Loss_D: 0.2043
Iteration 650: Loss_G: 1.3514, Loss_D: 0.2014
Iteration 700: Loss_G: 1.3697, Loss_D: 0.1981
Iteration 750: Loss_G: 1.3989, Loss_D: 0.1997
Iteration 800: Loss_G: 1.3958, Loss_D: 0.1952
Iteration 850: Loss_G: 1.3713, Loss_D: 0.1987
Iteration 900: Loss_G: 1.4013, Loss_D: 0.1996
Iteration 950: Loss_G: 1.3617, Loss_D: 0.2016
Iteration 1000: Loss_G: 1.3726, Loss_D: 0.2006
Iteration 1050: Loss_G: 1.3405, Loss_D: 0.2044
Iteration 1100: Loss_G: 1.3592, Loss_D: 0.2006
Iteration 1150: Loss_G: 1.3449, Loss_D: 0.2059
Iteration 1200: Loss_G: 1.3313, Loss_D: 0.2035
Epoch [7/40], Loss_G: 1.1217, Loss_D: 0.2002
Epoch [8/40] starts
Iteration 50: Loss_G: 1.3590, Loss_D: 0.1997
Iteration 100: Loss_G: 1.3547, Loss_D: 0.1987
Iteration 150: Loss_G: 1.3849, Loss_D: 0.1991
Iteration 200: Loss_G: 1.3510, Loss_D: 0.1957
Iteration 250: Loss_G: 1.3705, Loss_D: 0.2015
Iteration 300: Loss_G: 1.3887, Loss_D: 0.1976
Iteration 350: Loss_G: 1.3556, Loss_D: 0.2023
Iteration 400: Loss_G: 1.3567, Loss_D: 0.2016
Iteration 450: Loss_G: 1.3846, Loss_D: 0.1978
Iteration 500: Loss_G: 1.3761, Loss_D: 0.1997
Iteration 550: Loss_G: 1.3826, Loss_D: 0.1967
Iteration 600: Loss_G: 1.3721, Loss_D: 0.1979
Iteration 650: Loss_G: 1.3825, Loss_D: 0.2000
Iteration 700: Loss_G: 1.4360, Loss_D: 0.1966
Iteration 750: Loss_G: 1.3804, Loss_D: 0.2014
Iteration 800: Loss_G: 1.3397, Loss_D: 0.2015
Iteration 850: Loss_G: 1.3383, Loss_D: 0.1993
Iteration 900: Loss_G: 1.3556, Loss_D: 0.1995
Iteration 950: Loss_G: 1.3306, Loss_D: 0.2034
Iteration 1000: Loss_G: 1.3550, Loss_D: 0.2028
Iteration 1050: Loss_G: 1.3444, Loss_D: 0.2016
Iteration 1100: Loss_G: 1.3602, Loss_D: 0.2021
Iteration 1150: Loss_G: 1.3063, Loss_D: 0.2043
Iteration 1200: Loss_G: 1.3417, Loss_D: 0.2052
Epoch [8/40], Loss_G: 1.1155, Loss_D: 0.2003
Epoch [9/40] starts
Iteration 50: Loss_G: 1.3696, Loss_D: 0.1989
Iteration 100: Loss_G: 1.3208, Loss_D: 0.2014
Iteration 150: Loss_G: 1.3689, Loss_D: 0.1958
Iteration 200: Loss_G: 1.3446, Loss_D: 0.1992
Iteration 250: Loss_G: 1.3638, Loss_D: 0.1956
Iteration 300: Loss_G: 1.3940, Loss_D: 0.1979
Iteration 350: Loss_G: 1.3832, Loss_D: 0.1991
Iteration 400: Loss_G: 1.3580, Loss_D: 0.1991
Iteration 450: Loss_G: 1.3442, Loss_D: 0.2005
Iteration 500: Loss_G: 1.3323, Loss_D: 0.1984
Iteration 550: Loss_G: 1.3509, Loss_D: 0.1979
Iteration 600: Loss_G: 1.3624, Loss_D: 0.2017
Iteration 650: Loss_G: 1.3452, Loss_D: 0.2001
Iteration 700: Loss_G: 1.3457, Loss_D: 0.2020
Iteration 750: Loss_G: 1.3557, Loss_D: 0.2020
Iteration 800: Loss_G: 1.3354, Loss_D: 0.1954
Iteration 850: Loss_G: 1.3595, Loss_D: 0.1968
Iteration 900: Loss_G: 1.3701, Loss_D: 0.1980
Iteration 950: Loss_G: 1.3241, Loss_D: 0.2028
Iteration 1000: Loss_G: 1.3519, Loss_D: 0.2012
Iteration 1050: Loss_G: 1.3414, Loss_D: 0.2031
Iteration 1100: Loss_G: 1.3482, Loss_D: 0.1967
Iteration 1150: Loss_G: 1.3805, Loss_D: 0.1977
Iteration 1200: Loss_G: 1.3386, Loss_D: 0.1997
Epoch [9/40], Loss_G: 1.1081, Loss_D: 0.1992
Epoch [10/40] starts
Iteration 50: Loss_G: 1.3583, Loss_D: 0.1954
Iteration 100: Loss_G: 1.3682, Loss_D: 0.1944
Iteration 150: Loss_G: 1.3645, Loss_D: 0.1958
Iteration 200: Loss_G: 1.3832, Loss_D: 0.1961
Iteration 250: Loss_G: 1.3736, Loss_D: 0.1980
Iteration 300: Loss_G: 1.4079, Loss_D: 0.1937
Iteration 350: Loss_G: 1.3885, Loss_D: 0.1952
Iteration 400: Loss_G: 1.3721, Loss_D: 0.1949
Iteration 450: Loss_G: 1.3602, Loss_D: 0.1966
Iteration 500: Loss_G: 1.3866, Loss_D: 0.1965
Iteration 550: Loss_G: 1.3470, Loss_D: 0.2009
Iteration 600: Loss_G: 1.3541, Loss_D: 0.2019
Iteration 650: Loss_G: 1.3531, Loss_D: 0.2011
Iteration 700: Loss_G: 1.3578, Loss_D: 0.1990
Iteration 750: Loss_G: 1.3377, Loss_D: 0.1999
Iteration 800: Loss_G: 1.3325, Loss_D: 0.1986
Iteration 850: Loss_G: 1.3256, Loss_D: 0.2040
Iteration 900: Loss_G: 1.3162, Loss_D: 0.1982
Iteration 950: Loss_G: 1.3638, Loss_D: 0.1997
Iteration 1000: Loss_G: 1.3310, Loss_D: 0.2071
Iteration 1050: Loss_G: 1.3465, Loss_D: 0.1977
Iteration 1100: Loss_G: 1.3630, Loss_D: 0.2016
Iteration 1150: Loss_G: 1.3445, Loss_D: 0.2007
Iteration 1200: Loss_G: 1.3338, Loss_D: 0.2024
Epoch [10/40], Loss_G: 1.1108, Loss_D: 0.1987
Epoch [11/40] starts
Iteration 50: Loss_G: 1.3539, Loss_D: 0.1965
Iteration 100: Loss_G: 1.3724, Loss_D: 0.1957
Iteration 150: Loss_G: 1.3554, Loss_D: 0.1924
Iteration 200: Loss_G: 1.3776, Loss_D: 0.1964
Iteration 250: Loss_G: 1.3838, Loss_D: 0.1926
Iteration 300: Loss_G: 1.3893, Loss_D: 0.1941
Iteration 350: Loss_G: 1.3944, Loss_D: 0.1957
Iteration 400: Loss_G: 1.3938, Loss_D: 0.1926
Iteration 450: Loss_G: 1.3555, Loss_D: 0.1982
Iteration 500: Loss_G: 1.3428, Loss_D: 0.1937
Iteration 550: Loss_G: 1.3787, Loss_D: 0.1972
Iteration 600: Loss_G: 1.3652, Loss_D: 0.2005
Iteration 650: Loss_G: 1.3235, Loss_D: 0.1983
Iteration 700: Loss_G: 1.3463, Loss_D: 0.2005
Iteration 750: Loss_G: 1.3297, Loss_D: 0.2040
Iteration 800: Loss_G: 1.3657, Loss_D: 0.1946
Iteration 850: Loss_G: 1.3521, Loss_D: 0.2014
Iteration 900: Loss_G: 1.3307, Loss_D: 0.1987
Iteration 950: Loss_G: 1.3237, Loss_D: 0.1996
Iteration 1000: Loss_G: 1.3656, Loss_D: 0.1971
Iteration 1050: Loss_G: 1.3520, Loss_D: 0.1982
Iteration 1100: Loss_G: 1.3774, Loss_D: 0.1942
Iteration 1150: Loss_G: 1.3901, Loss_D: 0.1980
Iteration 1200: Loss_G: 1.3608, Loss_D: 0.2000
Epoch [11/40], Loss_G: 1.1146, Loss_D: 0.1971
Epoch [12/40] starts
Iteration 50: Loss_G: 1.3356, Loss_D: 0.1976
Iteration 100: Loss_G: 1.3414, Loss_D: 0.1956
Iteration 150: Loss_G: 1.3568, Loss_D: 0.1946
Iteration 200: Loss_G: 1.3451, Loss_D: 0.1950
Iteration 250: Loss_G: 1.3826, Loss_D: 0.1995
Iteration 300: Loss_G: 1.3588, Loss_D: 0.1960
Iteration 350: Loss_G: 1.3489, Loss_D: 0.1950
Iteration 400: Loss_G: 1.3711, Loss_D: 0.1909
Iteration 450: Loss_G: 1.3753, Loss_D: 0.1916
Iteration 500: Loss_G: 1.4008, Loss_D: 0.1925
Iteration 550: Loss_G: 1.3796, Loss_D: 0.1949
Iteration 600: Loss_G: 1.3645, Loss_D: 0.1995
Iteration 650: Loss_G: 1.3563, Loss_D: 0.1995
Iteration 700: Loss_G: 1.3255, Loss_D: 0.1985
Iteration 750: Loss_G: 1.3831, Loss_D: 0.1943
Iteration 800: Loss_G: 1.3632, Loss_D: 0.1952
Iteration 850: Loss_G: 1.3909, Loss_D: 0.1966
Iteration 900: Loss_G: 1.3548, Loss_D: 0.1985
Iteration 950: Loss_G: 1.3349, Loss_D: 0.2005
Iteration 1000: Loss_G: 1.3422, Loss_D: 0.1966
Iteration 1050: Loss_G: 1.3527, Loss_D: 0.1984
Iteration 1100: Loss_G: 1.3449, Loss_D: 0.1971
Iteration 1150: Loss_G: 1.3204, Loss_D: 0.1973
Iteration 1200: Loss_G: 1.3519, Loss_D: 0.1966
Epoch [12/40], Loss_G: 1.1112, Loss_D: 0.1963
Epoch [13/40] starts
Iteration 50: Loss_G: 1.3452, Loss_D: 0.1967
Iteration 100: Loss_G: 1.3495, Loss_D: 0.1924
Iteration 150: Loss_G: 1.4007, Loss_D: 0.1970
Iteration 200: Loss_G: 1.3595, Loss_D: 0.1940
Iteration 250: Loss_G: 1.3974, Loss_D: 0.1905
Iteration 300: Loss_G: 1.3591, Loss_D: 0.1970
Iteration 350: Loss_G: 1.3826, Loss_D: 0.1954
Iteration 400: Loss_G: 1.3546, Loss_D: 0.1938
Iteration 450: Loss_G: 1.3917, Loss_D: 0.1943
Iteration 500: Loss_G: 1.3662, Loss_D: 0.1943
Iteration 550: Loss_G: 1.3546, Loss_D: 0.1991
Iteration 600: Loss_G: 1.3887, Loss_D: 0.1956
Iteration 650: Loss_G: 1.3685, Loss_D: 0.1993
Iteration 700: Loss_G: 1.3901, Loss_D: 0.1939
Iteration 750: Loss_G: 1.3692, Loss_D: 0.1941
Iteration 800: Loss_G: 1.3677, Loss_D: 0.1951
Iteration 850: Loss_G: 1.3535, Loss_D: 0.1934
Iteration 900: Loss_G: 1.3813, Loss_D: 0.1962
Iteration 950: Loss_G: 1.3791, Loss_D: 0.1949
Iteration 1000: Loss_G: 1.3554, Loss_D: 0.1967
Iteration 1050: Loss_G: 1.3537, Loss_D: 0.1954
Iteration 1100: Loss_G: 1.3651, Loss_D: 0.1954
Iteration 1150: Loss_G: 1.3757, Loss_D: 0.1952
Iteration 1200: Loss_G: 1.3633, Loss_D: 0.1943
Epoch [13/40], Loss_G: 1.1212, Loss_D: 0.1952
Epoch [14/40] starts
Iteration 50: Loss_G: 1.3755, Loss_D: 0.1922
Iteration 100: Loss_G: 1.3667, Loss_D: 0.1934
Iteration 150: Loss_G: 1.3562, Loss_D: 0.1939
Iteration 200: Loss_G: 1.3669, Loss_D: 0.1937
Iteration 250: Loss_G: 1.3600, Loss_D: 0.1953
Iteration 300: Loss_G: 1.3446, Loss_D: 0.1961
Iteration 350: Loss_G: 1.4150, Loss_D: 0.1929
Iteration 400: Loss_G: 1.3978, Loss_D: 0.1915
Iteration 450: Loss_G: 1.3693, Loss_D: 0.1898
Iteration 500: Loss_G: 1.3754, Loss_D: 0.1923
Iteration 550: Loss_G: 1.4133, Loss_D: 0.1905
Iteration 600: Loss_G: 1.3706, Loss_D: 0.1938
Iteration 650: Loss_G: 1.3888, Loss_D: 0.1964
Iteration 700: Loss_G: 1.3704, Loss_D: 0.1951
Iteration 750: Loss_G: 1.3972, Loss_D: 0.1926
Iteration 800: Loss_G: 1.3480, Loss_D: 0.1980
Iteration 850: Loss_G: 1.3768, Loss_D: 0.1963
Iteration 900: Loss_G: 1.3928, Loss_D: 0.1984
Iteration 950: Loss_G: 1.3953, Loss_D: 0.1936
Iteration 1000: Loss_G: 1.3738, Loss_D: 0.1936
Iteration 1050: Loss_G: 1.3767, Loss_D: 0.1951
Iteration 1100: Loss_G: 1.3664, Loss_D: 0.1922
Iteration 1150: Loss_G: 1.3598, Loss_D: 0.1974
Iteration 1200: Loss_G: 1.3621, Loss_D: 0.1979
Epoch [14/40], Loss_G: 1.1262, Loss_D: 0.1942
Epoch [15/40] starts
Iteration 50: Loss_G: 1.3817, Loss_D: 0.1909
Iteration 100: Loss_G: 1.3992, Loss_D: 0.1878
Iteration 150: Loss_G: 1.3819, Loss_D: 0.1924
Iteration 200: Loss_G: 1.3739, Loss_D: 0.1928
Iteration 250: Loss_G: 1.3904, Loss_D: 0.1914
Iteration 300: Loss_G: 1.3991, Loss_D: 0.1904
Iteration 350: Loss_G: 1.3823, Loss_D: 0.1895
Iteration 400: Loss_G: 1.3793, Loss_D: 0.1959
Iteration 450: Loss_G: 1.3656, Loss_D: 0.1969
Iteration 500: Loss_G: 1.3738, Loss_D: 0.1914
Iteration 550: Loss_G: 1.3684, Loss_D: 0.1954
Iteration 600: Loss_G: 1.3560, Loss_D: 0.1934
Iteration 650: Loss_G: 1.3891, Loss_D: 0.1944
Iteration 700: Loss_G: 1.3666, Loss_D: 0.1938
Iteration 750: Loss_G: 1.3564, Loss_D: 0.1923
Iteration 800: Loss_G: 1.3673, Loss_D: 0.1944
Iteration 850: Loss_G: 1.4115, Loss_D: 0.1915
Iteration 900: Loss_G: 1.3862, Loss_D: 0.1915
Iteration 950: Loss_G: 1.3860, Loss_D: 0.1968
Iteration 1000: Loss_G: 1.3936, Loss_D: 0.1924
Iteration 1050: Loss_G: 1.3775, Loss_D: 0.1929
Iteration 1100: Loss_G: 1.3652, Loss_D: 0.1943
Iteration 1150: Loss_G: 1.3910, Loss_D: 0.1943
Iteration 1200: Loss_G: 1.3451, Loss_D: 0.1987
Epoch [15/40], Loss_G: 1.1285, Loss_D: 0.1932
Epoch [16/40] starts
Iteration 50: Loss_G: 1.3588, Loss_D: 0.1921
Iteration 100: Loss_G: 1.3701, Loss_D: 0.1911
Iteration 150: Loss_G: 1.4098, Loss_D: 0.1897
Iteration 200: Loss_G: 1.3476, Loss_D: 0.1922
Iteration 250: Loss_G: 1.3708, Loss_D: 0.1892
Iteration 300: Loss_G: 1.4662, Loss_D: 0.1895
Iteration 350: Loss_G: 1.4149, Loss_D: 0.1897
Iteration 400: Loss_G: 1.4057, Loss_D: 0.1897
Iteration 450: Loss_G: 1.3702, Loss_D: 0.1946
Iteration 500: Loss_G: 1.3612, Loss_D: 0.1891
Iteration 550: Loss_G: 1.3942, Loss_D: 0.1894
Iteration 600: Loss_G: 1.3763, Loss_D: 0.1935
Iteration 650: Loss_G: 1.3823, Loss_D: 0.1895
Iteration 700: Loss_G: 1.3928, Loss_D: 0.1897
Iteration 750: Loss_G: 1.3939, Loss_D: 0.1936
Iteration 800: Loss_G: 1.3975, Loss_D: 0.1901
Iteration 850: Loss_G: 1.3754, Loss_D: 0.1917
Iteration 900: Loss_G: 1.3736, Loss_D: 0.1925
Iteration 950: Loss_G: 1.3869, Loss_D: 0.1906
Iteration 1000: Loss_G: 1.3803, Loss_D: 0.1918
Iteration 1050: Loss_G: 1.4164, Loss_D: 0.1892
Iteration 1100: Loss_G: 1.3940, Loss_D: 0.1916
Iteration 1150: Loss_G: 1.3970, Loss_D: 0.1956
Iteration 1200: Loss_G: 1.3660, Loss_D: 0.1902
Epoch [16/40], Loss_G: 1.1358, Loss_D: 0.1911
Epoch [17/40] starts
Iteration 50: Loss_G: 1.3863, Loss_D: 0.1849
Iteration 100: Loss_G: 1.4011, Loss_D: 0.1848
Iteration 150: Loss_G: 1.4309, Loss_D: 0.1877
Iteration 200: Loss_G: 1.4096, Loss_D: 0.1848
Iteration 250: Loss_G: 1.4028, Loss_D: 0.1850
Iteration 300: Loss_G: 1.4064, Loss_D: 0.1851
Iteration 350: Loss_G: 1.4088, Loss_D: 0.1877
Iteration 400: Loss_G: 1.4295, Loss_D: 0.1879
Iteration 450: Loss_G: 1.3877, Loss_D: 0.1883
Iteration 500: Loss_G: 1.3929, Loss_D: 0.1872
Iteration 550: Loss_G: 1.4162, Loss_D: 0.1856
Iteration 600: Loss_G: 1.3975, Loss_D: 0.1927
Iteration 650: Loss_G: 1.4072, Loss_D: 0.1904
Iteration 700: Loss_G: 1.3844, Loss_D: 0.1894
Iteration 750: Loss_G: 1.4017, Loss_D: 0.1893
Iteration 800: Loss_G: 1.4159, Loss_D: 0.1855
Iteration 850: Loss_G: 1.3693, Loss_D: 0.1937
Iteration 900: Loss_G: 1.4150, Loss_D: 0.1872
Iteration 950: Loss_G: 1.3774, Loss_D: 0.1898
Iteration 1000: Loss_G: 1.3674, Loss_D: 0.1912
Iteration 1050: Loss_G: 1.3878, Loss_D: 0.1929
Iteration 1100: Loss_G: 1.3935, Loss_D: 0.1924
Iteration 1150: Loss_G: 1.3779, Loss_D: 0.1900
Iteration 1200: Loss_G: 1.4284, Loss_D: 0.1870
Epoch [17/40], Loss_G: 1.1458, Loss_D: 0.1884
Epoch [18/40] starts
Iteration 50: Loss_G: 1.4171, Loss_D: 0.1822
Iteration 100: Loss_G: 1.4219, Loss_D: 0.1856
Iteration 150: Loss_G: 1.4096, Loss_D: 0.1854
Iteration 200: Loss_G: 1.4306, Loss_D: 0.1855
Iteration 250: Loss_G: 1.4091, Loss_D: 0.1870
Iteration 300: Loss_G: 1.4112, Loss_D: 0.1905
Iteration 350: Loss_G: 1.3862, Loss_D: 0.1902
Iteration 400: Loss_G: 1.3822, Loss_D: 0.1848
Iteration 450: Loss_G: 1.3860, Loss_D: 0.1873
Iteration 500: Loss_G: 1.4191, Loss_D: 0.1889
Iteration 550: Loss_G: 1.4164, Loss_D: 0.1862
Iteration 600: Loss_G: 1.4226, Loss_D: 0.1884
Iteration 650: Loss_G: 1.4327, Loss_D: 0.1860
Iteration 700: Loss_G: 1.3812, Loss_D: 0.1882
Iteration 750: Loss_G: 1.4194, Loss_D: 0.1883
Iteration 800: Loss_G: 1.4133, Loss_D: 0.1868
Iteration 850: Loss_G: 1.4133, Loss_D: 0.1872
Iteration 900: Loss_G: 1.3818, Loss_D: 0.1893
Iteration 950: Loss_G: 1.3966, Loss_D: 0.1883
Iteration 1000: Loss_G: 1.4146, Loss_D: 0.1887
Iteration 1050: Loss_G: 1.3784, Loss_D: 0.1899
Iteration 1100: Loss_G: 1.4058, Loss_D: 0.1871
Iteration 1150: Loss_G: 1.3789, Loss_D: 0.1925
Iteration 1200: Loss_G: 1.3953, Loss_D: 0.1925
Epoch [18/40], Loss_G: 1.1502, Loss_D: 0.1878
Epoch [19/40] starts
Iteration 50: Loss_G: 1.4238, Loss_D: 0.1832
Iteration 100: Loss_G: 1.4539, Loss_D: 0.1790
Iteration 150: Loss_G: 1.4284, Loss_D: 0.1827
Iteration 200: Loss_G: 1.4486, Loss_D: 0.1824
Iteration 250: Loss_G: 1.4190, Loss_D: 0.1800
Iteration 300: Loss_G: 1.4159, Loss_D: 0.1849
Iteration 350: Loss_G: 1.4112, Loss_D: 0.1871
Iteration 400: Loss_G: 1.4359, Loss_D: 0.1818
Iteration 450: Loss_G: 1.4130, Loss_D: 0.1864
Iteration 500: Loss_G: 1.4143, Loss_D: 0.1863
Iteration 550: Loss_G: 1.4135, Loss_D: 0.1860
Iteration 600: Loss_G: 1.4295, Loss_D: 0.1848
Iteration 650: Loss_G: 1.4198, Loss_D: 0.1829
Iteration 700: Loss_G: 1.4233, Loss_D: 0.1856
Iteration 750: Loss_G: 1.4141, Loss_D: 0.1854
Iteration 800: Loss_G: 1.4345, Loss_D: 0.1834
Iteration 850: Loss_G: 1.3999, Loss_D: 0.1851
Iteration 900: Loss_G: 1.4097, Loss_D: 0.1886
Iteration 950: Loss_G: 1.3898, Loss_D: 0.1866
Iteration 1000: Loss_G: 1.4543, Loss_D: 0.1849
Iteration 1050: Loss_G: 1.3907, Loss_D: 0.1868
Iteration 1100: Loss_G: 1.4315, Loss_D: 0.1856
Iteration 1150: Loss_G: 1.3690, Loss_D: 0.1883
Iteration 1200: Loss_G: 1.4165, Loss_D: 0.1884
Epoch [19/40], Loss_G: 1.1617, Loss_D: 0.1848
Epoch [20/40] starts
Iteration 50: Loss_G: 1.4241, Loss_D: 0.1781
Iteration 100: Loss_G: 1.4530, Loss_D: 0.1831
Iteration 150: Loss_G: 1.4240, Loss_D: 0.1821
Iteration 200: Loss_G: 1.4361, Loss_D: 0.1809
Iteration 250: Loss_G: 1.4075, Loss_D: 0.1831
Iteration 300: Loss_G: 1.4315, Loss_D: 0.1811
Iteration 350: Loss_G: 1.4302, Loss_D: 0.1820
Iteration 400: Loss_G: 1.4441, Loss_D: 0.1829
Iteration 450: Loss_G: 1.4169, Loss_D: 0.1874
Iteration 500: Loss_G: 1.4222, Loss_D: 0.1846
Iteration 550: Loss_G: 1.4374, Loss_D: 0.1831
Iteration 600: Loss_G: 1.4295, Loss_D: 0.1843
Iteration 650: Loss_G: 1.4205, Loss_D: 0.1847
Iteration 700: Loss_G: 1.4357, Loss_D: 0.1895
Iteration 750: Loss_G: 1.4221, Loss_D: 0.1839
Iteration 800: Loss_G: 1.4332, Loss_D: 0.1820
Iteration 850: Loss_G: 1.4237, Loss_D: 0.1864
Iteration 900: Loss_G: 1.4039, Loss_D: 0.1871
Iteration 950: Loss_G: 1.4017, Loss_D: 0.1879
Iteration 1000: Loss_G: 1.3941, Loss_D: 0.1857
Iteration 1050: Loss_G: 1.4170, Loss_D: 0.1846
Iteration 1100: Loss_G: 1.4187, Loss_D: 0.1862
Iteration 1150: Loss_G: 1.3865, Loss_D: 0.1864
Iteration 1200: Loss_G: 1.4202, Loss_D: 0.1844
Epoch [20/40], Loss_G: 1.1642, Loss_D: 0.1842
Epoch [21/40] starts
Iteration 50: Loss_G: 1.4262, Loss_D: 0.1813
Iteration 100: Loss_G: 1.4177, Loss_D: 0.1871
Iteration 150: Loss_G: 1.4388, Loss_D: 0.1797
Iteration 200: Loss_G: 1.4427, Loss_D: 0.1805
Iteration 250: Loss_G: 1.4401, Loss_D: 0.1835
Iteration 300: Loss_G: 1.4234, Loss_D: 0.1814
Iteration 350: Loss_G: 1.4408, Loss_D: 0.1832
Iteration 400: Loss_G: 1.4078, Loss_D: 0.1823
Iteration 450: Loss_G: 1.4243, Loss_D: 0.1807
Iteration 500: Loss_G: 1.4450, Loss_D: 0.1802
Iteration 550: Loss_G: 1.4404, Loss_D: 0.1804
Iteration 600: Loss_G: 1.3934, Loss_D: 0.1839
Iteration 650: Loss_G: 1.3872, Loss_D: 0.1839
Iteration 700: Loss_G: 1.4113, Loss_D: 0.1883
Iteration 750: Loss_G: 1.4437, Loss_D: 0.1833
Iteration 800: Loss_G: 1.4201, Loss_D: 0.1848
Iteration 850: Loss_G: 1.4185, Loss_D: 0.1832
Iteration 900: Loss_G: 1.4109, Loss_D: 0.1841
Iteration 950: Loss_G: 1.4904, Loss_D: 0.1799
Iteration 1000: Loss_G: 1.4415, Loss_D: 0.1814
Iteration 1050: Loss_G: 1.4112, Loss_D: 0.1869
Iteration 1100: Loss_G: 1.4160, Loss_D: 0.1851
Iteration 1150: Loss_G: 1.4078, Loss_D: 0.1843
Iteration 1200: Loss_G: 1.4304, Loss_D: 0.1832
Epoch [21/40], Loss_G: 1.1675, Loss_D: 0.1830
Epoch [22/40] starts
Iteration 50: Loss_G: 1.4263, Loss_D: 0.1771
Iteration 100: Loss_G: 1.4590, Loss_D: 0.1756
Iteration 150: Loss_G: 1.4362, Loss_D: 0.1782
Iteration 200: Loss_G: 1.4499, Loss_D: 0.1755
Iteration 250: Loss_G: 1.4355, Loss_D: 0.1780
Iteration 300: Loss_G: 1.4631, Loss_D: 0.1786
Iteration 350: Loss_G: 1.4704, Loss_D: 0.1824
Iteration 400: Loss_G: 1.4334, Loss_D: 0.1793
Iteration 450: Loss_G: 1.4128, Loss_D: 0.1832
Iteration 500: Loss_G: 1.4271, Loss_D: 0.1817
Iteration 550: Loss_G: 1.4445, Loss_D: 0.1795
Iteration 600: Loss_G: 1.4494, Loss_D: 0.1840
Iteration 650: Loss_G: 1.4045, Loss_D: 0.1851
Iteration 700: Loss_G: 1.4621, Loss_D: 0.1784
Iteration 750: Loss_G: 1.4098, Loss_D: 0.1864
Iteration 800: Loss_G: 1.4489, Loss_D: 0.1804
Iteration 850: Loss_G: 1.4143, Loss_D: 0.1839
Iteration 900: Loss_G: 1.4184, Loss_D: 0.1826
Iteration 950: Loss_G: 1.4338, Loss_D: 0.1803
Iteration 1000: Loss_G: 1.4127, Loss_D: 0.1845
Iteration 1050: Loss_G: 1.4449, Loss_D: 0.1812
Iteration 1100: Loss_G: 1.4028, Loss_D: 0.1838
Iteration 1150: Loss_G: 1.4169, Loss_D: 0.1850
Iteration 1200: Loss_G: 1.4156, Loss_D: 0.1844
Epoch [22/40], Loss_G: 1.1730, Loss_D: 0.1812
Epoch [23/40] starts
Iteration 50: Loss_G: 1.4441, Loss_D: 0.1746
Iteration 100: Loss_G: 1.4362, Loss_D: 0.1783
Iteration 150: Loss_G: 1.4576, Loss_D: 0.1730
Iteration 200: Loss_G: 1.4516, Loss_D: 0.1763
Iteration 250: Loss_G: 1.4384, Loss_D: 0.1794
Iteration 300: Loss_G: 1.4467, Loss_D: 0.1758
Iteration 350: Loss_G: 1.4634, Loss_D: 0.1793
Iteration 400: Loss_G: 1.4164, Loss_D: 0.1819
Iteration 450: Loss_G: 1.4093, Loss_D: 0.1808
Iteration 500: Loss_G: 1.4422, Loss_D: 0.1819
Iteration 550: Loss_G: 1.4167, Loss_D: 0.1798
Iteration 600: Loss_G: 1.4985, Loss_D: 0.1754
Iteration 650: Loss_G: 1.4985, Loss_D: 0.1769
Iteration 700: Loss_G: 1.4535, Loss_D: 0.1766
Iteration 750: Loss_G: 1.4833, Loss_D: 0.1771
Iteration 800: Loss_G: 1.4560, Loss_D: 0.1794
Iteration 850: Loss_G: 1.4415, Loss_D: 0.1766
Iteration 900: Loss_G: 1.4296, Loss_D: 0.1776
Iteration 950: Loss_G: 1.4177, Loss_D: 0.1825
Iteration 1000: Loss_G: 1.4446, Loss_D: 0.1767
Iteration 1050: Loss_G: 1.4450, Loss_D: 0.1791
Iteration 1100: Loss_G: 1.4138, Loss_D: 0.1847
Iteration 1150: Loss_G: 1.4267, Loss_D: 0.1849
Iteration 1200: Loss_G: 1.4432, Loss_D: 0.1801
Epoch [23/40], Loss_G: 1.1826, Loss_D: 0.1787
Epoch [24/40] starts
Iteration 50: Loss_G: 1.4562, Loss_D: 0.1728
Iteration 100: Loss_G: 1.4499, Loss_D: 0.1728
Iteration 150: Loss_G: 1.4657, Loss_D: 0.1761
Iteration 200: Loss_G: 1.4414, Loss_D: 0.1734
Iteration 250: Loss_G: 1.4593, Loss_D: 0.1785
Iteration 300: Loss_G: 1.4789, Loss_D: 0.1743
Iteration 350: Loss_G: 1.4596, Loss_D: 0.1735
Iteration 400: Loss_G: 1.4496, Loss_D: 0.1731
Iteration 450: Loss_G: 1.4655, Loss_D: 0.1746
Iteration 500: Loss_G: 1.4548, Loss_D: 0.1753
Iteration 550: Loss_G: 1.4147, Loss_D: 0.1791
Iteration 600: Loss_G: 1.4669, Loss_D: 0.1763
Iteration 650: Loss_G: 1.4897, Loss_D: 0.1736
Iteration 700: Loss_G: 1.5140, Loss_D: 0.1737
Iteration 750: Loss_G: 1.4811, Loss_D: 0.1754
Iteration 800: Loss_G: 1.4629, Loss_D: 0.1733
Iteration 850: Loss_G: 1.4451, Loss_D: 0.1744
Iteration 900: Loss_G: 1.4301, Loss_D: 0.1764
Iteration 950: Loss_G: 1.4815, Loss_D: 0.1758
Iteration 1000: Loss_G: 1.4698, Loss_D: 0.1783
Iteration 1050: Loss_G: 1.4663, Loss_D: 0.1801
Iteration 1100: Loss_G: 1.4473, Loss_D: 0.1793
Iteration 1150: Loss_G: 1.4503, Loss_D: 0.1781
Iteration 1200: Loss_G: 1.4645, Loss_D: 0.1738
Epoch [24/40], Loss_G: 1.1959, Loss_D: 0.1755
Epoch [25/40] starts
Iteration 50: Loss_G: 1.4704, Loss_D: 0.1678
Iteration 100: Loss_G: 1.4581, Loss_D: 0.1710
Iteration 150: Loss_G: 1.4574, Loss_D: 0.1700
Iteration 200: Loss_G: 1.4477, Loss_D: 0.1709
Iteration 250: Loss_G: 1.4385, Loss_D: 0.1726
Iteration 300: Loss_G: 1.4785, Loss_D: 0.1701
Iteration 350: Loss_G: 1.4743, Loss_D: 0.1707
Iteration 400: Loss_G: 1.4567, Loss_D: 0.1725
Iteration 450: Loss_G: 1.4552, Loss_D: 0.1765
Iteration 500: Loss_G: 1.4628, Loss_D: 0.1693
Iteration 550: Loss_G: 1.4842, Loss_D: 0.1712
Iteration 600: Loss_G: 1.4832, Loss_D: 0.1752
Iteration 650: Loss_G: 1.4428, Loss_D: 0.1761
Iteration 700: Loss_G: 1.5321, Loss_D: 0.1648
Iteration 750: Loss_G: 1.4856, Loss_D: 0.1727
Iteration 800: Loss_G: 1.4650, Loss_D: 0.1728
Iteration 850: Loss_G: 1.4734, Loss_D: 0.1732
Iteration 900: Loss_G: 1.4896, Loss_D: 0.1740
Iteration 950: Loss_G: 1.4696, Loss_D: 0.1746
Iteration 1000: Loss_G: 1.4524, Loss_D: 0.1753
Iteration 1050: Loss_G: 1.4530, Loss_D: 0.1727
Iteration 1100: Loss_G: 1.4668, Loss_D: 0.1717
Iteration 1150: Loss_G: 1.4652, Loss_D: 0.1751
Iteration 1200: Loss_G: 1.4522, Loss_D: 0.1746
Epoch [25/40], Loss_G: 1.2010, Loss_D: 0.1723
Epoch [26/40] starts
Iteration 50: Loss_G: 1.7511, Loss_D: 0.1382
Iteration 100: Loss_G: 1.5452, Loss_D: 0.1627
Iteration 150: Loss_G: 1.5082, Loss_D: 0.1693
Iteration 200: Loss_G: 1.5037, Loss_D: 0.1702
Iteration 250: Loss_G: 1.4836, Loss_D: 0.1652
Iteration 300: Loss_G: 1.4917, Loss_D: 0.1653
Iteration 350: Loss_G: 1.5079, Loss_D: 0.1682
Iteration 400: Loss_G: 1.4906, Loss_D: 0.1670
Iteration 450: Loss_G: 1.4925, Loss_D: 0.1702
Iteration 500: Loss_G: 1.4811, Loss_D: 0.1688
Iteration 550: Loss_G: 1.5024, Loss_D: 0.1683
Iteration 600: Loss_G: 1.4740, Loss_D: 0.1715
Iteration 650: Loss_G: 1.4956, Loss_D: 0.1708
Iteration 700: Loss_G: 1.4815, Loss_D: 0.1706
Iteration 750: Loss_G: 1.4809, Loss_D: 0.1738
Iteration 800: Loss_G: 1.4891, Loss_D: 0.1703
Iteration 850: Loss_G: 1.4755, Loss_D: 0.1714
Iteration 900: Loss_G: 1.4702, Loss_D: 0.1705
Iteration 950: Loss_G: 1.4558, Loss_D: 0.1697
Iteration 1000: Loss_G: 1.4772, Loss_D: 0.1712
Iteration 1050: Loss_G: 1.4688, Loss_D: 0.1716
Iteration 1100: Loss_G: 1.4699, Loss_D: 0.1717
Iteration 1150: Loss_G: 1.4589, Loss_D: 0.1679
Iteration 1200: Loss_G: 1.4673, Loss_D: 0.1735
Epoch [26/40], Loss_G: 1.2252, Loss_D: 0.1682
Epoch [27/40] starts
Iteration 50: Loss_G: 1.4817, Loss_D: 0.1658
Iteration 100: Loss_G: 1.4859, Loss_D: 0.1634
Iteration 150: Loss_G: 1.4941, Loss_D: 0.1608
Iteration 200: Loss_G: 1.5106, Loss_D: 0.1616
Iteration 250: Loss_G: 1.4838, Loss_D: 0.1685
Iteration 300: Loss_G: 1.4985, Loss_D: 0.1676
Iteration 350: Loss_G: 1.4850, Loss_D: 0.1660
Iteration 400: Loss_G: 1.4876, Loss_D: 0.1665
Iteration 450: Loss_G: 1.4649, Loss_D: 0.1654
Iteration 500: Loss_G: 1.4894, Loss_D: 0.1692
Iteration 550: Loss_G: 1.4901, Loss_D: 0.1665
Iteration 600: Loss_G: 1.4910, Loss_D: 0.1661
Iteration 650: Loss_G: 1.4864, Loss_D: 0.1688
Iteration 700: Loss_G: 1.5024, Loss_D: 0.1675
Iteration 750: Loss_G: 1.4753, Loss_D: 0.1713
Iteration 800: Loss_G: 1.4648, Loss_D: 0.1725
Iteration 850: Loss_G: 1.4661, Loss_D: 0.1703
Iteration 900: Loss_G: 1.4657, Loss_D: 0.1691
Iteration 950: Loss_G: 1.4805, Loss_D: 0.1690
Iteration 1000: Loss_G: 1.4628, Loss_D: 0.1728
Iteration 1050: Loss_G: 1.4489, Loss_D: 0.1706
Iteration 1100: Loss_G: 1.4820, Loss_D: 0.1684
Iteration 1150: Loss_G: 1.4610, Loss_D: 0.1736
Iteration 1200: Loss_G: 1.4707, Loss_D: 0.1691
Epoch [27/40], Loss_G: 1.2118, Loss_D: 0.1679
Epoch [28/40] starts
Iteration 50: Loss_G: 1.4947, Loss_D: 0.1636
Iteration 100: Loss_G: 1.4993, Loss_D: 0.1596
Iteration 150: Loss_G: 1.5082, Loss_D: 0.1613
Iteration 200: Loss_G: 1.5218, Loss_D: 0.1623
Iteration 250: Loss_G: 1.4941, Loss_D: 0.1634
Iteration 300: Loss_G: 1.5224, Loss_D: 0.1664
Iteration 350: Loss_G: 1.4866, Loss_D: 0.1655
Iteration 400: Loss_G: 1.4872, Loss_D: 0.1684
Iteration 450: Loss_G: 1.4860, Loss_D: 0.1674
Iteration 500: Loss_G: 1.4870, Loss_D: 0.1628
Iteration 550: Loss_G: 1.4770, Loss_D: 0.1667
Iteration 600: Loss_G: 1.5018, Loss_D: 0.1642
Iteration 650: Loss_G: 1.4939, Loss_D: 0.1637
Iteration 700: Loss_G: 1.5028, Loss_D: 0.1638
Iteration 750: Loss_G: 1.7921, Loss_D: 0.1399
Iteration 800: Loss_G: 1.5236, Loss_D: 0.1677
Iteration 850: Loss_G: 1.5357, Loss_D: 0.1647
Iteration 900: Loss_G: 1.5148, Loss_D: 0.1648
Iteration 950: Loss_G: 1.5061, Loss_D: 0.1674
Iteration 1000: Loss_G: 1.5032, Loss_D: 0.1661
Iteration 1050: Loss_G: 1.5091, Loss_D: 0.1656
Iteration 1100: Loss_G: 1.4850, Loss_D: 0.1689
Iteration 1150: Loss_G: 1.5080, Loss_D: 0.1656
Iteration 1200: Loss_G: 1.4886, Loss_D: 0.1708
Epoch [28/40], Loss_G: 1.2391, Loss_D: 0.1642
Epoch [29/40] starts
Iteration 50: Loss_G: 1.5076, Loss_D: 0.1595
Iteration 100: Loss_G: 1.5049, Loss_D: 0.1628
Iteration 150: Loss_G: 1.5205, Loss_D: 0.1578
Iteration 200: Loss_G: 1.5089, Loss_D: 0.1606
Iteration 250: Loss_G: 1.5337, Loss_D: 0.1592
Iteration 300: Loss_G: 1.5331, Loss_D: 0.1586
Iteration 350: Loss_G: 1.5251, Loss_D: 0.1578
Iteration 400: Loss_G: 1.5216, Loss_D: 0.1552
Iteration 450: Loss_G: 1.5315, Loss_D: 0.1590
Iteration 500: Loss_G: 1.5299, Loss_D: 0.1646
Iteration 550: Loss_G: 1.4933, Loss_D: 0.1604
Iteration 600: Loss_G: 1.5335, Loss_D: 0.1662
Iteration 650: Loss_G: 1.5244, Loss_D: 0.1621
Iteration 700: Loss_G: 1.5236, Loss_D: 0.1634
Iteration 750: Loss_G: 1.5171, Loss_D: 0.1619
Iteration 800: Loss_G: 1.5048, Loss_D: 0.1618
Iteration 850: Loss_G: 1.5247, Loss_D: 0.1614
Iteration 900: Loss_G: 1.5368, Loss_D: 0.1640
Iteration 950: Loss_G: 1.5352, Loss_D: 0.1628
Iteration 1000: Loss_G: 1.5035, Loss_D: 0.1640
Iteration 1050: Loss_G: 1.5021, Loss_D: 0.1664
Iteration 1100: Loss_G: 1.4889, Loss_D: 0.1670
Iteration 1150: Loss_G: 1.5375, Loss_D: 0.1617
Iteration 1200: Loss_G: 1.5103, Loss_D: 0.1659
Epoch [29/40], Loss_G: 1.2433, Loss_D: 0.1618
Epoch [30/40] starts
Iteration 50: Loss_G: 1.5439, Loss_D: 0.1558
Iteration 100: Loss_G: 1.5384, Loss_D: 0.1562
Iteration 150: Loss_G: 1.5453, Loss_D: 0.1495
Iteration 200: Loss_G: 1.5577, Loss_D: 0.1540
Iteration 250: Loss_G: 1.5351, Loss_D: 0.1538
Iteration 300: Loss_G: 1.5656, Loss_D: 0.1550
Iteration 350: Loss_G: 1.5674, Loss_D: 0.1562
Iteration 400: Loss_G: 1.5707, Loss_D: 0.1548
Iteration 450: Loss_G: 1.5602, Loss_D: 0.1571
Iteration 500: Loss_G: 1.5597, Loss_D: 0.1579
Iteration 550: Loss_G: 1.5340, Loss_D: 0.1569
Iteration 600: Loss_G: 1.5227, Loss_D: 0.1591
Iteration 650: Loss_G: 1.5480, Loss_D: 0.1602
Iteration 700: Loss_G: 1.5590, Loss_D: 0.1574
Iteration 750: Loss_G: 1.5384, Loss_D: 0.1616
Iteration 800: Loss_G: 1.5224, Loss_D: 0.1631
Iteration 850: Loss_G: 1.5324, Loss_D: 0.1602
Iteration 900: Loss_G: 1.5701, Loss_D: 0.1608
Iteration 950: Loss_G: 1.5486, Loss_D: 0.1595
Iteration 1000: Loss_G: 1.5500, Loss_D: 0.1631
Iteration 1050: Loss_G: 1.5620, Loss_D: 0.1629
Iteration 1100: Loss_G: 1.5782, Loss_D: 0.1596
Iteration 1150: Loss_G: 1.5034, Loss_D: 0.1674
Iteration 1200: Loss_G: 1.5476, Loss_D: 0.1609
Epoch [30/40], Loss_G: 1.2674, Loss_D: 0.1584
Epoch [31/40] starts
Iteration 50: Loss_G: 1.5551, Loss_D: 0.1554
Iteration 100: Loss_G: 1.5251, Loss_D: 0.1522
Iteration 150: Loss_G: 1.5688, Loss_D: 0.1539
Iteration 200: Loss_G: 1.6214, Loss_D: 0.1479
Iteration 250: Loss_G: 1.5820, Loss_D: 0.1557
Iteration 300: Loss_G: 1.6208, Loss_D: 0.1525
Iteration 350: Loss_G: 1.6385, Loss_D: 0.1540
Iteration 400: Loss_G: 1.5925, Loss_D: 0.1530
Iteration 450: Loss_G: 1.6388, Loss_D: 0.1490
Iteration 500: Loss_G: 1.6143, Loss_D: 0.1579
Iteration 550: Loss_G: 1.6339, Loss_D: 0.1449
Iteration 600: Loss_G: 1.6117, Loss_D: 0.1571
Iteration 650: Loss_G: 1.5210, Loss_D: 0.1592
Iteration 700: Loss_G: 1.6155, Loss_D: 0.1539
Iteration 750: Loss_G: 1.5593, Loss_D: 0.1545
Iteration 800: Loss_G: 1.5603, Loss_D: 0.1579
Iteration 850: Loss_G: 1.6145, Loss_D: 0.1534
Iteration 900: Loss_G: 1.5949, Loss_D: 0.1541
Iteration 950: Loss_G: 1.7021, Loss_D: 0.1404
Iteration 1000: Loss_G: 1.5944, Loss_D: 0.1549
Iteration 1050: Loss_G: 1.6286, Loss_D: 0.1508
Iteration 1100: Loss_G: 1.6224, Loss_D: 0.1503
Iteration 1150: Loss_G: 1.6504, Loss_D: 0.1477
Iteration 1200: Loss_G: 1.6567, Loss_D: 0.1514
Epoch [31/40], Loss_G: 1.3139, Loss_D: 0.1526
Epoch [32/40] starts
Iteration 50: Loss_G: 1.7179, Loss_D: 0.1369
Iteration 100: Loss_G: 1.6566, Loss_D: 0.1422
Iteration 150: Loss_G: 1.6055, Loss_D: 0.1464
Iteration 200: Loss_G: 1.6846, Loss_D: 0.1385
Iteration 250: Loss_G: 1.6576, Loss_D: 0.1420
Iteration 300: Loss_G: 1.7109, Loss_D: 0.1350
Iteration 350: Loss_G: 1.6588, Loss_D: 0.1400
Iteration 400: Loss_G: 1.7084, Loss_D: 0.1370
Iteration 450: Loss_G: 1.6998, Loss_D: 0.1381
Iteration 500: Loss_G: 1.7232, Loss_D: 0.1372
Iteration 550: Loss_G: 1.6728, Loss_D: 0.1395
Iteration 600: Loss_G: 1.7085, Loss_D: 0.1402
Iteration 650: Loss_G: 1.6692, Loss_D: 0.1439
Iteration 700: Loss_G: 1.6673, Loss_D: 0.1403
Iteration 750: Loss_G: 1.6698, Loss_D: 0.1406
Iteration 800: Loss_G: 1.7433, Loss_D: 0.1336
Iteration 850: Loss_G: 1.6981, Loss_D: 0.1370
Iteration 900: Loss_G: 1.6710, Loss_D: 0.1424
Iteration 950: Loss_G: 1.6673, Loss_D: 0.1426
Iteration 1000: Loss_G: 1.6738, Loss_D: 0.1461
Iteration 1050: Loss_G: 1.7196, Loss_D: 0.1392
Iteration 1100: Loss_G: 1.6849, Loss_D: 0.1441
Iteration 1150: Loss_G: 1.7276, Loss_D: 0.1384
Iteration 1200: Loss_G: 1.6854, Loss_D: 0.1426
Epoch [32/40], Loss_G: 1.3807, Loss_D: 0.1402
Epoch [33/40] starts
Iteration 50: Loss_G: 1.6829, Loss_D: 0.1337
Iteration 100: Loss_G: 1.7004, Loss_D: 0.1302
Iteration 150: Loss_G: 1.7050, Loss_D: 0.1369
Iteration 200: Loss_G: 1.6993, Loss_D: 0.1339
Iteration 250: Loss_G: 1.7544, Loss_D: 0.1289
Iteration 300: Loss_G: 1.7213, Loss_D: 0.1292
Iteration 350: Loss_G: 1.7530, Loss_D: 0.1264
Iteration 400: Loss_G: 1.7248, Loss_D: 0.1303
Iteration 450: Loss_G: 1.7463, Loss_D: 0.1311
Iteration 500: Loss_G: 1.7286, Loss_D: 0.1321
Iteration 550: Loss_G: 1.7267, Loss_D: 0.1302
Iteration 600: Loss_G: 1.7145, Loss_D: 0.1423
Iteration 650: Loss_G: 1.6777, Loss_D: 0.1387
Iteration 700: Loss_G: 1.7518, Loss_D: 0.1274
Iteration 750: Loss_G: 1.7037, Loss_D: 0.1350
Iteration 800: Loss_G: 1.7387, Loss_D: 0.1279
Iteration 850: Loss_G: 1.7332, Loss_D: 0.1322
Iteration 900: Loss_G: 1.7382, Loss_D: 0.1289
Iteration 950: Loss_G: 1.6620, Loss_D: 0.1459
Iteration 1000: Loss_G: 1.7058, Loss_D: 0.1341
Iteration 1050: Loss_G: 1.6922, Loss_D: 0.1408
Iteration 1100: Loss_G: 1.7160, Loss_D: 0.1326
Iteration 1150: Loss_G: 1.6981, Loss_D: 0.1425
Iteration 1200: Loss_G: 1.7234, Loss_D: 0.1346
Epoch [33/40], Loss_G: 1.4051, Loss_D: 0.1336
Epoch [34/40] starts
Iteration 50: Loss_G: 1.7358, Loss_D: 0.1274
Iteration 100: Loss_G: 1.7075, Loss_D: 0.1370
Iteration 150: Loss_G: 1.6922, Loss_D: 0.1395
Iteration 200: Loss_G: 1.8360, Loss_D: 0.1006
Iteration 250: Loss_G: 1.7067, Loss_D: 0.1327
Iteration 300: Loss_G: 1.7337, Loss_D: 0.1302
Iteration 350: Loss_G: 1.7540, Loss_D: 0.1293
Iteration 400: Loss_G: 1.7272, Loss_D: 0.1319
Iteration 450: Loss_G: 1.7358, Loss_D: 0.1316
Iteration 500: Loss_G: 1.7233, Loss_D: 0.1340
Iteration 550: Loss_G: 1.7297, Loss_D: 0.1289
Iteration 600: Loss_G: 1.7062, Loss_D: 0.1338
Iteration 650: Loss_G: 1.7551, Loss_D: 0.1287
Iteration 700: Loss_G: 1.7980, Loss_D: 0.1082
Iteration 750: Loss_G: 1.7818, Loss_D: 0.1124
Iteration 800: Loss_G: 1.7020, Loss_D: 0.1434
Iteration 850: Loss_G: 1.8295, Loss_D: 0.1008
Iteration 900: Loss_G: 1.8245, Loss_D: 0.1005
Iteration 950: Loss_G: 1.7135, Loss_D: 0.1300
Iteration 1000: Loss_G: 1.7902, Loss_D: 0.1170
Iteration 1050: Loss_G: 1.7287, Loss_D: 0.1342
Iteration 1100: Loss_G: 1.7251, Loss_D: 0.1386
Iteration 1150: Loss_G: 1.7020, Loss_D: 0.1362
Iteration 1200: Loss_G: 1.7035, Loss_D: 0.1325
Epoch [34/40], Loss_G: 1.4271, Loss_D: 0.1266
Epoch [35/40] starts
Iteration 50: Loss_G: 1.8306, Loss_D: 0.1064
Iteration 100: Loss_G: 1.7219, Loss_D: 0.1274
Iteration 150: Loss_G: 1.7924, Loss_D: 0.1178
Iteration 200: Loss_G: 1.7192, Loss_D: 0.1341
Iteration 250: Loss_G: 1.7217, Loss_D: 0.1290
Iteration 300: Loss_G: 1.7813, Loss_D: 0.1190
Iteration 350: Loss_G: 1.7883, Loss_D: 0.1101
Iteration 400: Loss_G: 1.7429, Loss_D: 0.1237
Iteration 450: Loss_G: 1.8181, Loss_D: 0.1084
Iteration 500: Loss_G: 1.8034, Loss_D: 0.1097
Iteration 550: Loss_G: 1.8241, Loss_D: 0.1072
Iteration 600: Loss_G: 1.7343, Loss_D: 0.1230
Iteration 650: Loss_G: 1.7311, Loss_D: 0.1312
Iteration 700: Loss_G: 1.7408, Loss_D: 0.1249
Iteration 750: Loss_G: 1.7357, Loss_D: 0.1301
Iteration 800: Loss_G: 1.7966, Loss_D: 0.1164
Iteration 850: Loss_G: 1.7786, Loss_D: 0.1208
Iteration 900: Loss_G: 1.7299, Loss_D: 0.1344
Iteration 950: Loss_G: 1.7986, Loss_D: 0.1117
Iteration 1000: Loss_G: 1.7780, Loss_D: 0.1261
Iteration 1050: Loss_G: 1.7109, Loss_D: 0.1316
Iteration 1100: Loss_G: 1.7328, Loss_D: 0.1321
Iteration 1150: Loss_G: 1.7318, Loss_D: 0.1320
Iteration 1200: Loss_G: 1.7249, Loss_D: 0.1286
Epoch [35/40], Loss_G: 1.4416, Loss_D: 0.1223
Epoch [36/40] starts
Iteration 50: Loss_G: 1.7886, Loss_D: 0.1181
Iteration 100: Loss_G: 1.7529, Loss_D: 0.1169
Iteration 150: Loss_G: 1.7754, Loss_D: 0.1173
Iteration 200: Loss_G: 1.7915, Loss_D: 0.1079
Iteration 250: Loss_G: 1.9040, Loss_D: 0.0880
Iteration 300: Loss_G: 1.7612, Loss_D: 0.1166
Iteration 350: Loss_G: 1.8027, Loss_D: 0.1082
Iteration 400: Loss_G: 1.7757, Loss_D: 0.1148
Iteration 450: Loss_G: 1.7442, Loss_D: 0.1216
Iteration 500: Loss_G: 1.7969, Loss_D: 0.1052
Iteration 550: Loss_G: 1.8158, Loss_D: 0.1078
Iteration 600: Loss_G: 1.9231, Loss_D: 0.0770
Iteration 650: Loss_G: 1.7520, Loss_D: 0.1213
Iteration 700: Loss_G: 1.7264, Loss_D: 0.1344
Iteration 750: Loss_G: 1.7626, Loss_D: 0.1164
Iteration 800: Loss_G: 1.7600, Loss_D: 0.1274
Iteration 850: Loss_G: 1.7102, Loss_D: 0.1345
Iteration 900: Loss_G: 1.7468, Loss_D: 0.1220
Iteration 950: Loss_G: 1.8150, Loss_D: 0.1037
Iteration 1000: Loss_G: 1.8710, Loss_D: 0.0889
Iteration 1050: Loss_G: 1.7431, Loss_D: 0.1237
Iteration 1100: Loss_G: 1.7254, Loss_D: 0.1233
Iteration 1150: Loss_G: 1.7600, Loss_D: 0.1211
Iteration 1200: Loss_G: 1.7657, Loss_D: 0.1248
Epoch [36/40], Loss_G: 1.4587, Loss_D: 0.1142
Epoch [37/40] starts
Iteration 50: Loss_G: 1.8231, Loss_D: 0.1045
Iteration 100: Loss_G: 1.7364, Loss_D: 0.1214
Iteration 150: Loss_G: 1.8883, Loss_D: 0.0864
Iteration 200: Loss_G: 1.8130, Loss_D: 0.1090
Iteration 250: Loss_G: 1.7793, Loss_D: 0.1193
Iteration 300: Loss_G: 1.8053, Loss_D: 0.1082
Iteration 350: Loss_G: 1.7349, Loss_D: 0.1236
Iteration 400: Loss_G: 1.8761, Loss_D: 0.0978
Iteration 450: Loss_G: 1.7788, Loss_D: 0.1170
Iteration 500: Loss_G: 1.8549, Loss_D: 0.0856
Iteration 550: Loss_G: 1.7759, Loss_D: 0.1150
Iteration 600: Loss_G: 1.8417, Loss_D: 0.0925
Iteration 650: Loss_G: 1.8140, Loss_D: 0.1009
Iteration 700: Loss_G: 1.9000, Loss_D: 0.0817
Iteration 750: Loss_G: 1.7366, Loss_D: 0.1310
Iteration 800: Loss_G: 1.7675, Loss_D: 0.1183
Iteration 850: Loss_G: 1.7891, Loss_D: 0.1151
Iteration 900: Loss_G: 1.8795, Loss_D: 0.0868
Iteration 950: Loss_G: 1.8693, Loss_D: 0.0892
Iteration 1000: Loss_G: 1.7685, Loss_D: 0.1219
Iteration 1050: Loss_G: 1.8782, Loss_D: 0.0881
Iteration 1100: Loss_G: 1.9371, Loss_D: 0.0688
Iteration 1150: Loss_G: 1.8167, Loss_D: 0.1094
Iteration 1200: Loss_G: 1.7824, Loss_D: 0.1107
Epoch [37/40], Loss_G: 1.4886, Loss_D: 0.1043
Epoch [38/40] starts
Iteration 50: Loss_G: 1.8690, Loss_D: 0.0880
Iteration 100: Loss_G: 1.8489, Loss_D: 0.0994
Iteration 150: Loss_G: 1.8327, Loss_D: 0.1035
Iteration 200: Loss_G: 1.7808, Loss_D: 0.1108
Iteration 250: Loss_G: 1.9155, Loss_D: 0.0807
Iteration 300: Loss_G: 1.8645, Loss_D: 0.0913
Iteration 350: Loss_G: 1.7480, Loss_D: 0.1243
Iteration 400: Loss_G: 1.7482, Loss_D: 0.1195
Iteration 450: Loss_G: 1.7863, Loss_D: 0.1053
Iteration 500: Loss_G: 1.8339, Loss_D: 0.1076
Iteration 550: Loss_G: 1.7875, Loss_D: 0.1128
Iteration 600: Loss_G: 1.8198, Loss_D: 0.1027
Iteration 650: Loss_G: 1.8606, Loss_D: 0.0974
Iteration 700: Loss_G: 1.7825, Loss_D: 0.1071
Iteration 750: Loss_G: 1.8497, Loss_D: 0.0957
Iteration 800: Loss_G: 1.8228, Loss_D: 0.1060
Iteration 850: Loss_G: 1.9562, Loss_D: 0.0663
Iteration 900: Loss_G: 1.8306, Loss_D: 0.1085
Iteration 950: Loss_G: 1.8417, Loss_D: 0.0963
Iteration 1000: Loss_G: 1.7657, Loss_D: 0.1144
Iteration 1050: Loss_G: 1.7884, Loss_D: 0.1200
Iteration 1100: Loss_G: 1.8044, Loss_D: 0.1069
Iteration 1150: Loss_G: 1.7807, Loss_D: 0.1082
Iteration 1200: Loss_G: 1.9557, Loss_D: 0.0642
Epoch [38/40], Loss_G: 1.4964, Loss_D: 0.1015
Epoch [39/40] starts
Iteration 50: Loss_G: 1.7982, Loss_D: 0.1066
Iteration 100: Loss_G: 1.8333, Loss_D: 0.0994
Iteration 150: Loss_G: 1.8481, Loss_D: 0.0971
Iteration 200: Loss_G: 1.8627, Loss_D: 0.0875
Iteration 250: Loss_G: 1.8797, Loss_D: 0.0898
Iteration 300: Loss_G: 1.7187, Loss_D: 0.1312
Iteration 350: Loss_G: 1.9446, Loss_D: 0.0696
Iteration 400: Loss_G: 1.8402, Loss_D: 0.0999
Iteration 450: Loss_G: 1.8332, Loss_D: 0.1013
Iteration 500: Loss_G: 1.7856, Loss_D: 0.1104
Iteration 550: Loss_G: 1.7895, Loss_D: 0.1120
Iteration 600: Loss_G: 1.8370, Loss_D: 0.1050
Iteration 650: Loss_G: 1.8578, Loss_D: 0.0915
Iteration 700: Loss_G: 1.8958, Loss_D: 0.0811
Iteration 750: Loss_G: 1.9357, Loss_D: 0.0720
Iteration 800: Loss_G: 1.8991, Loss_D: 0.0802
Iteration 850: Loss_G: 1.9382, Loss_D: 0.0728
Iteration 900: Loss_G: 1.7496, Loss_D: 0.1217
Iteration 950: Loss_G: 1.7879, Loss_D: 0.1112
Iteration 1000: Loss_G: 1.9002, Loss_D: 0.0823
Iteration 1050: Loss_G: 1.9491, Loss_D: 0.0634
Iteration 1100: Loss_G: 1.9430, Loss_D: 0.0676
Iteration 1150: Loss_G: 1.8300, Loss_D: 0.1003
Iteration 1200: Loss_G: 1.7954, Loss_D: 0.1174
Epoch [39/40], Loss_G: 1.5161, Loss_D: 0.0946
Epoch [40/40] starts
Iteration 50: Loss_G: 1.8427, Loss_D: 0.0977
Iteration 100: Loss_G: 1.8707, Loss_D: 0.0895
Iteration 150: Loss_G: 1.8385, Loss_D: 0.0970
Iteration 200: Loss_G: 1.9200, Loss_D: 0.0734
Iteration 250: Loss_G: 1.8358, Loss_D: 0.1067
Iteration 300: Loss_G: 1.9639, Loss_D: 0.0624
Iteration 350: Loss_G: 1.8799, Loss_D: 0.0817
Iteration 400: Loss_G: 1.8391, Loss_D: 0.0980
Iteration 450: Loss_G: 1.8105, Loss_D: 0.0996
Iteration 500: Loss_G: 1.9632, Loss_D: 0.0635
Iteration 550: Loss_G: 1.9649, Loss_D: 0.0658
Iteration 600: Loss_G: 1.9614, Loss_D: 0.0639
Iteration 650: Loss_G: 1.9606, Loss_D: 0.0636
Iteration 700: Loss_G: 1.9511, Loss_D: 0.0627
Iteration 750: Loss_G: 1.8844, Loss_D: 0.0816
Iteration 800: Loss_G: 1.8292, Loss_D: 0.0986
Iteration 850: Loss_G: 1.9195, Loss_D: 0.0754
Iteration 900: Loss_G: 1.9144, Loss_D: 0.0779
Iteration 950: Loss_G: 1.7784, Loss_D: 0.1128
Iteration 1000: Loss_G: 1.8586, Loss_D: 0.0986
Iteration 1050: Loss_G: 1.8223, Loss_D: 0.1027
Iteration 1100: Loss_G: 1.9396, Loss_D: 0.0797
Iteration 1150: Loss_G: 1.8368, Loss_D: 0.1022
Iteration 1200: Loss_G: 1.9425, Loss_D: 0.0739
Epoch [40/40], Loss_G: 1.5460, Loss_D: 0.0845
The process took 233.17931366761525 minutes to complete.
