nohup: ignoring input
Using downloaded and verified file: ./data/SVHN/raw/train_32x32.mat
Using downloaded and verified file: ./data/SVHN/raw/test_32x32.mat
Using device cuda
Training starts
Epoch [1/40] starts
Iteration 50: Loss_G: 9.9173, Loss_D: 0.0393
Iteration 100: Loss_G: 5.6258, Loss_D: 0.0162
Iteration 150: Loss_G: 4.1483, Loss_D: 0.0251
Iteration 200: Loss_G: 4.0116, Loss_D: 0.0500
Iteration 250: Loss_G: 3.8257, Loss_D: 0.0360
Iteration 300: Loss_G: 3.8927, Loss_D: 0.0342
Iteration 350: Loss_G: 3.7608, Loss_D: 0.0027
Iteration 400: Loss_G: 3.5660, Loss_D: 0.0013
Iteration 450: Loss_G: 3.5405, Loss_D: 0.0102
Iteration 500: Loss_G: 3.5099, Loss_D: 0.0071
Iteration 550: Loss_G: 3.4458, Loss_D: 0.0164
Iteration 600: Loss_G: 3.6796, Loss_D: 0.0136
Iteration 650: Loss_G: 3.5487, Loss_D: 0.0128
Iteration 700: Loss_G: 3.4755, Loss_D: 0.0095
Iteration 750: Loss_G: 3.6247, Loss_D: 0.0120
Iteration 800: Loss_G: 3.5148, Loss_D: 0.0015
Iteration 850: Loss_G: 3.5591, Loss_D: 0.0144
Iteration 900: Loss_G: 3.3833, Loss_D: 0.0155
Iteration 950: Loss_G: 3.3947, Loss_D: 0.0163
Iteration 1000: Loss_G: 3.4972, Loss_D: 0.0242
Iteration 1050: Loss_G: 3.3256, Loss_D: 0.0244
Iteration 1100: Loss_G: 3.4802, Loss_D: 0.0249
Iteration 1150: Loss_G: 3.4810, Loss_D: 0.0248
Iteration 1200: Loss_G: 3.2547, Loss_D: 0.0280
Epoch [1/40], Loss_G: 3.2218, Loss_D: 0.0192
Epoch [2/40] starts
Iteration 50: Loss_G: 3.3177, Loss_D: 0.0203
Iteration 100: Loss_G: 3.3484, Loss_D: 0.0213
Iteration 150: Loss_G: 3.4136, Loss_D: 0.0230
Iteration 200: Loss_G: 3.3246, Loss_D: 0.0259
Iteration 250: Loss_G: 3.3122, Loss_D: 0.0295
Iteration 300: Loss_G: 3.4733, Loss_D: 0.0231
Iteration 350: Loss_G: 3.2770, Loss_D: 0.0019
Iteration 400: Loss_G: 3.2450, Loss_D: 0.0080
Iteration 450: Loss_G: 3.3660, Loss_D: 0.0084
Iteration 500: Loss_G: 3.3522, Loss_D: 0.0200
Iteration 550: Loss_G: 3.4259, Loss_D: 0.0356
Iteration 600: Loss_G: 3.2445, Loss_D: 0.0110
Iteration 650: Loss_G: 3.3005, Loss_D: 0.0019
Iteration 700: Loss_G: 3.0995, Loss_D: 0.0440
Iteration 750: Loss_G: 3.2386, Loss_D: 0.0394
Iteration 800: Loss_G: 3.3477, Loss_D: 0.0158
Iteration 850: Loss_G: 3.2272, Loss_D: 0.0103
Iteration 900: Loss_G: 3.3506, Loss_D: 0.0112
Iteration 950: Loss_G: 3.3987, Loss_D: 0.0125
Iteration 1000: Loss_G: 3.3018, Loss_D: 0.0142
Iteration 1050: Loss_G: 3.3176, Loss_D: 0.0162
Iteration 1100: Loss_G: 3.2266, Loss_D: 0.0149
Iteration 1150: Loss_G: 3.7803, Loss_D: 0.0162
Iteration 1200: Loss_G: 3.5944, Loss_D: 0.0012
Epoch [2/40], Loss_G: 2.7382, Loss_D: 0.0177
Epoch [3/40] starts
Iteration 50: Loss_G: 3.3084, Loss_D: 0.0005
Iteration 100: Loss_G: 3.3552, Loss_D: 0.0002
Iteration 150: Loss_G: 3.3268, Loss_D: 0.0001
Iteration 200: Loss_G: 3.4041, Loss_D: 0.0003
Iteration 250: Loss_G: 3.3666, Loss_D: 0.0001
Iteration 300: Loss_G: 3.3983, Loss_D: 0.0001
Iteration 350: Loss_G: 3.2535, Loss_D: 0.0003
Iteration 400: Loss_G: 3.2882, Loss_D: 0.0001
Iteration 450: Loss_G: 3.3387, Loss_D: 0.0001
Iteration 500: Loss_G: 3.3586, Loss_D: 0.0000
Iteration 550: Loss_G: 3.1958, Loss_D: 0.0000
Iteration 600: Loss_G: 3.3549, Loss_D: 0.0001
Iteration 650: Loss_G: 3.1709, Loss_D: 0.0001
Iteration 700: Loss_G: 3.3705, Loss_D: 0.0001
Iteration 750: Loss_G: 3.3591, Loss_D: 0.0002
Iteration 800: Loss_G: 3.2412, Loss_D: 0.0000
Iteration 850: Loss_G: 3.2971, Loss_D: 0.0002
Iteration 900: Loss_G: 3.2327, Loss_D: 0.0003
Iteration 950: Loss_G: 3.3846, Loss_D: 0.0002
Iteration 1000: Loss_G: 3.1414, Loss_D: 0.0003
Iteration 1050: Loss_G: 3.3780, Loss_D: 0.0000
Iteration 1100: Loss_G: 3.3440, Loss_D: 0.0002
Iteration 1150: Loss_G: 3.1347, Loss_D: 0.0000
Iteration 1200: Loss_G: 3.3770, Loss_D: 0.0000
Epoch [3/40], Loss_G: 2.7074, Loss_D: 0.0001
Epoch [4/40] starts
Iteration 50: Loss_G: 3.2353, Loss_D: 0.0002
Iteration 100: Loss_G: 3.3413, Loss_D: 0.0000
Iteration 150: Loss_G: 3.1961, Loss_D: 0.0002
Iteration 200: Loss_G: 3.2445, Loss_D: 0.0001
Iteration 250: Loss_G: 3.3648, Loss_D: 0.0000
Iteration 300: Loss_G: 3.3377, Loss_D: 0.0000
Iteration 350: Loss_G: 3.2256, Loss_D: 0.0001
Iteration 400: Loss_G: 3.1162, Loss_D: 0.0003
Iteration 450: Loss_G: 3.2092, Loss_D: 0.0000
Iteration 500: Loss_G: 3.2059, Loss_D: 0.0000
Iteration 550: Loss_G: 3.1203, Loss_D: 0.0000
Iteration 600: Loss_G: 3.2113, Loss_D: 0.0000
Iteration 650: Loss_G: 3.2456, Loss_D: 0.0000
Iteration 700: Loss_G: 3.3303, Loss_D: 0.0000
Iteration 750: Loss_G: 3.1452, Loss_D: 0.0000
Iteration 800: Loss_G: 3.2039, Loss_D: 0.0001
Iteration 850: Loss_G: 3.3489, Loss_D: 0.0010
Iteration 900: Loss_G: 3.1147, Loss_D: 0.0005
Iteration 950: Loss_G: 3.2071, Loss_D: 0.0002
Iteration 1000: Loss_G: 3.2461, Loss_D: 0.0003
Iteration 1050: Loss_G: 3.2005, Loss_D: 0.0000
Iteration 1100: Loss_G: 3.1516, Loss_D: 0.0000
Iteration 1150: Loss_G: 3.1923, Loss_D: 0.0000
Iteration 1200: Loss_G: 3.4445, Loss_D: 0.0000
Epoch [4/40], Loss_G: 2.6480, Loss_D: 0.0001
Epoch [5/40] starts
Iteration 50: Loss_G: 3.2838, Loss_D: 0.0000
Iteration 100: Loss_G: 3.2373, Loss_D: 0.0000
Iteration 150: Loss_G: 3.2267, Loss_D: 0.0000
Iteration 200: Loss_G: 3.1583, Loss_D: 0.0000
Iteration 250: Loss_G: 3.2547, Loss_D: 0.0000
Iteration 300: Loss_G: 3.1910, Loss_D: 0.0001
Iteration 350: Loss_G: 3.1861, Loss_D: 0.0000
Iteration 400: Loss_G: 3.1769, Loss_D: 0.0001
Iteration 450: Loss_G: 3.2041, Loss_D: 0.0000
Iteration 500: Loss_G: 3.2047, Loss_D: 0.0000
Iteration 550: Loss_G: 3.0974, Loss_D: 0.0000
Iteration 600: Loss_G: 3.2278, Loss_D: 0.0000
Iteration 650: Loss_G: 3.1543, Loss_D: 0.0000
Iteration 700: Loss_G: 3.1083, Loss_D: 0.0003
Iteration 750: Loss_G: 3.2333, Loss_D: 0.0000
Iteration 800: Loss_G: 3.1275, Loss_D: 0.0001
Iteration 850: Loss_G: 3.2322, Loss_D: 0.0000
Iteration 900: Loss_G: 3.1249, Loss_D: 0.0002
Iteration 950: Loss_G: 3.0467, Loss_D: 0.0000
Iteration 1000: Loss_G: 3.2206, Loss_D: 0.0002
Iteration 1050: Loss_G: 3.2295, Loss_D: 0.0000
Iteration 1100: Loss_G: 3.0837, Loss_D: 0.0000
Iteration 1150: Loss_G: 3.0230, Loss_D: 0.0000
Iteration 1200: Loss_G: 3.2444, Loss_D: 0.0000
Epoch [5/40], Loss_G: 2.6015, Loss_D: 0.0001
Epoch [6/40] starts
Iteration 50: Loss_G: 3.2481, Loss_D: 0.0000
Iteration 100: Loss_G: 3.2231, Loss_D: 0.0003
Iteration 150: Loss_G: 3.2579, Loss_D: 0.0000
Iteration 200: Loss_G: 3.2786, Loss_D: 0.0002
Iteration 250: Loss_G: 3.2027, Loss_D: 0.0000
Iteration 300: Loss_G: 3.1189, Loss_D: 0.0000
Iteration 350: Loss_G: 3.2281, Loss_D: 0.0000
Iteration 400: Loss_G: 3.1647, Loss_D: 0.0001
Iteration 450: Loss_G: 3.1267, Loss_D: 0.0007
Iteration 500: Loss_G: 3.1670, Loss_D: 0.0030
Iteration 550: Loss_G: 3.1972, Loss_D: 0.0021
Iteration 600: Loss_G: 3.1214, Loss_D: 0.0003
Iteration 650: Loss_G: 3.3123, Loss_D: 0.0005
Iteration 700: Loss_G: 3.1739, Loss_D: 0.0003
Iteration 750: Loss_G: 3.1909, Loss_D: 0.0003
Iteration 800: Loss_G: 3.0949, Loss_D: 0.0001
Iteration 850: Loss_G: 3.0867, Loss_D: 0.0002
Iteration 900: Loss_G: 3.2313, Loss_D: 0.0003
Iteration 950: Loss_G: 3.1619, Loss_D: 0.0000
Iteration 1000: Loss_G: 3.1205, Loss_D: 0.0012
Iteration 1050: Loss_G: 3.0349, Loss_D: 0.0005
Iteration 1100: Loss_G: 3.1761, Loss_D: 0.0003
Iteration 1150: Loss_G: 3.1718, Loss_D: 0.0003
Iteration 1200: Loss_G: 3.1012, Loss_D: 0.0003
Epoch [6/40], Loss_G: 2.5986, Loss_D: 0.0005
Epoch [7/40] starts
Iteration 50: Loss_G: 3.0695, Loss_D: 0.0038
Iteration 100: Loss_G: 3.2392, Loss_D: 0.0026
Iteration 150: Loss_G: 3.0862, Loss_D: 0.0015
Iteration 200: Loss_G: 3.0470, Loss_D: 0.0007
Iteration 250: Loss_G: 2.9851, Loss_D: 0.0011
Iteration 300: Loss_G: 3.0506, Loss_D: 0.0005
Iteration 350: Loss_G: 2.9742, Loss_D: 0.0005
Iteration 400: Loss_G: 3.0695, Loss_D: 0.0003
Iteration 450: Loss_G: 2.9836, Loss_D: 0.0001
Iteration 500: Loss_G: 2.8940, Loss_D: 0.0004
Iteration 550: Loss_G: 2.8608, Loss_D: 0.0002
Iteration 600: Loss_G: 2.9264, Loss_D: 0.0005
Iteration 650: Loss_G: 2.8687, Loss_D: 0.0003
Iteration 700: Loss_G: 2.8713, Loss_D: 0.0002
Iteration 750: Loss_G: 2.9757, Loss_D: 0.0006
Iteration 800: Loss_G: 2.9769, Loss_D: 0.0002
Iteration 850: Loss_G: 2.8869, Loss_D: 0.0003
Iteration 900: Loss_G: 2.9633, Loss_D: 0.0001
Iteration 950: Loss_G: 2.9017, Loss_D: 0.0001
Iteration 1000: Loss_G: 2.8273, Loss_D: 0.0001
Iteration 1050: Loss_G: 2.9352, Loss_D: 0.0004
Iteration 1100: Loss_G: 2.7941, Loss_D: 0.0004
Iteration 1150: Loss_G: 2.8360, Loss_D: 0.0003
Iteration 1200: Loss_G: 2.8666, Loss_D: 0.0005
Epoch [7/40], Loss_G: 2.4178, Loss_D: 0.0007
Epoch [8/40] starts
Iteration 50: Loss_G: 2.8004, Loss_D: 0.0011
Iteration 100: Loss_G: 2.8009, Loss_D: 0.0002
Iteration 150: Loss_G: 2.9112, Loss_D: 0.0002
Iteration 200: Loss_G: 2.8869, Loss_D: 0.0003
Iteration 250: Loss_G: 2.8571, Loss_D: 0.0003
Iteration 300: Loss_G: 2.7631, Loss_D: 0.0003
Iteration 350: Loss_G: 2.7861, Loss_D: 0.0003
Iteration 400: Loss_G: 2.7375, Loss_D: 0.0003
Iteration 450: Loss_G: 2.7586, Loss_D: 0.0001
Iteration 500: Loss_G: 2.7529, Loss_D: 0.0001
Iteration 550: Loss_G: 2.8599, Loss_D: 0.0002
Iteration 600: Loss_G: 2.7799, Loss_D: 0.0001
Iteration 650: Loss_G: 2.7895, Loss_D: 0.0002
Iteration 700: Loss_G: 2.7701, Loss_D: 0.0005
Iteration 750: Loss_G: 2.7556, Loss_D: 0.0003
Iteration 800: Loss_G: 2.8047, Loss_D: 0.0001
Iteration 850: Loss_G: 2.7271, Loss_D: 0.0000
Iteration 900: Loss_G: 2.7527, Loss_D: 0.0002
Iteration 950: Loss_G: 2.7146, Loss_D: 0.0001
Iteration 1000: Loss_G: 2.7627, Loss_D: 0.0001
Iteration 1050: Loss_G: 2.7356, Loss_D: 0.0000
Iteration 1100: Loss_G: 2.8070, Loss_D: 0.0000
Iteration 1150: Loss_G: 2.7510, Loss_D: 0.0000
Iteration 1200: Loss_G: 2.7639, Loss_D: 0.0000
Epoch [8/40], Loss_G: 2.2793, Loss_D: 0.0002
Epoch [9/40] starts
Iteration 50: Loss_G: 2.7947, Loss_D: 0.0006
Iteration 100: Loss_G: 2.7213, Loss_D: 0.0005
Iteration 150: Loss_G: 2.8545, Loss_D: 0.0004
Iteration 200: Loss_G: 2.7490, Loss_D: 0.0001
Iteration 250: Loss_G: 2.7300, Loss_D: 0.0001
Iteration 300: Loss_G: 2.7255, Loss_D: 0.0003
Iteration 350: Loss_G: 2.7699, Loss_D: 0.0001
Iteration 400: Loss_G: 2.8373, Loss_D: 0.0000
Iteration 450: Loss_G: 2.7778, Loss_D: 0.0000
Iteration 500: Loss_G: 2.7280, Loss_D: 0.0000
Iteration 550: Loss_G: 2.7804, Loss_D: 0.0000
Iteration 600: Loss_G: 2.7766, Loss_D: 0.0000
Iteration 650: Loss_G: 2.7441, Loss_D: 0.0000
Iteration 700: Loss_G: 2.7250, Loss_D: 0.0000
Iteration 750: Loss_G: 2.7377, Loss_D: 0.0000
Iteration 800: Loss_G: 2.7120, Loss_D: 0.0000
Iteration 850: Loss_G: 2.7085, Loss_D: 0.0000
Iteration 900: Loss_G: 2.6737, Loss_D: 0.0001
Iteration 950: Loss_G: 2.7622, Loss_D: 0.0000
Iteration 1000: Loss_G: 2.7607, Loss_D: 0.0001
Iteration 1050: Loss_G: 2.7205, Loss_D: 0.0000
Iteration 1100: Loss_G: 2.7706, Loss_D: 0.0000
Iteration 1150: Loss_G: 2.7336, Loss_D: 0.0001
Iteration 1200: Loss_G: 2.7112, Loss_D: 0.0001
Epoch [9/40], Loss_G: 2.2512, Loss_D: 0.0001
Epoch [10/40] starts
Iteration 50: Loss_G: 2.7289, Loss_D: 0.0001
Iteration 100: Loss_G: 2.6926, Loss_D: 0.0000
Iteration 150: Loss_G: 2.7555, Loss_D: 0.0001
Iteration 200: Loss_G: 2.7356, Loss_D: 0.0000
Iteration 250: Loss_G: 2.7134, Loss_D: 0.0000
Iteration 300: Loss_G: 2.6978, Loss_D: 0.0002
Iteration 350: Loss_G: 2.7335, Loss_D: 0.0000
Iteration 400: Loss_G: 2.7567, Loss_D: 0.0000
Iteration 450: Loss_G: 2.6959, Loss_D: 0.0000
Iteration 500: Loss_G: 2.6807, Loss_D: 0.0000
Iteration 550: Loss_G: 2.7486, Loss_D: 0.0000
Iteration 600: Loss_G: 2.6751, Loss_D: 0.0000
Iteration 650: Loss_G: 2.7426, Loss_D: 0.0000
Iteration 700: Loss_G: 2.6668, Loss_D: 0.0069
Iteration 750: Loss_G: 2.7010, Loss_D: 0.0045
Iteration 800: Loss_G: 2.7363, Loss_D: 0.0137
Iteration 850: Loss_G: 2.7216, Loss_D: 0.0026
Iteration 900: Loss_G: 2.6772, Loss_D: 0.0080
Iteration 950: Loss_G: 2.7210, Loss_D: 0.0124
Iteration 1000: Loss_G: 2.6903, Loss_D: 0.0062
Iteration 1050: Loss_G: 2.7295, Loss_D: 0.0046
Iteration 1100: Loss_G: 2.7518, Loss_D: 0.0048
Iteration 1150: Loss_G: 2.7049, Loss_D: 0.0010
Iteration 1200: Loss_G: 2.6592, Loss_D: 0.0004
Epoch [10/40], Loss_G: 2.2209, Loss_D: 0.0027
Epoch [11/40] starts
Iteration 50: Loss_G: 2.7003, Loss_D: 0.0008
Iteration 100: Loss_G: 2.7014, Loss_D: 0.0030
Iteration 150: Loss_G: 2.6894, Loss_D: 0.0022
Iteration 200: Loss_G: 2.6156, Loss_D: 0.0027
Iteration 250: Loss_G: 2.6862, Loss_D: 0.0015
Iteration 300: Loss_G: 2.7474, Loss_D: 0.0020
Iteration 350: Loss_G: 2.6835, Loss_D: 0.0020
Iteration 400: Loss_G: 2.7278, Loss_D: 0.0022
Iteration 450: Loss_G: 2.7426, Loss_D: 0.0033
Iteration 500: Loss_G: 2.7063, Loss_D: 0.0047
Iteration 550: Loss_G: 2.7151, Loss_D: 0.0045
Iteration 600: Loss_G: 2.6868, Loss_D: 0.0083
Iteration 650: Loss_G: 2.6714, Loss_D: 0.0192
Iteration 700: Loss_G: 2.7254, Loss_D: 0.0086
Iteration 750: Loss_G: 2.7101, Loss_D: 0.0010
Iteration 800: Loss_G: 2.6843, Loss_D: 0.0004
Iteration 850: Loss_G: 2.7091, Loss_D: 0.0007
Iteration 900: Loss_G: 2.7178, Loss_D: 0.0011
Iteration 950: Loss_G: 2.6888, Loss_D: 0.0074
Iteration 1000: Loss_G: 2.6637, Loss_D: 0.0027
Iteration 1050: Loss_G: 2.6705, Loss_D: 0.0047
Iteration 1100: Loss_G: 2.6290, Loss_D: 0.0042
Iteration 1150: Loss_G: 2.7296, Loss_D: 0.0046
Iteration 1200: Loss_G: 2.6857, Loss_D: 0.0115
Epoch [11/40], Loss_G: 2.2063, Loss_D: 0.0043
Epoch [12/40] starts
Iteration 50: Loss_G: 2.6826, Loss_D: 0.0112
Iteration 100: Loss_G: 2.6816, Loss_D: 0.0094
Iteration 150: Loss_G: 2.7170, Loss_D: 0.0067
Iteration 200: Loss_G: 2.6288, Loss_D: 0.0087
Iteration 250: Loss_G: 2.6991, Loss_D: 0.0113
Iteration 300: Loss_G: 2.6583, Loss_D: 0.0100
Iteration 350: Loss_G: 2.6945, Loss_D: 0.0103
Iteration 400: Loss_G: 2.9244, Loss_D: 0.0030
Iteration 450: Loss_G: 2.7077, Loss_D: 0.0002
Iteration 500: Loss_G: 2.6826, Loss_D: 0.0001
Iteration 550: Loss_G: 2.7036, Loss_D: 0.0001
Iteration 600: Loss_G: 2.6780, Loss_D: 0.0000
Iteration 650: Loss_G: 2.7265, Loss_D: 0.0001
Iteration 700: Loss_G: 2.7165, Loss_D: 0.0001
Iteration 750: Loss_G: 2.6855, Loss_D: 0.0006
Iteration 800: Loss_G: 2.7192, Loss_D: 0.0000
Iteration 850: Loss_G: 2.6377, Loss_D: 0.0001
Iteration 900: Loss_G: 2.6593, Loss_D: 0.0001
Iteration 950: Loss_G: 2.6592, Loss_D: 0.0000
Iteration 1000: Loss_G: 2.6474, Loss_D: 0.0000
Iteration 1050: Loss_G: 2.6722, Loss_D: 0.0002
Iteration 1100: Loss_G: 2.6751, Loss_D: 0.0001
Iteration 1150: Loss_G: 2.6570, Loss_D: 0.0001
Iteration 1200: Loss_G: 2.6480, Loss_D: 0.0005
Epoch [12/40], Loss_G: 2.2020, Loss_D: 0.0030
Epoch [13/40] starts
Iteration 50: Loss_G: 2.6427, Loss_D: 0.0004
Iteration 100: Loss_G: 2.6679, Loss_D: 0.0003
Iteration 150: Loss_G: 2.6819, Loss_D: 0.0001
Iteration 200: Loss_G: 2.6285, Loss_D: 0.0002
Iteration 250: Loss_G: 2.7069, Loss_D: 0.0002
Iteration 300: Loss_G: 2.6508, Loss_D: 0.0004
Iteration 350: Loss_G: 2.6548, Loss_D: 0.0016
Iteration 400: Loss_G: 2.6560, Loss_D: 0.0014
Iteration 450: Loss_G: 2.6173, Loss_D: 0.0010
Iteration 500: Loss_G: 2.6245, Loss_D: 0.0015
Iteration 550: Loss_G: 2.6555, Loss_D: 0.0040
Iteration 600: Loss_G: 2.6467, Loss_D: 0.0050
Iteration 650: Loss_G: 2.6581, Loss_D: 0.0062
Iteration 700: Loss_G: 2.6761, Loss_D: 0.0076
Iteration 750: Loss_G: 2.6120, Loss_D: 0.0101
Iteration 800: Loss_G: 2.6356, Loss_D: 0.0085
Iteration 850: Loss_G: 2.6682, Loss_D: 0.0060
Iteration 900: Loss_G: 2.6342, Loss_D: 0.0088
Iteration 950: Loss_G: 2.6405, Loss_D: 0.0103
Iteration 1000: Loss_G: 2.6626, Loss_D: 0.0111
Iteration 1050: Loss_G: 2.6073, Loss_D: 0.0116
Iteration 1100: Loss_G: 2.6360, Loss_D: 0.0116
Iteration 1150: Loss_G: 2.6176, Loss_D: 0.0214
Iteration 1200: Loss_G: 2.6846, Loss_D: 0.0126
Epoch [13/40], Loss_G: 2.1680, Loss_D: 0.0059
Epoch [14/40] starts
Iteration 50: Loss_G: 2.7820, Loss_D: 0.0145
Iteration 100: Loss_G: 2.7234, Loss_D: 0.0007
Iteration 150: Loss_G: 2.6913, Loss_D: 0.0001
Iteration 200: Loss_G: 2.6818, Loss_D: 0.0002
Iteration 250: Loss_G: 2.6277, Loss_D: 0.0005
Iteration 300: Loss_G: 2.7145, Loss_D: 0.0006
Iteration 350: Loss_G: 2.6150, Loss_D: 0.0016
Iteration 400: Loss_G: 2.6538, Loss_D: 0.0058
Iteration 450: Loss_G: 2.6502, Loss_D: 0.0089
Iteration 500: Loss_G: 2.6411, Loss_D: 0.0088
Iteration 550: Loss_G: 2.6608, Loss_D: 0.0087
Iteration 600: Loss_G: 2.6466, Loss_D: 0.0107
Iteration 650: Loss_G: 2.6287, Loss_D: 0.0115
Iteration 700: Loss_G: 2.6395, Loss_D: 0.0144
Iteration 750: Loss_G: 2.6382, Loss_D: 0.0126
Iteration 800: Loss_G: 2.6273, Loss_D: 0.0138
Iteration 850: Loss_G: 2.6760, Loss_D: 0.0163
Iteration 900: Loss_G: 2.6258, Loss_D: 0.0140
Iteration 950: Loss_G: 2.6323, Loss_D: 0.0157
Iteration 1000: Loss_G: 2.6659, Loss_D: 0.0149
Iteration 1050: Loss_G: 2.6034, Loss_D: 0.0225
Iteration 1100: Loss_G: 2.6456, Loss_D: 0.0148
Iteration 1150: Loss_G: 2.6432, Loss_D: 0.0213
Iteration 1200: Loss_G: 2.5917, Loss_D: 0.0192
Epoch [14/40], Loss_G: 2.1728, Loss_D: 0.0105
Epoch [15/40] starts
Iteration 50: Loss_G: 2.5815, Loss_D: 0.0180
Iteration 100: Loss_G: 2.6052, Loss_D: 0.0201
Iteration 150: Loss_G: 2.5847, Loss_D: 0.0202
Iteration 200: Loss_G: 2.6211, Loss_D: 0.0192
Iteration 250: Loss_G: 2.5827, Loss_D: 0.0260
Iteration 300: Loss_G: 2.8762, Loss_D: 0.0252
Iteration 350: Loss_G: 2.8630, Loss_D: 0.0016
Iteration 400: Loss_G: 2.7094, Loss_D: 0.0005
Iteration 450: Loss_G: 2.7240, Loss_D: 0.0002
Iteration 500: Loss_G: 2.6459, Loss_D: 0.0001
Iteration 550: Loss_G: 2.6524, Loss_D: 0.0002
Iteration 600: Loss_G: 2.6897, Loss_D: 0.0001
Iteration 650: Loss_G: 2.6254, Loss_D: 0.0003
Iteration 700: Loss_G: 2.6863, Loss_D: 0.0002
Iteration 750: Loss_G: 2.6768, Loss_D: 0.0000
Iteration 800: Loss_G: 2.6327, Loss_D: 0.0001
Iteration 850: Loss_G: 2.6075, Loss_D: 0.0001
Iteration 900: Loss_G: 2.6235, Loss_D: 0.0001
Iteration 950: Loss_G: 2.6295, Loss_D: 0.0003
Iteration 1000: Loss_G: 2.6709, Loss_D: 0.0003
Iteration 1050: Loss_G: 2.5813, Loss_D: 0.0002
Iteration 1100: Loss_G: 2.6964, Loss_D: 0.0003
Iteration 1150: Loss_G: 2.6494, Loss_D: 0.0000
Iteration 1200: Loss_G: 2.6351, Loss_D: 0.0001
Epoch [15/40], Loss_G: 2.1777, Loss_D: 0.0056
Epoch [16/40] starts
Iteration 50: Loss_G: 2.6398, Loss_D: 0.0002
Iteration 100: Loss_G: 2.5953, Loss_D: 0.0000
Iteration 150: Loss_G: 2.6279, Loss_D: 0.0000
Iteration 200: Loss_G: 2.5705, Loss_D: 0.0000
Iteration 250: Loss_G: 2.6134, Loss_D: 0.0000
Iteration 300: Loss_G: 2.6438, Loss_D: 0.0000
Iteration 350: Loss_G: 2.6216, Loss_D: 0.0000
Iteration 400: Loss_G: 2.6269, Loss_D: 0.0000
Iteration 450: Loss_G: 2.6150, Loss_D: 0.0000
Iteration 500: Loss_G: 2.6124, Loss_D: 0.0001
Iteration 550: Loss_G: 2.6145, Loss_D: 0.0000
Iteration 600: Loss_G: 2.6394, Loss_D: 0.0001
Iteration 650: Loss_G: 2.6098, Loss_D: 0.0000
Iteration 700: Loss_G: 2.6266, Loss_D: 0.0001
Iteration 750: Loss_G: 2.6626, Loss_D: 0.0000
Iteration 800: Loss_G: 2.6470, Loss_D: 0.0000
Iteration 850: Loss_G: 2.6538, Loss_D: 0.0000
Iteration 900: Loss_G: 2.6426, Loss_D: 0.0001
Iteration 950: Loss_G: 2.5954, Loss_D: 0.0001
Iteration 1000: Loss_G: 2.6386, Loss_D: 0.0001
Iteration 1050: Loss_G: 2.6024, Loss_D: 0.0009
Iteration 1100: Loss_G: 2.6095, Loss_D: 0.0000
Iteration 1150: Loss_G: 2.6111, Loss_D: 0.0000
Iteration 1200: Loss_G: 2.6019, Loss_D: 0.0003
Epoch [16/40], Loss_G: 2.1460, Loss_D: 0.0001
Epoch [17/40] starts
Iteration 50: Loss_G: 2.6320, Loss_D: 0.0001
Iteration 100: Loss_G: 2.6426, Loss_D: 0.0001
Iteration 150: Loss_G: 2.5917, Loss_D: 0.0001
Iteration 200: Loss_G: 2.5849, Loss_D: 0.0004
Iteration 250: Loss_G: 2.6414, Loss_D: 0.0000
Iteration 300: Loss_G: 2.6058, Loss_D: 0.0000
Iteration 350: Loss_G: 2.6114, Loss_D: 0.0000
Iteration 400: Loss_G: 2.6108, Loss_D: 0.0004
Iteration 450: Loss_G: 2.6278, Loss_D: 0.0000
Iteration 500: Loss_G: 2.5477, Loss_D: 0.0002
Iteration 550: Loss_G: 2.6001, Loss_D: 0.0001
Iteration 600: Loss_G: 2.6159, Loss_D: 0.0002
Iteration 650: Loss_G: 2.6279, Loss_D: 0.0000
Iteration 700: Loss_G: 2.5743, Loss_D: 0.0000
Iteration 750: Loss_G: 2.6139, Loss_D: 0.0000
Iteration 800: Loss_G: 2.5670, Loss_D: 0.0000
Iteration 850: Loss_G: 2.6174, Loss_D: 0.0000
Iteration 900: Loss_G: 2.6375, Loss_D: 0.0000
Iteration 950: Loss_G: 2.6165, Loss_D: 0.0000
Iteration 1000: Loss_G: 2.6298, Loss_D: 0.0001
Iteration 1050: Loss_G: 2.6286, Loss_D: 0.0000
Iteration 1100: Loss_G: 2.5977, Loss_D: 0.0000
Iteration 1150: Loss_G: 2.6179, Loss_D: 0.0000
Iteration 1200: Loss_G: 2.6207, Loss_D: 0.0001
Epoch [17/40], Loss_G: 2.1371, Loss_D: 0.0001
Epoch [18/40] starts
Iteration 50: Loss_G: 2.6083, Loss_D: 0.0000
Iteration 100: Loss_G: 2.5949, Loss_D: 0.0000
Iteration 150: Loss_G: 2.5884, Loss_D: 0.0000
Iteration 200: Loss_G: 2.5978, Loss_D: 0.0000
Iteration 250: Loss_G: 2.6004, Loss_D: 0.0001
Iteration 300: Loss_G: 2.5788, Loss_D: 0.0000
Iteration 350: Loss_G: 2.5474, Loss_D: 0.0000
Iteration 400: Loss_G: 2.5876, Loss_D: 0.0000
Iteration 450: Loss_G: 2.5940, Loss_D: 0.0000
Iteration 500: Loss_G: 2.6045, Loss_D: 0.0000
Iteration 550: Loss_G: 2.5674, Loss_D: 0.0001
Iteration 600: Loss_G: 2.5840, Loss_D: 0.0000
Iteration 650: Loss_G: 2.6108, Loss_D: 0.0000
Iteration 700: Loss_G: 2.6069, Loss_D: 0.0000
Iteration 750: Loss_G: 2.6090, Loss_D: 0.0000
Iteration 800: Loss_G: 2.6181, Loss_D: 0.0000
Iteration 850: Loss_G: 2.5794, Loss_D: 0.0005
Iteration 900: Loss_G: 2.6030, Loss_D: 0.0001
Iteration 950: Loss_G: 2.5800, Loss_D: 0.0000
Iteration 1000: Loss_G: 2.6117, Loss_D: 0.0010
Iteration 1050: Loss_G: 2.6819, Loss_D: 0.0002
Iteration 1100: Loss_G: 2.6190, Loss_D: 0.0001
Iteration 1150: Loss_G: 2.6131, Loss_D: 0.0000
Iteration 1200: Loss_G: 2.6230, Loss_D: 0.0000
Epoch [18/40], Loss_G: 2.1286, Loss_D: 0.0001
Epoch [19/40] starts
Iteration 50: Loss_G: 2.6063, Loss_D: 0.0000
Iteration 100: Loss_G: 2.6018, Loss_D: 0.0000
Iteration 150: Loss_G: 2.5898, Loss_D: 0.0000
Iteration 200: Loss_G: 2.5432, Loss_D: 0.0000
Iteration 250: Loss_G: 2.5515, Loss_D: 0.0000
Iteration 300: Loss_G: 2.6181, Loss_D: 0.0001
Iteration 350: Loss_G: 2.5514, Loss_D: 0.0000
Iteration 400: Loss_G: 2.6143, Loss_D: 0.0001
Iteration 450: Loss_G: 2.5670, Loss_D: 0.0001
Iteration 500: Loss_G: 2.5728, Loss_D: 0.0000
Iteration 550: Loss_G: 2.5452, Loss_D: 0.0000
Iteration 600: Loss_G: 2.5908, Loss_D: 0.0000
Iteration 650: Loss_G: 2.5706, Loss_D: 0.0000
Iteration 700: Loss_G: 2.5726, Loss_D: 0.0000
Iteration 750: Loss_G: 2.6147, Loss_D: 0.0000
Iteration 800: Loss_G: 2.5357, Loss_D: 0.0000
Iteration 850: Loss_G: 2.5694, Loss_D: 0.0000
Iteration 900: Loss_G: 2.5723, Loss_D: 0.0000
Iteration 950: Loss_G: 2.5821, Loss_D: 0.0000
Iteration 1000: Loss_G: 2.6063, Loss_D: 0.0000
Iteration 1050: Loss_G: 2.5182, Loss_D: 0.0010
Iteration 1100: Loss_G: 2.5617, Loss_D: 0.0001
Iteration 1150: Loss_G: 2.5409, Loss_D: 0.0001
Iteration 1200: Loss_G: 2.5705, Loss_D: 0.0000
Epoch [19/40], Loss_G: 2.1067, Loss_D: 0.0001
Epoch [20/40] starts
Iteration 50: Loss_G: 2.5537, Loss_D: 0.0000
Iteration 100: Loss_G: 2.5805, Loss_D: 0.0001
Iteration 150: Loss_G: 2.6113, Loss_D: 0.0000
Iteration 200: Loss_G: 2.5933, Loss_D: 0.0001
Iteration 250: Loss_G: 2.5475, Loss_D: 0.0000
Iteration 300: Loss_G: 2.5951, Loss_D: 0.0000
Iteration 350: Loss_G: 2.5303, Loss_D: 0.0000
Iteration 400: Loss_G: 2.5541, Loss_D: 0.0000
Iteration 450: Loss_G: 2.5462, Loss_D: 0.0000
Iteration 500: Loss_G: 2.5440, Loss_D: 0.0000
Iteration 550: Loss_G: 2.6155, Loss_D: 0.0000
Iteration 600: Loss_G: 2.6339, Loss_D: 0.0000
Iteration 650: Loss_G: 2.5719, Loss_D: 0.0000
Iteration 700: Loss_G: 2.6053, Loss_D: 0.0000
Iteration 750: Loss_G: 2.5861, Loss_D: 0.0000
Iteration 800: Loss_G: 2.5937, Loss_D: 0.0000
Iteration 850: Loss_G: 2.5877, Loss_D: 0.0000
Iteration 900: Loss_G: 2.5079, Loss_D: 0.0000
Iteration 950: Loss_G: 2.5448, Loss_D: 0.0000
Iteration 1000: Loss_G: 2.6212, Loss_D: 0.0000
Iteration 1050: Loss_G: 2.5981, Loss_D: 0.0000
Iteration 1100: Loss_G: 2.5385, Loss_D: 0.0000
Iteration 1150: Loss_G: 2.5293, Loss_D: 0.0004
Iteration 1200: Loss_G: 2.5412, Loss_D: 0.0006
Epoch [20/40], Loss_G: 2.1054, Loss_D: 0.0001
Epoch [21/40] starts
Iteration 50: Loss_G: 2.5889, Loss_D: 0.0001
Iteration 100: Loss_G: 2.5706, Loss_D: 0.0018
Iteration 150: Loss_G: 2.5466, Loss_D: 0.0002
Iteration 200: Loss_G: 2.5716, Loss_D: 0.0000
Iteration 250: Loss_G: 2.5559, Loss_D: 0.0007
Iteration 300: Loss_G: 2.5426, Loss_D: 0.0001
Iteration 350: Loss_G: 2.5684, Loss_D: 0.0000
Iteration 400: Loss_G: 2.5529, Loss_D: 0.0001
Iteration 450: Loss_G: 2.5300, Loss_D: 0.0001
Iteration 500: Loss_G: 2.5782, Loss_D: 0.0000
Iteration 550: Loss_G: 2.5545, Loss_D: 0.0022
Iteration 600: Loss_G: 2.5613, Loss_D: 0.0034
Iteration 650: Loss_G: 2.5388, Loss_D: 0.0004
Iteration 700: Loss_G: 2.5531, Loss_D: 0.0001
Iteration 750: Loss_G: 2.5243, Loss_D: 0.0004
Iteration 800: Loss_G: 2.5672, Loss_D: 0.0002
Iteration 850: Loss_G: 2.5496, Loss_D: 0.0000
Iteration 900: Loss_G: 2.5517, Loss_D: 0.0002
Iteration 950: Loss_G: 2.5696, Loss_D: 0.0001
Iteration 1000: Loss_G: 2.5375, Loss_D: 0.0000
Iteration 1050: Loss_G: 2.5470, Loss_D: 0.0000
Iteration 1100: Loss_G: 2.5620, Loss_D: 0.0000
Iteration 1150: Loss_G: 2.5031, Loss_D: 0.0000
Iteration 1200: Loss_G: 2.5405, Loss_D: 0.0000
Epoch [21/40], Loss_G: 2.0896, Loss_D: 0.0004
Epoch [22/40] starts
Iteration 50: Loss_G: 2.5389, Loss_D: 0.0000
Iteration 100: Loss_G: 2.5402, Loss_D: 0.0001
Iteration 150: Loss_G: 2.5489, Loss_D: 0.0001
Iteration 200: Loss_G: 2.6143, Loss_D: 0.0000
Iteration 250: Loss_G: 2.5359, Loss_D: 0.0000
Iteration 300: Loss_G: 2.5335, Loss_D: 0.0000
Iteration 350: Loss_G: 2.5211, Loss_D: 0.0000
Iteration 400: Loss_G: 2.5140, Loss_D: 0.0000
Iteration 450: Loss_G: 2.5333, Loss_D: 0.0000
Iteration 500: Loss_G: 2.5264, Loss_D: 0.0000
Iteration 550: Loss_G: 2.5350, Loss_D: 0.0000
Iteration 600: Loss_G: 2.5842, Loss_D: 0.0000
Iteration 650: Loss_G: 2.5604, Loss_D: 0.0000
Iteration 700: Loss_G: 2.4879, Loss_D: 0.0001
Iteration 750: Loss_G: 2.5411, Loss_D: 0.0000
Iteration 800: Loss_G: 2.5427, Loss_D: 0.0000
Iteration 850: Loss_G: 2.5226, Loss_D: 0.0001
Iteration 900: Loss_G: 2.5051, Loss_D: 0.0001
Iteration 950: Loss_G: 2.5224, Loss_D: 0.0000
Iteration 1000: Loss_G: 2.5454, Loss_D: 0.0000
Iteration 1050: Loss_G: 2.5171, Loss_D: 0.0000
Iteration 1100: Loss_G: 2.5167, Loss_D: 0.0000
Iteration 1150: Loss_G: 2.5775, Loss_D: 0.0000
Iteration 1200: Loss_G: 2.5152, Loss_D: 0.0000
Epoch [22/40], Loss_G: 2.0764, Loss_D: 0.0000
Epoch [23/40] starts
Iteration 50: Loss_G: 2.4939, Loss_D: 0.0000
Iteration 100: Loss_G: 2.4675, Loss_D: 0.0000
Iteration 150: Loss_G: 2.5350, Loss_D: 0.0000
Iteration 200: Loss_G: 2.5460, Loss_D: 0.0000
Iteration 250: Loss_G: 2.5616, Loss_D: 0.0000
Iteration 300: Loss_G: 2.5062, Loss_D: 0.0000
Iteration 350: Loss_G: 2.4974, Loss_D: 0.0000
Iteration 400: Loss_G: 2.5281, Loss_D: 0.0000
Iteration 450: Loss_G: 2.5392, Loss_D: 0.0000
Iteration 500: Loss_G: 2.5231, Loss_D: 0.0000
Iteration 550: Loss_G: 2.5351, Loss_D: 0.0000
Iteration 600: Loss_G: 2.5152, Loss_D: 0.0000
Iteration 650: Loss_G: 2.5626, Loss_D: 0.0000
Iteration 700: Loss_G: 2.5221, Loss_D: 0.0000
Iteration 750: Loss_G: 2.5094, Loss_D: 0.0000
Iteration 800: Loss_G: 2.4991, Loss_D: 0.0000
Iteration 850: Loss_G: 2.5508, Loss_D: 0.0000
Iteration 900: Loss_G: 2.5562, Loss_D: 0.0000
Iteration 950: Loss_G: 2.5272, Loss_D: 0.0001
Iteration 1000: Loss_G: 2.4860, Loss_D: 0.0001
Iteration 1050: Loss_G: 2.5056, Loss_D: 0.0000
Iteration 1100: Loss_G: 2.4873, Loss_D: 0.0000
Iteration 1150: Loss_G: 2.5113, Loss_D: 0.0000
Iteration 1200: Loss_G: 2.5146, Loss_D: 0.0000
Epoch [23/40], Loss_G: 2.0628, Loss_D: 0.0000
Epoch [24/40] starts
Iteration 50: Loss_G: 2.4928, Loss_D: 0.0000
Iteration 100: Loss_G: 2.5001, Loss_D: 0.0000
Iteration 150: Loss_G: 2.5026, Loss_D: 0.0000
Iteration 200: Loss_G: 2.5231, Loss_D: 0.0000
Iteration 250: Loss_G: 2.4930, Loss_D: 0.0001
Iteration 300: Loss_G: 2.5495, Loss_D: 0.0000
Iteration 350: Loss_G: 2.5216, Loss_D: 0.0000
Iteration 400: Loss_G: 2.5624, Loss_D: 0.0000
Iteration 450: Loss_G: 2.5172, Loss_D: 0.0000
Iteration 500: Loss_G: 2.4806, Loss_D: 0.0000
Iteration 550: Loss_G: 2.5119, Loss_D: 0.0000
Iteration 600: Loss_G: 2.5008, Loss_D: 0.0000
Iteration 650: Loss_G: 2.5141, Loss_D: 0.0000
Iteration 700: Loss_G: 2.4798, Loss_D: 0.0000
Iteration 750: Loss_G: 2.5254, Loss_D: 0.0000
Iteration 800: Loss_G: 2.4987, Loss_D: 0.0000
Iteration 850: Loss_G: 2.5260, Loss_D: 0.0000
Iteration 900: Loss_G: 2.5040, Loss_D: 0.0000
Iteration 950: Loss_G: 2.4796, Loss_D: 0.0000
Iteration 1000: Loss_G: 2.5001, Loss_D: 0.0000
Iteration 1050: Loss_G: 2.5078, Loss_D: 0.0000
Iteration 1100: Loss_G: 2.4869, Loss_D: 0.0000
Iteration 1150: Loss_G: 2.5298, Loss_D: 0.0000
Iteration 1200: Loss_G: 2.5051, Loss_D: 0.0000
Epoch [24/40], Loss_G: 2.0536, Loss_D: 0.0000
Epoch [25/40] starts
Iteration 50: Loss_G: 2.4763, Loss_D: 0.0000
Iteration 100: Loss_G: 2.5031, Loss_D: 0.0000
Iteration 150: Loss_G: 2.4658, Loss_D: 0.0000
Iteration 200: Loss_G: 2.5133, Loss_D: 0.0000
Iteration 250: Loss_G: 2.4786, Loss_D: 0.0000
Iteration 300: Loss_G: 2.5251, Loss_D: 0.0000
Iteration 350: Loss_G: 2.5123, Loss_D: 0.0000
Iteration 400: Loss_G: 2.5225, Loss_D: 0.0000
Iteration 450: Loss_G: 2.5150, Loss_D: 0.0000
Iteration 500: Loss_G: 2.4683, Loss_D: 0.0000
Iteration 550: Loss_G: 2.4833, Loss_D: 0.0000
Iteration 600: Loss_G: 2.4964, Loss_D: 0.0000
Iteration 650: Loss_G: 2.4992, Loss_D: 0.0000
Iteration 700: Loss_G: 2.4669, Loss_D: 0.0000
Iteration 750: Loss_G: 2.5078, Loss_D: 0.0000
Iteration 800: Loss_G: 2.4721, Loss_D: 0.0000
Iteration 850: Loss_G: 2.4911, Loss_D: 0.0000
Iteration 900: Loss_G: 2.4863, Loss_D: 0.0000
Iteration 950: Loss_G: 2.4676, Loss_D: 0.0000
Iteration 1000: Loss_G: 2.5061, Loss_D: 0.0000
Iteration 1050: Loss_G: 2.5411, Loss_D: 0.0054
Iteration 1100: Loss_G: 2.4915, Loss_D: 0.0006
Iteration 1150: Loss_G: 2.4961, Loss_D: 0.0007
Iteration 1200: Loss_G: 2.5009, Loss_D: 0.0002
Epoch [25/40], Loss_G: 2.0425, Loss_D: 0.0003
Epoch [26/40] starts
Iteration 50: Loss_G: 2.4497, Loss_D: 0.0004
Iteration 100: Loss_G: 2.5435, Loss_D: 0.0002
Iteration 150: Loss_G: 2.5081, Loss_D: 0.0001
Iteration 200: Loss_G: 2.5046, Loss_D: 0.0000
Iteration 250: Loss_G: 2.4668, Loss_D: 0.0004
Iteration 300: Loss_G: 2.4552, Loss_D: 0.0001
Iteration 350: Loss_G: 2.4663, Loss_D: 0.0000
Iteration 400: Loss_G: 2.4930, Loss_D: 0.0000
Iteration 450: Loss_G: 2.4652, Loss_D: 0.0000
Iteration 500: Loss_G: 2.4693, Loss_D: 0.0002
Iteration 550: Loss_G: 2.4693, Loss_D: 0.0001
Iteration 600: Loss_G: 2.5044, Loss_D: 0.0000
Iteration 650: Loss_G: 2.5006, Loss_D: 0.0000
Iteration 700: Loss_G: 2.4569, Loss_D: 0.0002
Iteration 750: Loss_G: 2.4668, Loss_D: 0.0001
Iteration 800: Loss_G: 2.4996, Loss_D: 0.0001
Iteration 850: Loss_G: 2.4522, Loss_D: 0.0001
Iteration 900: Loss_G: 2.4678, Loss_D: 0.0001
Iteration 950: Loss_G: 2.5186, Loss_D: 0.0001
Iteration 1000: Loss_G: 2.5124, Loss_D: 0.0000
Iteration 1050: Loss_G: 2.4835, Loss_D: 0.0000
Iteration 1100: Loss_G: 2.4692, Loss_D: 0.0000
Iteration 1150: Loss_G: 2.4904, Loss_D: 0.0000
Iteration 1200: Loss_G: 2.4925, Loss_D: 0.0001
Epoch [26/40], Loss_G: 2.0329, Loss_D: 0.0001
Epoch [27/40] starts
Iteration 50: Loss_G: 2.4945, Loss_D: 0.0000
Iteration 100: Loss_G: 2.4484, Loss_D: 0.0000
Iteration 150: Loss_G: 2.4721, Loss_D: 0.0000
Iteration 200: Loss_G: 2.4796, Loss_D: 0.0001
Iteration 250: Loss_G: 2.4525, Loss_D: 0.0000
Iteration 300: Loss_G: 2.4733, Loss_D: 0.0000
Iteration 350: Loss_G: 2.4772, Loss_D: 0.0000
Iteration 400: Loss_G: 2.4947, Loss_D: 0.0000
Iteration 450: Loss_G: 2.4779, Loss_D: 0.0002
Iteration 500: Loss_G: 2.4680, Loss_D: 0.0000
Iteration 550: Loss_G: 2.4924, Loss_D: 0.0000
Iteration 600: Loss_G: 2.5132, Loss_D: 0.0000
Iteration 650: Loss_G: 2.4936, Loss_D: 0.0000
Iteration 700: Loss_G: 2.4601, Loss_D: 0.0000
Iteration 750: Loss_G: 2.4661, Loss_D: 0.0000
Iteration 800: Loss_G: 2.4865, Loss_D: 0.0000
Iteration 850: Loss_G: 2.4798, Loss_D: 0.0000
Iteration 900: Loss_G: 2.4411, Loss_D: 0.0000
Iteration 950: Loss_G: 2.5205, Loss_D: 0.0000
Iteration 1000: Loss_G: 2.5080, Loss_D: 0.0000
Iteration 1050: Loss_G: 2.4911, Loss_D: 0.0000
Iteration 1100: Loss_G: 2.4753, Loss_D: 0.0000
Iteration 1150: Loss_G: 2.4559, Loss_D: 0.0000
Iteration 1200: Loss_G: 2.4421, Loss_D: 0.0000
Epoch [27/40], Loss_G: 2.0281, Loss_D: 0.0000
Epoch [28/40] starts
Iteration 50: Loss_G: 2.4827, Loss_D: 0.0000
Iteration 100: Loss_G: 2.4940, Loss_D: 0.0000
Iteration 150: Loss_G: 2.4992, Loss_D: 0.0000
Iteration 200: Loss_G: 2.4960, Loss_D: 0.0000
Iteration 250: Loss_G: 2.4887, Loss_D: 0.0000
Iteration 300: Loss_G: 2.4841, Loss_D: 0.0000
Iteration 350: Loss_G: 2.4966, Loss_D: 0.0000
Iteration 400: Loss_G: 2.4587, Loss_D: 0.0000
Iteration 450: Loss_G: 2.4811, Loss_D: 0.0000
Iteration 500: Loss_G: 2.4851, Loss_D: 0.0000
Iteration 550: Loss_G: 2.4833, Loss_D: 0.0000
Iteration 600: Loss_G: 2.4688, Loss_D: 0.0000
Iteration 650: Loss_G: 2.5055, Loss_D: 0.0000
Iteration 700: Loss_G: 2.4958, Loss_D: 0.0000
Iteration 750: Loss_G: 2.4487, Loss_D: 0.0000
Iteration 800: Loss_G: 2.4815, Loss_D: 0.0000
Iteration 850: Loss_G: 2.4898, Loss_D: 0.0000
Iteration 900: Loss_G: 2.4730, Loss_D: 0.0000
Iteration 950: Loss_G: 2.4801, Loss_D: 0.0000
Iteration 1000: Loss_G: 2.4506, Loss_D: 0.0000
Iteration 1050: Loss_G: 2.4370, Loss_D: 0.0000
Iteration 1100: Loss_G: 2.4871, Loss_D: 0.0000
Iteration 1150: Loss_G: 2.4884, Loss_D: 0.0000
Iteration 1200: Loss_G: 2.4728, Loss_D: 0.0000
Epoch [28/40], Loss_G: 2.0303, Loss_D: 0.0000
Epoch [29/40] starts
Iteration 50: Loss_G: 2.4776, Loss_D: 0.0001
Iteration 100: Loss_G: 2.4772, Loss_D: 0.0000
Iteration 150: Loss_G: 2.4824, Loss_D: 0.0000
Iteration 200: Loss_G: 2.5223, Loss_D: 0.0000
Iteration 250: Loss_G: 2.4472, Loss_D: 0.0001
Iteration 300: Loss_G: 2.4569, Loss_D: 0.0001
Iteration 350: Loss_G: 2.4675, Loss_D: 0.0000
Iteration 400: Loss_G: 2.4631, Loss_D: 0.0001
Iteration 450: Loss_G: 2.4688, Loss_D: 0.0000
Iteration 500: Loss_G: 2.4648, Loss_D: 0.0000
Iteration 550: Loss_G: 2.4832, Loss_D: 0.0003
Iteration 600: Loss_G: 2.4653, Loss_D: 0.0000
Iteration 650: Loss_G: 2.4411, Loss_D: 0.0000
Iteration 700: Loss_G: 2.4538, Loss_D: 0.0001
Iteration 750: Loss_G: 2.4725, Loss_D: 0.0000
Iteration 800: Loss_G: 2.4345, Loss_D: 0.0000
Iteration 850: Loss_G: 2.4694, Loss_D: 0.0000
Iteration 900: Loss_G: 2.4493, Loss_D: 0.0000
Iteration 950: Loss_G: 2.4482, Loss_D: 0.0000
Iteration 1000: Loss_G: 2.4676, Loss_D: 0.0000
Iteration 1050: Loss_G: 2.4393, Loss_D: 0.0000
Iteration 1100: Loss_G: 2.4752, Loss_D: 0.0000
Iteration 1150: Loss_G: 2.4905, Loss_D: 0.0000
Iteration 1200: Loss_G: 2.4717, Loss_D: 0.0000
Epoch [29/40], Loss_G: 2.0187, Loss_D: 0.0000
Epoch [30/40] starts
Iteration 50: Loss_G: 2.4892, Loss_D: 0.0000
Iteration 100: Loss_G: 2.4455, Loss_D: 0.0000
Iteration 150: Loss_G: 2.4567, Loss_D: 0.0000
Iteration 200: Loss_G: 2.4796, Loss_D: 0.0000
Iteration 250: Loss_G: 2.4571, Loss_D: 0.0000
Iteration 300: Loss_G: 2.4570, Loss_D: 0.0000
Iteration 350: Loss_G: 2.4751, Loss_D: 0.0000
Iteration 400: Loss_G: 2.4764, Loss_D: 0.0000
Iteration 450: Loss_G: 2.4376, Loss_D: 0.0000
Iteration 500: Loss_G: 2.4748, Loss_D: 0.0000
Iteration 550: Loss_G: 2.4613, Loss_D: 0.0002
Iteration 600: Loss_G: 2.4761, Loss_D: 0.0000
Iteration 650: Loss_G: 2.4654, Loss_D: 0.0000
Iteration 700: Loss_G: 2.5008, Loss_D: 0.0000
Iteration 750: Loss_G: 2.4966, Loss_D: 0.0000
Iteration 800: Loss_G: 2.4440, Loss_D: 0.0000
Iteration 850: Loss_G: 2.5023, Loss_D: 0.0000
Iteration 900: Loss_G: 2.4758, Loss_D: 0.0000
Iteration 950: Loss_G: 2.4845, Loss_D: 0.0000
Iteration 1000: Loss_G: 2.4670, Loss_D: 0.0000
Iteration 1050: Loss_G: 2.4549, Loss_D: 0.0000
Iteration 1100: Loss_G: 2.4646, Loss_D: 0.0000
Iteration 1150: Loss_G: 2.4706, Loss_D: 0.0000
Iteration 1200: Loss_G: 2.4794, Loss_D: 0.0000
Epoch [30/40], Loss_G: 2.0222, Loss_D: 0.0000
Epoch [31/40] starts
Iteration 50: Loss_G: 2.4699, Loss_D: 0.0000
Iteration 100: Loss_G: 2.4839, Loss_D: 0.0000
Iteration 150: Loss_G: 2.4581, Loss_D: 0.0000
Iteration 200: Loss_G: 2.4479, Loss_D: 0.0000
Iteration 250: Loss_G: 2.4488, Loss_D: 0.0000
Iteration 300: Loss_G: 2.4514, Loss_D: 0.0000
Iteration 350: Loss_G: 2.4922, Loss_D: 0.0000
Iteration 400: Loss_G: 2.4805, Loss_D: 0.0000
Iteration 450: Loss_G: 2.4488, Loss_D: 0.0000
Iteration 500: Loss_G: 2.4518, Loss_D: 0.0000
Iteration 550: Loss_G: 2.4475, Loss_D: 0.0000
Iteration 600: Loss_G: 2.5222, Loss_D: 0.0000
Iteration 650: Loss_G: 2.4812, Loss_D: 0.0000
Iteration 700: Loss_G: 2.4233, Loss_D: 0.0000
Iteration 750: Loss_G: 2.4671, Loss_D: 0.0000
Iteration 800: Loss_G: 2.4573, Loss_D: 0.0000
Iteration 850: Loss_G: 2.4668, Loss_D: 0.0000
Iteration 900: Loss_G: 2.4436, Loss_D: 0.0000
Iteration 950: Loss_G: 2.4643, Loss_D: 0.0000
Iteration 1000: Loss_G: 2.4502, Loss_D: 0.0000
Iteration 1050: Loss_G: 2.4152, Loss_D: 0.0000
Iteration 1100: Loss_G: 2.4213, Loss_D: 0.0000
Iteration 1150: Loss_G: 2.4483, Loss_D: 0.0000
Iteration 1200: Loss_G: 2.4590, Loss_D: 0.0000
Epoch [31/40], Loss_G: 2.0123, Loss_D: 0.0000
Epoch [32/40] starts
Iteration 50: Loss_G: 2.4759, Loss_D: 0.0000
Iteration 100: Loss_G: 2.4454, Loss_D: 0.0000
Iteration 150: Loss_G: 2.4620, Loss_D: 0.0000
Iteration 200: Loss_G: 2.4771, Loss_D: 0.0000
Iteration 250: Loss_G: 2.4631, Loss_D: 0.0000
Iteration 300: Loss_G: 2.4194, Loss_D: 0.0000
Iteration 350: Loss_G: 2.4685, Loss_D: 0.0000
Iteration 400: Loss_G: 2.4567, Loss_D: 0.0000
Iteration 450: Loss_G: 2.4587, Loss_D: 0.0000
Iteration 500: Loss_G: 2.4399, Loss_D: 0.0000
Iteration 550: Loss_G: 2.4553, Loss_D: 0.0000
Iteration 600: Loss_G: 2.4591, Loss_D: 0.0000
Iteration 650: Loss_G: 2.4507, Loss_D: 0.0000
Iteration 700: Loss_G: 2.4802, Loss_D: 0.0000
Iteration 750: Loss_G: 2.4517, Loss_D: 0.0000
Iteration 800: Loss_G: 2.4170, Loss_D: 0.0000
Iteration 850: Loss_G: 2.4611, Loss_D: 0.0000
Iteration 900: Loss_G: 2.4403, Loss_D: 0.0000
Iteration 950: Loss_G: 2.5092, Loss_D: 0.0000
Iteration 1000: Loss_G: 2.4744, Loss_D: 0.0000
Iteration 1050: Loss_G: 2.4732, Loss_D: 0.0000
Iteration 1100: Loss_G: 2.4354, Loss_D: 0.0000
Iteration 1150: Loss_G: 2.4726, Loss_D: 0.0000
Iteration 1200: Loss_G: 2.4701, Loss_D: 0.0000
Epoch [32/40], Loss_G: 2.0129, Loss_D: 0.0000
Epoch [33/40] starts
Iteration 50: Loss_G: 2.4614, Loss_D: 0.0000
Iteration 100: Loss_G: 2.4289, Loss_D: 0.0000
Iteration 150: Loss_G: 2.4368, Loss_D: 0.0000
Iteration 200: Loss_G: 2.4482, Loss_D: 0.0000
Iteration 250: Loss_G: 2.4255, Loss_D: 0.0000
Iteration 300: Loss_G: 2.4236, Loss_D: 0.0000
Iteration 350: Loss_G: 2.4629, Loss_D: 0.0000
Iteration 400: Loss_G: 2.4660, Loss_D: 0.0000
Iteration 450: Loss_G: 2.4375, Loss_D: 0.0000
Iteration 500: Loss_G: 2.4538, Loss_D: 0.0000
Iteration 550: Loss_G: 2.4481, Loss_D: 0.0000
Iteration 600: Loss_G: 2.4508, Loss_D: 0.0000
Iteration 650: Loss_G: 2.4438, Loss_D: 0.0000
Iteration 700: Loss_G: 2.4555, Loss_D: 0.0000
Iteration 750: Loss_G: 2.4358, Loss_D: 0.0000
Iteration 800: Loss_G: 2.4578, Loss_D: 0.0000
Iteration 850: Loss_G: 2.4649, Loss_D: 0.0000
Iteration 900: Loss_G: 2.4762, Loss_D: 0.0000
Iteration 950: Loss_G: 2.4233, Loss_D: 0.0000
Iteration 1000: Loss_G: 2.4401, Loss_D: 0.0000
Iteration 1050: Loss_G: 2.4417, Loss_D: 0.0000
Iteration 1100: Loss_G: 2.4165, Loss_D: 0.0000
Iteration 1150: Loss_G: 2.4415, Loss_D: 0.0000
Iteration 1200: Loss_G: 2.4750, Loss_D: 0.0000
Epoch [33/40], Loss_G: 2.0026, Loss_D: 0.0000
Epoch [34/40] starts
Iteration 50: Loss_G: 2.4626, Loss_D: 0.0000
Iteration 100: Loss_G: 2.4648, Loss_D: 0.0000
Iteration 150: Loss_G: 2.4557, Loss_D: 0.0000
Iteration 200: Loss_G: 2.4146, Loss_D: 0.0000
Iteration 250: Loss_G: 2.4552, Loss_D: 0.0000
Iteration 300: Loss_G: 2.4515, Loss_D: 0.0000
Iteration 350: Loss_G: 2.4450, Loss_D: 0.0000
Iteration 400: Loss_G: 2.4337, Loss_D: 0.0005
Iteration 450: Loss_G: 2.4761, Loss_D: 0.0000
Iteration 500: Loss_G: 2.4627, Loss_D: 0.0000
Iteration 550: Loss_G: 2.4540, Loss_D: 0.0000
Iteration 600: Loss_G: 2.4574, Loss_D: 0.0000
Iteration 650: Loss_G: 2.4462, Loss_D: 0.0000
Iteration 700: Loss_G: 2.4372, Loss_D: 0.0000
Iteration 750: Loss_G: 2.4457, Loss_D: 0.0000
Iteration 800: Loss_G: 2.4571, Loss_D: 0.0000
Iteration 850: Loss_G: 2.4479, Loss_D: 0.0000
Iteration 900: Loss_G: 2.4151, Loss_D: 0.0000
Iteration 950: Loss_G: 2.4510, Loss_D: 0.0000
Iteration 1000: Loss_G: 2.4442, Loss_D: 0.0000
Iteration 1050: Loss_G: 2.4696, Loss_D: 0.0000
Iteration 1100: Loss_G: 2.4898, Loss_D: 0.0000
Iteration 1150: Loss_G: 2.4401, Loss_D: 0.0000
Iteration 1200: Loss_G: 2.4642, Loss_D: 0.0000
Epoch [34/40], Loss_G: 2.0069, Loss_D: 0.0000
Epoch [35/40] starts
Iteration 50: Loss_G: 2.4266, Loss_D: 0.0002
Iteration 100: Loss_G: 2.4316, Loss_D: 0.0000
Iteration 150: Loss_G: 2.4285, Loss_D: 0.0000
Iteration 200: Loss_G: 2.4007, Loss_D: 0.0000
Iteration 250: Loss_G: 2.4489, Loss_D: 0.0000
Iteration 300: Loss_G: 2.4663, Loss_D: 0.0000
Iteration 350: Loss_G: 2.4161, Loss_D: 0.0000
Iteration 400: Loss_G: 2.4424, Loss_D: 0.0000
Iteration 450: Loss_G: 2.4631, Loss_D: 0.0000
Iteration 500: Loss_G: 2.4102, Loss_D: 0.0000
Iteration 550: Loss_G: 2.4290, Loss_D: 0.0002
Iteration 600: Loss_G: 2.4561, Loss_D: 0.0000
Iteration 650: Loss_G: 2.4116, Loss_D: 0.0000
Iteration 700: Loss_G: 2.4403, Loss_D: 0.0000
Iteration 750: Loss_G: 2.4568, Loss_D: 0.0000
Iteration 800: Loss_G: 2.4182, Loss_D: 0.0000
Iteration 850: Loss_G: 2.4542, Loss_D: 0.0000
Iteration 900: Loss_G: 2.4591, Loss_D: 0.0000
Iteration 950: Loss_G: 2.4332, Loss_D: 0.0000
Iteration 1000: Loss_G: 2.4315, Loss_D: 0.0000
Iteration 1050: Loss_G: 2.4405, Loss_D: 0.0000
Iteration 1100: Loss_G: 2.4594, Loss_D: 0.0000
Iteration 1150: Loss_G: 2.4444, Loss_D: 0.0000
Iteration 1200: Loss_G: 2.4597, Loss_D: 0.0000
Epoch [35/40], Loss_G: 1.9962, Loss_D: 0.0000
Epoch [36/40] starts
Iteration 50: Loss_G: 2.4389, Loss_D: 0.0000
Iteration 100: Loss_G: 2.4540, Loss_D: 0.0000
Iteration 150: Loss_G: 2.4390, Loss_D: 0.0000
Iteration 200: Loss_G: 2.4251, Loss_D: 0.0000
Iteration 250: Loss_G: 2.4581, Loss_D: 0.0000
Iteration 300: Loss_G: 2.4242, Loss_D: 0.0000
Iteration 350: Loss_G: 2.4268, Loss_D: 0.0000
Iteration 400: Loss_G: 2.4157, Loss_D: 0.0000
Iteration 450: Loss_G: 2.4319, Loss_D: 0.0000
Iteration 500: Loss_G: 2.4238, Loss_D: 0.0000
Iteration 550: Loss_G: 2.4418, Loss_D: 0.0000
Iteration 600: Loss_G: 2.4211, Loss_D: 0.0000
Iteration 650: Loss_G: 2.4206, Loss_D: 0.0000
Iteration 700: Loss_G: 2.4171, Loss_D: 0.0000
Iteration 750: Loss_G: 2.4131, Loss_D: 0.0000
Iteration 800: Loss_G: 2.4412, Loss_D: 0.0000
Iteration 850: Loss_G: 2.4385, Loss_D: 0.0000
Iteration 900: Loss_G: 2.4073, Loss_D: 0.0000
Iteration 950: Loss_G: 2.3760, Loss_D: 0.0000
Iteration 1000: Loss_G: 2.4533, Loss_D: 0.0000
Iteration 1050: Loss_G: 2.4390, Loss_D: 0.0000
Iteration 1100: Loss_G: 2.4131, Loss_D: 0.0000
Iteration 1150: Loss_G: 2.4312, Loss_D: 0.0000
Iteration 1200: Loss_G: 2.4464, Loss_D: 0.0000
Epoch [36/40], Loss_G: 1.9883, Loss_D: 0.0000
Epoch [37/40] starts
Iteration 50: Loss_G: 2.4379, Loss_D: 0.0000
Iteration 100: Loss_G: 2.4731, Loss_D: 0.0000
Iteration 150: Loss_G: 2.4558, Loss_D: 0.0000
Iteration 200: Loss_G: 2.4860, Loss_D: 0.0000
Iteration 250: Loss_G: 2.4098, Loss_D: 0.0000
Iteration 300: Loss_G: 2.4267, Loss_D: 0.0000
Iteration 350: Loss_G: 2.4360, Loss_D: 0.0000
Iteration 400: Loss_G: 2.4693, Loss_D: 0.0000
Iteration 450: Loss_G: 2.4378, Loss_D: 0.0000
Iteration 500: Loss_G: 2.4582, Loss_D: 0.0000
Iteration 550: Loss_G: 2.4222, Loss_D: 0.0000
Iteration 600: Loss_G: 2.4073, Loss_D: 0.0000
Iteration 650: Loss_G: 2.4432, Loss_D: 0.0000
Iteration 700: Loss_G: 2.4204, Loss_D: 0.0000
Iteration 750: Loss_G: 2.4191, Loss_D: 0.0000
Iteration 800: Loss_G: 2.4412, Loss_D: 0.0000
Iteration 850: Loss_G: 2.4485, Loss_D: 0.0000
Iteration 900: Loss_G: 2.4530, Loss_D: 0.0000
Iteration 950: Loss_G: 2.4213, Loss_D: 0.0000
Iteration 1000: Loss_G: 2.4120, Loss_D: 0.0000
Iteration 1050: Loss_G: 2.4643, Loss_D: 0.0000
Iteration 1100: Loss_G: 2.4222, Loss_D: 0.0000
Iteration 1150: Loss_G: 2.4446, Loss_D: 0.0000
Iteration 1200: Loss_G: 2.4593, Loss_D: 0.0000
Epoch [37/40], Loss_G: 1.9976, Loss_D: 0.0000
Epoch [38/40] starts
Iteration 50: Loss_G: 2.4507, Loss_D: 0.0000
Iteration 100: Loss_G: 2.4254, Loss_D: 0.0000
Iteration 150: Loss_G: 2.4283, Loss_D: 0.0000
Iteration 200: Loss_G: 2.4091, Loss_D: 0.0000
Iteration 250: Loss_G: 2.4284, Loss_D: 0.0000
Iteration 300: Loss_G: 2.3993, Loss_D: 0.0000
Iteration 350: Loss_G: 2.4229, Loss_D: 0.0000
Iteration 400: Loss_G: 2.4273, Loss_D: 0.0000
Iteration 450: Loss_G: 2.4408, Loss_D: 0.0000
Iteration 500: Loss_G: 2.4537, Loss_D: 0.0000
Iteration 550: Loss_G: 2.4228, Loss_D: 0.0000
Iteration 600: Loss_G: 2.4213, Loss_D: 0.0000
Iteration 650: Loss_G: 2.4043, Loss_D: 0.0000
Iteration 700: Loss_G: 2.4416, Loss_D: 0.0000
Iteration 750: Loss_G: 2.4442, Loss_D: 0.0000
Iteration 800: Loss_G: 2.3927, Loss_D: 0.0000
Iteration 850: Loss_G: 2.4559, Loss_D: 0.0000
Iteration 900: Loss_G: 2.4480, Loss_D: 0.0000
Iteration 950: Loss_G: 2.4238, Loss_D: 0.0000
Iteration 1000: Loss_G: 2.4498, Loss_D: 0.0000
Iteration 1050: Loss_G: 2.4143, Loss_D: 0.0000
Iteration 1100: Loss_G: 2.4389, Loss_D: 0.0000
Iteration 1150: Loss_G: 2.4616, Loss_D: 0.0000
Iteration 1200: Loss_G: 2.4448, Loss_D: 0.0000
Epoch [38/40], Loss_G: 1.9901, Loss_D: 0.0000
Epoch [39/40] starts
Iteration 50: Loss_G: 2.4312, Loss_D: 0.0000
Iteration 100: Loss_G: 2.4178, Loss_D: 0.0000
Iteration 150: Loss_G: 2.4241, Loss_D: 0.0000
Iteration 200: Loss_G: 2.4471, Loss_D: 0.0000
Iteration 250: Loss_G: 2.4076, Loss_D: 0.0000
Iteration 300: Loss_G: 2.4048, Loss_D: 0.0000
Iteration 350: Loss_G: 2.3846, Loss_D: 0.0000
Iteration 400: Loss_G: 2.4578, Loss_D: 0.0000
Iteration 450: Loss_G: 2.4153, Loss_D: 0.0000
Iteration 500: Loss_G: 2.4305, Loss_D: 0.0000
Iteration 550: Loss_G: 2.3865, Loss_D: 0.0000
Iteration 600: Loss_G: 2.4333, Loss_D: 0.0000
Iteration 650: Loss_G: 2.3850, Loss_D: 0.0000
Iteration 700: Loss_G: 2.4507, Loss_D: 0.0000
Iteration 750: Loss_G: 2.4130, Loss_D: 0.0000
Iteration 800: Loss_G: 2.4411, Loss_D: 0.0000
Iteration 850: Loss_G: 2.4279, Loss_D: 0.0000
Iteration 900: Loss_G: 2.4176, Loss_D: 0.0000
Iteration 950: Loss_G: 2.4092, Loss_D: 0.0000
Iteration 1000: Loss_G: 2.4642, Loss_D: 0.0000
Iteration 1050: Loss_G: 2.4083, Loss_D: 0.0000
Iteration 1100: Loss_G: 2.4497, Loss_D: 0.0000
Iteration 1150: Loss_G: 2.4250, Loss_D: 0.0000
Iteration 1200: Loss_G: 2.4118, Loss_D: 0.0000
Epoch [39/40], Loss_G: 1.9831, Loss_D: 0.0000
Epoch [40/40] starts
Iteration 50: Loss_G: 2.4333, Loss_D: 0.0000
Iteration 100: Loss_G: 2.4143, Loss_D: 0.0000
Iteration 150: Loss_G: 2.4008, Loss_D: 0.0000
Iteration 200: Loss_G: 2.3730, Loss_D: 0.0000
Iteration 250: Loss_G: 2.4264, Loss_D: 0.0000
Iteration 300: Loss_G: 2.4497, Loss_D: 0.0000
Iteration 350: Loss_G: 2.4404, Loss_D: 0.0000
Iteration 400: Loss_G: 2.4420, Loss_D: 0.0000
Iteration 450: Loss_G: 2.4638, Loss_D: 0.0000
Iteration 500: Loss_G: 2.4012, Loss_D: 0.0000
Iteration 550: Loss_G: 2.4938, Loss_D: 0.0000
Iteration 600: Loss_G: 2.4454, Loss_D: 0.0000
Iteration 650: Loss_G: 2.4733, Loss_D: 0.0000
Iteration 700: Loss_G: 2.4254, Loss_D: 0.0000
Iteration 750: Loss_G: 2.4596, Loss_D: 0.0000
Iteration 800: Loss_G: 2.4247, Loss_D: 0.0000
Iteration 850: Loss_G: 2.4137, Loss_D: 0.0000
Iteration 900: Loss_G: 2.4342, Loss_D: 0.0000
Iteration 950: Loss_G: 2.4208, Loss_D: 0.0000
Iteration 1000: Loss_G: 2.4298, Loss_D: 0.0000
Iteration 1050: Loss_G: 2.4132, Loss_D: 0.0000
Iteration 1100: Loss_G: 2.4213, Loss_D: 0.0000
Iteration 1150: Loss_G: 2.4507, Loss_D: 0.0000
Iteration 1200: Loss_G: 2.3836, Loss_D: 0.0000
Epoch [40/40], Loss_G: 1.9896, Loss_D: 0.0000
The process took 85.63564731280009 minutes to complete.
