nohup: ignoring input
/home/infres/olapabe-23/MNIST-SVHN-Transfer/src/solvers/CyCADASolver.py:454: RuntimeWarning: More than 20 figures have been opened. Figures created through the pyplot interface (`matplotlib.pyplot.figure`) are retained until explicitly closed and may consume too much memory. (To control this warning, see the rcParam `figure.max_open_warning`).
  fig, axes = plt.subplots(nrows=2, ncols=10, figsize=(15, 4))  # Set up the subplot grid
Using device cuda
Train Step A - Iteration 0: 	Loss: 0.0461
Train Step A - Iteration 50: 	Loss: 1.7871
Train Step A - Iteration 100: 	Loss: 0.7148
Train Step A - Iteration 150: 	Loss: 0.4621
Train Step A - Iteration 200: 	Loss: 0.3685
Train Step A - Iteration 250: 	Loss: 0.3073
Train Step A - Iteration 300: 	Loss: 0.2702
Train Step A - Iteration 350: 	Loss: 0.2276
Train Step A - Iteration 400: 	Loss: 0.2359
Train Step A - Iteration 450: 	Loss: 0.1975
Train Step A - Epoch [1]: 	Loss: 0.4985
Test Step A - Epoch [1]: 	Accuracy: 95.98%
-----------------------------------------------------------------------------------------------

Train Step A - Iteration 0: 	Loss: 0.0024
Train Step A - Iteration 50: 	Loss: 0.1760
Train Step A - Iteration 100: 	Loss: 0.1556
Train Step A - Iteration 150: 	Loss: 0.1367
Train Step A - Iteration 200: 	Loss: 0.1477
Train Step A - Iteration 250: 	Loss: 0.1399
Train Step A - Iteration 300: 	Loss: 0.1251
Train Step A - Iteration 350: 	Loss: 0.1282
Train Step A - Iteration 400: 	Loss: 0.1216
Train Step A - Iteration 450: 	Loss: 0.1228
Train Step A - Epoch [2]: 	Loss: 0.1386
Test Step A - Epoch [2]: 	Accuracy: 97.67%
-----------------------------------------------------------------------------------------------

Train Step A - Iteration 0: 	Loss: 0.0024
Train Step A - Iteration 50: 	Loss: 0.0985
Train Step A - Iteration 100: 	Loss: 0.1043
Train Step A - Iteration 150: 	Loss: 0.0951
Train Step A - Iteration 200: 	Loss: 0.1103
Train Step A - Iteration 250: 	Loss: 0.0960
Train Step A - Iteration 300: 	Loss: 0.0915
Train Step A - Iteration 350: 	Loss: 0.1025
Train Step A - Iteration 400: 	Loss: 0.0862
Train Step A - Iteration 450: 	Loss: 0.0800
Train Step A - Epoch [3]: 	Loss: 0.0954
Test Step A - Epoch [3]: 	Accuracy: 98.11%
-----------------------------------------------------------------------------------------------

Train Step A - Iteration 0: 	Loss: 0.0015
Train Step A - Iteration 50: 	Loss: 0.0759
Train Step A - Iteration 100: 	Loss: 0.0799
Train Step A - Iteration 150: 	Loss: 0.0773
Train Step A - Iteration 200: 	Loss: 0.0772
Train Step A - Iteration 250: 	Loss: 0.0741
Train Step A - Iteration 300: 	Loss: 0.0833
Train Step A - Iteration 350: 	Loss: 0.0803
Train Step A - Iteration 400: 	Loss: 0.0707
Train Step A - Iteration 450: 	Loss: 0.0763
Train Step A - Epoch [4]: 	Loss: 0.0766
Test Step A - Epoch [4]: 	Accuracy: 98.76%
-----------------------------------------------------------------------------------------------

Train Step A - Iteration 0: 	Loss: 0.0012
Train Step A - Iteration 50: 	Loss: 0.0643
Train Step A - Iteration 100: 	Loss: 0.0615
Train Step A - Iteration 150: 	Loss: 0.0636
Train Step A - Iteration 200: 	Loss: 0.0655
Train Step A - Iteration 250: 	Loss: 0.0592
Train Step A - Iteration 300: 	Loss: 0.0758
Train Step A - Iteration 350: 	Loss: 0.0550
Train Step A - Iteration 400: 	Loss: 0.0656
Train Step A - Iteration 450: 	Loss: 0.0621
Train Step A - Epoch [5]: 	Loss: 0.0640
Test Step A - Epoch [5]: 	Accuracy: 98.81%
-----------------------------------------------------------------------------------------------

Train Step A - Iteration 0: 	Loss: 0.0006
Train Step A - Iteration 50: 	Loss: 0.0625
Train Step A - Iteration 100: 	Loss: 0.0581
Train Step A - Iteration 150: 	Loss: 0.0538
Train Step A - Iteration 200: 	Loss: 0.0530
Train Step A - Iteration 250: 	Loss: 0.0545
Train Step A - Iteration 300: 	Loss: 0.0593
Train Step A - Iteration 350: 	Loss: 0.0558
Train Step A - Iteration 400: 	Loss: 0.0514
Train Step A - Iteration 450: 	Loss: 0.0482
Train Step A - Epoch [6]: 	Loss: 0.0555
Test Step A - Epoch [6]: 	Accuracy: 98.77%
-----------------------------------------------------------------------------------------------

Train Step A - Iteration 0: 	Loss: 0.0015
Train Step A - Iteration 50: 	Loss: 0.0498
Train Step A - Iteration 100: 	Loss: 0.0563
Train Step A - Iteration 150: 	Loss: 0.0542
Train Step A - Iteration 200: 	Loss: 0.0466
Train Step A - Iteration 250: 	Loss: 0.0487
Train Step A - Iteration 300: 	Loss: 0.0475
Train Step A - Iteration 350: 	Loss: 0.0543
Train Step A - Iteration 400: 	Loss: 0.0538
Train Step A - Iteration 450: 	Loss: 0.0451
Train Step A - Epoch [7]: 	Loss: 0.0502
Test Step A - Epoch [7]: 	Accuracy: 99.01%
-----------------------------------------------------------------------------------------------

Train Step A - Iteration 0: 	Loss: 0.0003
Train Step A - Iteration 50: 	Loss: 0.0423
Train Step A - Iteration 100: 	Loss: 0.0463
Train Step A - Iteration 150: 	Loss: 0.0437
Train Step A - Iteration 200: 	Loss: 0.0455
Train Step A - Iteration 250: 	Loss: 0.0463
Train Step A - Iteration 300: 	Loss: 0.0463
Train Step A - Iteration 350: 	Loss: 0.0519
Train Step A - Iteration 400: 	Loss: 0.0440
Train Step A - Iteration 450: 	Loss: 0.0431
Train Step A - Epoch [8]: 	Loss: 0.0454
Test Step A - Epoch [8]: 	Accuracy: 99.03%
-----------------------------------------------------------------------------------------------

Train Step A - Iteration 0: 	Loss: 0.0010
Train Step A - Iteration 50: 	Loss: 0.0391
Train Step A - Iteration 100: 	Loss: 0.0391
Train Step A - Iteration 150: 	Loss: 0.0430
Train Step A - Iteration 200: 	Loss: 0.0446
Train Step A - Iteration 250: 	Loss: 0.0365
Train Step A - Iteration 300: 	Loss: 0.0392
Train Step A - Iteration 350: 	Loss: 0.0439
Train Step A - Iteration 400: 	Loss: 0.0419
Train Step A - Iteration 450: 	Loss: 0.0402
Train Step A - Epoch [9]: 	Loss: 0.0408
Test Step A - Epoch [9]: 	Accuracy: 99.04%
-----------------------------------------------------------------------------------------------

Train Step A - Iteration 0: 	Loss: 0.0003
Train Step A - Iteration 50: 	Loss: 0.0368
Train Step A - Iteration 100: 	Loss: 0.0372
Train Step A - Iteration 150: 	Loss: 0.0425
Train Step A - Iteration 200: 	Loss: 0.0345
Train Step A - Iteration 250: 	Loss: 0.0391
Train Step A - Iteration 300: 	Loss: 0.0395
Train Step A - Iteration 350: 	Loss: 0.0397
Train Step A - Iteration 400: 	Loss: 0.0415
Train Step A - Iteration 450: 	Loss: 0.0300
Train Step A - Epoch [10]: 	Loss: 0.0374
Test Step A - Epoch [10]: 	Accuracy: 98.96%
-----------------------------------------------------------------------------------------------

Train Step A - Iteration 0: 	Loss: 0.0005
Train Step A - Iteration 50: 	Loss: 0.0322
Train Step A - Iteration 100: 	Loss: 0.0428
Train Step A - Iteration 150: 	Loss: 0.0347
Train Step A - Iteration 200: 	Loss: 0.0351
Train Step A - Iteration 250: 	Loss: 0.0374
Train Step A - Iteration 300: 	Loss: 0.0408
Train Step A - Iteration 350: 	Loss: 0.0328
Train Step A - Iteration 400: 	Loss: 0.0348
Train Step A - Iteration 450: 	Loss: 0.0352
Train Step A - Epoch [11]: 	Loss: 0.0359
Test Step A - Epoch [11]: 	Accuracy: 99.14%
-----------------------------------------------------------------------------------------------

Train Step A - Iteration 0: 	Loss: 0.0002
Train Step A - Iteration 50: 	Loss: 0.0332
Train Step A - Iteration 100: 	Loss: 0.0299
Train Step A - Iteration 150: 	Loss: 0.0321
Train Step A - Iteration 200: 	Loss: 0.0362
Train Step A - Iteration 250: 	Loss: 0.0293
Train Step A - Iteration 300: 	Loss: 0.0332
Train Step A - Iteration 350: 	Loss: 0.0373
Train Step A - Iteration 400: 	Loss: 0.0335
Train Step A - Iteration 450: 	Loss: 0.0327
Train Step A - Epoch [12]: 	Loss: 0.0329
Test Step A - Epoch [12]: 	Accuracy: 99.27%
-----------------------------------------------------------------------------------------------

Train Step A - Iteration 0: 	Loss: 0.0006
Train Step A - Iteration 50: 	Loss: 0.0275
Train Step A - Iteration 100: 	Loss: 0.0346
Train Step A - Iteration 150: 	Loss: 0.0369
Train Step A - Iteration 200: 	Loss: 0.0299
Train Step A - Iteration 250: 	Loss: 0.0365
Train Step A - Iteration 300: 	Loss: 0.0316
Train Step A - Iteration 350: 	Loss: 0.0259
Train Step A - Iteration 400: 	Loss: 0.0245
Train Step A - Iteration 450: 	Loss: 0.0326
Train Step A - Epoch [13]: 	Loss: 0.0314
Test Step A - Epoch [13]: 	Accuracy: 99.23%
-----------------------------------------------------------------------------------------------

Train Step A - Iteration 0: 	Loss: 0.0006
Train Step A - Iteration 50: 	Loss: 0.0230
Train Step A - Iteration 100: 	Loss: 0.0315
Train Step A - Iteration 150: 	Loss: 0.0285
Train Step A - Iteration 200: 	Loss: 0.0320
Train Step A - Iteration 250: 	Loss: 0.0262
Train Step A - Iteration 300: 	Loss: 0.0285
Train Step A - Iteration 350: 	Loss: 0.0304
Train Step A - Iteration 400: 	Loss: 0.0301
Train Step A - Iteration 450: 	Loss: 0.0277
Train Step A - Epoch [14]: 	Loss: 0.0287
Test Step A - Epoch [14]: 	Accuracy: 99.29%
-----------------------------------------------------------------------------------------------

Train Step A - Iteration 0: 	Loss: 0.0002
Train Step A - Iteration 50: 	Loss: 0.0250
Train Step A - Iteration 100: 	Loss: 0.0333
Train Step A - Iteration 150: 	Loss: 0.0308
Train Step A - Iteration 200: 	Loss: 0.0265
Train Step A - Iteration 250: 	Loss: 0.0207
Train Step A - Iteration 300: 	Loss: 0.0328
Train Step A - Iteration 350: 	Loss: 0.0226
Train Step A - Iteration 400: 	Loss: 0.0330
Train Step A - Iteration 450: 	Loss: 0.0272
Train Step A - Epoch [15]: 	Loss: 0.0277
Test Step A - Epoch [15]: 	Accuracy: 99.27%
-----------------------------------------------------------------------------------------------

Train Step A - Iteration 0: 	Loss: 0.0002
Train Step A - Iteration 50: 	Loss: 0.0303
Train Step A - Iteration 100: 	Loss: 0.0335
Train Step A - Iteration 150: 	Loss: 0.0248
Train Step A - Iteration 200: 	Loss: 0.0225
Train Step A - Iteration 250: 	Loss: 0.0240
Train Step A - Iteration 300: 	Loss: 0.0222
Train Step A - Iteration 350: 	Loss: 0.0243
Train Step A - Iteration 400: 	Loss: 0.0225
Train Step A - Iteration 450: 	Loss: 0.0243
Train Step A - Epoch [16]: 	Loss: 0.0253
Test Step A - Epoch [16]: 	Accuracy: 99.34%
-----------------------------------------------------------------------------------------------

Train Step A - Iteration 0: 	Loss: 0.0002
Train Step A - Iteration 50: 	Loss: 0.0197
Train Step A - Iteration 100: 	Loss: 0.0241
Train Step A - Iteration 150: 	Loss: 0.0265
Train Step A - Iteration 200: 	Loss: 0.0268
Train Step A - Iteration 250: 	Loss: 0.0298
Train Step A - Iteration 300: 	Loss: 0.0222
Train Step A - Iteration 350: 	Loss: 0.0288
Train Step A - Iteration 400: 	Loss: 0.0230
Train Step A - Iteration 450: 	Loss: 0.0259
Train Step A - Epoch [17]: 	Loss: 0.0251
Test Step A - Epoch [17]: 	Accuracy: 99.33%
-----------------------------------------------------------------------------------------------

Train Step A - Iteration 0: 	Loss: 0.0002
Train Step A - Iteration 50: 	Loss: 0.0205
Train Step A - Iteration 100: 	Loss: 0.0224
Train Step A - Iteration 150: 	Loss: 0.0215
Train Step A - Iteration 200: 	Loss: 0.0260
Train Step A - Iteration 250: 	Loss: 0.0222
Train Step A - Iteration 300: 	Loss: 0.0264
Train Step A - Iteration 350: 	Loss: 0.0203
Train Step A - Iteration 400: 	Loss: 0.0207
Train Step A - Iteration 450: 	Loss: 0.0258
Train Step A - Epoch [18]: 	Loss: 0.0231
Test Step A - Epoch [18]: 	Accuracy: 99.24%
-----------------------------------------------------------------------------------------------

Train Step A - Iteration 0: 	Loss: 0.0002
Train Step A - Iteration 50: 	Loss: 0.0202
Train Step A - Iteration 100: 	Loss: 0.0199
Train Step A - Iteration 150: 	Loss: 0.0190
Train Step A - Iteration 200: 	Loss: 0.0222
Train Step A - Iteration 250: 	Loss: 0.0225
Train Step A - Iteration 300: 	Loss: 0.0147
Train Step A - Iteration 350: 	Loss: 0.0193
Train Step A - Iteration 400: 	Loss: 0.0234
Train Step A - Iteration 450: 	Loss: 0.0201
Train Step A - Epoch [19]: 	Loss: 0.0208
Test Step A - Epoch [19]: 	Accuracy: 99.31%
-----------------------------------------------------------------------------------------------

Train Step A - Iteration 0: 	Loss: 0.0003
Train Step A - Iteration 50: 	Loss: 0.0221
Train Step A - Iteration 100: 	Loss: 0.0198
Train Step A - Iteration 150: 	Loss: 0.0175
Train Step A - Iteration 200: 	Loss: 0.0237
Train Step A - Iteration 250: 	Loss: 0.0258
Train Step A - Iteration 300: 	Loss: 0.0212
Train Step A - Iteration 350: 	Loss: 0.0225
Train Step A - Iteration 400: 	Loss: 0.0199
Train Step A - Iteration 450: 	Loss: 0.0144
Train Step A - Epoch [20]: 	Loss: 0.0207
Test Step A - Epoch [20]: 	Accuracy: 99.37%
-----------------------------------------------------------------------------------------------

Train Step A - Iteration 0: 	Loss: 0.0000
Train Step A - Iteration 50: 	Loss: 0.0150
Train Step A - Iteration 100: 	Loss: 0.0175
Train Step A - Iteration 150: 	Loss: 0.0190
Train Step A - Iteration 200: 	Loss: 0.0196
Train Step A - Iteration 250: 	Loss: 0.0237
Train Step A - Iteration 300: 	Loss: 0.0179
Train Step A - Iteration 350: 	Loss: 0.0247
Train Step A - Iteration 400: 	Loss: 0.0182
Train Step A - Iteration 450: 	Loss: 0.0261
Train Step A - Epoch [21]: 	Loss: 0.0199
Test Step A - Epoch [21]: 	Accuracy: 99.40%
-----------------------------------------------------------------------------------------------

Train Step A - Iteration 0: 	Loss: 0.0005
Train Step A - Iteration 50: 	Loss: 0.0177
Train Step A - Iteration 100: 	Loss: 0.0207
Train Step A - Iteration 150: 	Loss: 0.0166
Train Step A - Iteration 200: 	Loss: 0.0144
Train Step A - Iteration 250: 	Loss: 0.0150
Train Step A - Iteration 300: 	Loss: 0.0186
Train Step A - Iteration 350: 	Loss: 0.0207
Train Step A - Iteration 400: 	Loss: 0.0194
Train Step A - Iteration 450: 	Loss: 0.0224
Train Step A - Epoch [22]: 	Loss: 0.0188
Test Step A - Epoch [22]: 	Accuracy: 99.41%
-----------------------------------------------------------------------------------------------

Train Step A - Iteration 0: 	Loss: 0.0000
Train Step A - Iteration 50: 	Loss: 0.0198
Train Step A - Iteration 100: 	Loss: 0.0165
Train Step A - Iteration 150: 	Loss: 0.0172
Train Step A - Iteration 200: 	Loss: 0.0169
Train Step A - Iteration 250: 	Loss: 0.0173
Train Step A - Iteration 300: 	Loss: 0.0133
Train Step A - Iteration 350: 	Loss: 0.0184
Train Step A - Iteration 400: 	Loss: 0.0154
Train Step A - Iteration 450: 	Loss: 0.0216
Train Step A - Epoch [23]: 	Loss: 0.0176
Test Step A - Epoch [23]: 	Accuracy: 99.39%
-----------------------------------------------------------------------------------------------

Train Step A - Iteration 0: 	Loss: 0.0001
Train Step A - Iteration 50: 	Loss: 0.0173
Train Step A - Iteration 100: 	Loss: 0.0143
Train Step A - Iteration 150: 	Loss: 0.0183
Train Step A - Iteration 200: 	Loss: 0.0151
Train Step A - Iteration 250: 	Loss: 0.0194
Train Step A - Iteration 300: 	Loss: 0.0149
Train Step A - Iteration 350: 	Loss: 0.0177
Train Step A - Iteration 400: 	Loss: 0.0137
Train Step A - Iteration 450: 	Loss: 0.0153
Train Step A - Epoch [24]: 	Loss: 0.0162
Test Step A - Epoch [24]: 	Accuracy: 99.38%
-----------------------------------------------------------------------------------------------

Train Step A - Iteration 0: 	Loss: 0.0005
Train Step A - Iteration 50: 	Loss: 0.0139
Train Step A - Iteration 100: 	Loss: 0.0147
Train Step A - Iteration 150: 	Loss: 0.0149
Train Step A - Iteration 200: 	Loss: 0.0144
Train Step A - Iteration 250: 	Loss: 0.0171
Train Step A - Iteration 300: 	Loss: 0.0149
Train Step A - Iteration 350: 	Loss: 0.0147
Train Step A - Iteration 400: 	Loss: 0.0153
Train Step A - Iteration 450: 	Loss: 0.0160
Train Step A - Epoch [25]: 	Loss: 0.0153
Test Step A - Epoch [25]: 	Accuracy: 99.39%
-----------------------------------------------------------------------------------------------

Train Step A - Iteration 0: 	Loss: 0.0002
Train Step A - Iteration 50: 	Loss: 0.0139
Train Step A - Iteration 100: 	Loss: 0.0161
Train Step A - Iteration 150: 	Loss: 0.0128
Train Step A - Iteration 200: 	Loss: 0.0162
Train Step A - Iteration 250: 	Loss: 0.0153
Train Step A - Iteration 300: 	Loss: 0.0130
Train Step A - Iteration 350: 	Loss: 0.0201
Train Step A - Iteration 400: 	Loss: 0.0166
Train Step A - Iteration 450: 	Loss: 0.0153
Train Step A - Epoch [26]: 	Loss: 0.0155
Test Step A - Epoch [26]: 	Accuracy: 99.43%
-----------------------------------------------------------------------------------------------

Train Step A - Iteration 0: 	Loss: 0.0003
Train Step A - Iteration 50: 	Loss: 0.0137
Train Step A - Iteration 100: 	Loss: 0.0141
Train Step A - Iteration 150: 	Loss: 0.0146
Train Step A - Iteration 200: 	Loss: 0.0172
Train Step A - Iteration 250: 	Loss: 0.0150
Train Step A - Iteration 300: 	Loss: 0.0150
Train Step A - Iteration 350: 	Loss: 0.0159
Train Step A - Iteration 400: 	Loss: 0.0131
Train Step A - Iteration 450: 	Loss: 0.0143
Train Step A - Epoch [27]: 	Loss: 0.0147
Test Step A - Epoch [27]: 	Accuracy: 99.36%
-----------------------------------------------------------------------------------------------

Train Step A - Iteration 0: 	Loss: 0.0000
Train Step A - Iteration 50: 	Loss: 0.0120
Train Step A - Iteration 100: 	Loss: 0.0128
Train Step A - Iteration 150: 	Loss: 0.0124
Train Step A - Iteration 200: 	Loss: 0.0151
Train Step A - Iteration 250: 	Loss: 0.0156
Train Step A - Iteration 300: 	Loss: 0.0152
Train Step A - Iteration 350: 	Loss: 0.0138
Train Step A - Iteration 400: 	Loss: 0.0161
Train Step A - Iteration 450: 	Loss: 0.0131
Train Step A - Epoch [28]: 	Loss: 0.0142
Test Step A - Epoch [28]: 	Accuracy: 99.37%
-----------------------------------------------------------------------------------------------

Train Step A - Iteration 0: 	Loss: 0.0004
Train Step A - Iteration 50: 	Loss: 0.0165
Train Step A - Iteration 100: 	Loss: 0.0112
Train Step A - Iteration 150: 	Loss: 0.0144
Train Step A - Iteration 200: 	Loss: 0.0148
Train Step A - Iteration 250: 	Loss: 0.0128
Train Step A - Iteration 300: 	Loss: 0.0137
Train Step A - Iteration 350: 	Loss: 0.0143
Train Step A - Iteration 400: 	Loss: 0.0137
Train Step A - Iteration 450: 	Loss: 0.0179
Train Step A - Epoch [29]: 	Loss: 0.0145
Test Step A - Epoch [29]: 	Accuracy: 99.39%
-----------------------------------------------------------------------------------------------

Train Step A - Iteration 0: 	Loss: 0.0008
Train Step A - Iteration 50: 	Loss: 0.0098
Train Step A - Iteration 100: 	Loss: 0.0170
Train Step A - Iteration 150: 	Loss: 0.0158
Train Step A - Iteration 200: 	Loss: 0.0122
Train Step A - Iteration 250: 	Loss: 0.0110
Train Step A - Iteration 300: 	Loss: 0.0173
Train Step A - Iteration 350: 	Loss: 0.0137
Train Step A - Iteration 400: 	Loss: 0.0078
Train Step A - Iteration 450: 	Loss: 0.0124
Train Step A - Epoch [30]: 	Loss: 0.0131
Test Step A - Epoch [30]: 	Accuracy: 99.41%
-----------------------------------------------------------------------------------------------

Train Step A - Iteration 0: 	Loss: 0.0000
Train Step A - Iteration 50: 	Loss: 0.0147
Train Step A - Iteration 100: 	Loss: 0.0103
Train Step A - Iteration 150: 	Loss: 0.0137
Train Step A - Iteration 200: 	Loss: 0.0099
Train Step A - Iteration 250: 	Loss: 0.0147
Train Step A - Iteration 300: 	Loss: 0.0175
Train Step A - Iteration 350: 	Loss: 0.0101
Train Step A - Iteration 400: 	Loss: 0.0138
Train Step A - Iteration 450: 	Loss: 0.0136
Train Step A - Epoch [31]: 	Loss: 0.0131
Test Step A - Epoch [31]: 	Accuracy: 99.40%
-----------------------------------------------------------------------------------------------

Train Step A - Iteration 0: 	Loss: 0.0001
Train Step A - Iteration 50: 	Loss: 0.0127
Train Step A - Iteration 100: 	Loss: 0.0111
Train Step A - Iteration 150: 	Loss: 0.0153
Train Step A - Iteration 200: 	Loss: 0.0107
Train Step A - Iteration 250: 	Loss: 0.0108
Train Step A - Iteration 300: 	Loss: 0.0124
Train Step A - Iteration 350: 	Loss: 0.0138
Train Step A - Iteration 400: 	Loss: 0.0120
Train Step A - Iteration 450: 	Loss: 0.0114
Train Step A - Epoch [32]: 	Loss: 0.0123
Test Step A - Epoch [32]: 	Accuracy: 99.39%
-----------------------------------------------------------------------------------------------

Train Step A - Iteration 0: 	Loss: 0.0001
Train Step A - Iteration 50: 	Loss: 0.0099
Train Step A - Iteration 100: 	Loss: 0.0103
Train Step A - Iteration 150: 	Loss: 0.0092
Train Step A - Iteration 200: 	Loss: 0.0127
Train Step A - Iteration 250: 	Loss: 0.0117
Train Step A - Iteration 300: 	Loss: 0.0112
Train Step A - Iteration 350: 	Loss: 0.0122
Train Step A - Iteration 400: 	Loss: 0.0147
Train Step A - Iteration 450: 	Loss: 0.0117
Train Step A - Epoch [33]: 	Loss: 0.0116
Test Step A - Epoch [33]: 	Accuracy: 99.41%
-----------------------------------------------------------------------------------------------

Train Step A - Iteration 0: 	Loss: 0.0004
Train Step A - Iteration 50: 	Loss: 0.0100
Train Step A - Iteration 100: 	Loss: 0.0103
Train Step A - Iteration 150: 	Loss: 0.0108
Train Step A - Iteration 200: 	Loss: 0.0106
Train Step A - Iteration 250: 	Loss: 0.0132
Train Step A - Iteration 300: 	Loss: 0.0119
Train Step A - Iteration 350: 	Loss: 0.0130
Train Step A - Iteration 400: 	Loss: 0.0118
Train Step A - Iteration 450: 	Loss: 0.0123
Train Step A - Epoch [34]: 	Loss: 0.0114
Test Step A - Epoch [34]: 	Accuracy: 99.43%
-----------------------------------------------------------------------------------------------

Train Step A - Iteration 0: 	Loss: 0.0002
Train Step A - Iteration 50: 	Loss: 0.0082
Train Step A - Iteration 100: 	Loss: 0.0095
Train Step A - Iteration 150: 	Loss: 0.0091
Train Step A - Iteration 200: 	Loss: 0.0115
Train Step A - Iteration 250: 	Loss: 0.0109
Train Step A - Iteration 300: 	Loss: 0.0095
Train Step A - Iteration 350: 	Loss: 0.0099
Train Step A - Iteration 400: 	Loss: 0.0117
Train Step A - Iteration 450: 	Loss: 0.0126
Train Step A - Epoch [35]: 	Loss: 0.0103
Test Step A - Epoch [35]: 	Accuracy: 99.49%
-----------------------------------------------------------------------------------------------

Train Step A - Iteration 0: 	Loss: 0.0000
Train Step A - Iteration 50: 	Loss: 0.0112
Train Step A - Iteration 100: 	Loss: 0.0108
Train Step A - Iteration 150: 	Loss: 0.0087
Train Step A - Iteration 200: 	Loss: 0.0110
Train Step A - Iteration 250: 	Loss: 0.0112
Train Step A - Iteration 300: 	Loss: 0.0118
Train Step A - Iteration 350: 	Loss: 0.0123
Train Step A - Iteration 400: 	Loss: 0.0103
Train Step A - Iteration 450: 	Loss: 0.0120
Train Step A - Epoch [36]: 	Loss: 0.0109
Test Step A - Epoch [36]: 	Accuracy: 99.41%
-----------------------------------------------------------------------------------------------

Train Step A - Iteration 0: 	Loss: 0.0002
Train Step A - Iteration 50: 	Loss: 0.0104
Train Step A - Iteration 100: 	Loss: 0.0105
Train Step A - Iteration 150: 	Loss: 0.0085
Train Step A - Iteration 200: 	Loss: 0.0067
Train Step A - Iteration 250: 	Loss: 0.0095
Train Step A - Iteration 300: 	Loss: 0.0132
Train Step A - Iteration 350: 	Loss: 0.0095
Train Step A - Iteration 400: 	Loss: 0.0106
Train Step A - Iteration 450: 	Loss: 0.0085
Train Step A - Epoch [37]: 	Loss: 0.0097
Test Step A - Epoch [37]: 	Accuracy: 99.35%
-----------------------------------------------------------------------------------------------

Train Step A - Iteration 0: 	Loss: 0.0000
Train Step A - Iteration 50: 	Loss: 0.0098
Train Step A - Iteration 100: 	Loss: 0.0089
Train Step A - Iteration 150: 	Loss: 0.0116
Train Step A - Iteration 200: 	Loss: 0.0106
Train Step A - Iteration 250: 	Loss: 0.0119
Train Step A - Iteration 300: 	Loss: 0.0109
Train Step A - Iteration 350: 	Loss: 0.0120
Train Step A - Iteration 400: 	Loss: 0.0091
Train Step A - Iteration 450: 	Loss: 0.0108
Train Step A - Epoch [38]: 	Loss: 0.0105
Test Step A - Epoch [38]: 	Accuracy: 99.40%
-----------------------------------------------------------------------------------------------

Train Step A - Iteration 0: 	Loss: 0.0004
Train Step A - Iteration 50: 	Loss: 0.0097
Train Step A - Iteration 100: 	Loss: 0.0085
Train Step A - Iteration 150: 	Loss: 0.0069
Train Step A - Iteration 200: 	Loss: 0.0106
Train Step A - Iteration 250: 	Loss: 0.0100
Train Step A - Iteration 300: 	Loss: 0.0120
Train Step A - Iteration 350: 	Loss: 0.0093
Train Step A - Iteration 400: 	Loss: 0.0124
Train Step A - Iteration 450: 	Loss: 0.0099
Train Step A - Epoch [39]: 	Loss: 0.0100
Test Step A - Epoch [39]: 	Accuracy: 99.39%
-----------------------------------------------------------------------------------------------

Train Step A - Iteration 0: 	Loss: 0.0000
Train Step A - Iteration 50: 	Loss: 0.0083
Train Step A - Iteration 100: 	Loss: 0.0130
Train Step A - Iteration 150: 	Loss: 0.0134
Train Step A - Iteration 200: 	Loss: 0.0074
Train Step A - Iteration 250: 	Loss: 0.0106
Train Step A - Iteration 300: 	Loss: 0.0102
Train Step A - Iteration 350: 	Loss: 0.0082
Train Step A - Iteration 400: 	Loss: 0.0086
Train Step A - Iteration 450: 	Loss: 0.0078
Train Step A - Epoch [40]: 	Loss: 0.0096
Test Step A - Epoch [40]: 	Accuracy: 99.39%
-----------------------------------------------------------------------------------------------

Train Step A - Iteration 0: 	Loss: 0.0003
Train Step A - Iteration 50: 	Loss: 0.0093
Train Step A - Iteration 100: 	Loss: 0.0087
Train Step A - Iteration 150: 	Loss: 0.0083
Train Step A - Iteration 200: 	Loss: 0.0113
Train Step A - Iteration 250: 	Loss: 0.0074
Train Step A - Iteration 300: 	Loss: 0.0083
Train Step A - Iteration 350: 	Loss: 0.0073
Train Step A - Iteration 400: 	Loss: 0.0109
Train Step A - Iteration 450: 	Loss: 0.0089
Train Step A - Epoch [41]: 	Loss: 0.0090
Test Step A - Epoch [41]: 	Accuracy: 99.40%
-----------------------------------------------------------------------------------------------

Train Step A - Iteration 0: 	Loss: 0.0002
Train Step A - Iteration 50: 	Loss: 0.0088
Train Step A - Iteration 100: 	Loss: 0.0104
Train Step A - Iteration 150: 	Loss: 0.0101
Train Step A - Iteration 200: 	Loss: 0.0095
Train Step A - Iteration 250: 	Loss: 0.0098
Train Step A - Iteration 300: 	Loss: 0.0099
Train Step A - Iteration 350: 	Loss: 0.0071
Train Step A - Iteration 400: 	Loss: 0.0106
Train Step A - Iteration 450: 	Loss: 0.0093
Train Step A - Epoch [42]: 	Loss: 0.0095
Test Step A - Epoch [42]: 	Accuracy: 99.41%
-----------------------------------------------------------------------------------------------

Train Step A - Iteration 0: 	Loss: 0.0001
Train Step A - Iteration 50: 	Loss: 0.0071
Train Step A - Iteration 100: 	Loss: 0.0074
Train Step A - Iteration 150: 	Loss: 0.0063
Train Step A - Iteration 200: 	Loss: 0.0092
Train Step A - Iteration 250: 	Loss: 0.0078
Train Step A - Iteration 300: 	Loss: 0.0064
Train Step A - Iteration 350: 	Loss: 0.0100
Train Step A - Iteration 400: 	Loss: 0.0080
Train Step A - Iteration 450: 	Loss: 0.0063
Train Step A - Epoch [43]: 	Loss: 0.0077
Test Step A - Epoch [43]: 	Accuracy: 99.46%
-----------------------------------------------------------------------------------------------

Train Step A - Iteration 0: 	Loss: 0.0002
Train Step A - Iteration 50: 	Loss: 0.0098
Train Step A - Iteration 100: 	Loss: 0.0090
Train Step A - Iteration 150: 	Loss: 0.0055
Train Step A - Iteration 200: 	Loss: 0.0070
Train Step A - Iteration 250: 	Loss: 0.0078
Train Step A - Iteration 300: 	Loss: 0.0082
Train Step A - Iteration 350: 	Loss: 0.0075
Train Step A - Iteration 400: 	Loss: 0.0084
Train Step A - Iteration 450: 	Loss: 0.0094
Train Step A - Epoch [44]: 	Loss: 0.0082
Test Step A - Epoch [44]: 	Accuracy: 99.38%
-----------------------------------------------------------------------------------------------

Train Step A - Iteration 0: 	Loss: 0.0004
Train Step A - Iteration 50: 	Loss: 0.0062
Train Step A - Iteration 100: 	Loss: 0.0067
Train Step A - Iteration 150: 	Loss: 0.0090
Train Step A - Iteration 200: 	Loss: 0.0064
Train Step A - Iteration 250: 	Loss: 0.0084
Train Step A - Iteration 300: 	Loss: 0.0079
Train Step A - Iteration 350: 	Loss: 0.0084
Train Step A - Iteration 400: 	Loss: 0.0072
Train Step A - Iteration 450: 	Loss: 0.0101
Train Step A - Epoch [45]: 	Loss: 0.0079
Test Step A - Epoch [45]: 	Accuracy: 99.33%
-----------------------------------------------------------------------------------------------

Train Step A - Iteration 0: 	Loss: 0.0005
Train Step A - Iteration 50: 	Loss: 0.0081
Train Step A - Iteration 100: 	Loss: 0.0059
Train Step A - Iteration 150: 	Loss: 0.0091
Train Step A - Iteration 200: 	Loss: 0.0101
Train Step A - Iteration 250: 	Loss: 0.0103
Train Step A - Iteration 300: 	Loss: 0.0081
Train Step A - Iteration 350: 	Loss: 0.0054
Train Step A - Iteration 400: 	Loss: 0.0053
Train Step A - Iteration 450: 	Loss: 0.0118
Train Step A - Epoch [46]: 	Loss: 0.0082
Test Step A - Epoch [46]: 	Accuracy: 99.47%
-----------------------------------------------------------------------------------------------

Train Step A - Iteration 0: 	Loss: 0.0000
Train Step A - Iteration 50: 	Loss: 0.0054
Train Step A - Iteration 100: 	Loss: 0.0071
Train Step A - Iteration 150: 	Loss: 0.0050
Train Step A - Iteration 200: 	Loss: 0.0092
Train Step A - Iteration 250: 	Loss: 0.0076
Train Step A - Iteration 300: 	Loss: 0.0058
Train Step A - Iteration 350: 	Loss: 0.0085
Train Step A - Iteration 400: 	Loss: 0.0108
Train Step A - Iteration 450: 	Loss: 0.0079
Train Step A - Epoch [47]: 	Loss: 0.0076
Test Step A - Epoch [47]: 	Accuracy: 99.45%
-----------------------------------------------------------------------------------------------

Train Step A - Iteration 0: 	Loss: 0.0000
Train Step A - Iteration 50: 	Loss: 0.0081
Train Step A - Iteration 100: 	Loss: 0.0079
Train Step A - Iteration 150: 	Loss: 0.0076
Train Step A - Iteration 200: 	Loss: 0.0073
Train Step A - Iteration 250: 	Loss: 0.0052
Train Step A - Iteration 300: 	Loss: 0.0081
Train Step A - Iteration 350: 	Loss: 0.0069
Train Step A - Iteration 400: 	Loss: 0.0072
Train Step A - Iteration 450: 	Loss: 0.0074
Train Step A - Epoch [48]: 	Loss: 0.0072
Test Step A - Epoch [48]: 	Accuracy: 99.42%
-----------------------------------------------------------------------------------------------

Train Step A - Iteration 0: 	Loss: 0.0000
Train Step A - Iteration 50: 	Loss: 0.0094
Train Step A - Iteration 100: 	Loss: 0.0070
Train Step A - Iteration 150: 	Loss: 0.0074
Train Step A - Iteration 200: 	Loss: 0.0064
Train Step A - Iteration 250: 	Loss: 0.0065
Train Step A - Iteration 300: 	Loss: 0.0056
Train Step A - Iteration 350: 	Loss: 0.0070
Train Step A - Iteration 400: 	Loss: 0.0105
Train Step A - Iteration 450: 	Loss: 0.0057
Train Step A - Epoch [49]: 	Loss: 0.0072
Test Step A - Epoch [49]: 	Accuracy: 99.39%
-----------------------------------------------------------------------------------------------

Train Step A - Iteration 0: 	Loss: 0.0000
Train Step A - Iteration 50: 	Loss: 0.0045
Train Step A - Iteration 100: 	Loss: 0.0068
Train Step A - Iteration 150: 	Loss: 0.0070
Train Step A - Iteration 200: 	Loss: 0.0068
Train Step A - Iteration 250: 	Loss: 0.0075
Train Step A - Iteration 300: 	Loss: 0.0090
Train Step A - Iteration 350: 	Loss: 0.0082
Train Step A - Iteration 400: 	Loss: 0.0095
Train Step A - Iteration 450: 	Loss: 0.0054
Train Step A - Epoch [50]: 	Loss: 0.0071
Test Step A - Epoch [50]: 	Accuracy: 99.52%
-----------------------------------------------------------------------------------------------

Train Step A - Iteration 0: 	Loss: 0.0002
Train Step A - Iteration 50: 	Loss: 0.0048
Train Step A - Iteration 100: 	Loss: 0.0076
Train Step A - Iteration 150: 	Loss: 0.0067
Train Step A - Iteration 200: 	Loss: 0.0084
Train Step A - Iteration 250: 	Loss: 0.0059
Train Step A - Iteration 300: 	Loss: 0.0071
Train Step A - Iteration 350: 	Loss: 0.0060
Train Step A - Iteration 400: 	Loss: 0.0081
Train Step A - Iteration 450: 	Loss: 0.0078
Train Step A - Epoch [51]: 	Loss: 0.0069
Test Step A - Epoch [51]: 	Accuracy: 99.48%
-----------------------------------------------------------------------------------------------

Train Step A - Iteration 0: 	Loss: 0.0000
Train Step A - Iteration 50: 	Loss: 0.0064
Train Step A - Iteration 100: 	Loss: 0.0065
Train Step A - Iteration 150: 	Loss: 0.0065
Train Step A - Iteration 200: 	Loss: 0.0061
Train Step A - Iteration 250: 	Loss: 0.0066
Train Step A - Iteration 300: 	Loss: 0.0097
Train Step A - Iteration 350: 	Loss: 0.0053
Train Step A - Iteration 400: 	Loss: 0.0077
Train Step A - Iteration 450: 	Loss: 0.0062
Train Step A - Epoch [52]: 	Loss: 0.0068
Test Step A - Epoch [52]: 	Accuracy: 99.46%
-----------------------------------------------------------------------------------------------

Train Step A - Iteration 0: 	Loss: 0.0000
Train Step A - Iteration 50: 	Loss: 0.0064
Train Step A - Iteration 100: 	Loss: 0.0060
Train Step A - Iteration 150: 	Loss: 0.0059
Train Step A - Iteration 200: 	Loss: 0.0067
Train Step A - Iteration 250: 	Loss: 0.0058
Train Step A - Iteration 300: 	Loss: 0.0084
Train Step A - Iteration 350: 	Loss: 0.0060
Train Step A - Iteration 400: 	Loss: 0.0072
Train Step A - Iteration 450: 	Loss: 0.0069
Train Step A - Epoch [53]: 	Loss: 0.0066
Test Step A - Epoch [53]: 	Accuracy: 99.44%
-----------------------------------------------------------------------------------------------

Train Step A - Iteration 0: 	Loss: 0.0000
Train Step A - Iteration 50: 	Loss: 0.0060
Train Step A - Iteration 100: 	Loss: 0.0049
Train Step A - Iteration 150: 	Loss: 0.0065
Train Step A - Iteration 200: 	Loss: 0.0082
Train Step A - Iteration 250: 	Loss: 0.0070
Train Step A - Iteration 300: 	Loss: 0.0084
Train Step A - Iteration 350: 	Loss: 0.0072
Train Step A - Iteration 400: 	Loss: 0.0064
Train Step A - Iteration 450: 	Loss: 0.0059
Train Step A - Epoch [54]: 	Loss: 0.0066
Test Step A - Epoch [54]: 	Accuracy: 99.38%
-----------------------------------------------------------------------------------------------

Train Step A - Iteration 0: 	Loss: 0.0000
Train Step A - Iteration 50: 	Loss: 0.0064
Train Step A - Iteration 100: 	Loss: 0.0051
Train Step A - Iteration 150: 	Loss: 0.0073
Train Step A - Iteration 200: 	Loss: 0.0056
Train Step A - Iteration 250: 	Loss: 0.0090
Train Step A - Iteration 300: 	Loss: 0.0073
Train Step A - Iteration 350: 	Loss: 0.0069
Train Step A - Iteration 400: 	Loss: 0.0053
Train Step A - Iteration 450: 	Loss: 0.0052
Train Step A - Epoch [55]: 	Loss: 0.0064
Test Step A - Epoch [55]: 	Accuracy: 99.43%
-----------------------------------------------------------------------------------------------

Train Step A - Iteration 0: 	Loss: 0.0000
Train Step A - Iteration 50: 	Loss: 0.0077
Train Step A - Iteration 100: 	Loss: 0.0089
Train Step A - Iteration 150: 	Loss: 0.0074
Train Step A - Iteration 200: 	Loss: 0.0067
Train Step A - Iteration 250: 	Loss: 0.0042
Train Step A - Iteration 300: 	Loss: 0.0057
Train Step A - Iteration 350: 	Loss: 0.0058
Train Step A - Iteration 400: 	Loss: 0.0074
Train Step A - Iteration 450: 	Loss: 0.0078
Train Step A - Epoch [56]: 	Loss: 0.0068
Test Step A - Epoch [56]: 	Accuracy: 99.43%
-----------------------------------------------------------------------------------------------

Train Step A - Iteration 0: 	Loss: 0.0001
Train Step A - Iteration 50: 	Loss: 0.0054
Train Step A - Iteration 100: 	Loss: 0.0048
Train Step A - Iteration 150: 	Loss: 0.0069
Train Step A - Iteration 200: 	Loss: 0.0076
Train Step A - Iteration 250: 	Loss: 0.0044
Train Step A - Iteration 300: 	Loss: 0.0060
Train Step A - Iteration 350: 	Loss: 0.0046
Train Step A - Iteration 400: 	Loss: 0.0076
Train Step A - Iteration 450: 	Loss: 0.0057
Train Step A - Epoch [57]: 	Loss: 0.0058
Test Step A - Epoch [57]: 	Accuracy: 99.47%
-----------------------------------------------------------------------------------------------

Train Step A - Iteration 0: 	Loss: 0.0000
Train Step A - Iteration 50: 	Loss: 0.0037
Train Step A - Iteration 100: 	Loss: 0.0062
Train Step A - Iteration 150: 	Loss: 0.0044
Train Step A - Iteration 200: 	Loss: 0.0068
Train Step A - Iteration 250: 	Loss: 0.0077
Train Step A - Iteration 300: 	Loss: 0.0066
Train Step A - Iteration 350: 	Loss: 0.0076
Train Step A - Iteration 400: 	Loss: 0.0039
Train Step A - Iteration 450: 	Loss: 0.0066
Train Step A - Epoch [58]: 	Loss: 0.0059
Test Step A - Epoch [58]: 	Accuracy: 99.45%
-----------------------------------------------------------------------------------------------

Train Step A - Iteration 0: 	Loss: 0.0000
Train Step A - Iteration 50: 	Loss: 0.0051
Train Step A - Iteration 100: 	Loss: 0.0048
Train Step A - Iteration 150: 	Loss: 0.0056
Train Step A - Iteration 200: 	Loss: 0.0061
Train Step A - Iteration 250: 	Loss: 0.0042
Train Step A - Iteration 300: 	Loss: 0.0096
Train Step A - Iteration 350: 	Loss: 0.0055
Train Step A - Iteration 400: 	Loss: 0.0054
Train Step A - Iteration 450: 	Loss: 0.0069
Train Step A - Epoch [59]: 	Loss: 0.0059
Test Step A - Epoch [59]: 	Accuracy: 99.47%
-----------------------------------------------------------------------------------------------

Train Step A - Iteration 0: 	Loss: 0.0001
Train Step A - Iteration 50: 	Loss: 0.0081
Train Step A - Iteration 100: 	Loss: 0.0068
Train Step A - Iteration 150: 	Loss: 0.0060
Train Step A - Iteration 200: 	Loss: 0.0043
Train Step A - Iteration 250: 	Loss: 0.0046
Train Step A - Iteration 300: 	Loss: 0.0043
Train Step A - Iteration 350: 	Loss: 0.0082
Train Step A - Iteration 400: 	Loss: 0.0056
Train Step A - Iteration 450: 	Loss: 0.0049
Train Step A - Epoch [60]: 	Loss: 0.0058
Test Step A - Epoch [60]: 	Accuracy: 99.44%
-----------------------------------------------------------------------------------------------

Train Step A - Iteration 0: 	Loss: 0.0000
Train Step A - Iteration 50: 	Loss: 0.0055
Train Step A - Iteration 100: 	Loss: 0.0065
Train Step A - Iteration 150: 	Loss: 0.0052
Train Step A - Iteration 200: 	Loss: 0.0043
Train Step A - Iteration 250: 	Loss: 0.0047
Train Step A - Iteration 300: 	Loss: 0.0040
Train Step A - Iteration 350: 	Loss: 0.0067
Train Step A - Iteration 400: 	Loss: 0.0063
Train Step A - Iteration 450: 	Loss: 0.0060
Train Step A - Epoch [61]: 	Loss: 0.0055
Test Step A - Epoch [61]: 	Accuracy: 99.50%
-----------------------------------------------------------------------------------------------

Train Step A - Iteration 0: 	Loss: 0.0000
Train Step A - Iteration 50: 	Loss: 0.0043
Train Step A - Iteration 100: 	Loss: 0.0053
Train Step A - Iteration 150: 	Loss: 0.0044
Train Step A - Iteration 200: 	Loss: 0.0044
Train Step A - Iteration 250: 	Loss: 0.0036
Train Step A - Iteration 300: 	Loss: 0.0095
Train Step A - Iteration 350: 	Loss: 0.0052
Train Step A - Iteration 400: 	Loss: 0.0036
Train Step A - Iteration 450: 	Loss: 0.0069
Train Step A - Epoch [62]: 	Loss: 0.0054
Test Step A - Epoch [62]: 	Accuracy: 99.43%
-----------------------------------------------------------------------------------------------

Train Step A - Iteration 0: 	Loss: 0.0000
Train Step A - Iteration 50: 	Loss: 0.0072
Train Step A - Iteration 100: 	Loss: 0.0043
Train Step A - Iteration 150: 	Loss: 0.0044
Train Step A - Iteration 200: 	Loss: 0.0061
Train Step A - Iteration 250: 	Loss: 0.0043
Train Step A - Iteration 300: 	Loss: 0.0046
Train Step A - Iteration 350: 	Loss: 0.0038
Train Step A - Iteration 400: 	Loss: 0.0043
Train Step A - Iteration 450: 	Loss: 0.0071
Train Step A - Epoch [63]: 	Loss: 0.0051
Test Step A - Epoch [63]: 	Accuracy: 99.44%
-----------------------------------------------------------------------------------------------

Train Step A - Iteration 0: 	Loss: 0.0001
Train Step A - Iteration 50: 	Loss: 0.0055
Train Step A - Iteration 100: 	Loss: 0.0062
Train Step A - Iteration 150: 	Loss: 0.0055
Train Step A - Iteration 200: 	Loss: 0.0037
Train Step A - Iteration 250: 	Loss: 0.0043
Train Step A - Iteration 300: 	Loss: 0.0053
Train Step A - Iteration 350: 	Loss: 0.0053
Train Step A - Iteration 400: 	Loss: 0.0057
Train Step A - Iteration 450: 	Loss: 0.0046
Train Step A - Epoch [64]: 	Loss: 0.0050
Test Step A - Epoch [64]: 	Accuracy: 99.46%
-----------------------------------------------------------------------------------------------

Train Step A - Iteration 0: 	Loss: 0.0004
Train Step A - Iteration 50: 	Loss: 0.0035
Train Step A - Iteration 100: 	Loss: 0.0055
Train Step A - Iteration 150: 	Loss: 0.0069
Train Step A - Iteration 200: 	Loss: 0.0069
Train Step A - Iteration 250: 	Loss: 0.0054
Train Step A - Iteration 300: 	Loss: 0.0056
Train Step A - Iteration 350: 	Loss: 0.0037
Train Step A - Iteration 400: 	Loss: 0.0070
Train Step A - Iteration 450: 	Loss: 0.0051
Train Step A - Epoch [65]: 	Loss: 0.0055
Test Step A - Epoch [65]: 	Accuracy: 99.45%
-----------------------------------------------------------------------------------------------

Train Step A - Iteration 0: 	Loss: 0.0000
Train Step A - Iteration 50: 	Loss: 0.0027
Train Step A - Iteration 100: 	Loss: 0.0055
Train Step A - Iteration 150: 	Loss: 0.0035
Train Step A - Iteration 200: 	Loss: 0.0047
Train Step A - Iteration 250: 	Loss: 0.0024
Train Step A - Iteration 300: 	Loss: 0.0060
Train Step A - Iteration 350: 	Loss: 0.0053
Train Step A - Iteration 400: 	Loss: 0.0030
Train Step A - Iteration 450: 	Loss: 0.0036
Train Step A - Epoch [66]: 	Loss: 0.0043
Test Step A - Epoch [66]: 	Accuracy: 99.45%
-----------------------------------------------------------------------------------------------

Train Step A - Iteration 0: 	Loss: 0.0000
Train Step A - Iteration 50: 	Loss: 0.0058
Train Step A - Iteration 100: 	Loss: 0.0059
Train Step A - Iteration 150: 	Loss: 0.0046
Train Step A - Iteration 200: 	Loss: 0.0040
Train Step A - Iteration 250: 	Loss: 0.0053
Train Step A - Iteration 300: 	Loss: 0.0044
Train Step A - Iteration 350: 	Loss: 0.0034
Train Step A - Iteration 400: 	Loss: 0.0041
Train Step A - Iteration 450: 	Loss: 0.0048
Train Step A - Epoch [67]: 	Loss: 0.0047
Test Step A - Epoch [67]: 	Accuracy: 99.48%
-----------------------------------------------------------------------------------------------

Train Step A - Iteration 0: 	Loss: 0.0000
Train Step A - Iteration 50: 	Loss: 0.0038
Train Step A - Iteration 100: 	Loss: 0.0050
Train Step A - Iteration 150: 	Loss: 0.0040
Train Step A - Iteration 200: 	Loss: 0.0039
Train Step A - Iteration 250: 	Loss: 0.0039
Train Step A - Iteration 300: 	Loss: 0.0046
Train Step A - Iteration 350: 	Loss: 0.0040
Train Step A - Iteration 400: 	Loss: 0.0039
Train Step A - Iteration 450: 	Loss: 0.0071
Train Step A - Epoch [68]: 	Loss: 0.0048
Test Step A - Epoch [68]: 	Accuracy: 99.44%
-----------------------------------------------------------------------------------------------

Train Step A - Iteration 0: 	Loss: 0.0000
Train Step A - Iteration 50: 	Loss: 0.0053
Train Step A - Iteration 100: 	Loss: 0.0035
Train Step A - Iteration 150: 	Loss: 0.0040
Train Step A - Iteration 200: 	Loss: 0.0035
Train Step A - Iteration 250: 	Loss: 0.0048
Train Step A - Iteration 300: 	Loss: 0.0042
Train Step A - Iteration 350: 	Loss: 0.0035
Train Step A - Iteration 400: 	Loss: 0.0039
Train Step A - Iteration 450: 	Loss: 0.0044
Train Step A - Epoch [69]: 	Loss: 0.0041
Test Step A - Epoch [69]: 	Accuracy: 99.47%
-----------------------------------------------------------------------------------------------

Train Step A - Iteration 0: 	Loss: 0.0002
Train Step A - Iteration 50: 	Loss: 0.0048
Train Step A - Iteration 100: 	Loss: 0.0047
Train Step A - Iteration 150: 	Loss: 0.0031
Train Step A - Iteration 200: 	Loss: 0.0036
Train Step A - Iteration 250: 	Loss: 0.0041
Train Step A - Iteration 300: 	Loss: 0.0036
Train Step A - Iteration 350: 	Loss: 0.0046
Train Step A - Iteration 400: 	Loss: 0.0081
Train Step A - Iteration 450: 	Loss: 0.0053
Train Step A - Epoch [70]: 	Loss: 0.0048
Test Step A - Epoch [70]: 	Accuracy: 99.40%
-----------------------------------------------------------------------------------------------

Train Step A - Iteration 0: 	Loss: 0.0001
Train Step A - Iteration 50: 	Loss: 0.0051
Train Step A - Iteration 100: 	Loss: 0.0054
Train Step A - Iteration 150: 	Loss: 0.0040
Train Step A - Iteration 200: 	Loss: 0.0053
Train Step A - Iteration 250: 	Loss: 0.0050
Train Step A - Iteration 300: 	Loss: 0.0035
Train Step A - Iteration 350: 	Loss: 0.0052
Train Step A - Iteration 400: 	Loss: 0.0061
Train Step A - Iteration 450: 	Loss: 0.0052
Train Step A - Epoch [71]: 	Loss: 0.0049
Test Step A - Epoch [71]: 	Accuracy: 99.50%
-----------------------------------------------------------------------------------------------

Train Step A - Iteration 0: 	Loss: 0.0000
Train Step A - Iteration 50: 	Loss: 0.0032
Train Step A - Iteration 100: 	Loss: 0.0039
Train Step A - Iteration 150: 	Loss: 0.0038
Train Step A - Iteration 200: 	Loss: 0.0039
Train Step A - Iteration 250: 	Loss: 0.0036
Train Step A - Iteration 300: 	Loss: 0.0036
Train Step A - Iteration 350: 	Loss: 0.0047
Train Step A - Iteration 400: 	Loss: 0.0046
Train Step A - Iteration 450: 	Loss: 0.0058
Train Step A - Epoch [72]: 	Loss: 0.0042
Test Step A - Epoch [72]: 	Accuracy: 99.48%
-----------------------------------------------------------------------------------------------

Train Step A - Iteration 0: 	Loss: 0.0003
Train Step A - Iteration 50: 	Loss: 0.0042
Train Step A - Iteration 100: 	Loss: 0.0054
Train Step A - Iteration 150: 	Loss: 0.0042
Train Step A - Iteration 200: 	Loss: 0.0053
Train Step A - Iteration 250: 	Loss: 0.0038
Train Step A - Iteration 300: 	Loss: 0.0062
Train Step A - Iteration 350: 	Loss: 0.0042
Train Step A - Iteration 400: 	Loss: 0.0057
Train Step A - Iteration 450: 	Loss: 0.0053
Train Step A - Epoch [73]: 	Loss: 0.0051
Test Step A - Epoch [73]: 	Accuracy: 99.47%
-----------------------------------------------------------------------------------------------

Train Step A - Iteration 0: 	Loss: 0.0001
Train Step A - Iteration 50: 	Loss: 0.0066
Train Step A - Iteration 100: 	Loss: 0.0053
Train Step A - Iteration 150: 	Loss: 0.0054
Train Step A - Iteration 200: 	Loss: 0.0054
Train Step A - Iteration 250: 	Loss: 0.0044
Train Step A - Iteration 300: 	Loss: 0.0042
Train Step A - Iteration 350: 	Loss: 0.0034
Train Step A - Iteration 400: 	Loss: 0.0075
Train Step A - Iteration 450: 	Loss: 0.0056
Train Step A - Epoch [74]: 	Loss: 0.0053
Test Step A - Epoch [74]: 	Accuracy: 99.42%
-----------------------------------------------------------------------------------------------

Train Step A - Iteration 0: 	Loss: 0.0000
Train Step A - Iteration 50: 	Loss: 0.0044
Train Step A - Iteration 100: 	Loss: 0.0028
Train Step A - Iteration 150: 	Loss: 0.0035
Train Step A - Iteration 200: 	Loss: 0.0045
Train Step A - Iteration 250: 	Loss: 0.0035
Train Step A - Iteration 300: 	Loss: 0.0047
Train Step A - Iteration 350: 	Loss: 0.0050
Train Step A - Iteration 400: 	Loss: 0.0063
Train Step A - Iteration 450: 	Loss: 0.0052
Train Step A - Epoch [75]: 	Loss: 0.0044
Test Step A - Epoch [75]: 	Accuracy: 99.38%
-----------------------------------------------------------------------------------------------

Train Step A - Iteration 0: 	Loss: 0.0000
Train Step A - Iteration 50: 	Loss: 0.0061
Train Step A - Iteration 100: 	Loss: 0.0029
Train Step A - Iteration 150: 	Loss: 0.0038
Train Step A - Iteration 200: 	Loss: 0.0056
Train Step A - Iteration 250: 	Loss: 0.0039
Train Step A - Iteration 300: 	Loss: 0.0050
Train Step A - Iteration 350: 	Loss: 0.0039
Train Step A - Iteration 400: 	Loss: 0.0041
Train Step A - Iteration 450: 	Loss: 0.0061
Train Step A - Epoch [76]: 	Loss: 0.0045
Test Step A - Epoch [76]: 	Accuracy: 99.45%
-----------------------------------------------------------------------------------------------

Train Step A - Iteration 0: 	Loss: 0.0000
Train Step A - Iteration 50: 	Loss: 0.0031
Train Step A - Iteration 100: 	Loss: 0.0040
Train Step A - Iteration 150: 	Loss: 0.0046
Train Step A - Iteration 200: 	Loss: 0.0046
Train Step A - Iteration 250: 	Loss: 0.0046
Train Step A - Iteration 300: 	Loss: 0.0031
Train Step A - Iteration 350: 	Loss: 0.0026
Train Step A - Iteration 400: 	Loss: 0.0046
Train Step A - Iteration 450: 	Loss: 0.0057
Train Step A - Epoch [77]: 	Loss: 0.0040
Test Step A - Epoch [77]: 	Accuracy: 99.40%
-----------------------------------------------------------------------------------------------

Train Step A - Iteration 0: 	Loss: 0.0000
Train Step A - Iteration 50: 	Loss: 0.0028
Train Step A - Iteration 100: 	Loss: 0.0039
Train Step A - Iteration 150: 	Loss: 0.0056
Train Step A - Iteration 200: 	Loss: 0.0051
Train Step A - Iteration 250: 	Loss: 0.0039
Train Step A - Iteration 300: 	Loss: 0.0023
Train Step A - Iteration 350: 	Loss: 0.0028
Train Step A - Iteration 400: 	Loss: 0.0051
Train Step A - Iteration 450: 	Loss: 0.0041
Train Step A - Epoch [78]: 	Loss: 0.0039
Test Step A - Epoch [78]: 	Accuracy: 99.43%
-----------------------------------------------------------------------------------------------

Train Step A - Iteration 0: 	Loss: 0.0000
Train Step A - Iteration 50: 	Loss: 0.0043
Train Step A - Iteration 100: 	Loss: 0.0076
Train Step A - Iteration 150: 	Loss: 0.0045
Train Step A - Iteration 200: 	Loss: 0.0031
Train Step A - Iteration 250: 	Loss: 0.0050
Train Step A - Iteration 300: 	Loss: 0.0041
Train Step A - Iteration 350: 	Loss: 0.0051
Train Step A - Iteration 400: 	Loss: 0.0062
Train Step A - Iteration 450: 	Loss: 0.0024
Train Step A - Epoch [79]: 	Loss: 0.0046
Test Step A - Epoch [79]: 	Accuracy: 99.40%
-----------------------------------------------------------------------------------------------

Train Step A - Iteration 0: 	Loss: 0.0000
Train Step A - Iteration 50: 	Loss: 0.0034
Train Step A - Iteration 100: 	Loss: 0.0019
Train Step A - Iteration 150: 	Loss: 0.0043
Train Step A - Iteration 200: 	Loss: 0.0032
Train Step A - Iteration 250: 	Loss: 0.0030
Train Step A - Iteration 300: 	Loss: 0.0030
Train Step A - Iteration 350: 	Loss: 0.0035
Train Step A - Iteration 400: 	Loss: 0.0056
Train Step A - Iteration 450: 	Loss: 0.0055
Train Step A - Epoch [80]: 	Loss: 0.0037
Test Step A - Epoch [80]: 	Accuracy: 99.40%
-----------------------------------------------------------------------------------------------

Train Step A - Iteration 0: 	Loss: 0.0000
Train Step A - Iteration 50: 	Loss: 0.0063
Train Step A - Iteration 100: 	Loss: 0.0051
Train Step A - Iteration 150: 	Loss: 0.0071
Train Step A - Iteration 200: 	Loss: 0.0029
Train Step A - Iteration 250: 	Loss: 0.0032
Train Step A - Iteration 300: 	Loss: 0.0044
Train Step A - Iteration 350: 	Loss: 0.0030
Train Step A - Iteration 400: 	Loss: 0.0059
Train Step A - Iteration 450: 	Loss: 0.0034
Train Step A - Epoch [81]: 	Loss: 0.0046
Test Step A - Epoch [81]: 	Accuracy: 99.44%
-----------------------------------------------------------------------------------------------

Train Step A - Iteration 0: 	Loss: 0.0000
Train Step A - Iteration 50: 	Loss: 0.0025
Train Step A - Iteration 100: 	Loss: 0.0033
Train Step A - Iteration 150: 	Loss: 0.0033
Train Step A - Iteration 200: 	Loss: 0.0027
Train Step A - Iteration 250: 	Loss: 0.0041
Train Step A - Iteration 300: 	Loss: 0.0039
Train Step A - Iteration 350: 	Loss: 0.0023
Train Step A - Iteration 400: 	Loss: 0.0079
Train Step A - Iteration 450: 	Loss: 0.0059
Train Step A - Epoch [82]: 	Loss: 0.0040
Test Step A - Epoch [82]: 	Accuracy: 99.44%
-----------------------------------------------------------------------------------------------

Train Step A - Iteration 0: 	Loss: 0.0000
Train Step A - Iteration 50: 	Loss: 0.0045
Train Step A - Iteration 100: 	Loss: 0.0028
Train Step A - Iteration 150: 	Loss: 0.0039
Train Step A - Iteration 200: 	Loss: 0.0028
Train Step A - Iteration 250: 	Loss: 0.0048
Train Step A - Iteration 300: 	Loss: 0.0030
Train Step A - Iteration 350: 	Loss: 0.0031
Train Step A - Iteration 400: 	Loss: 0.0053
Train Step A - Iteration 450: 	Loss: 0.0049
Train Step A - Epoch [83]: 	Loss: 0.0038
Test Step A - Epoch [83]: 	Accuracy: 99.46%
-----------------------------------------------------------------------------------------------

Train Step A - Iteration 0: 	Loss: 0.0001
Train Step A - Iteration 50: 	Loss: 0.0050
Train Step A - Iteration 100: 	Loss: 0.0036
Train Step A - Iteration 150: 	Loss: 0.0033
Train Step A - Iteration 200: 	Loss: 0.0029
Train Step A - Iteration 250: 	Loss: 0.0041
Train Step A - Iteration 300: 	Loss: 0.0036
Train Step A - Iteration 350: 	Loss: 0.0028
Train Step A - Iteration 400: 	Loss: 0.0026
Train Step A - Iteration 450: 	Loss: 0.0049
Train Step A - Epoch [84]: 	Loss: 0.0036
Test Step A - Epoch [84]: 	Accuracy: 99.47%
-----------------------------------------------------------------------------------------------

Train Step A - Iteration 0: 	Loss: 0.0003
Train Step A - Iteration 50: 	Loss: 0.0035
Train Step A - Iteration 100: 	Loss: 0.0040
Train Step A - Iteration 150: 	Loss: 0.0023
Train Step A - Iteration 200: 	Loss: 0.0044
Train Step A - Iteration 250: 	Loss: 0.0035
Train Step A - Iteration 300: 	Loss: 0.0040
Train Step A - Iteration 350: 	Loss: 0.0054
Train Step A - Iteration 400: 	Loss: 0.0035
Train Step A - Iteration 450: 	Loss: 0.0030
Train Step A - Epoch [85]: 	Loss: 0.0037
Test Step A - Epoch [85]: 	Accuracy: 99.42%
-----------------------------------------------------------------------------------------------

Train Step A - Iteration 0: 	Loss: 0.0000
Train Step A - Iteration 50: 	Loss: 0.0038
Train Step A - Iteration 100: 	Loss: 0.0032
Train Step A - Iteration 150: 	Loss: 0.0032
Train Step A - Iteration 200: 	Loss: 0.0032
Train Step A - Iteration 250: 	Loss: 0.0031
Train Step A - Iteration 300: 	Loss: 0.0028
Train Step A - Iteration 350: 	Loss: 0.0039
Train Step A - Iteration 400: 	Loss: 0.0030
Train Step A - Iteration 450: 	Loss: 0.0038
Train Step A - Epoch [86]: 	Loss: 0.0034
Test Step A - Epoch [86]: 	Accuracy: 99.48%
-----------------------------------------------------------------------------------------------

Train Step A - Iteration 0: 	Loss: 0.0000
Train Step A - Iteration 50: 	Loss: 0.0029
Train Step A - Iteration 100: 	Loss: 0.0025
Train Step A - Iteration 150: 	Loss: 0.0019
Train Step A - Iteration 200: 	Loss: 0.0026
Train Step A - Iteration 250: 	Loss: 0.0042
Train Step A - Iteration 300: 	Loss: 0.0048
Train Step A - Iteration 350: 	Loss: 0.0026
Train Step A - Iteration 400: 	Loss: 0.0029
Train Step A - Iteration 450: 	Loss: 0.0045
Train Step A - Epoch [87]: 	Loss: 0.0032
Test Step A - Epoch [87]: 	Accuracy: 99.47%
-----------------------------------------------------------------------------------------------

Train Step A - Iteration 0: 	Loss: 0.0000
Train Step A - Iteration 50: 	Loss: 0.0026
Train Step A - Iteration 100: 	Loss: 0.0020
Train Step A - Iteration 150: 	Loss: 0.0027
Train Step A - Iteration 200: 	Loss: 0.0027
Train Step A - Iteration 250: 	Loss: 0.0042
Train Step A - Iteration 300: 	Loss: 0.0038
Train Step A - Iteration 350: 	Loss: 0.0056
Train Step A - Iteration 400: 	Loss: 0.0079
Train Step A - Iteration 450: 	Loss: 0.0060
Train Step A - Epoch [88]: 	Loss: 0.0042
Test Step A - Epoch [88]: 	Accuracy: 99.50%
-----------------------------------------------------------------------------------------------

Train Step A - Iteration 0: 	Loss: 0.0000
Train Step A - Iteration 50: 	Loss: 0.0026
Train Step A - Iteration 100: 	Loss: 0.0044
Train Step A - Iteration 150: 	Loss: 0.0045
Train Step A - Iteration 200: 	Loss: 0.0034
Train Step A - Iteration 250: 	Loss: 0.0020
Train Step A - Iteration 300: 	Loss: 0.0038
Train Step A - Iteration 350: 	Loss: 0.0042
Train Step A - Iteration 400: 	Loss: 0.0035
Train Step A - Iteration 450: 	Loss: 0.0045
Train Step A - Epoch [89]: 	Loss: 0.0036
Test Step A - Epoch [89]: 	Accuracy: 99.48%
-----------------------------------------------------------------------------------------------

Train Step A - Iteration 0: 	Loss: 0.0000
Train Step A - Iteration 50: 	Loss: 0.0025
Train Step A - Iteration 100: 	Loss: 0.0032
Train Step A - Iteration 150: 	Loss: 0.0031
Train Step A - Iteration 200: 	Loss: 0.0043
Train Step A - Iteration 250: 	Loss: 0.0026
Train Step A - Iteration 300: 	Loss: 0.0073
Train Step A - Iteration 350: 	Loss: 0.0045
Train Step A - Iteration 400: 	Loss: 0.0052
Train Step A - Iteration 450: 	Loss: 0.0049
Train Step A - Epoch [90]: 	Loss: 0.0041
Test Step A - Epoch [90]: 	Accuracy: 99.45%
-----------------------------------------------------------------------------------------------

Train Step A - Iteration 0: 	Loss: 0.0000
Train Step A - Iteration 50: 	Loss: 0.0025
Train Step A - Iteration 100: 	Loss: 0.0022
Train Step A - Iteration 150: 	Loss: 0.0029
Train Step A - Iteration 200: 	Loss: 0.0017
Train Step A - Iteration 250: 	Loss: 0.0042
Train Step A - Iteration 300: 	Loss: 0.0028
Train Step A - Iteration 350: 	Loss: 0.0028
Train Step A - Iteration 400: 	Loss: 0.0042
Train Step A - Iteration 450: 	Loss: 0.0040
Train Step A - Epoch [91]: 	Loss: 0.0032
Test Step A - Epoch [91]: 	Accuracy: 99.47%
-----------------------------------------------------------------------------------------------

Train Step A - Iteration 0: 	Loss: 0.0000
Train Step A - Iteration 50: 	Loss: 0.0032
Train Step A - Iteration 100: 	Loss: 0.0020
Train Step A - Iteration 150: 	Loss: 0.0034
Train Step A - Iteration 200: 	Loss: 0.0036
Train Step A - Iteration 250: 	Loss: 0.0026
Train Step A - Iteration 300: 	Loss: 0.0031
Train Step A - Iteration 350: 	Loss: 0.0017
Train Step A - Iteration 400: 	Loss: 0.0025
Train Step A - Iteration 450: 	Loss: 0.0033
Train Step A - Epoch [92]: 	Loss: 0.0028
Test Step A - Epoch [92]: 	Accuracy: 99.47%
-----------------------------------------------------------------------------------------------

Train Step A - Iteration 0: 	Loss: 0.0001
Train Step A - Iteration 50: 	Loss: 0.0025
Train Step A - Iteration 100: 	Loss: 0.0032
Train Step A - Iteration 150: 	Loss: 0.0034
Train Step A - Iteration 200: 	Loss: 0.0020
Train Step A - Iteration 250: 	Loss: 0.0027
Train Step A - Iteration 300: 	Loss: 0.0029
Train Step A - Iteration 350: 	Loss: 0.0025
Train Step A - Iteration 400: 	Loss: 0.0023
Train Step A - Iteration 450: 	Loss: 0.0057
Train Step A - Epoch [93]: 	Loss: 0.0032
Test Step A - Epoch [93]: 	Accuracy: 99.46%
-----------------------------------------------------------------------------------------------

Train Step A - Iteration 0: 	Loss: 0.0000
Train Step A - Iteration 50: 	Loss: 0.0052
Train Step A - Iteration 100: 	Loss: 0.0034
Train Step A - Iteration 150: 	Loss: 0.0045
Train Step A - Iteration 200: 	Loss: 0.0031
Train Step A - Iteration 250: 	Loss: 0.0029
Train Step A - Iteration 300: 	Loss: 0.0037
Train Step A - Iteration 350: 	Loss: 0.0034
Train Step A - Iteration 400: 	Loss: 0.0039
Train Step A - Iteration 450: 	Loss: 0.0044
Train Step A - Epoch [94]: 	Loss: 0.0037
Test Step A - Epoch [94]: 	Accuracy: 99.45%
-----------------------------------------------------------------------------------------------

Train Step A - Iteration 0: 	Loss: 0.0000
Train Step A - Iteration 50: 	Loss: 0.0023
Train Step A - Iteration 100: 	Loss: 0.0019
Train Step A - Iteration 150: 	Loss: 0.0023
Train Step A - Iteration 200: 	Loss: 0.0029
Train Step A - Iteration 250: 	Loss: 0.0059
Train Step A - Iteration 300: 	Loss: 0.0031
Train Step A - Iteration 350: 	Loss: 0.0024
Train Step A - Iteration 400: 	Loss: 0.0027
Train Step A - Iteration 450: 	Loss: 0.0040
Train Step A - Epoch [95]: 	Loss: 0.0031
Test Step A - Epoch [95]: 	Accuracy: 99.46%
-----------------------------------------------------------------------------------------------

Train Step A - Iteration 0: 	Loss: 0.0000
Train Step A - Iteration 50: 	Loss: 0.0016
Train Step A - Iteration 100: 	Loss: 0.0029
Train Step A - Iteration 150: 	Loss: 0.0024
Train Step A - Iteration 200: 	Loss: 0.0030
Train Step A - Iteration 250: 	Loss: 0.0041
Train Step A - Iteration 300: 	Loss: 0.0042
Train Step A - Iteration 350: 	Loss: 0.0022
Train Step A - Iteration 400: 	Loss: 0.0043
Train Step A - Iteration 450: 	Loss: 0.0040
Train Step A - Epoch [96]: 	Loss: 0.0032
Test Step A - Epoch [96]: 	Accuracy: 99.50%
-----------------------------------------------------------------------------------------------

Train Step A - Iteration 0: 	Loss: 0.0000
Train Step A - Iteration 50: 	Loss: 0.0022
Train Step A - Iteration 100: 	Loss: 0.0029
Train Step A - Iteration 150: 	Loss: 0.0033
Train Step A - Iteration 200: 	Loss: 0.0030
Train Step A - Iteration 250: 	Loss: 0.0023
Train Step A - Iteration 300: 	Loss: 0.0029
Train Step A - Iteration 350: 	Loss: 0.0028
Train Step A - Iteration 400: 	Loss: 0.0056
Train Step A - Iteration 450: 	Loss: 0.0016
Train Step A - Epoch [97]: 	Loss: 0.0029
Test Step A - Epoch [97]: 	Accuracy: 99.44%
-----------------------------------------------------------------------------------------------

Train Step A - Iteration 0: 	Loss: 0.0000
Train Step A - Iteration 50: 	Loss: 0.0029
Train Step A - Iteration 100: 	Loss: 0.0030
Train Step A - Iteration 150: 	Loss: 0.0022
Train Step A - Iteration 200: 	Loss: 0.0022
Train Step A - Iteration 250: 	Loss: 0.0033
Train Step A - Iteration 300: 	Loss: 0.0038
Train Step A - Iteration 350: 	Loss: 0.0044
Train Step A - Iteration 400: 	Loss: 0.0025
Train Step A - Iteration 450: 	Loss: 0.0031
Train Step A - Epoch [98]: 	Loss: 0.0030
Test Step A - Epoch [98]: 	Accuracy: 99.46%
-----------------------------------------------------------------------------------------------

Train Step A - Iteration 0: 	Loss: 0.0000
Train Step A - Iteration 50: 	Loss: 0.0018
Train Step A - Iteration 100: 	Loss: 0.0028
Train Step A - Iteration 150: 	Loss: 0.0037
Train Step A - Iteration 200: 	Loss: 0.0024
Train Step A - Iteration 250: 	Loss: 0.0032
Train Step A - Iteration 300: 	Loss: 0.0045
Train Step A - Iteration 350: 	Loss: 0.0028
Train Step A - Iteration 400: 	Loss: 0.0026
Train Step A - Iteration 450: 	Loss: 0.0034
Train Step A - Epoch [99]: 	Loss: 0.0031
Test Step A - Epoch [99]: 	Accuracy: 99.45%
-----------------------------------------------------------------------------------------------

Train Step A - Iteration 0: 	Loss: 0.0000
Train Step A - Iteration 50: 	Loss: 0.0029
Train Step A - Iteration 100: 	Loss: 0.0037
Train Step A - Iteration 150: 	Loss: 0.0020
Train Step A - Iteration 200: 	Loss: 0.0028
Train Step A - Iteration 250: 	Loss: 0.0048
Train Step A - Iteration 300: 	Loss: 0.0023
Train Step A - Iteration 350: 	Loss: 0.0027
Train Step A - Iteration 400: 	Loss: 0.0034
Train Step A - Iteration 450: 	Loss: 0.0027
Train Step A - Epoch [100]: 	Loss: 0.0030
Test Step A - Epoch [100]: 	Accuracy: 99.45%
-----------------------------------------------------------------------------------------------

Using downloaded and verified file: ./data/SVHN/raw/train/train_32x32.mat
Using downloaded and verified file: ./data/SVHN/raw/test/test_32x32.mat
Train Step B - Epoch [1]:               Discriminator GAN loss: 0.8062,               Generator GAN Loss: 1.6152,               Cycle loss: 1.1012,               Semantic Loss: 1.3795,               Task loss: 2.1903
Test Step B - Epoch [1]: 	Accuracy: 10.71%
-----------------------------------------------------------------------------------------------

Train Step B - Epoch [2]:               Discriminator GAN loss: 1.3019,               Generator GAN Loss: 1.0293,               Cycle loss: 0.6218,               Semantic Loss: 0.7722,               Task loss: 1.6895
Test Step B - Epoch [2]: 	Accuracy: 14.84%
-----------------------------------------------------------------------------------------------

Train Step B - Epoch [3]:               Discriminator GAN loss: 1.4046,               Generator GAN Loss: 0.7149,               Cycle loss: 0.4728,               Semantic Loss: 0.4278,               Task loss: 0.9464
Test Step B - Epoch [3]: 	Accuracy: 14.18%
-----------------------------------------------------------------------------------------------

Train Step B - Epoch [4]:               Discriminator GAN loss: 1.4029,               Generator GAN Loss: 0.7083,               Cycle loss: 0.4487,               Semantic Loss: 0.3059,               Task loss: 0.6436
Test Step B - Epoch [4]: 	Accuracy: 12.07%
-----------------------------------------------------------------------------------------------

Train Step B - Epoch [5]:               Discriminator GAN loss: 1.4037,               Generator GAN Loss: 0.7109,               Cycle loss: 0.3876,               Semantic Loss: 0.2224,               Task loss: 0.5059
Test Step B - Epoch [5]: 	Accuracy: 14.42%
-----------------------------------------------------------------------------------------------

Train Step B - Epoch [6]:               Discriminator GAN loss: 1.3993,               Generator GAN Loss: 0.7067,               Cycle loss: 0.2888,               Semantic Loss: 0.1570,               Task loss: 0.4514
Test Step B - Epoch [6]: 	Accuracy: 14.36%
-----------------------------------------------------------------------------------------------

Train Step B - Epoch [7]:               Discriminator GAN loss: 1.3992,               Generator GAN Loss: 0.7009,               Cycle loss: 0.2578,               Semantic Loss: 0.1167,               Task loss: 0.3776
Test Step B - Epoch [7]: 	Accuracy: 13.00%
-----------------------------------------------------------------------------------------------

Train Step B - Epoch [8]:               Discriminator GAN loss: 1.3894,               Generator GAN Loss: 0.7035,               Cycle loss: 0.2414,               Semantic Loss: 0.0895,               Task loss: 0.3224
Test Step B - Epoch [8]: 	Accuracy: 16.11%
-----------------------------------------------------------------------------------------------

Train Step B - Epoch [9]:               Discriminator GAN loss: 1.3908,               Generator GAN Loss: 0.7052,               Cycle loss: 0.2297,               Semantic Loss: 0.0769,               Task loss: 0.3015
Test Step B - Epoch [9]: 	Accuracy: 17.23%
-----------------------------------------------------------------------------------------------

Train Step B - Epoch [10]:               Discriminator GAN loss: 1.3893,               Generator GAN Loss: 0.7057,               Cycle loss: 0.2177,               Semantic Loss: 0.0688,               Task loss: 0.2601
Test Step B - Epoch [10]: 	Accuracy: 16.58%
-----------------------------------------------------------------------------------------------

Train Step B - Epoch [11]:               Discriminator GAN loss: 1.3829,               Generator GAN Loss: 0.7154,               Cycle loss: 0.2084,               Semantic Loss: 0.0635,               Task loss: 0.2495
Test Step B - Epoch [11]: 	Accuracy: 17.51%
-----------------------------------------------------------------------------------------------

Train Step B - Epoch [12]:               Discriminator GAN loss: 1.3797,               Generator GAN Loss: 0.7139,               Cycle loss: 0.1984,               Semantic Loss: 0.0622,               Task loss: 0.2251
Test Step B - Epoch [12]: 	Accuracy: 17.76%
-----------------------------------------------------------------------------------------------

Train Step B - Epoch [13]:               Discriminator GAN loss: 1.3783,               Generator GAN Loss: 0.7201,               Cycle loss: 0.1906,               Semantic Loss: 0.0630,               Task loss: 0.2106
Test Step B - Epoch [13]: 	Accuracy: 17.19%
-----------------------------------------------------------------------------------------------

Train Step B - Epoch [14]:               Discriminator GAN loss: 1.3794,               Generator GAN Loss: 0.7218,               Cycle loss: 0.1831,               Semantic Loss: 0.0648,               Task loss: 0.2014
Test Step B - Epoch [14]: 	Accuracy: 18.15%
-----------------------------------------------------------------------------------------------

Train Step B - Epoch [15]:               Discriminator GAN loss: 1.3657,               Generator GAN Loss: 0.7287,               Cycle loss: 0.1757,               Semantic Loss: 0.0645,               Task loss: 0.1882
Test Step B - Epoch [15]: 	Accuracy: 20.64%
-----------------------------------------------------------------------------------------------

Train Step B - Epoch [16]:               Discriminator GAN loss: 1.3684,               Generator GAN Loss: 0.7256,               Cycle loss: 0.1714,               Semantic Loss: 0.0694,               Task loss: 0.1937
Test Step B - Epoch [16]: 	Accuracy: 20.98%
-----------------------------------------------------------------------------------------------

Train Step B - Epoch [17]:               Discriminator GAN loss: 1.3590,               Generator GAN Loss: 0.7417,               Cycle loss: 0.1672,               Semantic Loss: 0.0698,               Task loss: 0.1756
Test Step B - Epoch [17]: 	Accuracy: 23.17%
-----------------------------------------------------------------------------------------------

Train Step B - Epoch [18]:               Discriminator GAN loss: 1.3635,               Generator GAN Loss: 0.7350,               Cycle loss: 0.1630,               Semantic Loss: 0.0739,               Task loss: 0.1811
Test Step B - Epoch [18]: 	Accuracy: 23.50%
-----------------------------------------------------------------------------------------------

Train Step B - Epoch [19]:               Discriminator GAN loss: 1.3573,               Generator GAN Loss: 0.7410,               Cycle loss: 0.1590,               Semantic Loss: 0.0731,               Task loss: 0.1535
Test Step B - Epoch [19]: 	Accuracy: 24.87%
-----------------------------------------------------------------------------------------------

Train Step B - Epoch [20]:               Discriminator GAN loss: 1.3467,               Generator GAN Loss: 0.7390,               Cycle loss: 0.1555,               Semantic Loss: 0.0789,               Task loss: 0.1607
Test Step B - Epoch [20]: 	Accuracy: 25.90%
-----------------------------------------------------------------------------------------------

Train Step B - Epoch [21]:               Discriminator GAN loss: 1.3496,               Generator GAN Loss: 0.7501,               Cycle loss: 0.1537,               Semantic Loss: 0.0744,               Task loss: 0.1429
Test Step B - Epoch [21]: 	Accuracy: 26.26%
-----------------------------------------------------------------------------------------------

Train Step B - Epoch [22]:               Discriminator GAN loss: 1.3435,               Generator GAN Loss: 0.7484,               Cycle loss: 0.1502,               Semantic Loss: 0.0852,               Task loss: 0.1537
Test Step B - Epoch [22]: 	Accuracy: 27.04%
-----------------------------------------------------------------------------------------------

Train Step B - Epoch [23]:               Discriminator GAN loss: 1.3435,               Generator GAN Loss: 0.7504,               Cycle loss: 0.1478,               Semantic Loss: 0.0855,               Task loss: 0.1376
Test Step B - Epoch [23]: 	Accuracy: 29.14%
-----------------------------------------------------------------------------------------------

Train Step B - Epoch [24]:               Discriminator GAN loss: 1.3405,               Generator GAN Loss: 0.7579,               Cycle loss: 0.1451,               Semantic Loss: 0.0886,               Task loss: 0.1233
Test Step B - Epoch [24]: 	Accuracy: 28.87%
-----------------------------------------------------------------------------------------------

Train Step B - Epoch [25]:               Discriminator GAN loss: 1.3343,               Generator GAN Loss: 0.7559,               Cycle loss: 0.1419,               Semantic Loss: 0.0905,               Task loss: 0.1130
Test Step B - Epoch [25]: 	Accuracy: 29.50%
-----------------------------------------------------------------------------------------------

Train Step B - Epoch [26]:               Discriminator GAN loss: 1.3340,               Generator GAN Loss: 0.7620,               Cycle loss: 0.1408,               Semantic Loss: 0.0979,               Task loss: 0.1263
Test Step B - Epoch [26]: 	Accuracy: 31.10%
-----------------------------------------------------------------------------------------------

Train Step B - Epoch [27]:               Discriminator GAN loss: 1.3387,               Generator GAN Loss: 0.7635,               Cycle loss: 0.1393,               Semantic Loss: 0.0974,               Task loss: 0.1247
Test Step B - Epoch [27]: 	Accuracy: 30.95%
-----------------------------------------------------------------------------------------------

Train Step B - Epoch [28]:               Discriminator GAN loss: 1.3322,               Generator GAN Loss: 0.7629,               Cycle loss: 0.1368,               Semantic Loss: 0.1019,               Task loss: 0.1137
Test Step B - Epoch [28]: 	Accuracy: 32.49%
-----------------------------------------------------------------------------------------------

Train Step B - Epoch [29]:               Discriminator GAN loss: 1.3305,               Generator GAN Loss: 0.7644,               Cycle loss: 0.1355,               Semantic Loss: 0.1072,               Task loss: 0.1104
Test Step B - Epoch [29]: 	Accuracy: 33.19%
-----------------------------------------------------------------------------------------------

Train Step B - Epoch [30]:               Discriminator GAN loss: 1.3293,               Generator GAN Loss: 0.7647,               Cycle loss: 0.1325,               Semantic Loss: 0.1068,               Task loss: 0.1223
Test Step B - Epoch [30]: 	Accuracy: 30.02%
-----------------------------------------------------------------------------------------------

Train Step B - Epoch [31]:               Discriminator GAN loss: 1.3252,               Generator GAN Loss: 0.7674,               Cycle loss: 0.1303,               Semantic Loss: 0.1132,               Task loss: 0.1104
Test Step B - Epoch [31]: 	Accuracy: 33.74%
-----------------------------------------------------------------------------------------------

Train Step B - Epoch [32]:               Discriminator GAN loss: 1.3172,               Generator GAN Loss: 0.7752,               Cycle loss: 0.1284,               Semantic Loss: 0.1102,               Task loss: 0.0992
Test Step B - Epoch [32]: 	Accuracy: 32.45%
-----------------------------------------------------------------------------------------------

Train Step B - Epoch [33]:               Discriminator GAN loss: 1.3310,               Generator GAN Loss: 0.7739,               Cycle loss: 0.1293,               Semantic Loss: 0.1194,               Task loss: 0.1078
Test Step B - Epoch [33]: 	Accuracy: 35.10%
-----------------------------------------------------------------------------------------------

Train Step B - Epoch [34]:               Discriminator GAN loss: 1.3194,               Generator GAN Loss: 0.7709,               Cycle loss: 0.1269,               Semantic Loss: 0.1183,               Task loss: 0.1139
Test Step B - Epoch [34]: 	Accuracy: 35.12%
-----------------------------------------------------------------------------------------------

Train Step B - Epoch [35]:               Discriminator GAN loss: 1.3342,               Generator GAN Loss: 0.7750,               Cycle loss: 0.1255,               Semantic Loss: 0.1207,               Task loss: 0.1176
Test Step B - Epoch [35]: 	Accuracy: 35.21%
-----------------------------------------------------------------------------------------------

Train Step B - Epoch [36]:               Discriminator GAN loss: 1.3100,               Generator GAN Loss: 0.7707,               Cycle loss: 0.1219,               Semantic Loss: 0.1226,               Task loss: 0.1032
Test Step B - Epoch [36]: 	Accuracy: 34.86%
-----------------------------------------------------------------------------------------------

Train Step B - Epoch [37]:               Discriminator GAN loss: 1.3235,               Generator GAN Loss: 0.7774,               Cycle loss: 0.1219,               Semantic Loss: 0.1274,               Task loss: 0.1052
Test Step B - Epoch [37]: 	Accuracy: 35.21%
-----------------------------------------------------------------------------------------------

Train Step B - Epoch [38]:               Discriminator GAN loss: 1.3177,               Generator GAN Loss: 0.7830,               Cycle loss: 0.1206,               Semantic Loss: 0.1356,               Task loss: 0.1209
Test Step B - Epoch [38]: 	Accuracy: 35.74%
-----------------------------------------------------------------------------------------------

Train Step B - Epoch [39]:               Discriminator GAN loss: 1.3087,               Generator GAN Loss: 0.7783,               Cycle loss: 0.1202,               Semantic Loss: 0.1219,               Task loss: 0.1083
Test Step B - Epoch [39]: 	Accuracy: 34.87%
-----------------------------------------------------------------------------------------------

Train Step B - Epoch [40]:               Discriminator GAN loss: 1.3190,               Generator GAN Loss: 0.7766,               Cycle loss: 0.1163,               Semantic Loss: 0.1325,               Task loss: 0.1095
Test Step B - Epoch [40]: 	Accuracy: 36.35%
-----------------------------------------------------------------------------------------------

Train Step B - Epoch [41]:               Discriminator GAN loss: 1.3248,               Generator GAN Loss: 0.7810,               Cycle loss: 0.1198,               Semantic Loss: 0.1419,               Task loss: 0.1342
Test Step B - Epoch [41]: 	Accuracy: 35.18%
-----------------------------------------------------------------------------------------------

Train Step B - Epoch [42]:               Discriminator GAN loss: 1.3189,               Generator GAN Loss: 0.7865,               Cycle loss: 0.1154,               Semantic Loss: 0.1217,               Task loss: 0.1008
Test Step B - Epoch [42]: 	Accuracy: 37.47%
-----------------------------------------------------------------------------------------------

Train Step B - Epoch [43]:               Discriminator GAN loss: 1.3195,               Generator GAN Loss: 0.7829,               Cycle loss: 0.1149,               Semantic Loss: 0.1347,               Task loss: 0.1042
Test Step B - Epoch [43]: 	Accuracy: 36.12%
-----------------------------------------------------------------------------------------------

Train Step B - Epoch [44]:               Discriminator GAN loss: 1.3085,               Generator GAN Loss: 0.7838,               Cycle loss: 0.1139,               Semantic Loss: 0.1353,               Task loss: 0.0995
Test Step B - Epoch [44]: 	Accuracy: 37.08%
-----------------------------------------------------------------------------------------------

Train Step B - Epoch [45]:               Discriminator GAN loss: 1.3336,               Generator GAN Loss: 0.7894,               Cycle loss: 0.1132,               Semantic Loss: 0.1434,               Task loss: 0.1343
Test Step B - Epoch [45]: 	Accuracy: 37.28%
-----------------------------------------------------------------------------------------------

Train Step B - Epoch [46]:               Discriminator GAN loss: 1.3076,               Generator GAN Loss: 0.7732,               Cycle loss: 0.1107,               Semantic Loss: 0.1270,               Task loss: 0.0963
Test Step B - Epoch [46]: 	Accuracy: 39.14%
-----------------------------------------------------------------------------------------------

Train Step B - Epoch [47]:               Discriminator GAN loss: 1.3098,               Generator GAN Loss: 0.7856,               Cycle loss: 0.1120,               Semantic Loss: 0.1369,               Task loss: 0.1164
Test Step B - Epoch [47]: 	Accuracy: 38.76%
-----------------------------------------------------------------------------------------------

Train Step B - Epoch [48]:               Discriminator GAN loss: 1.3203,               Generator GAN Loss: 0.7893,               Cycle loss: 0.1092,               Semantic Loss: 0.1320,               Task loss: 0.0949
Test Step B - Epoch [48]: 	Accuracy: 36.51%
-----------------------------------------------------------------------------------------------

Train Step B - Epoch [49]:               Discriminator GAN loss: 1.3006,               Generator GAN Loss: 0.7828,               Cycle loss: 0.1076,               Semantic Loss: 0.1520,               Task loss: 0.0974
Test Step B - Epoch [49]: 	Accuracy: 37.23%
-----------------------------------------------------------------------------------------------

Train Step B - Epoch [50]:               Discriminator GAN loss: 1.3265,               Generator GAN Loss: 0.7864,               Cycle loss: 0.1075,               Semantic Loss: 0.1343,               Task loss: 0.1224
Test Step B - Epoch [50]: 	Accuracy: 36.19%
-----------------------------------------------------------------------------------------------

The process took 256.5646079778671 minutes to complete.
