Using downloaded and verified file: ./data/SVHN/raw/train_32x32.mat
Using downloaded and verified file: ./data/SVHN/raw/test_32x32.mat
Using device cuda
Training starts
Epoch [1/10] starts
Iteration 50: Loss_G: 2.4819, Loss_D: 0.1864
Iteration 100: Loss_G: 1.7208, Loss_D: 0.2010
Iteration 150: Loss_G: 1.6572, Loss_D: 0.1938
Iteration 200: Loss_G: 1.6814, Loss_D: 0.1932
Iteration 250: Loss_G: 1.6166, Loss_D: 0.1927
Iteration 300: Loss_G: 1.5792, Loss_D: 0.1957
Iteration 350: Loss_G: 1.6014, Loss_D: 0.1901
Iteration 400: Loss_G: 1.5560, Loss_D: 0.1928
Iteration 450: Loss_G: 1.6287, Loss_D: 0.1828
Iteration 500: Loss_G: 1.6190, Loss_D: 0.1907
Iteration 550: Loss_G: 1.6391, Loss_D: 0.1857
Iteration 600: Loss_G: 1.6117, Loss_D: 0.1853
Iteration 650: Loss_G: 1.5734, Loss_D: 0.1931
Iteration 700: Loss_G: 1.5996, Loss_D: 0.1890
Iteration 750: Loss_G: 1.6179, Loss_D: 0.1904
Iteration 800: Loss_G: 1.6122, Loss_D: 0.1946
Iteration 850: Loss_G: 1.5403, Loss_D: 0.1959
Iteration 900: Loss_G: 1.5835, Loss_D: 0.1921
Iteration 950: Loss_G: 1.5577, Loss_D: 0.1904
Iteration 1000: Loss_G: 1.6043, Loss_D: 0.1946
Iteration 1050: Loss_G: 1.5901, Loss_D: 0.1944
Iteration 1100: Loss_G: 1.6330, Loss_D: 0.1821
Iteration 1150: Loss_G: 1.6121, Loss_D: 0.1915
Iteration 1200: Loss_G: 1.5976, Loss_D: 0.1923
Epoch [1/10], Loss_G: 1.3477, Loss_D: 0.1913
Epoch [2/10] starts
Iteration 50: Loss_G: 1.6231, Loss_D: 0.1869
Iteration 100: Loss_G: 1.6314, Loss_D: 0.1872
Iteration 150: Loss_G: 1.6799, Loss_D: 0.1827
Iteration 200: Loss_G: 1.6438, Loss_D: 0.1854
Iteration 250: Loss_G: 1.6841, Loss_D: 0.1814
Iteration 300: Loss_G: 1.6367, Loss_D: 0.1849
Iteration 350: Loss_G: 1.6215, Loss_D: 0.1887
Iteration 400: Loss_G: 1.6269, Loss_D: 0.1866
Iteration 450: Loss_G: 1.5981, Loss_D: 0.1909
Iteration 500: Loss_G: 1.6748, Loss_D: 0.1809
Iteration 550: Loss_G: 1.6841, Loss_D: 0.1822
Iteration 600: Loss_G: 1.6787, Loss_D: 0.1877
Iteration 650: Loss_G: 1.6033, Loss_D: 0.1826
Iteration 700: Loss_G: 1.5694, Loss_D: 0.1941
Iteration 750: Loss_G: 1.6211, Loss_D: 0.1908
Iteration 800: Loss_G: 1.5833, Loss_D: 0.1935
Iteration 850: Loss_G: 1.6189, Loss_D: 0.1863
Iteration 900: Loss_G: 1.6571, Loss_D: 0.1829
Iteration 950: Loss_G: 1.6182, Loss_D: 0.1836
Iteration 1000: Loss_G: 1.5901, Loss_D: 0.1934
Iteration 1050: Loss_G: 1.7154, Loss_D: 0.1728
Iteration 1100: Loss_G: 1.6621, Loss_D: 0.1839
Iteration 1150: Loss_G: 1.6230, Loss_D: 0.1795
Iteration 1200: Loss_G: 1.6640, Loss_D: 0.1814
Epoch [2/10], Loss_G: 1.3407, Loss_D: 0.1854
Epoch [3/10] starts
Iteration 50: Loss_G: 1.6337, Loss_D: 0.1878
Iteration 100: Loss_G: 1.6652, Loss_D: 0.1777
Iteration 150: Loss_G: 1.6410, Loss_D: 0.1807
Iteration 200: Loss_G: 1.5996, Loss_D: 0.1815
Iteration 250: Loss_G: 1.5768, Loss_D: 0.1884
Iteration 300: Loss_G: 1.5973, Loss_D: 0.1868
Iteration 350: Loss_G: 1.5950, Loss_D: 0.1901
Iteration 400: Loss_G: 1.5673, Loss_D: 0.1874
Iteration 450: Loss_G: 1.5609, Loss_D: 0.1903
Iteration 500: Loss_G: 1.5595, Loss_D: 0.1954
Iteration 550: Loss_G: 1.5318, Loss_D: 0.1969
Iteration 600: Loss_G: 1.4926, Loss_D: 0.1967
Iteration 650: Loss_G: 1.5560, Loss_D: 0.1933
Iteration 700: Loss_G: 1.5049, Loss_D: 0.1962
Iteration 750: Loss_G: 1.5150, Loss_D: 0.1942
Iteration 800: Loss_G: 1.5072, Loss_D: 0.1950
Iteration 850: Loss_G: 1.4993, Loss_D: 0.1935
Iteration 900: Loss_G: 1.4768, Loss_D: 0.1949
Iteration 950: Loss_G: 1.5645, Loss_D: 0.1910
Iteration 1000: Loss_G: 1.4765, Loss_D: 0.2000
Iteration 1050: Loss_G: 1.4525, Loss_D: 0.1952
Iteration 1100: Loss_G: 1.5128, Loss_D: 0.1899
Iteration 1150: Loss_G: 1.4892, Loss_D: 0.1959
Iteration 1200: Loss_G: 1.4839, Loss_D: 0.1938
Epoch [3/10], Loss_G: 1.2640, Loss_D: 0.1914
Epoch [4/10] starts
Iteration 50: Loss_G: 1.4973, Loss_D: 0.1952
Iteration 100: Loss_G: 1.4906, Loss_D: 0.1952
Iteration 150: Loss_G: 1.4791, Loss_D: 0.1946
Iteration 200: Loss_G: 1.4849, Loss_D: 0.1996
Iteration 250: Loss_G: 1.5104, Loss_D: 0.1944
Iteration 300: Loss_G: 1.4874, Loss_D: 0.1933
Iteration 350: Loss_G: 1.4304, Loss_D: 0.2022
Iteration 400: Loss_G: 1.4522, Loss_D: 0.1969
Iteration 450: Loss_G: 1.5160, Loss_D: 0.1923
Iteration 500: Loss_G: 1.4943, Loss_D: 0.1931
Iteration 550: Loss_G: 1.5107, Loss_D: 0.1945
Iteration 600: Loss_G: 1.4235, Loss_D: 0.2033
Iteration 650: Loss_G: 1.4197, Loss_D: 0.2020
Iteration 700: Loss_G: 1.4619, Loss_D: 0.1952
Iteration 750: Loss_G: 1.4807, Loss_D: 0.1965
Iteration 800: Loss_G: 1.4508, Loss_D: 0.2000
Iteration 850: Loss_G: 1.3713, Loss_D: 0.2040
Iteration 900: Loss_G: 1.4339, Loss_D: 0.1963
Iteration 950: Loss_G: 1.4391, Loss_D: 0.1986
Iteration 1000: Loss_G: 1.4029, Loss_D: 0.2015
Iteration 1050: Loss_G: 1.4157, Loss_D: 0.2007
Iteration 1100: Loss_G: 1.4655, Loss_D: 0.1956
Iteration 1150: Loss_G: 1.4320, Loss_D: 0.2044
Iteration 1200: Loss_G: 1.4143, Loss_D: 0.1986
Epoch [4/10], Loss_G: 1.1925, Loss_D: 0.1978
Epoch [5/10] starts
Iteration 50: Loss_G: 1.4600, Loss_D: 0.1961
Iteration 100: Loss_G: 1.4253, Loss_D: 0.1937
Iteration 150: Loss_G: 1.4101, Loss_D: 0.1992
Iteration 200: Loss_G: 1.4488, Loss_D: 0.1952
Iteration 250: Loss_G: 1.4394, Loss_D: 0.1996
Iteration 300: Loss_G: 1.4512, Loss_D: 0.1981
Iteration 350: Loss_G: 1.4257, Loss_D: 0.2004
Iteration 400: Loss_G: 1.3947, Loss_D: 0.1985
Iteration 450: Loss_G: 1.4280, Loss_D: 0.1962
Iteration 500: Loss_G: 1.4473, Loss_D: 0.1949
Iteration 550: Loss_G: 1.4099, Loss_D: 0.2018
Iteration 600: Loss_G: 1.4190, Loss_D: 0.1999
Iteration 650: Loss_G: 1.4511, Loss_D: 0.2012
Iteration 700: Loss_G: 1.3763, Loss_D: 0.2058
Iteration 750: Loss_G: 1.4154, Loss_D: 0.2023
Iteration 800: Loss_G: 1.4090, Loss_D: 0.2023
Iteration 850: Loss_G: 1.4202, Loss_D: 0.1997
Iteration 900: Loss_G: 1.4076, Loss_D: 0.2002
Iteration 950: Loss_G: 1.4813, Loss_D: 0.1946
Iteration 1000: Loss_G: 1.4125, Loss_D: 0.1959
Iteration 1050: Loss_G: 1.4050, Loss_D: 0.1977
Iteration 1100: Loss_G: 1.4231, Loss_D: 0.1968
Iteration 1150: Loss_G: 1.3974, Loss_D: 0.2013
Iteration 1200: Loss_G: 1.3813, Loss_D: 0.2043
Epoch [5/10], Loss_G: 1.1644, Loss_D: 0.1990
Epoch [6/10] starts
Iteration 50: Loss_G: 1.4533, Loss_D: 0.1931
Iteration 100: Loss_G: 1.4348, Loss_D: 0.1952
Iteration 150: Loss_G: 1.5530, Loss_D: 0.1897
Iteration 200: Loss_G: 1.4388, Loss_D: 0.1972
Iteration 250: Loss_G: 1.5250, Loss_D: 0.1878
Iteration 300: Loss_G: 1.4597, Loss_D: 0.1948
Iteration 350: Loss_G: 1.4171, Loss_D: 0.1952
Iteration 400: Loss_G: 1.4343, Loss_D: 0.1950
Iteration 450: Loss_G: 1.3875, Loss_D: 0.2030
Iteration 500: Loss_G: 1.4329, Loss_D: 0.1966
Iteration 550: Loss_G: 1.4958, Loss_D: 0.1890
Iteration 600: Loss_G: 1.4325, Loss_D: 0.1921
Iteration 650: Loss_G: 1.4336, Loss_D: 0.1924
Iteration 700: Loss_G: 1.4197, Loss_D: 0.2008
Iteration 750: Loss_G: 1.3940, Loss_D: 0.1977
Iteration 800: Loss_G: 1.3833, Loss_D: 0.2005
Iteration 850: Loss_G: 1.4832, Loss_D: 0.1888
Iteration 900: Loss_G: 1.4049, Loss_D: 0.1953
Iteration 950: Loss_G: 1.4197, Loss_D: 0.2024
Iteration 1000: Loss_G: 1.4151, Loss_D: 0.1974
Iteration 1050: Loss_G: 1.4054, Loss_D: 0.1981
Iteration 1100: Loss_G: 1.3955, Loss_D: 0.1958
Iteration 1150: Loss_G: 1.3899, Loss_D: 0.2013
Iteration 1200: Loss_G: 1.3985, Loss_D: 0.1995
Epoch [6/10], Loss_G: 1.1735, Loss_D: 0.1958
Epoch [7/10] starts
Iteration 50: Loss_G: 1.3753, Loss_D: 0.1940
Iteration 100: Loss_G: 1.3893, Loss_D: 0.1973
Iteration 150: Loss_G: 1.3840, Loss_D: 0.1968
Iteration 200: Loss_G: 1.4074, Loss_D: 0.1941
Iteration 250: Loss_G: 1.4292, Loss_D: 0.2003
Iteration 300: Loss_G: 1.4501, Loss_D: 0.1878
Iteration 350: Loss_G: 1.4405, Loss_D: 0.1969
Iteration 400: Loss_G: 1.4212, Loss_D: 0.1964
Iteration 450: Loss_G: 1.4212, Loss_D: 0.1988
Iteration 500: Loss_G: 1.3994, Loss_D: 0.1986
Iteration 550: Loss_G: 1.3797, Loss_D: 0.1961
Iteration 600: Loss_G: 1.3886, Loss_D: 0.2014
Iteration 650: Loss_G: 1.4075, Loss_D: 0.1988
Iteration 700: Loss_G: 1.3913, Loss_D: 0.2010
Iteration 750: Loss_G: 1.4197, Loss_D: 0.1999
Iteration 800: Loss_G: 1.3987, Loss_D: 0.1973
Iteration 850: Loss_G: 1.3732, Loss_D: 0.2006
Iteration 900: Loss_G: 1.3899, Loss_D: 0.1986
Iteration 950: Loss_G: 1.3736, Loss_D: 0.1986
Iteration 1000: Loss_G: 1.4003, Loss_D: 0.2027
Iteration 1050: Loss_G: 1.3764, Loss_D: 0.1990
Iteration 1100: Loss_G: 1.4227, Loss_D: 0.2001
Iteration 1150: Loss_G: 1.3978, Loss_D: 0.1975
Iteration 1200: Loss_G: 1.3667, Loss_D: 0.2035
Epoch [7/10], Loss_G: 1.1461, Loss_D: 0.1982
Epoch [8/10] starts
Iteration 50: Loss_G: 1.3834, Loss_D: 0.1960
Iteration 100: Loss_G: 1.4091, Loss_D: 0.1963
Iteration 150: Loss_G: 1.3650, Loss_D: 0.2016
Iteration 200: Loss_G: 1.3659, Loss_D: 0.1999
Iteration 250: Loss_G: 1.4571, Loss_D: 0.1945
Iteration 300: Loss_G: 1.4262, Loss_D: 0.1935
Iteration 350: Loss_G: 1.4211, Loss_D: 0.1924
Iteration 400: Loss_G: 1.4592, Loss_D: 0.1945
Iteration 450: Loss_G: 1.4071, Loss_D: 0.1958
Iteration 500: Loss_G: 1.8139, Loss_D: 0.1773
Iteration 550: Loss_G: 1.6907, Loss_D: 0.1880
Iteration 600: Loss_G: 1.5493, Loss_D: 0.1849
Iteration 650: Loss_G: 1.8816, Loss_D: 0.1336
Iteration 700: Loss_G: 1.5263, Loss_D: 0.1889
Iteration 750: Loss_G: 1.4556, Loss_D: 0.1927
Iteration 800: Loss_G: 1.4767, Loss_D: 0.1931
Iteration 850: Loss_G: 1.4330, Loss_D: 0.1975
Iteration 900: Loss_G: 1.3899, Loss_D: 0.1982
Iteration 950: Loss_G: 1.4292, Loss_D: 0.1955
Iteration 1000: Loss_G: 1.4140, Loss_D: 0.1968
Iteration 1050: Loss_G: 1.4105, Loss_D: 0.2000
Iteration 1100: Loss_G: 1.3867, Loss_D: 0.1983
Iteration 1150: Loss_G: 1.3973, Loss_D: 0.1975
Iteration 1200: Loss_G: 1.4121, Loss_D: 0.1999
Epoch [8/10], Loss_G: 1.2060, Loss_D: 0.1920
Epoch [9/10] starts
Iteration 50: Loss_G: 1.4094, Loss_D: 0.1944
Iteration 100: Loss_G: 1.3795, Loss_D: 0.1943
Iteration 150: Loss_G: 1.3950, Loss_D: 0.1942
Iteration 200: Loss_G: 1.3862, Loss_D: 0.1998
Iteration 250: Loss_G: 1.4216, Loss_D: 0.1945
Iteration 300: Loss_G: 1.4266, Loss_D: 0.1917
Iteration 350: Loss_G: 1.3863, Loss_D: 0.1971
Iteration 400: Loss_G: 1.3462, Loss_D: 0.1993
Iteration 450: Loss_G: 1.3820, Loss_D: 0.1982
Iteration 500: Loss_G: 1.4780, Loss_D: 0.1911
Iteration 550: Loss_G: 1.5509, Loss_D: 0.1801
Iteration 600: Loss_G: 1.4810, Loss_D: 0.1897
Iteration 650: Loss_G: 1.4180, Loss_D: 0.1989
Iteration 700: Loss_G: 1.7998, Loss_D: 0.1468
Iteration 750: Loss_G: 1.5118, Loss_D: 0.1876
Iteration 800: Loss_G: 1.4530, Loss_D: 0.1888
Iteration 850: Loss_G: 1.4550, Loss_D: 0.1883
Iteration 900: Loss_G: 1.4311, Loss_D: 0.1963
Iteration 950: Loss_G: 1.5452, Loss_D: 0.1834
Iteration 1000: Loss_G: 1.4577, Loss_D: 0.1929
Iteration 1050: Loss_G: 1.4353, Loss_D: 0.1949
Iteration 1100: Loss_G: 1.4246, Loss_D: 0.1968
Iteration 1150: Loss_G: 1.4286, Loss_D: 0.1924
Iteration 1200: Loss_G: 1.4355, Loss_D: 0.1949
Epoch [9/10], Loss_G: 1.1882, Loss_D: 0.1911
Epoch [10/10] starts
Iteration 50: Loss_G: 1.4023, Loss_D: 0.1927
Iteration 100: Loss_G: 1.4404, Loss_D: 0.1925
Iteration 150: Loss_G: 1.3964, Loss_D: 0.1976
Iteration 200: Loss_G: 1.4164, Loss_D: 0.1915
Iteration 250: Loss_G: 1.4280, Loss_D: 0.1952
Iteration 300: Loss_G: 1.3867, Loss_D: 0.1930
Iteration 350: Loss_G: 1.5197, Loss_D: 0.1725
Iteration 400: Loss_G: 1.5249, Loss_D: 0.1849
Iteration 450: Loss_G: 1.4653, Loss_D: 0.1875
Iteration 500: Loss_G: 1.4822, Loss_D: 0.1916
Iteration 550: Loss_G: 1.4535, Loss_D: 0.1960
Iteration 600: Loss_G: 1.4055, Loss_D: 0.1956
Iteration 650: Loss_G: 1.4041, Loss_D: 0.1954
Iteration 700: Loss_G: 1.3992, Loss_D: 0.1949
Iteration 750: Loss_G: 1.3876, Loss_D: 0.2010
Iteration 800: Loss_G: 1.3861, Loss_D: 0.1982
Iteration 850: Loss_G: 1.3985, Loss_D: 0.1991
Iteration 900: Loss_G: 1.3854, Loss_D: 0.1945
Iteration 950: Loss_G: 1.4446, Loss_D: 0.1913
Iteration 1000: Loss_G: 1.5296, Loss_D: 0.1784
Iteration 1050: Loss_G: 1.5399, Loss_D: 0.1808
Iteration 1100: Loss_G: 1.4760, Loss_D: 0.1922
Iteration 1150: Loss_G: 1.4532, Loss_D: 0.1923
Iteration 1200: Loss_G: 1.4247, Loss_D: 0.1929
Epoch [10/10], Loss_G: 1.1784, Loss_D: 0.1917
The process took 64.9090261220932 minutes to complete.
