nohup: ignoring input
Using downloaded and verified file: ./data/SVHN/raw/train/train_32x32.mat
Using downloaded and verified file: ./data/SVHN/raw/test/test_32x32.mat
Train - Iteration 0: 	Loss_clf1: 0.0315, Loss_clf2: 0.0326, Loss_discrepancy: 0.0007
Train - Iteration 50: 	Loss_clf1: 0.8589, Loss_clf2: 0.8625, Loss_discrepancy: 0.0122
Train - Iteration 100: 	Loss_clf1: 0.4771, Loss_clf2: 0.4765, Loss_discrepancy: 0.0064
Train - Iteration 150: 	Loss_clf1: 0.4381, Loss_clf2: 0.4400, Loss_discrepancy: 0.0056
Train - Iteration 200: 	Loss_clf1: 0.3737, Loss_clf2: 0.3744, Loss_discrepancy: 0.0053
Train - Iteration 250: 	Loss_clf1: 0.3846, Loss_clf2: 0.3859, Loss_discrepancy: 0.0051
Train - Iteration 300: 	Loss_clf1: 0.3507, Loss_clf2: 0.3515, Loss_discrepancy: 0.0051
Train - Iteration 350: 	Loss_clf1: 0.3361, Loss_clf2: 0.3381, Loss_discrepancy: 0.0058
Train - Iteration 400: 	Loss_clf1: 0.3372, Loss_clf2: 0.3382, Loss_discrepancy: 0.0057
Train - Iteration 450: 	Loss_clf1: 0.3429, Loss_clf2: 0.3435, Loss_discrepancy: 0.0069
Train - Epoch [1]: 		Loss_clf1: 0.4315, Loss_clf2: 0.4329, Loss_discrepancy: 0.0066
Test - Epoch [1]: Accuracy_clf1: 74.08%, Accuracy_clf2: 74.21%, Accuracy_ensemble: 74.24%
-----------------------------------------------------------------------------------------------

Train - Iteration 0: 	Loss_clf1: 0.0055, Loss_clf2: 0.0054, Loss_discrepancy: 0.0001
Train - Iteration 50: 	Loss_clf1: 0.3048, Loss_clf2: 0.3043, Loss_discrepancy: 0.0072
Train - Iteration 100: 	Loss_clf1: 0.2930, Loss_clf2: 0.2944, Loss_discrepancy: 0.0073
Train - Iteration 150: 	Loss_clf1: 0.3047, Loss_clf2: 0.3054, Loss_discrepancy: 0.0076
Train - Iteration 200: 	Loss_clf1: 0.3076, Loss_clf2: 0.3080, Loss_discrepancy: 0.0078
Train - Iteration 250: 	Loss_clf1: 0.2895, Loss_clf2: 0.2901, Loss_discrepancy: 0.0083
Train - Iteration 300: 	Loss_clf1: 0.3032, Loss_clf2: 0.3027, Loss_discrepancy: 0.0080
Train - Iteration 350: 	Loss_clf1: 0.2924, Loss_clf2: 0.2938, Loss_discrepancy: 0.0077
Train - Iteration 400: 	Loss_clf1: 0.2768, Loss_clf2: 0.2783, Loss_discrepancy: 0.0080
Train - Iteration 450: 	Loss_clf1: 0.2959, Loss_clf2: 0.2956, Loss_discrepancy: 0.0076
Train - Epoch [2]: 		Loss_clf1: 0.2969, Loss_clf2: 0.2974, Loss_discrepancy: 0.0078
Test - Epoch [2]: Accuracy_clf1: 76.46%, Accuracy_clf2: 76.13%, Accuracy_ensemble: 76.22%
-----------------------------------------------------------------------------------------------

Train - Iteration 0: 	Loss_clf1: 0.0064, Loss_clf2: 0.0063, Loss_discrepancy: 0.0001
Train - Iteration 50: 	Loss_clf1: 0.2513, Loss_clf2: 0.2519, Loss_discrepancy: 0.0079
Train - Iteration 100: 	Loss_clf1: 0.2370, Loss_clf2: 0.2378, Loss_discrepancy: 0.0071
Train - Iteration 150: 	Loss_clf1: 0.2556, Loss_clf2: 0.2562, Loss_discrepancy: 0.0067
Train - Iteration 200: 	Loss_clf1: 0.2818, Loss_clf2: 0.2819, Loss_discrepancy: 0.0082
Train - Iteration 250: 	Loss_clf1: 0.2707, Loss_clf2: 0.2716, Loss_discrepancy: 0.0075
Train - Iteration 300: 	Loss_clf1: 0.2942, Loss_clf2: 0.2946, Loss_discrepancy: 0.0074
Train - Iteration 350: 	Loss_clf1: 0.2815, Loss_clf2: 0.2825, Loss_discrepancy: 0.0077
Train - Iteration 400: 	Loss_clf1: 0.2680, Loss_clf2: 0.2696, Loss_discrepancy: 0.0072
Train - Iteration 450: 	Loss_clf1: 0.2788, Loss_clf2: 0.2800, Loss_discrepancy: 0.0071
Train - Epoch [3]: 		Loss_clf1: 0.2681, Loss_clf2: 0.2689, Loss_discrepancy: 0.0074
Test - Epoch [3]: Accuracy_clf1: 79.14%, Accuracy_clf2: 79.10%, Accuracy_ensemble: 79.16%
-----------------------------------------------------------------------------------------------

Train - Iteration 0: 	Loss_clf1: 0.0066, Loss_clf2: 0.0064, Loss_discrepancy: 0.0001
Train - Iteration 50: 	Loss_clf1: 0.2392, Loss_clf2: 0.2397, Loss_discrepancy: 0.0069
Train - Iteration 100: 	Loss_clf1: 0.2406, Loss_clf2: 0.2416, Loss_discrepancy: 0.0060
Train - Iteration 150: 	Loss_clf1: 0.2465, Loss_clf2: 0.2473, Loss_discrepancy: 0.0065
Train - Iteration 200: 	Loss_clf1: 0.2514, Loss_clf2: 0.2528, Loss_discrepancy: 0.0066
Train - Iteration 250: 	Loss_clf1: 0.2557, Loss_clf2: 0.2563, Loss_discrepancy: 0.0065
Train - Iteration 300: 	Loss_clf1: 0.2493, Loss_clf2: 0.2517, Loss_discrepancy: 0.0064
Train - Iteration 350: 	Loss_clf1: 0.2460, Loss_clf2: 0.2468, Loss_discrepancy: 0.0064
Train - Iteration 400: 	Loss_clf1: 0.2527, Loss_clf2: 0.2536, Loss_discrepancy: 0.0063
Train - Iteration 450: 	Loss_clf1: 0.2331, Loss_clf2: 0.2348, Loss_discrepancy: 0.0064
Train - Epoch [4]: 		Loss_clf1: 0.2459, Loss_clf2: 0.2469, Loss_discrepancy: 0.0064
Test - Epoch [4]: Accuracy_clf1: 83.74%, Accuracy_clf2: 83.98%, Accuracy_ensemble: 83.94%
-----------------------------------------------------------------------------------------------

Train - Iteration 0: 	Loss_clf1: 0.0053, Loss_clf2: 0.0052, Loss_discrepancy: 0.0001
Train - Iteration 50: 	Loss_clf1: 0.2168, Loss_clf2: 0.2187, Loss_discrepancy: 0.0058
Train - Iteration 100: 	Loss_clf1: 0.2220, Loss_clf2: 0.2225, Loss_discrepancy: 0.0061
Train - Iteration 150: 	Loss_clf1: 0.2285, Loss_clf2: 0.2295, Loss_discrepancy: 0.0059
Train - Iteration 200: 	Loss_clf1: 0.2405, Loss_clf2: 0.2423, Loss_discrepancy: 0.0057
Train - Iteration 250: 	Loss_clf1: 0.2420, Loss_clf2: 0.2420, Loss_discrepancy: 0.0055
Train - Iteration 300: 	Loss_clf1: 0.2237, Loss_clf2: 0.2254, Loss_discrepancy: 0.0059
Train - Iteration 350: 	Loss_clf1: 0.2390, Loss_clf2: 0.2405, Loss_discrepancy: 0.0058
Train - Iteration 400: 	Loss_clf1: 0.2423, Loss_clf2: 0.2432, Loss_discrepancy: 0.0055
Train - Iteration 450: 	Loss_clf1: 0.2228, Loss_clf2: 0.2236, Loss_discrepancy: 0.0054
Train - Epoch [5]: 		Loss_clf1: 0.2313, Loss_clf2: 0.2325, Loss_discrepancy: 0.0057
Test - Epoch [5]: Accuracy_clf1: 84.68%, Accuracy_clf2: 84.55%, Accuracy_ensemble: 84.64%
-----------------------------------------------------------------------------------------------

Train - Iteration 0: 	Loss_clf1: 0.0037, Loss_clf2: 0.0038, Loss_discrepancy: 0.0001
Train - Iteration 50: 	Loss_clf1: 0.2102, Loss_clf2: 0.2111, Loss_discrepancy: 0.0052
Train - Iteration 100: 	Loss_clf1: 0.2037, Loss_clf2: 0.2047, Loss_discrepancy: 0.0046
Train - Iteration 150: 	Loss_clf1: 0.2153, Loss_clf2: 0.2160, Loss_discrepancy: 0.0052
Train - Iteration 200: 	Loss_clf1: 0.2342, Loss_clf2: 0.2350, Loss_discrepancy: 0.0050
Train - Iteration 250: 	Loss_clf1: 0.2171, Loss_clf2: 0.2178, Loss_discrepancy: 0.0052
Train - Iteration 300: 	Loss_clf1: 0.2254, Loss_clf2: 0.2263, Loss_discrepancy: 0.0051
Train - Iteration 350: 	Loss_clf1: 0.2260, Loss_clf2: 0.2272, Loss_discrepancy: 0.0046
Train - Iteration 400: 	Loss_clf1: 0.2129, Loss_clf2: 0.2146, Loss_discrepancy: 0.0051
Train - Iteration 450: 	Loss_clf1: 0.2235, Loss_clf2: 0.2239, Loss_discrepancy: 0.0047
Train - Epoch [6]: 		Loss_clf1: 0.2181, Loss_clf2: 0.2190, Loss_discrepancy: 0.0050
Test - Epoch [6]: Accuracy_clf1: 87.52%, Accuracy_clf2: 87.58%, Accuracy_ensemble: 87.64%
-----------------------------------------------------------------------------------------------

Train - Iteration 0: 	Loss_clf1: 0.0026, Loss_clf2: 0.0025, Loss_discrepancy: 0.0001
Train - Iteration 50: 	Loss_clf1: 0.1869, Loss_clf2: 0.1876, Loss_discrepancy: 0.0046
Train - Iteration 100: 	Loss_clf1: 0.1974, Loss_clf2: 0.1989, Loss_discrepancy: 0.0044
Train - Iteration 150: 	Loss_clf1: 0.2063, Loss_clf2: 0.2083, Loss_discrepancy: 0.0040
Train - Iteration 200: 	Loss_clf1: 0.2128, Loss_clf2: 0.2130, Loss_discrepancy: 0.0042
Train - Iteration 250: 	Loss_clf1: 0.2230, Loss_clf2: 0.2228, Loss_discrepancy: 0.0045
Train - Iteration 300: 	Loss_clf1: 0.2120, Loss_clf2: 0.2120, Loss_discrepancy: 0.0043
Train - Iteration 350: 	Loss_clf1: 0.2118, Loss_clf2: 0.2124, Loss_discrepancy: 0.0042
Train - Iteration 400: 	Loss_clf1: 0.2026, Loss_clf2: 0.2039, Loss_discrepancy: 0.0041
Train - Iteration 450: 	Loss_clf1: 0.2028, Loss_clf2: 0.2040, Loss_discrepancy: 0.0039
Train - Epoch [7]: 		Loss_clf1: 0.2060, Loss_clf2: 0.2069, Loss_discrepancy: 0.0042
Test - Epoch [7]: Accuracy_clf1: 89.83%, Accuracy_clf2: 89.61%, Accuracy_ensemble: 89.68%
-----------------------------------------------------------------------------------------------

Train - Iteration 0: 	Loss_clf1: 0.0036, Loss_clf2: 0.0037, Loss_discrepancy: 0.0001
Train - Iteration 50: 	Loss_clf1: 0.1922, Loss_clf2: 0.1927, Loss_discrepancy: 0.0036
Train - Iteration 100: 	Loss_clf1: 0.1906, Loss_clf2: 0.1915, Loss_discrepancy: 0.0035
Train - Iteration 150: 	Loss_clf1: 0.1840, Loss_clf2: 0.1844, Loss_discrepancy: 0.0033
Train - Iteration 200: 	Loss_clf1: 0.1884, Loss_clf2: 0.1879, Loss_discrepancy: 0.0034
Train - Iteration 250: 	Loss_clf1: 0.1928, Loss_clf2: 0.1933, Loss_discrepancy: 0.0036
Train - Iteration 300: 	Loss_clf1: 0.1988, Loss_clf2: 0.1997, Loss_discrepancy: 0.0034
Train - Iteration 350: 	Loss_clf1: 0.2007, Loss_clf2: 0.2015, Loss_discrepancy: 0.0033
Train - Iteration 400: 	Loss_clf1: 0.2225, Loss_clf2: 0.2234, Loss_discrepancy: 0.0036
Train - Iteration 450: 	Loss_clf1: 0.2095, Loss_clf2: 0.2095, Loss_discrepancy: 0.0036
Train - Epoch [8]: 		Loss_clf1: 0.1991, Loss_clf2: 0.1996, Loss_discrepancy: 0.0035
Test - Epoch [8]: Accuracy_clf1: 93.98%, Accuracy_clf2: 93.88%, Accuracy_ensemble: 94.03%
-----------------------------------------------------------------------------------------------

Train - Iteration 0: 	Loss_clf1: 0.0046, Loss_clf2: 0.0045, Loss_discrepancy: 0.0001
Train - Iteration 50: 	Loss_clf1: 0.1794, Loss_clf2: 0.1804, Loss_discrepancy: 0.0033
Train - Iteration 100: 	Loss_clf1: 0.1715, Loss_clf2: 0.1714, Loss_discrepancy: 0.0032
Train - Iteration 150: 	Loss_clf1: 0.1890, Loss_clf2: 0.1909, Loss_discrepancy: 0.0031
Train - Iteration 200: 	Loss_clf1: 0.1776, Loss_clf2: 0.1789, Loss_discrepancy: 0.0033
Train - Iteration 250: 	Loss_clf1: 0.1838, Loss_clf2: 0.1837, Loss_discrepancy: 0.0033
Train - Iteration 300: 	Loss_clf1: 0.1890, Loss_clf2: 0.1901, Loss_discrepancy: 0.0032
Train - Iteration 350: 	Loss_clf1: 0.1950, Loss_clf2: 0.1953, Loss_discrepancy: 0.0033
Train - Iteration 400: 	Loss_clf1: 0.2038, Loss_clf2: 0.2053, Loss_discrepancy: 0.0032
Train - Iteration 450: 	Loss_clf1: 0.2032, Loss_clf2: 0.2033, Loss_discrepancy: 0.0031
Train - Epoch [9]: 		Loss_clf1: 0.1895, Loss_clf2: 0.1903, Loss_discrepancy: 0.0032
Test - Epoch [9]: Accuracy_clf1: 92.81%, Accuracy_clf2: 92.55%, Accuracy_ensemble: 92.71%
-----------------------------------------------------------------------------------------------

Train - Iteration 0: 	Loss_clf1: 0.0029, Loss_clf2: 0.0029, Loss_discrepancy: 0.0001
Train - Iteration 50: 	Loss_clf1: 0.1564, Loss_clf2: 0.1565, Loss_discrepancy: 0.0029
Train - Iteration 100: 	Loss_clf1: 0.1615, Loss_clf2: 0.1619, Loss_discrepancy: 0.0027
Train - Iteration 150: 	Loss_clf1: 0.1733, Loss_clf2: 0.1744, Loss_discrepancy: 0.0028
Train - Iteration 200: 	Loss_clf1: 0.1879, Loss_clf2: 0.1888, Loss_discrepancy: 0.0031
Train - Iteration 250: 	Loss_clf1: 0.1784, Loss_clf2: 0.1800, Loss_discrepancy: 0.0031
Train - Iteration 300: 	Loss_clf1: 0.1927, Loss_clf2: 0.1934, Loss_discrepancy: 0.0032
Train - Iteration 350: 	Loss_clf1: 0.1857, Loss_clf2: 0.1865, Loss_discrepancy: 0.0032
Train - Iteration 400: 	Loss_clf1: 0.1850, Loss_clf2: 0.1859, Loss_discrepancy: 0.0030
Train - Iteration 450: 	Loss_clf1: 0.2043, Loss_clf2: 0.2054, Loss_discrepancy: 0.0032
Train - Epoch [10]: 		Loss_clf1: 0.1815, Loss_clf2: 0.1823, Loss_discrepancy: 0.0030
Test - Epoch [10]: Accuracy_clf1: 94.27%, Accuracy_clf2: 94.19%, Accuracy_ensemble: 94.27%
-----------------------------------------------------------------------------------------------

Train - Iteration 0: 	Loss_clf1: 0.0036, Loss_clf2: 0.0036, Loss_discrepancy: 0.0000
Train - Iteration 50: 	Loss_clf1: 0.1615, Loss_clf2: 0.1619, Loss_discrepancy: 0.0027
Train - Iteration 100: 	Loss_clf1: 0.1688, Loss_clf2: 0.1695, Loss_discrepancy: 0.0025
Train - Iteration 150: 	Loss_clf1: 0.1577, Loss_clf2: 0.1584, Loss_discrepancy: 0.0026
Train - Iteration 200: 	Loss_clf1: 0.1732, Loss_clf2: 0.1730, Loss_discrepancy: 0.0024
Train - Iteration 250: 	Loss_clf1: 0.1850, Loss_clf2: 0.1851, Loss_discrepancy: 0.0028
Train - Iteration 300: 	Loss_clf1: 0.1884, Loss_clf2: 0.1892, Loss_discrepancy: 0.0030
Train - Iteration 350: 	Loss_clf1: 0.1819, Loss_clf2: 0.1824, Loss_discrepancy: 0.0029
Train - Iteration 400: 	Loss_clf1: 0.1774, Loss_clf2: 0.1768, Loss_discrepancy: 0.0027
Train - Iteration 450: 	Loss_clf1: 0.1787, Loss_clf2: 0.1793, Loss_discrepancy: 0.0028
Train - Epoch [11]: 		Loss_clf1: 0.1748, Loss_clf2: 0.1752, Loss_discrepancy: 0.0027
Test - Epoch [11]: Accuracy_clf1: 93.37%, Accuracy_clf2: 93.71%, Accuracy_ensemble: 93.61%
-----------------------------------------------------------------------------------------------

Train - Iteration 0: 	Loss_clf1: 0.0038, Loss_clf2: 0.0036, Loss_discrepancy: 0.0001
Train - Iteration 50: 	Loss_clf1: 0.1452, Loss_clf2: 0.1459, Loss_discrepancy: 0.0025
Train - Iteration 100: 	Loss_clf1: 0.1581, Loss_clf2: 0.1579, Loss_discrepancy: 0.0027
Train - Iteration 150: 	Loss_clf1: 0.1541, Loss_clf2: 0.1549, Loss_discrepancy: 0.0025
Train - Iteration 200: 	Loss_clf1: 0.1723, Loss_clf2: 0.1735, Loss_discrepancy: 0.0026
Train - Iteration 250: 	Loss_clf1: 0.1663, Loss_clf2: 0.1664, Loss_discrepancy: 0.0028
Train - Iteration 300: 	Loss_clf1: 0.1873, Loss_clf2: 0.1879, Loss_discrepancy: 0.0026
Train - Iteration 350: 	Loss_clf1: 0.1712, Loss_clf2: 0.1711, Loss_discrepancy: 0.0024
Train - Iteration 400: 	Loss_clf1: 0.1700, Loss_clf2: 0.1700, Loss_discrepancy: 0.0026
Train - Iteration 450: 	Loss_clf1: 0.1790, Loss_clf2: 0.1794, Loss_discrepancy: 0.0028
Train - Epoch [12]: 		Loss_clf1: 0.1685, Loss_clf2: 0.1689, Loss_discrepancy: 0.0026
Test - Epoch [12]: Accuracy_clf1: 94.57%, Accuracy_clf2: 94.56%, Accuracy_ensemble: 94.65%
-----------------------------------------------------------------------------------------------

Train - Iteration 0: 	Loss_clf1: 0.0026, Loss_clf2: 0.0027, Loss_discrepancy: 0.0000
Train - Iteration 50: 	Loss_clf1: 0.1499, Loss_clf2: 0.1506, Loss_discrepancy: 0.0023
Train - Iteration 100: 	Loss_clf1: 0.1467, Loss_clf2: 0.1478, Loss_discrepancy: 0.0025
Train - Iteration 150: 	Loss_clf1: 0.1585, Loss_clf2: 0.1588, Loss_discrepancy: 0.0025
Train - Iteration 200: 	Loss_clf1: 0.1481, Loss_clf2: 0.1481, Loss_discrepancy: 0.0025
Train - Iteration 250: 	Loss_clf1: 0.1495, Loss_clf2: 0.1496, Loss_discrepancy: 0.0023
Train - Iteration 300: 	Loss_clf1: 0.1682, Loss_clf2: 0.1687, Loss_discrepancy: 0.0025
Train - Iteration 350: 	Loss_clf1: 0.1688, Loss_clf2: 0.1685, Loss_discrepancy: 0.0025
Train - Iteration 400: 	Loss_clf1: 0.1829, Loss_clf2: 0.1833, Loss_discrepancy: 0.0027
Train - Iteration 450: 	Loss_clf1: 0.1751, Loss_clf2: 0.1760, Loss_discrepancy: 0.0026
Train - Epoch [13]: 		Loss_clf1: 0.1621, Loss_clf2: 0.1625, Loss_discrepancy: 0.0025
Test - Epoch [13]: Accuracy_clf1: 94.86%, Accuracy_clf2: 94.87%, Accuracy_ensemble: 94.86%
-----------------------------------------------------------------------------------------------

Train - Iteration 0: 	Loss_clf1: 0.0035, Loss_clf2: 0.0035, Loss_discrepancy: 0.0001
Train - Iteration 50: 	Loss_clf1: 0.1337, Loss_clf2: 0.1340, Loss_discrepancy: 0.0023
Train - Iteration 100: 	Loss_clf1: 0.1349, Loss_clf2: 0.1350, Loss_discrepancy: 0.0021
Train - Iteration 150: 	Loss_clf1: 0.1530, Loss_clf2: 0.1544, Loss_discrepancy: 0.0023
Train - Iteration 200: 	Loss_clf1: 0.1455, Loss_clf2: 0.1462, Loss_discrepancy: 0.0025
Train - Iteration 250: 	Loss_clf1: 0.1613, Loss_clf2: 0.1612, Loss_discrepancy: 0.0022
Train - Iteration 300: 	Loss_clf1: 0.1525, Loss_clf2: 0.1534, Loss_discrepancy: 0.0024
Train - Iteration 350: 	Loss_clf1: 0.1665, Loss_clf2: 0.1665, Loss_discrepancy: 0.0025
Train - Iteration 400: 	Loss_clf1: 0.1620, Loss_clf2: 0.1617, Loss_discrepancy: 0.0023
Train - Iteration 450: 	Loss_clf1: 0.1631, Loss_clf2: 0.1630, Loss_discrepancy: 0.0022
Train - Epoch [14]: 		Loss_clf1: 0.1532, Loss_clf2: 0.1535, Loss_discrepancy: 0.0023
Test - Epoch [14]: Accuracy_clf1: 95.28%, Accuracy_clf2: 95.09%, Accuracy_ensemble: 95.16%
-----------------------------------------------------------------------------------------------

Train - Iteration 0: 	Loss_clf1: 0.0040, Loss_clf2: 0.0040, Loss_discrepancy: 0.0000
Train - Iteration 50: 	Loss_clf1: 0.1297, Loss_clf2: 0.1304, Loss_discrepancy: 0.0024
Train - Iteration 100: 	Loss_clf1: 0.1405, Loss_clf2: 0.1411, Loss_discrepancy: 0.0021
Train - Iteration 150: 	Loss_clf1: 0.1538, Loss_clf2: 0.1545, Loss_discrepancy: 0.0021
Train - Iteration 200: 	Loss_clf1: 0.1589, Loss_clf2: 0.1589, Loss_discrepancy: 0.0021
Train - Iteration 250: 	Loss_clf1: 0.1505, Loss_clf2: 0.1511, Loss_discrepancy: 0.0023
Train - Iteration 300: 	Loss_clf1: 0.1578, Loss_clf2: 0.1584, Loss_discrepancy: 0.0026
Train - Iteration 350: 	Loss_clf1: 0.1493, Loss_clf2: 0.1489, Loss_discrepancy: 0.0024
Train - Iteration 400: 	Loss_clf1: 0.1582, Loss_clf2: 0.1589, Loss_discrepancy: 0.0023
Train - Iteration 450: 	Loss_clf1: 0.1569, Loss_clf2: 0.1577, Loss_discrepancy: 0.0022
Train - Epoch [15]: 		Loss_clf1: 0.1507, Loss_clf2: 0.1512, Loss_discrepancy: 0.0023
Test - Epoch [15]: Accuracy_clf1: 95.14%, Accuracy_clf2: 95.14%, Accuracy_ensemble: 95.19%
-----------------------------------------------------------------------------------------------

Train - Iteration 0: 	Loss_clf1: 0.0030, Loss_clf2: 0.0030, Loss_discrepancy: 0.0000
Train - Iteration 50: 	Loss_clf1: 0.1230, Loss_clf2: 0.1237, Loss_discrepancy: 0.0021
Train - Iteration 100: 	Loss_clf1: 0.1348, Loss_clf2: 0.1354, Loss_discrepancy: 0.0019
Train - Iteration 150: 	Loss_clf1: 0.1272, Loss_clf2: 0.1280, Loss_discrepancy: 0.0020
Train - Iteration 200: 	Loss_clf1: 0.1451, Loss_clf2: 0.1452, Loss_discrepancy: 0.0021
Train - Iteration 250: 	Loss_clf1: 0.1481, Loss_clf2: 0.1480, Loss_discrepancy: 0.0022
Train - Iteration 300: 	Loss_clf1: 0.1386, Loss_clf2: 0.1390, Loss_discrepancy: 0.0025
Train - Iteration 350: 	Loss_clf1: 0.1665, Loss_clf2: 0.1667, Loss_discrepancy: 0.0022
Train - Iteration 400: 	Loss_clf1: 0.1550, Loss_clf2: 0.1553, Loss_discrepancy: 0.0021
Train - Iteration 450: 	Loss_clf1: 0.1476, Loss_clf2: 0.1482, Loss_discrepancy: 0.0021
Train - Epoch [16]: 		Loss_clf1: 0.1430, Loss_clf2: 0.1434, Loss_discrepancy: 0.0022
Test - Epoch [16]: Accuracy_clf1: 94.63%, Accuracy_clf2: 94.45%, Accuracy_ensemble: 94.48%
-----------------------------------------------------------------------------------------------

Train - Iteration 0: 	Loss_clf1: 0.0022, Loss_clf2: 0.0023, Loss_discrepancy: 0.0000
Train - Iteration 50: 	Loss_clf1: 0.1251, Loss_clf2: 0.1258, Loss_discrepancy: 0.0021
Train - Iteration 100: 	Loss_clf1: 0.1346, Loss_clf2: 0.1344, Loss_discrepancy: 0.0020
Train - Iteration 150: 	Loss_clf1: 0.1400, Loss_clf2: 0.1401, Loss_discrepancy: 0.0019
Train - Iteration 200: 	Loss_clf1: 0.1395, Loss_clf2: 0.1404, Loss_discrepancy: 0.0022
Train - Iteration 250: 	Loss_clf1: 0.1310, Loss_clf2: 0.1306, Loss_discrepancy: 0.0020
Train - Iteration 300: 	Loss_clf1: 0.1577, Loss_clf2: 0.1580, Loss_discrepancy: 0.0021
Train - Iteration 350: 	Loss_clf1: 0.1469, Loss_clf2: 0.1478, Loss_discrepancy: 0.0023
Train - Iteration 400: 	Loss_clf1: 0.1501, Loss_clf2: 0.1502, Loss_discrepancy: 0.0022
Train - Iteration 450: 	Loss_clf1: 0.1579, Loss_clf2: 0.1577, Loss_discrepancy: 0.0019
Train - Epoch [17]: 		Loss_clf1: 0.1425, Loss_clf2: 0.1428, Loss_discrepancy: 0.0021
Test - Epoch [17]: Accuracy_clf1: 95.63%, Accuracy_clf2: 95.52%, Accuracy_ensemble: 95.61%
-----------------------------------------------------------------------------------------------

Train - Iteration 0: 	Loss_clf1: 0.0017, Loss_clf2: 0.0017, Loss_discrepancy: 0.0000
Train - Iteration 50: 	Loss_clf1: 0.1287, Loss_clf2: 0.1287, Loss_discrepancy: 0.0019
Train - Iteration 100: 	Loss_clf1: 0.1287, Loss_clf2: 0.1293, Loss_discrepancy: 0.0020
Train - Iteration 150: 	Loss_clf1: 0.1182, Loss_clf2: 0.1181, Loss_discrepancy: 0.0019
Train - Iteration 200: 	Loss_clf1: 0.1343, Loss_clf2: 0.1355, Loss_discrepancy: 0.0020
Train - Iteration 250: 	Loss_clf1: 0.1350, Loss_clf2: 0.1354, Loss_discrepancy: 0.0021
Train - Iteration 300: 	Loss_clf1: 0.1403, Loss_clf2: 0.1411, Loss_discrepancy: 0.0021
Train - Iteration 350: 	Loss_clf1: 0.1460, Loss_clf2: 0.1457, Loss_discrepancy: 0.0020
Train - Iteration 400: 	Loss_clf1: 0.1427, Loss_clf2: 0.1428, Loss_discrepancy: 0.0020
Train - Iteration 450: 	Loss_clf1: 0.1494, Loss_clf2: 0.1499, Loss_discrepancy: 0.0021
Train - Epoch [18]: 		Loss_clf1: 0.1367, Loss_clf2: 0.1370, Loss_discrepancy: 0.0020
Test - Epoch [18]: Accuracy_clf1: 94.90%, Accuracy_clf2: 95.05%, Accuracy_ensemble: 94.99%
-----------------------------------------------------------------------------------------------

Train - Iteration 0: 	Loss_clf1: 0.0023, Loss_clf2: 0.0024, Loss_discrepancy: 0.0000
Train - Iteration 50: 	Loss_clf1: 0.1148, Loss_clf2: 0.1152, Loss_discrepancy: 0.0018
Train - Iteration 100: 	Loss_clf1: 0.1201, Loss_clf2: 0.1211, Loss_discrepancy: 0.0021
Train - Iteration 150: 	Loss_clf1: 0.1283, Loss_clf2: 0.1286, Loss_discrepancy: 0.0019
Train - Iteration 200: 	Loss_clf1: 0.1237, Loss_clf2: 0.1243, Loss_discrepancy: 0.0018
Train - Iteration 250: 	Loss_clf1: 0.1264, Loss_clf2: 0.1270, Loss_discrepancy: 0.0019
Train - Iteration 300: 	Loss_clf1: 0.1320, Loss_clf2: 0.1327, Loss_discrepancy: 0.0021
Train - Iteration 350: 	Loss_clf1: 0.1398, Loss_clf2: 0.1401, Loss_discrepancy: 0.0018
Train - Iteration 400: 	Loss_clf1: 0.1501, Loss_clf2: 0.1505, Loss_discrepancy: 0.0018
Train - Iteration 450: 	Loss_clf1: 0.1621, Loss_clf2: 0.1618, Loss_discrepancy: 0.0021
Train - Epoch [19]: 		Loss_clf1: 0.1332, Loss_clf2: 0.1337, Loss_discrepancy: 0.0019
Test - Epoch [19]: Accuracy_clf1: 95.77%, Accuracy_clf2: 95.80%, Accuracy_ensemble: 95.78%
-----------------------------------------------------------------------------------------------

Train - Iteration 0: 	Loss_clf1: 0.0034, Loss_clf2: 0.0034, Loss_discrepancy: 0.0000
Train - Iteration 50: 	Loss_clf1: 0.1192, Loss_clf2: 0.1203, Loss_discrepancy: 0.0018
Train - Iteration 100: 	Loss_clf1: 0.1103, Loss_clf2: 0.1113, Loss_discrepancy: 0.0018
Train - Iteration 150: 	Loss_clf1: 0.1219, Loss_clf2: 0.1219, Loss_discrepancy: 0.0017
Train - Iteration 200: 	Loss_clf1: 0.1234, Loss_clf2: 0.1230, Loss_discrepancy: 0.0020
Train - Iteration 250: 	Loss_clf1: 0.1340, Loss_clf2: 0.1343, Loss_discrepancy: 0.0019
Train - Iteration 300: 	Loss_clf1: 0.1314, Loss_clf2: 0.1317, Loss_discrepancy: 0.0019
Train - Iteration 350: 	Loss_clf1: 0.1416, Loss_clf2: 0.1418, Loss_discrepancy: 0.0019
Train - Iteration 400: 	Loss_clf1: 0.1421, Loss_clf2: 0.1418, Loss_discrepancy: 0.0018
Train - Iteration 450: 	Loss_clf1: 0.1325, Loss_clf2: 0.1324, Loss_discrepancy: 0.0018
Train - Epoch [20]: 		Loss_clf1: 0.1283, Loss_clf2: 0.1286, Loss_discrepancy: 0.0018
Test - Epoch [20]: Accuracy_clf1: 95.74%, Accuracy_clf2: 95.82%, Accuracy_ensemble: 95.80%
-----------------------------------------------------------------------------------------------

Train - Iteration 0: 	Loss_clf1: 0.0011, Loss_clf2: 0.0012, Loss_discrepancy: 0.0000
Train - Iteration 50: 	Loss_clf1: 0.1101, Loss_clf2: 0.1105, Loss_discrepancy: 0.0019
Train - Iteration 100: 	Loss_clf1: 0.1109, Loss_clf2: 0.1113, Loss_discrepancy: 0.0017
Train - Iteration 150: 	Loss_clf1: 0.1139, Loss_clf2: 0.1140, Loss_discrepancy: 0.0020
Train - Iteration 200: 	Loss_clf1: 0.1221, Loss_clf2: 0.1229, Loss_discrepancy: 0.0019
Train - Iteration 250: 	Loss_clf1: 0.1270, Loss_clf2: 0.1272, Loss_discrepancy: 0.0019
Train - Iteration 300: 	Loss_clf1: 0.1395, Loss_clf2: 0.1400, Loss_discrepancy: 0.0017
Train - Iteration 350: 	Loss_clf1: 0.1308, Loss_clf2: 0.1312, Loss_discrepancy: 0.0018
Train - Iteration 400: 	Loss_clf1: 0.1354, Loss_clf2: 0.1353, Loss_discrepancy: 0.0018
Train - Iteration 450: 	Loss_clf1: 0.1380, Loss_clf2: 0.1380, Loss_discrepancy: 0.0017
Train - Epoch [21]: 		Loss_clf1: 0.1255, Loss_clf2: 0.1259, Loss_discrepancy: 0.0018
Test - Epoch [21]: Accuracy_clf1: 95.64%, Accuracy_clf2: 95.59%, Accuracy_ensemble: 95.68%
-----------------------------------------------------------------------------------------------

Train - Iteration 0: 	Loss_clf1: 0.0027, Loss_clf2: 0.0026, Loss_discrepancy: 0.0000
Train - Iteration 50: 	Loss_clf1: 0.1125, Loss_clf2: 0.1119, Loss_discrepancy: 0.0019
Train - Iteration 100: 	Loss_clf1: 0.1065, Loss_clf2: 0.1072, Loss_discrepancy: 0.0018
Train - Iteration 150: 	Loss_clf1: 0.1050, Loss_clf2: 0.1055, Loss_discrepancy: 0.0018
Train - Iteration 200: 	Loss_clf1: 0.1094, Loss_clf2: 0.1100, Loss_discrepancy: 0.0020
Train - Iteration 250: 	Loss_clf1: 0.1300, Loss_clf2: 0.1304, Loss_discrepancy: 0.0020
Train - Iteration 300: 	Loss_clf1: 0.1199, Loss_clf2: 0.1203, Loss_discrepancy: 0.0020
Train - Iteration 350: 	Loss_clf1: 0.1260, Loss_clf2: 0.1262, Loss_discrepancy: 0.0019
Train - Iteration 400: 	Loss_clf1: 0.1438, Loss_clf2: 0.1441, Loss_discrepancy: 0.0018
Train - Iteration 450: 	Loss_clf1: 0.1344, Loss_clf2: 0.1351, Loss_discrepancy: 0.0018
Train - Epoch [22]: 		Loss_clf1: 0.1209, Loss_clf2: 0.1212, Loss_discrepancy: 0.0019
Test - Epoch [22]: Accuracy_clf1: 95.49%, Accuracy_clf2: 95.49%, Accuracy_ensemble: 95.52%
-----------------------------------------------------------------------------------------------

Train - Iteration 0: 	Loss_clf1: 0.0024, Loss_clf2: 0.0024, Loss_discrepancy: 0.0000
Train - Iteration 50: 	Loss_clf1: 0.1031, Loss_clf2: 0.1030, Loss_discrepancy: 0.0018
Train - Iteration 100: 	Loss_clf1: 0.1174, Loss_clf2: 0.1183, Loss_discrepancy: 0.0018
Train - Iteration 150: 	Loss_clf1: 0.1155, Loss_clf2: 0.1158, Loss_discrepancy: 0.0019
Train - Iteration 200: 	Loss_clf1: 0.1057, Loss_clf2: 0.1064, Loss_discrepancy: 0.0017
Train - Iteration 250: 	Loss_clf1: 0.1154, Loss_clf2: 0.1164, Loss_discrepancy: 0.0018
Train - Iteration 300: 	Loss_clf1: 0.1220, Loss_clf2: 0.1226, Loss_discrepancy: 0.0018
Train - Iteration 350: 	Loss_clf1: 0.1346, Loss_clf2: 0.1352, Loss_discrepancy: 0.0018
Train - Iteration 400: 	Loss_clf1: 0.1346, Loss_clf2: 0.1341, Loss_discrepancy: 0.0018
Train - Iteration 450: 	Loss_clf1: 0.1248, Loss_clf2: 0.1251, Loss_discrepancy: 0.0018
Train - Epoch [23]: 		Loss_clf1: 0.1194, Loss_clf2: 0.1198, Loss_discrepancy: 0.0018
Test - Epoch [23]: Accuracy_clf1: 95.69%, Accuracy_clf2: 95.80%, Accuracy_ensemble: 95.72%
-----------------------------------------------------------------------------------------------

Train - Iteration 0: 	Loss_clf1: 0.0010, Loss_clf2: 0.0011, Loss_discrepancy: 0.0000
Train - Iteration 50: 	Loss_clf1: 0.0885, Loss_clf2: 0.0889, Loss_discrepancy: 0.0018
Train - Iteration 100: 	Loss_clf1: 0.1049, Loss_clf2: 0.1055, Loss_discrepancy: 0.0017
Train - Iteration 150: 	Loss_clf1: 0.0989, Loss_clf2: 0.0992, Loss_discrepancy: 0.0015
Train - Iteration 200: 	Loss_clf1: 0.1154, Loss_clf2: 0.1160, Loss_discrepancy: 0.0017
Train - Iteration 250: 	Loss_clf1: 0.1164, Loss_clf2: 0.1164, Loss_discrepancy: 0.0018
Train - Iteration 300: 	Loss_clf1: 0.1310, Loss_clf2: 0.1308, Loss_discrepancy: 0.0018
Train - Iteration 350: 	Loss_clf1: 0.1221, Loss_clf2: 0.1220, Loss_discrepancy: 0.0019
Train - Iteration 400: 	Loss_clf1: 0.1220, Loss_clf2: 0.1225, Loss_discrepancy: 0.0018
Train - Iteration 450: 	Loss_clf1: 0.1252, Loss_clf2: 0.1254, Loss_discrepancy: 0.0017
Train - Epoch [24]: 		Loss_clf1: 0.1141, Loss_clf2: 0.1144, Loss_discrepancy: 0.0017
Test - Epoch [24]: Accuracy_clf1: 95.66%, Accuracy_clf2: 95.70%, Accuracy_ensemble: 95.72%
-----------------------------------------------------------------------------------------------

Train - Iteration 0: 	Loss_clf1: 0.0030, Loss_clf2: 0.0030, Loss_discrepancy: 0.0000
Train - Iteration 50: 	Loss_clf1: 0.0931, Loss_clf2: 0.0936, Loss_discrepancy: 0.0016
Train - Iteration 100: 	Loss_clf1: 0.0998, Loss_clf2: 0.0998, Loss_discrepancy: 0.0017
Train - Iteration 150: 	Loss_clf1: 0.0942, Loss_clf2: 0.0947, Loss_discrepancy: 0.0016
Train - Iteration 200: 	Loss_clf1: 0.1112, Loss_clf2: 0.1113, Loss_discrepancy: 0.0017
Train - Iteration 250: 	Loss_clf1: 0.1120, Loss_clf2: 0.1123, Loss_discrepancy: 0.0018
Train - Iteration 300: 	Loss_clf1: 0.1144, Loss_clf2: 0.1149, Loss_discrepancy: 0.0016
Train - Iteration 350: 	Loss_clf1: 0.1209, Loss_clf2: 0.1207, Loss_discrepancy: 0.0016
Train - Iteration 400: 	Loss_clf1: 0.1084, Loss_clf2: 0.1083, Loss_discrepancy: 0.0016
Train - Iteration 450: 	Loss_clf1: 0.1379, Loss_clf2: 0.1378, Loss_discrepancy: 0.0018
Train - Epoch [25]: 		Loss_clf1: 0.1122, Loss_clf2: 0.1124, Loss_discrepancy: 0.0017
Test - Epoch [25]: Accuracy_clf1: 95.78%, Accuracy_clf2: 95.79%, Accuracy_ensemble: 95.83%
-----------------------------------------------------------------------------------------------

Train - Iteration 0: 	Loss_clf1: 0.0010, Loss_clf2: 0.0010, Loss_discrepancy: 0.0000
Train - Iteration 50: 	Loss_clf1: 0.0943, Loss_clf2: 0.0948, Loss_discrepancy: 0.0017
Train - Iteration 100: 	Loss_clf1: 0.0948, Loss_clf2: 0.0949, Loss_discrepancy: 0.0015
Train - Iteration 150: 	Loss_clf1: 0.1180, Loss_clf2: 0.1180, Loss_discrepancy: 0.0018
Train - Iteration 200: 	Loss_clf1: 0.1051, Loss_clf2: 0.1055, Loss_discrepancy: 0.0018
Train - Iteration 250: 	Loss_clf1: 0.0993, Loss_clf2: 0.0993, Loss_discrepancy: 0.0016
Train - Iteration 300: 	Loss_clf1: 0.1179, Loss_clf2: 0.1184, Loss_discrepancy: 0.0016
Train - Iteration 350: 	Loss_clf1: 0.1167, Loss_clf2: 0.1174, Loss_discrepancy: 0.0018
Train - Iteration 400: 	Loss_clf1: 0.1229, Loss_clf2: 0.1225, Loss_discrepancy: 0.0019
Train - Iteration 450: 	Loss_clf1: 0.1249, Loss_clf2: 0.1252, Loss_discrepancy: 0.0018
Train - Epoch [26]: 		Loss_clf1: 0.1110, Loss_clf2: 0.1113, Loss_discrepancy: 0.0017
Test - Epoch [26]: Accuracy_clf1: 94.97%, Accuracy_clf2: 94.86%, Accuracy_ensemble: 94.96%
-----------------------------------------------------------------------------------------------

Train - Iteration 0: 	Loss_clf1: 0.0017, Loss_clf2: 0.0017, Loss_discrepancy: 0.0000
Train - Iteration 50: 	Loss_clf1: 0.0870, Loss_clf2: 0.0873, Loss_discrepancy: 0.0017
Train - Iteration 100: 	Loss_clf1: 0.0925, Loss_clf2: 0.0924, Loss_discrepancy: 0.0015
Train - Iteration 150: 	Loss_clf1: 0.0980, Loss_clf2: 0.0981, Loss_discrepancy: 0.0015
Train - Iteration 200: 	Loss_clf1: 0.1085, Loss_clf2: 0.1088, Loss_discrepancy: 0.0015
Train - Iteration 250: 	Loss_clf1: 0.1091, Loss_clf2: 0.1094, Loss_discrepancy: 0.0017
Train - Iteration 300: 	Loss_clf1: 0.1135, Loss_clf2: 0.1134, Loss_discrepancy: 0.0016
Train - Iteration 350: 	Loss_clf1: 0.1204, Loss_clf2: 0.1204, Loss_discrepancy: 0.0016
Train - Iteration 400: 	Loss_clf1: 0.1119, Loss_clf2: 0.1120, Loss_discrepancy: 0.0017
Train - Iteration 450: 	Loss_clf1: 0.1088, Loss_clf2: 0.1084, Loss_discrepancy: 0.0017
Train - Epoch [27]: 		Loss_clf1: 0.1060, Loss_clf2: 0.1060, Loss_discrepancy: 0.0016
Test - Epoch [27]: Accuracy_clf1: 95.29%, Accuracy_clf2: 95.30%, Accuracy_ensemble: 95.25%
-----------------------------------------------------------------------------------------------

Train - Iteration 0: 	Loss_clf1: 0.0019, Loss_clf2: 0.0019, Loss_discrepancy: 0.0000
Train - Iteration 50: 	Loss_clf1: 0.0884, Loss_clf2: 0.0890, Loss_discrepancy: 0.0016
Train - Iteration 100: 	Loss_clf1: 0.0900, Loss_clf2: 0.0903, Loss_discrepancy: 0.0017
Train - Iteration 150: 	Loss_clf1: 0.0915, Loss_clf2: 0.0912, Loss_discrepancy: 0.0014
Train - Iteration 200: 	Loss_clf1: 0.1067, Loss_clf2: 0.1073, Loss_discrepancy: 0.0015
Train - Iteration 250: 	Loss_clf1: 0.1036, Loss_clf2: 0.1038, Loss_discrepancy: 0.0015
Train - Iteration 300: 	Loss_clf1: 0.1205, Loss_clf2: 0.1210, Loss_discrepancy: 0.0016
Train - Iteration 350: 	Loss_clf1: 0.1213, Loss_clf2: 0.1215, Loss_discrepancy: 0.0016
Train - Iteration 400: 	Loss_clf1: 0.1219, Loss_clf2: 0.1224, Loss_discrepancy: 0.0016
Train - Iteration 450: 	Loss_clf1: 0.1065, Loss_clf2: 0.1066, Loss_discrepancy: 0.0016
Train - Epoch [28]: 		Loss_clf1: 0.1055, Loss_clf2: 0.1058, Loss_discrepancy: 0.0016
Test - Epoch [28]: Accuracy_clf1: 96.01%, Accuracy_clf2: 96.09%, Accuracy_ensemble: 96.11%
-----------------------------------------------------------------------------------------------

Train - Iteration 0: 	Loss_clf1: 0.0010, Loss_clf2: 0.0010, Loss_discrepancy: 0.0000
Train - Iteration 50: 	Loss_clf1: 0.0828, Loss_clf2: 0.0834, Loss_discrepancy: 0.0015
Train - Iteration 100: 	Loss_clf1: 0.1010, Loss_clf2: 0.1011, Loss_discrepancy: 0.0014
Train - Iteration 150: 	Loss_clf1: 0.0861, Loss_clf2: 0.0861, Loss_discrepancy: 0.0016
Train - Iteration 200: 	Loss_clf1: 0.0962, Loss_clf2: 0.0965, Loss_discrepancy: 0.0017
Train - Iteration 250: 	Loss_clf1: 0.1032, Loss_clf2: 0.1035, Loss_discrepancy: 0.0017
Train - Iteration 300: 	Loss_clf1: 0.1063, Loss_clf2: 0.1062, Loss_discrepancy: 0.0017
Train - Iteration 350: 	Loss_clf1: 0.1155, Loss_clf2: 0.1149, Loss_discrepancy: 0.0014
Train - Iteration 400: 	Loss_clf1: 0.1179, Loss_clf2: 0.1183, Loss_discrepancy: 0.0015
Train - Iteration 450: 	Loss_clf1: 0.1093, Loss_clf2: 0.1097, Loss_discrepancy: 0.0015
Train - Epoch [29]: 		Loss_clf1: 0.1023, Loss_clf2: 0.1025, Loss_discrepancy: 0.0016
Test - Epoch [29]: Accuracy_clf1: 95.89%, Accuracy_clf2: 95.72%, Accuracy_ensemble: 95.82%
-----------------------------------------------------------------------------------------------

Train - Iteration 0: 	Loss_clf1: 0.0018, Loss_clf2: 0.0019, Loss_discrepancy: 0.0000
Train - Iteration 50: 	Loss_clf1: 0.0781, Loss_clf2: 0.0786, Loss_discrepancy: 0.0017
Train - Iteration 100: 	Loss_clf1: 0.0894, Loss_clf2: 0.0894, Loss_discrepancy: 0.0016
Train - Iteration 150: 	Loss_clf1: 0.0924, Loss_clf2: 0.0929, Loss_discrepancy: 0.0016
Train - Iteration 200: 	Loss_clf1: 0.1021, Loss_clf2: 0.1023, Loss_discrepancy: 0.0015
Train - Iteration 250: 	Loss_clf1: 0.0914, Loss_clf2: 0.0913, Loss_discrepancy: 0.0017
Train - Iteration 300: 	Loss_clf1: 0.1068, Loss_clf2: 0.1070, Loss_discrepancy: 0.0016
Train - Iteration 350: 	Loss_clf1: 0.1109, Loss_clf2: 0.1115, Loss_discrepancy: 0.0017
Train - Iteration 400: 	Loss_clf1: 0.1043, Loss_clf2: 0.1046, Loss_discrepancy: 0.0017
Train - Iteration 450: 	Loss_clf1: 0.1231, Loss_clf2: 0.1229, Loss_discrepancy: 0.0015
Train - Epoch [30]: 		Loss_clf1: 0.0996, Loss_clf2: 0.0999, Loss_discrepancy: 0.0016
Test - Epoch [30]: Accuracy_clf1: 95.70%, Accuracy_clf2: 95.71%, Accuracy_ensemble: 95.67%
-----------------------------------------------------------------------------------------------

Train - Iteration 0: 	Loss_clf1: 0.0007, Loss_clf2: 0.0007, Loss_discrepancy: 0.0000
Train - Iteration 50: 	Loss_clf1: 0.0854, Loss_clf2: 0.0862, Loss_discrepancy: 0.0015
Train - Iteration 100: 	Loss_clf1: 0.0790, Loss_clf2: 0.0795, Loss_discrepancy: 0.0015
Train - Iteration 150: 	Loss_clf1: 0.0844, Loss_clf2: 0.0847, Loss_discrepancy: 0.0014
Train - Iteration 200: 	Loss_clf1: 0.0963, Loss_clf2: 0.0967, Loss_discrepancy: 0.0015
Train - Iteration 250: 	Loss_clf1: 0.1008, Loss_clf2: 0.1010, Loss_discrepancy: 0.0016
Train - Iteration 300: 	Loss_clf1: 0.1011, Loss_clf2: 0.1011, Loss_discrepancy: 0.0015
Train - Iteration 350: 	Loss_clf1: 0.0958, Loss_clf2: 0.0957, Loss_discrepancy: 0.0017
Train - Iteration 400: 	Loss_clf1: 0.1070, Loss_clf2: 0.1074, Loss_discrepancy: 0.0015
Train - Iteration 450: 	Loss_clf1: 0.1091, Loss_clf2: 0.1100, Loss_discrepancy: 0.0015
Train - Epoch [31]: 		Loss_clf1: 0.0957, Loss_clf2: 0.0961, Loss_discrepancy: 0.0015
Test - Epoch [31]: Accuracy_clf1: 94.80%, Accuracy_clf2: 94.78%, Accuracy_ensemble: 94.83%
-----------------------------------------------------------------------------------------------

Train - Iteration 0: 	Loss_clf1: 0.0014, Loss_clf2: 0.0014, Loss_discrepancy: 0.0000
Train - Iteration 50: 	Loss_clf1: 0.0777, Loss_clf2: 0.0782, Loss_discrepancy: 0.0014
Train - Iteration 100: 	Loss_clf1: 0.0724, Loss_clf2: 0.0731, Loss_discrepancy: 0.0013
Train - Iteration 150: 	Loss_clf1: 0.0945, Loss_clf2: 0.0951, Loss_discrepancy: 0.0014
Train - Iteration 200: 	Loss_clf1: 0.0899, Loss_clf2: 0.0904, Loss_discrepancy: 0.0013
Train - Iteration 250: 	Loss_clf1: 0.0948, Loss_clf2: 0.0942, Loss_discrepancy: 0.0014
Train - Iteration 300: 	Loss_clf1: 0.0930, Loss_clf2: 0.0930, Loss_discrepancy: 0.0015
Train - Iteration 350: 	Loss_clf1: 0.1037, Loss_clf2: 0.1036, Loss_discrepancy: 0.0013
Train - Iteration 400: 	Loss_clf1: 0.1176, Loss_clf2: 0.1182, Loss_discrepancy: 0.0015
Train - Iteration 450: 	Loss_clf1: 0.1089, Loss_clf2: 0.1090, Loss_discrepancy: 0.0015
Train - Epoch [32]: 		Loss_clf1: 0.0953, Loss_clf2: 0.0956, Loss_discrepancy: 0.0014
Test - Epoch [32]: Accuracy_clf1: 96.07%, Accuracy_clf2: 96.01%, Accuracy_ensemble: 96.03%
-----------------------------------------------------------------------------------------------

Train - Iteration 0: 	Loss_clf1: 0.0018, Loss_clf2: 0.0018, Loss_discrepancy: 0.0000
Train - Iteration 50: 	Loss_clf1: 0.0839, Loss_clf2: 0.0840, Loss_discrepancy: 0.0014
Train - Iteration 100: 	Loss_clf1: 0.0693, Loss_clf2: 0.0693, Loss_discrepancy: 0.0013
Train - Iteration 150: 	Loss_clf1: 0.0844, Loss_clf2: 0.0851, Loss_discrepancy: 0.0014
Train - Iteration 200: 	Loss_clf1: 0.0821, Loss_clf2: 0.0823, Loss_discrepancy: 0.0013
Train - Iteration 250: 	Loss_clf1: 0.0966, Loss_clf2: 0.0970, Loss_discrepancy: 0.0014
Train - Iteration 300: 	Loss_clf1: 0.0953, Loss_clf2: 0.0955, Loss_discrepancy: 0.0014
Train - Iteration 350: 	Loss_clf1: 0.1067, Loss_clf2: 0.1073, Loss_discrepancy: 0.0016
Train - Iteration 400: 	Loss_clf1: 0.1036, Loss_clf2: 0.1041, Loss_discrepancy: 0.0014
Train - Iteration 450: 	Loss_clf1: 0.1059, Loss_clf2: 0.1065, Loss_discrepancy: 0.0016
Train - Epoch [33]: 		Loss_clf1: 0.0916, Loss_clf2: 0.0920, Loss_discrepancy: 0.0014
Test - Epoch [33]: Accuracy_clf1: 95.49%, Accuracy_clf2: 95.50%, Accuracy_ensemble: 95.49%
-----------------------------------------------------------------------------------------------

Train - Iteration 0: 	Loss_clf1: 0.0012, Loss_clf2: 0.0013, Loss_discrepancy: 0.0000
Train - Iteration 50: 	Loss_clf1: 0.0856, Loss_clf2: 0.0862, Loss_discrepancy: 0.0014
Train - Iteration 100: 	Loss_clf1: 0.0886, Loss_clf2: 0.0885, Loss_discrepancy: 0.0013
Train - Iteration 150: 	Loss_clf1: 0.0915, Loss_clf2: 0.0908, Loss_discrepancy: 0.0017
Train - Iteration 200: 	Loss_clf1: 0.0971, Loss_clf2: 0.0975, Loss_discrepancy: 0.0015
Train - Iteration 250: 	Loss_clf1: 0.0957, Loss_clf2: 0.0959, Loss_discrepancy: 0.0015
Train - Iteration 300: 	Loss_clf1: 0.0964, Loss_clf2: 0.0972, Loss_discrepancy: 0.0015
Train - Iteration 350: 	Loss_clf1: 0.0940, Loss_clf2: 0.0940, Loss_discrepancy: 0.0014
Train - Iteration 400: 	Loss_clf1: 0.0980, Loss_clf2: 0.0982, Loss_discrepancy: 0.0015
Train - Iteration 450: 	Loss_clf1: 0.0996, Loss_clf2: 0.1002, Loss_discrepancy: 0.0015
Train - Epoch [34]: 		Loss_clf1: 0.0940, Loss_clf2: 0.0942, Loss_discrepancy: 0.0015
Test - Epoch [34]: Accuracy_clf1: 95.94%, Accuracy_clf2: 95.97%, Accuracy_ensemble: 95.95%
-----------------------------------------------------------------------------------------------

Train - Iteration 0: 	Loss_clf1: 0.0013, Loss_clf2: 0.0012, Loss_discrepancy: 0.0000
Train - Iteration 50: 	Loss_clf1: 0.0729, Loss_clf2: 0.0735, Loss_discrepancy: 0.0014
Train - Iteration 100: 	Loss_clf1: 0.0733, Loss_clf2: 0.0737, Loss_discrepancy: 0.0015
Train - Iteration 150: 	Loss_clf1: 0.0663, Loss_clf2: 0.0665, Loss_discrepancy: 0.0014
Train - Iteration 200: 	Loss_clf1: 0.0822, Loss_clf2: 0.0824, Loss_discrepancy: 0.0014
Train - Iteration 250: 	Loss_clf1: 0.0983, Loss_clf2: 0.0978, Loss_discrepancy: 0.0013
Train - Iteration 300: 	Loss_clf1: 0.0936, Loss_clf2: 0.0940, Loss_discrepancy: 0.0015
Train - Iteration 350: 	Loss_clf1: 0.1032, Loss_clf2: 0.1038, Loss_discrepancy: 0.0014
Train - Iteration 400: 	Loss_clf1: 0.1008, Loss_clf2: 0.1016, Loss_discrepancy: 0.0015
Train - Iteration 450: 	Loss_clf1: 0.1103, Loss_clf2: 0.1102, Loss_discrepancy: 0.0013
Train - Epoch [35]: 		Loss_clf1: 0.0894, Loss_clf2: 0.0897, Loss_discrepancy: 0.0014
Test - Epoch [35]: Accuracy_clf1: 96.07%, Accuracy_clf2: 96.04%, Accuracy_ensemble: 96.11%
-----------------------------------------------------------------------------------------------

Train - Iteration 0: 	Loss_clf1: 0.0017, Loss_clf2: 0.0017, Loss_discrepancy: 0.0000
Train - Iteration 50: 	Loss_clf1: 0.0740, Loss_clf2: 0.0743, Loss_discrepancy: 0.0014
Train - Iteration 100: 	Loss_clf1: 0.0773, Loss_clf2: 0.0771, Loss_discrepancy: 0.0014
Train - Iteration 150: 	Loss_clf1: 0.0804, Loss_clf2: 0.0810, Loss_discrepancy: 0.0014
Train - Iteration 200: 	Loss_clf1: 0.0814, Loss_clf2: 0.0819, Loss_discrepancy: 0.0013
Train - Iteration 250: 	Loss_clf1: 0.0981, Loss_clf2: 0.0982, Loss_discrepancy: 0.0015
Train - Iteration 300: 	Loss_clf1: 0.1030, Loss_clf2: 0.1030, Loss_discrepancy: 0.0014
Train - Iteration 350: 	Loss_clf1: 0.1009, Loss_clf2: 0.1007, Loss_discrepancy: 0.0015
Train - Iteration 400: 	Loss_clf1: 0.1043, Loss_clf2: 0.1048, Loss_discrepancy: 0.0016
Train - Iteration 450: 	Loss_clf1: 0.0917, Loss_clf2: 0.0917, Loss_discrepancy: 0.0015
Train - Epoch [36]: 		Loss_clf1: 0.0905, Loss_clf2: 0.0907, Loss_discrepancy: 0.0014
Test - Epoch [36]: Accuracy_clf1: 95.81%, Accuracy_clf2: 96.00%, Accuracy_ensemble: 95.92%
-----------------------------------------------------------------------------------------------

Train - Iteration 0: 	Loss_clf1: 0.0015, Loss_clf2: 0.0015, Loss_discrepancy: 0.0000
Train - Iteration 50: 	Loss_clf1: 0.0719, Loss_clf2: 0.0721, Loss_discrepancy: 0.0015
Train - Iteration 100: 	Loss_clf1: 0.0738, Loss_clf2: 0.0744, Loss_discrepancy: 0.0017
Train - Iteration 150: 	Loss_clf1: 0.0839, Loss_clf2: 0.0845, Loss_discrepancy: 0.0015
Train - Iteration 200: 	Loss_clf1: 0.0859, Loss_clf2: 0.0864, Loss_discrepancy: 0.0013
Train - Iteration 250: 	Loss_clf1: 0.0866, Loss_clf2: 0.0866, Loss_discrepancy: 0.0013
Train - Iteration 300: 	Loss_clf1: 0.0795, Loss_clf2: 0.0799, Loss_discrepancy: 0.0015
Train - Iteration 350: 	Loss_clf1: 0.0887, Loss_clf2: 0.0894, Loss_discrepancy: 0.0013
Train - Iteration 400: 	Loss_clf1: 0.0959, Loss_clf2: 0.0955, Loss_discrepancy: 0.0015
Train - Iteration 450: 	Loss_clf1: 0.1022, Loss_clf2: 0.1029, Loss_discrepancy: 0.0016
Train - Epoch [37]: 		Loss_clf1: 0.0864, Loss_clf2: 0.0867, Loss_discrepancy: 0.0015
Test - Epoch [37]: Accuracy_clf1: 95.56%, Accuracy_clf2: 95.41%, Accuracy_ensemble: 95.46%
-----------------------------------------------------------------------------------------------

Train - Iteration 0: 	Loss_clf1: 0.0020, Loss_clf2: 0.0020, Loss_discrepancy: 0.0000
Train - Iteration 50: 	Loss_clf1: 0.0770, Loss_clf2: 0.0775, Loss_discrepancy: 0.0014
Train - Iteration 100: 	Loss_clf1: 0.0568, Loss_clf2: 0.0572, Loss_discrepancy: 0.0014
Train - Iteration 150: 	Loss_clf1: 0.0790, Loss_clf2: 0.0791, Loss_discrepancy: 0.0014
Train - Iteration 200: 	Loss_clf1: 0.0874, Loss_clf2: 0.0873, Loss_discrepancy: 0.0013
Train - Iteration 250: 	Loss_clf1: 0.0847, Loss_clf2: 0.0853, Loss_discrepancy: 0.0013
Train - Iteration 300: 	Loss_clf1: 0.0801, Loss_clf2: 0.0801, Loss_discrepancy: 0.0014
Train - Iteration 350: 	Loss_clf1: 0.0848, Loss_clf2: 0.0845, Loss_discrepancy: 0.0015
Train - Iteration 400: 	Loss_clf1: 0.0997, Loss_clf2: 0.1002, Loss_discrepancy: 0.0014
Train - Iteration 450: 	Loss_clf1: 0.1077, Loss_clf2: 0.1075, Loss_discrepancy: 0.0016
Train - Epoch [38]: 		Loss_clf1: 0.0846, Loss_clf2: 0.0848, Loss_discrepancy: 0.0014
Test - Epoch [38]: Accuracy_clf1: 95.02%, Accuracy_clf2: 95.13%, Accuracy_ensemble: 95.13%
-----------------------------------------------------------------------------------------------

Train - Iteration 0: 	Loss_clf1: 0.0023, Loss_clf2: 0.0023, Loss_discrepancy: 0.0000
Train - Iteration 50: 	Loss_clf1: 0.0719, Loss_clf2: 0.0722, Loss_discrepancy: 0.0014
Train - Iteration 100: 	Loss_clf1: 0.0734, Loss_clf2: 0.0739, Loss_discrepancy: 0.0013
Train - Iteration 150: 	Loss_clf1: 0.0699, Loss_clf2: 0.0705, Loss_discrepancy: 0.0012
Train - Iteration 200: 	Loss_clf1: 0.0754, Loss_clf2: 0.0762, Loss_discrepancy: 0.0012
Train - Iteration 250: 	Loss_clf1: 0.0862, Loss_clf2: 0.0864, Loss_discrepancy: 0.0014
Train - Iteration 300: 	Loss_clf1: 0.0791, Loss_clf2: 0.0789, Loss_discrepancy: 0.0015
Train - Iteration 350: 	Loss_clf1: 0.0945, Loss_clf2: 0.0944, Loss_discrepancy: 0.0014
Train - Iteration 400: 	Loss_clf1: 0.0886, Loss_clf2: 0.0887, Loss_discrepancy: 0.0014
Train - Iteration 450: 	Loss_clf1: 0.0875, Loss_clf2: 0.0878, Loss_discrepancy: 0.0013
Train - Epoch [39]: 		Loss_clf1: 0.0816, Loss_clf2: 0.0819, Loss_discrepancy: 0.0013
Test - Epoch [39]: Accuracy_clf1: 95.70%, Accuracy_clf2: 95.61%, Accuracy_ensemble: 95.70%
-----------------------------------------------------------------------------------------------

Train - Iteration 0: 	Loss_clf1: 0.0006, Loss_clf2: 0.0006, Loss_discrepancy: 0.0000
Train - Iteration 50: 	Loss_clf1: 0.0768, Loss_clf2: 0.0767, Loss_discrepancy: 0.0014
Train - Iteration 100: 	Loss_clf1: 0.0730, Loss_clf2: 0.0735, Loss_discrepancy: 0.0012
Train - Iteration 150: 	Loss_clf1: 0.0790, Loss_clf2: 0.0794, Loss_discrepancy: 0.0014
Train - Iteration 200: 	Loss_clf1: 0.0762, Loss_clf2: 0.0762, Loss_discrepancy: 0.0013
Train - Iteration 250: 	Loss_clf1: 0.0788, Loss_clf2: 0.0792, Loss_discrepancy: 0.0012
Train - Iteration 300: 	Loss_clf1: 0.0831, Loss_clf2: 0.0838, Loss_discrepancy: 0.0012
Train - Iteration 350: 	Loss_clf1: 0.0751, Loss_clf2: 0.0749, Loss_discrepancy: 0.0013
Train - Iteration 400: 	Loss_clf1: 0.0874, Loss_clf2: 0.0875, Loss_discrepancy: 0.0013
Train - Iteration 450: 	Loss_clf1: 0.0949, Loss_clf2: 0.0952, Loss_discrepancy: 0.0014
Train - Epoch [40]: 		Loss_clf1: 0.0821, Loss_clf2: 0.0823, Loss_discrepancy: 0.0013
Test - Epoch [40]: Accuracy_clf1: 95.15%, Accuracy_clf2: 95.12%, Accuracy_ensemble: 95.11%
-----------------------------------------------------------------------------------------------

Train - Iteration 0: 	Loss_clf1: 0.0012, Loss_clf2: 0.0012, Loss_discrepancy: 0.0000
Train - Iteration 50: 	Loss_clf1: 0.0722, Loss_clf2: 0.0724, Loss_discrepancy: 0.0014
Train - Iteration 100: 	Loss_clf1: 0.0705, Loss_clf2: 0.0707, Loss_discrepancy: 0.0013
Train - Iteration 150: 	Loss_clf1: 0.0667, Loss_clf2: 0.0670, Loss_discrepancy: 0.0012
Train - Iteration 200: 	Loss_clf1: 0.0696, Loss_clf2: 0.0705, Loss_discrepancy: 0.0012
Train - Iteration 250: 	Loss_clf1: 0.0771, Loss_clf2: 0.0770, Loss_discrepancy: 0.0013
Train - Iteration 300: 	Loss_clf1: 0.0840, Loss_clf2: 0.0846, Loss_discrepancy: 0.0013
Train - Iteration 350: 	Loss_clf1: 0.0897, Loss_clf2: 0.0897, Loss_discrepancy: 0.0015
Train - Iteration 400: 	Loss_clf1: 0.0961, Loss_clf2: 0.0963, Loss_discrepancy: 0.0014
Train - Iteration 450: 	Loss_clf1: 0.0949, Loss_clf2: 0.0950, Loss_discrepancy: 0.0013
Train - Epoch [41]: 		Loss_clf1: 0.0809, Loss_clf2: 0.0811, Loss_discrepancy: 0.0013
Test - Epoch [41]: Accuracy_clf1: 96.19%, Accuracy_clf2: 96.15%, Accuracy_ensemble: 96.17%
-----------------------------------------------------------------------------------------------

Train - Iteration 0: 	Loss_clf1: 0.0017, Loss_clf2: 0.0018, Loss_discrepancy: 0.0000
Train - Iteration 50: 	Loss_clf1: 0.0595, Loss_clf2: 0.0597, Loss_discrepancy: 0.0013
Train - Iteration 100: 	Loss_clf1: 0.0720, Loss_clf2: 0.0723, Loss_discrepancy: 0.0014
Train - Iteration 150: 	Loss_clf1: 0.0758, Loss_clf2: 0.0765, Loss_discrepancy: 0.0012
Train - Iteration 200: 	Loss_clf1: 0.0800, Loss_clf2: 0.0801, Loss_discrepancy: 0.0012
Train - Iteration 250: 	Loss_clf1: 0.0759, Loss_clf2: 0.0769, Loss_discrepancy: 0.0012
Train - Iteration 300: 	Loss_clf1: 0.0816, Loss_clf2: 0.0820, Loss_discrepancy: 0.0012
Train - Iteration 350: 	Loss_clf1: 0.0901, Loss_clf2: 0.0901, Loss_discrepancy: 0.0014
Train - Iteration 400: 	Loss_clf1: 0.0984, Loss_clf2: 0.0984, Loss_discrepancy: 0.0013
Train - Iteration 450: 	Loss_clf1: 0.0962, Loss_clf2: 0.0966, Loss_discrepancy: 0.0013
Train - Epoch [42]: 		Loss_clf1: 0.0813, Loss_clf2: 0.0816, Loss_discrepancy: 0.0013
Test - Epoch [42]: Accuracy_clf1: 95.31%, Accuracy_clf2: 95.28%, Accuracy_ensemble: 95.31%
-----------------------------------------------------------------------------------------------

Train - Iteration 0: 	Loss_clf1: 0.0016, Loss_clf2: 0.0017, Loss_discrepancy: 0.0000
Train - Iteration 50: 	Loss_clf1: 0.0784, Loss_clf2: 0.0789, Loss_discrepancy: 0.0013
Train - Iteration 100: 	Loss_clf1: 0.0733, Loss_clf2: 0.0738, Loss_discrepancy: 0.0013
Train - Iteration 150: 	Loss_clf1: 0.0705, Loss_clf2: 0.0703, Loss_discrepancy: 0.0013
Train - Iteration 200: 	Loss_clf1: 0.0682, Loss_clf2: 0.0688, Loss_discrepancy: 0.0015
Train - Iteration 250: 	Loss_clf1: 0.0726, Loss_clf2: 0.0726, Loss_discrepancy: 0.0014
Train - Iteration 300: 	Loss_clf1: 0.0762, Loss_clf2: 0.0769, Loss_discrepancy: 0.0013
Train - Iteration 350: 	Loss_clf1: 0.0951, Loss_clf2: 0.0946, Loss_discrepancy: 0.0014
Train - Iteration 400: 	Loss_clf1: 0.0914, Loss_clf2: 0.0918, Loss_discrepancy: 0.0015
Train - Iteration 450: 	Loss_clf1: 0.0849, Loss_clf2: 0.0858, Loss_discrepancy: 0.0014
Train - Epoch [43]: 		Loss_clf1: 0.0796, Loss_clf2: 0.0800, Loss_discrepancy: 0.0014
Test - Epoch [43]: Accuracy_clf1: 95.56%, Accuracy_clf2: 95.55%, Accuracy_ensemble: 95.58%
-----------------------------------------------------------------------------------------------

Train - Iteration 0: 	Loss_clf1: 0.0023, Loss_clf2: 0.0023, Loss_discrepancy: 0.0000
Train - Iteration 50: 	Loss_clf1: 0.0705, Loss_clf2: 0.0708, Loss_discrepancy: 0.0013
Train - Iteration 100: 	Loss_clf1: 0.0702, Loss_clf2: 0.0706, Loss_discrepancy: 0.0013
Train - Iteration 150: 	Loss_clf1: 0.0706, Loss_clf2: 0.0709, Loss_discrepancy: 0.0013
Train - Iteration 200: 	Loss_clf1: 0.0782, Loss_clf2: 0.0782, Loss_discrepancy: 0.0012
Train - Iteration 250: 	Loss_clf1: 0.0755, Loss_clf2: 0.0753, Loss_discrepancy: 0.0013
Train - Iteration 300: 	Loss_clf1: 0.0814, Loss_clf2: 0.0813, Loss_discrepancy: 0.0014
Train - Iteration 350: 	Loss_clf1: 0.0836, Loss_clf2: 0.0845, Loss_discrepancy: 0.0014
Train - Iteration 400: 	Loss_clf1: 0.0873, Loss_clf2: 0.0875, Loss_discrepancy: 0.0014
Train - Iteration 450: 	Loss_clf1: 0.0885, Loss_clf2: 0.0882, Loss_discrepancy: 0.0013
Train - Epoch [44]: 		Loss_clf1: 0.0787, Loss_clf2: 0.0790, Loss_discrepancy: 0.0013
Test - Epoch [44]: Accuracy_clf1: 95.78%, Accuracy_clf2: 95.88%, Accuracy_ensemble: 95.83%
-----------------------------------------------------------------------------------------------

Train - Iteration 0: 	Loss_clf1: 0.0013, Loss_clf2: 0.0013, Loss_discrepancy: 0.0000
Train - Iteration 50: 	Loss_clf1: 0.0721, Loss_clf2: 0.0725, Loss_discrepancy: 0.0013
Train - Iteration 100: 	Loss_clf1: 0.0633, Loss_clf2: 0.0633, Loss_discrepancy: 0.0013
Train - Iteration 150: 	Loss_clf1: 0.0741, Loss_clf2: 0.0744, Loss_discrepancy: 0.0014
Train - Iteration 200: 	Loss_clf1: 0.0792, Loss_clf2: 0.0801, Loss_discrepancy: 0.0014
Train - Iteration 250: 	Loss_clf1: 0.0841, Loss_clf2: 0.0851, Loss_discrepancy: 0.0012
Train - Iteration 300: 	Loss_clf1: 0.0791, Loss_clf2: 0.0786, Loss_discrepancy: 0.0013
Train - Iteration 350: 	Loss_clf1: 0.0840, Loss_clf2: 0.0846, Loss_discrepancy: 0.0013
Train - Iteration 400: 	Loss_clf1: 0.0910, Loss_clf2: 0.0913, Loss_discrepancy: 0.0013
Train - Iteration 450: 	Loss_clf1: 0.0847, Loss_clf2: 0.0848, Loss_discrepancy: 0.0013
Train - Epoch [45]: 		Loss_clf1: 0.0789, Loss_clf2: 0.0792, Loss_discrepancy: 0.0013
Test - Epoch [45]: Accuracy_clf1: 95.01%, Accuracy_clf2: 94.91%, Accuracy_ensemble: 94.94%
-----------------------------------------------------------------------------------------------

Train - Iteration 0: 	Loss_clf1: 0.0010, Loss_clf2: 0.0011, Loss_discrepancy: 0.0000
Train - Iteration 50: 	Loss_clf1: 0.0638, Loss_clf2: 0.0639, Loss_discrepancy: 0.0013
Train - Iteration 100: 	Loss_clf1: 0.0632, Loss_clf2: 0.0634, Loss_discrepancy: 0.0013
Train - Iteration 150: 	Loss_clf1: 0.0670, Loss_clf2: 0.0667, Loss_discrepancy: 0.0012
Train - Iteration 200: 	Loss_clf1: 0.0741, Loss_clf2: 0.0746, Loss_discrepancy: 0.0012
Train - Iteration 250: 	Loss_clf1: 0.0735, Loss_clf2: 0.0736, Loss_discrepancy: 0.0013
Train - Iteration 300: 	Loss_clf1: 0.0835, Loss_clf2: 0.0837, Loss_discrepancy: 0.0012
Train - Iteration 350: 	Loss_clf1: 0.0876, Loss_clf2: 0.0887, Loss_discrepancy: 0.0014
Train - Iteration 400: 	Loss_clf1: 0.0817, Loss_clf2: 0.0820, Loss_discrepancy: 0.0013
Train - Iteration 450: 	Loss_clf1: 0.0852, Loss_clf2: 0.0855, Loss_discrepancy: 0.0013
Train - Epoch [46]: 		Loss_clf1: 0.0764, Loss_clf2: 0.0767, Loss_discrepancy: 0.0013
Test - Epoch [46]: Accuracy_clf1: 95.66%, Accuracy_clf2: 95.69%, Accuracy_ensemble: 95.66%
-----------------------------------------------------------------------------------------------

Train - Iteration 0: 	Loss_clf1: 0.0023, Loss_clf2: 0.0023, Loss_discrepancy: 0.0000
Train - Iteration 50: 	Loss_clf1: 0.0704, Loss_clf2: 0.0709, Loss_discrepancy: 0.0012
Train - Iteration 100: 	Loss_clf1: 0.0597, Loss_clf2: 0.0601, Loss_discrepancy: 0.0013
Train - Iteration 150: 	Loss_clf1: 0.0728, Loss_clf2: 0.0725, Loss_discrepancy: 0.0013
Train - Iteration 200: 	Loss_clf1: 0.0719, Loss_clf2: 0.0722, Loss_discrepancy: 0.0013
Train - Iteration 250: 	Loss_clf1: 0.0764, Loss_clf2: 0.0771, Loss_discrepancy: 0.0012
Train - Iteration 300: 	Loss_clf1: 0.0781, Loss_clf2: 0.0783, Loss_discrepancy: 0.0013
Train - Iteration 350: 	Loss_clf1: 0.0806, Loss_clf2: 0.0808, Loss_discrepancy: 0.0013
Train - Iteration 400: 	Loss_clf1: 0.0805, Loss_clf2: 0.0811, Loss_discrepancy: 0.0012
Train - Iteration 450: 	Loss_clf1: 0.0808, Loss_clf2: 0.0810, Loss_discrepancy: 0.0013
Train - Epoch [47]: 		Loss_clf1: 0.0759, Loss_clf2: 0.0762, Loss_discrepancy: 0.0013
Test - Epoch [47]: Accuracy_clf1: 95.46%, Accuracy_clf2: 95.45%, Accuracy_ensemble: 95.44%
-----------------------------------------------------------------------------------------------

Train - Iteration 0: 	Loss_clf1: 0.0010, Loss_clf2: 0.0010, Loss_discrepancy: 0.0000
Train - Iteration 50: 	Loss_clf1: 0.0643, Loss_clf2: 0.0643, Loss_discrepancy: 0.0012
Train - Iteration 100: 	Loss_clf1: 0.0553, Loss_clf2: 0.0558, Loss_discrepancy: 0.0013
Train - Iteration 150: 	Loss_clf1: 0.0704, Loss_clf2: 0.0709, Loss_discrepancy: 0.0013
Train - Iteration 200: 	Loss_clf1: 0.0765, Loss_clf2: 0.0756, Loss_discrepancy: 0.0013
Train - Iteration 250: 	Loss_clf1: 0.0834, Loss_clf2: 0.0838, Loss_discrepancy: 0.0013
Train - Iteration 300: 	Loss_clf1: 0.0754, Loss_clf2: 0.0759, Loss_discrepancy: 0.0014
Train - Iteration 350: 	Loss_clf1: 0.0795, Loss_clf2: 0.0800, Loss_discrepancy: 0.0013
Train - Iteration 400: 	Loss_clf1: 0.0857, Loss_clf2: 0.0865, Loss_discrepancy: 0.0012
Train - Iteration 450: 	Loss_clf1: 0.0832, Loss_clf2: 0.0830, Loss_discrepancy: 0.0013
Train - Epoch [48]: 		Loss_clf1: 0.0752, Loss_clf2: 0.0754, Loss_discrepancy: 0.0013
Test - Epoch [48]: Accuracy_clf1: 95.94%, Accuracy_clf2: 95.87%, Accuracy_ensemble: 95.92%
-----------------------------------------------------------------------------------------------

Train - Iteration 0: 	Loss_clf1: 0.0008, Loss_clf2: 0.0008, Loss_discrepancy: 0.0000
Train - Iteration 50: 	Loss_clf1: 0.0584, Loss_clf2: 0.0588, Loss_discrepancy: 0.0013
Train - Iteration 100: 	Loss_clf1: 0.0652, Loss_clf2: 0.0656, Loss_discrepancy: 0.0013
Train - Iteration 150: 	Loss_clf1: 0.0682, Loss_clf2: 0.0682, Loss_discrepancy: 0.0012
Train - Iteration 200: 	Loss_clf1: 0.0672, Loss_clf2: 0.0682, Loss_discrepancy: 0.0011
Train - Iteration 250: 	Loss_clf1: 0.0630, Loss_clf2: 0.0633, Loss_discrepancy: 0.0012
Train - Iteration 300: 	Loss_clf1: 0.0810, Loss_clf2: 0.0818, Loss_discrepancy: 0.0012
Train - Iteration 350: 	Loss_clf1: 0.0722, Loss_clf2: 0.0727, Loss_discrepancy: 0.0013
Train - Iteration 400: 	Loss_clf1: 0.0774, Loss_clf2: 0.0771, Loss_discrepancy: 0.0014
Train - Iteration 450: 	Loss_clf1: 0.0769, Loss_clf2: 0.0771, Loss_discrepancy: 0.0012
Train - Epoch [49]: 		Loss_clf1: 0.0698, Loss_clf2: 0.0702, Loss_discrepancy: 0.0013
Test - Epoch [49]: Accuracy_clf1: 95.84%, Accuracy_clf2: 95.79%, Accuracy_ensemble: 95.83%
-----------------------------------------------------------------------------------------------

Train - Iteration 0: 	Loss_clf1: 0.0026, Loss_clf2: 0.0026, Loss_discrepancy: 0.0000
Train - Iteration 50: 	Loss_clf1: 0.0660, Loss_clf2: 0.0663, Loss_discrepancy: 0.0013
Train - Iteration 100: 	Loss_clf1: 0.0629, Loss_clf2: 0.0630, Loss_discrepancy: 0.0013
Train - Iteration 150: 	Loss_clf1: 0.0677, Loss_clf2: 0.0680, Loss_discrepancy: 0.0013
Train - Iteration 200: 	Loss_clf1: 0.0680, Loss_clf2: 0.0682, Loss_discrepancy: 0.0012
Train - Iteration 250: 	Loss_clf1: 0.0683, Loss_clf2: 0.0688, Loss_discrepancy: 0.0012
Train - Iteration 300: 	Loss_clf1: 0.0751, Loss_clf2: 0.0758, Loss_discrepancy: 0.0016
Train - Iteration 350: 	Loss_clf1: 0.0729, Loss_clf2: 0.0728, Loss_discrepancy: 0.0013
Train - Iteration 400: 	Loss_clf1: 0.0722, Loss_clf2: 0.0726, Loss_discrepancy: 0.0013
Train - Iteration 450: 	Loss_clf1: 0.0819, Loss_clf2: 0.0818, Loss_discrepancy: 0.0013
Train - Epoch [50]: 		Loss_clf1: 0.0712, Loss_clf2: 0.0714, Loss_discrepancy: 0.0013
Test - Epoch [50]: Accuracy_clf1: 95.70%, Accuracy_clf2: 95.74%, Accuracy_ensemble: 95.72%
-----------------------------------------------------------------------------------------------

