nohup: ignoring input
/home/infres/olapabe-23/MNIST-SVHN-Transfer/src/solvers/CyCADASolver.py:453: RuntimeWarning: More than 20 figures have been opened. Figures created through the pyplot interface (`matplotlib.pyplot.figure`) are retained until explicitly closed and may consume too much memory. (To control this warning, see the rcParam `figure.max_open_warning`).
  fig, axes = plt.subplots(nrows=2, ncols=10, figsize=(15, 4))  # Set up the subplot grid
Using device cuda
Using downloaded and verified file: ./data/SVHN/raw/train/train_32x32.mat
Using downloaded and verified file: ./data/SVHN/raw/test/test_32x32.mat
Train Step A - Iteration 0: 	Loss: 0.0461
Train Step A - Iteration 50: 	Loss: 2.2477
Train Step A - Iteration 100: 	Loss: 2.2165
Train Step A - Iteration 150: 	Loss: 2.1559
Train Step A - Iteration 200: 	Loss: 1.9948
Train Step A - Iteration 250: 	Loss: 1.7380
Train Step A - Iteration 300: 	Loss: 1.5299
Train Step A - Iteration 350: 	Loss: 1.3442
Train Step A - Iteration 400: 	Loss: 1.2308
Train Step A - Iteration 450: 	Loss: 1.1298
Train Step A - Iteration 500: 	Loss: 1.0523
Train Step A - Iteration 550: 	Loss: 0.9916
Train Step A - Epoch [1]: 	Loss: 1.5788
Test Step A - Epoch [1]: 	Accuracy: 77.96%
-----------------------------------------------------------------------------------------------

Train Step A - Iteration 0: 	Loss: 0.0193
Train Step A - Iteration 50: 	Loss: 0.9306
Train Step A - Iteration 100: 	Loss: 0.8480
Train Step A - Iteration 150: 	Loss: 0.8423
Train Step A - Iteration 200: 	Loss: 0.8183
Train Step A - Iteration 250: 	Loss: 0.7714
Train Step A - Iteration 300: 	Loss: 0.7747
Train Step A - Iteration 350: 	Loss: 0.7306
Train Step A - Iteration 400: 	Loss: 0.7324
Train Step A - Iteration 450: 	Loss: 0.6884
Train Step A - Iteration 500: 	Loss: 0.7096
Train Step A - Iteration 550: 	Loss: 0.6748
Train Step A - Epoch [2]: 	Loss: 0.7732
Test Step A - Epoch [2]: 	Accuracy: 83.24%
-----------------------------------------------------------------------------------------------

Train Step A - Iteration 0: 	Loss: 0.0131
Train Step A - Iteration 50: 	Loss: 0.6628
Train Step A - Iteration 100: 	Loss: 0.6492
Train Step A - Iteration 150: 	Loss: 0.6181
Train Step A - Iteration 200: 	Loss: 0.6036
Train Step A - Iteration 250: 	Loss: 0.6258
Train Step A - Iteration 300: 	Loss: 0.6155
Train Step A - Iteration 350: 	Loss: 0.6406
Train Step A - Iteration 400: 	Loss: 0.6508
Train Step A - Iteration 450: 	Loss: 0.6104
Train Step A - Iteration 500: 	Loss: 0.5973
Train Step A - Iteration 550: 	Loss: 0.6234
Train Step A - Epoch [3]: 	Loss: 0.6248
Test Step A - Epoch [3]: 	Accuracy: 85.15%
-----------------------------------------------------------------------------------------------

Train Step A - Iteration 0: 	Loss: 0.0119
Train Step A - Iteration 50: 	Loss: 0.5646
Train Step A - Iteration 100: 	Loss: 0.5842
Train Step A - Iteration 150: 	Loss: 0.5900
Train Step A - Iteration 200: 	Loss: 0.5821
Train Step A - Iteration 250: 	Loss: 0.5525
Train Step A - Iteration 300: 	Loss: 0.5858
Train Step A - Iteration 350: 	Loss: 0.5386
Train Step A - Iteration 400: 	Loss: 0.5511
Train Step A - Iteration 450: 	Loss: 0.5420
Train Step A - Iteration 500: 	Loss: 0.5366
Train Step A - Iteration 550: 	Loss: 0.5145
Train Step A - Epoch [4]: 	Loss: 0.5573
Test Step A - Epoch [4]: 	Accuracy: 85.93%
-----------------------------------------------------------------------------------------------

Train Step A - Iteration 0: 	Loss: 0.0099
Train Step A - Iteration 50: 	Loss: 0.5351
Train Step A - Iteration 100: 	Loss: 0.5092
Train Step A - Iteration 150: 	Loss: 0.5270
Train Step A - Iteration 200: 	Loss: 0.5298
Train Step A - Iteration 250: 	Loss: 0.5148
Train Step A - Iteration 300: 	Loss: 0.5026
Train Step A - Iteration 350: 	Loss: 0.5140
Train Step A - Iteration 400: 	Loss: 0.5077
Train Step A - Iteration 450: 	Loss: 0.4847
Train Step A - Iteration 500: 	Loss: 0.5229
Train Step A - Iteration 550: 	Loss: 0.5137
Train Step A - Epoch [5]: 	Loss: 0.5138
Test Step A - Epoch [5]: 	Accuracy: 86.89%
-----------------------------------------------------------------------------------------------

Train Step A - Iteration 0: 	Loss: 0.0121
Train Step A - Iteration 50: 	Loss: 0.4832
Train Step A - Iteration 100: 	Loss: 0.4887
Train Step A - Iteration 150: 	Loss: 0.4917
Train Step A - Iteration 200: 	Loss: 0.4818
Train Step A - Iteration 250: 	Loss: 0.4832
Train Step A - Iteration 300: 	Loss: 0.4696
Train Step A - Iteration 350: 	Loss: 0.4715
Train Step A - Iteration 400: 	Loss: 0.4790
Train Step A - Iteration 450: 	Loss: 0.4860
Train Step A - Iteration 500: 	Loss: 0.4805
Train Step A - Iteration 550: 	Loss: 0.4678
Train Step A - Epoch [6]: 	Loss: 0.4799
Test Step A - Epoch [6]: 	Accuracy: 87.59%
-----------------------------------------------------------------------------------------------

Train Step A - Iteration 0: 	Loss: 0.0088
Train Step A - Iteration 50: 	Loss: 0.4620
Train Step A - Iteration 100: 	Loss: 0.4365
Train Step A - Iteration 150: 	Loss: 0.4626
Train Step A - Iteration 200: 	Loss: 0.4713
Train Step A - Iteration 250: 	Loss: 0.4406
Train Step A - Iteration 300: 	Loss: 0.4650
Train Step A - Iteration 350: 	Loss: 0.4425
Train Step A - Iteration 400: 	Loss: 0.4661
Train Step A - Iteration 450: 	Loss: 0.4453
Train Step A - Iteration 500: 	Loss: 0.4323
Train Step A - Iteration 550: 	Loss: 0.4707
Train Step A - Epoch [7]: 	Loss: 0.4525
Test Step A - Epoch [7]: 	Accuracy: 88.13%
-----------------------------------------------------------------------------------------------

Train Step A - Iteration 0: 	Loss: 0.0084
Train Step A - Iteration 50: 	Loss: 0.4282
Train Step A - Iteration 100: 	Loss: 0.4088
Train Step A - Iteration 150: 	Loss: 0.4319
Train Step A - Iteration 200: 	Loss: 0.4425
Train Step A - Iteration 250: 	Loss: 0.4315
Train Step A - Iteration 300: 	Loss: 0.4510
Train Step A - Iteration 350: 	Loss: 0.4304
Train Step A - Iteration 400: 	Loss: 0.4357
Train Step A - Iteration 450: 	Loss: 0.4038
Train Step A - Iteration 500: 	Loss: 0.4114
Train Step A - Iteration 550: 	Loss: 0.4337
Train Step A - Epoch [8]: 	Loss: 0.4273
Test Step A - Epoch [8]: 	Accuracy: 88.48%
-----------------------------------------------------------------------------------------------

Train Step A - Iteration 0: 	Loss: 0.0084
Train Step A - Iteration 50: 	Loss: 0.4180
Train Step A - Iteration 100: 	Loss: 0.4042
Train Step A - Iteration 150: 	Loss: 0.4064
Train Step A - Iteration 200: 	Loss: 0.4274
Train Step A - Iteration 250: 	Loss: 0.3949
Train Step A - Iteration 300: 	Loss: 0.4140
Train Step A - Iteration 350: 	Loss: 0.3955
Train Step A - Iteration 400: 	Loss: 0.4199
Train Step A - Iteration 450: 	Loss: 0.4084
Train Step A - Iteration 500: 	Loss: 0.4192
Train Step A - Iteration 550: 	Loss: 0.4099
Train Step A - Epoch [9]: 	Loss: 0.4099
Test Step A - Epoch [9]: 	Accuracy: 88.73%
-----------------------------------------------------------------------------------------------

Train Step A - Iteration 0: 	Loss: 0.0089
Train Step A - Iteration 50: 	Loss: 0.3825
Train Step A - Iteration 100: 	Loss: 0.3784
Train Step A - Iteration 150: 	Loss: 0.3992
Train Step A - Iteration 200: 	Loss: 0.3808
Train Step A - Iteration 250: 	Loss: 0.4192
Train Step A - Iteration 300: 	Loss: 0.3984
Train Step A - Iteration 350: 	Loss: 0.4008
Train Step A - Iteration 400: 	Loss: 0.4071
Train Step A - Iteration 450: 	Loss: 0.4025
Train Step A - Iteration 500: 	Loss: 0.3970
Train Step A - Iteration 550: 	Loss: 0.3871
Train Step A - Epoch [10]: 	Loss: 0.3951
Test Step A - Epoch [10]: 	Accuracy: 89.31%
-----------------------------------------------------------------------------------------------

Train Step A - Iteration 0: 	Loss: 0.0041
Train Step A - Iteration 50: 	Loss: 0.3779
Train Step A - Iteration 100: 	Loss: 0.3769
Train Step A - Iteration 150: 	Loss: 0.3845
Train Step A - Iteration 200: 	Loss: 0.3862
Train Step A - Iteration 250: 	Loss: 0.3951
Train Step A - Iteration 300: 	Loss: 0.3895
Train Step A - Iteration 350: 	Loss: 0.3899
Train Step A - Iteration 400: 	Loss: 0.3930
Train Step A - Iteration 450: 	Loss: 0.3793
Train Step A - Iteration 500: 	Loss: 0.3930
Train Step A - Iteration 550: 	Loss: 0.3529
Train Step A - Epoch [11]: 	Loss: 0.3825
Test Step A - Epoch [11]: 	Accuracy: 89.34%
-----------------------------------------------------------------------------------------------

Train Step A - Iteration 0: 	Loss: 0.0085
Train Step A - Iteration 50: 	Loss: 0.3719
Train Step A - Iteration 100: 	Loss: 0.3619
Train Step A - Iteration 150: 	Loss: 0.3669
Train Step A - Iteration 200: 	Loss: 0.3531
Train Step A - Iteration 250: 	Loss: 0.3790
Train Step A - Iteration 300: 	Loss: 0.3783
Train Step A - Iteration 350: 	Loss: 0.3710
Train Step A - Iteration 400: 	Loss: 0.3508
Train Step A - Iteration 450: 	Loss: 0.3669
Train Step A - Iteration 500: 	Loss: 0.3513
Train Step A - Iteration 550: 	Loss: 0.3559
Train Step A - Epoch [12]: 	Loss: 0.3648
Test Step A - Epoch [12]: 	Accuracy: 89.61%
-----------------------------------------------------------------------------------------------

Train Step A - Iteration 0: 	Loss: 0.0043
Train Step A - Iteration 50: 	Loss: 0.3692
Train Step A - Iteration 100: 	Loss: 0.3756
Train Step A - Iteration 150: 	Loss: 0.3326
Train Step A - Iteration 200: 	Loss: 0.3536
Train Step A - Iteration 250: 	Loss: 0.3569
Train Step A - Iteration 300: 	Loss: 0.3543
Train Step A - Iteration 350: 	Loss: 0.3727
Train Step A - Iteration 400: 	Loss: 0.3469
Train Step A - Iteration 450: 	Loss: 0.3641
Train Step A - Iteration 500: 	Loss: 0.3510
Train Step A - Iteration 550: 	Loss: 0.3281
Train Step A - Epoch [13]: 	Loss: 0.3556
Test Step A - Epoch [13]: 	Accuracy: 89.81%
-----------------------------------------------------------------------------------------------

Train Step A - Iteration 0: 	Loss: 0.0080
Train Step A - Iteration 50: 	Loss: 0.3293
Train Step A - Iteration 100: 	Loss: 0.3692
Train Step A - Iteration 150: 	Loss: 0.3362
Train Step A - Iteration 200: 	Loss: 0.3370
Train Step A - Iteration 250: 	Loss: 0.3301
Train Step A - Iteration 300: 	Loss: 0.3631
Train Step A - Iteration 350: 	Loss: 0.3392
Train Step A - Iteration 400: 	Loss: 0.3348
Train Step A - Iteration 450: 	Loss: 0.3387
Train Step A - Iteration 500: 	Loss: 0.3806
Train Step A - Iteration 550: 	Loss: 0.3516
Train Step A - Epoch [14]: 	Loss: 0.3472
Test Step A - Epoch [14]: 	Accuracy: 90.07%
-----------------------------------------------------------------------------------------------

Train Step A - Iteration 0: 	Loss: 0.0057
Train Step A - Iteration 50: 	Loss: 0.3331
Train Step A - Iteration 100: 	Loss: 0.3423
Train Step A - Iteration 150: 	Loss: 0.3335
Train Step A - Iteration 200: 	Loss: 0.3508
Train Step A - Iteration 250: 	Loss: 0.3400
Train Step A - Iteration 300: 	Loss: 0.3150
Train Step A - Iteration 350: 	Loss: 0.3415
Train Step A - Iteration 400: 	Loss: 0.3424
Train Step A - Iteration 450: 	Loss: 0.3443
Train Step A - Iteration 500: 	Loss: 0.3400
Train Step A - Iteration 550: 	Loss: 0.3236
Train Step A - Epoch [15]: 	Loss: 0.3378
Test Step A - Epoch [15]: 	Accuracy: 89.99%
-----------------------------------------------------------------------------------------------

Train Step A - Iteration 0: 	Loss: 0.0058
Train Step A - Iteration 50: 	Loss: 0.3160
Train Step A - Iteration 100: 	Loss: 0.3260
Train Step A - Iteration 150: 	Loss: 0.3375
Train Step A - Iteration 200: 	Loss: 0.3439
Train Step A - Iteration 250: 	Loss: 0.3402
Train Step A - Iteration 300: 	Loss: 0.3167
Train Step A - Iteration 350: 	Loss: 0.3339
Train Step A - Iteration 400: 	Loss: 0.3170
Train Step A - Iteration 450: 	Loss: 0.3216
Train Step A - Iteration 500: 	Loss: 0.3420
Train Step A - Iteration 550: 	Loss: 0.3451
Train Step A - Epoch [16]: 	Loss: 0.3301
Test Step A - Epoch [16]: 	Accuracy: 90.32%
-----------------------------------------------------------------------------------------------

Train Step A - Iteration 0: 	Loss: 0.0070
Train Step A - Iteration 50: 	Loss: 0.3112
Train Step A - Iteration 100: 	Loss: 0.3126
Train Step A - Iteration 150: 	Loss: 0.3227
Train Step A - Iteration 200: 	Loss: 0.3382
Train Step A - Iteration 250: 	Loss: 0.3231
Train Step A - Iteration 300: 	Loss: 0.3055
Train Step A - Iteration 350: 	Loss: 0.3151
Train Step A - Iteration 400: 	Loss: 0.3154
Train Step A - Iteration 450: 	Loss: 0.3329
Train Step A - Iteration 500: 	Loss: 0.3176
Train Step A - Iteration 550: 	Loss: 0.3313
Train Step A - Epoch [17]: 	Loss: 0.3205
Test Step A - Epoch [17]: 	Accuracy: 90.45%
-----------------------------------------------------------------------------------------------

Train Step A - Iteration 0: 	Loss: 0.0048
Train Step A - Iteration 50: 	Loss: 0.2988
Train Step A - Iteration 100: 	Loss: 0.3082
Train Step A - Iteration 150: 	Loss: 0.3083
Train Step A - Iteration 200: 	Loss: 0.2980
Train Step A - Iteration 250: 	Loss: 0.3314
Train Step A - Iteration 300: 	Loss: 0.3141
Train Step A - Iteration 350: 	Loss: 0.3074
Train Step A - Iteration 400: 	Loss: 0.3151
Train Step A - Iteration 450: 	Loss: 0.3112
Train Step A - Iteration 500: 	Loss: 0.3197
Train Step A - Iteration 550: 	Loss: 0.3147
Train Step A - Epoch [18]: 	Loss: 0.3114
Test Step A - Epoch [18]: 	Accuracy: 90.77%
-----------------------------------------------------------------------------------------------

Train Step A - Iteration 0: 	Loss: 0.0068
Train Step A - Iteration 50: 	Loss: 0.2974
Train Step A - Iteration 100: 	Loss: 0.2984
Train Step A - Iteration 150: 	Loss: 0.2962
Train Step A - Iteration 200: 	Loss: 0.3146
Train Step A - Iteration 250: 	Loss: 0.3116
Train Step A - Iteration 300: 	Loss: 0.3049
Train Step A - Iteration 350: 	Loss: 0.2857
Train Step A - Iteration 400: 	Loss: 0.3171
Train Step A - Iteration 450: 	Loss: 0.2814
Train Step A - Iteration 500: 	Loss: 0.3093
Train Step A - Iteration 550: 	Loss: 0.3171
Train Step A - Epoch [19]: 	Loss: 0.3040
Test Step A - Epoch [19]: 	Accuracy: 91.03%
-----------------------------------------------------------------------------------------------

Train Step A - Iteration 0: 	Loss: 0.0068
Train Step A - Iteration 50: 	Loss: 0.2891
Train Step A - Iteration 100: 	Loss: 0.3184
Train Step A - Iteration 150: 	Loss: 0.2952
Train Step A - Iteration 200: 	Loss: 0.3011
Train Step A - Iteration 250: 	Loss: 0.2886
Train Step A - Iteration 300: 	Loss: 0.3206
Train Step A - Iteration 350: 	Loss: 0.3039
Train Step A - Iteration 400: 	Loss: 0.2939
Train Step A - Iteration 450: 	Loss: 0.2946
Train Step A - Iteration 500: 	Loss: 0.3085
Train Step A - Iteration 550: 	Loss: 0.2882
Train Step A - Epoch [20]: 	Loss: 0.3007
Test Step A - Epoch [20]: 	Accuracy: 91.12%
-----------------------------------------------------------------------------------------------

Train Step A - Iteration 0: 	Loss: 0.0050
Train Step A - Iteration 50: 	Loss: 0.2888
Train Step A - Iteration 100: 	Loss: 0.2880
Train Step A - Iteration 150: 	Loss: 0.2938
Train Step A - Iteration 200: 	Loss: 0.2907
Train Step A - Iteration 250: 	Loss: 0.2904
Train Step A - Iteration 300: 	Loss: 0.2984
Train Step A - Iteration 350: 	Loss: 0.2926
Train Step A - Iteration 400: 	Loss: 0.2863
Train Step A - Iteration 450: 	Loss: 0.3251
Train Step A - Iteration 500: 	Loss: 0.2818
Train Step A - Iteration 550: 	Loss: 0.2896
Train Step A - Epoch [21]: 	Loss: 0.2935
Test Step A - Epoch [21]: 	Accuracy: 91.22%
-----------------------------------------------------------------------------------------------

Train Step A - Iteration 0: 	Loss: 0.0033
Train Step A - Iteration 50: 	Loss: 0.2759
Train Step A - Iteration 100: 	Loss: 0.2764
Train Step A - Iteration 150: 	Loss: 0.2917
Train Step A - Iteration 200: 	Loss: 0.2777
Train Step A - Iteration 250: 	Loss: 0.2852
Train Step A - Iteration 300: 	Loss: 0.2929
Train Step A - Iteration 350: 	Loss: 0.2726
Train Step A - Iteration 400: 	Loss: 0.2731
Train Step A - Iteration 450: 	Loss: 0.2929
Train Step A - Iteration 500: 	Loss: 0.3016
Train Step A - Iteration 550: 	Loss: 0.2980
Train Step A - Epoch [22]: 	Loss: 0.2850
Test Step A - Epoch [22]: 	Accuracy: 91.36%
-----------------------------------------------------------------------------------------------

Train Step A - Iteration 0: 	Loss: 0.0060
Train Step A - Iteration 50: 	Loss: 0.2818
Train Step A - Iteration 100: 	Loss: 0.2712
Train Step A - Iteration 150: 	Loss: 0.2788
Train Step A - Iteration 200: 	Loss: 0.3003
Train Step A - Iteration 250: 	Loss: 0.2812
Train Step A - Iteration 300: 	Loss: 0.2765
Train Step A - Iteration 350: 	Loss: 0.2863
Train Step A - Iteration 400: 	Loss: 0.2726
Train Step A - Iteration 450: 	Loss: 0.2660
Train Step A - Iteration 500: 	Loss: 0.2665
Train Step A - Iteration 550: 	Loss: 0.2803
Train Step A - Epoch [23]: 	Loss: 0.2782
Test Step A - Epoch [23]: 	Accuracy: 91.66%
-----------------------------------------------------------------------------------------------

Train Step A - Iteration 0: 	Loss: 0.0061
Train Step A - Iteration 50: 	Loss: 0.2692
Train Step A - Iteration 100: 	Loss: 0.2822
Train Step A - Iteration 150: 	Loss: 0.2780
Train Step A - Iteration 200: 	Loss: 0.2733
Train Step A - Iteration 250: 	Loss: 0.2588
Train Step A - Iteration 300: 	Loss: 0.2738
Train Step A - Iteration 350: 	Loss: 0.2723
Train Step A - Iteration 400: 	Loss: 0.2712
Train Step A - Iteration 450: 	Loss: 0.2672
Train Step A - Iteration 500: 	Loss: 0.2822
Train Step A - Iteration 550: 	Loss: 0.2774
Train Step A - Epoch [24]: 	Loss: 0.2731
Test Step A - Epoch [24]: 	Accuracy: 91.61%
-----------------------------------------------------------------------------------------------

Train Step A - Iteration 0: 	Loss: 0.0089
Train Step A - Iteration 50: 	Loss: 0.2642
Train Step A - Iteration 100: 	Loss: 0.2682
Train Step A - Iteration 150: 	Loss: 0.2829
Train Step A - Iteration 200: 	Loss: 0.2640
Train Step A - Iteration 250: 	Loss: 0.2443
Train Step A - Iteration 300: 	Loss: 0.2783
Train Step A - Iteration 350: 	Loss: 0.2568
Train Step A - Iteration 400: 	Loss: 0.2580
Train Step A - Iteration 450: 	Loss: 0.2867
Train Step A - Iteration 500: 	Loss: 0.2798
Train Step A - Iteration 550: 	Loss: 0.2774
Train Step A - Epoch [25]: 	Loss: 0.2688
Test Step A - Epoch [25]: 	Accuracy: 91.80%
-----------------------------------------------------------------------------------------------

Train Step A - Iteration 0: 	Loss: 0.0038
Train Step A - Iteration 50: 	Loss: 0.2750
Train Step A - Iteration 100: 	Loss: 0.2576
Train Step A - Iteration 150: 	Loss: 0.2589
Train Step A - Iteration 200: 	Loss: 0.2592
Train Step A - Iteration 250: 	Loss: 0.2802
Train Step A - Iteration 300: 	Loss: 0.2644
Train Step A - Iteration 350: 	Loss: 0.2631
Train Step A - Iteration 400: 	Loss: 0.2569
Train Step A - Iteration 450: 	Loss: 0.2489
Train Step A - Iteration 500: 	Loss: 0.2625
Train Step A - Iteration 550: 	Loss: 0.2512
Train Step A - Epoch [26]: 	Loss: 0.2614
Test Step A - Epoch [26]: 	Accuracy: 91.78%
-----------------------------------------------------------------------------------------------

Train Step A - Iteration 0: 	Loss: 0.0057
Train Step A - Iteration 50: 	Loss: 0.2505
Train Step A - Iteration 100: 	Loss: 0.2493
Train Step A - Iteration 150: 	Loss: 0.2621
Train Step A - Iteration 200: 	Loss: 0.2670
Train Step A - Iteration 250: 	Loss: 0.2638
Train Step A - Iteration 300: 	Loss: 0.2628
Train Step A - Iteration 350: 	Loss: 0.2441
Train Step A - Iteration 400: 	Loss: 0.2619
Train Step A - Iteration 450: 	Loss: 0.2662
Train Step A - Iteration 500: 	Loss: 0.2676
Train Step A - Iteration 550: 	Loss: 0.2476
Train Step A - Epoch [27]: 	Loss: 0.2591
Test Step A - Epoch [27]: 	Accuracy: 91.79%
-----------------------------------------------------------------------------------------------

Train Step A - Iteration 0: 	Loss: 0.0049
Train Step A - Iteration 50: 	Loss: 0.2388
Train Step A - Iteration 100: 	Loss: 0.2682
Train Step A - Iteration 150: 	Loss: 0.2392
Train Step A - Iteration 200: 	Loss: 0.2485
Train Step A - Iteration 250: 	Loss: 0.2444
Train Step A - Iteration 300: 	Loss: 0.2699
Train Step A - Iteration 350: 	Loss: 0.2527
Train Step A - Iteration 400: 	Loss: 0.2457
Train Step A - Iteration 450: 	Loss: 0.2527
Train Step A - Iteration 500: 	Loss: 0.2818
Train Step A - Iteration 550: 	Loss: 0.2582
Train Step A - Epoch [28]: 	Loss: 0.2545
Test Step A - Epoch [28]: 	Accuracy: 91.86%
-----------------------------------------------------------------------------------------------

Train Step A - Iteration 0: 	Loss: 0.0042
Train Step A - Iteration 50: 	Loss: 0.2467
Train Step A - Iteration 100: 	Loss: 0.2285
Train Step A - Iteration 150: 	Loss: 0.2516
Train Step A - Iteration 200: 	Loss: 0.2514
Train Step A - Iteration 250: 	Loss: 0.2447
Train Step A - Iteration 300: 	Loss: 0.2519
Train Step A - Iteration 350: 	Loss: 0.2631
Train Step A - Iteration 400: 	Loss: 0.2634
Train Step A - Iteration 450: 	Loss: 0.2422
Train Step A - Iteration 500: 	Loss: 0.2348
Train Step A - Iteration 550: 	Loss: 0.2480
Train Step A - Epoch [29]: 	Loss: 0.2468
Test Step A - Epoch [29]: 	Accuracy: 92.01%
-----------------------------------------------------------------------------------------------

Train Step A - Iteration 0: 	Loss: 0.0074
Train Step A - Iteration 50: 	Loss: 0.2430
Train Step A - Iteration 100: 	Loss: 0.2454
Train Step A - Iteration 150: 	Loss: 0.2289
Train Step A - Iteration 200: 	Loss: 0.2362
Train Step A - Iteration 250: 	Loss: 0.2466
Train Step A - Iteration 300: 	Loss: 0.2489
Train Step A - Iteration 350: 	Loss: 0.2552
Train Step A - Iteration 400: 	Loss: 0.2500
Train Step A - Iteration 450: 	Loss: 0.2345
Train Step A - Iteration 500: 	Loss: 0.2439
Train Step A - Iteration 550: 	Loss: 0.2352
Train Step A - Epoch [30]: 	Loss: 0.2433
Test Step A - Epoch [30]: 	Accuracy: 92.08%
-----------------------------------------------------------------------------------------------

Train Step A - Iteration 0: 	Loss: 0.0051
Train Step A - Iteration 50: 	Loss: 0.2582
Train Step A - Iteration 100: 	Loss: 0.2276
Train Step A - Iteration 150: 	Loss: 0.2332
Train Step A - Iteration 200: 	Loss: 0.2398
Train Step A - Iteration 250: 	Loss: 0.2239
Train Step A - Iteration 300: 	Loss: 0.2302
Train Step A - Iteration 350: 	Loss: 0.2393
Train Step A - Iteration 400: 	Loss: 0.2337
Train Step A - Iteration 450: 	Loss: 0.2367
Train Step A - Iteration 500: 	Loss: 0.2532
Train Step A - Iteration 550: 	Loss: 0.2399
Train Step A - Epoch [31]: 	Loss: 0.2379
Test Step A - Epoch [31]: 	Accuracy: 92.22%
-----------------------------------------------------------------------------------------------

Train Step A - Iteration 0: 	Loss: 0.0030
Train Step A - Iteration 50: 	Loss: 0.2237
Train Step A - Iteration 100: 	Loss: 0.2325
Train Step A - Iteration 150: 	Loss: 0.2394
Train Step A - Iteration 200: 	Loss: 0.2225
Train Step A - Iteration 250: 	Loss: 0.2314
Train Step A - Iteration 300: 	Loss: 0.2394
Train Step A - Iteration 350: 	Loss: 0.2494
Train Step A - Iteration 400: 	Loss: 0.2416
Train Step A - Iteration 450: 	Loss: 0.2499
Train Step A - Iteration 500: 	Loss: 0.2149
Train Step A - Iteration 550: 	Loss: 0.2345
Train Step A - Epoch [32]: 	Loss: 0.2347
Test Step A - Epoch [32]: 	Accuracy: 92.22%
-----------------------------------------------------------------------------------------------

Train Step A - Iteration 0: 	Loss: 0.0048
Train Step A - Iteration 50: 	Loss: 0.2454
Train Step A - Iteration 100: 	Loss: 0.2010
Train Step A - Iteration 150: 	Loss: 0.2319
Train Step A - Iteration 200: 	Loss: 0.2237
Train Step A - Iteration 250: 	Loss: 0.2361
Train Step A - Iteration 300: 	Loss: 0.2431
Train Step A - Iteration 350: 	Loss: 0.2337
Train Step A - Iteration 400: 	Loss: 0.2400
Train Step A - Iteration 450: 	Loss: 0.2369
Train Step A - Iteration 500: 	Loss: 0.2208
Train Step A - Iteration 550: 	Loss: 0.2312
Train Step A - Epoch [33]: 	Loss: 0.2327
Test Step A - Epoch [33]: 	Accuracy: 92.16%
-----------------------------------------------------------------------------------------------

Train Step A - Iteration 0: 	Loss: 0.0041
Train Step A - Iteration 50: 	Loss: 0.2096
Train Step A - Iteration 100: 	Loss: 0.2159
Train Step A - Iteration 150: 	Loss: 0.2201
Train Step A - Iteration 200: 	Loss: 0.2077
Train Step A - Iteration 250: 	Loss: 0.2261
Train Step A - Iteration 300: 	Loss: 0.2398
Train Step A - Iteration 350: 	Loss: 0.2310
Train Step A - Iteration 400: 	Loss: 0.2206
Train Step A - Iteration 450: 	Loss: 0.2322
Train Step A - Iteration 500: 	Loss: 0.2414
Train Step A - Iteration 550: 	Loss: 0.2296
Train Step A - Epoch [34]: 	Loss: 0.2253
Test Step A - Epoch [34]: 	Accuracy: 92.32%
-----------------------------------------------------------------------------------------------

Train Step A - Iteration 0: 	Loss: 0.0031
Train Step A - Iteration 50: 	Loss: 0.2214
Train Step A - Iteration 100: 	Loss: 0.2374
Train Step A - Iteration 150: 	Loss: 0.2140
Train Step A - Iteration 200: 	Loss: 0.2207
Train Step A - Iteration 250: 	Loss: 0.2268
Train Step A - Iteration 300: 	Loss: 0.2229
Train Step A - Iteration 350: 	Loss: 0.2113
Train Step A - Iteration 400: 	Loss: 0.2295
Train Step A - Iteration 450: 	Loss: 0.2210
Train Step A - Iteration 500: 	Loss: 0.2140
Train Step A - Iteration 550: 	Loss: 0.2407
Train Step A - Epoch [35]: 	Loss: 0.2232
Test Step A - Epoch [35]: 	Accuracy: 92.25%
-----------------------------------------------------------------------------------------------

Train Step A - Iteration 0: 	Loss: 0.0033
Train Step A - Iteration 50: 	Loss: 0.2171
Train Step A - Iteration 100: 	Loss: 0.2227
Train Step A - Iteration 150: 	Loss: 0.2222
Train Step A - Iteration 200: 	Loss: 0.2201
Train Step A - Iteration 250: 	Loss: 0.2275
Train Step A - Iteration 300: 	Loss: 0.2075
Train Step A - Iteration 350: 	Loss: 0.2091
Train Step A - Iteration 400: 	Loss: 0.2075
Train Step A - Iteration 450: 	Loss: 0.2107
Train Step A - Iteration 500: 	Loss: 0.2206
Train Step A - Iteration 550: 	Loss: 0.2271
Train Step A - Epoch [36]: 	Loss: 0.2182
Test Step A - Epoch [36]: 	Accuracy: 92.34%
-----------------------------------------------------------------------------------------------

Train Step A - Iteration 0: 	Loss: 0.0048
Train Step A - Iteration 50: 	Loss: 0.2033
Train Step A - Iteration 100: 	Loss: 0.2123
Train Step A - Iteration 150: 	Loss: 0.2074
Train Step A - Iteration 200: 	Loss: 0.2172
Train Step A - Iteration 250: 	Loss: 0.2227
Train Step A - Iteration 300: 	Loss: 0.2100
Train Step A - Iteration 350: 	Loss: 0.2126
Train Step A - Iteration 400: 	Loss: 0.2080
Train Step A - Iteration 450: 	Loss: 0.2167
Train Step A - Iteration 500: 	Loss: 0.2210
Train Step A - Iteration 550: 	Loss: 0.2099
Train Step A - Epoch [37]: 	Loss: 0.2133
Test Step A - Epoch [37]: 	Accuracy: 92.45%
-----------------------------------------------------------------------------------------------

Train Step A - Iteration 0: 	Loss: 0.0044
Train Step A - Iteration 50: 	Loss: 0.1954
Train Step A - Iteration 100: 	Loss: 0.2047
Train Step A - Iteration 150: 	Loss: 0.1944
Train Step A - Iteration 200: 	Loss: 0.2017
Train Step A - Iteration 250: 	Loss: 0.2174
Train Step A - Iteration 300: 	Loss: 0.2146
Train Step A - Iteration 350: 	Loss: 0.2208
Train Step A - Iteration 400: 	Loss: 0.2220
Train Step A - Iteration 450: 	Loss: 0.2248
Train Step A - Iteration 500: 	Loss: 0.2197
Train Step A - Iteration 550: 	Loss: 0.2122
Train Step A - Epoch [38]: 	Loss: 0.2115
Test Step A - Epoch [38]: 	Accuracy: 92.37%
-----------------------------------------------------------------------------------------------

Train Step A - Iteration 0: 	Loss: 0.0057
Train Step A - Iteration 50: 	Loss: 0.1931
Train Step A - Iteration 100: 	Loss: 0.2050
Train Step A - Iteration 150: 	Loss: 0.1975
Train Step A - Iteration 200: 	Loss: 0.2056
Train Step A - Iteration 250: 	Loss: 0.2129
Train Step A - Iteration 300: 	Loss: 0.2005
Train Step A - Iteration 350: 	Loss: 0.2088
Train Step A - Iteration 400: 	Loss: 0.2100
Train Step A - Iteration 450: 	Loss: 0.2086
Train Step A - Iteration 500: 	Loss: 0.2016
Train Step A - Iteration 550: 	Loss: 0.2040
Train Step A - Epoch [39]: 	Loss: 0.2048
Test Step A - Epoch [39]: 	Accuracy: 92.34%
-----------------------------------------------------------------------------------------------

Train Step A - Iteration 0: 	Loss: 0.0048
Train Step A - Iteration 50: 	Loss: 0.1980
Train Step A - Iteration 100: 	Loss: 0.1888
Train Step A - Iteration 150: 	Loss: 0.2161
Train Step A - Iteration 200: 	Loss: 0.1992
Train Step A - Iteration 250: 	Loss: 0.2145
Train Step A - Iteration 300: 	Loss: 0.2046
Train Step A - Iteration 350: 	Loss: 0.2073
Train Step A - Iteration 400: 	Loss: 0.2099
Train Step A - Iteration 450: 	Loss: 0.2130
Train Step A - Iteration 500: 	Loss: 0.2137
Train Step A - Iteration 550: 	Loss: 0.1984
Train Step A - Epoch [40]: 	Loss: 0.2058
Test Step A - Epoch [40]: 	Accuracy: 92.58%
-----------------------------------------------------------------------------------------------

Train Step A - Iteration 0: 	Loss: 0.0043
Train Step A - Iteration 50: 	Loss: 0.2003
Train Step A - Iteration 100: 	Loss: 0.2157
Train Step A - Iteration 150: 	Loss: 0.1944
Train Step A - Iteration 200: 	Loss: 0.1955
Train Step A - Iteration 250: 	Loss: 0.2009
Train Step A - Iteration 300: 	Loss: 0.1911
Train Step A - Iteration 350: 	Loss: 0.1958
Train Step A - Iteration 400: 	Loss: 0.2028
Train Step A - Iteration 450: 	Loss: 0.1947
Train Step A - Iteration 500: 	Loss: 0.2068
Train Step A - Iteration 550: 	Loss: 0.2082
Train Step A - Epoch [41]: 	Loss: 0.2010
Test Step A - Epoch [41]: 	Accuracy: 92.60%
-----------------------------------------------------------------------------------------------

Train Step A - Iteration 0: 	Loss: 0.0044
Train Step A - Iteration 50: 	Loss: 0.1911
Train Step A - Iteration 100: 	Loss: 0.2031
Train Step A - Iteration 150: 	Loss: 0.1917
Train Step A - Iteration 200: 	Loss: 0.1975
Train Step A - Iteration 250: 	Loss: 0.1940
Train Step A - Iteration 300: 	Loss: 0.1880
Train Step A - Iteration 350: 	Loss: 0.2035
Train Step A - Iteration 400: 	Loss: 0.2058
Train Step A - Iteration 450: 	Loss: 0.2044
Train Step A - Iteration 500: 	Loss: 0.1984
Train Step A - Iteration 550: 	Loss: 0.1935
Train Step A - Epoch [42]: 	Loss: 0.1969
Test Step A - Epoch [42]: 	Accuracy: 92.62%
-----------------------------------------------------------------------------------------------

Train Step A - Iteration 0: 	Loss: 0.0047
Train Step A - Iteration 50: 	Loss: 0.1960
Train Step A - Iteration 100: 	Loss: 0.1871
Train Step A - Iteration 150: 	Loss: 0.1937
Train Step A - Iteration 200: 	Loss: 0.1955
Train Step A - Iteration 250: 	Loss: 0.1957
Train Step A - Iteration 300: 	Loss: 0.1874
Train Step A - Iteration 350: 	Loss: 0.1895
Train Step A - Iteration 400: 	Loss: 0.2015
Train Step A - Iteration 450: 	Loss: 0.1954
Train Step A - Iteration 500: 	Loss: 0.1998
Train Step A - Iteration 550: 	Loss: 0.2055
Train Step A - Epoch [43]: 	Loss: 0.1947
Test Step A - Epoch [43]: 	Accuracy: 92.61%
-----------------------------------------------------------------------------------------------

Train Step A - Iteration 0: 	Loss: 0.0029
Train Step A - Iteration 50: 	Loss: 0.1848
Train Step A - Iteration 100: 	Loss: 0.1852
Train Step A - Iteration 150: 	Loss: 0.2047
Train Step A - Iteration 200: 	Loss: 0.1871
Train Step A - Iteration 250: 	Loss: 0.1789
Train Step A - Iteration 300: 	Loss: 0.2005
Train Step A - Iteration 350: 	Loss: 0.1952
Train Step A - Iteration 400: 	Loss: 0.1882
Train Step A - Iteration 450: 	Loss: 0.1926
Train Step A - Iteration 500: 	Loss: 0.2036
Train Step A - Iteration 550: 	Loss: 0.1868
Train Step A - Epoch [44]: 	Loss: 0.1914
Test Step A - Epoch [44]: 	Accuracy: 92.59%
-----------------------------------------------------------------------------------------------

Train Step A - Iteration 0: 	Loss: 0.0026
Train Step A - Iteration 50: 	Loss: 0.1840
Train Step A - Iteration 100: 	Loss: 0.1888
Train Step A - Iteration 150: 	Loss: 0.2008
Train Step A - Iteration 200: 	Loss: 0.1928
Train Step A - Iteration 250: 	Loss: 0.1739
Train Step A - Iteration 300: 	Loss: 0.1885
Train Step A - Iteration 350: 	Loss: 0.1882
Train Step A - Iteration 400: 	Loss: 0.1889
Train Step A - Iteration 450: 	Loss: 0.1906
Train Step A - Iteration 500: 	Loss: 0.1978
Train Step A - Iteration 550: 	Loss: 0.1878
Train Step A - Epoch [45]: 	Loss: 0.1890
Test Step A - Epoch [45]: 	Accuracy: 92.79%
-----------------------------------------------------------------------------------------------

Train Step A - Iteration 0: 	Loss: 0.0041
Train Step A - Iteration 50: 	Loss: 0.1781
Train Step A - Iteration 100: 	Loss: 0.2017
Train Step A - Iteration 150: 	Loss: 0.1827
Train Step A - Iteration 200: 	Loss: 0.2067
Train Step A - Iteration 250: 	Loss: 0.1949
Train Step A - Iteration 300: 	Loss: 0.1906
Train Step A - Iteration 350: 	Loss: 0.1817
Train Step A - Iteration 400: 	Loss: 0.1895
Train Step A - Iteration 450: 	Loss: 0.2044
Train Step A - Iteration 500: 	Loss: 0.1677
Train Step A - Iteration 550: 	Loss: 0.1756
Train Step A - Epoch [46]: 	Loss: 0.1881
Test Step A - Epoch [46]: 	Accuracy: 92.76%
-----------------------------------------------------------------------------------------------

Train Step A - Iteration 0: 	Loss: 0.0026
Train Step A - Iteration 50: 	Loss: 0.1742
Train Step A - Iteration 100: 	Loss: 0.1656
Train Step A - Iteration 150: 	Loss: 0.1812
Train Step A - Iteration 200: 	Loss: 0.1783
Train Step A - Iteration 250: 	Loss: 0.1897
Train Step A - Iteration 300: 	Loss: 0.2002
Train Step A - Iteration 350: 	Loss: 0.1755
Train Step A - Iteration 400: 	Loss: 0.2020
Train Step A - Iteration 450: 	Loss: 0.1693
Train Step A - Iteration 500: 	Loss: 0.1839
Train Step A - Iteration 550: 	Loss: 0.1873
Train Step A - Epoch [47]: 	Loss: 0.1824
Test Step A - Epoch [47]: 	Accuracy: 92.75%
-----------------------------------------------------------------------------------------------

Train Step A - Iteration 0: 	Loss: 0.0036
Train Step A - Iteration 50: 	Loss: 0.1768
Train Step A - Iteration 100: 	Loss: 0.1662
Train Step A - Iteration 150: 	Loss: 0.1730
Train Step A - Iteration 200: 	Loss: 0.1665
Train Step A - Iteration 250: 	Loss: 0.1688
Train Step A - Iteration 300: 	Loss: 0.1923
Train Step A - Iteration 350: 	Loss: 0.1906
Train Step A - Iteration 400: 	Loss: 0.1694
Train Step A - Iteration 450: 	Loss: 0.1746
Train Step A - Iteration 500: 	Loss: 0.1950
Train Step A - Iteration 550: 	Loss: 0.1883
Train Step A - Epoch [48]: 	Loss: 0.1785
Test Step A - Epoch [48]: 	Accuracy: 92.76%
-----------------------------------------------------------------------------------------------

Train Step A - Iteration 0: 	Loss: 0.0037
Train Step A - Iteration 50: 	Loss: 0.1702
Train Step A - Iteration 100: 	Loss: 0.1685
Train Step A - Iteration 150: 	Loss: 0.1662
Train Step A - Iteration 200: 	Loss: 0.1929
Train Step A - Iteration 250: 	Loss: 0.1782
Train Step A - Iteration 300: 	Loss: 0.1877
Train Step A - Iteration 350: 	Loss: 0.1823
Train Step A - Iteration 400: 	Loss: 0.1890
Train Step A - Iteration 450: 	Loss: 0.1699
Train Step A - Iteration 500: 	Loss: 0.1699
Train Step A - Iteration 550: 	Loss: 0.1880
Train Step A - Epoch [49]: 	Loss: 0.1789
Test Step A - Epoch [49]: 	Accuracy: 92.90%
-----------------------------------------------------------------------------------------------

Train Step A - Iteration 0: 	Loss: 0.0041
Train Step A - Iteration 50: 	Loss: 0.1735
Train Step A - Iteration 100: 	Loss: 0.1778
Train Step A - Iteration 150: 	Loss: 0.1821
Train Step A - Iteration 200: 	Loss: 0.1694
Train Step A - Iteration 250: 	Loss: 0.1646
Train Step A - Iteration 300: 	Loss: 0.1752
Train Step A - Iteration 350: 	Loss: 0.1796
Train Step A - Iteration 400: 	Loss: 0.1726
Train Step A - Iteration 450: 	Loss: 0.1733
Train Step A - Iteration 500: 	Loss: 0.1767
Train Step A - Iteration 550: 	Loss: 0.1871
Train Step A - Epoch [50]: 	Loss: 0.1765
Test Step A - Epoch [50]: 	Accuracy: 92.82%
-----------------------------------------------------------------------------------------------

Train Step A - Iteration 0: 	Loss: 0.0016
Train Step A - Iteration 50: 	Loss: 0.1577
Train Step A - Iteration 100: 	Loss: 0.1684
Train Step A - Iteration 150: 	Loss: 0.1820
Train Step A - Iteration 200: 	Loss: 0.1781
Train Step A - Iteration 250: 	Loss: 0.1570
Train Step A - Iteration 300: 	Loss: 0.1802
Train Step A - Iteration 350: 	Loss: 0.1758
Train Step A - Iteration 400: 	Loss: 0.1613
Train Step A - Iteration 450: 	Loss: 0.1823
Train Step A - Iteration 500: 	Loss: 0.1753
Train Step A - Iteration 550: 	Loss: 0.1749
Train Step A - Epoch [51]: 	Loss: 0.1719
Test Step A - Epoch [51]: 	Accuracy: 92.76%
-----------------------------------------------------------------------------------------------

Train Step A - Iteration 0: 	Loss: 0.0025
Train Step A - Iteration 50: 	Loss: 0.1618
Train Step A - Iteration 100: 	Loss: 0.1809
Train Step A - Iteration 150: 	Loss: 0.1601
Train Step A - Iteration 200: 	Loss: 0.1770
Train Step A - Iteration 250: 	Loss: 0.1765
Train Step A - Iteration 300: 	Loss: 0.1677
Train Step A - Iteration 350: 	Loss: 0.1767
Train Step A - Iteration 400: 	Loss: 0.1624
Train Step A - Iteration 450: 	Loss: 0.1842
Train Step A - Iteration 500: 	Loss: 0.1670
Train Step A - Iteration 550: 	Loss: 0.1690
Train Step A - Epoch [52]: 	Loss: 0.1707
Test Step A - Epoch [52]: 	Accuracy: 92.90%
-----------------------------------------------------------------------------------------------

Train Step A - Iteration 0: 	Loss: 0.0048
Train Step A - Iteration 50: 	Loss: 0.1744
Train Step A - Iteration 100: 	Loss: 0.1586
Train Step A - Iteration 150: 	Loss: 0.1672
Train Step A - Iteration 200: 	Loss: 0.1816
Train Step A - Iteration 250: 	Loss: 0.1678
Train Step A - Iteration 300: 	Loss: 0.1459
Train Step A - Iteration 350: 	Loss: 0.1703
Train Step A - Iteration 400: 	Loss: 0.1597
Train Step A - Iteration 450: 	Loss: 0.1629
Train Step A - Iteration 500: 	Loss: 0.1863
Train Step A - Iteration 550: 	Loss: 0.1722
Train Step A - Epoch [53]: 	Loss: 0.1687
Test Step A - Epoch [53]: 	Accuracy: 92.84%
-----------------------------------------------------------------------------------------------

Train Step A - Iteration 0: 	Loss: 0.0022
Train Step A - Iteration 50: 	Loss: 0.1641
Train Step A - Iteration 100: 	Loss: 0.1559
Train Step A - Iteration 150: 	Loss: 0.1729
Train Step A - Iteration 200: 	Loss: 0.1549
Train Step A - Iteration 250: 	Loss: 0.1673
Train Step A - Iteration 300: 	Loss: 0.1773
Train Step A - Iteration 350: 	Loss: 0.1561
Train Step A - Iteration 400: 	Loss: 0.1835
Train Step A - Iteration 450: 	Loss: 0.1729
Train Step A - Iteration 500: 	Loss: 0.1492
Train Step A - Iteration 550: 	Loss: 0.1679
Train Step A - Epoch [54]: 	Loss: 0.1658
Test Step A - Epoch [54]: 	Accuracy: 92.66%
-----------------------------------------------------------------------------------------------

Train Step A - Iteration 0: 	Loss: 0.0037
Train Step A - Iteration 50: 	Loss: 0.1567
Train Step A - Iteration 100: 	Loss: 0.1781
Train Step A - Iteration 150: 	Loss: 0.1498
Train Step A - Iteration 200: 	Loss: 0.1628
Train Step A - Iteration 250: 	Loss: 0.1571
Train Step A - Iteration 300: 	Loss: 0.1524
Train Step A - Iteration 350: 	Loss: 0.1607
Train Step A - Iteration 400: 	Loss: 0.1606
Train Step A - Iteration 450: 	Loss: 0.1685
Train Step A - Iteration 500: 	Loss: 0.1678
Train Step A - Iteration 550: 	Loss: 0.1516
Train Step A - Epoch [55]: 	Loss: 0.1611
Test Step A - Epoch [55]: 	Accuracy: 92.79%
-----------------------------------------------------------------------------------------------

Train Step A - Iteration 0: 	Loss: 0.0023
Train Step A - Iteration 50: 	Loss: 0.1636
Train Step A - Iteration 100: 	Loss: 0.1584
Train Step A - Iteration 150: 	Loss: 0.1440
Train Step A - Iteration 200: 	Loss: 0.1535
Train Step A - Iteration 250: 	Loss: 0.1549
Train Step A - Iteration 300: 	Loss: 0.1602
Train Step A - Iteration 350: 	Loss: 0.1600
Train Step A - Iteration 400: 	Loss: 0.1656
Train Step A - Iteration 450: 	Loss: 0.1642
Train Step A - Iteration 500: 	Loss: 0.1689
Train Step A - Iteration 550: 	Loss: 0.1727
Train Step A - Epoch [56]: 	Loss: 0.1606
Test Step A - Epoch [56]: 	Accuracy: 92.87%
-----------------------------------------------------------------------------------------------

Train Step A - Iteration 0: 	Loss: 0.0025
Train Step A - Iteration 50: 	Loss: 0.1553
Train Step A - Iteration 100: 	Loss: 0.1540
Train Step A - Iteration 150: 	Loss: 0.1581
Train Step A - Iteration 200: 	Loss: 0.1713
Train Step A - Iteration 250: 	Loss: 0.1575
Train Step A - Iteration 300: 	Loss: 0.1636
Train Step A - Iteration 350: 	Loss: 0.1656
Train Step A - Iteration 400: 	Loss: 0.1512
Train Step A - Iteration 450: 	Loss: 0.1606
Train Step A - Iteration 500: 	Loss: 0.1623
Train Step A - Iteration 550: 	Loss: 0.1620
Train Step A - Epoch [57]: 	Loss: 0.1604
Test Step A - Epoch [57]: 	Accuracy: 92.87%
-----------------------------------------------------------------------------------------------

Train Step A - Iteration 0: 	Loss: 0.0030
Train Step A - Iteration 50: 	Loss: 0.1490
Train Step A - Iteration 100: 	Loss: 0.1567
Train Step A - Iteration 150: 	Loss: 0.1491
Train Step A - Iteration 200: 	Loss: 0.1477
Train Step A - Iteration 250: 	Loss: 0.1543
Train Step A - Iteration 300: 	Loss: 0.1606
Train Step A - Iteration 350: 	Loss: 0.1468
Train Step A - Iteration 400: 	Loss: 0.1628
Train Step A - Iteration 450: 	Loss: 0.1617
Train Step A - Iteration 500: 	Loss: 0.1543
Train Step A - Iteration 550: 	Loss: 0.1746
Train Step A - Epoch [58]: 	Loss: 0.1556
Test Step A - Epoch [58]: 	Accuracy: 92.90%
-----------------------------------------------------------------------------------------------

Train Step A - Iteration 0: 	Loss: 0.0022
Train Step A - Iteration 50: 	Loss: 0.1494
Train Step A - Iteration 100: 	Loss: 0.1464
Train Step A - Iteration 150: 	Loss: 0.1527
Train Step A - Iteration 200: 	Loss: 0.1474
Train Step A - Iteration 250: 	Loss: 0.1552
Train Step A - Iteration 300: 	Loss: 0.1561
Train Step A - Iteration 350: 	Loss: 0.1524
Train Step A - Iteration 400: 	Loss: 0.1516
Train Step A - Iteration 450: 	Loss: 0.1613
Train Step A - Iteration 500: 	Loss: 0.1433
Train Step A - Iteration 550: 	Loss: 0.1584
Train Step A - Epoch [59]: 	Loss: 0.1525
Test Step A - Epoch [59]: 	Accuracy: 92.85%
-----------------------------------------------------------------------------------------------

Train Step A - Iteration 0: 	Loss: 0.0028
Train Step A - Iteration 50: 	Loss: 0.1647
Train Step A - Iteration 100: 	Loss: 0.1301
Train Step A - Iteration 150: 	Loss: 0.1399
Train Step A - Iteration 200: 	Loss: 0.1419
Train Step A - Iteration 250: 	Loss: 0.1603
Train Step A - Iteration 300: 	Loss: 0.1531
Train Step A - Iteration 350: 	Loss: 0.1442
Train Step A - Iteration 400: 	Loss: 0.1596
Train Step A - Iteration 450: 	Loss: 0.1623
Train Step A - Iteration 500: 	Loss: 0.1507
Train Step A - Iteration 550: 	Loss: 0.1528
Train Step A - Epoch [60]: 	Loss: 0.1503
Test Step A - Epoch [60]: 	Accuracy: 92.81%
-----------------------------------------------------------------------------------------------

Train Step A - Iteration 0: 	Loss: 0.0026
Train Step A - Iteration 50: 	Loss: 0.1495
Train Step A - Iteration 100: 	Loss: 0.1539
Train Step A - Iteration 150: 	Loss: 0.1491
Train Step A - Iteration 200: 	Loss: 0.1361
Train Step A - Iteration 250: 	Loss: 0.1500
Train Step A - Iteration 300: 	Loss: 0.1564
Train Step A - Iteration 350: 	Loss: 0.1614
Train Step A - Iteration 400: 	Loss: 0.1439
Train Step A - Iteration 450: 	Loss: 0.1454
Train Step A - Iteration 500: 	Loss: 0.1483
Train Step A - Iteration 550: 	Loss: 0.1531
Train Step A - Epoch [61]: 	Loss: 0.1492
Test Step A - Epoch [61]: 	Accuracy: 93.03%
-----------------------------------------------------------------------------------------------

Train Step A - Iteration 0: 	Loss: 0.0029
Train Step A - Iteration 50: 	Loss: 0.1544
Train Step A - Iteration 100: 	Loss: 0.1516
Train Step A - Iteration 150: 	Loss: 0.1355
Train Step A - Iteration 200: 	Loss: 0.1542
Train Step A - Iteration 250: 	Loss: 0.1506
Train Step A - Iteration 300: 	Loss: 0.1325
Train Step A - Iteration 350: 	Loss: 0.1431
Train Step A - Iteration 400: 	Loss: 0.1420
Train Step A - Iteration 450: 	Loss: 0.1509
Train Step A - Iteration 500: 	Loss: 0.1612
Train Step A - Iteration 550: 	Loss: 0.1500
Train Step A - Epoch [62]: 	Loss: 0.1476
Test Step A - Epoch [62]: 	Accuracy: 92.99%
-----------------------------------------------------------------------------------------------

Train Step A - Iteration 0: 	Loss: 0.0016
Train Step A - Iteration 50: 	Loss: 0.1445
Train Step A - Iteration 100: 	Loss: 0.1450
Train Step A - Iteration 150: 	Loss: 0.1389
Train Step A - Iteration 200: 	Loss: 0.1379
Train Step A - Iteration 250: 	Loss: 0.1420
Train Step A - Iteration 300: 	Loss: 0.1510
Train Step A - Iteration 350: 	Loss: 0.1504
Train Step A - Iteration 400: 	Loss: 0.1524
Train Step A - Iteration 450: 	Loss: 0.1522
Train Step A - Iteration 500: 	Loss: 0.1458
Train Step A - Iteration 550: 	Loss: 0.1445
Train Step A - Epoch [63]: 	Loss: 0.1458
Test Step A - Epoch [63]: 	Accuracy: 92.90%
-----------------------------------------------------------------------------------------------

Train Step A - Iteration 0: 	Loss: 0.0031
Train Step A - Iteration 50: 	Loss: 0.1388
Train Step A - Iteration 100: 	Loss: 0.1480
Train Step A - Iteration 150: 	Loss: 0.1384
Train Step A - Iteration 200: 	Loss: 0.1421
Train Step A - Iteration 250: 	Loss: 0.1427
Train Step A - Iteration 300: 	Loss: 0.1452
Train Step A - Iteration 350: 	Loss: 0.1454
Train Step A - Iteration 400: 	Loss: 0.1460
Train Step A - Iteration 450: 	Loss: 0.1522
Train Step A - Iteration 500: 	Loss: 0.1361
Train Step A - Iteration 550: 	Loss: 0.1417
Train Step A - Epoch [64]: 	Loss: 0.1427
Test Step A - Epoch [64]: 	Accuracy: 92.97%
-----------------------------------------------------------------------------------------------

Train Step A - Iteration 0: 	Loss: 0.0026
Train Step A - Iteration 50: 	Loss: 0.1334
Train Step A - Iteration 100: 	Loss: 0.1455
Train Step A - Iteration 150: 	Loss: 0.1314
Train Step A - Iteration 200: 	Loss: 0.1425
Train Step A - Iteration 250: 	Loss: 0.1323
Train Step A - Iteration 300: 	Loss: 0.1418
Train Step A - Iteration 350: 	Loss: 0.1358
Train Step A - Iteration 400: 	Loss: 0.1449
Train Step A - Iteration 450: 	Loss: 0.1386
Train Step A - Iteration 500: 	Loss: 0.1382
Train Step A - Iteration 550: 	Loss: 0.1533
Train Step A - Epoch [65]: 	Loss: 0.1397
Test Step A - Epoch [65]: 	Accuracy: 93.13%
-----------------------------------------------------------------------------------------------

Train Step A - Iteration 0: 	Loss: 0.0027
Train Step A - Iteration 50: 	Loss: 0.1261
Train Step A - Iteration 100: 	Loss: 0.1386
Train Step A - Iteration 150: 	Loss: 0.1467
Train Step A - Iteration 200: 	Loss: 0.1340
Train Step A - Iteration 250: 	Loss: 0.1522
Train Step A - Iteration 300: 	Loss: 0.1402
Train Step A - Iteration 350: 	Loss: 0.1356
Train Step A - Iteration 400: 	Loss: 0.1390
Train Step A - Iteration 450: 	Loss: 0.1491
Train Step A - Iteration 500: 	Loss: 0.1355
Train Step A - Iteration 550: 	Loss: 0.1427
Train Step A - Epoch [66]: 	Loss: 0.1409
Test Step A - Epoch [66]: 	Accuracy: 92.97%
-----------------------------------------------------------------------------------------------

Train Step A - Iteration 0: 	Loss: 0.0027
Train Step A - Iteration 50: 	Loss: 0.1363
Train Step A - Iteration 100: 	Loss: 0.1313
Train Step A - Iteration 150: 	Loss: 0.1367
Train Step A - Iteration 200: 	Loss: 0.1315
Train Step A - Iteration 250: 	Loss: 0.1385
Train Step A - Iteration 300: 	Loss: 0.1500
Train Step A - Iteration 350: 	Loss: 0.1432
Train Step A - Iteration 400: 	Loss: 0.1411
Train Step A - Iteration 450: 	Loss: 0.1278
Train Step A - Iteration 500: 	Loss: 0.1484
Train Step A - Iteration 550: 	Loss: 0.1456
Train Step A - Epoch [67]: 	Loss: 0.1392
Test Step A - Epoch [67]: 	Accuracy: 92.99%
-----------------------------------------------------------------------------------------------

Train Step A - Iteration 0: 	Loss: 0.0024
Train Step A - Iteration 50: 	Loss: 0.1407
Train Step A - Iteration 100: 	Loss: 0.1388
Train Step A - Iteration 150: 	Loss: 0.1320
Train Step A - Iteration 200: 	Loss: 0.1352
Train Step A - Iteration 250: 	Loss: 0.1397
Train Step A - Iteration 300: 	Loss: 0.1369
Train Step A - Iteration 350: 	Loss: 0.1372
Train Step A - Iteration 400: 	Loss: 0.1327
Train Step A - Iteration 450: 	Loss: 0.1361
Train Step A - Iteration 500: 	Loss: 0.1363
Train Step A - Iteration 550: 	Loss: 0.1396
Train Step A - Epoch [68]: 	Loss: 0.1371
Test Step A - Epoch [68]: 	Accuracy: 92.91%
-----------------------------------------------------------------------------------------------

Train Step A - Iteration 0: 	Loss: 0.0015
Train Step A - Iteration 50: 	Loss: 0.1271
Train Step A - Iteration 100: 	Loss: 0.1236
Train Step A - Iteration 150: 	Loss: 0.1391
Train Step A - Iteration 200: 	Loss: 0.1326
Train Step A - Iteration 250: 	Loss: 0.1389
Train Step A - Iteration 300: 	Loss: 0.1302
Train Step A - Iteration 350: 	Loss: 0.1301
Train Step A - Iteration 400: 	Loss: 0.1246
Train Step A - Iteration 450: 	Loss: 0.1452
Train Step A - Iteration 500: 	Loss: 0.1493
Train Step A - Iteration 550: 	Loss: 0.1346
Train Step A - Epoch [69]: 	Loss: 0.1338
Test Step A - Epoch [69]: 	Accuracy: 92.99%
-----------------------------------------------------------------------------------------------

Train Step A - Iteration 0: 	Loss: 0.0019
Train Step A - Iteration 50: 	Loss: 0.1311
Train Step A - Iteration 100: 	Loss: 0.1258
Train Step A - Iteration 150: 	Loss: 0.1296
Train Step A - Iteration 200: 	Loss: 0.1408
Train Step A - Iteration 250: 	Loss: 0.1294
Train Step A - Iteration 300: 	Loss: 0.1363
Train Step A - Iteration 350: 	Loss: 0.1330
Train Step A - Iteration 400: 	Loss: 0.1351
Train Step A - Iteration 450: 	Loss: 0.1238
Train Step A - Iteration 500: 	Loss: 0.1237
Train Step A - Iteration 550: 	Loss: 0.1551
Train Step A - Epoch [70]: 	Loss: 0.1335
Test Step A - Epoch [70]: 	Accuracy: 92.89%
-----------------------------------------------------------------------------------------------

Train Step A - Iteration 0: 	Loss: 0.0020
Train Step A - Iteration 50: 	Loss: 0.1276
Train Step A - Iteration 100: 	Loss: 0.1356
Train Step A - Iteration 150: 	Loss: 0.1414
Train Step A - Iteration 200: 	Loss: 0.1294
Train Step A - Iteration 250: 	Loss: 0.1269
Train Step A - Iteration 300: 	Loss: 0.1422
Train Step A - Iteration 350: 	Loss: 0.1319
Train Step A - Iteration 400: 	Loss: 0.1206
Train Step A - Iteration 450: 	Loss: 0.1257
Train Step A - Iteration 500: 	Loss: 0.1379
Train Step A - Iteration 550: 	Loss: 0.1309
Train Step A - Epoch [71]: 	Loss: 0.1320
Test Step A - Epoch [71]: 	Accuracy: 92.99%
-----------------------------------------------------------------------------------------------

Train Step A - Iteration 0: 	Loss: 0.0032
Train Step A - Iteration 50: 	Loss: 0.1293
Train Step A - Iteration 100: 	Loss: 0.1229
Train Step A - Iteration 150: 	Loss: 0.1327
Train Step A - Iteration 200: 	Loss: 0.1359
Train Step A - Iteration 250: 	Loss: 0.1359
Train Step A - Iteration 300: 	Loss: 0.1297
Train Step A - Iteration 350: 	Loss: 0.1236
Train Step A - Iteration 400: 	Loss: 0.1350
Train Step A - Iteration 450: 	Loss: 0.1274
Train Step A - Iteration 500: 	Loss: 0.1264
Train Step A - Iteration 550: 	Loss: 0.1420
Train Step A - Epoch [72]: 	Loss: 0.1306
Test Step A - Epoch [72]: 	Accuracy: 92.97%
-----------------------------------------------------------------------------------------------

Train Step A - Iteration 0: 	Loss: 0.0027
Train Step A - Iteration 50: 	Loss: 0.1236
Train Step A - Iteration 100: 	Loss: 0.1215
Train Step A - Iteration 150: 	Loss: 0.1430
Train Step A - Iteration 200: 	Loss: 0.1290
Train Step A - Iteration 250: 	Loss: 0.1248
Train Step A - Iteration 300: 	Loss: 0.1336
Train Step A - Iteration 350: 	Loss: 0.1365
Train Step A - Iteration 400: 	Loss: 0.1226
Train Step A - Iteration 450: 	Loss: 0.1264
Train Step A - Iteration 500: 	Loss: 0.1289
Train Step A - Iteration 550: 	Loss: 0.1377
Train Step A - Epoch [73]: 	Loss: 0.1300
Test Step A - Epoch [73]: 	Accuracy: 92.85%
-----------------------------------------------------------------------------------------------

Train Step A - Iteration 0: 	Loss: 0.0031
Train Step A - Iteration 50: 	Loss: 0.1226
Train Step A - Iteration 100: 	Loss: 0.1141
Train Step A - Iteration 150: 	Loss: 0.1333
Train Step A - Iteration 200: 	Loss: 0.1213
Train Step A - Iteration 250: 	Loss: 0.1224
Train Step A - Iteration 300: 	Loss: 0.1236
Train Step A - Iteration 350: 	Loss: 0.1314
Train Step A - Iteration 400: 	Loss: 0.1329
Train Step A - Iteration 450: 	Loss: 0.1483
Train Step A - Iteration 500: 	Loss: 0.1385
Train Step A - Iteration 550: 	Loss: 0.1203
Train Step A - Epoch [74]: 	Loss: 0.1281
Test Step A - Epoch [74]: 	Accuracy: 92.87%
-----------------------------------------------------------------------------------------------

Train Step A - Iteration 0: 	Loss: 0.0021
Train Step A - Iteration 50: 	Loss: 0.1283
Train Step A - Iteration 100: 	Loss: 0.1145
Train Step A - Iteration 150: 	Loss: 0.1223
Train Step A - Iteration 200: 	Loss: 0.1319
Train Step A - Iteration 250: 	Loss: 0.1120
Train Step A - Iteration 300: 	Loss: 0.1246
Train Step A - Iteration 350: 	Loss: 0.1362
Train Step A - Iteration 400: 	Loss: 0.1199
Train Step A - Iteration 450: 	Loss: 0.1364
Train Step A - Iteration 500: 	Loss: 0.1284
Train Step A - Iteration 550: 	Loss: 0.1321
Train Step A - Epoch [75]: 	Loss: 0.1259
Test Step A - Epoch [75]: 	Accuracy: 92.86%
-----------------------------------------------------------------------------------------------

Train Step A - Iteration 0: 	Loss: 0.0019
Train Step A - Iteration 50: 	Loss: 0.1170
Train Step A - Iteration 100: 	Loss: 0.1172
Train Step A - Iteration 150: 	Loss: 0.1158
Train Step A - Iteration 200: 	Loss: 0.1247
Train Step A - Iteration 250: 	Loss: 0.1252
Train Step A - Iteration 300: 	Loss: 0.1215
Train Step A - Iteration 350: 	Loss: 0.1206
Train Step A - Iteration 400: 	Loss: 0.1246
Train Step A - Iteration 450: 	Loss: 0.1239
Train Step A - Iteration 500: 	Loss: 0.1320
Train Step A - Iteration 550: 	Loss: 0.1330
Train Step A - Epoch [76]: 	Loss: 0.1226
Test Step A - Epoch [76]: 	Accuracy: 92.99%
-----------------------------------------------------------------------------------------------

Train Step A - Iteration 0: 	Loss: 0.0015
Train Step A - Iteration 50: 	Loss: 0.1133
Train Step A - Iteration 100: 	Loss: 0.1242
Train Step A - Iteration 150: 	Loss: 0.1124
Train Step A - Iteration 200: 	Loss: 0.1227
Train Step A - Iteration 250: 	Loss: 0.1189
Train Step A - Iteration 300: 	Loss: 0.1221
Train Step A - Iteration 350: 	Loss: 0.1176
Train Step A - Iteration 400: 	Loss: 0.1207
Train Step A - Iteration 450: 	Loss: 0.1212
Train Step A - Iteration 500: 	Loss: 0.1264
Train Step A - Iteration 550: 	Loss: 0.1325
Train Step A - Epoch [77]: 	Loss: 0.1217
Test Step A - Epoch [77]: 	Accuracy: 92.92%
-----------------------------------------------------------------------------------------------

Train Step A - Iteration 0: 	Loss: 0.0010
Train Step A - Iteration 50: 	Loss: 0.1162
Train Step A - Iteration 100: 	Loss: 0.1129
Train Step A - Iteration 150: 	Loss: 0.1243
Train Step A - Iteration 200: 	Loss: 0.1171
Train Step A - Iteration 250: 	Loss: 0.1199
Train Step A - Iteration 300: 	Loss: 0.1295
Train Step A - Iteration 350: 	Loss: 0.1241
Train Step A - Iteration 400: 	Loss: 0.1195
Train Step A - Iteration 450: 	Loss: 0.1248
Train Step A - Iteration 500: 	Loss: 0.1185
Train Step A - Iteration 550: 	Loss: 0.1235
Train Step A - Epoch [78]: 	Loss: 0.1211
Test Step A - Epoch [78]: 	Accuracy: 92.97%
-----------------------------------------------------------------------------------------------

Train Step A - Iteration 0: 	Loss: 0.0029
Train Step A - Iteration 50: 	Loss: 0.1252
Train Step A - Iteration 100: 	Loss: 0.1172
Train Step A - Iteration 150: 	Loss: 0.1367
Train Step A - Iteration 200: 	Loss: 0.1123
Train Step A - Iteration 250: 	Loss: 0.1048
Train Step A - Iteration 300: 	Loss: 0.1299
Train Step A - Iteration 350: 	Loss: 0.1198
Train Step A - Iteration 400: 	Loss: 0.1189
Train Step A - Iteration 450: 	Loss: 0.1142
Train Step A - Iteration 500: 	Loss: 0.1264
Train Step A - Iteration 550: 	Loss: 0.1173
Train Step A - Epoch [79]: 	Loss: 0.1198
Test Step A - Epoch [79]: 	Accuracy: 93.07%
-----------------------------------------------------------------------------------------------

Train Step A - Iteration 0: 	Loss: 0.0016
Train Step A - Iteration 50: 	Loss: 0.1087
Train Step A - Iteration 100: 	Loss: 0.1142
Train Step A - Iteration 150: 	Loss: 0.1156
Train Step A - Iteration 200: 	Loss: 0.1133
Train Step A - Iteration 250: 	Loss: 0.1151
Train Step A - Iteration 300: 	Loss: 0.1269
Train Step A - Iteration 350: 	Loss: 0.1214
Train Step A - Iteration 400: 	Loss: 0.1250
Train Step A - Iteration 450: 	Loss: 0.1082
Train Step A - Iteration 500: 	Loss: 0.1210
Train Step A - Iteration 550: 	Loss: 0.1195
Train Step A - Epoch [80]: 	Loss: 0.1164
Test Step A - Epoch [80]: 	Accuracy: 93.13%
-----------------------------------------------------------------------------------------------

Train Step A - Iteration 0: 	Loss: 0.0023
Train Step A - Iteration 50: 	Loss: 0.1152
Train Step A - Iteration 100: 	Loss: 0.1108
Train Step A - Iteration 150: 	Loss: 0.1089
Train Step A - Iteration 200: 	Loss: 0.1134
Train Step A - Iteration 250: 	Loss: 0.1170
Train Step A - Iteration 300: 	Loss: 0.1158
Train Step A - Iteration 350: 	Loss: 0.1106
Train Step A - Iteration 400: 	Loss: 0.1136
Train Step A - Iteration 450: 	Loss: 0.1278
Train Step A - Iteration 500: 	Loss: 0.1203
Train Step A - Iteration 550: 	Loss: 0.1216
Train Step A - Epoch [81]: 	Loss: 0.1163
Test Step A - Epoch [81]: 	Accuracy: 93.04%
-----------------------------------------------------------------------------------------------

Train Step A - Iteration 0: 	Loss: 0.0034
Train Step A - Iteration 50: 	Loss: 0.1166
Train Step A - Iteration 100: 	Loss: 0.1144
Train Step A - Iteration 150: 	Loss: 0.1083
Train Step A - Iteration 200: 	Loss: 0.1143
Train Step A - Iteration 250: 	Loss: 0.1205
Train Step A - Iteration 300: 	Loss: 0.1098
Train Step A - Iteration 350: 	Loss: 0.1189
Train Step A - Iteration 400: 	Loss: 0.1087
Train Step A - Iteration 450: 	Loss: 0.1190
Train Step A - Iteration 500: 	Loss: 0.1201
Train Step A - Iteration 550: 	Loss: 0.1173
Train Step A - Epoch [82]: 	Loss: 0.1157
Test Step A - Epoch [82]: 	Accuracy: 93.07%
-----------------------------------------------------------------------------------------------

Train Step A - Iteration 0: 	Loss: 0.0051
Train Step A - Iteration 50: 	Loss: 0.1119
Train Step A - Iteration 100: 	Loss: 0.1141
Train Step A - Iteration 150: 	Loss: 0.1036
Train Step A - Iteration 200: 	Loss: 0.1253
Train Step A - Iteration 250: 	Loss: 0.1146
Train Step A - Iteration 300: 	Loss: 0.1173
Train Step A - Iteration 350: 	Loss: 0.1136
Train Step A - Iteration 400: 	Loss: 0.1153
Train Step A - Iteration 450: 	Loss: 0.1146
Train Step A - Iteration 500: 	Loss: 0.1085
Train Step A - Iteration 550: 	Loss: 0.1108
Train Step A - Epoch [83]: 	Loss: 0.1138
Test Step A - Epoch [83]: 	Accuracy: 92.87%
-----------------------------------------------------------------------------------------------

Train Step A - Iteration 0: 	Loss: 0.0025
Train Step A - Iteration 50: 	Loss: 0.1127
Train Step A - Iteration 100: 	Loss: 0.1117
Train Step A - Iteration 150: 	Loss: 0.1169
Train Step A - Iteration 200: 	Loss: 0.1026
Train Step A - Iteration 250: 	Loss: 0.1088
Train Step A - Iteration 300: 	Loss: 0.1104
Train Step A - Iteration 350: 	Loss: 0.1111
Train Step A - Iteration 400: 	Loss: 0.1047
Train Step A - Iteration 450: 	Loss: 0.1186
Train Step A - Iteration 500: 	Loss: 0.1202
Train Step A - Iteration 550: 	Loss: 0.1180
Train Step A - Epoch [84]: 	Loss: 0.1120
Test Step A - Epoch [84]: 	Accuracy: 92.99%
-----------------------------------------------------------------------------------------------

Train Step A - Iteration 0: 	Loss: 0.0015
Train Step A - Iteration 50: 	Loss: 0.1059
Train Step A - Iteration 100: 	Loss: 0.1079
Train Step A - Iteration 150: 	Loss: 0.1196
Train Step A - Iteration 200: 	Loss: 0.0956
Train Step A - Iteration 250: 	Loss: 0.1169
Train Step A - Iteration 300: 	Loss: 0.1045
Train Step A - Iteration 350: 	Loss: 0.1127
Train Step A - Iteration 400: 	Loss: 0.1144
Train Step A - Iteration 450: 	Loss: 0.1125
Train Step A - Iteration 500: 	Loss: 0.1195
Train Step A - Iteration 550: 	Loss: 0.1135
Train Step A - Epoch [85]: 	Loss: 0.1116
Test Step A - Epoch [85]: 	Accuracy: 93.02%
-----------------------------------------------------------------------------------------------

Train Step A - Iteration 0: 	Loss: 0.0018
Train Step A - Iteration 50: 	Loss: 0.1149
Train Step A - Iteration 100: 	Loss: 0.1047
Train Step A - Iteration 150: 	Loss: 0.1100
Train Step A - Iteration 200: 	Loss: 0.1193
Train Step A - Iteration 250: 	Loss: 0.1114
Train Step A - Iteration 300: 	Loss: 0.1098
Train Step A - Iteration 350: 	Loss: 0.1059
Train Step A - Iteration 400: 	Loss: 0.1049
Train Step A - Iteration 450: 	Loss: 0.1083
Train Step A - Iteration 500: 	Loss: 0.1248
Train Step A - Iteration 550: 	Loss: 0.1211
Train Step A - Epoch [86]: 	Loss: 0.1122
Test Step A - Epoch [86]: 	Accuracy: 93.05%
-----------------------------------------------------------------------------------------------

Train Step A - Iteration 0: 	Loss: 0.0014
Train Step A - Iteration 50: 	Loss: 0.1063
Train Step A - Iteration 100: 	Loss: 0.1069
Train Step A - Iteration 150: 	Loss: 0.1076
Train Step A - Iteration 200: 	Loss: 0.1112
Train Step A - Iteration 250: 	Loss: 0.1059
Train Step A - Iteration 300: 	Loss: 0.1085
Train Step A - Iteration 350: 	Loss: 0.1071
Train Step A - Iteration 400: 	Loss: 0.1074
Train Step A - Iteration 450: 	Loss: 0.1099
Train Step A - Iteration 500: 	Loss: 0.1132
Train Step A - Iteration 550: 	Loss: 0.1064
Train Step A - Epoch [87]: 	Loss: 0.1085
Test Step A - Epoch [87]: 	Accuracy: 92.89%
-----------------------------------------------------------------------------------------------

Train Step A - Iteration 0: 	Loss: 0.0032
Train Step A - Iteration 50: 	Loss: 0.0994
Train Step A - Iteration 100: 	Loss: 0.0994
Train Step A - Iteration 150: 	Loss: 0.1004
Train Step A - Iteration 200: 	Loss: 0.1142
Train Step A - Iteration 250: 	Loss: 0.0946
Train Step A - Iteration 300: 	Loss: 0.1087
Train Step A - Iteration 350: 	Loss: 0.1034
Train Step A - Iteration 400: 	Loss: 0.1050
Train Step A - Iteration 450: 	Loss: 0.0978
Train Step A - Iteration 500: 	Loss: 0.1150
Train Step A - Iteration 550: 	Loss: 0.1085
Train Step A - Epoch [88]: 	Loss: 0.1045
Test Step A - Epoch [88]: 	Accuracy: 92.99%
-----------------------------------------------------------------------------------------------

Train Step A - Iteration 0: 	Loss: 0.0027
Train Step A - Iteration 50: 	Loss: 0.1150
Train Step A - Iteration 100: 	Loss: 0.1117
Train Step A - Iteration 150: 	Loss: 0.1043
Train Step A - Iteration 200: 	Loss: 0.1048
Train Step A - Iteration 250: 	Loss: 0.1071
Train Step A - Iteration 300: 	Loss: 0.1106
Train Step A - Iteration 350: 	Loss: 0.1035
Train Step A - Iteration 400: 	Loss: 0.1079
Train Step A - Iteration 450: 	Loss: 0.1064
Train Step A - Iteration 500: 	Loss: 0.1155
Train Step A - Iteration 550: 	Loss: 0.1013
Train Step A - Epoch [89]: 	Loss: 0.1078
Test Step A - Epoch [89]: 	Accuracy: 93.08%
-----------------------------------------------------------------------------------------------

Train Step A - Iteration 0: 	Loss: 0.0023
Train Step A - Iteration 50: 	Loss: 0.1009
Train Step A - Iteration 100: 	Loss: 0.1104
Train Step A - Iteration 150: 	Loss: 0.1020
Train Step A - Iteration 200: 	Loss: 0.1065
Train Step A - Iteration 250: 	Loss: 0.1058
Train Step A - Iteration 300: 	Loss: 0.1103
Train Step A - Iteration 350: 	Loss: 0.1154
Train Step A - Iteration 400: 	Loss: 0.0995
Train Step A - Iteration 450: 	Loss: 0.1072
Train Step A - Iteration 500: 	Loss: 0.1089
Train Step A - Iteration 550: 	Loss: 0.0970
Train Step A - Epoch [90]: 	Loss: 0.1059
Test Step A - Epoch [90]: 	Accuracy: 92.95%
-----------------------------------------------------------------------------------------------

Train Step A - Iteration 0: 	Loss: 0.0010
Train Step A - Iteration 50: 	Loss: 0.0958
Train Step A - Iteration 100: 	Loss: 0.1091
Train Step A - Iteration 150: 	Loss: 0.0961
Train Step A - Iteration 200: 	Loss: 0.1071
Train Step A - Iteration 250: 	Loss: 0.1112
Train Step A - Iteration 300: 	Loss: 0.1115
Train Step A - Iteration 350: 	Loss: 0.1087
Train Step A - Iteration 400: 	Loss: 0.1124
Train Step A - Iteration 450: 	Loss: 0.1140
Train Step A - Iteration 500: 	Loss: 0.1004
Train Step A - Iteration 550: 	Loss: 0.1028
Train Step A - Epoch [91]: 	Loss: 0.1064
Test Step A - Epoch [91]: 	Accuracy: 93.05%
-----------------------------------------------------------------------------------------------

Train Step A - Iteration 0: 	Loss: 0.0016
Train Step A - Iteration 50: 	Loss: 0.0946
Train Step A - Iteration 100: 	Loss: 0.0977
Train Step A - Iteration 150: 	Loss: 0.1085
Train Step A - Iteration 200: 	Loss: 0.1032
Train Step A - Iteration 250: 	Loss: 0.0987
Train Step A - Iteration 300: 	Loss: 0.0996
Train Step A - Iteration 350: 	Loss: 0.0988
Train Step A - Iteration 400: 	Loss: 0.1031
Train Step A - Iteration 450: 	Loss: 0.1113
Train Step A - Iteration 500: 	Loss: 0.1069
Train Step A - Iteration 550: 	Loss: 0.0999
Train Step A - Epoch [92]: 	Loss: 0.1020
Test Step A - Epoch [92]: 	Accuracy: 93.06%
-----------------------------------------------------------------------------------------------

Train Step A - Iteration 0: 	Loss: 0.0037
Train Step A - Iteration 50: 	Loss: 0.1020
Train Step A - Iteration 100: 	Loss: 0.0958
Train Step A - Iteration 150: 	Loss: 0.0975
Train Step A - Iteration 200: 	Loss: 0.1086
Train Step A - Iteration 250: 	Loss: 0.1010
Train Step A - Iteration 300: 	Loss: 0.1095
Train Step A - Iteration 350: 	Loss: 0.0899
Train Step A - Iteration 400: 	Loss: 0.1045
Train Step A - Iteration 450: 	Loss: 0.1034
Train Step A - Iteration 500: 	Loss: 0.0995
Train Step A - Iteration 550: 	Loss: 0.1088
Train Step A - Epoch [93]: 	Loss: 0.1028
Test Step A - Epoch [93]: 	Accuracy: 93.06%
-----------------------------------------------------------------------------------------------

Train Step A - Iteration 0: 	Loss: 0.0023
Train Step A - Iteration 50: 	Loss: 0.1040
Train Step A - Iteration 100: 	Loss: 0.1043
Train Step A - Iteration 150: 	Loss: 0.1026
Train Step A - Iteration 200: 	Loss: 0.0855
Train Step A - Iteration 250: 	Loss: 0.1034
Train Step A - Iteration 300: 	Loss: 0.1038
Train Step A - Iteration 350: 	Loss: 0.0950
Train Step A - Iteration 400: 	Loss: 0.1122
Train Step A - Iteration 450: 	Loss: 0.1004
Train Step A - Iteration 500: 	Loss: 0.1103
Train Step A - Iteration 550: 	Loss: 0.1037
Train Step A - Epoch [94]: 	Loss: 0.1024
Test Step A - Epoch [94]: 	Accuracy: 93.07%
-----------------------------------------------------------------------------------------------

Train Step A - Iteration 0: 	Loss: 0.0019
Train Step A - Iteration 50: 	Loss: 0.0968
Train Step A - Iteration 100: 	Loss: 0.1043
Train Step A - Iteration 150: 	Loss: 0.0995
Train Step A - Iteration 200: 	Loss: 0.0891
Train Step A - Iteration 250: 	Loss: 0.1012
Train Step A - Iteration 300: 	Loss: 0.1036
Train Step A - Iteration 350: 	Loss: 0.0987
Train Step A - Iteration 400: 	Loss: 0.0995
Train Step A - Iteration 450: 	Loss: 0.1000
Train Step A - Iteration 500: 	Loss: 0.1078
Train Step A - Iteration 550: 	Loss: 0.1105
Train Step A - Epoch [95]: 	Loss: 0.1012
Test Step A - Epoch [95]: 	Accuracy: 93.03%
-----------------------------------------------------------------------------------------------

Train Step A - Iteration 0: 	Loss: 0.0016
Train Step A - Iteration 50: 	Loss: 0.0934
Train Step A - Iteration 100: 	Loss: 0.0971
Train Step A - Iteration 150: 	Loss: 0.0953
Train Step A - Iteration 200: 	Loss: 0.0927
Train Step A - Iteration 250: 	Loss: 0.1097
Train Step A - Iteration 300: 	Loss: 0.1152
Train Step A - Iteration 350: 	Loss: 0.0986
Train Step A - Iteration 400: 	Loss: 0.0997
Train Step A - Iteration 450: 	Loss: 0.1033
Train Step A - Iteration 500: 	Loss: 0.1113
Train Step A - Iteration 550: 	Loss: 0.1058
Train Step A - Epoch [96]: 	Loss: 0.1018
Test Step A - Epoch [96]: 	Accuracy: 93.08%
-----------------------------------------------------------------------------------------------

Train Step A - Iteration 0: 	Loss: 0.0016
Train Step A - Iteration 50: 	Loss: 0.1007
Train Step A - Iteration 100: 	Loss: 0.0897
Train Step A - Iteration 150: 	Loss: 0.1031
Train Step A - Iteration 200: 	Loss: 0.1044
Train Step A - Iteration 250: 	Loss: 0.1007
Train Step A - Iteration 300: 	Loss: 0.0932
Train Step A - Iteration 350: 	Loss: 0.1018
Train Step A - Iteration 400: 	Loss: 0.1063
Train Step A - Iteration 450: 	Loss: 0.0929
Train Step A - Iteration 500: 	Loss: 0.1018
Train Step A - Iteration 550: 	Loss: 0.1042
Train Step A - Epoch [97]: 	Loss: 0.0996
Test Step A - Epoch [97]: 	Accuracy: 92.98%
-----------------------------------------------------------------------------------------------

Train Step A - Iteration 0: 	Loss: 0.0033
Train Step A - Iteration 50: 	Loss: 0.1076
Train Step A - Iteration 100: 	Loss: 0.0913
Train Step A - Iteration 150: 	Loss: 0.0942
Train Step A - Iteration 200: 	Loss: 0.0990
Train Step A - Iteration 250: 	Loss: 0.0970
Train Step A - Iteration 300: 	Loss: 0.0826
Train Step A - Iteration 350: 	Loss: 0.0904
Train Step A - Iteration 400: 	Loss: 0.1029
Train Step A - Iteration 450: 	Loss: 0.0938
Train Step A - Iteration 500: 	Loss: 0.1020
Train Step A - Iteration 550: 	Loss: 0.0926
Train Step A - Epoch [98]: 	Loss: 0.0959
Test Step A - Epoch [98]: 	Accuracy: 93.10%
-----------------------------------------------------------------------------------------------

Train Step A - Iteration 0: 	Loss: 0.0032
Train Step A - Iteration 50: 	Loss: 0.0912
Train Step A - Iteration 100: 	Loss: 0.0997
Train Step A - Iteration 150: 	Loss: 0.0966
Train Step A - Iteration 200: 	Loss: 0.0940
Train Step A - Iteration 250: 	Loss: 0.1030
Train Step A - Iteration 300: 	Loss: 0.0962
Train Step A - Iteration 350: 	Loss: 0.1015
Train Step A - Iteration 400: 	Loss: 0.0966
Train Step A - Iteration 450: 	Loss: 0.1006
Train Step A - Iteration 500: 	Loss: 0.0941
Train Step A - Iteration 550: 	Loss: 0.0901
Train Step A - Epoch [99]: 	Loss: 0.0972
Test Step A - Epoch [99]: 	Accuracy: 93.14%
-----------------------------------------------------------------------------------------------

Train Step A - Iteration 0: 	Loss: 0.0013
Train Step A - Iteration 50: 	Loss: 0.1083
Train Step A - Iteration 100: 	Loss: 0.0928
Train Step A - Iteration 150: 	Loss: 0.0966
Train Step A - Iteration 200: 	Loss: 0.0904
Train Step A - Iteration 250: 	Loss: 0.0973
Train Step A - Iteration 300: 	Loss: 0.0895
Train Step A - Iteration 350: 	Loss: 0.1008
Train Step A - Iteration 400: 	Loss: 0.0955
Train Step A - Iteration 450: 	Loss: 0.1040
Train Step A - Iteration 500: 	Loss: 0.1012
Train Step A - Iteration 550: 	Loss: 0.1050
Train Step A - Epoch [100]: 	Loss: 0.0983
Test Step A - Epoch [100]: 	Accuracy: 93.06%
-----------------------------------------------------------------------------------------------

Using downloaded and verified file: ./data/SVHN/raw/train/train_32x32.mat
Using downloaded and verified file: ./data/SVHN/raw/test/test_32x32.mat
Train Step B - Epoch [1]:               Discriminator GAN loss: 0.0457,               Generator GAN Loss: 5.4066,               Cycle loss: 1.2138,               Semantic Loss: 2.6675,               Task loss: 2.2434
Test Step B - Epoch [1]: 	Accuracy: 11.48%
-----------------------------------------------------------------------------------------------

Train Step B - Epoch [2]:               Discriminator GAN loss: 0.1101,               Generator GAN Loss: 5.4922,               Cycle loss: 0.9813,               Semantic Loss: 1.8821,               Task loss: 2.1715
Test Step B - Epoch [2]: 	Accuracy: 20.23%
-----------------------------------------------------------------------------------------------

Train Step B - Epoch [3]:               Discriminator GAN loss: 0.0773,               Generator GAN Loss: 6.1195,               Cycle loss: 0.9787,               Semantic Loss: 1.5799,               Task loss: 1.9280
Test Step B - Epoch [3]: 	Accuracy: 32.19%
-----------------------------------------------------------------------------------------------

Train Step B - Epoch [4]:               Discriminator GAN loss: 0.1151,               Generator GAN Loss: 5.6948,               Cycle loss: 0.8779,               Semantic Loss: 1.3620,               Task loss: 1.5927
Test Step B - Epoch [4]: 	Accuracy: 35.85%
-----------------------------------------------------------------------------------------------

Train Step B - Epoch [5]:               Discriminator GAN loss: 0.1433,               Generator GAN Loss: 5.6032,               Cycle loss: 0.8244,               Semantic Loss: 1.3439,               Task loss: 1.3197
Test Step B - Epoch [5]: 	Accuracy: 43.84%
-----------------------------------------------------------------------------------------------

Train Step B - Epoch [6]:               Discriminator GAN loss: 0.1699,               Generator GAN Loss: 5.3555,               Cycle loss: 0.7759,               Semantic Loss: 1.3955,               Task loss: 1.1437
Test Step B - Epoch [6]: 	Accuracy: 51.90%
-----------------------------------------------------------------------------------------------

Train Step B - Epoch [7]:               Discriminator GAN loss: 0.1884,               Generator GAN Loss: 5.2358,               Cycle loss: 0.7343,               Semantic Loss: 1.4163,               Task loss: 1.0419
Test Step B - Epoch [7]: 	Accuracy: 56.39%
-----------------------------------------------------------------------------------------------

Train Step B - Epoch [8]:               Discriminator GAN loss: 0.1912,               Generator GAN Loss: 5.2153,               Cycle loss: 0.6985,               Semantic Loss: 1.4224,               Task loss: 0.9895
Test Step B - Epoch [8]: 	Accuracy: 58.26%
-----------------------------------------------------------------------------------------------

Train Step B - Epoch [9]:               Discriminator GAN loss: 0.2075,               Generator GAN Loss: 5.1589,               Cycle loss: 0.6666,               Semantic Loss: 1.4029,               Task loss: 0.9455
Test Step B - Epoch [9]: 	Accuracy: 60.12%
-----------------------------------------------------------------------------------------------

Train Step B - Epoch [10]:               Discriminator GAN loss: 0.2063,               Generator GAN Loss: 5.2379,               Cycle loss: 0.6437,               Semantic Loss: 1.4153,               Task loss: 0.9192
Test Step B - Epoch [10]: 	Accuracy: 62.11%
-----------------------------------------------------------------------------------------------

Train Step B - Epoch [11]:               Discriminator GAN loss: 0.2080,               Generator GAN Loss: 5.1564,               Cycle loss: 0.6183,               Semantic Loss: 1.4039,               Task loss: 0.8953
Test Step B - Epoch [11]: 	Accuracy: 63.18%
-----------------------------------------------------------------------------------------------

Train Step B - Epoch [12]:               Discriminator GAN loss: 0.1966,               Generator GAN Loss: 5.2308,               Cycle loss: 0.5973,               Semantic Loss: 1.3764,               Task loss: 0.8750
Test Step B - Epoch [12]: 	Accuracy: 63.62%
-----------------------------------------------------------------------------------------------

Train Step B - Epoch [13]:               Discriminator GAN loss: 0.1934,               Generator GAN Loss: 5.3001,               Cycle loss: 0.5779,               Semantic Loss: 1.3701,               Task loss: 0.8550
Test Step B - Epoch [13]: 	Accuracy: 64.22%
-----------------------------------------------------------------------------------------------

Train Step B - Epoch [14]:               Discriminator GAN loss: 0.1804,               Generator GAN Loss: 5.3889,               Cycle loss: 0.5589,               Semantic Loss: 1.3570,               Task loss: 0.8437
Test Step B - Epoch [14]: 	Accuracy: 64.51%
-----------------------------------------------------------------------------------------------

Train Step B - Epoch [15]:               Discriminator GAN loss: 0.1812,               Generator GAN Loss: 5.4778,               Cycle loss: 0.5430,               Semantic Loss: 1.3248,               Task loss: 0.8236
Test Step B - Epoch [15]: 	Accuracy: 64.79%
-----------------------------------------------------------------------------------------------

Train Step B - Epoch [16]:               Discriminator GAN loss: 0.1774,               Generator GAN Loss: 5.6256,               Cycle loss: 0.5297,               Semantic Loss: 1.3373,               Task loss: 0.8199
Test Step B - Epoch [16]: 	Accuracy: 64.79%
-----------------------------------------------------------------------------------------------

Train Step B - Epoch [17]:               Discriminator GAN loss: 0.1719,               Generator GAN Loss: 5.6361,               Cycle loss: 0.5135,               Semantic Loss: 1.3071,               Task loss: 0.8026
Test Step B - Epoch [17]: 	Accuracy: 66.10%
-----------------------------------------------------------------------------------------------

Train Step B - Epoch [18]:               Discriminator GAN loss: 0.1534,               Generator GAN Loss: 5.7536,               Cycle loss: 0.4991,               Semantic Loss: 1.2891,               Task loss: 0.7915
Test Step B - Epoch [18]: 	Accuracy: 66.20%
-----------------------------------------------------------------------------------------------

Train Step B - Epoch [19]:               Discriminator GAN loss: 0.1593,               Generator GAN Loss: 5.8949,               Cycle loss: 0.4887,               Semantic Loss: 1.2842,               Task loss: 0.7824
Test Step B - Epoch [19]: 	Accuracy: 66.20%
-----------------------------------------------------------------------------------------------

Train Step B - Epoch [20]:               Discriminator GAN loss: 0.1517,               Generator GAN Loss: 6.0181,               Cycle loss: 0.4798,               Semantic Loss: 1.2785,               Task loss: 0.7701
Test Step B - Epoch [20]: 	Accuracy: 66.51%
-----------------------------------------------------------------------------------------------

Train Step B - Epoch [21]:               Discriminator GAN loss: 0.1494,               Generator GAN Loss: 6.0561,               Cycle loss: 0.4692,               Semantic Loss: 1.2633,               Task loss: 0.7613
Test Step B - Epoch [21]: 	Accuracy: 66.80%
-----------------------------------------------------------------------------------------------

Train Step B - Epoch [22]:               Discriminator GAN loss: 0.1573,               Generator GAN Loss: 6.1486,               Cycle loss: 0.4589,               Semantic Loss: 1.2755,               Task loss: 0.7596
Test Step B - Epoch [22]: 	Accuracy: 66.91%
-----------------------------------------------------------------------------------------------

Train Step B - Epoch [23]:               Discriminator GAN loss: 0.1826,               Generator GAN Loss: 5.9156,               Cycle loss: 0.4519,               Semantic Loss: 1.2495,               Task loss: 0.7466
Test Step B - Epoch [23]: 	Accuracy: 66.95%
-----------------------------------------------------------------------------------------------

Train Step B - Epoch [24]:               Discriminator GAN loss: 0.1375,               Generator GAN Loss: 6.1956,               Cycle loss: 0.4446,               Semantic Loss: 1.2412,               Task loss: 0.7357
Test Step B - Epoch [24]: 	Accuracy: 67.02%
-----------------------------------------------------------------------------------------------

Train Step B - Epoch [25]:               Discriminator GAN loss: 0.1476,               Generator GAN Loss: 6.3686,               Cycle loss: 0.4373,               Semantic Loss: 1.2511,               Task loss: 0.7349
Test Step B - Epoch [25]: 	Accuracy: 67.05%
-----------------------------------------------------------------------------------------------

Train Step B - Epoch [26]:               Discriminator GAN loss: 0.1278,               Generator GAN Loss: 6.4331,               Cycle loss: 0.4265,               Semantic Loss: 1.2194,               Task loss: 0.7229
Test Step B - Epoch [26]: 	Accuracy: 66.84%
-----------------------------------------------------------------------------------------------

Train Step B - Epoch [27]:               Discriminator GAN loss: 0.1210,               Generator GAN Loss: 6.5904,               Cycle loss: 0.4187,               Semantic Loss: 1.2158,               Task loss: 0.7158
Test Step B - Epoch [27]: 	Accuracy: 67.91%
-----------------------------------------------------------------------------------------------

Train Step B - Epoch [28]:               Discriminator GAN loss: 0.1461,               Generator GAN Loss: 6.5367,               Cycle loss: 0.4146,               Semantic Loss: 1.2302,               Task loss: 0.7144
Test Step B - Epoch [28]: 	Accuracy: 68.38%
-----------------------------------------------------------------------------------------------

Train Step B - Epoch [29]:               Discriminator GAN loss: 0.1239,               Generator GAN Loss: 6.6921,               Cycle loss: 0.4057,               Semantic Loss: 1.2032,               Task loss: 0.7039
Test Step B - Epoch [29]: 	Accuracy: 67.44%
-----------------------------------------------------------------------------------------------

Train Step B - Epoch [30]:               Discriminator GAN loss: 0.1111,               Generator GAN Loss: 6.8958,               Cycle loss: 0.4010,               Semantic Loss: 1.2182,               Task loss: 0.7039
Test Step B - Epoch [30]: 	Accuracy: 67.71%
-----------------------------------------------------------------------------------------------

Train Step B - Epoch [31]:               Discriminator GAN loss: 0.1179,               Generator GAN Loss: 6.9588,               Cycle loss: 0.3916,               Semantic Loss: 1.2010,               Task loss: 0.6970
Test Step B - Epoch [31]: 	Accuracy: 68.01%
-----------------------------------------------------------------------------------------------

Train Step B - Epoch [32]:               Discriminator GAN loss: 0.1065,               Generator GAN Loss: 7.0762,               Cycle loss: 0.3823,               Semantic Loss: 1.1972,               Task loss: 0.6891
Test Step B - Epoch [32]: 	Accuracy: 67.15%
-----------------------------------------------------------------------------------------------

Train Step B - Epoch [33]:               Discriminator GAN loss: 0.1076,               Generator GAN Loss: 7.1860,               Cycle loss: 0.3769,               Semantic Loss: 1.2020,               Task loss: 0.6900
Test Step B - Epoch [33]: 	Accuracy: 67.79%
-----------------------------------------------------------------------------------------------

Train Step B - Epoch [34]:               Discriminator GAN loss: 0.1140,               Generator GAN Loss: 7.1507,               Cycle loss: 0.3726,               Semantic Loss: 1.1996,               Task loss: 0.6830
Test Step B - Epoch [34]: 	Accuracy: 68.30%
-----------------------------------------------------------------------------------------------

Train Step B - Epoch [35]:               Discriminator GAN loss: 0.1010,               Generator GAN Loss: 7.3190,               Cycle loss: 0.3631,               Semantic Loss: 1.2025,               Task loss: 0.6839
Test Step B - Epoch [35]: 	Accuracy: 68.17%
-----------------------------------------------------------------------------------------------

Train Step B - Epoch [36]:               Discriminator GAN loss: 0.0943,               Generator GAN Loss: 7.4431,               Cycle loss: 0.3551,               Semantic Loss: 1.1919,               Task loss: 0.6798
Test Step B - Epoch [36]: 	Accuracy: 67.84%
-----------------------------------------------------------------------------------------------

Train Step B - Epoch [37]:               Discriminator GAN loss: 0.1106,               Generator GAN Loss: 7.4610,               Cycle loss: 0.3557,               Semantic Loss: 1.2151,               Task loss: 0.6829
Test Step B - Epoch [37]: 	Accuracy: 67.65%
-----------------------------------------------------------------------------------------------

Train Step B - Epoch [38]:               Discriminator GAN loss: 0.1137,               Generator GAN Loss: 7.4534,               Cycle loss: 0.3502,               Semantic Loss: 1.1861,               Task loss: 0.6765
Test Step B - Epoch [38]: 	Accuracy: 68.41%
-----------------------------------------------------------------------------------------------

Train Step B - Epoch [39]:               Discriminator GAN loss: 0.1065,               Generator GAN Loss: 7.4046,               Cycle loss: 0.3424,               Semantic Loss: 1.1896,               Task loss: 0.6736
Test Step B - Epoch [39]: 	Accuracy: 68.26%
-----------------------------------------------------------------------------------------------

Train Step B - Epoch [40]:               Discriminator GAN loss: 0.0951,               Generator GAN Loss: 7.6012,               Cycle loss: 0.3373,               Semantic Loss: 1.1947,               Task loss: 0.6710
Test Step B - Epoch [40]: 	Accuracy: 68.34%
-----------------------------------------------------------------------------------------------

Train Step B - Epoch [41]:               Discriminator GAN loss: 0.1089,               Generator GAN Loss: 7.6045,               Cycle loss: 0.3366,               Semantic Loss: 1.1863,               Task loss: 0.6662
Test Step B - Epoch [41]: 	Accuracy: 68.22%
-----------------------------------------------------------------------------------------------

Train Step B - Epoch [42]:               Discriminator GAN loss: 0.0980,               Generator GAN Loss: 7.5633,               Cycle loss: 0.3345,               Semantic Loss: 1.1803,               Task loss: 0.6630
Test Step B - Epoch [42]: 	Accuracy: 68.50%
-----------------------------------------------------------------------------------------------

Train Step B - Epoch [43]:               Discriminator GAN loss: 0.0892,               Generator GAN Loss: 7.7536,               Cycle loss: 0.3292,               Semantic Loss: 1.1809,               Task loss: 0.6651
Test Step B - Epoch [43]: 	Accuracy: 68.46%
-----------------------------------------------------------------------------------------------

Train Step B - Epoch [44]:               Discriminator GAN loss: 0.0955,               Generator GAN Loss: 7.7913,               Cycle loss: 0.3225,               Semantic Loss: 1.1864,               Task loss: 0.6644
Test Step B - Epoch [44]: 	Accuracy: 68.82%
-----------------------------------------------------------------------------------------------

Train Step B - Epoch [45]:               Discriminator GAN loss: 0.0960,               Generator GAN Loss: 7.9083,               Cycle loss: 0.3189,               Semantic Loss: 1.1874,               Task loss: 0.6612
Test Step B - Epoch [45]: 	Accuracy: 68.83%
-----------------------------------------------------------------------------------------------

Train Step B - Epoch [46]:               Discriminator GAN loss: 0.0844,               Generator GAN Loss: 7.9618,               Cycle loss: 0.3196,               Semantic Loss: 1.1949,               Task loss: 0.6602
Test Step B - Epoch [46]: 	Accuracy: 69.12%
-----------------------------------------------------------------------------------------------

Train Step B - Epoch [47]:               Discriminator GAN loss: 0.0980,               Generator GAN Loss: 7.9431,               Cycle loss: 0.3238,               Semantic Loss: 1.1873,               Task loss: 0.6554
Test Step B - Epoch [47]: 	Accuracy: 68.29%
-----------------------------------------------------------------------------------------------

Train Step B - Epoch [48]:               Discriminator GAN loss: 0.0854,               Generator GAN Loss: 8.0921,               Cycle loss: 0.3138,               Semantic Loss: 1.1678,               Task loss: 0.6525
Test Step B - Epoch [48]: 	Accuracy: 68.73%
-----------------------------------------------------------------------------------------------

Train Step B - Epoch [49]:               Discriminator GAN loss: 0.0820,               Generator GAN Loss: 8.1483,               Cycle loss: 0.3092,               Semantic Loss: 1.1715,               Task loss: 0.6511
Test Step B - Epoch [49]: 	Accuracy: 68.79%
-----------------------------------------------------------------------------------------------

Train Step B - Epoch [50]:               Discriminator GAN loss: 0.1256,               Generator GAN Loss: 7.8536,               Cycle loss: 0.3063,               Semantic Loss: 1.1607,               Task loss: 0.6505
Test Step B - Epoch [50]: 	Accuracy: 68.60%
-----------------------------------------------------------------------------------------------

The process took 94.89306148290635 minutes to complete.
