nohup: ignoring input
Using downloaded and verified file: ./data/SVHN/raw/train_32x32.mat
Using downloaded and verified file: ./data/SVHN/raw/test_32x32.mat
Using device cuda
Training starts
Epoch [1/40] starts
Iteration 50: Loss_G: 2.0779, Loss_D: 0.0791
Iteration 100: Loss_G: 1.5354, Loss_D: 0.1042
Iteration 150: Loss_G: 1.1469, Loss_D: 0.1210
Iteration 200: Loss_G: 0.9700, Loss_D: 0.1239
Iteration 250: Loss_G: 0.9553, Loss_D: 0.1197
Iteration 300: Loss_G: 0.9640, Loss_D: 0.1202
Iteration 350: Loss_G: 0.9775, Loss_D: 0.1182
Iteration 400: Loss_G: 0.9679, Loss_D: 0.1152
Iteration 450: Loss_G: 0.9628, Loss_D: 0.1159
Iteration 500: Loss_G: 0.9469, Loss_D: 0.1197
Iteration 550: Loss_G: 0.9293, Loss_D: 0.1173
Iteration 600: Loss_G: 0.9484, Loss_D: 0.1169
Iteration 650: Loss_G: 0.9362, Loss_D: 0.1187
Iteration 700: Loss_G: 0.9240, Loss_D: 0.1166
Iteration 750: Loss_G: 0.9355, Loss_D: 0.1195
Iteration 800: Loss_G: 0.9128, Loss_D: 0.1169
Iteration 850: Loss_G: 0.9138, Loss_D: 0.1170
Iteration 900: Loss_G: 0.9273, Loss_D: 0.1198
Iteration 950: Loss_G: 0.9003, Loss_D: 0.1180
Iteration 1000: Loss_G: 0.9013, Loss_D: 0.1207
Iteration 1050: Loss_G: 0.8759, Loss_D: 0.1197
Iteration 1100: Loss_G: 0.8982, Loss_D: 0.1207
Iteration 1150: Loss_G: 0.8850, Loss_D: 0.1206
Iteration 1200: Loss_G: 0.8887, Loss_D: 0.1199
Epoch [1/40], Loss_G: 0.8281, Loss_D: 0.1166
Epoch [2/40] starts
Iteration 50: Loss_G: 0.8829, Loss_D: 0.1200
Iteration 100: Loss_G: 0.8769, Loss_D: 0.1191
Iteration 150: Loss_G: 0.8904, Loss_D: 0.1201
Iteration 200: Loss_G: 0.8776, Loss_D: 0.1198
Iteration 250: Loss_G: 0.8515, Loss_D: 0.1202
Iteration 300: Loss_G: 0.8586, Loss_D: 0.1212
Iteration 350: Loss_G: 0.8543, Loss_D: 0.1213
Iteration 400: Loss_G: 0.8401, Loss_D: 0.1198
Iteration 450: Loss_G: 0.8462, Loss_D: 0.1220
Iteration 500: Loss_G: 0.8816, Loss_D: 0.1207
Iteration 550: Loss_G: 0.8475, Loss_D: 0.1225
Iteration 600: Loss_G: 0.8339, Loss_D: 0.1200
Iteration 650: Loss_G: 0.8383, Loss_D: 0.1216
Iteration 700: Loss_G: 0.8324, Loss_D: 0.1210
Iteration 750: Loss_G: 0.8344, Loss_D: 0.1225
Iteration 800: Loss_G: 0.8288, Loss_D: 0.1230
Iteration 850: Loss_G: 0.8400, Loss_D: 0.1202
Iteration 900: Loss_G: 0.8573, Loss_D: 0.1210
Iteration 950: Loss_G: 0.8349, Loss_D: 0.1221
Iteration 1000: Loss_G: 0.7971, Loss_D: 0.1218
Iteration 1050: Loss_G: 0.8183, Loss_D: 0.1227
Iteration 1100: Loss_G: 0.7943, Loss_D: 0.1227
Iteration 1150: Loss_G: 0.7988, Loss_D: 0.1228
Iteration 1200: Loss_G: 0.8180, Loss_D: 0.1225
Epoch [2/40], Loss_G: 0.6901, Loss_D: 0.1213
Epoch [3/40] starts
Iteration 50: Loss_G: 0.7989, Loss_D: 0.1233
Iteration 100: Loss_G: 0.7758, Loss_D: 0.1232
Iteration 150: Loss_G: 0.8137, Loss_D: 0.1232
Iteration 200: Loss_G: 0.8505, Loss_D: 0.1212
Iteration 250: Loss_G: 0.8207, Loss_D: 0.1235
Iteration 300: Loss_G: 0.8128, Loss_D: 0.1235
Iteration 350: Loss_G: 0.8204, Loss_D: 0.1210
Iteration 400: Loss_G: 0.7959, Loss_D: 0.1243
Iteration 450: Loss_G: 0.8395, Loss_D: 0.1212
Iteration 500: Loss_G: 0.8615, Loss_D: 0.1209
Iteration 550: Loss_G: 0.8374, Loss_D: 0.1223
Iteration 600: Loss_G: 0.8158, Loss_D: 0.1208
Iteration 650: Loss_G: 0.8264, Loss_D: 0.1210
Iteration 700: Loss_G: 0.8305, Loss_D: 0.1216
Iteration 750: Loss_G: 0.8149, Loss_D: 0.1218
Iteration 800: Loss_G: 0.8173, Loss_D: 0.1224
Iteration 850: Loss_G: 0.8113, Loss_D: 0.1218
Iteration 900: Loss_G: 0.7994, Loss_D: 0.1242
Iteration 950: Loss_G: 0.8563, Loss_D: 0.1214
Iteration 1000: Loss_G: 0.8381, Loss_D: 0.1214
Iteration 1050: Loss_G: 0.8058, Loss_D: 0.1234
Iteration 1100: Loss_G: 0.7889, Loss_D: 0.1205
Iteration 1150: Loss_G: 0.8333, Loss_D: 0.1226
Iteration 1200: Loss_G: 0.7938, Loss_D: 0.1239
Epoch [3/40], Loss_G: 0.6705, Loss_D: 0.1223
Epoch [4/40] starts
Iteration 50: Loss_G: 0.8090, Loss_D: 0.1212
Iteration 100: Loss_G: 0.8236, Loss_D: 0.1200
Iteration 150: Loss_G: 0.8311, Loss_D: 0.1228
Iteration 200: Loss_G: 0.7773, Loss_D: 0.1222
Iteration 250: Loss_G: 0.7831, Loss_D: 0.1249
Iteration 300: Loss_G: 0.7908, Loss_D: 0.1231
Iteration 350: Loss_G: 0.7497, Loss_D: 0.1247
Iteration 400: Loss_G: 0.7737, Loss_D: 0.1208
Iteration 450: Loss_G: 0.7931, Loss_D: 0.1234
Iteration 500: Loss_G: 0.7606, Loss_D: 0.1215
Iteration 550: Loss_G: 0.7654, Loss_D: 0.1234
Iteration 600: Loss_G: 0.7979, Loss_D: 0.1240
Iteration 650: Loss_G: 0.7637, Loss_D: 0.1234
Iteration 700: Loss_G: 0.7767, Loss_D: 0.1235
Iteration 750: Loss_G: 0.7586, Loss_D: 0.1253
Iteration 800: Loss_G: 0.7505, Loss_D: 0.1231
Iteration 850: Loss_G: 0.7666, Loss_D: 0.1243
Iteration 900: Loss_G: 0.7688, Loss_D: 0.1234
Iteration 950: Loss_G: 0.7830, Loss_D: 0.1221
Iteration 1000: Loss_G: 0.7617, Loss_D: 0.1234
Iteration 1050: Loss_G: 0.7688, Loss_D: 0.1236
Iteration 1100: Loss_G: 0.7714, Loss_D: 0.1230
Iteration 1150: Loss_G: 0.8014, Loss_D: 0.1245
Iteration 1200: Loss_G: 0.8109, Loss_D: 0.1217
Epoch [4/40], Loss_G: 0.6391, Loss_D: 0.1231
Epoch [5/40] starts
Iteration 50: Loss_G: 0.8071, Loss_D: 0.1218
Iteration 100: Loss_G: 0.7966, Loss_D: 0.1224
Iteration 150: Loss_G: 0.8201, Loss_D: 0.1225
Iteration 200: Loss_G: 0.7662, Loss_D: 0.1240
Iteration 250: Loss_G: 0.7844, Loss_D: 0.1219
Iteration 300: Loss_G: 0.7970, Loss_D: 0.1238
Iteration 350: Loss_G: 0.8195, Loss_D: 0.1228
Iteration 400: Loss_G: 0.7949, Loss_D: 0.1251
Iteration 450: Loss_G: 0.7964, Loss_D: 0.1215
Iteration 500: Loss_G: 0.7965, Loss_D: 0.1229
Iteration 550: Loss_G: 0.7737, Loss_D: 0.1216
Iteration 600: Loss_G: 0.8059, Loss_D: 0.1235
Iteration 650: Loss_G: 0.8159, Loss_D: 0.1200
Iteration 700: Loss_G: 0.7926, Loss_D: 0.1232
Iteration 750: Loss_G: 0.7790, Loss_D: 0.1241
Iteration 800: Loss_G: 0.7874, Loss_D: 0.1215
Iteration 850: Loss_G: 0.8117, Loss_D: 0.1243
Iteration 900: Loss_G: 0.7712, Loss_D: 0.1227
Iteration 950: Loss_G: 0.8107, Loss_D: 0.1224
Iteration 1000: Loss_G: 0.7874, Loss_D: 0.1235
Iteration 1050: Loss_G: 0.7760, Loss_D: 0.1231
Iteration 1100: Loss_G: 0.8436, Loss_D: 0.1223
Iteration 1150: Loss_G: 0.7816, Loss_D: 0.1216
Iteration 1200: Loss_G: 0.8274, Loss_D: 0.1221
Epoch [5/40], Loss_G: 0.6529, Loss_D: 0.1227
Epoch [6/40] starts
Iteration 50: Loss_G: 0.8319, Loss_D: 0.1204
Iteration 100: Loss_G: 0.7946, Loss_D: 0.1242
Iteration 150: Loss_G: 0.7967, Loss_D: 0.1224
Iteration 200: Loss_G: 0.8652, Loss_D: 0.1197
Iteration 250: Loss_G: 0.8493, Loss_D: 0.1226
Iteration 300: Loss_G: 0.7981, Loss_D: 0.1198
Iteration 350: Loss_G: 0.7929, Loss_D: 0.1257
Iteration 400: Loss_G: 0.7474, Loss_D: 0.1221
Iteration 450: Loss_G: 0.7982, Loss_D: 0.1214
Iteration 500: Loss_G: 0.7867, Loss_D: 0.1246
Iteration 550: Loss_G: 0.7848, Loss_D: 0.1220
Iteration 600: Loss_G: 0.7755, Loss_D: 0.1254
Iteration 650: Loss_G: 0.8005, Loss_D: 0.1199
Iteration 700: Loss_G: 0.7724, Loss_D: 0.1225
Iteration 750: Loss_G: 0.7619, Loss_D: 0.1230
Iteration 800: Loss_G: 0.8092, Loss_D: 0.1221
Iteration 850: Loss_G: 0.7969, Loss_D: 0.1229
Iteration 900: Loss_G: 0.7867, Loss_D: 0.1226
Iteration 950: Loss_G: 0.8059, Loss_D: 0.1215
Iteration 1000: Loss_G: 0.8758, Loss_D: 0.1175
Iteration 1050: Loss_G: 0.8757, Loss_D: 0.1169
Iteration 1100: Loss_G: 0.8645, Loss_D: 0.1207
Iteration 1150: Loss_G: 0.8724, Loss_D: 0.1181
Iteration 1200: Loss_G: 0.9029, Loss_D: 0.1190
Epoch [6/40], Loss_G: 0.6666, Loss_D: 0.1216
Epoch [7/40] starts
Iteration 50: Loss_G: 0.9078, Loss_D: 0.1172
Iteration 100: Loss_G: 0.8738, Loss_D: 0.1174
Iteration 150: Loss_G: 0.9999, Loss_D: 0.1121
Iteration 200: Loss_G: 0.9431, Loss_D: 0.1175
Iteration 250: Loss_G: 0.9374, Loss_D: 0.1159
Iteration 300: Loss_G: 0.9482, Loss_D: 0.1181
Iteration 350: Loss_G: 0.9155, Loss_D: 0.1190
Iteration 400: Loss_G: 0.9378, Loss_D: 0.1128
Iteration 450: Loss_G: 0.9457, Loss_D: 0.1137
Iteration 500: Loss_G: 0.9092, Loss_D: 0.1179
Iteration 550: Loss_G: 0.9046, Loss_D: 0.1236
Iteration 600: Loss_G: 0.8552, Loss_D: 0.1165
Iteration 650: Loss_G: 0.9537, Loss_D: 0.1145
Iteration 700: Loss_G: 0.9557, Loss_D: 0.1112
Iteration 750: Loss_G: 0.9538, Loss_D: 0.1192
Iteration 800: Loss_G: 1.0010, Loss_D: 0.1139
Iteration 850: Loss_G: 1.0279, Loss_D: 0.1181
Iteration 900: Loss_G: 0.9876, Loss_D: 0.1097
Iteration 950: Loss_G: 0.9129, Loss_D: 0.1216
Iteration 1000: Loss_G: 0.9251, Loss_D: 0.1192
Iteration 1050: Loss_G: 0.9783, Loss_D: 0.1148
Iteration 1100: Loss_G: 0.9593, Loss_D: 0.1170
Iteration 1150: Loss_G: 0.9956, Loss_D: 0.1124
Iteration 1200: Loss_G: 0.8889, Loss_D: 0.1219
Epoch [7/40], Loss_G: 0.7714, Loss_D: 0.1165
Epoch [8/40] starts
Iteration 50: Loss_G: 0.9494, Loss_D: 0.1146
Iteration 100: Loss_G: 0.8905, Loss_D: 0.1177
Iteration 150: Loss_G: 0.8899, Loss_D: 0.1172
Iteration 200: Loss_G: 0.9275, Loss_D: 0.1157
Iteration 250: Loss_G: 0.9446, Loss_D: 0.1160
Iteration 300: Loss_G: 0.9247, Loss_D: 0.1150
Iteration 350: Loss_G: 0.9669, Loss_D: 0.1162
Iteration 400: Loss_G: 1.0421, Loss_D: 0.1123
Iteration 450: Loss_G: 0.9977, Loss_D: 0.1128
Iteration 500: Loss_G: 0.9319, Loss_D: 0.1170
Iteration 550: Loss_G: 0.9332, Loss_D: 0.1130
Iteration 600: Loss_G: 0.9831, Loss_D: 0.1153
Iteration 650: Loss_G: 0.9456, Loss_D: 0.1184
Iteration 700: Loss_G: 1.0615, Loss_D: 0.1136
Iteration 750: Loss_G: 0.9323, Loss_D: 0.1193
Iteration 800: Loss_G: 0.9393, Loss_D: 0.1193
Iteration 850: Loss_G: 0.8780, Loss_D: 0.1189
Iteration 900: Loss_G: 0.9335, Loss_D: 0.1111
Iteration 950: Loss_G: 0.9476, Loss_D: 0.1124
Iteration 1000: Loss_G: 1.0020, Loss_D: 0.1100
Iteration 1050: Loss_G: 0.9922, Loss_D: 0.1113
Iteration 1100: Loss_G: 0.9803, Loss_D: 0.1089
Iteration 1150: Loss_G: 1.0894, Loss_D: 0.1073
Iteration 1200: Loss_G: 1.0357, Loss_D: 0.1080
Epoch [8/40], Loss_G: 0.7885, Loss_D: 0.1142
Epoch [9/40] starts
Iteration 50: Loss_G: 1.0555, Loss_D: 0.1054
Iteration 100: Loss_G: 1.0470, Loss_D: 0.1082
Iteration 150: Loss_G: 1.0393, Loss_D: 0.1154
Iteration 200: Loss_G: 1.0555, Loss_D: 0.1074
Iteration 250: Loss_G: 1.0685, Loss_D: 0.1072
Iteration 300: Loss_G: 1.1315, Loss_D: 0.0980
Iteration 350: Loss_G: 0.9784, Loss_D: 0.1265
Iteration 400: Loss_G: 1.0455, Loss_D: 0.1068
Iteration 450: Loss_G: 1.0765, Loss_D: 0.1068
Iteration 500: Loss_G: 1.1206, Loss_D: 0.1024
Iteration 550: Loss_G: 1.0887, Loss_D: 0.1054
Iteration 600: Loss_G: 1.1481, Loss_D: 0.1026
Iteration 650: Loss_G: 1.1188, Loss_D: 0.1060
Iteration 700: Loss_G: 1.0583, Loss_D: 0.1135
Iteration 750: Loss_G: 1.0963, Loss_D: 0.1067
Iteration 800: Loss_G: 1.0792, Loss_D: 0.1048
Iteration 850: Loss_G: 1.0756, Loss_D: 0.1146
Iteration 900: Loss_G: 1.0444, Loss_D: 0.1076
Iteration 950: Loss_G: 1.0545, Loss_D: 0.1069
Iteration 1000: Loss_G: 1.1432, Loss_D: 0.0996
Iteration 1050: Loss_G: 1.0781, Loss_D: 0.1142
Iteration 1100: Loss_G: 1.0813, Loss_D: 0.1114
Iteration 1150: Loss_G: 1.0771, Loss_D: 0.1074
Iteration 1200: Loss_G: 1.0037, Loss_D: 0.1114
Epoch [9/40], Loss_G: 0.8788, Loss_D: 0.1082
Epoch [10/40] starts
Iteration 50: Loss_G: 1.0485, Loss_D: 0.1113
Iteration 100: Loss_G: 1.1376, Loss_D: 0.1004
Iteration 150: Loss_G: 1.0958, Loss_D: 0.1085
Iteration 200: Loss_G: 1.0666, Loss_D: 0.1092
Iteration 250: Loss_G: 1.0709, Loss_D: 0.1059
Iteration 300: Loss_G: 1.0978, Loss_D: 0.1015
Iteration 350: Loss_G: 1.0784, Loss_D: 0.1130
Iteration 400: Loss_G: 1.1466, Loss_D: 0.1030
Iteration 450: Loss_G: 1.0923, Loss_D: 0.1036
Iteration 500: Loss_G: 1.0753, Loss_D: 0.1148
Iteration 550: Loss_G: 1.0496, Loss_D: 0.1048
Iteration 600: Loss_G: 1.0794, Loss_D: 0.1070
Iteration 650: Loss_G: 1.1045, Loss_D: 0.0999
Iteration 700: Loss_G: 1.1369, Loss_D: 0.0960
Iteration 750: Loss_G: 1.1659, Loss_D: 0.0959
Iteration 800: Loss_G: 1.1572, Loss_D: 0.1000
Iteration 850: Loss_G: 1.1147, Loss_D: 0.1065
Iteration 900: Loss_G: 1.1042, Loss_D: 0.1077
Iteration 950: Loss_G: 1.0937, Loss_D: 0.1002
Iteration 1000: Loss_G: 1.1397, Loss_D: 0.0981
Iteration 1050: Loss_G: 1.1856, Loss_D: 0.1003
Iteration 1100: Loss_G: 1.1222, Loss_D: 0.0977
Iteration 1150: Loss_G: 1.1749, Loss_D: 0.0934
Iteration 1200: Loss_G: 1.2138, Loss_D: 0.0989
Epoch [10/40], Loss_G: 0.9124, Loss_D: 0.1032
Epoch [11/40] starts
Iteration 50: Loss_G: 1.1854, Loss_D: 0.1030
Iteration 100: Loss_G: 1.1414, Loss_D: 0.1063
Iteration 150: Loss_G: 1.1060, Loss_D: 0.1045
Iteration 200: Loss_G: 1.0943, Loss_D: 0.1086
Iteration 250: Loss_G: 1.2168, Loss_D: 0.1044
Iteration 300: Loss_G: 1.1819, Loss_D: 0.1041
Iteration 350: Loss_G: 1.2357, Loss_D: 0.1020
Iteration 400: Loss_G: 1.1813, Loss_D: 0.0837
Iteration 450: Loss_G: 1.1975, Loss_D: 0.1008
Iteration 500: Loss_G: 1.1567, Loss_D: 0.1002
Iteration 550: Loss_G: 1.0927, Loss_D: 0.1205
Iteration 600: Loss_G: 1.1021, Loss_D: 0.1109
Iteration 650: Loss_G: 1.0919, Loss_D: 0.1057
Iteration 700: Loss_G: 1.0659, Loss_D: 0.1082
Iteration 750: Loss_G: 1.1662, Loss_D: 0.0951
Iteration 800: Loss_G: 1.1020, Loss_D: 0.1103
Iteration 850: Loss_G: 1.1312, Loss_D: 0.1010
Iteration 900: Loss_G: 1.1864, Loss_D: 0.1046
Iteration 950: Loss_G: 1.0977, Loss_D: 0.1011
Iteration 1000: Loss_G: 1.1667, Loss_D: 0.0991
Iteration 1050: Loss_G: 1.2660, Loss_D: 0.0874
Iteration 1100: Loss_G: 1.1510, Loss_D: 0.1077
Iteration 1150: Loss_G: 1.1028, Loss_D: 0.1031
Iteration 1200: Loss_G: 1.1107, Loss_D: 0.1009
Epoch [11/40], Loss_G: 0.9390, Loss_D: 0.1031
Epoch [12/40] starts
Iteration 50: Loss_G: 1.1160, Loss_D: 0.1059
Iteration 100: Loss_G: 1.0514, Loss_D: 0.1089
Iteration 150: Loss_G: 1.0866, Loss_D: 0.1046
Iteration 200: Loss_G: 1.1610, Loss_D: 0.1027
Iteration 250: Loss_G: 1.1217, Loss_D: 0.1097
Iteration 300: Loss_G: 1.1067, Loss_D: 0.0984
Iteration 350: Loss_G: 1.1753, Loss_D: 0.1000
Iteration 400: Loss_G: 1.1256, Loss_D: 0.1131
Iteration 450: Loss_G: 1.1187, Loss_D: 0.1101
Iteration 500: Loss_G: 1.1372, Loss_D: 0.0955
Iteration 550: Loss_G: 1.2106, Loss_D: 0.0942
Iteration 600: Loss_G: 1.1038, Loss_D: 0.1020
Iteration 650: Loss_G: 1.1431, Loss_D: 0.1083
Iteration 700: Loss_G: 1.0996, Loss_D: 0.1024
Iteration 750: Loss_G: 1.1783, Loss_D: 0.1031
Iteration 800: Loss_G: 1.1231, Loss_D: 0.1145
Iteration 850: Loss_G: 1.1246, Loss_D: 0.1010
Iteration 900: Loss_G: 1.1382, Loss_D: 0.0934
Iteration 950: Loss_G: 1.1739, Loss_D: 0.0917
Iteration 1000: Loss_G: 1.0993, Loss_D: 0.1027
Iteration 1050: Loss_G: 1.1836, Loss_D: 0.1046
Iteration 1100: Loss_G: 1.1611, Loss_D: 0.1014
Iteration 1150: Loss_G: 1.2054, Loss_D: 0.1020
Iteration 1200: Loss_G: 1.0622, Loss_D: 0.1126
Epoch [12/40], Loss_G: 0.9279, Loss_D: 0.1034
Epoch [13/40] starts
Iteration 50: Loss_G: 1.0584, Loss_D: 0.1080
Iteration 100: Loss_G: 1.0473, Loss_D: 0.1069
Iteration 150: Loss_G: 1.1215, Loss_D: 0.1078
Iteration 200: Loss_G: 1.2289, Loss_D: 0.0884
Iteration 250: Loss_G: 1.1750, Loss_D: 0.0949
Iteration 300: Loss_G: 1.1675, Loss_D: 0.0996
Iteration 350: Loss_G: 1.1485, Loss_D: 0.0957
Iteration 400: Loss_G: 1.1619, Loss_D: 0.0997
Iteration 450: Loss_G: 1.1834, Loss_D: 0.0985
Iteration 500: Loss_G: 1.2020, Loss_D: 0.0929
Iteration 550: Loss_G: 1.1557, Loss_D: 0.1024
Iteration 600: Loss_G: 1.1679, Loss_D: 0.0955
Iteration 650: Loss_G: 1.1833, Loss_D: 0.1126
Iteration 700: Loss_G: 1.1075, Loss_D: 0.1090
Iteration 750: Loss_G: 1.1305, Loss_D: 0.0990
Iteration 800: Loss_G: 1.0474, Loss_D: 0.1074
Iteration 850: Loss_G: 1.2493, Loss_D: 0.0891
Iteration 900: Loss_G: 1.1813, Loss_D: 0.1078
Iteration 950: Loss_G: 1.1809, Loss_D: 0.0966
Iteration 1000: Loss_G: 1.1265, Loss_D: 0.1126
Iteration 1050: Loss_G: 1.1409, Loss_D: 0.0985
Iteration 1100: Loss_G: 1.0959, Loss_D: 0.1070
Iteration 1150: Loss_G: 1.1477, Loss_D: 0.1029
Iteration 1200: Loss_G: 1.1861, Loss_D: 0.0881
Epoch [13/40], Loss_G: 0.9412, Loss_D: 0.1009
Epoch [14/40] starts
Iteration 50: Loss_G: 1.1712, Loss_D: 0.1013
Iteration 100: Loss_G: 1.1872, Loss_D: 0.0947
Iteration 150: Loss_G: 1.2481, Loss_D: 0.0954
Iteration 200: Loss_G: 1.1532, Loss_D: 0.1181
Iteration 250: Loss_G: 1.1613, Loss_D: 0.1106
Iteration 300: Loss_G: 1.0761, Loss_D: 0.1025
Iteration 350: Loss_G: 1.0622, Loss_D: 0.1106
Iteration 400: Loss_G: 1.1096, Loss_D: 0.1058
Iteration 450: Loss_G: 1.1185, Loss_D: 0.1054
Iteration 500: Loss_G: 1.0706, Loss_D: 0.1017
Iteration 550: Loss_G: 1.0713, Loss_D: 0.1190
Iteration 600: Loss_G: 1.1394, Loss_D: 0.0974
Iteration 650: Loss_G: 1.2106, Loss_D: 0.1059
Iteration 700: Loss_G: 1.1056, Loss_D: 0.1080
Iteration 750: Loss_G: 1.1632, Loss_D: 0.1021
Iteration 800: Loss_G: 1.2421, Loss_D: 0.0913
Iteration 850: Loss_G: 1.2100, Loss_D: 0.0963
Iteration 900: Loss_G: 1.1926, Loss_D: 0.1079
Iteration 950: Loss_G: 1.1937, Loss_D: 0.0973
Iteration 1000: Loss_G: 1.2447, Loss_D: 0.0871
Iteration 1050: Loss_G: 1.1620, Loss_D: 0.1041
Iteration 1100: Loss_G: 1.1732, Loss_D: 0.0960
Iteration 1150: Loss_G: 1.1896, Loss_D: 0.0987
Iteration 1200: Loss_G: 1.2061, Loss_D: 0.0996
Epoch [14/40], Loss_G: 0.9503, Loss_D: 0.1024
Epoch [15/40] starts
Iteration 50: Loss_G: 1.1148, Loss_D: 0.1039
Iteration 100: Loss_G: 1.1477, Loss_D: 0.1023
Iteration 150: Loss_G: 1.2472, Loss_D: 0.0981
Iteration 200: Loss_G: 1.1491, Loss_D: 0.1055
Iteration 250: Loss_G: 1.0179, Loss_D: 0.1269
Iteration 300: Loss_G: 1.0317, Loss_D: 0.1063
Iteration 350: Loss_G: 1.0648, Loss_D: 0.1084
Iteration 400: Loss_G: 1.0447, Loss_D: 0.1150
Iteration 450: Loss_G: 1.0253, Loss_D: 0.1116
Iteration 500: Loss_G: 1.0326, Loss_D: 0.1059
Iteration 550: Loss_G: 1.1275, Loss_D: 0.1019
Iteration 600: Loss_G: 1.1991, Loss_D: 0.0936
Iteration 650: Loss_G: 1.1537, Loss_D: 0.1075
Iteration 700: Loss_G: 1.1374, Loss_D: 0.0951
Iteration 750: Loss_G: 1.2495, Loss_D: 0.0961
Iteration 800: Loss_G: 1.2959, Loss_D: 0.0970
Iteration 850: Loss_G: 1.0988, Loss_D: 0.1068
Iteration 900: Loss_G: 1.2116, Loss_D: 0.1000
Iteration 950: Loss_G: 1.2494, Loss_D: 0.0849
Iteration 1000: Loss_G: 1.1070, Loss_D: 0.1117
Iteration 1050: Loss_G: 1.1992, Loss_D: 0.0935
Iteration 1100: Loss_G: 1.2471, Loss_D: 0.1029
Iteration 1150: Loss_G: 1.2316, Loss_D: 0.1023
Iteration 1200: Loss_G: 1.1741, Loss_D: 0.0963
Epoch [15/40], Loss_G: 0.9399, Loss_D: 0.1031
Epoch [16/40] starts
Iteration 50: Loss_G: 1.1634, Loss_D: 0.1021
Iteration 100: Loss_G: 1.1668, Loss_D: 0.1037
Iteration 150: Loss_G: 1.1090, Loss_D: 0.1155
Iteration 200: Loss_G: 1.1259, Loss_D: 0.1023
Iteration 250: Loss_G: 1.1201, Loss_D: 0.1034
Iteration 300: Loss_G: 1.2447, Loss_D: 0.0843
Iteration 350: Loss_G: 1.2379, Loss_D: 0.0961
Iteration 400: Loss_G: 1.2134, Loss_D: 0.1053
Iteration 450: Loss_G: 1.2904, Loss_D: 0.0883
Iteration 500: Loss_G: 1.1777, Loss_D: 0.1111
Iteration 550: Loss_G: 1.1095, Loss_D: 0.1055
Iteration 600: Loss_G: 1.1394, Loss_D: 0.0990
Iteration 650: Loss_G: 1.2217, Loss_D: 0.1024
Iteration 700: Loss_G: 1.2368, Loss_D: 0.0993
Iteration 750: Loss_G: 1.1559, Loss_D: 0.1109
Iteration 800: Loss_G: 1.1787, Loss_D: 0.0979
Iteration 850: Loss_G: 1.1718, Loss_D: 0.0957
Iteration 900: Loss_G: 1.0797, Loss_D: 0.1162
Iteration 950: Loss_G: 1.0636, Loss_D: 0.1032
Iteration 1000: Loss_G: 1.1718, Loss_D: 0.0899
Iteration 1050: Loss_G: 1.2097, Loss_D: 0.0925
Iteration 1100: Loss_G: 1.2318, Loss_D: 0.0947
Iteration 1150: Loss_G: 1.2436, Loss_D: 0.1005
Iteration 1200: Loss_G: 1.2150, Loss_D: 0.0900
Epoch [16/40], Loss_G: 0.9645, Loss_D: 0.1004
Epoch [17/40] starts
Iteration 50: Loss_G: 1.1419, Loss_D: 0.1103
Iteration 100: Loss_G: 1.1155, Loss_D: 0.1002
Iteration 150: Loss_G: 1.2801, Loss_D: 0.0876
Iteration 200: Loss_G: 1.3172, Loss_D: 0.0971
Iteration 250: Loss_G: 1.2473, Loss_D: 0.1101
Iteration 300: Loss_G: 1.1532, Loss_D: 0.1086
Iteration 350: Loss_G: 1.2266, Loss_D: 0.1018
Iteration 400: Loss_G: 1.1823, Loss_D: 0.1045
Iteration 450: Loss_G: 1.1201, Loss_D: 0.1130
Iteration 500: Loss_G: 1.0627, Loss_D: 0.1117
Iteration 550: Loss_G: 1.0727, Loss_D: 0.1186
Iteration 600: Loss_G: 1.0430, Loss_D: 0.1043
Iteration 650: Loss_G: 1.1477, Loss_D: 0.0948
Iteration 700: Loss_G: 1.3600, Loss_D: 0.0855
Iteration 750: Loss_G: 1.2230, Loss_D: 0.1040
Iteration 800: Loss_G: 1.2304, Loss_D: 0.0946
Iteration 850: Loss_G: 1.2588, Loss_D: 0.0982
Iteration 900: Loss_G: 1.1402, Loss_D: 0.0989
Iteration 950: Loss_G: 1.1375, Loss_D: 0.1103
Iteration 1000: Loss_G: 1.0790, Loss_D: 0.1073
Iteration 1050: Loss_G: 1.1003, Loss_D: 0.1011
Iteration 1100: Loss_G: 1.1532, Loss_D: 0.0922
Iteration 1150: Loss_G: 1.2181, Loss_D: 0.1073
Iteration 1200: Loss_G: 1.1265, Loss_D: 0.1070
Epoch [17/40], Loss_G: 0.9597, Loss_D: 0.1029
Epoch [18/40] starts
Iteration 50: Loss_G: 1.2219, Loss_D: 0.0960
Iteration 100: Loss_G: 1.3003, Loss_D: 0.0952
Iteration 150: Loss_G: 1.2218, Loss_D: 0.0996
Iteration 200: Loss_G: 1.1573, Loss_D: 0.1012
Iteration 250: Loss_G: 1.3395, Loss_D: 0.0822
Iteration 300: Loss_G: 1.3501, Loss_D: 0.0929
Iteration 350: Loss_G: 1.2376, Loss_D: 0.1055
Iteration 400: Loss_G: 1.1584, Loss_D: 0.1031
Iteration 450: Loss_G: 1.1651, Loss_D: 0.1096
Iteration 500: Loss_G: 1.2576, Loss_D: 0.0759
Iteration 550: Loss_G: 1.3328, Loss_D: 0.0725
Iteration 600: Loss_G: 1.3027, Loss_D: 0.0877
Iteration 650: Loss_G: 1.2216, Loss_D: 0.1015
Iteration 700: Loss_G: 1.2106, Loss_D: 0.0939
Iteration 750: Loss_G: 1.1908, Loss_D: 0.0950
Iteration 800: Loss_G: 1.2561, Loss_D: 0.0854
Iteration 850: Loss_G: 1.3019, Loss_D: 0.0799
Iteration 900: Loss_G: 1.2903, Loss_D: 0.0854
Iteration 950: Loss_G: 1.3400, Loss_D: 0.0951
Iteration 1000: Loss_G: 1.2066, Loss_D: 0.1021
Iteration 1050: Loss_G: 1.2580, Loss_D: 0.0873
Iteration 1100: Loss_G: 1.2322, Loss_D: 0.1086
Iteration 1150: Loss_G: 1.2076, Loss_D: 0.1076
Iteration 1200: Loss_G: 1.2339, Loss_D: 0.0956
Epoch [18/40], Loss_G: 1.0230, Loss_D: 0.0941
Epoch [19/40] starts
Iteration 50: Loss_G: 1.2097, Loss_D: 0.1078
Iteration 100: Loss_G: 1.2175, Loss_D: 0.0963
Iteration 150: Loss_G: 1.1920, Loss_D: 0.0986
Iteration 200: Loss_G: 1.2556, Loss_D: 0.0947
Iteration 250: Loss_G: 1.1645, Loss_D: 0.0949
Iteration 300: Loss_G: 1.1501, Loss_D: 0.1122
Iteration 350: Loss_G: 1.1603, Loss_D: 0.1020
Iteration 400: Loss_G: 1.3092, Loss_D: 0.0962
Iteration 450: Loss_G: 1.1922, Loss_D: 0.1003
Iteration 500: Loss_G: 1.2284, Loss_D: 0.0875
Iteration 550: Loss_G: 1.1907, Loss_D: 0.0993
Iteration 600: Loss_G: 1.2306, Loss_D: 0.1018
Iteration 650: Loss_G: 1.2753, Loss_D: 0.0919
Iteration 700: Loss_G: 1.2612, Loss_D: 0.1106
Iteration 750: Loss_G: 1.2232, Loss_D: 0.1086
Iteration 800: Loss_G: 1.1533, Loss_D: 0.1007
Iteration 850: Loss_G: 1.1611, Loss_D: 0.1028
Iteration 900: Loss_G: 1.2235, Loss_D: 0.0949
Iteration 950: Loss_G: 1.1841, Loss_D: 0.0967
Iteration 1000: Loss_G: 1.2166, Loss_D: 0.1021
Iteration 1050: Loss_G: 1.1571, Loss_D: 0.0968
Iteration 1100: Loss_G: 1.1650, Loss_D: 0.1137
Iteration 1150: Loss_G: 1.1895, Loss_D: 0.0930
Iteration 1200: Loss_G: 1.2525, Loss_D: 0.0978
Epoch [19/40], Loss_G: 0.9878, Loss_D: 0.1000
Epoch [20/40] starts
Iteration 50: Loss_G: 1.1134, Loss_D: 0.1118
Iteration 100: Loss_G: 1.1800, Loss_D: 0.0915
Iteration 150: Loss_G: 1.2705, Loss_D: 0.0979
Iteration 200: Loss_G: 1.2804, Loss_D: 0.0807
Iteration 250: Loss_G: 1.1888, Loss_D: 0.1065
Iteration 300: Loss_G: 1.2498, Loss_D: 0.1026
Iteration 350: Loss_G: 1.1805, Loss_D: 0.1048
Iteration 400: Loss_G: 1.1801, Loss_D: 0.0986
Iteration 450: Loss_G: 1.1468, Loss_D: 0.1068
Iteration 500: Loss_G: 1.1992, Loss_D: 0.0942
Iteration 550: Loss_G: 1.2308, Loss_D: 0.0984
Iteration 600: Loss_G: 1.4370, Loss_D: 0.0756
Iteration 650: Loss_G: 1.4530, Loss_D: 0.1067
Iteration 700: Loss_G: 1.2158, Loss_D: 0.1041
Iteration 750: Loss_G: 1.1721, Loss_D: 0.1037
Iteration 800: Loss_G: 1.1581, Loss_D: 0.0962
Iteration 850: Loss_G: 1.2674, Loss_D: 0.0849
Iteration 900: Loss_G: 1.2049, Loss_D: 0.1049
Iteration 950: Loss_G: 1.2143, Loss_D: 0.0993
Iteration 1000: Loss_G: 1.2174, Loss_D: 0.0880
Iteration 1050: Loss_G: 1.2242, Loss_D: 0.0918
Iteration 1100: Loss_G: 1.1888, Loss_D: 0.0926
Iteration 1150: Loss_G: 1.1872, Loss_D: 0.1133
Iteration 1200: Loss_G: 1.1276, Loss_D: 0.1033
Epoch [20/40], Loss_G: 0.9989, Loss_D: 0.0983
Epoch [21/40] starts
Iteration 50: Loss_G: 1.1901, Loss_D: 0.0885
Iteration 100: Loss_G: 1.2854, Loss_D: 0.0815
Iteration 150: Loss_G: 1.2045, Loss_D: 0.0935
Iteration 200: Loss_G: 1.2588, Loss_D: 0.0894
Iteration 250: Loss_G: 1.2392, Loss_D: 0.0956
Iteration 300: Loss_G: 1.2248, Loss_D: 0.0928
Iteration 350: Loss_G: 1.2422, Loss_D: 0.0966
Iteration 400: Loss_G: 1.2065, Loss_D: 0.0984
Iteration 450: Loss_G: 1.1348, Loss_D: 0.1083
Iteration 500: Loss_G: 1.1406, Loss_D: 0.1018
Iteration 550: Loss_G: 1.1256, Loss_D: 0.1054
Iteration 600: Loss_G: 1.2047, Loss_D: 0.0972
Iteration 650: Loss_G: 1.1479, Loss_D: 0.0996
Iteration 700: Loss_G: 1.2356, Loss_D: 0.0928
Iteration 750: Loss_G: 1.1933, Loss_D: 0.1069
Iteration 800: Loss_G: 1.1819, Loss_D: 0.0940
Iteration 850: Loss_G: 1.1617, Loss_D: 0.0994
Iteration 900: Loss_G: 1.1663, Loss_D: 0.0999
Iteration 950: Loss_G: 1.1825, Loss_D: 0.0979
Iteration 1000: Loss_G: 1.1089, Loss_D: 0.1025
Iteration 1050: Loss_G: 1.1303, Loss_D: 0.0965
Iteration 1100: Loss_G: 1.2028, Loss_D: 0.1055
Iteration 1150: Loss_G: 1.1180, Loss_D: 0.0971
Iteration 1200: Loss_G: 1.2062, Loss_D: 0.0849
Epoch [21/40], Loss_G: 0.9718, Loss_D: 0.0969
Epoch [22/40] starts
Iteration 50: Loss_G: 1.2533, Loss_D: 0.0880
Iteration 100: Loss_G: 1.2461, Loss_D: 0.0940
Iteration 150: Loss_G: 1.2424, Loss_D: 0.0999
Iteration 200: Loss_G: 1.3690, Loss_D: 0.0829
Iteration 250: Loss_G: 1.1880, Loss_D: 0.1003
Iteration 300: Loss_G: 1.1595, Loss_D: 0.0993
Iteration 350: Loss_G: 1.2716, Loss_D: 0.0839
Iteration 400: Loss_G: 1.2788, Loss_D: 0.0868
Iteration 450: Loss_G: 1.1686, Loss_D: 0.1076
Iteration 500: Loss_G: 1.1163, Loss_D: 0.1070
Iteration 550: Loss_G: 1.2290, Loss_D: 0.0847
Iteration 600: Loss_G: 1.2486, Loss_D: 0.0905
Iteration 650: Loss_G: 1.2520, Loss_D: 0.0861
Iteration 700: Loss_G: 1.2043, Loss_D: 0.0959
Iteration 750: Loss_G: 1.1842, Loss_D: 0.0982
Iteration 800: Loss_G: 1.1917, Loss_D: 0.0873
Iteration 850: Loss_G: 1.2485, Loss_D: 0.0821
Iteration 900: Loss_G: 1.3155, Loss_D: 0.0855
Iteration 950: Loss_G: 1.4761, Loss_D: 0.0802
Iteration 1000: Loss_G: 1.4706, Loss_D: 0.0863
Iteration 1050: Loss_G: 1.3072, Loss_D: 0.0807
Iteration 1100: Loss_G: 1.3105, Loss_D: 0.0878
Iteration 1150: Loss_G: 1.3325, Loss_D: 0.0874
Iteration 1200: Loss_G: 1.1998, Loss_D: 0.1017
Epoch [22/40], Loss_G: 1.0322, Loss_D: 0.0910
Epoch [23/40] starts
Iteration 50: Loss_G: 1.2328, Loss_D: 0.0943
Iteration 100: Loss_G: 1.2265, Loss_D: 0.0994
Iteration 150: Loss_G: 1.1873, Loss_D: 0.1076
Iteration 200: Loss_G: 1.1604, Loss_D: 0.1055
Iteration 250: Loss_G: 1.2097, Loss_D: 0.1013
Iteration 300: Loss_G: 1.2275, Loss_D: 0.0952
Iteration 350: Loss_G: 1.2487, Loss_D: 0.0979
Iteration 400: Loss_G: 1.2308, Loss_D: 0.0928
Iteration 450: Loss_G: 1.2649, Loss_D: 0.0781
Iteration 500: Loss_G: 1.2079, Loss_D: 0.0976
Iteration 550: Loss_G: 1.2443, Loss_D: 0.0934
Iteration 600: Loss_G: 1.2842, Loss_D: 0.0985
Iteration 650: Loss_G: 1.3316, Loss_D: 0.0836
Iteration 700: Loss_G: 1.2124, Loss_D: 0.0908
Iteration 750: Loss_G: 1.1877, Loss_D: 0.0965
Iteration 800: Loss_G: 1.2544, Loss_D: 0.0904
Iteration 850: Loss_G: 1.1936, Loss_D: 0.0973
Iteration 900: Loss_G: 1.2274, Loss_D: 0.0890
Iteration 950: Loss_G: 1.2556, Loss_D: 0.0853
Iteration 1000: Loss_G: 1.2924, Loss_D: 0.0863
Iteration 1050: Loss_G: 1.2966, Loss_D: 0.0881
Iteration 1100: Loss_G: 1.3060, Loss_D: 0.0856
Iteration 1150: Loss_G: 1.2572, Loss_D: 0.0894
Iteration 1200: Loss_G: 1.2095, Loss_D: 0.0923
Epoch [23/40], Loss_G: 1.0146, Loss_D: 0.0932
Epoch [24/40] starts
Iteration 50: Loss_G: 1.2751, Loss_D: 0.0941
Iteration 100: Loss_G: 1.2642, Loss_D: 0.0950
Iteration 150: Loss_G: 1.4680, Loss_D: 0.0750
Iteration 200: Loss_G: 1.6145, Loss_D: 0.0541
Iteration 250: Loss_G: 1.4566, Loss_D: 0.1003
Iteration 300: Loss_G: 1.3094, Loss_D: 0.0957
Iteration 350: Loss_G: 1.2707, Loss_D: 0.0999
Iteration 400: Loss_G: 1.2054, Loss_D: 0.1036
Iteration 450: Loss_G: 1.2265, Loss_D: 0.1000
Iteration 500: Loss_G: 1.3223, Loss_D: 0.0820
Iteration 550: Loss_G: 1.2846, Loss_D: 0.0812
Iteration 600: Loss_G: 1.2430, Loss_D: 0.1008
Iteration 650: Loss_G: 1.2415, Loss_D: 0.0887
Iteration 700: Loss_G: 1.2382, Loss_D: 0.1015
Iteration 750: Loss_G: 1.2527, Loss_D: 0.0964
Iteration 800: Loss_G: 1.2549, Loss_D: 0.0831
Iteration 850: Loss_G: 1.2419, Loss_D: 0.1070
Iteration 900: Loss_G: 1.2046, Loss_D: 0.1022
Iteration 950: Loss_G: 1.2972, Loss_D: 0.1053
Iteration 1000: Loss_G: 1.2212, Loss_D: 0.0963
Iteration 1050: Loss_G: 1.2106, Loss_D: 0.0972
Iteration 1100: Loss_G: 1.1470, Loss_D: 0.1012
Iteration 1150: Loss_G: 1.2123, Loss_D: 0.0958
Iteration 1200: Loss_G: 1.2327, Loss_D: 0.0948
Epoch [24/40], Loss_G: 1.0469, Loss_D: 0.0938
Epoch [25/40] starts
Iteration 50: Loss_G: 1.2368, Loss_D: 0.0980
Iteration 100: Loss_G: 1.1939, Loss_D: 0.1001
Iteration 150: Loss_G: 1.2193, Loss_D: 0.0955
Iteration 200: Loss_G: 1.1843, Loss_D: 0.0994
Iteration 250: Loss_G: 1.2325, Loss_D: 0.0948
Iteration 300: Loss_G: 1.4061, Loss_D: 0.0823
Iteration 350: Loss_G: 1.4294, Loss_D: 0.0992
Iteration 400: Loss_G: 1.2033, Loss_D: 0.0986
Iteration 450: Loss_G: 1.1265, Loss_D: 0.1063
Iteration 500: Loss_G: 1.0790, Loss_D: 0.1074
Iteration 550: Loss_G: 1.1363, Loss_D: 0.1045
Iteration 600: Loss_G: 1.1465, Loss_D: 0.1010
Iteration 650: Loss_G: 1.1217, Loss_D: 0.1056
Iteration 700: Loss_G: 1.1627, Loss_D: 0.1017
Iteration 750: Loss_G: 1.1639, Loss_D: 0.0978
Iteration 800: Loss_G: 1.2271, Loss_D: 0.0920
Iteration 850: Loss_G: 1.1769, Loss_D: 0.1073
Iteration 900: Loss_G: 1.2542, Loss_D: 0.0852
Iteration 950: Loss_G: 1.2332, Loss_D: 0.0997
Iteration 1000: Loss_G: 1.2474, Loss_D: 0.0871
Iteration 1050: Loss_G: 1.2097, Loss_D: 0.0978
Iteration 1100: Loss_G: 1.2235, Loss_D: 0.1002
Iteration 1150: Loss_G: 1.2124, Loss_D: 0.1025
Iteration 1200: Loss_G: 1.2262, Loss_D: 0.1013
Epoch [25/40], Loss_G: 0.9909, Loss_D: 0.0985
Epoch [26/40] starts
Iteration 50: Loss_G: 1.1604, Loss_D: 0.0994
Iteration 100: Loss_G: 1.2169, Loss_D: 0.0993
Iteration 150: Loss_G: 1.2706, Loss_D: 0.0906
Iteration 200: Loss_G: 1.2912, Loss_D: 0.0904
Iteration 250: Loss_G: 1.2722, Loss_D: 0.0834
Iteration 300: Loss_G: 1.2140, Loss_D: 0.0893
Iteration 350: Loss_G: 1.2283, Loss_D: 0.0988
Iteration 400: Loss_G: 1.2220, Loss_D: 0.0971
Iteration 450: Loss_G: 1.2185, Loss_D: 0.0908
Iteration 500: Loss_G: 1.2345, Loss_D: 0.1019
Iteration 550: Loss_G: 1.1898, Loss_D: 0.1000
Iteration 600: Loss_G: 1.1692, Loss_D: 0.1086
Iteration 650: Loss_G: 1.2505, Loss_D: 0.0947
Iteration 700: Loss_G: 1.3664, Loss_D: 0.0921
Iteration 750: Loss_G: 1.4566, Loss_D: 0.0946
Iteration 800: Loss_G: 1.2053, Loss_D: 0.1100
Iteration 850: Loss_G: 1.2411, Loss_D: 0.0904
Iteration 900: Loss_G: 1.2099, Loss_D: 0.0937
Iteration 950: Loss_G: 1.2336, Loss_D: 0.0900
Iteration 1000: Loss_G: 1.1564, Loss_D: 0.0994
Iteration 1050: Loss_G: 1.2405, Loss_D: 0.0871
Iteration 1100: Loss_G: 1.2456, Loss_D: 0.0865
Iteration 1150: Loss_G: 1.2699, Loss_D: 0.1042
Iteration 1200: Loss_G: 1.1197, Loss_D: 0.1097
Epoch [26/40], Loss_G: 1.0124, Loss_D: 0.0959
Epoch [27/40] starts
Iteration 50: Loss_G: 1.1227, Loss_D: 0.1170
Iteration 100: Loss_G: 1.1576, Loss_D: 0.1013
Iteration 150: Loss_G: 1.2273, Loss_D: 0.0931
Iteration 200: Loss_G: 1.2131, Loss_D: 0.1024
Iteration 250: Loss_G: 1.2538, Loss_D: 0.0862
Iteration 300: Loss_G: 1.2867, Loss_D: 0.0751
Iteration 350: Loss_G: 1.4027, Loss_D: 0.0825
Iteration 400: Loss_G: 1.1943, Loss_D: 0.1070
Iteration 450: Loss_G: 1.2443, Loss_D: 0.0962
Iteration 500: Loss_G: 1.2985, Loss_D: 0.0943
Iteration 550: Loss_G: 1.2661, Loss_D: 0.1009
Iteration 600: Loss_G: 1.3168, Loss_D: 0.0811
Iteration 650: Loss_G: 1.1929, Loss_D: 0.1054
Iteration 700: Loss_G: 1.1476, Loss_D: 0.1036
Iteration 750: Loss_G: 1.1338, Loss_D: 0.0981
Iteration 800: Loss_G: 1.0847, Loss_D: 0.1019
Iteration 850: Loss_G: 1.1209, Loss_D: 0.0966
Iteration 900: Loss_G: 1.1061, Loss_D: 0.1043
Iteration 950: Loss_G: 1.1619, Loss_D: 0.1023
Iteration 1000: Loss_G: 1.1669, Loss_D: 0.1019
Iteration 1050: Loss_G: 1.2121, Loss_D: 0.0899
Iteration 1100: Loss_G: 1.1951, Loss_D: 0.0928
Iteration 1150: Loss_G: 1.2342, Loss_D: 0.0964
Iteration 1200: Loss_G: 1.1639, Loss_D: 0.0993
Epoch [27/40], Loss_G: 0.9858, Loss_D: 0.0971
Epoch [28/40] starts
Iteration 50: Loss_G: 1.1275, Loss_D: 0.1096
Iteration 100: Loss_G: 1.1341, Loss_D: 0.0918
Iteration 150: Loss_G: 1.1404, Loss_D: 0.0951
Iteration 200: Loss_G: 1.1347, Loss_D: 0.1087
Iteration 250: Loss_G: 1.1920, Loss_D: 0.1035
Iteration 300: Loss_G: 1.1000, Loss_D: 0.1013
Iteration 350: Loss_G: 1.0516, Loss_D: 0.1029
Iteration 400: Loss_G: 1.0648, Loss_D: 0.1058
Iteration 450: Loss_G: 1.2173, Loss_D: 0.0915
Iteration 500: Loss_G: 1.1619, Loss_D: 0.0947
Iteration 550: Loss_G: 1.1736, Loss_D: 0.0964
Iteration 600: Loss_G: 1.1868, Loss_D: 0.0920
Iteration 650: Loss_G: 1.1891, Loss_D: 0.0994
Iteration 700: Loss_G: 1.1706, Loss_D: 0.0992
Iteration 750: Loss_G: 1.2352, Loss_D: 0.0865
Iteration 800: Loss_G: 1.3181, Loss_D: 0.0799
Iteration 850: Loss_G: 1.2384, Loss_D: 0.0877
Iteration 900: Loss_G: 1.1919, Loss_D: 0.0981
Iteration 950: Loss_G: 1.2728, Loss_D: 0.0877
Iteration 1000: Loss_G: 1.2578, Loss_D: 0.0987
Iteration 1050: Loss_G: 1.1901, Loss_D: 0.1021
Iteration 1100: Loss_G: 1.2354, Loss_D: 0.1000
Iteration 1150: Loss_G: 1.1498, Loss_D: 0.1060
Iteration 1200: Loss_G: 1.1385, Loss_D: 0.1006
Epoch [28/40], Loss_G: 0.9643, Loss_D: 0.0975
Epoch [29/40] starts
Iteration 50: Loss_G: 1.2421, Loss_D: 0.0992
Iteration 100: Loss_G: 1.1734, Loss_D: 0.0923
Iteration 150: Loss_G: 1.2132, Loss_D: 0.0981
Iteration 200: Loss_G: 1.1813, Loss_D: 0.1046
Iteration 250: Loss_G: 1.1755, Loss_D: 0.0998
Iteration 300: Loss_G: 1.1915, Loss_D: 0.0943
Iteration 350: Loss_G: 1.1634, Loss_D: 0.1077
Iteration 400: Loss_G: 1.2053, Loss_D: 0.0961
Iteration 450: Loss_G: 1.1778, Loss_D: 0.1068
Iteration 500: Loss_G: 1.2498, Loss_D: 0.1074
Iteration 550: Loss_G: 1.1823, Loss_D: 0.1009
Iteration 600: Loss_G: 1.2685, Loss_D: 0.0861
Iteration 650: Loss_G: 1.4804, Loss_D: 0.0803
Iteration 700: Loss_G: 1.2874, Loss_D: 0.0869
Iteration 750: Loss_G: 1.3707, Loss_D: 0.0723
Iteration 800: Loss_G: 1.3756, Loss_D: 0.0733
Iteration 850: Loss_G: 1.3100, Loss_D: 0.0838
Iteration 900: Loss_G: 1.2602, Loss_D: 0.0837
Iteration 950: Loss_G: 1.2920, Loss_D: 0.0789
Iteration 1000: Loss_G: 1.2441, Loss_D: 0.0899
Iteration 1050: Loss_G: 1.2615, Loss_D: 0.0899
Iteration 1100: Loss_G: 1.2109, Loss_D: 0.0919
Iteration 1150: Loss_G: 1.2237, Loss_D: 0.0949
Iteration 1200: Loss_G: 1.2330, Loss_D: 0.0990
Epoch [29/40], Loss_G: 1.0223, Loss_D: 0.0924
Epoch [30/40] starts
Iteration 50: Loss_G: 1.2958, Loss_D: 0.0783
Iteration 100: Loss_G: 1.3388, Loss_D: 0.0707
Iteration 150: Loss_G: 1.2248, Loss_D: 0.0988
Iteration 200: Loss_G: 1.2327, Loss_D: 0.1002
Iteration 250: Loss_G: 1.2134, Loss_D: 0.0953
Iteration 300: Loss_G: 1.2407, Loss_D: 0.0948
Iteration 350: Loss_G: 1.2851, Loss_D: 0.0909
Iteration 400: Loss_G: 1.2277, Loss_D: 0.0979
Iteration 450: Loss_G: 1.2272, Loss_D: 0.0819
Iteration 500: Loss_G: 1.3080, Loss_D: 0.0754
Iteration 550: Loss_G: 1.2070, Loss_D: 0.0960
Iteration 600: Loss_G: 1.2420, Loss_D: 0.1042
Iteration 650: Loss_G: 1.2557, Loss_D: 0.1069
Iteration 700: Loss_G: 1.2507, Loss_D: 0.0971
Iteration 750: Loss_G: 1.1898, Loss_D: 0.0933
Iteration 800: Loss_G: 1.1982, Loss_D: 0.0895
Iteration 850: Loss_G: 1.2246, Loss_D: 0.0975
Iteration 900: Loss_G: 1.3483, Loss_D: 0.0913
Iteration 950: Loss_G: 1.4627, Loss_D: 0.0747
Iteration 1000: Loss_G: 1.4968, Loss_D: 0.0885
Iteration 1050: Loss_G: 1.2524, Loss_D: 0.0947
Iteration 1100: Loss_G: 1.2010, Loss_D: 0.0942
Iteration 1150: Loss_G: 1.2215, Loss_D: 0.1005
Iteration 1200: Loss_G: 1.1937, Loss_D: 0.1016
Epoch [30/40], Loss_G: 1.0347, Loss_D: 0.0923
Epoch [31/40] starts
Iteration 50: Loss_G: 1.2244, Loss_D: 0.1006
Iteration 100: Loss_G: 1.1816, Loss_D: 0.1030
Iteration 150: Loss_G: 1.1141, Loss_D: 0.1100
Iteration 200: Loss_G: 1.2169, Loss_D: 0.0847
Iteration 250: Loss_G: 1.1652, Loss_D: 0.1082
Iteration 300: Loss_G: 1.1648, Loss_D: 0.1000
Iteration 350: Loss_G: 1.2011, Loss_D: 0.0882
Iteration 400: Loss_G: 1.2880, Loss_D: 0.0864
Iteration 450: Loss_G: 1.2892, Loss_D: 0.0938
Iteration 500: Loss_G: 1.2408, Loss_D: 0.0914
Iteration 550: Loss_G: 1.2472, Loss_D: 0.0829
Iteration 600: Loss_G: 1.2544, Loss_D: 0.0766
Iteration 650: Loss_G: 1.2520, Loss_D: 0.0906
Iteration 700: Loss_G: 1.3182, Loss_D: 0.0952
Iteration 750: Loss_G: 1.2558, Loss_D: 0.0967
Iteration 800: Loss_G: 1.2543, Loss_D: 0.0991
Iteration 850: Loss_G: 1.3277, Loss_D: 0.0770
Iteration 900: Loss_G: 1.5076, Loss_D: 0.0774
Iteration 950: Loss_G: 1.5052, Loss_D: 0.0802
Iteration 1000: Loss_G: 1.6248, Loss_D: 0.0872
Iteration 1050: Loss_G: 1.2681, Loss_D: 0.0906
Iteration 1100: Loss_G: 1.1930, Loss_D: 0.1011
Iteration 1150: Loss_G: 1.2309, Loss_D: 0.0925
Iteration 1200: Loss_G: 1.2493, Loss_D: 0.0968
Epoch [31/40], Loss_G: 1.0428, Loss_D: 0.0921
Epoch [32/40] starts
Iteration 50: Loss_G: 1.1628, Loss_D: 0.1112
Iteration 100: Loss_G: 1.1678, Loss_D: 0.0910
Iteration 150: Loss_G: 1.2534, Loss_D: 0.1003
Iteration 200: Loss_G: 1.2142, Loss_D: 0.1084
Iteration 250: Loss_G: 1.1584, Loss_D: 0.0998
Iteration 300: Loss_G: 1.2174, Loss_D: 0.0920
Iteration 350: Loss_G: 1.2165, Loss_D: 0.0955
Iteration 400: Loss_G: 1.1983, Loss_D: 0.0958
Iteration 450: Loss_G: 1.1992, Loss_D: 0.0981
Iteration 500: Loss_G: 1.2277, Loss_D: 0.0917
Iteration 550: Loss_G: 1.2644, Loss_D: 0.0917
Iteration 600: Loss_G: 1.2398, Loss_D: 0.0941
Iteration 650: Loss_G: 1.2757, Loss_D: 0.1018
Iteration 700: Loss_G: 1.2765, Loss_D: 0.0929
Iteration 750: Loss_G: 1.3082, Loss_D: 0.0904
Iteration 800: Loss_G: 1.1876, Loss_D: 0.1120
Iteration 850: Loss_G: 1.2018, Loss_D: 0.1058
Iteration 900: Loss_G: 1.1858, Loss_D: 0.0955
Iteration 950: Loss_G: 1.2021, Loss_D: 0.0835
Iteration 1000: Loss_G: 1.2239, Loss_D: 0.0959
Iteration 1050: Loss_G: 1.1334, Loss_D: 0.0986
Iteration 1100: Loss_G: 1.1683, Loss_D: 0.0988
Iteration 1150: Loss_G: 1.1955, Loss_D: 0.0972
Iteration 1200: Loss_G: 1.1557, Loss_D: 0.1004
Epoch [32/40], Loss_G: 0.9903, Loss_D: 0.0976
Epoch [33/40] starts
Iteration 50: Loss_G: 1.2520, Loss_D: 0.0923
Iteration 100: Loss_G: 1.2759, Loss_D: 0.0928
Iteration 150: Loss_G: 1.2417, Loss_D: 0.1006
Iteration 200: Loss_G: 1.2253, Loss_D: 0.0977
Iteration 250: Loss_G: 1.1877, Loss_D: 0.1006
Iteration 300: Loss_G: 1.2138, Loss_D: 0.0999
Iteration 350: Loss_G: 1.2369, Loss_D: 0.0935
Iteration 400: Loss_G: 1.1564, Loss_D: 0.1042
Iteration 450: Loss_G: 1.1281, Loss_D: 0.1035
Iteration 500: Loss_G: 1.2078, Loss_D: 0.0954
Iteration 550: Loss_G: 1.2119, Loss_D: 0.0975
Iteration 600: Loss_G: 1.2047, Loss_D: 0.1024
Iteration 650: Loss_G: 1.2621, Loss_D: 0.0902
Iteration 700: Loss_G: 1.1490, Loss_D: 0.1113
Iteration 750: Loss_G: 1.0657, Loss_D: 0.1049
Iteration 800: Loss_G: 1.1083, Loss_D: 0.1065
Iteration 850: Loss_G: 1.1462, Loss_D: 0.0962
Iteration 900: Loss_G: 1.2199, Loss_D: 0.0902
Iteration 950: Loss_G: 1.2449, Loss_D: 0.1025
Iteration 1000: Loss_G: 1.2232, Loss_D: 0.1065
Iteration 1050: Loss_G: 1.1708, Loss_D: 0.1001
Iteration 1100: Loss_G: 1.1177, Loss_D: 0.1108
Iteration 1150: Loss_G: 1.1734, Loss_D: 0.0981
Iteration 1200: Loss_G: 1.1450, Loss_D: 0.0966
Epoch [33/40], Loss_G: 0.9744, Loss_D: 0.0998
Epoch [34/40] starts
Iteration 50: Loss_G: 1.0909, Loss_D: 0.1213
Iteration 100: Loss_G: 1.1608, Loss_D: 0.1049
Iteration 150: Loss_G: 1.1628, Loss_D: 0.1004
Iteration 200: Loss_G: 1.3442, Loss_D: 0.0683
Iteration 250: Loss_G: 1.5406, Loss_D: 0.0774
Iteration 300: Loss_G: 1.6099, Loss_D: 0.0583
Iteration 350: Loss_G: 1.6838, Loss_D: 0.0633
Iteration 400: Loss_G: 1.3392, Loss_D: 0.1048
Iteration 450: Loss_G: 1.2627, Loss_D: 0.0916
Iteration 500: Loss_G: 1.2693, Loss_D: 0.0872
Iteration 550: Loss_G: 1.2706, Loss_D: 0.1014
Iteration 600: Loss_G: 1.2382, Loss_D: 0.1044
Iteration 650: Loss_G: 1.2016, Loss_D: 0.0924
Iteration 700: Loss_G: 1.2666, Loss_D: 0.0834
Iteration 750: Loss_G: 1.2206, Loss_D: 0.1014
Iteration 800: Loss_G: 1.1537, Loss_D: 0.1043
Iteration 850: Loss_G: 1.1715, Loss_D: 0.1132
Iteration 900: Loss_G: 1.1489, Loss_D: 0.0960
Iteration 950: Loss_G: 1.2129, Loss_D: 0.0932
Iteration 1000: Loss_G: 1.1967, Loss_D: 0.1037
Iteration 1050: Loss_G: 1.2524, Loss_D: 0.0844
Iteration 1100: Loss_G: 1.2201, Loss_D: 0.0872
Iteration 1150: Loss_G: 1.2442, Loss_D: 0.0887
Iteration 1200: Loss_G: 1.2458, Loss_D: 0.0915
Epoch [34/40], Loss_G: 1.0405, Loss_D: 0.0926
Epoch [35/40] starts
Iteration 50: Loss_G: 1.2093, Loss_D: 0.0975
Iteration 100: Loss_G: 1.1636, Loss_D: 0.1013
Iteration 150: Loss_G: 1.2085, Loss_D: 0.0924
Iteration 200: Loss_G: 1.1956, Loss_D: 0.0984
Iteration 250: Loss_G: 1.1812, Loss_D: 0.0920
Iteration 300: Loss_G: 1.1763, Loss_D: 0.1037
Iteration 350: Loss_G: 1.2491, Loss_D: 0.0843
Iteration 400: Loss_G: 1.1866, Loss_D: 0.0981
Iteration 450: Loss_G: 1.1775, Loss_D: 0.1017
Iteration 500: Loss_G: 1.1899, Loss_D: 0.1085
Iteration 550: Loss_G: 1.2154, Loss_D: 0.1040
Iteration 600: Loss_G: 1.1626, Loss_D: 0.1045
Iteration 650: Loss_G: 1.2217, Loss_D: 0.1030
Iteration 700: Loss_G: 1.2175, Loss_D: 0.0970
Iteration 750: Loss_G: 1.2891, Loss_D: 0.0814
Iteration 800: Loss_G: 1.2156, Loss_D: 0.0960
Iteration 850: Loss_G: 1.2284, Loss_D: 0.1006
Iteration 900: Loss_G: 1.1976, Loss_D: 0.1061
Iteration 950: Loss_G: 1.1733, Loss_D: 0.1162
Iteration 1000: Loss_G: 1.1969, Loss_D: 0.0990
Iteration 1050: Loss_G: 1.1924, Loss_D: 0.0958
Iteration 1100: Loss_G: 1.2387, Loss_D: 0.1077
Iteration 1150: Loss_G: 1.0779, Loss_D: 0.1119
Iteration 1200: Loss_G: 1.1758, Loss_D: 0.0879
Epoch [35/40], Loss_G: 0.9802, Loss_D: 0.0995
Epoch [36/40] starts
Iteration 50: Loss_G: 1.2614, Loss_D: 0.0835
Iteration 100: Loss_G: 1.2308, Loss_D: 0.0872
Iteration 150: Loss_G: 1.2427, Loss_D: 0.0957
Iteration 200: Loss_G: 1.1174, Loss_D: 0.1069
Iteration 250: Loss_G: 1.1582, Loss_D: 0.0990
Iteration 300: Loss_G: 1.1556, Loss_D: 0.0938
Iteration 350: Loss_G: 1.2465, Loss_D: 0.0954
Iteration 400: Loss_G: 1.2296, Loss_D: 0.0960
Iteration 450: Loss_G: 1.1984, Loss_D: 0.0951
Iteration 500: Loss_G: 1.0985, Loss_D: 0.1149
Iteration 550: Loss_G: 1.1397, Loss_D: 0.1038
Iteration 600: Loss_G: 1.1969, Loss_D: 0.0855
Iteration 650: Loss_G: 1.1041, Loss_D: 0.1136
Iteration 700: Loss_G: 1.2631, Loss_D: 0.0842
Iteration 750: Loss_G: 1.4682, Loss_D: 0.0768
Iteration 800: Loss_G: 1.5552, Loss_D: 0.0729
Iteration 850: Loss_G: 1.2597, Loss_D: 0.1203
Iteration 900: Loss_G: 1.1720, Loss_D: 0.0991
Iteration 950: Loss_G: 1.1739, Loss_D: 0.0906
Iteration 1000: Loss_G: 1.2245, Loss_D: 0.0975
Iteration 1050: Loss_G: 1.1722, Loss_D: 0.1021
Iteration 1100: Loss_G: 1.1797, Loss_D: 0.0948
Iteration 1150: Loss_G: 1.2239, Loss_D: 0.0916
Iteration 1200: Loss_G: 1.1373, Loss_D: 0.1119
Epoch [36/40], Loss_G: 0.9962, Loss_D: 0.0963
Epoch [37/40] starts
Iteration 50: Loss_G: 1.2422, Loss_D: 0.0950
Iteration 100: Loss_G: 1.3144, Loss_D: 0.0869
Iteration 150: Loss_G: 1.2986, Loss_D: 0.0763
Iteration 200: Loss_G: 1.3244, Loss_D: 0.0817
Iteration 250: Loss_G: 1.2841, Loss_D: 0.0844
Iteration 300: Loss_G: 1.3017, Loss_D: 0.0805
Iteration 350: Loss_G: 1.2932, Loss_D: 0.0811
Iteration 400: Loss_G: 1.2572, Loss_D: 0.1055
Iteration 450: Loss_G: 1.2535, Loss_D: 0.1070
Iteration 500: Loss_G: 1.1827, Loss_D: 0.1201
Iteration 550: Loss_G: 1.1448, Loss_D: 0.1032
Iteration 600: Loss_G: 1.2087, Loss_D: 0.1018
Iteration 650: Loss_G: 1.1835, Loss_D: 0.0903
Iteration 700: Loss_G: 1.1977, Loss_D: 0.0995
Iteration 750: Loss_G: 1.1747, Loss_D: 0.0984
Iteration 800: Loss_G: 1.1026, Loss_D: 0.1051
Iteration 850: Loss_G: 1.1211, Loss_D: 0.0964
Iteration 900: Loss_G: 1.1285, Loss_D: 0.1016
Iteration 950: Loss_G: 1.1965, Loss_D: 0.0922
Iteration 1000: Loss_G: 1.1236, Loss_D: 0.1072
Iteration 1050: Loss_G: 1.1791, Loss_D: 0.0883
Iteration 1100: Loss_G: 1.2113, Loss_D: 0.0878
Iteration 1150: Loss_G: 1.2215, Loss_D: 0.0816
Iteration 1200: Loss_G: 1.2393, Loss_D: 0.0874
Epoch [37/40], Loss_G: 0.9954, Loss_D: 0.0941
Epoch [38/40] starts
Iteration 50: Loss_G: 1.1897, Loss_D: 0.0967
Iteration 100: Loss_G: 1.2317, Loss_D: 0.0898
Iteration 150: Loss_G: 1.2019, Loss_D: 0.0955
Iteration 200: Loss_G: 1.2074, Loss_D: 0.0925
Iteration 250: Loss_G: 1.2191, Loss_D: 0.0974
Iteration 300: Loss_G: 1.2753, Loss_D: 0.0945
Iteration 350: Loss_G: 1.2801, Loss_D: 0.0837
Iteration 400: Loss_G: 1.2229, Loss_D: 0.0974
Iteration 450: Loss_G: 1.2743, Loss_D: 0.0914
Iteration 500: Loss_G: 1.2078, Loss_D: 0.1142
Iteration 550: Loss_G: 1.0927, Loss_D: 0.1200
Iteration 600: Loss_G: 1.1322, Loss_D: 0.0958
Iteration 650: Loss_G: 1.1797, Loss_D: 0.0923
Iteration 700: Loss_G: 1.1170, Loss_D: 0.1060
Iteration 750: Loss_G: 1.1651, Loss_D: 0.0897
Iteration 800: Loss_G: 1.1831, Loss_D: 0.0930
Iteration 850: Loss_G: 1.2072, Loss_D: 0.0993
Iteration 900: Loss_G: 1.1329, Loss_D: 0.1157
Iteration 950: Loss_G: 1.1982, Loss_D: 0.1019
Iteration 1000: Loss_G: 1.1571, Loss_D: 0.1032
Iteration 1050: Loss_G: 1.2110, Loss_D: 0.0861
Iteration 1100: Loss_G: 1.3454, Loss_D: 0.0847
Iteration 1150: Loss_G: 1.3016, Loss_D: 0.0772
Iteration 1200: Loss_G: 1.2632, Loss_D: 0.0981
Epoch [38/40], Loss_G: 0.9890, Loss_D: 0.0965
Epoch [39/40] starts
Iteration 50: Loss_G: 1.2967, Loss_D: 0.0906
Iteration 100: Loss_G: 1.3161, Loss_D: 0.0846
Iteration 150: Loss_G: 1.2205, Loss_D: 0.1127
Iteration 200: Loss_G: 1.1739, Loss_D: 0.1052
Iteration 250: Loss_G: 1.2592, Loss_D: 0.0902
Iteration 300: Loss_G: 1.1618, Loss_D: 0.1004
Iteration 350: Loss_G: 1.2576, Loss_D: 0.0903
Iteration 400: Loss_G: 1.3082, Loss_D: 0.0986
Iteration 450: Loss_G: 1.3308, Loss_D: 0.0936
Iteration 500: Loss_G: 1.3142, Loss_D: 0.0870
Iteration 550: Loss_G: 1.3086, Loss_D: 0.0802
Iteration 600: Loss_G: 1.2070, Loss_D: 0.0978
Iteration 650: Loss_G: 1.3791, Loss_D: 0.0952
Iteration 700: Loss_G: 1.2411, Loss_D: 0.0953
Iteration 750: Loss_G: 1.2524, Loss_D: 0.0966
Iteration 800: Loss_G: 1.2006, Loss_D: 0.0995
Iteration 850: Loss_G: 1.3115, Loss_D: 0.0971
Iteration 900: Loss_G: 1.1251, Loss_D: 0.0996
Iteration 950: Loss_G: 1.1212, Loss_D: 0.1036
Iteration 1000: Loss_G: 1.1962, Loss_D: 0.0857
Iteration 1050: Loss_G: 1.2366, Loss_D: 0.0947
Iteration 1100: Loss_G: 1.1619, Loss_D: 0.0972
Iteration 1150: Loss_G: 1.2085, Loss_D: 0.0939
Iteration 1200: Loss_G: 1.1912, Loss_D: 0.1006
Epoch [39/40], Loss_G: 1.0157, Loss_D: 0.0954
Epoch [40/40] starts
Iteration 50: Loss_G: 1.2211, Loss_D: 0.0906
Iteration 100: Loss_G: 1.2494, Loss_D: 0.0839
Iteration 150: Loss_G: 1.2830, Loss_D: 0.0809
Iteration 200: Loss_G: 1.4291, Loss_D: 0.0967
Iteration 250: Loss_G: 1.5517, Loss_D: 0.0738
Iteration 300: Loss_G: 1.2188, Loss_D: 0.1384
Iteration 350: Loss_G: 1.0824, Loss_D: 0.1082
Iteration 400: Loss_G: 1.0846, Loss_D: 0.1158
Iteration 450: Loss_G: 1.1279, Loss_D: 0.0992
Iteration 500: Loss_G: 1.2579, Loss_D: 0.0846
Iteration 550: Loss_G: 1.2119, Loss_D: 0.0960
Iteration 600: Loss_G: 1.2937, Loss_D: 0.0869
Iteration 650: Loss_G: 1.2159, Loss_D: 0.0817
Iteration 700: Loss_G: 1.1724, Loss_D: 0.1010
Iteration 750: Loss_G: 1.2047, Loss_D: 0.0963
Iteration 800: Loss_G: 1.2050, Loss_D: 0.1066
Iteration 850: Loss_G: 1.1653, Loss_D: 0.1102
Iteration 900: Loss_G: 1.2005, Loss_D: 0.0991
Iteration 950: Loss_G: 1.2143, Loss_D: 0.0912
Iteration 1000: Loss_G: 1.2175, Loss_D: 0.0943
Iteration 1050: Loss_G: 1.2033, Loss_D: 0.1028
Iteration 1100: Loss_G: 1.2229, Loss_D: 0.0911
Iteration 1150: Loss_G: 1.2686, Loss_D: 0.0810
Iteration 1200: Loss_G: 1.3166, Loss_D: 0.0810
Epoch [40/40], Loss_G: 1.0102, Loss_D: 0.0955
The process took 64.29139334758123 minutes to complete.
