Using downloaded and verified file: ./data/SVHN/raw/train_32x32.mat
Using downloaded and verified file: ./data/SVHN/raw/test_32x32.mat
Using device cuda
Training starts
Epoch [1/5] starts
Iteration 50: Loss_G: 2.3536, Loss_D: 0.1883
Iteration 100: Loss_G: 1.6695, Loss_D: 0.2042
Iteration 150: Loss_G: 1.6474, Loss_D: 0.2018
Iteration 200: Loss_G: 1.6698, Loss_D: 0.1989
Iteration 250: Loss_G: 1.5988, Loss_D: 0.1988
Iteration 300: Loss_G: 1.5623, Loss_D: 0.1970
Iteration 350: Loss_G: 1.5611, Loss_D: 0.1944
Iteration 400: Loss_G: 1.6164, Loss_D: 0.1908
Iteration 450: Loss_G: 1.5795, Loss_D: 0.1968
Iteration 500: Loss_G: 1.5528, Loss_D: 0.1954
Iteration 550: Loss_G: 1.5265, Loss_D: 0.1993
Iteration 600: Loss_G: 1.5132, Loss_D: 0.1969
Iteration 650: Loss_G: 1.5191, Loss_D: 0.2059
Iteration 700: Loss_G: 1.5202, Loss_D: 0.1998
Iteration 750: Loss_G: 1.5354, Loss_D: 0.1975
Iteration 800: Loss_G: 1.5413, Loss_D: 0.1960
Iteration 850: Loss_G: 1.5487, Loss_D: 0.2009
Iteration 900: Loss_G: 1.5315, Loss_D: 0.1967
Iteration 950: Loss_G: 1.5585, Loss_D: 0.1981
Iteration 1000: Loss_G: 1.5657, Loss_D: 0.1975
Iteration 1050: Loss_G: 1.5271, Loss_D: 0.2001
Iteration 1100: Loss_G: 1.5496, Loss_D: 0.1993
Iteration 1150: Loss_G: 1.5531, Loss_D: 0.2036
Iteration 1200: Loss_G: 1.5222, Loss_D: 0.1959
Epoch [1/5], Loss_G: 1.3071, Loss_D: 0.1981
Epoch [2/5] starts
Iteration 50: Loss_G: 1.5455, Loss_D: 0.2059
Iteration 100: Loss_G: 1.5769, Loss_D: 0.1950
Iteration 150: Loss_G: 1.5623, Loss_D: 0.1945
Iteration 200: Loss_G: 1.5051, Loss_D: 0.1996
Iteration 250: Loss_G: 1.5501, Loss_D: 0.1950
Iteration 300: Loss_G: 1.5459, Loss_D: 0.2000
Iteration 350: Loss_G: 1.5381, Loss_D: 0.2072
Iteration 400: Loss_G: 1.5758, Loss_D: 0.1960
Iteration 450: Loss_G: 1.5605, Loss_D: 0.2053
Iteration 500: Loss_G: 1.5180, Loss_D: 0.2009
Iteration 550: Loss_G: 1.4910, Loss_D: 0.2001
Iteration 600: Loss_G: 1.5798, Loss_D: 0.1959
Iteration 650: Loss_G: 1.5224, Loss_D: 0.1995
Iteration 700: Loss_G: 1.5159, Loss_D: 0.1985
Iteration 750: Loss_G: 1.5588, Loss_D: 0.1954
Iteration 800: Loss_G: 1.5227, Loss_D: 0.1980
Iteration 850: Loss_G: 1.5087, Loss_D: 0.1985
Iteration 900: Loss_G: 1.5540, Loss_D: 0.2016
Iteration 950: Loss_G: 1.5114, Loss_D: 0.2032
Iteration 1000: Loss_G: 1.5261, Loss_D: 0.1981
Iteration 1050: Loss_G: 1.5700, Loss_D: 0.1981
Iteration 1100: Loss_G: 1.5527, Loss_D: 0.1969
Iteration 1150: Loss_G: 1.5835, Loss_D: 0.1958
Iteration 1200: Loss_G: 1.5085, Loss_D: 0.2005
Epoch [2/5], Loss_G: 1.2614, Loss_D: 0.1991
Epoch [3/5] starts
Iteration 50: Loss_G: 1.5642, Loss_D: 0.1892
Iteration 100: Loss_G: 1.5098, Loss_D: 0.1964
Iteration 150: Loss_G: 1.5727, Loss_D: 0.1920
Iteration 200: Loss_G: 1.5501, Loss_D: 0.1943
Iteration 250: Loss_G: 1.5140, Loss_D: 0.1881
Iteration 300: Loss_G: 1.5194, Loss_D: 0.1940
Iteration 350: Loss_G: 1.5303, Loss_D: 0.1921
Iteration 400: Loss_G: 1.5480, Loss_D: 0.1956
Iteration 450: Loss_G: 1.5324, Loss_D: 0.1955
Iteration 500: Loss_G: 1.5633, Loss_D: 0.1922
Iteration 550: Loss_G: 1.4933, Loss_D: 0.1939
Iteration 600: Loss_G: 1.4729, Loss_D: 0.1961
Iteration 650: Loss_G: 1.5148, Loss_D: 0.1934
Iteration 700: Loss_G: 1.5015, Loss_D: 0.1948
Iteration 750: Loss_G: 1.5426, Loss_D: 0.1929
Iteration 800: Loss_G: 1.5424, Loss_D: 0.1908
Iteration 850: Loss_G: 1.5176, Loss_D: 0.1918
Iteration 900: Loss_G: 1.5132, Loss_D: 0.1929
Iteration 950: Loss_G: 1.5081, Loss_D: 0.1900
Iteration 1000: Loss_G: 1.5365, Loss_D: 0.1870
Iteration 1050: Loss_G: 1.5577, Loss_D: 0.1909
Iteration 1100: Loss_G: 1.4702, Loss_D: 0.1948
Iteration 1150: Loss_G: 1.4687, Loss_D: 0.1995
Iteration 1200: Loss_G: 1.4870, Loss_D: 0.1957
Epoch [3/5], Loss_G: 1.2459, Loss_D: 0.1931
Epoch [4/5] starts
Iteration 50: Loss_G: 1.4709, Loss_D: 0.1940
Iteration 100: Loss_G: 1.5115, Loss_D: 0.1921
Iteration 150: Loss_G: 1.4758, Loss_D: 0.1981
Iteration 200: Loss_G: 1.4743, Loss_D: 0.1950
Iteration 250: Loss_G: 1.4690, Loss_D: 0.1954
Iteration 300: Loss_G: 1.4836, Loss_D: 0.1917
Iteration 350: Loss_G: 1.4612, Loss_D: 0.2039
Iteration 400: Loss_G: 1.4312, Loss_D: 0.1968
Iteration 450: Loss_G: 1.4384, Loss_D: 0.1983
Iteration 500: Loss_G: 1.4277, Loss_D: 0.1984
Iteration 550: Loss_G: 1.4631, Loss_D: 0.1958
Iteration 600: Loss_G: 1.4771, Loss_D: 0.1997
Iteration 650: Loss_G: 1.4266, Loss_D: 0.1994
Iteration 700: Loss_G: 1.4329, Loss_D: 0.1999
Iteration 750: Loss_G: 1.4366, Loss_D: 0.1978
Iteration 800: Loss_G: 1.4544, Loss_D: 0.2003
Iteration 850: Loss_G: 1.4773, Loss_D: 0.2005
Iteration 900: Loss_G: 1.4261, Loss_D: 0.1956
Iteration 950: Loss_G: 1.4721, Loss_D: 0.2008
Iteration 1000: Loss_G: 1.4190, Loss_D: 0.2030
Iteration 1050: Loss_G: 1.4287, Loss_D: 0.1987
Iteration 1100: Loss_G: 1.4363, Loss_D: 0.1960
Iteration 1150: Loss_G: 1.4431, Loss_D: 0.2031
Iteration 1200: Loss_G: 1.4205, Loss_D: 0.2040
Epoch [4/5], Loss_G: 1.1889, Loss_D: 0.1983
Epoch [5/5] starts
Iteration 50: Loss_G: 1.4277, Loss_D: 0.1968
Iteration 100: Loss_G: 1.4031, Loss_D: 0.1986
Iteration 150: Loss_G: 1.4214, Loss_D: 0.2002
Iteration 200: Loss_G: 1.3916, Loss_D: 0.2023
Iteration 250: Loss_G: 1.3993, Loss_D: 0.2019
Iteration 300: Loss_G: 1.3988, Loss_D: 0.2021
Iteration 350: Loss_G: 1.4018, Loss_D: 0.2030
Iteration 400: Loss_G: 1.4131, Loss_D: 0.1958
Iteration 450: Loss_G: 1.3801, Loss_D: 0.2023
Iteration 500: Loss_G: 1.3909, Loss_D: 0.2071
Iteration 550: Loss_G: 1.4284, Loss_D: 0.2017
Iteration 600: Loss_G: 1.3993, Loss_D: 0.1990
Iteration 650: Loss_G: 1.4003, Loss_D: 0.2000
Iteration 700: Loss_G: 1.4291, Loss_D: 0.2002
Iteration 750: Loss_G: 1.4194, Loss_D: 0.1995
Iteration 800: Loss_G: 1.3785, Loss_D: 0.2061
Iteration 850: Loss_G: 1.3738, Loss_D: 0.2009
Iteration 900: Loss_G: 1.3516, Loss_D: 0.2060
Iteration 950: Loss_G: 1.4086, Loss_D: 0.1989
Iteration 1000: Loss_G: 1.3756, Loss_D: 0.2007
Iteration 1050: Loss_G: 1.3772, Loss_D: 0.2039
Iteration 1100: Loss_G: 1.3971, Loss_D: 0.1973
Iteration 1150: Loss_G: 1.4593, Loss_D: 0.2025
Iteration 1200: Loss_G: 1.3555, Loss_D: 0.2038
Epoch [5/5], Loss_G: 1.1453, Loss_D: 0.2013
The process took 38.98673303922018 minutes to complete.
