nohup: ignoring input
/home/infres/olapabe-23/MNIST-SVHN-Transfer/src/solvers/CyCADASolver.py:453: RuntimeWarning: More than 20 figures have been opened. Figures created through the pyplot interface (`matplotlib.pyplot.figure`) are retained until explicitly closed and may consume too much memory. (To control this warning, see the rcParam `figure.max_open_warning`).
  # Display images
Using device cuda
Train Step A - Iteration 0: 	Loss: 0.0463
Train Step A - Iteration 50: 	Loss: 1.8856
Train Step A - Iteration 100: 	Loss: 0.8312
Train Step A - Iteration 150: 	Loss: 0.5083
Train Step A - Iteration 200: 	Loss: 0.4049
Train Step A - Iteration 250: 	Loss: 0.3371
Train Step A - Iteration 300: 	Loss: 0.2958
Train Step A - Iteration 350: 	Loss: 0.2513
Train Step A - Iteration 400: 	Loss: 0.2182
Train Step A - Iteration 450: 	Loss: 0.1971
Train Step A - Epoch [1]: 	Loss: 0.5383
Test Step A - Epoch [1]: 	Accuracy: 96.19%
-----------------------------------------------------------------------------------------------

Train Step A - Iteration 0: 	Loss: 0.0022
Train Step A - Iteration 50: 	Loss: 0.1822
Train Step A - Iteration 100: 	Loss: 0.1614
Train Step A - Iteration 150: 	Loss: 0.1631
Train Step A - Iteration 200: 	Loss: 0.1424
Train Step A - Iteration 250: 	Loss: 0.1480
Train Step A - Iteration 300: 	Loss: 0.1229
Train Step A - Iteration 350: 	Loss: 0.1269
Train Step A - Iteration 400: 	Loss: 0.1268
Train Step A - Iteration 450: 	Loss: 0.1161
Train Step A - Epoch [2]: 	Loss: 0.1423
Test Step A - Epoch [2]: 	Accuracy: 97.77%
-----------------------------------------------------------------------------------------------

Train Step A - Iteration 0: 	Loss: 0.0014
Train Step A - Iteration 50: 	Loss: 0.1123
Train Step A - Iteration 100: 	Loss: 0.1050
Train Step A - Iteration 150: 	Loss: 0.0996
Train Step A - Iteration 200: 	Loss: 0.0952
Train Step A - Iteration 250: 	Loss: 0.0945
Train Step A - Iteration 300: 	Loss: 0.0890
Train Step A - Iteration 350: 	Loss: 0.1016
Train Step A - Iteration 400: 	Loss: 0.0850
Train Step A - Iteration 450: 	Loss: 0.0919
Train Step A - Epoch [3]: 	Loss: 0.0966
Test Step A - Epoch [3]: 	Accuracy: 98.36%
-----------------------------------------------------------------------------------------------

Train Step A - Iteration 0: 	Loss: 0.0008
Train Step A - Iteration 50: 	Loss: 0.0855
Train Step A - Iteration 100: 	Loss: 0.0796
Train Step A - Iteration 150: 	Loss: 0.0844
Train Step A - Iteration 200: 	Loss: 0.0752
Train Step A - Iteration 250: 	Loss: 0.0782
Train Step A - Iteration 300: 	Loss: 0.0745
Train Step A - Iteration 350: 	Loss: 0.0742
Train Step A - Iteration 400: 	Loss: 0.0721
Train Step A - Iteration 450: 	Loss: 0.0638
Train Step A - Epoch [4]: 	Loss: 0.0761
Test Step A - Epoch [4]: 	Accuracy: 98.66%
-----------------------------------------------------------------------------------------------

Train Step A - Iteration 0: 	Loss: 0.0015
Train Step A - Iteration 50: 	Loss: 0.0675
Train Step A - Iteration 100: 	Loss: 0.0542
Train Step A - Iteration 150: 	Loss: 0.0574
Train Step A - Iteration 200: 	Loss: 0.0632
Train Step A - Iteration 250: 	Loss: 0.0763
Train Step A - Iteration 300: 	Loss: 0.0676
Train Step A - Iteration 350: 	Loss: 0.0612
Train Step A - Iteration 400: 	Loss: 0.0657
Train Step A - Iteration 450: 	Loss: 0.0684
Train Step A - Epoch [5]: 	Loss: 0.0644
Test Step A - Epoch [5]: 	Accuracy: 98.86%
-----------------------------------------------------------------------------------------------

Train Step A - Iteration 0: 	Loss: 0.0011
Train Step A - Iteration 50: 	Loss: 0.0628
Train Step A - Iteration 100: 	Loss: 0.0515
Train Step A - Iteration 150: 	Loss: 0.0507
Train Step A - Iteration 200: 	Loss: 0.0570
Train Step A - Iteration 250: 	Loss: 0.0559
Train Step A - Iteration 300: 	Loss: 0.0551
Train Step A - Iteration 350: 	Loss: 0.0553
Train Step A - Iteration 400: 	Loss: 0.0567
Train Step A - Iteration 450: 	Loss: 0.0639
Train Step A - Epoch [6]: 	Loss: 0.0565
Test Step A - Epoch [6]: 	Accuracy: 99.08%
-----------------------------------------------------------------------------------------------

Train Step A - Iteration 0: 	Loss: 0.0019
Train Step A - Iteration 50: 	Loss: 0.0442
Train Step A - Iteration 100: 	Loss: 0.0535
Train Step A - Iteration 150: 	Loss: 0.0469
Train Step A - Iteration 200: 	Loss: 0.0471
Train Step A - Iteration 250: 	Loss: 0.0461
Train Step A - Iteration 300: 	Loss: 0.0532
Train Step A - Iteration 350: 	Loss: 0.0564
Train Step A - Iteration 400: 	Loss: 0.0494
Train Step A - Iteration 450: 	Loss: 0.0574
Train Step A - Epoch [7]: 	Loss: 0.0504
Test Step A - Epoch [7]: 	Accuracy: 98.95%
-----------------------------------------------------------------------------------------------

Train Step A - Iteration 0: 	Loss: 0.0008
Train Step A - Iteration 50: 	Loss: 0.0495
Train Step A - Iteration 100: 	Loss: 0.0460
Train Step A - Iteration 150: 	Loss: 0.0531
Train Step A - Iteration 200: 	Loss: 0.0400
Train Step A - Iteration 250: 	Loss: 0.0444
Train Step A - Iteration 300: 	Loss: 0.0459
Train Step A - Iteration 350: 	Loss: 0.0468
Train Step A - Iteration 400: 	Loss: 0.0584
Train Step A - Iteration 450: 	Loss: 0.0478
Train Step A - Epoch [8]: 	Loss: 0.0475
Test Step A - Epoch [8]: 	Accuracy: 99.05%
-----------------------------------------------------------------------------------------------

Train Step A - Iteration 0: 	Loss: 0.0004
Train Step A - Iteration 50: 	Loss: 0.0428
Train Step A - Iteration 100: 	Loss: 0.0453
Train Step A - Iteration 150: 	Loss: 0.0337
Train Step A - Iteration 200: 	Loss: 0.0449
Train Step A - Iteration 250: 	Loss: 0.0435
Train Step A - Iteration 300: 	Loss: 0.0370
Train Step A - Iteration 350: 	Loss: 0.0410
Train Step A - Iteration 400: 	Loss: 0.0431
Train Step A - Iteration 450: 	Loss: 0.0434
Train Step A - Epoch [9]: 	Loss: 0.0415
Test Step A - Epoch [9]: 	Accuracy: 99.21%
-----------------------------------------------------------------------------------------------

Train Step A - Iteration 0: 	Loss: 0.0002
Train Step A - Iteration 50: 	Loss: 0.0377
Train Step A - Iteration 100: 	Loss: 0.0447
Train Step A - Iteration 150: 	Loss: 0.0307
Train Step A - Iteration 200: 	Loss: 0.0361
Train Step A - Iteration 250: 	Loss: 0.0302
Train Step A - Iteration 300: 	Loss: 0.0377
Train Step A - Iteration 350: 	Loss: 0.0437
Train Step A - Iteration 400: 	Loss: 0.0408
Train Step A - Iteration 450: 	Loss: 0.0422
Train Step A - Epoch [10]: 	Loss: 0.0383
Test Step A - Epoch [10]: 	Accuracy: 99.18%
-----------------------------------------------------------------------------------------------

Train Step A - Iteration 0: 	Loss: 0.0006
Train Step A - Iteration 50: 	Loss: 0.0369
Train Step A - Iteration 100: 	Loss: 0.0407
Train Step A - Iteration 150: 	Loss: 0.0323
Train Step A - Iteration 200: 	Loss: 0.0388
Train Step A - Iteration 250: 	Loss: 0.0390
Train Step A - Iteration 300: 	Loss: 0.0298
Train Step A - Iteration 350: 	Loss: 0.0350
Train Step A - Iteration 400: 	Loss: 0.0376
Train Step A - Iteration 450: 	Loss: 0.0362
Train Step A - Epoch [11]: 	Loss: 0.0365
Test Step A - Epoch [11]: 	Accuracy: 99.18%
-----------------------------------------------------------------------------------------------

Train Step A - Iteration 0: 	Loss: 0.0002
Train Step A - Iteration 50: 	Loss: 0.0326
Train Step A - Iteration 100: 	Loss: 0.0343
Train Step A - Iteration 150: 	Loss: 0.0356
Train Step A - Iteration 200: 	Loss: 0.0358
Train Step A - Iteration 250: 	Loss: 0.0320
Train Step A - Iteration 300: 	Loss: 0.0359
Train Step A - Iteration 350: 	Loss: 0.0356
Train Step A - Iteration 400: 	Loss: 0.0322
Train Step A - Iteration 450: 	Loss: 0.0315
Train Step A - Epoch [12]: 	Loss: 0.0337
Test Step A - Epoch [12]: 	Accuracy: 99.20%
-----------------------------------------------------------------------------------------------

Train Step A - Iteration 0: 	Loss: 0.0002
Train Step A - Iteration 50: 	Loss: 0.0302
Train Step A - Iteration 100: 	Loss: 0.0316
Train Step A - Iteration 150: 	Loss: 0.0306
Train Step A - Iteration 200: 	Loss: 0.0281
Train Step A - Iteration 250: 	Loss: 0.0301
Train Step A - Iteration 300: 	Loss: 0.0363
Train Step A - Iteration 350: 	Loss: 0.0316
Train Step A - Iteration 400: 	Loss: 0.0306
Train Step A - Iteration 450: 	Loss: 0.0388
Train Step A - Epoch [13]: 	Loss: 0.0318
Test Step A - Epoch [13]: 	Accuracy: 99.27%
-----------------------------------------------------------------------------------------------

Train Step A - Iteration 0: 	Loss: 0.0005
Train Step A - Iteration 50: 	Loss: 0.0286
Train Step A - Iteration 100: 	Loss: 0.0262
Train Step A - Iteration 150: 	Loss: 0.0313
Train Step A - Iteration 200: 	Loss: 0.0267
Train Step A - Iteration 250: 	Loss: 0.0355
Train Step A - Iteration 300: 	Loss: 0.0295
Train Step A - Iteration 350: 	Loss: 0.0344
Train Step A - Iteration 400: 	Loss: 0.0280
Train Step A - Iteration 450: 	Loss: 0.0241
Train Step A - Epoch [14]: 	Loss: 0.0288
Test Step A - Epoch [14]: 	Accuracy: 99.19%
-----------------------------------------------------------------------------------------------

Train Step A - Iteration 0: 	Loss: 0.0003
Train Step A - Iteration 50: 	Loss: 0.0194
Train Step A - Iteration 100: 	Loss: 0.0307
Train Step A - Iteration 150: 	Loss: 0.0282
Train Step A - Iteration 200: 	Loss: 0.0260
Train Step A - Iteration 250: 	Loss: 0.0286
Train Step A - Iteration 300: 	Loss: 0.0276
Train Step A - Iteration 350: 	Loss: 0.0285
Train Step A - Iteration 400: 	Loss: 0.0286
Train Step A - Iteration 450: 	Loss: 0.0329
Train Step A - Epoch [15]: 	Loss: 0.0278
Test Step A - Epoch [15]: 	Accuracy: 99.31%
-----------------------------------------------------------------------------------------------

Train Step A - Iteration 0: 	Loss: 0.0004
Train Step A - Iteration 50: 	Loss: 0.0256
Train Step A - Iteration 100: 	Loss: 0.0227
Train Step A - Iteration 150: 	Loss: 0.0272
Train Step A - Iteration 200: 	Loss: 0.0284
Train Step A - Iteration 250: 	Loss: 0.0269
Train Step A - Iteration 300: 	Loss: 0.0281
Train Step A - Iteration 350: 	Loss: 0.0231
Train Step A - Iteration 400: 	Loss: 0.0315
Train Step A - Iteration 450: 	Loss: 0.0266
Train Step A - Epoch [16]: 	Loss: 0.0266
Test Step A - Epoch [16]: 	Accuracy: 99.26%
-----------------------------------------------------------------------------------------------

Train Step A - Iteration 0: 	Loss: 0.0002
Train Step A - Iteration 50: 	Loss: 0.0228
Train Step A - Iteration 100: 	Loss: 0.0236
Train Step A - Iteration 150: 	Loss: 0.0260
Train Step A - Iteration 200: 	Loss: 0.0262
Train Step A - Iteration 250: 	Loss: 0.0259
Train Step A - Iteration 300: 	Loss: 0.0259
Train Step A - Iteration 350: 	Loss: 0.0281
Train Step A - Iteration 400: 	Loss: 0.0230
Train Step A - Iteration 450: 	Loss: 0.0268
Train Step A - Epoch [17]: 	Loss: 0.0252
Test Step A - Epoch [17]: 	Accuracy: 99.33%
-----------------------------------------------------------------------------------------------

Train Step A - Iteration 0: 	Loss: 0.0014
Train Step A - Iteration 50: 	Loss: 0.0181
Train Step A - Iteration 100: 	Loss: 0.0257
Train Step A - Iteration 150: 	Loss: 0.0256
Train Step A - Iteration 200: 	Loss: 0.0244
Train Step A - Iteration 250: 	Loss: 0.0227
Train Step A - Iteration 300: 	Loss: 0.0220
Train Step A - Iteration 350: 	Loss: 0.0201
Train Step A - Iteration 400: 	Loss: 0.0263
Train Step A - Iteration 450: 	Loss: 0.0215
Train Step A - Epoch [18]: 	Loss: 0.0231
Test Step A - Epoch [18]: 	Accuracy: 99.30%
-----------------------------------------------------------------------------------------------

Train Step A - Iteration 0: 	Loss: 0.0003
Train Step A - Iteration 50: 	Loss: 0.0196
Train Step A - Iteration 100: 	Loss: 0.0194
Train Step A - Iteration 150: 	Loss: 0.0189
Train Step A - Iteration 200: 	Loss: 0.0262
Train Step A - Iteration 250: 	Loss: 0.0201
Train Step A - Iteration 300: 	Loss: 0.0249
Train Step A - Iteration 350: 	Loss: 0.0300
Train Step A - Iteration 400: 	Loss: 0.0235
Train Step A - Iteration 450: 	Loss: 0.0231
Train Step A - Epoch [19]: 	Loss: 0.0227
Test Step A - Epoch [19]: 	Accuracy: 99.38%
-----------------------------------------------------------------------------------------------

Train Step A - Iteration 0: 	Loss: 0.0006
Train Step A - Iteration 50: 	Loss: 0.0210
Train Step A - Iteration 100: 	Loss: 0.0228
Train Step A - Iteration 150: 	Loss: 0.0198
Train Step A - Iteration 200: 	Loss: 0.0254
Train Step A - Iteration 250: 	Loss: 0.0160
Train Step A - Iteration 300: 	Loss: 0.0186
Train Step A - Iteration 350: 	Loss: 0.0202
Train Step A - Iteration 400: 	Loss: 0.0213
Train Step A - Iteration 450: 	Loss: 0.0211
Train Step A - Epoch [20]: 	Loss: 0.0207
Test Step A - Epoch [20]: 	Accuracy: 99.35%
-----------------------------------------------------------------------------------------------

Train Step A - Iteration 0: 	Loss: 0.0001
Train Step A - Iteration 50: 	Loss: 0.0164
Train Step A - Iteration 100: 	Loss: 0.0195
Train Step A - Iteration 150: 	Loss: 0.0240
Train Step A - Iteration 200: 	Loss: 0.0231
Train Step A - Iteration 250: 	Loss: 0.0208
Train Step A - Iteration 300: 	Loss: 0.0186
Train Step A - Iteration 350: 	Loss: 0.0177
Train Step A - Iteration 400: 	Loss: 0.0206
Train Step A - Iteration 450: 	Loss: 0.0227
Train Step A - Epoch [21]: 	Loss: 0.0204
Test Step A - Epoch [21]: 	Accuracy: 99.33%
-----------------------------------------------------------------------------------------------

Train Step A - Iteration 0: 	Loss: 0.0004
Train Step A - Iteration 50: 	Loss: 0.0205
Train Step A - Iteration 100: 	Loss: 0.0200
Train Step A - Iteration 150: 	Loss: 0.0194
Train Step A - Iteration 200: 	Loss: 0.0151
Train Step A - Iteration 250: 	Loss: 0.0187
Train Step A - Iteration 300: 	Loss: 0.0200
Train Step A - Iteration 350: 	Loss: 0.0161
Train Step A - Iteration 400: 	Loss: 0.0211
Train Step A - Iteration 450: 	Loss: 0.0161
Train Step A - Epoch [22]: 	Loss: 0.0185
Test Step A - Epoch [22]: 	Accuracy: 99.41%
-----------------------------------------------------------------------------------------------

Train Step A - Iteration 0: 	Loss: 0.0000
Train Step A - Iteration 50: 	Loss: 0.0147
Train Step A - Iteration 100: 	Loss: 0.0157
Train Step A - Iteration 150: 	Loss: 0.0164
Train Step A - Iteration 200: 	Loss: 0.0181
Train Step A - Iteration 250: 	Loss: 0.0168
Train Step A - Iteration 300: 	Loss: 0.0223
Train Step A - Iteration 350: 	Loss: 0.0201
Train Step A - Iteration 400: 	Loss: 0.0156
Train Step A - Iteration 450: 	Loss: 0.0177
Train Step A - Epoch [23]: 	Loss: 0.0174
Test Step A - Epoch [23]: 	Accuracy: 99.34%
-----------------------------------------------------------------------------------------------

Train Step A - Iteration 0: 	Loss: 0.0001
Train Step A - Iteration 50: 	Loss: 0.0125
Train Step A - Iteration 100: 	Loss: 0.0135
Train Step A - Iteration 150: 	Loss: 0.0164
Train Step A - Iteration 200: 	Loss: 0.0177
Train Step A - Iteration 250: 	Loss: 0.0158
Train Step A - Iteration 300: 	Loss: 0.0146
Train Step A - Iteration 350: 	Loss: 0.0187
Train Step A - Iteration 400: 	Loss: 0.0269
Train Step A - Iteration 450: 	Loss: 0.0217
Train Step A - Epoch [24]: 	Loss: 0.0177
Test Step A - Epoch [24]: 	Accuracy: 99.32%
-----------------------------------------------------------------------------------------------

Train Step A - Iteration 0: 	Loss: 0.0006
Train Step A - Iteration 50: 	Loss: 0.0133
Train Step A - Iteration 100: 	Loss: 0.0188
Train Step A - Iteration 150: 	Loss: 0.0172
Train Step A - Iteration 200: 	Loss: 0.0197
Train Step A - Iteration 250: 	Loss: 0.0158
Train Step A - Iteration 300: 	Loss: 0.0152
Train Step A - Iteration 350: 	Loss: 0.0132
Train Step A - Iteration 400: 	Loss: 0.0177
Train Step A - Iteration 450: 	Loss: 0.0201
Train Step A - Epoch [25]: 	Loss: 0.0168
Test Step A - Epoch [25]: 	Accuracy: 99.42%
-----------------------------------------------------------------------------------------------

Train Step A - Iteration 0: 	Loss: 0.0003
Train Step A - Iteration 50: 	Loss: 0.0169
Train Step A - Iteration 100: 	Loss: 0.0157
Train Step A - Iteration 150: 	Loss: 0.0147
Train Step A - Iteration 200: 	Loss: 0.0163
Train Step A - Iteration 250: 	Loss: 0.0187
Train Step A - Iteration 300: 	Loss: 0.0128
Train Step A - Iteration 350: 	Loss: 0.0175
Train Step A - Iteration 400: 	Loss: 0.0235
Train Step A - Iteration 450: 	Loss: 0.0120
Train Step A - Epoch [26]: 	Loss: 0.0165
Test Step A - Epoch [26]: 	Accuracy: 99.46%
-----------------------------------------------------------------------------------------------

Train Step A - Iteration 0: 	Loss: 0.0002
Train Step A - Iteration 50: 	Loss: 0.0139
Train Step A - Iteration 100: 	Loss: 0.0203
Train Step A - Iteration 150: 	Loss: 0.0130
Train Step A - Iteration 200: 	Loss: 0.0173
Train Step A - Iteration 250: 	Loss: 0.0191
Train Step A - Iteration 300: 	Loss: 0.0161
Train Step A - Iteration 350: 	Loss: 0.0153
Train Step A - Iteration 400: 	Loss: 0.0156
Train Step A - Iteration 450: 	Loss: 0.0140
Train Step A - Epoch [27]: 	Loss: 0.0161
Test Step A - Epoch [27]: 	Accuracy: 99.46%
-----------------------------------------------------------------------------------------------

Train Step A - Iteration 0: 	Loss: 0.0006
Train Step A - Iteration 50: 	Loss: 0.0144
Train Step A - Iteration 100: 	Loss: 0.0151
Train Step A - Iteration 150: 	Loss: 0.0152
Train Step A - Iteration 200: 	Loss: 0.0178
Train Step A - Iteration 250: 	Loss: 0.0188
Train Step A - Iteration 300: 	Loss: 0.0125
Train Step A - Iteration 350: 	Loss: 0.0148
Train Step A - Iteration 400: 	Loss: 0.0122
Train Step A - Iteration 450: 	Loss: 0.0116
Train Step A - Epoch [28]: 	Loss: 0.0146
Test Step A - Epoch [28]: 	Accuracy: 99.42%
-----------------------------------------------------------------------------------------------

Train Step A - Iteration 0: 	Loss: 0.0006
Train Step A - Iteration 50: 	Loss: 0.0151
Train Step A - Iteration 100: 	Loss: 0.0106
Train Step A - Iteration 150: 	Loss: 0.0146
Train Step A - Iteration 200: 	Loss: 0.0159
Train Step A - Iteration 250: 	Loss: 0.0106
Train Step A - Iteration 300: 	Loss: 0.0119
Train Step A - Iteration 350: 	Loss: 0.0119
Train Step A - Iteration 400: 	Loss: 0.0144
Train Step A - Iteration 450: 	Loss: 0.0189
Train Step A - Epoch [29]: 	Loss: 0.0140
Test Step A - Epoch [29]: 	Accuracy: 99.38%
-----------------------------------------------------------------------------------------------

Train Step A - Iteration 0: 	Loss: 0.0000
Train Step A - Iteration 50: 	Loss: 0.0118
Train Step A - Iteration 100: 	Loss: 0.0121
Train Step A - Iteration 150: 	Loss: 0.0132
Train Step A - Iteration 200: 	Loss: 0.0142
Train Step A - Iteration 250: 	Loss: 0.0158
Train Step A - Iteration 300: 	Loss: 0.0162
Train Step A - Iteration 350: 	Loss: 0.0154
Train Step A - Iteration 400: 	Loss: 0.0131
Train Step A - Iteration 450: 	Loss: 0.0164
Train Step A - Epoch [30]: 	Loss: 0.0141
Test Step A - Epoch [30]: 	Accuracy: 99.38%
-----------------------------------------------------------------------------------------------

Train Step A - Iteration 0: 	Loss: 0.0002
Train Step A - Iteration 50: 	Loss: 0.0127
Train Step A - Iteration 100: 	Loss: 0.0088
Train Step A - Iteration 150: 	Loss: 0.0111
Train Step A - Iteration 200: 	Loss: 0.0116
Train Step A - Iteration 250: 	Loss: 0.0152
Train Step A - Iteration 300: 	Loss: 0.0149
Train Step A - Iteration 350: 	Loss: 0.0188
Train Step A - Iteration 400: 	Loss: 0.0104
Train Step A - Iteration 450: 	Loss: 0.0146
Train Step A - Epoch [31]: 	Loss: 0.0133
Test Step A - Epoch [31]: 	Accuracy: 99.42%
-----------------------------------------------------------------------------------------------

Train Step A - Iteration 0: 	Loss: 0.0008
Train Step A - Iteration 50: 	Loss: 0.0133
Train Step A - Iteration 100: 	Loss: 0.0119
Train Step A - Iteration 150: 	Loss: 0.0147
Train Step A - Iteration 200: 	Loss: 0.0119
Train Step A - Iteration 250: 	Loss: 0.0125
Train Step A - Iteration 300: 	Loss: 0.0108
Train Step A - Iteration 350: 	Loss: 0.0124
Train Step A - Iteration 400: 	Loss: 0.0119
Train Step A - Iteration 450: 	Loss: 0.0143
Train Step A - Epoch [32]: 	Loss: 0.0127
Test Step A - Epoch [32]: 	Accuracy: 99.35%
-----------------------------------------------------------------------------------------------

Train Step A - Iteration 0: 	Loss: 0.0003
Train Step A - Iteration 50: 	Loss: 0.0114
Train Step A - Iteration 100: 	Loss: 0.0129
Train Step A - Iteration 150: 	Loss: 0.0108
Train Step A - Iteration 200: 	Loss: 0.0131
Train Step A - Iteration 250: 	Loss: 0.0127
Train Step A - Iteration 300: 	Loss: 0.0153
Train Step A - Iteration 350: 	Loss: 0.0113
Train Step A - Iteration 400: 	Loss: 0.0137
Train Step A - Iteration 450: 	Loss: 0.0182
Train Step A - Epoch [33]: 	Loss: 0.0133
Test Step A - Epoch [33]: 	Accuracy: 99.41%
-----------------------------------------------------------------------------------------------

Train Step A - Iteration 0: 	Loss: 0.0002
Train Step A - Iteration 50: 	Loss: 0.0125
Train Step A - Iteration 100: 	Loss: 0.0082
Train Step A - Iteration 150: 	Loss: 0.0109
Train Step A - Iteration 200: 	Loss: 0.0102
Train Step A - Iteration 250: 	Loss: 0.0112
Train Step A - Iteration 300: 	Loss: 0.0120
Train Step A - Iteration 350: 	Loss: 0.0136
Train Step A - Iteration 400: 	Loss: 0.0125
Train Step A - Iteration 450: 	Loss: 0.0109
Train Step A - Epoch [34]: 	Loss: 0.0112
Test Step A - Epoch [34]: 	Accuracy: 99.45%
-----------------------------------------------------------------------------------------------

Train Step A - Iteration 0: 	Loss: 0.0001
Train Step A - Iteration 50: 	Loss: 0.0113
Train Step A - Iteration 100: 	Loss: 0.0136
Train Step A - Iteration 150: 	Loss: 0.0103
Train Step A - Iteration 200: 	Loss: 0.0120
Train Step A - Iteration 250: 	Loss: 0.0126
Train Step A - Iteration 300: 	Loss: 0.0095
Train Step A - Iteration 350: 	Loss: 0.0122
Train Step A - Iteration 400: 	Loss: 0.0099
Train Step A - Iteration 450: 	Loss: 0.0115
Train Step A - Epoch [35]: 	Loss: 0.0113
Test Step A - Epoch [35]: 	Accuracy: 99.45%
-----------------------------------------------------------------------------------------------

Train Step A - Iteration 0: 	Loss: 0.0001
Train Step A - Iteration 50: 	Loss: 0.0128
Train Step A - Iteration 100: 	Loss: 0.0130
Train Step A - Iteration 150: 	Loss: 0.0114
Train Step A - Iteration 200: 	Loss: 0.0121
Train Step A - Iteration 250: 	Loss: 0.0073
Train Step A - Iteration 300: 	Loss: 0.0102
Train Step A - Iteration 350: 	Loss: 0.0086
Train Step A - Iteration 400: 	Loss: 0.0113
Train Step A - Iteration 450: 	Loss: 0.0094
Train Step A - Epoch [36]: 	Loss: 0.0107
Test Step A - Epoch [36]: 	Accuracy: 99.45%
-----------------------------------------------------------------------------------------------

Train Step A - Iteration 0: 	Loss: 0.0001
Train Step A - Iteration 50: 	Loss: 0.0082
Train Step A - Iteration 100: 	Loss: 0.0102
Train Step A - Iteration 150: 	Loss: 0.0111
Train Step A - Iteration 200: 	Loss: 0.0112
Train Step A - Iteration 250: 	Loss: 0.0083
Train Step A - Iteration 300: 	Loss: 0.0092
Train Step A - Iteration 350: 	Loss: 0.0140
Train Step A - Iteration 400: 	Loss: 0.0112
Train Step A - Iteration 450: 	Loss: 0.0091
Train Step A - Epoch [37]: 	Loss: 0.0103
Test Step A - Epoch [37]: 	Accuracy: 99.39%
-----------------------------------------------------------------------------------------------

Train Step A - Iteration 0: 	Loss: 0.0001
Train Step A - Iteration 50: 	Loss: 0.0117
Train Step A - Iteration 100: 	Loss: 0.0084
Train Step A - Iteration 150: 	Loss: 0.0120
Train Step A - Iteration 200: 	Loss: 0.0106
Train Step A - Iteration 250: 	Loss: 0.0094
Train Step A - Iteration 300: 	Loss: 0.0131
Train Step A - Iteration 350: 	Loss: 0.0121
Train Step A - Iteration 400: 	Loss: 0.0134
Train Step A - Iteration 450: 	Loss: 0.0125
Train Step A - Epoch [38]: 	Loss: 0.0114
Test Step A - Epoch [38]: 	Accuracy: 99.45%
-----------------------------------------------------------------------------------------------

Train Step A - Iteration 0: 	Loss: 0.0000
Train Step A - Iteration 50: 	Loss: 0.0093
Train Step A - Iteration 100: 	Loss: 0.0091
Train Step A - Iteration 150: 	Loss: 0.0089
Train Step A - Iteration 200: 	Loss: 0.0112
Train Step A - Iteration 250: 	Loss: 0.0105
Train Step A - Iteration 300: 	Loss: 0.0107
Train Step A - Iteration 350: 	Loss: 0.0107
Train Step A - Iteration 400: 	Loss: 0.0135
Train Step A - Iteration 450: 	Loss: 0.0130
Train Step A - Epoch [39]: 	Loss: 0.0107
Test Step A - Epoch [39]: 	Accuracy: 99.47%
-----------------------------------------------------------------------------------------------

Train Step A - Iteration 0: 	Loss: 0.0001
Train Step A - Iteration 50: 	Loss: 0.0083
Train Step A - Iteration 100: 	Loss: 0.0085
Train Step A - Iteration 150: 	Loss: 0.0098
Train Step A - Iteration 200: 	Loss: 0.0076
Train Step A - Iteration 250: 	Loss: 0.0109
Train Step A - Iteration 300: 	Loss: 0.0099
Train Step A - Iteration 350: 	Loss: 0.0092
Train Step A - Iteration 400: 	Loss: 0.0098
Train Step A - Iteration 450: 	Loss: 0.0118
Train Step A - Epoch [40]: 	Loss: 0.0096
Test Step A - Epoch [40]: 	Accuracy: 99.41%
-----------------------------------------------------------------------------------------------

Train Step A - Iteration 0: 	Loss: 0.0001
Train Step A - Iteration 50: 	Loss: 0.0075
Train Step A - Iteration 100: 	Loss: 0.0098
Train Step A - Iteration 150: 	Loss: 0.0067
Train Step A - Iteration 200: 	Loss: 0.0109
Train Step A - Iteration 250: 	Loss: 0.0086
Train Step A - Iteration 300: 	Loss: 0.0073
Train Step A - Iteration 350: 	Loss: 0.0085
Train Step A - Iteration 400: 	Loss: 0.0130
Train Step A - Iteration 450: 	Loss: 0.0085
Train Step A - Epoch [41]: 	Loss: 0.0089
Test Step A - Epoch [41]: 	Accuracy: 99.42%
-----------------------------------------------------------------------------------------------

Train Step A - Iteration 0: 	Loss: 0.0004
Train Step A - Iteration 50: 	Loss: 0.0076
Train Step A - Iteration 100: 	Loss: 0.0109
Train Step A - Iteration 150: 	Loss: 0.0109
Train Step A - Iteration 200: 	Loss: 0.0074
Train Step A - Iteration 250: 	Loss: 0.0085
Train Step A - Iteration 300: 	Loss: 0.0063
Train Step A - Iteration 350: 	Loss: 0.0090
Train Step A - Iteration 400: 	Loss: 0.0087
Train Step A - Iteration 450: 	Loss: 0.0105
Train Step A - Epoch [42]: 	Loss: 0.0089
Test Step A - Epoch [42]: 	Accuracy: 99.41%
-----------------------------------------------------------------------------------------------

Train Step A - Iteration 0: 	Loss: 0.0002
Train Step A - Iteration 50: 	Loss: 0.0065
Train Step A - Iteration 100: 	Loss: 0.0109
Train Step A - Iteration 150: 	Loss: 0.0096
Train Step A - Iteration 200: 	Loss: 0.0097
Train Step A - Iteration 250: 	Loss: 0.0097
Train Step A - Iteration 300: 	Loss: 0.0070
Train Step A - Iteration 350: 	Loss: 0.0071
Train Step A - Iteration 400: 	Loss: 0.0084
Train Step A - Iteration 450: 	Loss: 0.0075
Train Step A - Epoch [43]: 	Loss: 0.0085
Test Step A - Epoch [43]: 	Accuracy: 99.45%
-----------------------------------------------------------------------------------------------

Train Step A - Iteration 0: 	Loss: 0.0000
Train Step A - Iteration 50: 	Loss: 0.0100
Train Step A - Iteration 100: 	Loss: 0.0100
Train Step A - Iteration 150: 	Loss: 0.0084
Train Step A - Iteration 200: 	Loss: 0.0084
Train Step A - Iteration 250: 	Loss: 0.0098
Train Step A - Iteration 300: 	Loss: 0.0078
Train Step A - Iteration 350: 	Loss: 0.0086
Train Step A - Iteration 400: 	Loss: 0.0086
Train Step A - Iteration 450: 	Loss: 0.0089
Train Step A - Epoch [44]: 	Loss: 0.0091
Test Step A - Epoch [44]: 	Accuracy: 99.36%
-----------------------------------------------------------------------------------------------

Train Step A - Iteration 0: 	Loss: 0.0000
Train Step A - Iteration 50: 	Loss: 0.0104
Train Step A - Iteration 100: 	Loss: 0.0059
Train Step A - Iteration 150: 	Loss: 0.0083
Train Step A - Iteration 200: 	Loss: 0.0064
Train Step A - Iteration 250: 	Loss: 0.0086
Train Step A - Iteration 300: 	Loss: 0.0056
Train Step A - Iteration 350: 	Loss: 0.0095
Train Step A - Iteration 400: 	Loss: 0.0094
Train Step A - Iteration 450: 	Loss: 0.0101
Train Step A - Epoch [45]: 	Loss: 0.0087
Test Step A - Epoch [45]: 	Accuracy: 99.46%
-----------------------------------------------------------------------------------------------

Train Step A - Iteration 0: 	Loss: 0.0001
Train Step A - Iteration 50: 	Loss: 0.0065
Train Step A - Iteration 100: 	Loss: 0.0076
Train Step A - Iteration 150: 	Loss: 0.0095
Train Step A - Iteration 200: 	Loss: 0.0061
Train Step A - Iteration 250: 	Loss: 0.0067
Train Step A - Iteration 300: 	Loss: 0.0081
Train Step A - Iteration 350: 	Loss: 0.0060
Train Step A - Iteration 400: 	Loss: 0.0070
Train Step A - Iteration 450: 	Loss: 0.0087
Train Step A - Epoch [46]: 	Loss: 0.0074
Test Step A - Epoch [46]: 	Accuracy: 99.40%
-----------------------------------------------------------------------------------------------

Train Step A - Iteration 0: 	Loss: 0.0001
Train Step A - Iteration 50: 	Loss: 0.0057
Train Step A - Iteration 100: 	Loss: 0.0101
Train Step A - Iteration 150: 	Loss: 0.0093
Train Step A - Iteration 200: 	Loss: 0.0056
Train Step A - Iteration 250: 	Loss: 0.0074
Train Step A - Iteration 300: 	Loss: 0.0074
Train Step A - Iteration 350: 	Loss: 0.0066
Train Step A - Iteration 400: 	Loss: 0.0092
Train Step A - Iteration 450: 	Loss: 0.0103
Train Step A - Epoch [47]: 	Loss: 0.0080
Test Step A - Epoch [47]: 	Accuracy: 99.49%
-----------------------------------------------------------------------------------------------

Train Step A - Iteration 0: 	Loss: 0.0002
Train Step A - Iteration 50: 	Loss: 0.0074
Train Step A - Iteration 100: 	Loss: 0.0068
Train Step A - Iteration 150: 	Loss: 0.0070
Train Step A - Iteration 200: 	Loss: 0.0092
Train Step A - Iteration 250: 	Loss: 0.0081
Train Step A - Iteration 300: 	Loss: 0.0067
Train Step A - Iteration 350: 	Loss: 0.0089
Train Step A - Iteration 400: 	Loss: 0.0076
Train Step A - Iteration 450: 	Loss: 0.0084
Train Step A - Epoch [48]: 	Loss: 0.0077
Test Step A - Epoch [48]: 	Accuracy: 99.49%
-----------------------------------------------------------------------------------------------

Train Step A - Iteration 0: 	Loss: 0.0000
Train Step A - Iteration 50: 	Loss: 0.0056
Train Step A - Iteration 100: 	Loss: 0.0072
Train Step A - Iteration 150: 	Loss: 0.0063
Train Step A - Iteration 200: 	Loss: 0.0077
Train Step A - Iteration 250: 	Loss: 0.0102
Train Step A - Iteration 300: 	Loss: 0.0062
Train Step A - Iteration 350: 	Loss: 0.0083
Train Step A - Iteration 400: 	Loss: 0.0095
Train Step A - Iteration 450: 	Loss: 0.0081
Train Step A - Epoch [49]: 	Loss: 0.0076
Test Step A - Epoch [49]: 	Accuracy: 99.46%
-----------------------------------------------------------------------------------------------

Train Step A - Iteration 0: 	Loss: 0.0001
Train Step A - Iteration 50: 	Loss: 0.0067
Train Step A - Iteration 100: 	Loss: 0.0067
Train Step A - Iteration 150: 	Loss: 0.0050
Train Step A - Iteration 200: 	Loss: 0.0053
Train Step A - Iteration 250: 	Loss: 0.0101
Train Step A - Iteration 300: 	Loss: 0.0076
Train Step A - Iteration 350: 	Loss: 0.0058
Train Step A - Iteration 400: 	Loss: 0.0088
Train Step A - Iteration 450: 	Loss: 0.0055
Train Step A - Epoch [50]: 	Loss: 0.0067
Test Step A - Epoch [50]: 	Accuracy: 99.43%
-----------------------------------------------------------------------------------------------

Train Step A - Iteration 0: 	Loss: 0.0000
Train Step A - Iteration 50: 	Loss: 0.0060
Train Step A - Iteration 100: 	Loss: 0.0092
Train Step A - Iteration 150: 	Loss: 0.0065
Train Step A - Iteration 200: 	Loss: 0.0070
Train Step A - Iteration 250: 	Loss: 0.0060
Train Step A - Iteration 300: 	Loss: 0.0071
Train Step A - Iteration 350: 	Loss: 0.0058
Train Step A - Iteration 400: 	Loss: 0.0066
Train Step A - Iteration 450: 	Loss: 0.0060
Train Step A - Epoch [51]: 	Loss: 0.0066
Test Step A - Epoch [51]: 	Accuracy: 99.45%
-----------------------------------------------------------------------------------------------

Train Step A - Iteration 0: 	Loss: 0.0000
Train Step A - Iteration 50: 	Loss: 0.0082
Train Step A - Iteration 100: 	Loss: 0.0078
Train Step A - Iteration 150: 	Loss: 0.0052
Train Step A - Iteration 200: 	Loss: 0.0061
Train Step A - Iteration 250: 	Loss: 0.0070
Train Step A - Iteration 300: 	Loss: 0.0069
Train Step A - Iteration 350: 	Loss: 0.0058
Train Step A - Iteration 400: 	Loss: 0.0080
Train Step A - Iteration 450: 	Loss: 0.0052
Train Step A - Epoch [52]: 	Loss: 0.0067
Test Step A - Epoch [52]: 	Accuracy: 99.37%
-----------------------------------------------------------------------------------------------

Train Step A - Iteration 0: 	Loss: 0.0000
Train Step A - Iteration 50: 	Loss: 0.0074
Train Step A - Iteration 100: 	Loss: 0.0073
Train Step A - Iteration 150: 	Loss: 0.0072
Train Step A - Iteration 200: 	Loss: 0.0050
Train Step A - Iteration 250: 	Loss: 0.0067
Train Step A - Iteration 300: 	Loss: 0.0066
Train Step A - Iteration 350: 	Loss: 0.0074
Train Step A - Iteration 400: 	Loss: 0.0101
Train Step A - Iteration 450: 	Loss: 0.0066
Train Step A - Epoch [53]: 	Loss: 0.0071
Test Step A - Epoch [53]: 	Accuracy: 99.45%
-----------------------------------------------------------------------------------------------

Train Step A - Iteration 0: 	Loss: 0.0001
Train Step A - Iteration 50: 	Loss: 0.0064
Train Step A - Iteration 100: 	Loss: 0.0078
Train Step A - Iteration 150: 	Loss: 0.0063
Train Step A - Iteration 200: 	Loss: 0.0063
Train Step A - Iteration 250: 	Loss: 0.0048
Train Step A - Iteration 300: 	Loss: 0.0060
Train Step A - Iteration 350: 	Loss: 0.0058
Train Step A - Iteration 400: 	Loss: 0.0084
Train Step A - Iteration 450: 	Loss: 0.0061
Train Step A - Epoch [54]: 	Loss: 0.0065
Test Step A - Epoch [54]: 	Accuracy: 99.41%
-----------------------------------------------------------------------------------------------

Train Step A - Iteration 0: 	Loss: 0.0003
Train Step A - Iteration 50: 	Loss: 0.0046
Train Step A - Iteration 100: 	Loss: 0.0084
Train Step A - Iteration 150: 	Loss: 0.0064
Train Step A - Iteration 200: 	Loss: 0.0051
Train Step A - Iteration 250: 	Loss: 0.0058
Train Step A - Iteration 300: 	Loss: 0.0071
Train Step A - Iteration 350: 	Loss: 0.0036
Train Step A - Iteration 400: 	Loss: 0.0035
Train Step A - Iteration 450: 	Loss: 0.0056
Train Step A - Epoch [55]: 	Loss: 0.0056
Test Step A - Epoch [55]: 	Accuracy: 99.37%
-----------------------------------------------------------------------------------------------

Train Step A - Iteration 0: 	Loss: 0.0001
Train Step A - Iteration 50: 	Loss: 0.0090
Train Step A - Iteration 100: 	Loss: 0.0061
Train Step A - Iteration 150: 	Loss: 0.0068
Train Step A - Iteration 200: 	Loss: 0.0063
Train Step A - Iteration 250: 	Loss: 0.0059
Train Step A - Iteration 300: 	Loss: 0.0064
Train Step A - Iteration 350: 	Loss: 0.0074
Train Step A - Iteration 400: 	Loss: 0.0078
Train Step A - Iteration 450: 	Loss: 0.0060
Train Step A - Epoch [56]: 	Loss: 0.0067
Test Step A - Epoch [56]: 	Accuracy: 99.44%
-----------------------------------------------------------------------------------------------

Train Step A - Iteration 0: 	Loss: 0.0001
Train Step A - Iteration 50: 	Loss: 0.0041
Train Step A - Iteration 100: 	Loss: 0.0079
Train Step A - Iteration 150: 	Loss: 0.0055
Train Step A - Iteration 200: 	Loss: 0.0088
Train Step A - Iteration 250: 	Loss: 0.0061
Train Step A - Iteration 300: 	Loss: 0.0066
Train Step A - Iteration 350: 	Loss: 0.0058
Train Step A - Iteration 400: 	Loss: 0.0060
Train Step A - Iteration 450: 	Loss: 0.0057
Train Step A - Epoch [57]: 	Loss: 0.0063
Test Step A - Epoch [57]: 	Accuracy: 99.43%
-----------------------------------------------------------------------------------------------

Train Step A - Iteration 0: 	Loss: 0.0002
Train Step A - Iteration 50: 	Loss: 0.0047
Train Step A - Iteration 100: 	Loss: 0.0052
Train Step A - Iteration 150: 	Loss: 0.0062
Train Step A - Iteration 200: 	Loss: 0.0054
Train Step A - Iteration 250: 	Loss: 0.0068
Train Step A - Iteration 300: 	Loss: 0.0049
Train Step A - Iteration 350: 	Loss: 0.0064
Train Step A - Iteration 400: 	Loss: 0.0053
Train Step A - Iteration 450: 	Loss: 0.0078
Train Step A - Epoch [58]: 	Loss: 0.0060
Test Step A - Epoch [58]: 	Accuracy: 99.42%
-----------------------------------------------------------------------------------------------

Train Step A - Iteration 0: 	Loss: 0.0001
Train Step A - Iteration 50: 	Loss: 0.0080
Train Step A - Iteration 100: 	Loss: 0.0055
Train Step A - Iteration 150: 	Loss: 0.0040
Train Step A - Iteration 200: 	Loss: 0.0060
Train Step A - Iteration 250: 	Loss: 0.0052
Train Step A - Iteration 300: 	Loss: 0.0053
Train Step A - Iteration 350: 	Loss: 0.0056
Train Step A - Iteration 400: 	Loss: 0.0056
Train Step A - Iteration 450: 	Loss: 0.0073
Train Step A - Epoch [59]: 	Loss: 0.0057
Test Step A - Epoch [59]: 	Accuracy: 99.45%
-----------------------------------------------------------------------------------------------

Train Step A - Iteration 0: 	Loss: 0.0001
Train Step A - Iteration 50: 	Loss: 0.0065
Train Step A - Iteration 100: 	Loss: 0.0046
Train Step A - Iteration 150: 	Loss: 0.0070
Train Step A - Iteration 200: 	Loss: 0.0075
Train Step A - Iteration 250: 	Loss: 0.0067
Train Step A - Iteration 300: 	Loss: 0.0059
Train Step A - Iteration 350: 	Loss: 0.0072
Train Step A - Iteration 400: 	Loss: 0.0039
Train Step A - Iteration 450: 	Loss: 0.0076
Train Step A - Epoch [60]: 	Loss: 0.0064
Test Step A - Epoch [60]: 	Accuracy: 99.41%
-----------------------------------------------------------------------------------------------

Train Step A - Iteration 0: 	Loss: 0.0003
Train Step A - Iteration 50: 	Loss: 0.0047
Train Step A - Iteration 100: 	Loss: 0.0060
Train Step A - Iteration 150: 	Loss: 0.0043
Train Step A - Iteration 200: 	Loss: 0.0065
Train Step A - Iteration 250: 	Loss: 0.0051
Train Step A - Iteration 300: 	Loss: 0.0049
Train Step A - Iteration 350: 	Loss: 0.0081
Train Step A - Iteration 400: 	Loss: 0.0036
Train Step A - Iteration 450: 	Loss: 0.0062
Train Step A - Epoch [61]: 	Loss: 0.0056
Test Step A - Epoch [61]: 	Accuracy: 99.49%
-----------------------------------------------------------------------------------------------

Train Step A - Iteration 0: 	Loss: 0.0001
Train Step A - Iteration 50: 	Loss: 0.0048
Train Step A - Iteration 100: 	Loss: 0.0039
Train Step A - Iteration 150: 	Loss: 0.0066
Train Step A - Iteration 200: 	Loss: 0.0048
Train Step A - Iteration 250: 	Loss: 0.0050
Train Step A - Iteration 300: 	Loss: 0.0061
Train Step A - Iteration 350: 	Loss: 0.0061
Train Step A - Iteration 400: 	Loss: 0.0045
Train Step A - Iteration 450: 	Loss: 0.0050
Train Step A - Epoch [62]: 	Loss: 0.0053
Test Step A - Epoch [62]: 	Accuracy: 99.33%
-----------------------------------------------------------------------------------------------

Train Step A - Iteration 0: 	Loss: 0.0007
Train Step A - Iteration 50: 	Loss: 0.0039
Train Step A - Iteration 100: 	Loss: 0.0041
Train Step A - Iteration 150: 	Loss: 0.0068
Train Step A - Iteration 200: 	Loss: 0.0070
Train Step A - Iteration 250: 	Loss: 0.0062
Train Step A - Iteration 300: 	Loss: 0.0048
Train Step A - Iteration 350: 	Loss: 0.0046
Train Step A - Iteration 400: 	Loss: 0.0088
Train Step A - Iteration 450: 	Loss: 0.0058
Train Step A - Epoch [63]: 	Loss: 0.0059
Test Step A - Epoch [63]: 	Accuracy: 99.44%
-----------------------------------------------------------------------------------------------

Train Step A - Iteration 0: 	Loss: 0.0000
Train Step A - Iteration 50: 	Loss: 0.0050
Train Step A - Iteration 100: 	Loss: 0.0059
Train Step A - Iteration 150: 	Loss: 0.0038
Train Step A - Iteration 200: 	Loss: 0.0044
Train Step A - Iteration 250: 	Loss: 0.0059
Train Step A - Iteration 300: 	Loss: 0.0044
Train Step A - Iteration 350: 	Loss: 0.0036
Train Step A - Iteration 400: 	Loss: 0.0068
Train Step A - Iteration 450: 	Loss: 0.0062
Train Step A - Epoch [64]: 	Loss: 0.0053
Test Step A - Epoch [64]: 	Accuracy: 99.42%
-----------------------------------------------------------------------------------------------

Train Step A - Iteration 0: 	Loss: 0.0000
Train Step A - Iteration 50: 	Loss: 0.0054
Train Step A - Iteration 100: 	Loss: 0.0048
Train Step A - Iteration 150: 	Loss: 0.0061
Train Step A - Iteration 200: 	Loss: 0.0062
Train Step A - Iteration 250: 	Loss: 0.0041
Train Step A - Iteration 300: 	Loss: 0.0064
Train Step A - Iteration 350: 	Loss: 0.0058
Train Step A - Iteration 400: 	Loss: 0.0078
Train Step A - Iteration 450: 	Loss: 0.0046
Train Step A - Epoch [65]: 	Loss: 0.0056
Test Step A - Epoch [65]: 	Accuracy: 99.32%
-----------------------------------------------------------------------------------------------

Train Step A - Iteration 0: 	Loss: 0.0002
Train Step A - Iteration 50: 	Loss: 0.0035
Train Step A - Iteration 100: 	Loss: 0.0061
Train Step A - Iteration 150: 	Loss: 0.0054
Train Step A - Iteration 200: 	Loss: 0.0052
Train Step A - Iteration 250: 	Loss: 0.0058
Train Step A - Iteration 300: 	Loss: 0.0044
Train Step A - Iteration 350: 	Loss: 0.0041
Train Step A - Iteration 400: 	Loss: 0.0083
Train Step A - Iteration 450: 	Loss: 0.0084
Train Step A - Epoch [66]: 	Loss: 0.0057
Test Step A - Epoch [66]: 	Accuracy: 99.39%
-----------------------------------------------------------------------------------------------

Train Step A - Iteration 0: 	Loss: 0.0001
Train Step A - Iteration 50: 	Loss: 0.0053
Train Step A - Iteration 100: 	Loss: 0.0039
Train Step A - Iteration 150: 	Loss: 0.0032
Train Step A - Iteration 200: 	Loss: 0.0047
Train Step A - Iteration 250: 	Loss: 0.0038
Train Step A - Iteration 300: 	Loss: 0.0042
Train Step A - Iteration 350: 	Loss: 0.0061
Train Step A - Iteration 400: 	Loss: 0.0072
Train Step A - Iteration 450: 	Loss: 0.0033
Train Step A - Epoch [67]: 	Loss: 0.0048
Test Step A - Epoch [67]: 	Accuracy: 99.42%
-----------------------------------------------------------------------------------------------

Train Step A - Iteration 0: 	Loss: 0.0000
Train Step A - Iteration 50: 	Loss: 0.0034
Train Step A - Iteration 100: 	Loss: 0.0057
Train Step A - Iteration 150: 	Loss: 0.0043
Train Step A - Iteration 200: 	Loss: 0.0044
Train Step A - Iteration 250: 	Loss: 0.0069
Train Step A - Iteration 300: 	Loss: 0.0044
Train Step A - Iteration 350: 	Loss: 0.0072
Train Step A - Iteration 400: 	Loss: 0.0052
Train Step A - Iteration 450: 	Loss: 0.0044
Train Step A - Epoch [68]: 	Loss: 0.0050
Test Step A - Epoch [68]: 	Accuracy: 99.40%
-----------------------------------------------------------------------------------------------

Train Step A - Iteration 0: 	Loss: 0.0001
Train Step A - Iteration 50: 	Loss: 0.0056
Train Step A - Iteration 100: 	Loss: 0.0066
Train Step A - Iteration 150: 	Loss: 0.0057
Train Step A - Iteration 200: 	Loss: 0.0053
Train Step A - Iteration 250: 	Loss: 0.0061
Train Step A - Iteration 300: 	Loss: 0.0048
Train Step A - Iteration 350: 	Loss: 0.0040
Train Step A - Iteration 400: 	Loss: 0.0043
Train Step A - Iteration 450: 	Loss: 0.0045
Train Step A - Epoch [69]: 	Loss: 0.0052
Test Step A - Epoch [69]: 	Accuracy: 99.43%
-----------------------------------------------------------------------------------------------

Train Step A - Iteration 0: 	Loss: 0.0000
Train Step A - Iteration 50: 	Loss: 0.0043
Train Step A - Iteration 100: 	Loss: 0.0048
Train Step A - Iteration 150: 	Loss: 0.0040
Train Step A - Iteration 200: 	Loss: 0.0061
Train Step A - Iteration 250: 	Loss: 0.0084
Train Step A - Iteration 300: 	Loss: 0.0077
Train Step A - Iteration 350: 	Loss: 0.0034
Train Step A - Iteration 400: 	Loss: 0.0065
Train Step A - Iteration 450: 	Loss: 0.0044
Train Step A - Epoch [70]: 	Loss: 0.0055
Test Step A - Epoch [70]: 	Accuracy: 99.47%
-----------------------------------------------------------------------------------------------

Train Step A - Iteration 0: 	Loss: 0.0000
Train Step A - Iteration 50: 	Loss: 0.0028
Train Step A - Iteration 100: 	Loss: 0.0062
Train Step A - Iteration 150: 	Loss: 0.0026
Train Step A - Iteration 200: 	Loss: 0.0041
Train Step A - Iteration 250: 	Loss: 0.0052
Train Step A - Iteration 300: 	Loss: 0.0068
Train Step A - Iteration 350: 	Loss: 0.0030
Train Step A - Iteration 400: 	Loss: 0.0038
Train Step A - Iteration 450: 	Loss: 0.0055
Train Step A - Epoch [71]: 	Loss: 0.0045
Test Step A - Epoch [71]: 	Accuracy: 99.42%
-----------------------------------------------------------------------------------------------

Train Step A - Iteration 0: 	Loss: 0.0000
Train Step A - Iteration 50: 	Loss: 0.0027
Train Step A - Iteration 100: 	Loss: 0.0031
Train Step A - Iteration 150: 	Loss: 0.0051
Train Step A - Iteration 200: 	Loss: 0.0052
Train Step A - Iteration 250: 	Loss: 0.0033
Train Step A - Iteration 300: 	Loss: 0.0050
Train Step A - Iteration 350: 	Loss: 0.0070
Train Step A - Iteration 400: 	Loss: 0.0056
Train Step A - Iteration 450: 	Loss: 0.0059
Train Step A - Epoch [72]: 	Loss: 0.0048
Test Step A - Epoch [72]: 	Accuracy: 99.45%
-----------------------------------------------------------------------------------------------

Train Step A - Iteration 0: 	Loss: 0.0000
Train Step A - Iteration 50: 	Loss: 0.0033
Train Step A - Iteration 100: 	Loss: 0.0059
Train Step A - Iteration 150: 	Loss: 0.0057
Train Step A - Iteration 200: 	Loss: 0.0053
Train Step A - Iteration 250: 	Loss: 0.0040
Train Step A - Iteration 300: 	Loss: 0.0035
Train Step A - Iteration 350: 	Loss: 0.0024
Train Step A - Iteration 400: 	Loss: 0.0037
Train Step A - Iteration 450: 	Loss: 0.0027
Train Step A - Epoch [73]: 	Loss: 0.0040
Test Step A - Epoch [73]: 	Accuracy: 99.44%
-----------------------------------------------------------------------------------------------

Train Step A - Iteration 0: 	Loss: 0.0001
Train Step A - Iteration 50: 	Loss: 0.0033
Train Step A - Iteration 100: 	Loss: 0.0066
Train Step A - Iteration 150: 	Loss: 0.0058
Train Step A - Iteration 200: 	Loss: 0.0056
Train Step A - Iteration 250: 	Loss: 0.0031
Train Step A - Iteration 300: 	Loss: 0.0049
Train Step A - Iteration 350: 	Loss: 0.0046
Train Step A - Iteration 400: 	Loss: 0.0058
Train Step A - Iteration 450: 	Loss: 0.0066
Train Step A - Epoch [74]: 	Loss: 0.0050
Test Step A - Epoch [74]: 	Accuracy: 99.39%
-----------------------------------------------------------------------------------------------

Train Step A - Iteration 0: 	Loss: 0.0001
Train Step A - Iteration 50: 	Loss: 0.0062
Train Step A - Iteration 100: 	Loss: 0.0051
Train Step A - Iteration 150: 	Loss: 0.0039
Train Step A - Iteration 200: 	Loss: 0.0059
Train Step A - Iteration 250: 	Loss: 0.0052
Train Step A - Iteration 300: 	Loss: 0.0050
Train Step A - Iteration 350: 	Loss: 0.0041
Train Step A - Iteration 400: 	Loss: 0.0043
Train Step A - Iteration 450: 	Loss: 0.0030
Train Step A - Epoch [75]: 	Loss: 0.0048
Test Step A - Epoch [75]: 	Accuracy: 99.47%
-----------------------------------------------------------------------------------------------

Train Step A - Iteration 0: 	Loss: 0.0000
Train Step A - Iteration 50: 	Loss: 0.0047
Train Step A - Iteration 100: 	Loss: 0.0061
Train Step A - Iteration 150: 	Loss: 0.0044
Train Step A - Iteration 200: 	Loss: 0.0038
Train Step A - Iteration 250: 	Loss: 0.0039
Train Step A - Iteration 300: 	Loss: 0.0032
Train Step A - Iteration 350: 	Loss: 0.0038
Train Step A - Iteration 400: 	Loss: 0.0037
Train Step A - Iteration 450: 	Loss: 0.0031
Train Step A - Epoch [76]: 	Loss: 0.0042
Test Step A - Epoch [76]: 	Accuracy: 99.51%
-----------------------------------------------------------------------------------------------

Train Step A - Iteration 0: 	Loss: 0.0000
Train Step A - Iteration 50: 	Loss: 0.0047
Train Step A - Iteration 100: 	Loss: 0.0021
Train Step A - Iteration 150: 	Loss: 0.0020
Train Step A - Iteration 200: 	Loss: 0.0046
Train Step A - Iteration 250: 	Loss: 0.0028
Train Step A - Iteration 300: 	Loss: 0.0080
Train Step A - Iteration 350: 	Loss: 0.0036
Train Step A - Iteration 400: 	Loss: 0.0059
Train Step A - Iteration 450: 	Loss: 0.0045
Train Step A - Epoch [77]: 	Loss: 0.0042
Test Step A - Epoch [77]: 	Accuracy: 99.53%
-----------------------------------------------------------------------------------------------

Train Step A - Iteration 0: 	Loss: 0.0000
Train Step A - Iteration 50: 	Loss: 0.0034
Train Step A - Iteration 100: 	Loss: 0.0064
Train Step A - Iteration 150: 	Loss: 0.0037
Train Step A - Iteration 200: 	Loss: 0.0037
Train Step A - Iteration 250: 	Loss: 0.0033
Train Step A - Iteration 300: 	Loss: 0.0050
Train Step A - Iteration 350: 	Loss: 0.0048
Train Step A - Iteration 400: 	Loss: 0.0034
Train Step A - Iteration 450: 	Loss: 0.0041
Train Step A - Epoch [78]: 	Loss: 0.0042
Test Step A - Epoch [78]: 	Accuracy: 99.51%
-----------------------------------------------------------------------------------------------

Train Step A - Iteration 0: 	Loss: 0.0000
Train Step A - Iteration 50: 	Loss: 0.0018
Train Step A - Iteration 100: 	Loss: 0.0036
Train Step A - Iteration 150: 	Loss: 0.0038
Train Step A - Iteration 200: 	Loss: 0.0044
Train Step A - Iteration 250: 	Loss: 0.0054
Train Step A - Iteration 300: 	Loss: 0.0077
Train Step A - Iteration 350: 	Loss: 0.0033
Train Step A - Iteration 400: 	Loss: 0.0033
Train Step A - Iteration 450: 	Loss: 0.0045
Train Step A - Epoch [79]: 	Loss: 0.0042
Test Step A - Epoch [79]: 	Accuracy: 99.47%
-----------------------------------------------------------------------------------------------

Train Step A - Iteration 0: 	Loss: 0.0003
Train Step A - Iteration 50: 	Loss: 0.0033
Train Step A - Iteration 100: 	Loss: 0.0029
Train Step A - Iteration 150: 	Loss: 0.0062
Train Step A - Iteration 200: 	Loss: 0.0063
Train Step A - Iteration 250: 	Loss: 0.0046
Train Step A - Iteration 300: 	Loss: 0.0044
Train Step A - Iteration 350: 	Loss: 0.0019
Train Step A - Iteration 400: 	Loss: 0.0021
Train Step A - Iteration 450: 	Loss: 0.0031
Train Step A - Epoch [80]: 	Loss: 0.0039
Test Step A - Epoch [80]: 	Accuracy: 99.47%
-----------------------------------------------------------------------------------------------

Train Step A - Iteration 0: 	Loss: 0.0000
Train Step A - Iteration 50: 	Loss: 0.0028
Train Step A - Iteration 100: 	Loss: 0.0029
Train Step A - Iteration 150: 	Loss: 0.0024
Train Step A - Iteration 200: 	Loss: 0.0024
Train Step A - Iteration 250: 	Loss: 0.0049
Train Step A - Iteration 300: 	Loss: 0.0037
Train Step A - Iteration 350: 	Loss: 0.0038
Train Step A - Iteration 400: 	Loss: 0.0024
Train Step A - Iteration 450: 	Loss: 0.0030
Train Step A - Epoch [81]: 	Loss: 0.0032
Test Step A - Epoch [81]: 	Accuracy: 99.46%
-----------------------------------------------------------------------------------------------

Train Step A - Iteration 0: 	Loss: 0.0001
Train Step A - Iteration 50: 	Loss: 0.0037
Train Step A - Iteration 100: 	Loss: 0.0042
Train Step A - Iteration 150: 	Loss: 0.0033
Train Step A - Iteration 200: 	Loss: 0.0041
Train Step A - Iteration 250: 	Loss: 0.0044
Train Step A - Iteration 300: 	Loss: 0.0025
Train Step A - Iteration 350: 	Loss: 0.0038
Train Step A - Iteration 400: 	Loss: 0.0065
Train Step A - Iteration 450: 	Loss: 0.0040
Train Step A - Epoch [82]: 	Loss: 0.0041
Test Step A - Epoch [82]: 	Accuracy: 99.45%
-----------------------------------------------------------------------------------------------

Train Step A - Iteration 0: 	Loss: 0.0002
Train Step A - Iteration 50: 	Loss: 0.0039
Train Step A - Iteration 100: 	Loss: 0.0045
Train Step A - Iteration 150: 	Loss: 0.0017
Train Step A - Iteration 200: 	Loss: 0.0032
Train Step A - Iteration 250: 	Loss: 0.0038
Train Step A - Iteration 300: 	Loss: 0.0021
Train Step A - Iteration 350: 	Loss: 0.0050
Train Step A - Iteration 400: 	Loss: 0.0033
Train Step A - Iteration 450: 	Loss: 0.0040
Train Step A - Epoch [83]: 	Loss: 0.0034
Test Step A - Epoch [83]: 	Accuracy: 99.49%
-----------------------------------------------------------------------------------------------

Train Step A - Iteration 0: 	Loss: 0.0002
Train Step A - Iteration 50: 	Loss: 0.0035
Train Step A - Iteration 100: 	Loss: 0.0032
Train Step A - Iteration 150: 	Loss: 0.0058
Train Step A - Iteration 200: 	Loss: 0.0031
Train Step A - Iteration 250: 	Loss: 0.0016
Train Step A - Iteration 300: 	Loss: 0.0047
Train Step A - Iteration 350: 	Loss: 0.0046
Train Step A - Iteration 400: 	Loss: 0.0035
Train Step A - Iteration 450: 	Loss: 0.0047
Train Step A - Epoch [84]: 	Loss: 0.0041
Test Step A - Epoch [84]: 	Accuracy: 99.44%
-----------------------------------------------------------------------------------------------

Train Step A - Iteration 0: 	Loss: 0.0000
Train Step A - Iteration 50: 	Loss: 0.0028
Train Step A - Iteration 100: 	Loss: 0.0055
Train Step A - Iteration 150: 	Loss: 0.0049
Train Step A - Iteration 200: 	Loss: 0.0033
Train Step A - Iteration 250: 	Loss: 0.0047
Train Step A - Iteration 300: 	Loss: 0.0025
Train Step A - Iteration 350: 	Loss: 0.0036
Train Step A - Iteration 400: 	Loss: 0.0040
Train Step A - Iteration 450: 	Loss: 0.0039
Train Step A - Epoch [85]: 	Loss: 0.0038
Test Step A - Epoch [85]: 	Accuracy: 99.46%
-----------------------------------------------------------------------------------------------

Train Step A - Iteration 0: 	Loss: 0.0001
Train Step A - Iteration 50: 	Loss: 0.0052
Train Step A - Iteration 100: 	Loss: 0.0024
Train Step A - Iteration 150: 	Loss: 0.0078
Train Step A - Iteration 200: 	Loss: 0.0037
Train Step A - Iteration 250: 	Loss: 0.0040
Train Step A - Iteration 300: 	Loss: 0.0043
Train Step A - Iteration 350: 	Loss: 0.0023
Train Step A - Iteration 400: 	Loss: 0.0030
Train Step A - Iteration 450: 	Loss: 0.0048
Train Step A - Epoch [86]: 	Loss: 0.0041
Test Step A - Epoch [86]: 	Accuracy: 99.46%
-----------------------------------------------------------------------------------------------

Train Step A - Iteration 0: 	Loss: 0.0001
Train Step A - Iteration 50: 	Loss: 0.0042
Train Step A - Iteration 100: 	Loss: 0.0029
Train Step A - Iteration 150: 	Loss: 0.0038
Train Step A - Iteration 200: 	Loss: 0.0020
Train Step A - Iteration 250: 	Loss: 0.0035
Train Step A - Iteration 300: 	Loss: 0.0021
Train Step A - Iteration 350: 	Loss: 0.0019
Train Step A - Iteration 400: 	Loss: 0.0045
Train Step A - Iteration 450: 	Loss: 0.0029
Train Step A - Epoch [87]: 	Loss: 0.0030
Test Step A - Epoch [87]: 	Accuracy: 99.48%
-----------------------------------------------------------------------------------------------

Train Step A - Iteration 0: 	Loss: 0.0001
Train Step A - Iteration 50: 	Loss: 0.0024
Train Step A - Iteration 100: 	Loss: 0.0046
Train Step A - Iteration 150: 	Loss: 0.0019
Train Step A - Iteration 200: 	Loss: 0.0038
Train Step A - Iteration 250: 	Loss: 0.0038
Train Step A - Iteration 300: 	Loss: 0.0023
Train Step A - Iteration 350: 	Loss: 0.0035
Train Step A - Iteration 400: 	Loss: 0.0029
Train Step A - Iteration 450: 	Loss: 0.0045
Train Step A - Epoch [88]: 	Loss: 0.0033
Test Step A - Epoch [88]: 	Accuracy: 99.50%
-----------------------------------------------------------------------------------------------

Train Step A - Iteration 0: 	Loss: 0.0000
Train Step A - Iteration 50: 	Loss: 0.0045
Train Step A - Iteration 100: 	Loss: 0.0037
Train Step A - Iteration 150: 	Loss: 0.0026
Train Step A - Iteration 200: 	Loss: 0.0035
Train Step A - Iteration 250: 	Loss: 0.0035
Train Step A - Iteration 300: 	Loss: 0.0031
Train Step A - Iteration 350: 	Loss: 0.0042
Train Step A - Iteration 400: 	Loss: 0.0024
Train Step A - Iteration 450: 	Loss: 0.0055
Train Step A - Epoch [89]: 	Loss: 0.0036
Test Step A - Epoch [89]: 	Accuracy: 99.42%
-----------------------------------------------------------------------------------------------

Train Step A - Iteration 0: 	Loss: 0.0000
Train Step A - Iteration 50: 	Loss: 0.0029
Train Step A - Iteration 100: 	Loss: 0.0019
Train Step A - Iteration 150: 	Loss: 0.0024
Train Step A - Iteration 200: 	Loss: 0.0028
Train Step A - Iteration 250: 	Loss: 0.0029
Train Step A - Iteration 300: 	Loss: 0.0026
Train Step A - Iteration 350: 	Loss: 0.0040
Train Step A - Iteration 400: 	Loss: 0.0042
Train Step A - Iteration 450: 	Loss: 0.0020
Train Step A - Epoch [90]: 	Loss: 0.0029
Test Step A - Epoch [90]: 	Accuracy: 99.50%
-----------------------------------------------------------------------------------------------

Train Step A - Iteration 0: 	Loss: 0.0003
Train Step A - Iteration 50: 	Loss: 0.0048
Train Step A - Iteration 100: 	Loss: 0.0033
Train Step A - Iteration 150: 	Loss: 0.0037
Train Step A - Iteration 200: 	Loss: 0.0034
Train Step A - Iteration 250: 	Loss: 0.0046
Train Step A - Iteration 300: 	Loss: 0.0059
Train Step A - Iteration 350: 	Loss: 0.0036
Train Step A - Iteration 400: 	Loss: 0.0033
Train Step A - Iteration 450: 	Loss: 0.0036
Train Step A - Epoch [91]: 	Loss: 0.0040
Test Step A - Epoch [91]: 	Accuracy: 99.38%
-----------------------------------------------------------------------------------------------

Train Step A - Iteration 0: 	Loss: 0.0000
Train Step A - Iteration 50: 	Loss: 0.0064
Train Step A - Iteration 100: 	Loss: 0.0022
Train Step A - Iteration 150: 	Loss: 0.0027
Train Step A - Iteration 200: 	Loss: 0.0027
Train Step A - Iteration 250: 	Loss: 0.0019
Train Step A - Iteration 300: 	Loss: 0.0050
Train Step A - Iteration 350: 	Loss: 0.0036
Train Step A - Iteration 400: 	Loss: 0.0044
Train Step A - Iteration 450: 	Loss: 0.0036
Train Step A - Epoch [92]: 	Loss: 0.0036
Test Step A - Epoch [92]: 	Accuracy: 99.47%
-----------------------------------------------------------------------------------------------

Train Step A - Iteration 0: 	Loss: 0.0000
Train Step A - Iteration 50: 	Loss: 0.0022
Train Step A - Iteration 100: 	Loss: 0.0033
Train Step A - Iteration 150: 	Loss: 0.0022
Train Step A - Iteration 200: 	Loss: 0.0051
Train Step A - Iteration 250: 	Loss: 0.0029
Train Step A - Iteration 300: 	Loss: 0.0045
Train Step A - Iteration 350: 	Loss: 0.0033
Train Step A - Iteration 400: 	Loss: 0.0034
Train Step A - Iteration 450: 	Loss: 0.0026
Train Step A - Epoch [93]: 	Loss: 0.0032
Test Step A - Epoch [93]: 	Accuracy: 99.45%
-----------------------------------------------------------------------------------------------

Train Step A - Iteration 0: 	Loss: 0.0001
Train Step A - Iteration 50: 	Loss: 0.0033
Train Step A - Iteration 100: 	Loss: 0.0024
Train Step A - Iteration 150: 	Loss: 0.0042
Train Step A - Iteration 200: 	Loss: 0.0022
Train Step A - Iteration 250: 	Loss: 0.0050
Train Step A - Iteration 300: 	Loss: 0.0028
Train Step A - Iteration 350: 	Loss: 0.0032
Train Step A - Iteration 400: 	Loss: 0.0034
Train Step A - Iteration 450: 	Loss: 0.0039
Train Step A - Epoch [94]: 	Loss: 0.0034
Test Step A - Epoch [94]: 	Accuracy: 99.47%
-----------------------------------------------------------------------------------------------

Train Step A - Iteration 0: 	Loss: 0.0000
Train Step A - Iteration 50: 	Loss: 0.0032
Train Step A - Iteration 100: 	Loss: 0.0030
Train Step A - Iteration 150: 	Loss: 0.0020
Train Step A - Iteration 200: 	Loss: 0.0019
Train Step A - Iteration 250: 	Loss: 0.0020
Train Step A - Iteration 300: 	Loss: 0.0036
Train Step A - Iteration 350: 	Loss: 0.0037
Train Step A - Iteration 400: 	Loss: 0.0022
Train Step A - Iteration 450: 	Loss: 0.0030
Train Step A - Epoch [95]: 	Loss: 0.0027
Test Step A - Epoch [95]: 	Accuracy: 99.41%
-----------------------------------------------------------------------------------------------

Train Step A - Iteration 0: 	Loss: 0.0000
Train Step A - Iteration 50: 	Loss: 0.0032
Train Step A - Iteration 100: 	Loss: 0.0041
Train Step A - Iteration 150: 	Loss: 0.0041
Train Step A - Iteration 200: 	Loss: 0.0025
Train Step A - Iteration 250: 	Loss: 0.0020
Train Step A - Iteration 300: 	Loss: 0.0030
Train Step A - Iteration 350: 	Loss: 0.0024
Train Step A - Iteration 400: 	Loss: 0.0025
Train Step A - Iteration 450: 	Loss: 0.0026
Train Step A - Epoch [96]: 	Loss: 0.0030
Test Step A - Epoch [96]: 	Accuracy: 99.51%
-----------------------------------------------------------------------------------------------

Train Step A - Iteration 0: 	Loss: 0.0000
Train Step A - Iteration 50: 	Loss: 0.0035
Train Step A - Iteration 100: 	Loss: 0.0028
Train Step A - Iteration 150: 	Loss: 0.0028
Train Step A - Iteration 200: 	Loss: 0.0019
Train Step A - Iteration 250: 	Loss: 0.0025
Train Step A - Iteration 300: 	Loss: 0.0042
Train Step A - Iteration 350: 	Loss: 0.0038
Train Step A - Iteration 400: 	Loss: 0.0063
Train Step A - Iteration 450: 	Loss: 0.0038
Train Step A - Epoch [97]: 	Loss: 0.0035
Test Step A - Epoch [97]: 	Accuracy: 99.41%
-----------------------------------------------------------------------------------------------

Train Step A - Iteration 0: 	Loss: 0.0000
Train Step A - Iteration 50: 	Loss: 0.0033
Train Step A - Iteration 100: 	Loss: 0.0035
Train Step A - Iteration 150: 	Loss: 0.0016
Train Step A - Iteration 200: 	Loss: 0.0021
Train Step A - Iteration 250: 	Loss: 0.0028
Train Step A - Iteration 300: 	Loss: 0.0021
Train Step A - Iteration 350: 	Loss: 0.0015
Train Step A - Iteration 400: 	Loss: 0.0028
Train Step A - Iteration 450: 	Loss: 0.0027
Train Step A - Epoch [98]: 	Loss: 0.0025
Test Step A - Epoch [98]: 	Accuracy: 99.45%
-----------------------------------------------------------------------------------------------

Train Step A - Iteration 0: 	Loss: 0.0000
Train Step A - Iteration 50: 	Loss: 0.0041
Train Step A - Iteration 100: 	Loss: 0.0040
Train Step A - Iteration 150: 	Loss: 0.0035
Train Step A - Iteration 200: 	Loss: 0.0029
Train Step A - Iteration 250: 	Loss: 0.0039
Train Step A - Iteration 300: 	Loss: 0.0047
Train Step A - Iteration 350: 	Loss: 0.0031
Train Step A - Iteration 400: 	Loss: 0.0035
Train Step A - Iteration 450: 	Loss: 0.0041
Train Step A - Epoch [99]: 	Loss: 0.0038
Test Step A - Epoch [99]: 	Accuracy: 99.46%
-----------------------------------------------------------------------------------------------

Train Step A - Iteration 0: 	Loss: 0.0000
Train Step A - Iteration 50: 	Loss: 0.0027
Train Step A - Iteration 100: 	Loss: 0.0026
Train Step A - Iteration 150: 	Loss: 0.0020
Train Step A - Iteration 200: 	Loss: 0.0034
Train Step A - Iteration 250: 	Loss: 0.0022
Train Step A - Iteration 300: 	Loss: 0.0029
Train Step A - Iteration 350: 	Loss: 0.0038
Train Step A - Iteration 400: 	Loss: 0.0029
Train Step A - Iteration 450: 	Loss: 0.0034
Train Step A - Epoch [100]: 	Loss: 0.0029
Test Step A - Epoch [100]: 	Accuracy: 99.47%
-----------------------------------------------------------------------------------------------

Using downloaded and verified file: ./data/SVHN/raw/train/train_32x32.mat
Using downloaded and verified file: ./data/SVHN/raw/test/test_32x32.mat
Train Step B - Epoch [1]:               Discriminator GAN loss: 0.1106,               Generator GAN Loss: 4.6955,               Cycle loss: 1.4530,               Semantic Loss: 2.2504,               Task loss: 2.0331
Test Step B - Epoch [1]: 	Accuracy: 13.93%
-----------------------------------------------------------------------------------------------

Train Step B - Epoch [2]:               Discriminator GAN loss: 0.0131,               Generator GAN Loss: 6.4843,               Cycle loss: 1.0971,               Semantic Loss: 1.5933,               Task loss: 1.1993
Test Step B - Epoch [2]: 	Accuracy: 13.47%
-----------------------------------------------------------------------------------------------

Train Step B - Epoch [3]:               Discriminator GAN loss: 0.0129,               Generator GAN Loss: 6.9489,               Cycle loss: 1.2517,               Semantic Loss: 2.8063,               Task loss: 1.6091
Test Step B - Epoch [3]: 	Accuracy: 13.46%
-----------------------------------------------------------------------------------------------

Train Step B - Epoch [4]:               Discriminator GAN loss: 0.0129,               Generator GAN Loss: 6.9374,               Cycle loss: 1.1774,               Semantic Loss: 2.9243,               Task loss: 1.6988
Test Step B - Epoch [4]: 	Accuracy: 14.36%
-----------------------------------------------------------------------------------------------

Train Step B - Epoch [5]:               Discriminator GAN loss: 0.0119,               Generator GAN Loss: 7.1442,               Cycle loss: 1.0933,               Semantic Loss: 2.4798,               Task loss: 1.3560
Test Step B - Epoch [5]: 	Accuracy: 12.06%
-----------------------------------------------------------------------------------------------

Train Step B - Epoch [6]:               Discriminator GAN loss: 0.0124,               Generator GAN Loss: 7.3479,               Cycle loss: 0.9067,               Semantic Loss: 1.7661,               Task loss: 1.1649
Test Step B - Epoch [6]: 	Accuracy: 11.91%
-----------------------------------------------------------------------------------------------

Train Step B - Epoch [7]:               Discriminator GAN loss: 0.0227,               Generator GAN Loss: 7.1613,               Cycle loss: 0.7600,               Semantic Loss: 1.3069,               Task loss: 1.0622
Test Step B - Epoch [7]: 	Accuracy: 11.07%
-----------------------------------------------------------------------------------------------

Train Step B - Epoch [8]:               Discriminator GAN loss: 0.0563,               Generator GAN Loss: 6.2619,               Cycle loss: 0.6525,               Semantic Loss: 0.8744,               Task loss: 0.8224
Test Step B - Epoch [8]: 	Accuracy: 13.10%
-----------------------------------------------------------------------------------------------

Train Step B - Epoch [9]:               Discriminator GAN loss: 0.0821,               Generator GAN Loss: 5.2922,               Cycle loss: 0.5927,               Semantic Loss: 0.7909,               Task loss: 0.6980
Test Step B - Epoch [9]: 	Accuracy: 12.49%
-----------------------------------------------------------------------------------------------

Train Step B - Epoch [10]:               Discriminator GAN loss: 0.0812,               Generator GAN Loss: 5.1341,               Cycle loss: 0.6527,               Semantic Loss: 0.8117,               Task loss: 0.6492
Test Step B - Epoch [10]: 	Accuracy: 12.85%
-----------------------------------------------------------------------------------------------

Train Step B - Epoch [11]:               Discriminator GAN loss: 0.0594,               Generator GAN Loss: 5.3703,               Cycle loss: 0.6835,               Semantic Loss: 0.8366,               Task loss: 0.5922
Test Step B - Epoch [11]: 	Accuracy: 12.52%
-----------------------------------------------------------------------------------------------

Train Step B - Epoch [12]:               Discriminator GAN loss: 0.0544,               Generator GAN Loss: 5.5367,               Cycle loss: 0.6204,               Semantic Loss: 0.6658,               Task loss: 0.5466
Test Step B - Epoch [12]: 	Accuracy: 13.51%
-----------------------------------------------------------------------------------------------

Train Step B - Epoch [13]:               Discriminator GAN loss: 0.0790,               Generator GAN Loss: 5.1836,               Cycle loss: 0.5884,               Semantic Loss: 0.6232,               Task loss: 0.5810
Test Step B - Epoch [13]: 	Accuracy: 12.85%
-----------------------------------------------------------------------------------------------

Train Step B - Epoch [14]:               Discriminator GAN loss: 0.0661,               Generator GAN Loss: 5.4007,               Cycle loss: 0.6022,               Semantic Loss: 0.7001,               Task loss: 0.5719
Test Step B - Epoch [14]: 	Accuracy: 14.77%
-----------------------------------------------------------------------------------------------

Train Step B - Epoch [15]:               Discriminator GAN loss: 0.0677,               Generator GAN Loss: 5.3552,               Cycle loss: 0.5855,               Semantic Loss: 0.5768,               Task loss: 0.5068
Test Step B - Epoch [15]: 	Accuracy: 14.05%
-----------------------------------------------------------------------------------------------

Train Step B - Epoch [16]:               Discriminator GAN loss: 0.0570,               Generator GAN Loss: 5.6381,               Cycle loss: 0.5862,               Semantic Loss: 0.6232,               Task loss: 0.5020
Test Step B - Epoch [16]: 	Accuracy: 15.71%
-----------------------------------------------------------------------------------------------

Train Step B - Epoch [17]:               Discriminator GAN loss: 0.0489,               Generator GAN Loss: 5.5126,               Cycle loss: 0.7344,               Semantic Loss: 0.7720,               Task loss: 0.4900
Test Step B - Epoch [17]: 	Accuracy: 14.69%
-----------------------------------------------------------------------------------------------

Train Step B - Epoch [18]:               Discriminator GAN loss: 0.0400,               Generator GAN Loss: 5.9924,               Cycle loss: 0.7219,               Semantic Loss: 0.8327,               Task loss: 0.4823
Test Step B - Epoch [18]: 	Accuracy: 16.55%
-----------------------------------------------------------------------------------------------

Train Step B - Epoch [19]:               Discriminator GAN loss: 0.0407,               Generator GAN Loss: 6.1945,               Cycle loss: 0.6073,               Semantic Loss: 0.5464,               Task loss: 0.4541
Test Step B - Epoch [19]: 	Accuracy: 17.26%
-----------------------------------------------------------------------------------------------

Train Step B - Epoch [20]:               Discriminator GAN loss: 0.0530,               Generator GAN Loss: 5.5608,               Cycle loss: 0.5605,               Semantic Loss: 0.3985,               Task loss: 0.4271
Test Step B - Epoch [20]: 	Accuracy: 16.71%
-----------------------------------------------------------------------------------------------

Train Step B - Epoch [21]:               Discriminator GAN loss: 0.0618,               Generator GAN Loss: 5.5785,               Cycle loss: 0.5672,               Semantic Loss: 0.4638,               Task loss: 0.4129
Test Step B - Epoch [21]: 	Accuracy: 15.30%
-----------------------------------------------------------------------------------------------

Train Step B - Epoch [22]:               Discriminator GAN loss: 0.0594,               Generator GAN Loss: 5.5861,               Cycle loss: 0.5270,               Semantic Loss: 0.5327,               Task loss: 0.4290
Test Step B - Epoch [22]: 	Accuracy: 15.90%
-----------------------------------------------------------------------------------------------

Train Step B - Epoch [23]:               Discriminator GAN loss: 0.0516,               Generator GAN Loss: 5.7433,               Cycle loss: 0.5802,               Semantic Loss: 0.6053,               Task loss: 0.4715
Test Step B - Epoch [23]: 	Accuracy: 16.46%
-----------------------------------------------------------------------------------------------

Train Step B - Epoch [24]:               Discriminator GAN loss: 0.0387,               Generator GAN Loss: 6.0188,               Cycle loss: 0.6499,               Semantic Loss: 0.5520,               Task loss: 0.3948
Test Step B - Epoch [24]: 	Accuracy: 21.22%
-----------------------------------------------------------------------------------------------

Train Step B - Epoch [25]:               Discriminator GAN loss: 0.0622,               Generator GAN Loss: 5.7725,               Cycle loss: 0.5303,               Semantic Loss: 0.5207,               Task loss: 0.3735
Test Step B - Epoch [25]: 	Accuracy: 20.44%
-----------------------------------------------------------------------------------------------

Train Step B - Epoch [26]:               Discriminator GAN loss: 0.0444,               Generator GAN Loss: 6.1393,               Cycle loss: 0.6413,               Semantic Loss: 0.5868,               Task loss: 0.3703
Test Step B - Epoch [26]: 	Accuracy: 20.49%
-----------------------------------------------------------------------------------------------

Train Step B - Epoch [27]:               Discriminator GAN loss: 0.0589,               Generator GAN Loss: 5.7337,               Cycle loss: 0.6592,               Semantic Loss: 0.5972,               Task loss: 0.3527
Test Step B - Epoch [27]: 	Accuracy: 23.04%
-----------------------------------------------------------------------------------------------

Train Step B - Epoch [28]:               Discriminator GAN loss: 0.0553,               Generator GAN Loss: 5.7711,               Cycle loss: 0.6184,               Semantic Loss: 0.6053,               Task loss: 0.3654
Test Step B - Epoch [28]: 	Accuracy: 22.90%
-----------------------------------------------------------------------------------------------

Train Step B - Epoch [29]:               Discriminator GAN loss: 0.0356,               Generator GAN Loss: 5.9928,               Cycle loss: 0.7948,               Semantic Loss: 0.7921,               Task loss: 0.3666
Test Step B - Epoch [29]: 	Accuracy: 23.18%
-----------------------------------------------------------------------------------------------

Train Step B - Epoch [30]:               Discriminator GAN loss: 0.0339,               Generator GAN Loss: 5.9922,               Cycle loss: 0.8181,               Semantic Loss: 0.7080,               Task loss: 0.2821
Test Step B - Epoch [30]: 	Accuracy: 26.21%
-----------------------------------------------------------------------------------------------

Train Step B - Epoch [31]:               Discriminator GAN loss: 0.0365,               Generator GAN Loss: 6.5774,               Cycle loss: 0.7250,               Semantic Loss: 0.8190,               Task loss: 0.4102
Test Step B - Epoch [31]: 	Accuracy: 26.79%
-----------------------------------------------------------------------------------------------

Train Step B - Epoch [32]:               Discriminator GAN loss: 0.0348,               Generator GAN Loss: 6.2462,               Cycle loss: 0.8338,               Semantic Loss: 0.8325,               Task loss: 0.3138
Test Step B - Epoch [32]: 	Accuracy: 30.42%
-----------------------------------------------------------------------------------------------

Train Step B - Epoch [33]:               Discriminator GAN loss: 0.0309,               Generator GAN Loss: 6.3700,               Cycle loss: 0.6945,               Semantic Loss: 0.6363,               Task loss: 0.2846
Test Step B - Epoch [33]: 	Accuracy: 24.46%
-----------------------------------------------------------------------------------------------

Train Step B - Epoch [34]:               Discriminator GAN loss: 0.0576,               Generator GAN Loss: 5.7026,               Cycle loss: 0.4968,               Semantic Loss: 0.4393,               Task loss: 0.2895
Test Step B - Epoch [34]: 	Accuracy: 29.08%
-----------------------------------------------------------------------------------------------

Train Step B - Epoch [35]:               Discriminator GAN loss: 0.0474,               Generator GAN Loss: 5.8433,               Cycle loss: 0.5379,               Semantic Loss: 0.4494,               Task loss: 0.2678
Test Step B - Epoch [35]: 	Accuracy: 29.09%
-----------------------------------------------------------------------------------------------

Train Step B - Epoch [36]:               Discriminator GAN loss: 0.0394,               Generator GAN Loss: 6.2003,               Cycle loss: 0.7442,               Semantic Loss: 0.7896,               Task loss: 0.3920
Test Step B - Epoch [36]: 	Accuracy: 28.45%
-----------------------------------------------------------------------------------------------

Train Step B - Epoch [37]:               Discriminator GAN loss: 0.0447,               Generator GAN Loss: 5.9042,               Cycle loss: 0.7627,               Semantic Loss: 0.7495,               Task loss: 0.3038
Test Step B - Epoch [37]: 	Accuracy: 27.29%
-----------------------------------------------------------------------------------------------

Train Step B - Epoch [38]:               Discriminator GAN loss: 0.0422,               Generator GAN Loss: 6.0986,               Cycle loss: 0.6775,               Semantic Loss: 0.5616,               Task loss: 0.2754
Test Step B - Epoch [38]: 	Accuracy: 25.87%
-----------------------------------------------------------------------------------------------

Train Step B - Epoch [39]:               Discriminator GAN loss: 0.0340,               Generator GAN Loss: 6.3619,               Cycle loss: 0.7195,               Semantic Loss: 0.7005,               Task loss: 0.3055
Test Step B - Epoch [39]: 	Accuracy: 28.32%
-----------------------------------------------------------------------------------------------

Train Step B - Epoch [40]:               Discriminator GAN loss: 0.0477,               Generator GAN Loss: 6.0818,               Cycle loss: 0.5919,               Semantic Loss: 0.6220,               Task loss: 0.3068
Test Step B - Epoch [40]: 	Accuracy: 32.18%
-----------------------------------------------------------------------------------------------

Train Step B - Epoch [41]:               Discriminator GAN loss: 0.0515,               Generator GAN Loss: 6.1058,               Cycle loss: 0.7004,               Semantic Loss: 0.6784,               Task loss: 0.2824
Test Step B - Epoch [41]: 	Accuracy: 28.48%
-----------------------------------------------------------------------------------------------

Train Step B - Epoch [42]:               Discriminator GAN loss: 0.0419,               Generator GAN Loss: 5.8980,               Cycle loss: 0.8033,               Semantic Loss: 0.7020,               Task loss: 0.3174
Test Step B - Epoch [42]: 	Accuracy: 30.54%
-----------------------------------------------------------------------------------------------

Train Step B - Epoch [43]:               Discriminator GAN loss: 0.0459,               Generator GAN Loss: 6.3116,               Cycle loss: 0.7671,               Semantic Loss: 0.7216,               Task loss: 0.3375
Test Step B - Epoch [43]: 	Accuracy: 34.37%
-----------------------------------------------------------------------------------------------

Train Step B - Epoch [44]:               Discriminator GAN loss: 0.0369,               Generator GAN Loss: 6.4082,               Cycle loss: 0.7965,               Semantic Loss: 0.6469,               Task loss: 0.2886
Test Step B - Epoch [44]: 	Accuracy: 31.61%
-----------------------------------------------------------------------------------------------

Train Step B - Epoch [45]:               Discriminator GAN loss: 0.0349,               Generator GAN Loss: 6.4211,               Cycle loss: 0.8292,               Semantic Loss: 0.7782,               Task loss: 0.3080
Test Step B - Epoch [45]: 	Accuracy: 29.98%
-----------------------------------------------------------------------------------------------

Train Step B - Epoch [46]:               Discriminator GAN loss: 0.0396,               Generator GAN Loss: 6.7238,               Cycle loss: 0.8023,               Semantic Loss: 0.6674,               Task loss: 0.2763
Test Step B - Epoch [46]: 	Accuracy: 34.87%
-----------------------------------------------------------------------------------------------

Train Step B - Epoch [47]:               Discriminator GAN loss: 0.0560,               Generator GAN Loss: 5.6721,               Cycle loss: 0.5042,               Semantic Loss: 0.4859,               Task loss: 0.2476
Test Step B - Epoch [47]: 	Accuracy: 35.20%
-----------------------------------------------------------------------------------------------

Train Step B - Epoch [48]:               Discriminator GAN loss: 0.0588,               Generator GAN Loss: 6.2377,               Cycle loss: 0.5741,               Semantic Loss: 0.6711,               Task loss: 0.3446
Test Step B - Epoch [48]: 	Accuracy: 33.51%
-----------------------------------------------------------------------------------------------

Train Step B - Epoch [49]:               Discriminator GAN loss: 0.0410,               Generator GAN Loss: 5.8657,               Cycle loss: 0.7434,               Semantic Loss: 0.7315,               Task loss: 0.2588
Test Step B - Epoch [49]: 	Accuracy: 33.82%
-----------------------------------------------------------------------------------------------

Train Step B - Epoch [50]:               Discriminator GAN loss: 0.0685,               Generator GAN Loss: 6.1366,               Cycle loss: 0.5654,               Semantic Loss: 0.5871,               Task loss: 0.2614
Test Step B - Epoch [50]: 	Accuracy: 35.98%
-----------------------------------------------------------------------------------------------

The process took 166.9022921403249 minutes to complete.
