nohup: ignoring input
/home/infres/olapabe-23/MNIST-SVHN-Transfer/src/solvers/CyCADASolver_Dfeataccuracy_BCmerged.py:400: RuntimeWarning: More than 20 figures have been opened. Figures created through the pyplot interface (`matplotlib.pyplot.figure`) are retained until explicitly closed and may consume too much memory. (To control this warning, see the rcParam `figure.max_open_warning`).
  fig, axes = plt.subplots(nrows=2, ncols=10, figsize=(15, 4))  # Set up the subplot grid
Using device cuda
Using downloaded and verified file: ./data/SVHN/color/raw/train/train_32x32.mat
Using downloaded and verified file: ./data/SVHN/color/raw/test/test_32x32.mat
Train Step B - Epoch [1]:               Discriminator GAN loss: 0.4268,               Generator GAN Loss: 1.5160,               Cycle loss: 1.1273,               Semantic Loss: 2.6572,               D_feat GAN Loss: 0.6931,               F_T GAN Loss: 0.0000,               Task loss: 2.2686
Test Step B - Epoch [1]: 	Accuracy: 13.11%
-----------------------------------------------------------------------------------------------

Train Step B - Epoch [2]:               Discriminator GAN loss: 0.5750,               Generator GAN Loss: 1.1991,               Cycle loss: 0.7948,               Semantic Loss: 2.3621,               D_feat GAN Loss: 0.6931,               F_T GAN Loss: 0.0000,               Task loss: 2.2243
Test Step B - Epoch [2]: 	Accuracy: 12.52%
-----------------------------------------------------------------------------------------------

Train Step B - Epoch [3]:               Discriminator GAN loss: 0.6333,               Generator GAN Loss: 0.8559,               Cycle loss: 0.5888,               Semantic Loss: 0.9783,               D_feat GAN Loss: 0.6932,               F_T GAN Loss: 0.0000,               Task loss: 1.6501
Test Step B - Epoch [3]: 	Accuracy: 13.25%
-----------------------------------------------------------------------------------------------

Train Step B - Epoch [4]:               Discriminator GAN loss: 0.6540,               Generator GAN Loss: 0.8405,               Cycle loss: 0.5387,               Semantic Loss: 0.7815,               D_feat GAN Loss: 0.6932,               F_T GAN Loss: 0.0000,               Task loss: 1.2321
Test Step B - Epoch [4]: 	Accuracy: 16.08%
-----------------------------------------------------------------------------------------------

Train Step B - Epoch [5]:               Discriminator GAN loss: 0.6634,               Generator GAN Loss: 0.8091,               Cycle loss: 0.4392,               Semantic Loss: 0.6433,               D_feat GAN Loss: 0.6932,               F_T GAN Loss: 0.0000,               Task loss: 1.0493
Test Step B - Epoch [5]: 	Accuracy: 13.32%
-----------------------------------------------------------------------------------------------

Train Step B - Epoch [6]:               Discriminator GAN loss: 0.6662,               Generator GAN Loss: 0.7886,               Cycle loss: 0.3527,               Semantic Loss: 0.5139,               D_feat GAN Loss: 0.6932,               F_T GAN Loss: 0.0000,               Task loss: 0.9198
Test Step B - Epoch [6]: 	Accuracy: 16.02%
-----------------------------------------------------------------------------------------------

Train Step B - Epoch [7]:               Discriminator GAN loss: 0.6594,               Generator GAN Loss: 0.8013,               Cycle loss: 0.3299,               Semantic Loss: 0.4421,               D_feat GAN Loss: 0.6932,               F_T GAN Loss: 0.0000,               Task loss: 0.8059
Test Step B - Epoch [7]: 	Accuracy: 14.37%
-----------------------------------------------------------------------------------------------

Train Step B - Epoch [8]:               Discriminator GAN loss: 0.6548,               Generator GAN Loss: 0.8054,               Cycle loss: 0.3143,               Semantic Loss: 0.3682,               D_feat GAN Loss: 0.6932,               F_T GAN Loss: 0.0000,               Task loss: 0.7091
Test Step B - Epoch [8]: 	Accuracy: 14.75%
-----------------------------------------------------------------------------------------------

Train Step B - Epoch [9]:               Discriminator GAN loss: 0.6539,               Generator GAN Loss: 0.8096,               Cycle loss: 0.3003,               Semantic Loss: 0.3508,               D_feat GAN Loss: 0.6932,               F_T GAN Loss: 0.0000,               Task loss: 0.6508
Test Step B - Epoch [9]: 	Accuracy: 13.48%
-----------------------------------------------------------------------------------------------

Train Step B - Epoch [10]:               Discriminator GAN loss: 0.6576,               Generator GAN Loss: 0.8201,               Cycle loss: 0.2918,               Semantic Loss: 0.3234,               D_feat GAN Loss: 0.6932,               F_T GAN Loss: 0.0000,               Task loss: 0.6113
Test Step B - Epoch [10]: 	Accuracy: 15.33%
-----------------------------------------------------------------------------------------------

Train Step B - Epoch [11]:               Discriminator GAN loss: 0.6462,               Generator GAN Loss: 0.8182,               Cycle loss: 0.2818,               Semantic Loss: 0.3087,               D_feat GAN Loss: 0.6932,               F_T GAN Loss: 0.0000,               Task loss: 0.5675
Test Step B - Epoch [11]: 	Accuracy: 15.62%
-----------------------------------------------------------------------------------------------

Train Step B - Epoch [12]:               Discriminator GAN loss: 0.6480,               Generator GAN Loss: 0.8243,               Cycle loss: 0.2732,               Semantic Loss: 0.3027,               D_feat GAN Loss: 0.6932,               F_T GAN Loss: 0.0000,               Task loss: 0.5401
Test Step B - Epoch [12]: 	Accuracy: 16.47%
-----------------------------------------------------------------------------------------------

Train Step B - Epoch [13]:               Discriminator GAN loss: 0.6477,               Generator GAN Loss: 0.8338,               Cycle loss: 0.2651,               Semantic Loss: 0.2992,               D_feat GAN Loss: 0.6932,               F_T GAN Loss: 0.0000,               Task loss: 0.4847
Test Step B - Epoch [13]: 	Accuracy: 15.90%
-----------------------------------------------------------------------------------------------

Train Step B - Epoch [14]:               Discriminator GAN loss: 0.6431,               Generator GAN Loss: 0.8308,               Cycle loss: 0.2585,               Semantic Loss: 0.2999,               D_feat GAN Loss: 0.6932,               F_T GAN Loss: 0.0000,               Task loss: 0.4970
Test Step B - Epoch [14]: 	Accuracy: 16.73%
-----------------------------------------------------------------------------------------------

Train Step B - Epoch [15]:               Discriminator GAN loss: 0.6344,               Generator GAN Loss: 0.8369,               Cycle loss: 0.2476,               Semantic Loss: 0.3072,               D_feat GAN Loss: 0.6932,               F_T GAN Loss: 0.0000,               Task loss: 0.4465
Test Step B - Epoch [15]: 	Accuracy: 18.19%
-----------------------------------------------------------------------------------------------

Train Step B - Epoch [16]:               Discriminator GAN loss: 0.6400,               Generator GAN Loss: 0.8482,               Cycle loss: 0.2442,               Semantic Loss: 0.3083,               D_feat GAN Loss: 0.6932,               F_T GAN Loss: 0.0000,               Task loss: 0.4368
Test Step B - Epoch [16]: 	Accuracy: 17.86%
-----------------------------------------------------------------------------------------------

Train Step B - Epoch [17]:               Discriminator GAN loss: 0.6327,               Generator GAN Loss: 0.8371,               Cycle loss: 0.2380,               Semantic Loss: 0.3277,               D_feat GAN Loss: 0.6932,               F_T GAN Loss: 0.0000,               Task loss: 0.4339
Test Step B - Epoch [17]: 	Accuracy: 18.65%
-----------------------------------------------------------------------------------------------

Train Step B - Epoch [18]:               Discriminator GAN loss: 0.6310,               Generator GAN Loss: 0.8553,               Cycle loss: 0.2325,               Semantic Loss: 0.3243,               D_feat GAN Loss: 0.6932,               F_T GAN Loss: 0.0000,               Task loss: 0.4122
Test Step B - Epoch [18]: 	Accuracy: 18.94%
-----------------------------------------------------------------------------------------------

Train Step B - Epoch [19]:               Discriminator GAN loss: 0.6277,               Generator GAN Loss: 0.8570,               Cycle loss: 0.2264,               Semantic Loss: 0.3299,               D_feat GAN Loss: 0.6932,               F_T GAN Loss: 0.0000,               Task loss: 0.4036
Test Step B - Epoch [19]: 	Accuracy: 19.47%
-----------------------------------------------------------------------------------------------

Train Step B - Epoch [20]:               Discriminator GAN loss: 0.6227,               Generator GAN Loss: 0.8674,               Cycle loss: 0.2249,               Semantic Loss: 0.3462,               D_feat GAN Loss: 0.6932,               F_T GAN Loss: 0.0000,               Task loss: 0.4042
Test Step B - Epoch [20]: 	Accuracy: 20.07%
-----------------------------------------------------------------------------------------------

Train Step B - Epoch [21]:               Discriminator GAN loss: 0.6232,               Generator GAN Loss: 0.8546,               Cycle loss: 0.2169,               Semantic Loss: 0.3342,               D_feat GAN Loss: 0.6932,               F_T GAN Loss: 0.0000,               Task loss: 0.4150
Test Step B - Epoch [21]: 	Accuracy: 20.92%
-----------------------------------------------------------------------------------------------

Train Step B - Epoch [22]:               Discriminator GAN loss: 0.6315,               Generator GAN Loss: 0.8589,               Cycle loss: 0.2176,               Semantic Loss: 0.3634,               D_feat GAN Loss: 0.6932,               F_T GAN Loss: 0.0000,               Task loss: 0.4243
Test Step B - Epoch [22]: 	Accuracy: 20.61%
-----------------------------------------------------------------------------------------------

Train Step B - Epoch [23]:               Discriminator GAN loss: 0.6366,               Generator GAN Loss: 0.8511,               Cycle loss: 0.2154,               Semantic Loss: 0.3729,               D_feat GAN Loss: 0.6932,               F_T GAN Loss: 0.0000,               Task loss: 0.4016
Test Step B - Epoch [23]: 	Accuracy: 22.41%
-----------------------------------------------------------------------------------------------

Train Step B - Epoch [24]:               Discriminator GAN loss: 0.6116,               Generator GAN Loss: 0.8832,               Cycle loss: 0.2094,               Semantic Loss: 0.3597,               D_feat GAN Loss: 0.6932,               F_T GAN Loss: 0.0000,               Task loss: 0.3802
Test Step B - Epoch [24]: 	Accuracy: 21.21%
-----------------------------------------------------------------------------------------------

Train Step B - Epoch [25]:               Discriminator GAN loss: 0.6208,               Generator GAN Loss: 0.8792,               Cycle loss: 0.2073,               Semantic Loss: 0.3718,               D_feat GAN Loss: 0.6932,               F_T GAN Loss: 0.0000,               Task loss: 0.4131
Test Step B - Epoch [25]: 	Accuracy: 21.63%
-----------------------------------------------------------------------------------------------

Train Step B - Epoch [26]:               Discriminator GAN loss: 0.6237,               Generator GAN Loss: 0.8712,               Cycle loss: 0.2040,               Semantic Loss: 0.3758,               D_feat GAN Loss: 0.6932,               F_T GAN Loss: 0.0000,               Task loss: 0.3768
Test Step B - Epoch [26]: 	Accuracy: 22.42%
-----------------------------------------------------------------------------------------------

Train Step B - Epoch [27]:               Discriminator GAN loss: 0.6210,               Generator GAN Loss: 0.8719,               Cycle loss: 0.2048,               Semantic Loss: 0.3798,               D_feat GAN Loss: 0.6932,               F_T GAN Loss: 0.0000,               Task loss: 0.3783
Test Step B - Epoch [27]: 	Accuracy: 22.42%
-----------------------------------------------------------------------------------------------

Train Step B - Epoch [28]:               Discriminator GAN loss: 0.6363,               Generator GAN Loss: 0.8557,               Cycle loss: 0.2043,               Semantic Loss: 0.4064,               D_feat GAN Loss: 0.6932,               F_T GAN Loss: 0.0000,               Task loss: 0.4043
Test Step B - Epoch [28]: 	Accuracy: 22.80%
-----------------------------------------------------------------------------------------------

Train Step B - Epoch [29]:               Discriminator GAN loss: 0.6201,               Generator GAN Loss: 0.8620,               Cycle loss: 0.1960,               Semantic Loss: 0.3898,               D_feat GAN Loss: 0.6932,               F_T GAN Loss: 0.0000,               Task loss: 0.3719
Test Step B - Epoch [29]: 	Accuracy: 23.34%
-----------------------------------------------------------------------------------------------

Train Step B - Epoch [30]:               Discriminator GAN loss: 0.6214,               Generator GAN Loss: 0.8869,               Cycle loss: 0.2038,               Semantic Loss: 0.4226,               D_feat GAN Loss: 0.6932,               F_T GAN Loss: 0.0000,               Task loss: 0.4031
Test Step B - Epoch [30]: 	Accuracy: 23.51%
-----------------------------------------------------------------------------------------------

Train Step B - Epoch [31]:               Discriminator GAN loss: 0.6247,               Generator GAN Loss: 0.8726,               Cycle loss: 0.1960,               Semantic Loss: 0.4319,               D_feat GAN Loss: 0.6932,               F_T GAN Loss: 0.0000,               Task loss: 0.4141
Test Step B - Epoch [31]: 	Accuracy: 25.63%
-----------------------------------------------------------------------------------------------

Train Step B - Epoch [32]:               Discriminator GAN loss: 0.6345,               Generator GAN Loss: 0.8638,               Cycle loss: 0.1963,               Semantic Loss: 0.4167,               D_feat GAN Loss: 0.6932,               F_T GAN Loss: 0.0000,               Task loss: 0.3948
Test Step B - Epoch [32]: 	Accuracy: 25.52%
-----------------------------------------------------------------------------------------------

Train Step B - Epoch [33]:               Discriminator GAN loss: 0.6119,               Generator GAN Loss: 0.8895,               Cycle loss: 0.1962,               Semantic Loss: 0.4367,               D_feat GAN Loss: 0.6932,               F_T GAN Loss: 0.0000,               Task loss: 0.4290
Test Step B - Epoch [33]: 	Accuracy: 23.74%
-----------------------------------------------------------------------------------------------

Train Step B - Epoch [34]:               Discriminator GAN loss: 0.6372,               Generator GAN Loss: 0.8562,               Cycle loss: 0.1925,               Semantic Loss: 0.4136,               D_feat GAN Loss: 0.6932,               F_T GAN Loss: 0.0000,               Task loss: 0.4034
Test Step B - Epoch [34]: 	Accuracy: 21.55%
-----------------------------------------------------------------------------------------------

Train Step B - Epoch [35]:               Discriminator GAN loss: 0.6336,               Generator GAN Loss: 0.8462,               Cycle loss: 0.1888,               Semantic Loss: 0.4494,               D_feat GAN Loss: 0.6932,               F_T GAN Loss: 0.0000,               Task loss: 0.3875
Test Step B - Epoch [35]: 	Accuracy: 26.41%
-----------------------------------------------------------------------------------------------

Train Step B - Epoch [36]:               Discriminator GAN loss: 0.6237,               Generator GAN Loss: 0.8579,               Cycle loss: 0.1853,               Semantic Loss: 0.4404,               D_feat GAN Loss: 0.6932,               F_T GAN Loss: 0.0000,               Task loss: 0.3300
Test Step B - Epoch [36]: 	Accuracy: 24.51%
-----------------------------------------------------------------------------------------------

Train Step B - Epoch [37]:               Discriminator GAN loss: 0.6292,               Generator GAN Loss: 0.8916,               Cycle loss: 0.1860,               Semantic Loss: 0.4489,               D_feat GAN Loss: 0.6932,               F_T GAN Loss: 0.0000,               Task loss: 0.3725
Test Step B - Epoch [37]: 	Accuracy: 21.96%
-----------------------------------------------------------------------------------------------

Train Step B - Epoch [38]:               Discriminator GAN loss: 0.6297,               Generator GAN Loss: 0.8419,               Cycle loss: 0.1800,               Semantic Loss: 0.4688,               D_feat GAN Loss: 0.6932,               F_T GAN Loss: 0.0000,               Task loss: 0.3728
Test Step B - Epoch [38]: 	Accuracy: 23.32%
-----------------------------------------------------------------------------------------------

Train Step B - Epoch [39]:               Discriminator GAN loss: 0.6235,               Generator GAN Loss: 0.8744,               Cycle loss: 0.1775,               Semantic Loss: 0.4250,               D_feat GAN Loss: 0.6932,               F_T GAN Loss: 0.0000,               Task loss: 0.3095
Test Step B - Epoch [39]: 	Accuracy: 23.69%
-----------------------------------------------------------------------------------------------

Train Step B - Epoch [40]:               Discriminator GAN loss: 0.6228,               Generator GAN Loss: 0.8576,               Cycle loss: 0.1757,               Semantic Loss: 0.4028,               D_feat GAN Loss: 0.6932,               F_T GAN Loss: 0.0000,               Task loss: 0.3816
Test Step B - Epoch [40]: 	Accuracy: 24.84%
-----------------------------------------------------------------------------------------------

Train Step B - Epoch [41]:               Discriminator GAN loss: 0.6347,               Generator GAN Loss: 0.8703,               Cycle loss: 0.1802,               Semantic Loss: 0.4304,               D_feat GAN Loss: 0.6932,               F_T GAN Loss: 0.0000,               Task loss: 0.4038
Test Step B - Epoch [41]: 	Accuracy: 27.58%
-----------------------------------------------------------------------------------------------

Train Step B - Epoch [42]:               Discriminator GAN loss: 0.6225,               Generator GAN Loss: 0.8637,               Cycle loss: 0.1748,               Semantic Loss: 0.4096,               D_feat GAN Loss: 0.6932,               F_T GAN Loss: 0.0000,               Task loss: 0.3756
Test Step B - Epoch [42]: 	Accuracy: 26.16%
-----------------------------------------------------------------------------------------------

Train Step B - Epoch [43]:               Discriminator GAN loss: 0.6149,               Generator GAN Loss: 0.8863,               Cycle loss: 0.1703,               Semantic Loss: 0.4086,               D_feat GAN Loss: 0.6932,               F_T GAN Loss: 0.0000,               Task loss: 0.3725
Test Step B - Epoch [43]: 	Accuracy: 24.40%
-----------------------------------------------------------------------------------------------

Train Step B - Epoch [44]:               Discriminator GAN loss: 0.6365,               Generator GAN Loss: 0.8467,               Cycle loss: 0.1684,               Semantic Loss: 0.4220,               D_feat GAN Loss: 0.6932,               F_T GAN Loss: 0.0000,               Task loss: 0.3678
Test Step B - Epoch [44]: 	Accuracy: 21.41%
-----------------------------------------------------------------------------------------------

Train Step B - Epoch [45]:               Discriminator GAN loss: 0.6292,               Generator GAN Loss: 0.8566,               Cycle loss: 0.1647,               Semantic Loss: 0.4370,               D_feat GAN Loss: 0.6932,               F_T GAN Loss: 0.0000,               Task loss: 0.3370
Test Step B - Epoch [45]: 	Accuracy: 23.88%
-----------------------------------------------------------------------------------------------

Train Step B - Epoch [46]:               Discriminator GAN loss: 0.6225,               Generator GAN Loss: 0.8734,               Cycle loss: 0.1652,               Semantic Loss: 0.4022,               D_feat GAN Loss: 0.6932,               F_T GAN Loss: 0.0000,               Task loss: 0.3284
Test Step B - Epoch [46]: 	Accuracy: 22.44%
-----------------------------------------------------------------------------------------------

Train Step B - Epoch [47]:               Discriminator GAN loss: 0.6353,               Generator GAN Loss: 0.8707,               Cycle loss: 0.1654,               Semantic Loss: 0.4086,               D_feat GAN Loss: 0.6932,               F_T GAN Loss: 0.0000,               Task loss: 0.4043
Test Step B - Epoch [47]: 	Accuracy: 24.60%
-----------------------------------------------------------------------------------------------

Train Step B - Epoch [48]:               Discriminator GAN loss: 0.6153,               Generator GAN Loss: 0.8494,               Cycle loss: 0.1609,               Semantic Loss: 0.4009,               D_feat GAN Loss: 0.6932,               F_T GAN Loss: 0.0000,               Task loss: 0.3613
Test Step B - Epoch [48]: 	Accuracy: 22.58%
-----------------------------------------------------------------------------------------------

Train Step B - Epoch [49]:               Discriminator GAN loss: 0.6362,               Generator GAN Loss: 0.8520,               Cycle loss: 0.1635,               Semantic Loss: 0.4169,               D_feat GAN Loss: 0.6932,               F_T GAN Loss: 0.0000,               Task loss: 0.3540
Test Step B - Epoch [49]: 	Accuracy: 24.74%
-----------------------------------------------------------------------------------------------

Train Step B - Epoch [50]:               Discriminator GAN loss: 0.6320,               Generator GAN Loss: 0.8597,               Cycle loss: 0.1571,               Semantic Loss: 0.4185,               D_feat GAN Loss: 0.6932,               F_T GAN Loss: 0.0000,               Task loss: 0.2947
Test Step B - Epoch [50]: 	Accuracy: 23.32%
-----------------------------------------------------------------------------------------------

Train Step B - Epoch [51]:               Discriminator GAN loss: 0.6320,               Generator GAN Loss: 0.8782,               Cycle loss: 0.1587,               Semantic Loss: 0.4223,               D_feat GAN Loss: 0.6932,               F_T GAN Loss: 0.0000,               Task loss: 0.3615
Test Step B - Epoch [51]: 	Accuracy: 25.07%
-----------------------------------------------------------------------------------------------

Train Step B - Epoch [52]:               Discriminator GAN loss: 0.6084,               Generator GAN Loss: 0.8508,               Cycle loss: 0.1558,               Semantic Loss: 0.3532,               D_feat GAN Loss: 0.6932,               F_T GAN Loss: 0.0000,               Task loss: 0.3403
Test Step B - Epoch [52]: 	Accuracy: 25.46%
-----------------------------------------------------------------------------------------------

Train Step B - Epoch [53]:               Discriminator GAN loss: 0.6377,               Generator GAN Loss: 0.8604,               Cycle loss: 0.1552,               Semantic Loss: 0.3755,               D_feat GAN Loss: 0.6932,               F_T GAN Loss: 0.0000,               Task loss: 0.3294
Test Step B - Epoch [53]: 	Accuracy: 26.22%
-----------------------------------------------------------------------------------------------

Train Step B - Epoch [54]:               Discriminator GAN loss: 0.6404,               Generator GAN Loss: 0.8383,               Cycle loss: 0.1552,               Semantic Loss: 0.3935,               D_feat GAN Loss: 0.6932,               F_T GAN Loss: 0.0000,               Task loss: 0.3738
Test Step B - Epoch [54]: 	Accuracy: 26.00%
-----------------------------------------------------------------------------------------------

Train Step B - Epoch [55]:               Discriminator GAN loss: 0.6228,               Generator GAN Loss: 0.8512,               Cycle loss: 0.1522,               Semantic Loss: 0.4259,               D_feat GAN Loss: 0.6932,               F_T GAN Loss: 0.0000,               Task loss: 0.2730
Test Step B - Epoch [55]: 	Accuracy: 26.33%
-----------------------------------------------------------------------------------------------

Train Step B - Epoch [56]:               Discriminator GAN loss: 0.6403,               Generator GAN Loss: 0.8599,               Cycle loss: 0.1531,               Semantic Loss: 0.4185,               D_feat GAN Loss: 0.6932,               F_T GAN Loss: 0.0000,               Task loss: 0.3594
Test Step B - Epoch [56]: 	Accuracy: 26.48%
-----------------------------------------------------------------------------------------------

Train Step B - Epoch [57]:               Discriminator GAN loss: 0.6315,               Generator GAN Loss: 0.8386,               Cycle loss: 0.1516,               Semantic Loss: 0.3665,               D_feat GAN Loss: 0.6932,               F_T GAN Loss: 0.0000,               Task loss: 0.3020
Test Step B - Epoch [57]: 	Accuracy: 24.96%
-----------------------------------------------------------------------------------------------

Train Step B - Epoch [58]:               Discriminator GAN loss: 0.6227,               Generator GAN Loss: 0.8542,               Cycle loss: 0.1455,               Semantic Loss: 0.3691,               D_feat GAN Loss: 0.6932,               F_T GAN Loss: 0.0000,               Task loss: 0.3476
Test Step B - Epoch [58]: 	Accuracy: 23.52%
-----------------------------------------------------------------------------------------------

Train Step B - Epoch [59]:               Discriminator GAN loss: 0.6207,               Generator GAN Loss: 0.8684,               Cycle loss: 0.1482,               Semantic Loss: 0.3887,               D_feat GAN Loss: 0.6932,               F_T GAN Loss: 0.0000,               Task loss: 0.3419
Test Step B - Epoch [59]: 	Accuracy: 27.45%
-----------------------------------------------------------------------------------------------

Train Step B - Epoch [60]:               Discriminator GAN loss: 0.6188,               Generator GAN Loss: 0.8722,               Cycle loss: 0.1456,               Semantic Loss: 0.3975,               D_feat GAN Loss: 0.6932,               F_T GAN Loss: 0.0000,               Task loss: 0.2809
Test Step B - Epoch [60]: 	Accuracy: 22.19%
-----------------------------------------------------------------------------------------------

Train Step B - Epoch [61]:               Discriminator GAN loss: 0.6331,               Generator GAN Loss: 0.8486,               Cycle loss: 0.1512,               Semantic Loss: 0.4005,               D_feat GAN Loss: 0.6932,               F_T GAN Loss: 0.0000,               Task loss: 0.3648
Test Step B - Epoch [61]: 	Accuracy: 24.70%
-----------------------------------------------------------------------------------------------

Train Step B - Epoch [62]:               Discriminator GAN loss: 0.6384,               Generator GAN Loss: 0.8397,               Cycle loss: 0.1464,               Semantic Loss: 0.3736,               D_feat GAN Loss: 0.6932,               F_T GAN Loss: 0.0000,               Task loss: 0.3028
Test Step B - Epoch [62]: 	Accuracy: 25.59%
-----------------------------------------------------------------------------------------------

Train Step B - Epoch [63]:               Discriminator GAN loss: 0.6477,               Generator GAN Loss: 0.8525,               Cycle loss: 0.1431,               Semantic Loss: 0.4101,               D_feat GAN Loss: 0.6932,               F_T GAN Loss: 0.0000,               Task loss: 0.2966
Test Step B - Epoch [63]: 	Accuracy: 22.60%
-----------------------------------------------------------------------------------------------

Train Step B - Epoch [64]:               Discriminator GAN loss: 0.6152,               Generator GAN Loss: 0.8349,               Cycle loss: 0.1441,               Semantic Loss: 0.3445,               D_feat GAN Loss: 0.6932,               F_T GAN Loss: 0.0000,               Task loss: 0.3078
Test Step B - Epoch [64]: 	Accuracy: 25.18%
-----------------------------------------------------------------------------------------------

Train Step B - Epoch [65]:               Discriminator GAN loss: 0.6344,               Generator GAN Loss: 0.8566,               Cycle loss: 0.1448,               Semantic Loss: 0.4049,               D_feat GAN Loss: 0.6932,               F_T GAN Loss: 0.0000,               Task loss: 0.3206
Test Step B - Epoch [65]: 	Accuracy: 24.95%
-----------------------------------------------------------------------------------------------

Train Step B - Epoch [66]:               Discriminator GAN loss: 0.6309,               Generator GAN Loss: 0.8405,               Cycle loss: 0.1413,               Semantic Loss: 0.4133,               D_feat GAN Loss: 0.6932,               F_T GAN Loss: 0.0000,               Task loss: 0.3478
Test Step B - Epoch [66]: 	Accuracy: 26.77%
-----------------------------------------------------------------------------------------------

Train Step B - Epoch [67]:               Discriminator GAN loss: 0.6363,               Generator GAN Loss: 0.8578,               Cycle loss: 0.1406,               Semantic Loss: 0.4205,               D_feat GAN Loss: 0.6932,               F_T GAN Loss: 0.0000,               Task loss: 0.3785
Test Step B - Epoch [67]: 	Accuracy: 24.62%
-----------------------------------------------------------------------------------------------

Train Step B - Epoch [68]:               Discriminator GAN loss: 0.6270,               Generator GAN Loss: 0.8520,               Cycle loss: 0.1425,               Semantic Loss: 0.3661,               D_feat GAN Loss: 0.6932,               F_T GAN Loss: 0.0000,               Task loss: 0.3301
Test Step B - Epoch [68]: 	Accuracy: 21.99%
-----------------------------------------------------------------------------------------------

Train Step B - Epoch [69]:               Discriminator GAN loss: 0.6191,               Generator GAN Loss: 0.8623,               Cycle loss: 0.1383,               Semantic Loss: 0.4004,               D_feat GAN Loss: 0.6932,               F_T GAN Loss: 0.0000,               Task loss: 0.2996
Test Step B - Epoch [69]: 	Accuracy: 27.11%
-----------------------------------------------------------------------------------------------

Train Step B - Epoch [70]:               Discriminator GAN loss: 0.6297,               Generator GAN Loss: 0.8771,               Cycle loss: 0.1436,               Semantic Loss: 0.4276,               D_feat GAN Loss: 0.6932,               F_T GAN Loss: 0.0000,               Task loss: 0.3269
Test Step B - Epoch [70]: 	Accuracy: 25.66%
-----------------------------------------------------------------------------------------------

Train Step B - Epoch [71]:               Discriminator GAN loss: 0.6140,               Generator GAN Loss: 0.8515,               Cycle loss: 0.1378,               Semantic Loss: 0.4000,               D_feat GAN Loss: 0.6932,               F_T GAN Loss: 0.0000,               Task loss: 0.2724
Test Step B - Epoch [71]: 	Accuracy: 26.71%
-----------------------------------------------------------------------------------------------

Train Step B - Epoch [72]:               Discriminator GAN loss: 0.6244,               Generator GAN Loss: 0.8674,               Cycle loss: 0.1387,               Semantic Loss: 0.4044,               D_feat GAN Loss: 0.6932,               F_T GAN Loss: 0.0000,               Task loss: 0.2945
Test Step B - Epoch [72]: 	Accuracy: 27.85%
-----------------------------------------------------------------------------------------------

Train Step B - Epoch [73]:               Discriminator GAN loss: 0.6330,               Generator GAN Loss: 0.8510,               Cycle loss: 0.1360,               Semantic Loss: 0.3817,               D_feat GAN Loss: 0.6932,               F_T GAN Loss: 0.0000,               Task loss: 0.3088
Test Step B - Epoch [73]: 	Accuracy: 25.13%
-----------------------------------------------------------------------------------------------

Train Step B - Epoch [74]:               Discriminator GAN loss: 0.6295,               Generator GAN Loss: 0.8452,               Cycle loss: 0.1355,               Semantic Loss: 0.4135,               D_feat GAN Loss: 0.6932,               F_T GAN Loss: 0.0000,               Task loss: 0.3051
Test Step B - Epoch [74]: 	Accuracy: 24.78%
-----------------------------------------------------------------------------------------------

Train Step B - Epoch [75]:               Discriminator GAN loss: 0.6314,               Generator GAN Loss: 0.8516,               Cycle loss: 0.1367,               Semantic Loss: 0.3499,               D_feat GAN Loss: 0.6932,               F_T GAN Loss: 0.0000,               Task loss: 0.3238
Test Step B - Epoch [75]: 	Accuracy: 24.74%
-----------------------------------------------------------------------------------------------

Train Step B - Epoch [76]:               Discriminator GAN loss: 0.6170,               Generator GAN Loss: 0.8712,               Cycle loss: 0.1339,               Semantic Loss: 0.4034,               D_feat GAN Loss: 0.6932,               F_T GAN Loss: 0.0000,               Task loss: 0.3447
Test Step B - Epoch [76]: 	Accuracy: 25.08%
-----------------------------------------------------------------------------------------------

Train Step B - Epoch [77]:               Discriminator GAN loss: 0.6227,               Generator GAN Loss: 0.8740,               Cycle loss: 0.1358,               Semantic Loss: 0.3878,               D_feat GAN Loss: 0.6932,               F_T GAN Loss: 0.0000,               Task loss: 0.3656
Test Step B - Epoch [77]: 	Accuracy: 24.60%
-----------------------------------------------------------------------------------------------

Train Step B - Epoch [78]:               Discriminator GAN loss: 0.6268,               Generator GAN Loss: 0.8650,               Cycle loss: 0.1333,               Semantic Loss: 0.3762,               D_feat GAN Loss: 0.6932,               F_T GAN Loss: 0.0000,               Task loss: 0.3102
Test Step B - Epoch [78]: 	Accuracy: 26.11%
-----------------------------------------------------------------------------------------------

Train Step B - Epoch [79]:               Discriminator GAN loss: 0.6295,               Generator GAN Loss: 0.8501,               Cycle loss: 0.1330,               Semantic Loss: 0.3667,               D_feat GAN Loss: 0.6932,               F_T GAN Loss: 0.0000,               Task loss: 0.2793
Test Step B - Epoch [79]: 	Accuracy: 25.98%
-----------------------------------------------------------------------------------------------

Train Step B - Epoch [80]:               Discriminator GAN loss: 0.6213,               Generator GAN Loss: 0.9000,               Cycle loss: 0.1342,               Semantic Loss: 0.4193,               D_feat GAN Loss: 0.6932,               F_T GAN Loss: 0.0000,               Task loss: 0.3596
Test Step B - Epoch [80]: 	Accuracy: 26.97%
-----------------------------------------------------------------------------------------------

Train Step B - Epoch [81]:               Discriminator GAN loss: 0.6259,               Generator GAN Loss: 0.8301,               Cycle loss: 0.1322,               Semantic Loss: 0.3787,               D_feat GAN Loss: 0.6932,               F_T GAN Loss: 0.0000,               Task loss: 0.3012
Test Step B - Epoch [81]: 	Accuracy: 25.91%
-----------------------------------------------------------------------------------------------

Train Step B - Epoch [82]:               Discriminator GAN loss: 0.6134,               Generator GAN Loss: 0.8680,               Cycle loss: 0.1325,               Semantic Loss: 0.3770,               D_feat GAN Loss: 0.6932,               F_T GAN Loss: 0.0000,               Task loss: 0.2886
Test Step B - Epoch [82]: 	Accuracy: 24.81%
-----------------------------------------------------------------------------------------------

Train Step B - Epoch [83]:               Discriminator GAN loss: 0.6320,               Generator GAN Loss: 0.8491,               Cycle loss: 0.1301,               Semantic Loss: 0.3906,               D_feat GAN Loss: 0.6932,               F_T GAN Loss: 0.0000,               Task loss: 0.2700
Test Step B - Epoch [83]: 	Accuracy: 26.19%
-----------------------------------------------------------------------------------------------

Train Step B - Epoch [84]:               Discriminator GAN loss: 0.6346,               Generator GAN Loss: 0.8591,               Cycle loss: 0.1347,               Semantic Loss: 0.3788,               D_feat GAN Loss: 0.6932,               F_T GAN Loss: 0.0000,               Task loss: 0.3131
Test Step B - Epoch [84]: 	Accuracy: 23.84%
-----------------------------------------------------------------------------------------------

Train Step B - Epoch [85]:               Discriminator GAN loss: 0.6375,               Generator GAN Loss: 0.8423,               Cycle loss: 0.1313,               Semantic Loss: 0.3998,               D_feat GAN Loss: 0.6931,               F_T GAN Loss: 0.0000,               Task loss: 0.3077
Test Step B - Epoch [85]: 	Accuracy: 29.49%
-----------------------------------------------------------------------------------------------

Train Step B - Epoch [86]:               Discriminator GAN loss: 0.6242,               Generator GAN Loss: 0.8534,               Cycle loss: 0.1269,               Semantic Loss: 0.3909,               D_feat GAN Loss: 0.6932,               F_T GAN Loss: 0.0000,               Task loss: 0.2546
Test Step B - Epoch [86]: 	Accuracy: 25.75%
-----------------------------------------------------------------------------------------------

Train Step B - Epoch [87]:               Discriminator GAN loss: 0.6246,               Generator GAN Loss: 0.8748,               Cycle loss: 0.1309,               Semantic Loss: 0.3958,               D_feat GAN Loss: 0.6932,               F_T GAN Loss: 0.0000,               Task loss: 0.2841
Test Step B - Epoch [87]: 	Accuracy: 26.76%
-----------------------------------------------------------------------------------------------

Train Step B - Epoch [88]:               Discriminator GAN loss: 0.6302,               Generator GAN Loss: 0.8576,               Cycle loss: 0.1274,               Semantic Loss: 0.3974,               D_feat GAN Loss: 0.6932,               F_T GAN Loss: 0.0000,               Task loss: 0.2942
Test Step B - Epoch [88]: 	Accuracy: 25.85%
-----------------------------------------------------------------------------------------------

Train Step B - Epoch [89]:               Discriminator GAN loss: 0.6145,               Generator GAN Loss: 0.8588,               Cycle loss: 0.1316,               Semantic Loss: 0.3648,               D_feat GAN Loss: 0.6932,               F_T GAN Loss: 0.0000,               Task loss: 0.2548
Test Step B - Epoch [89]: 	Accuracy: 25.92%
-----------------------------------------------------------------------------------------------

Train Step B - Epoch [90]:               Discriminator GAN loss: 0.6185,               Generator GAN Loss: 0.8636,               Cycle loss: 0.1263,               Semantic Loss: 0.3759,               D_feat GAN Loss: 0.6932,               F_T GAN Loss: 0.0000,               Task loss: 0.2613
Test Step B - Epoch [90]: 	Accuracy: 27.80%
-----------------------------------------------------------------------------------------------

Train Step B - Epoch [91]:               Discriminator GAN loss: 0.6359,               Generator GAN Loss: 0.8509,               Cycle loss: 0.1291,               Semantic Loss: 0.4496,               D_feat GAN Loss: 0.6932,               F_T GAN Loss: 0.0000,               Task loss: 0.3003
Test Step B - Epoch [91]: 	Accuracy: 25.33%
-----------------------------------------------------------------------------------------------

Train Step B - Epoch [92]:               Discriminator GAN loss: 0.6241,               Generator GAN Loss: 0.8644,               Cycle loss: 0.1276,               Semantic Loss: 0.4070,               D_feat GAN Loss: 0.6932,               F_T GAN Loss: 0.0000,               Task loss: 0.3126
Test Step B - Epoch [92]: 	Accuracy: 24.99%
-----------------------------------------------------------------------------------------------

Train Step B - Epoch [93]:               Discriminator GAN loss: 0.6032,               Generator GAN Loss: 0.8842,               Cycle loss: 0.1290,               Semantic Loss: 0.3933,               D_feat GAN Loss: 0.6931,               F_T GAN Loss: 0.0000,               Task loss: 0.3282
Test Step B - Epoch [93]: 	Accuracy: 26.43%
-----------------------------------------------------------------------------------------------

Train Step B - Epoch [94]:               Discriminator GAN loss: 0.6450,               Generator GAN Loss: 0.8501,               Cycle loss: 0.1266,               Semantic Loss: 0.3945,               D_feat GAN Loss: 0.6931,               F_T GAN Loss: 0.0000,               Task loss: 0.3402
Test Step B - Epoch [94]: 	Accuracy: 26.93%
-----------------------------------------------------------------------------------------------

Train Step B - Epoch [95]:               Discriminator GAN loss: 0.6143,               Generator GAN Loss: 0.8703,               Cycle loss: 0.1260,               Semantic Loss: 0.3687,               D_feat GAN Loss: 0.6932,               F_T GAN Loss: 0.0000,               Task loss: 0.2804
Test Step B - Epoch [95]: 	Accuracy: 26.81%
-----------------------------------------------------------------------------------------------

Train Step B - Epoch [96]:               Discriminator GAN loss: 0.6309,               Generator GAN Loss: 0.8699,               Cycle loss: 0.1282,               Semantic Loss: 0.3950,               D_feat GAN Loss: 0.6932,               F_T GAN Loss: 0.0000,               Task loss: 0.3162
Test Step B - Epoch [96]: 	Accuracy: 28.48%
-----------------------------------------------------------------------------------------------

Train Step B - Epoch [97]:               Discriminator GAN loss: 0.6363,               Generator GAN Loss: 0.8585,               Cycle loss: 0.1253,               Semantic Loss: 0.3843,               D_feat GAN Loss: 0.6932,               F_T GAN Loss: 0.0000,               Task loss: 0.2618
Test Step B - Epoch [97]: 	Accuracy: 27.02%
-----------------------------------------------------------------------------------------------

Train Step B - Epoch [98]:               Discriminator GAN loss: 0.6150,               Generator GAN Loss: 0.8530,               Cycle loss: 0.1215,               Semantic Loss: 0.3722,               D_feat GAN Loss: 0.6931,               F_T GAN Loss: 0.0000,               Task loss: 0.3262
Test Step B - Epoch [98]: 	Accuracy: 24.83%
-----------------------------------------------------------------------------------------------

Train Step B - Epoch [99]:               Discriminator GAN loss: 0.6322,               Generator GAN Loss: 0.8537,               Cycle loss: 0.1259,               Semantic Loss: 0.3910,               D_feat GAN Loss: 0.6931,               F_T GAN Loss: 0.0000,               Task loss: 0.2938
Test Step B - Epoch [99]: 	Accuracy: 28.48%
-----------------------------------------------------------------------------------------------

Train Step B - Epoch [100]:               Discriminator GAN loss: 0.6333,               Generator GAN Loss: 0.8532,               Cycle loss: 0.1293,               Semantic Loss: 0.3684,               D_feat GAN Loss: 0.6932,               F_T GAN Loss: 0.0000,               Task loss: 0.3266
Test Step B - Epoch [100]: 	Accuracy: 27.50%
-----------------------------------------------------------------------------------------------

The process took 432.15746907790503 minutes to complete.
