Using downloaded and verified file: ./data/SVHN/raw/train_32x32.mat
Using downloaded and verified file: ./data/SVHN/raw/test_32x32.mat
Using device cuda
Training starts
Epoch [1/20] starts
Iteration 50: Loss_G: 2.2616, Loss_D: 0.2031
Iteration 100: Loss_G: 1.7046, Loss_D: 0.2083
Iteration 150: Loss_G: 1.6171, Loss_D: 0.1968
Iteration 200: Loss_G: 1.6382, Loss_D: 0.1921
Iteration 250: Loss_G: 1.6473, Loss_D: 0.1875
Iteration 300: Loss_G: 1.6128, Loss_D: 0.1853
Iteration 350: Loss_G: 1.6380, Loss_D: 0.1897
Iteration 400: Loss_G: 1.6522, Loss_D: 0.1825
Iteration 450: Loss_G: 1.6056, Loss_D: 0.1894
Iteration 500: Loss_G: 1.6037, Loss_D: 0.1904
Iteration 550: Loss_G: 1.6033, Loss_D: 0.1882
Iteration 600: Loss_G: 1.5382, Loss_D: 0.1968
Iteration 650: Loss_G: 1.5796, Loss_D: 0.1865
Iteration 700: Loss_G: 1.5791, Loss_D: 0.1826
Iteration 750: Loss_G: 1.6619, Loss_D: 0.1784
Iteration 800: Loss_G: 1.6373, Loss_D: 0.1801
Iteration 850: Loss_G: 1.6529, Loss_D: 0.1751
Iteration 900: Loss_G: 1.7254, Loss_D: 0.1635
Iteration 950: Loss_G: 1.6876, Loss_D: 0.1596
Iteration 1000: Loss_G: 1.7384, Loss_D: 0.1577
Iteration 1050: Loss_G: 1.7961, Loss_D: 0.1502
Iteration 1100: Loss_G: 1.8116, Loss_D: 0.1329
Iteration 1150: Loss_G: 1.7525, Loss_D: 0.1505
Iteration 1200: Loss_G: 1.8746, Loss_D: 0.1273
Epoch [1/20], Loss_G: 1.3854, Loss_D: 0.1773
Epoch [2/20] starts
Iteration 50: Loss_G: 1.8438, Loss_D: 0.1267
Iteration 100: Loss_G: 1.9071, Loss_D: 0.1156
Iteration 150: Loss_G: 1.9469, Loss_D: 0.1154
Iteration 200: Loss_G: 1.8249, Loss_D: 0.1386
Iteration 250: Loss_G: 1.8835, Loss_D: 0.1107
Iteration 300: Loss_G: 1.9108, Loss_D: 0.1227
Iteration 350: Loss_G: 1.9133, Loss_D: 0.1121
Iteration 400: Loss_G: 1.9204, Loss_D: 0.1123
Iteration 450: Loss_G: 1.9075, Loss_D: 0.1328
Iteration 500: Loss_G: 1.9058, Loss_D: 0.1160
Iteration 550: Loss_G: 1.8951, Loss_D: 0.1080
Iteration 600: Loss_G: 1.9288, Loss_D: 0.1117
Iteration 650: Loss_G: 1.8736, Loss_D: 0.1236
Iteration 700: Loss_G: 1.8904, Loss_D: 0.1163
Iteration 750: Loss_G: 1.9041, Loss_D: 0.1171
Iteration 800: Loss_G: 1.9135, Loss_D: 0.1422
Iteration 850: Loss_G: 1.9195, Loss_D: 0.1038
Iteration 900: Loss_G: 1.9144, Loss_D: 0.0996
Iteration 950: Loss_G: 1.8537, Loss_D: 0.1169
Iteration 1000: Loss_G: 1.9289, Loss_D: 0.1080
Iteration 1050: Loss_G: 1.9342, Loss_D: 0.1006
Iteration 1100: Loss_G: 1.8840, Loss_D: 0.1010
Iteration 1150: Loss_G: 1.9076, Loss_D: 0.1049
Iteration 1200: Loss_G: 1.8811, Loss_D: 0.2138
Epoch [2/20], Loss_G: 1.5550, Loss_D: 0.1196
Epoch [3/20] starts
Iteration 50: Loss_G: 1.9286, Loss_D: 0.1017
Iteration 100: Loss_G: 1.8582, Loss_D: 0.1082
Iteration 150: Loss_G: 1.9270, Loss_D: 0.1016
Iteration 200: Loss_G: 1.9054, Loss_D: 0.1048
Iteration 250: Loss_G: 1.9015, Loss_D: 0.1070
Iteration 300: Loss_G: 1.8877, Loss_D: 0.1031
Iteration 350: Loss_G: 1.8875, Loss_D: 0.1270
Iteration 400: Loss_G: 1.9399, Loss_D: 0.1012
Iteration 450: Loss_G: 1.9013, Loss_D: 0.1134
Iteration 500: Loss_G: 1.9613, Loss_D: 0.1008
Iteration 550: Loss_G: 1.9427, Loss_D: 0.1039
Iteration 600: Loss_G: 1.8651, Loss_D: 0.1035
Iteration 650: Loss_G: 1.9577, Loss_D: 0.1018
Iteration 700: Loss_G: 1.9139, Loss_D: 0.1223
Iteration 750: Loss_G: 1.9040, Loss_D: 0.1040
Iteration 800: Loss_G: 1.9593, Loss_D: 0.0938
Iteration 850: Loss_G: 1.9103, Loss_D: 0.0974
Iteration 900: Loss_G: 1.8961, Loss_D: 0.1026
Iteration 950: Loss_G: 1.9027, Loss_D: 0.1052
Iteration 1000: Loss_G: 1.9410, Loss_D: 0.0946
Iteration 1050: Loss_G: 1.9297, Loss_D: 0.1015
Iteration 1100: Loss_G: 1.9444, Loss_D: 0.0996
Iteration 1150: Loss_G: 1.9261, Loss_D: 0.1057
Iteration 1200: Loss_G: 1.8656, Loss_D: 0.1260
Epoch [3/20], Loss_G: 1.5674, Loss_D: 0.1054
Epoch [4/20] starts
Iteration 50: Loss_G: 1.8703, Loss_D: 0.1334
Iteration 100: Loss_G: 1.8609, Loss_D: 0.1335
Iteration 150: Loss_G: 1.8863, Loss_D: 0.1298
Iteration 200: Loss_G: 1.7361, Loss_D: 0.1583
Iteration 250: Loss_G: 1.8679, Loss_D: 0.1425
Iteration 300: Loss_G: 1.7452, Loss_D: 0.1627
Iteration 350: Loss_G: 1.8301, Loss_D: 0.1340
Iteration 400: Loss_G: 1.8203, Loss_D: 0.1392
Iteration 450: Loss_G: 1.8342, Loss_D: 0.1399
Iteration 500: Loss_G: 1.8107, Loss_D: 0.1444
Iteration 550: Loss_G: 1.8154, Loss_D: 0.1459
Iteration 600: Loss_G: 1.8003, Loss_D: 0.1471
Iteration 650: Loss_G: 1.7948, Loss_D: 0.1534
Iteration 700: Loss_G: 1.7811, Loss_D: 0.1439
Iteration 750: Loss_G: 1.8493, Loss_D: 0.1411
Iteration 800: Loss_G: 1.7848, Loss_D: 0.1540
Iteration 850: Loss_G: 1.7637, Loss_D: 0.1482
Iteration 900: Loss_G: 1.7857, Loss_D: 0.1430
Iteration 950: Loss_G: 1.7842, Loss_D: 0.1479
Iteration 1000: Loss_G: 1.8160, Loss_D: 0.1467
Iteration 1050: Loss_G: 1.7567, Loss_D: 0.1539
Iteration 1100: Loss_G: 1.8182, Loss_D: 0.1479
Iteration 1150: Loss_G: 1.7809, Loss_D: 0.1543
Iteration 1200: Loss_G: 1.7479, Loss_D: 0.1621
Epoch [4/20], Loss_G: 1.4782, Loss_D: 0.1461
Epoch [5/20] starts
Iteration 50: Loss_G: 1.8070, Loss_D: 0.1470
Iteration 100: Loss_G: 1.8123, Loss_D: 0.1485
Iteration 150: Loss_G: 1.7810, Loss_D: 0.1537
Iteration 200: Loss_G: 1.7586, Loss_D: 0.1562
Iteration 250: Loss_G: 1.7353, Loss_D: 0.1584
Iteration 300: Loss_G: 1.7057, Loss_D: 0.1642
Iteration 350: Loss_G: 1.7297, Loss_D: 0.1665
Iteration 400: Loss_G: 1.6908, Loss_D: 0.1668
Iteration 450: Loss_G: 1.6905, Loss_D: 0.1637
Iteration 500: Loss_G: 1.7359, Loss_D: 0.1612
Iteration 550: Loss_G: 1.7115, Loss_D: 0.1624
Iteration 600: Loss_G: 1.7557, Loss_D: 0.1598
Iteration 650: Loss_G: 1.7324, Loss_D: 0.1624
Iteration 700: Loss_G: 1.7208, Loss_D: 0.1614
Iteration 750: Loss_G: 1.7355, Loss_D: 0.1599
Iteration 800: Loss_G: 1.7078, Loss_D: 0.1588
Iteration 850: Loss_G: 1.7700, Loss_D: 0.1590
Iteration 900: Loss_G: 1.7631, Loss_D: 0.1549
Iteration 950: Loss_G: 1.7327, Loss_D: 0.1598
Iteration 1000: Loss_G: 1.7239, Loss_D: 0.1592
Iteration 1050: Loss_G: 1.7758, Loss_D: 0.1582
Iteration 1100: Loss_G: 1.7316, Loss_D: 0.1732
Iteration 1150: Loss_G: 1.7060, Loss_D: 0.1630
Iteration 1200: Loss_G: 1.7139, Loss_D: 0.1641
Epoch [5/20], Loss_G: 1.4232, Loss_D: 0.1601
Epoch [6/20] starts
Iteration 50: Loss_G: 1.7105, Loss_D: 0.1589
Iteration 100: Loss_G: 1.7650, Loss_D: 0.1630
Iteration 150: Loss_G: 1.6646, Loss_D: 0.1687
Iteration 200: Loss_G: 1.6970, Loss_D: 0.1628
Iteration 250: Loss_G: 1.6958, Loss_D: 0.1675
Iteration 300: Loss_G: 1.6832, Loss_D: 0.1688
Iteration 350: Loss_G: 1.6678, Loss_D: 0.1700
Iteration 400: Loss_G: 1.6783, Loss_D: 0.1690
Iteration 450: Loss_G: 1.6979, Loss_D: 0.1715
Iteration 500: Loss_G: 1.6485, Loss_D: 0.1699
Iteration 550: Loss_G: 1.6497, Loss_D: 0.1693
Iteration 600: Loss_G: 1.7197, Loss_D: 0.1668
Iteration 650: Loss_G: 1.6595, Loss_D: 0.1651
Iteration 700: Loss_G: 1.6459, Loss_D: 0.1736
Iteration 750: Loss_G: 1.6296, Loss_D: 0.1762
Iteration 800: Loss_G: 1.6171, Loss_D: 0.1752
Iteration 850: Loss_G: 1.6275, Loss_D: 0.1718
Iteration 900: Loss_G: 1.6125, Loss_D: 0.1728
Iteration 950: Loss_G: 1.6090, Loss_D: 0.1824
Iteration 1000: Loss_G: 1.5537, Loss_D: 0.1826
Iteration 1050: Loss_G: 1.6281, Loss_D: 0.1778
Iteration 1100: Loss_G: 1.5786, Loss_D: 0.1805
Iteration 1150: Loss_G: 1.5874, Loss_D: 0.1851
Iteration 1200: Loss_G: 1.5761, Loss_D: 0.1807
Epoch [6/20], Loss_G: 1.3507, Loss_D: 0.1721
Epoch [7/20] starts
Iteration 50: Loss_G: 1.6096, Loss_D: 0.1791
Iteration 100: Loss_G: 1.5732, Loss_D: 0.1755
Iteration 150: Loss_G: 1.5647, Loss_D: 0.1801
Iteration 200: Loss_G: 1.5956, Loss_D: 0.1795
Iteration 250: Loss_G: 1.5571, Loss_D: 0.1775
Iteration 300: Loss_G: 1.5864, Loss_D: 0.1813
Iteration 350: Loss_G: 1.6586, Loss_D: 0.1710
Iteration 400: Loss_G: 1.8078, Loss_D: 0.1633
Iteration 450: Loss_G: 1.6116, Loss_D: 0.1770
Iteration 500: Loss_G: 1.6009, Loss_D: 0.1802
Iteration 550: Loss_G: 1.6012, Loss_D: 0.1817
Iteration 600: Loss_G: 1.5785, Loss_D: 0.1838
Iteration 650: Loss_G: 1.5852, Loss_D: 0.1813
Iteration 700: Loss_G: 1.5657, Loss_D: 0.1860
Iteration 750: Loss_G: 1.5551, Loss_D: 0.1849
Iteration 800: Loss_G: 1.5737, Loss_D: 0.1826
Iteration 850: Loss_G: 1.5179, Loss_D: 0.1860
Iteration 900: Loss_G: 1.5606, Loss_D: 0.1815
Iteration 950: Loss_G: 1.5310, Loss_D: 0.1845
Iteration 1000: Loss_G: 1.5296, Loss_D: 0.1889
Iteration 1050: Loss_G: 1.5518, Loss_D: 0.1864
Iteration 1100: Loss_G: 1.4866, Loss_D: 0.1883
Iteration 1150: Loss_G: 1.5664, Loss_D: 0.1841
Iteration 1200: Loss_G: 1.5592, Loss_D: 0.1848
Epoch [7/20], Loss_G: 1.2936, Loss_D: 0.1812
Epoch [8/20] starts
Iteration 50: Loss_G: 1.4914, Loss_D: 0.1860
Iteration 100: Loss_G: 1.5469, Loss_D: 0.1811
Iteration 150: Loss_G: 1.5307, Loss_D: 0.1866
Iteration 200: Loss_G: 1.5259, Loss_D: 0.1871
Iteration 250: Loss_G: 1.6124, Loss_D: 0.1847
Iteration 300: Loss_G: 1.5733, Loss_D: 0.1831
Iteration 350: Loss_G: 1.5335, Loss_D: 0.1844
Iteration 400: Loss_G: 1.5358, Loss_D: 0.1829
Iteration 450: Loss_G: 1.5255, Loss_D: 0.1850
Iteration 500: Loss_G: 1.5505, Loss_D: 0.1873
Iteration 550: Loss_G: 1.5063, Loss_D: 0.1866
Iteration 600: Loss_G: 1.4953, Loss_D: 0.1881
Iteration 650: Loss_G: 1.4946, Loss_D: 0.1875
Iteration 700: Loss_G: 1.4945, Loss_D: 0.1849
Iteration 750: Loss_G: 1.5067, Loss_D: 0.1855
Iteration 800: Loss_G: 1.5087, Loss_D: 0.1889
Iteration 850: Loss_G: 1.4867, Loss_D: 0.1897
Iteration 900: Loss_G: 1.4991, Loss_D: 0.1856
Iteration 950: Loss_G: 1.4916, Loss_D: 0.1913
Iteration 1000: Loss_G: 1.4464, Loss_D: 0.1896
Iteration 1050: Loss_G: 1.4801, Loss_D: 0.1921
Iteration 1100: Loss_G: 1.4488, Loss_D: 0.1921
Iteration 1150: Loss_G: 1.4921, Loss_D: 0.1856
Iteration 1200: Loss_G: 1.5003, Loss_D: 0.1887
Epoch [8/20], Loss_G: 1.2373, Loss_D: 0.1868
Epoch [9/20] starts
Iteration 50: Loss_G: 1.4718, Loss_D: 0.1830
Iteration 100: Loss_G: 1.5096, Loss_D: 0.1877
Iteration 150: Loss_G: 1.4744, Loss_D: 0.1899
Iteration 200: Loss_G: 1.4751, Loss_D: 0.1889
Iteration 250: Loss_G: 1.4838, Loss_D: 0.1898
Iteration 300: Loss_G: 1.5554, Loss_D: 0.1841
Iteration 350: Loss_G: 1.5062, Loss_D: 0.1823
Iteration 400: Loss_G: 1.5044, Loss_D: 0.1882
Iteration 450: Loss_G: 1.4941, Loss_D: 0.1926
Iteration 500: Loss_G: 1.4807, Loss_D: 0.1906
Iteration 550: Loss_G: 1.4399, Loss_D: 0.1922
Iteration 600: Loss_G: 1.4515, Loss_D: 0.1899
Iteration 650: Loss_G: 1.4737, Loss_D: 0.1925
Iteration 700: Loss_G: 1.4597, Loss_D: 0.1910
Iteration 750: Loss_G: 1.4411, Loss_D: 0.1889
Iteration 800: Loss_G: 1.4683, Loss_D: 0.1879
Iteration 850: Loss_G: 1.4683, Loss_D: 0.1900
Iteration 900: Loss_G: 1.5035, Loss_D: 0.1874
Iteration 950: Loss_G: 1.4351, Loss_D: 0.1884
Iteration 1000: Loss_G: 1.4833, Loss_D: 0.1896
Iteration 1050: Loss_G: 1.4775, Loss_D: 0.1865
Iteration 1100: Loss_G: 1.4474, Loss_D: 0.1848
Iteration 1150: Loss_G: 1.4506, Loss_D: 0.1908
Iteration 1200: Loss_G: 1.4408, Loss_D: 0.1921
Epoch [9/20], Loss_G: 1.2072, Loss_D: 0.1887
Epoch [10/20] starts
Iteration 50: Loss_G: 1.4758, Loss_D: 0.1833
Iteration 100: Loss_G: 1.4800, Loss_D: 0.1847
Iteration 150: Loss_G: 1.4834, Loss_D: 0.1864
Iteration 200: Loss_G: 1.4812, Loss_D: 0.1873
Iteration 250: Loss_G: 1.5049, Loss_D: 0.1849
Iteration 300: Loss_G: 1.4269, Loss_D: 0.1892
Iteration 350: Loss_G: 1.4875, Loss_D: 0.1880
Iteration 400: Loss_G: 1.4541, Loss_D: 0.1914
Iteration 450: Loss_G: 1.4501, Loss_D: 0.1878
Iteration 500: Loss_G: 1.4443, Loss_D: 0.1907
Iteration 550: Loss_G: 1.5038, Loss_D: 0.1913
Iteration 600: Loss_G: 1.5139, Loss_D: 0.1874
Iteration 650: Loss_G: 1.4808, Loss_D: 0.1871
Iteration 700: Loss_G: 1.4605, Loss_D: 0.1905
Iteration 750: Loss_G: 1.4298, Loss_D: 0.1920
Iteration 800: Loss_G: 1.4345, Loss_D: 0.1895
Iteration 850: Loss_G: 1.4497, Loss_D: 0.1903
Iteration 900: Loss_G: 1.4592, Loss_D: 0.1864
Iteration 950: Loss_G: 1.4879, Loss_D: 0.1897
Iteration 1000: Loss_G: 1.4481, Loss_D: 0.1873
Iteration 1050: Loss_G: 1.4082, Loss_D: 0.1906
Iteration 1100: Loss_G: 1.4326, Loss_D: 0.1925
Iteration 1150: Loss_G: 1.4065, Loss_D: 0.1943
Iteration 1200: Loss_G: 1.4297, Loss_D: 0.1911
Epoch [10/20], Loss_G: 1.1949, Loss_D: 0.1889
Epoch [11/20] starts
Iteration 50: Loss_G: 1.4258, Loss_D: 0.1891
Iteration 100: Loss_G: 1.4531, Loss_D: 0.1870
Iteration 150: Loss_G: 1.4598, Loss_D: 0.1907
Iteration 200: Loss_G: 1.6536, Loss_D: 0.1717
Iteration 250: Loss_G: 1.5151, Loss_D: 0.1836
Iteration 300: Loss_G: 1.4878, Loss_D: 0.1865
Iteration 350: Loss_G: 1.4751, Loss_D: 0.1841
Iteration 400: Loss_G: 1.4867, Loss_D: 0.1881
Iteration 450: Loss_G: 1.4375, Loss_D: 0.1928
Iteration 500: Loss_G: 1.4515, Loss_D: 0.1882
Iteration 550: Loss_G: 1.4075, Loss_D: 0.1918
Iteration 600: Loss_G: 1.4267, Loss_D: 0.1904
Iteration 650: Loss_G: 1.4509, Loss_D: 0.1848
Iteration 700: Loss_G: 1.4570, Loss_D: 0.1897
Iteration 750: Loss_G: 1.4550, Loss_D: 0.1912
Iteration 800: Loss_G: 1.4493, Loss_D: 0.1923
Iteration 850: Loss_G: 1.4324, Loss_D: 0.1948
Iteration 900: Loss_G: 1.4380, Loss_D: 0.1926
Iteration 950: Loss_G: 1.4262, Loss_D: 0.1905
Iteration 1000: Loss_G: 1.4405, Loss_D: 0.1886
Iteration 1050: Loss_G: 1.4368, Loss_D: 0.1880
Iteration 1100: Loss_G: 1.4863, Loss_D: 0.1855
Iteration 1150: Loss_G: 1.4359, Loss_D: 0.1905
Iteration 1200: Loss_G: 1.4690, Loss_D: 0.1875
Epoch [11/20], Loss_G: 1.1957, Loss_D: 0.1883
Epoch [12/20] starts
Iteration 50: Loss_G: 1.4498, Loss_D: 0.1836
Iteration 100: Loss_G: 1.4611, Loss_D: 0.1865
Iteration 150: Loss_G: 1.4481, Loss_D: 0.1899
Iteration 200: Loss_G: 1.4429, Loss_D: 0.1868
Iteration 250: Loss_G: 1.3864, Loss_D: 0.1910
Iteration 300: Loss_G: 1.4269, Loss_D: 0.1917
Iteration 350: Loss_G: 1.6329, Loss_D: 0.1739
Iteration 400: Loss_G: 1.5201, Loss_D: 0.1836
Iteration 450: Loss_G: 1.5129, Loss_D: 0.1857
Iteration 500: Loss_G: 1.4481, Loss_D: 0.1898
Iteration 550: Loss_G: 1.4666, Loss_D: 0.1859
Iteration 600: Loss_G: 1.4970, Loss_D: 0.1844
Iteration 650: Loss_G: 1.4527, Loss_D: 0.1884
Iteration 700: Loss_G: 1.4120, Loss_D: 0.1924
Iteration 750: Loss_G: 1.4219, Loss_D: 0.1889
Iteration 800: Loss_G: 1.4282, Loss_D: 0.1908
Iteration 850: Loss_G: 1.4224, Loss_D: 0.1908
Iteration 900: Loss_G: 1.4418, Loss_D: 0.1921
Iteration 950: Loss_G: 1.4527, Loss_D: 0.1925
Iteration 1000: Loss_G: 1.4489, Loss_D: 0.1899
Iteration 1050: Loss_G: 1.4175, Loss_D: 0.1917
Iteration 1100: Loss_G: 1.4441, Loss_D: 0.1920
Iteration 1150: Loss_G: 1.3831, Loss_D: 0.1914
Iteration 1200: Loss_G: 1.4243, Loss_D: 0.1925
Epoch [12/20], Loss_G: 1.1884, Loss_D: 0.1886
Epoch [13/20] starts
Iteration 50: Loss_G: 1.4405, Loss_D: 0.1869
Iteration 100: Loss_G: 1.4273, Loss_D: 0.1828
Iteration 150: Loss_G: 1.4720, Loss_D: 0.1833
Iteration 200: Loss_G: 1.4224, Loss_D: 0.1912
Iteration 250: Loss_G: 1.4763, Loss_D: 0.1857
Iteration 300: Loss_G: 1.4638, Loss_D: 0.1846
Iteration 350: Loss_G: 1.4494, Loss_D: 0.1883
Iteration 400: Loss_G: 1.4341, Loss_D: 0.1886
Iteration 450: Loss_G: 1.4279, Loss_D: 0.1865
Iteration 500: Loss_G: 1.4320, Loss_D: 0.1913
Iteration 550: Loss_G: 1.3992, Loss_D: 0.1917
Iteration 600: Loss_G: 1.4041, Loss_D: 0.1891
Iteration 650: Loss_G: 1.4278, Loss_D: 0.1901
Iteration 700: Loss_G: 1.4614, Loss_D: 0.1890
Iteration 750: Loss_G: 1.3970, Loss_D: 0.1911
Iteration 800: Loss_G: 1.3929, Loss_D: 0.1917
Iteration 850: Loss_G: 1.4225, Loss_D: 0.1904
Iteration 900: Loss_G: 1.4016, Loss_D: 0.1944
Iteration 950: Loss_G: 1.4008, Loss_D: 0.1889
Iteration 1000: Loss_G: 1.4135, Loss_D: 0.1885
Iteration 1050: Loss_G: 1.5120, Loss_D: 0.1862
Iteration 1100: Loss_G: 1.4213, Loss_D: 0.1925
Iteration 1150: Loss_G: 1.4269, Loss_D: 0.1906
Iteration 1200: Loss_G: 1.4087, Loss_D: 0.1922
Epoch [13/20], Loss_G: 1.1711, Loss_D: 0.1890
Epoch [14/20] starts
Iteration 50: Loss_G: 1.4057, Loss_D: 0.1861
Iteration 100: Loss_G: 1.4460, Loss_D: 0.1835
Iteration 150: Loss_G: 1.4264, Loss_D: 0.1868
Iteration 200: Loss_G: 1.4321, Loss_D: 0.1865
Iteration 250: Loss_G: 1.3972, Loss_D: 0.1897
Iteration 300: Loss_G: 1.4342, Loss_D: 0.1892
Iteration 350: Loss_G: 1.4414, Loss_D: 0.1853
Iteration 400: Loss_G: 1.4200, Loss_D: 0.1882
Iteration 450: Loss_G: 1.3975, Loss_D: 0.1891
Iteration 500: Loss_G: 1.4369, Loss_D: 0.1872
Iteration 550: Loss_G: 1.4264, Loss_D: 0.1837
Iteration 600: Loss_G: 1.4168, Loss_D: 0.1862
Iteration 650: Loss_G: 1.4183, Loss_D: 0.1878
Iteration 700: Loss_G: 1.4188, Loss_D: 0.1876
Iteration 750: Loss_G: 1.4351, Loss_D: 0.1888
Iteration 800: Loss_G: 1.4002, Loss_D: 0.1862
Iteration 850: Loss_G: 1.4452, Loss_D: 0.1868
Iteration 900: Loss_G: 1.3931, Loss_D: 0.1878
Iteration 950: Loss_G: 1.3950, Loss_D: 0.1898
Iteration 1000: Loss_G: 1.4254, Loss_D: 0.1888
Iteration 1050: Loss_G: 1.4325, Loss_D: 0.1907
Iteration 1100: Loss_G: 1.3998, Loss_D: 0.1881
Iteration 1150: Loss_G: 1.3676, Loss_D: 0.1950
Iteration 1200: Loss_G: 1.3874, Loss_D: 0.1911
Epoch [14/20], Loss_G: 1.1596, Loss_D: 0.1879
Epoch [15/20] starts
Iteration 50: Loss_G: 1.3925, Loss_D: 0.1868
Iteration 100: Loss_G: 1.4172, Loss_D: 0.1875
Iteration 150: Loss_G: 1.4058, Loss_D: 0.1863
Iteration 200: Loss_G: 1.3979, Loss_D: 0.1861
Iteration 250: Loss_G: 1.4199, Loss_D: 0.1896
Iteration 300: Loss_G: 1.4014, Loss_D: 0.1874
Iteration 350: Loss_G: 1.4017, Loss_D: 0.1893
Iteration 400: Loss_G: 1.3969, Loss_D: 0.1854
Iteration 450: Loss_G: 1.4126, Loss_D: 0.1842
Iteration 500: Loss_G: 1.4355, Loss_D: 0.1842
Iteration 550: Loss_G: 1.4118, Loss_D: 0.1887
Iteration 600: Loss_G: 1.3933, Loss_D: 0.1918
Iteration 650: Loss_G: 1.3982, Loss_D: 0.1877
Iteration 700: Loss_G: 1.4162, Loss_D: 0.1875
Iteration 750: Loss_G: 1.4054, Loss_D: 0.1896
Iteration 800: Loss_G: 1.3956, Loss_D: 0.1892
Iteration 850: Loss_G: 1.3946, Loss_D: 0.1896
Iteration 900: Loss_G: 1.4093, Loss_D: 0.1852
Iteration 950: Loss_G: 1.4067, Loss_D: 0.1881
Iteration 1000: Loss_G: 1.4035, Loss_D: 0.1873
Iteration 1050: Loss_G: 1.4096, Loss_D: 0.1900
Iteration 1100: Loss_G: 1.4581, Loss_D: 0.1867
Iteration 1150: Loss_G: 1.4110, Loss_D: 0.1870
Iteration 1200: Loss_G: 1.3800, Loss_D: 0.1887
Epoch [15/20], Loss_G: 1.1519, Loss_D: 0.1877
Epoch [16/20] starts
Iteration 50: Loss_G: 1.3951, Loss_D: 0.1837
Iteration 100: Loss_G: 1.3934, Loss_D: 0.1842
Iteration 150: Loss_G: 1.3864, Loss_D: 0.1890
Iteration 200: Loss_G: 1.3894, Loss_D: 0.1886
Iteration 250: Loss_G: 1.4302, Loss_D: 0.1839
Iteration 300: Loss_G: 1.4375, Loss_D: 0.1867
Iteration 350: Loss_G: 1.4295, Loss_D: 0.1846
Iteration 400: Loss_G: 1.3960, Loss_D: 0.1869
Iteration 450: Loss_G: 1.3753, Loss_D: 0.1904
Iteration 500: Loss_G: 1.4160, Loss_D: 0.1872
Iteration 550: Loss_G: 1.4482, Loss_D: 0.1880
Iteration 600: Loss_G: 1.3958, Loss_D: 0.1865
Iteration 650: Loss_G: 1.3786, Loss_D: 0.1911
Iteration 700: Loss_G: 1.4047, Loss_D: 0.1885
Iteration 750: Loss_G: 1.3791, Loss_D: 0.1848
Iteration 800: Loss_G: 1.3906, Loss_D: 0.1872
Iteration 850: Loss_G: 1.4046, Loss_D: 0.1847
Iteration 900: Loss_G: 1.4861, Loss_D: 0.1812
Iteration 950: Loss_G: 1.5693, Loss_D: 0.1724
Iteration 1000: Loss_G: 1.4444, Loss_D: 0.1845
Iteration 1050: Loss_G: 1.4251, Loss_D: 0.1873
Iteration 1100: Loss_G: 1.4233, Loss_D: 0.1845
Iteration 1150: Loss_G: 1.4078, Loss_D: 0.1864
Iteration 1200: Loss_G: 1.4058, Loss_D: 0.1851
Epoch [16/20], Loss_G: 1.1600, Loss_D: 0.1857
Epoch [17/20] starts
Iteration 50: Loss_G: 1.4165, Loss_D: 0.1887
Iteration 100: Loss_G: 1.4257, Loss_D: 0.1839
Iteration 150: Loss_G: 1.4175, Loss_D: 0.1832
Iteration 200: Loss_G: 1.3955, Loss_D: 0.1871
Iteration 250: Loss_G: 1.4236, Loss_D: 0.1836
Iteration 300: Loss_G: 1.4079, Loss_D: 0.1825
Iteration 350: Loss_G: 1.4142, Loss_D: 0.1842
Iteration 400: Loss_G: 1.4223, Loss_D: 0.1843
Iteration 450: Loss_G: 1.4161, Loss_D: 0.1862
Iteration 500: Loss_G: 1.4075, Loss_D: 0.1846
Iteration 550: Loss_G: 1.3820, Loss_D: 0.1871
Iteration 600: Loss_G: 1.3736, Loss_D: 0.1873
Iteration 650: Loss_G: 1.3980, Loss_D: 0.1864
Iteration 700: Loss_G: 1.3968, Loss_D: 0.1860
Iteration 750: Loss_G: 1.4241, Loss_D: 0.1855
Iteration 800: Loss_G: 1.4000, Loss_D: 0.1880
Iteration 850: Loss_G: 1.3903, Loss_D: 0.1861
Iteration 900: Loss_G: 1.3799, Loss_D: 0.1892
Iteration 950: Loss_G: 1.4080, Loss_D: 0.1871
Iteration 1000: Loss_G: 1.3898, Loss_D: 0.1879
Iteration 1050: Loss_G: 1.3866, Loss_D: 0.1873
Iteration 1100: Loss_G: 1.3895, Loss_D: 0.1874
Iteration 1150: Loss_G: 1.4149, Loss_D: 0.1849
Iteration 1200: Loss_G: 1.3877, Loss_D: 0.1891
Epoch [17/20], Loss_G: 1.1483, Loss_D: 0.1862
Epoch [18/20] starts
Iteration 50: Loss_G: 1.4176, Loss_D: 0.1776
Iteration 100: Loss_G: 1.4314, Loss_D: 0.1793
Iteration 150: Loss_G: 1.4522, Loss_D: 0.1800
Iteration 200: Loss_G: 1.4077, Loss_D: 0.1840
Iteration 250: Loss_G: 1.4044, Loss_D: 0.1819
Iteration 300: Loss_G: 1.4182, Loss_D: 0.1801
Iteration 350: Loss_G: 1.4053, Loss_D: 0.1828
Iteration 400: Loss_G: 1.4107, Loss_D: 0.1829
Iteration 450: Loss_G: 1.4004, Loss_D: 0.1835
Iteration 500: Loss_G: 1.4049, Loss_D: 0.1868
Iteration 550: Loss_G: 1.4296, Loss_D: 0.1843
Iteration 600: Loss_G: 1.4040, Loss_D: 0.1835
Iteration 650: Loss_G: 1.4017, Loss_D: 0.1839
Iteration 700: Loss_G: 1.3809, Loss_D: 0.1863
Iteration 750: Loss_G: 1.3906, Loss_D: 0.1846
Iteration 800: Loss_G: 1.4089, Loss_D: 0.1883
Iteration 850: Loss_G: 1.4046, Loss_D: 0.1867
Iteration 900: Loss_G: 1.3939, Loss_D: 0.1868
Iteration 950: Loss_G: 1.3767, Loss_D: 0.1881
Iteration 1000: Loss_G: 1.3857, Loss_D: 0.1845
Iteration 1050: Loss_G: 1.9457, Loss_D: 0.1236
Iteration 1100: Loss_G: 2.0125, Loss_D: 0.1179
Iteration 1150: Loss_G: 1.8977, Loss_D: 0.1150
Iteration 1200: Loss_G: 1.8134, Loss_D: 0.1250
Epoch [18/20], Loss_G: 1.2210, Loss_D: 0.1732
Epoch [19/20] starts
Iteration 50: Loss_G: 1.7900, Loss_D: 0.1339
Iteration 100: Loss_G: 1.7277, Loss_D: 0.1406
Iteration 150: Loss_G: 1.6767, Loss_D: 0.1545
Iteration 200: Loss_G: 1.6012, Loss_D: 0.1710
Iteration 250: Loss_G: 1.5546, Loss_D: 0.1725
Iteration 300: Loss_G: 1.5271, Loss_D: 0.1754
Iteration 350: Loss_G: 1.5050, Loss_D: 0.1753
Iteration 400: Loss_G: 1.5035, Loss_D: 0.1730
Iteration 450: Loss_G: 1.4847, Loss_D: 0.1777
Iteration 500: Loss_G: 1.4874, Loss_D: 0.1733
Iteration 550: Loss_G: 1.5064, Loss_D: 0.1737
Iteration 600: Loss_G: 1.4952, Loss_D: 0.1745
Iteration 650: Loss_G: 1.4725, Loss_D: 0.1788
Iteration 700: Loss_G: 1.4488, Loss_D: 0.1760
Iteration 750: Loss_G: 1.4785, Loss_D: 0.1745
Iteration 800: Loss_G: 1.4660, Loss_D: 0.1797
Iteration 850: Loss_G: 1.4502, Loss_D: 0.1790
Iteration 900: Loss_G: 1.4464, Loss_D: 0.1811
Iteration 950: Loss_G: 1.4420, Loss_D: 0.1815
Iteration 1000: Loss_G: 1.4647, Loss_D: 0.1818
Iteration 1050: Loss_G: 1.4052, Loss_D: 0.1841
Iteration 1100: Loss_G: 1.4445, Loss_D: 0.1771
Iteration 1150: Loss_G: 1.4932, Loss_D: 0.1800
Iteration 1200: Loss_G: 1.4196, Loss_D: 0.1847
Epoch [19/20], Loss_G: 1.2378, Loss_D: 0.1731
Epoch [20/20] starts
Iteration 50: Loss_G: 1.4559, Loss_D: 0.1765
Iteration 100: Loss_G: 1.4293, Loss_D: 0.1787
Iteration 150: Loss_G: 1.4612, Loss_D: 0.1762
Iteration 200: Loss_G: 1.4339, Loss_D: 0.1807
Iteration 250: Loss_G: 1.4660, Loss_D: 0.1802
Iteration 300: Loss_G: 1.4455, Loss_D: 0.1768
Iteration 350: Loss_G: 1.4696, Loss_D: 0.1740
Iteration 400: Loss_G: 1.4374, Loss_D: 0.1799
Iteration 450: Loss_G: 1.4685, Loss_D: 0.1754
Iteration 500: Loss_G: 1.4639, Loss_D: 0.1759
Iteration 550: Loss_G: 1.4660, Loss_D: 0.1772
Iteration 600: Loss_G: 1.4574, Loss_D: 0.1786
Iteration 650: Loss_G: 1.4629, Loss_D: 0.1798
Iteration 700: Loss_G: 1.4367, Loss_D: 0.1834
Iteration 750: Loss_G: 1.4280, Loss_D: 0.1806
Iteration 800: Loss_G: 1.4514, Loss_D: 0.1813
Iteration 850: Loss_G: 1.4319, Loss_D: 0.1800
Iteration 900: Loss_G: 1.4307, Loss_D: 0.1804
Iteration 950: Loss_G: 1.4398, Loss_D: 0.1821
Iteration 1000: Loss_G: 1.4430, Loss_D: 0.1819
Iteration 1050: Loss_G: 1.4212, Loss_D: 0.1809
Iteration 1100: Loss_G: 1.4624, Loss_D: 0.1766
Iteration 1150: Loss_G: 1.4333, Loss_D: 0.1830
Iteration 1200: Loss_G: 1.4249, Loss_D: 0.1802
Epoch [20/20], Loss_G: 1.1842, Loss_D: 0.1792
The process took 113.72959644794464 minutes to complete.
