nohup: ignoring input
Using downloaded and verified file: ./data/SVHN/raw/train_32x32.mat
Using downloaded and verified file: ./data/SVHN/raw/test_32x32.mat
Using device cuda
Training starts
Epoch [1/40] starts
Iteration 50: Loss_G: 9.9418, Loss_D: 0.0439
Iteration 100: Loss_G: 5.8509, Loss_D: 0.0499
Iteration 150: Loss_G: 4.3304, Loss_D: 0.0703
Iteration 200: Loss_G: 3.7177, Loss_D: 0.0764
Iteration 250: Loss_G: 3.8006, Loss_D: 0.0504
Iteration 300: Loss_G: 3.4665, Loss_D: 0.0709
Iteration 350: Loss_G: 3.5584, Loss_D: 0.0670
Iteration 400: Loss_G: 3.2989, Loss_D: 0.0743
Iteration 450: Loss_G: 3.2639, Loss_D: 0.0753
Iteration 500: Loss_G: 3.4782, Loss_D: 0.0551
Iteration 550: Loss_G: 3.4453, Loss_D: 0.0454
Iteration 600: Loss_G: 3.2248, Loss_D: 0.0695
Iteration 650: Loss_G: 3.0995, Loss_D: 0.0691
Iteration 700: Loss_G: 3.3241, Loss_D: 0.0588
Iteration 750: Loss_G: 3.0120, Loss_D: 0.0897
Iteration 800: Loss_G: 3.2094, Loss_D: 0.0712
Iteration 850: Loss_G: 3.0738, Loss_D: 0.0720
Iteration 900: Loss_G: 3.1167, Loss_D: 0.0798
Iteration 950: Loss_G: 3.1912, Loss_D: 0.0687
Iteration 1000: Loss_G: 2.8617, Loss_D: 0.0758
Iteration 1050: Loss_G: 2.9871, Loss_D: 0.0744
Iteration 1100: Loss_G: 2.9011, Loss_D: 0.0907
Iteration 1150: Loss_G: 3.0328, Loss_D: 0.0754
Iteration 1200: Loss_G: 2.8552, Loss_D: 0.0909
Epoch [1/40], Loss_G: 3.0028, Loss_D: 0.0694
Epoch [2/40] starts
Iteration 50: Loss_G: 2.9191, Loss_D: 0.0802
Iteration 100: Loss_G: 3.5640, Loss_D: 0.0548
Iteration 150: Loss_G: 3.0907, Loss_D: 0.0826
Iteration 200: Loss_G: 3.0092, Loss_D: 0.0837
Iteration 250: Loss_G: 2.9978, Loss_D: 0.0828
Iteration 300: Loss_G: 2.8559, Loss_D: 0.0804
Iteration 350: Loss_G: 2.7677, Loss_D: 0.0822
Iteration 400: Loss_G: 2.9296, Loss_D: 0.0853
Iteration 450: Loss_G: 2.8926, Loss_D: 0.0846
Iteration 500: Loss_G: 2.8144, Loss_D: 0.0911
Iteration 550: Loss_G: 2.8516, Loss_D: 0.0838
Iteration 600: Loss_G: 2.9220, Loss_D: 0.0831
Iteration 650: Loss_G: 2.7861, Loss_D: 0.0855
Iteration 700: Loss_G: 2.6667, Loss_D: 0.0982
Iteration 750: Loss_G: 2.6840, Loss_D: 0.0903
Iteration 800: Loss_G: 2.6970, Loss_D: 0.0897
Iteration 850: Loss_G: 2.6918, Loss_D: 0.0903
Iteration 900: Loss_G: 2.6892, Loss_D: 0.0965
Iteration 950: Loss_G: 2.8805, Loss_D: 0.0925
Iteration 1000: Loss_G: 2.6559, Loss_D: 0.0934
Iteration 1050: Loss_G: 2.6735, Loss_D: 0.0958
Iteration 1100: Loss_G: 2.6704, Loss_D: 0.0915
Iteration 1150: Loss_G: 2.7106, Loss_D: 0.0991
Iteration 1200: Loss_G: 2.5980, Loss_D: 0.0973
Epoch [2/40], Loss_G: 2.3199, Loss_D: 0.0873
Epoch [3/40] starts
Iteration 50: Loss_G: 2.6802, Loss_D: 0.0921
Iteration 100: Loss_G: 2.5669, Loss_D: 0.0976
Iteration 150: Loss_G: 2.6345, Loss_D: 0.0975
Iteration 200: Loss_G: 2.5532, Loss_D: 0.0953
Iteration 250: Loss_G: 2.6404, Loss_D: 0.0958
Iteration 300: Loss_G: 2.6403, Loss_D: 0.0914
Iteration 350: Loss_G: 2.7184, Loss_D: 0.1030
Iteration 400: Loss_G: 2.6889, Loss_D: 0.0965
Iteration 450: Loss_G: 2.5770, Loss_D: 0.1016
Iteration 500: Loss_G: 2.4965, Loss_D: 0.0977
Iteration 550: Loss_G: 2.4881, Loss_D: 0.1010
Iteration 600: Loss_G: 2.5359, Loss_D: 0.0966
Iteration 650: Loss_G: 2.6014, Loss_D: 0.0980
Iteration 700: Loss_G: 2.7475, Loss_D: 0.0909
Iteration 750: Loss_G: 2.6201, Loss_D: 0.1024
Iteration 800: Loss_G: 2.5511, Loss_D: 0.0966
Iteration 850: Loss_G: 2.6440, Loss_D: 0.0959
Iteration 900: Loss_G: 2.5909, Loss_D: 0.1009
Iteration 950: Loss_G: 2.5507, Loss_D: 0.0982
Iteration 1000: Loss_G: 2.6748, Loss_D: 0.0995
Iteration 1050: Loss_G: 2.5388, Loss_D: 0.1007
Iteration 1100: Loss_G: 2.5672, Loss_D: 0.0979
Iteration 1150: Loss_G: 2.5683, Loss_D: 0.0998
Iteration 1200: Loss_G: 2.6144, Loss_D: 0.1036
Epoch [3/40], Loss_G: 2.1313, Loss_D: 0.0979
Epoch [4/40] starts
Iteration 50: Loss_G: 2.4682, Loss_D: 0.1032
Iteration 100: Loss_G: 2.4225, Loss_D: 0.1032
Iteration 150: Loss_G: 2.5449, Loss_D: 0.0988
Iteration 200: Loss_G: 2.4937, Loss_D: 0.1003
Iteration 250: Loss_G: 2.5140, Loss_D: 0.1004
Iteration 300: Loss_G: 2.6012, Loss_D: 0.1017
Iteration 350: Loss_G: 2.5507, Loss_D: 0.1046
Iteration 400: Loss_G: 2.4633, Loss_D: 0.1023
Iteration 450: Loss_G: 2.4327, Loss_D: 0.1010
Iteration 500: Loss_G: 2.6661, Loss_D: 0.0967
Iteration 550: Loss_G: 2.4792, Loss_D: 0.1050
Iteration 600: Loss_G: 2.4289, Loss_D: 0.1035
Iteration 650: Loss_G: 2.4608, Loss_D: 0.1025
Iteration 700: Loss_G: 2.4867, Loss_D: 0.1032
Iteration 750: Loss_G: 2.4604, Loss_D: 0.1039
Iteration 800: Loss_G: 2.4790, Loss_D: 0.1006
Iteration 850: Loss_G: 2.4210, Loss_D: 0.1013
Iteration 900: Loss_G: 2.5017, Loss_D: 0.1018
Iteration 950: Loss_G: 2.4531, Loss_D: 0.1004
Iteration 1000: Loss_G: 2.5064, Loss_D: 0.1044
Iteration 1050: Loss_G: 2.3996, Loss_D: 0.1049
Iteration 1100: Loss_G: 2.4891, Loss_D: 0.1061
Iteration 1150: Loss_G: 2.4753, Loss_D: 0.1016
Iteration 1200: Loss_G: 2.4711, Loss_D: 0.1009
Epoch [4/40], Loss_G: 2.0351, Loss_D: 0.1022
Epoch [5/40] starts
Iteration 50: Loss_G: 2.5765, Loss_D: 0.1026
Iteration 100: Loss_G: 2.4214, Loss_D: 0.1044
Iteration 150: Loss_G: 2.4437, Loss_D: 0.1009
Iteration 200: Loss_G: 2.3503, Loss_D: 0.1047
Iteration 250: Loss_G: 2.3448, Loss_D: 0.1049
Iteration 300: Loss_G: 2.3806, Loss_D: 0.1047
Iteration 350: Loss_G: 2.4248, Loss_D: 0.1029
Iteration 400: Loss_G: 2.3203, Loss_D: 0.1013
Iteration 450: Loss_G: 2.4224, Loss_D: 0.1035
Iteration 500: Loss_G: 2.4186, Loss_D: 0.1034
Iteration 550: Loss_G: 2.4898, Loss_D: 0.1009
Iteration 600: Loss_G: 2.2793, Loss_D: 0.1064
Iteration 650: Loss_G: 2.6436, Loss_D: 0.0934
Iteration 700: Loss_G: 2.4311, Loss_D: 0.0992
Iteration 750: Loss_G: 2.5609, Loss_D: 0.0993
Iteration 800: Loss_G: 2.5117, Loss_D: 0.1000
Iteration 850: Loss_G: 2.5120, Loss_D: 0.0993
Iteration 900: Loss_G: 2.3931, Loss_D: 0.1017
Iteration 950: Loss_G: 2.7374, Loss_D: 0.0891
Iteration 1000: Loss_G: 2.6728, Loss_D: 0.1017
Iteration 1050: Loss_G: 2.4546, Loss_D: 0.1080
Iteration 1100: Loss_G: 2.4391, Loss_D: 0.1020
Iteration 1150: Loss_G: 2.3644, Loss_D: 0.1010
Iteration 1200: Loss_G: 2.3920, Loss_D: 0.1052
Epoch [5/40], Loss_G: 2.0118, Loss_D: 0.1017
Epoch [6/40] starts
Iteration 50: Loss_G: 2.3811, Loss_D: 0.1050
Iteration 100: Loss_G: 2.4841, Loss_D: 0.1009
Iteration 150: Loss_G: 2.4036, Loss_D: 0.1033
Iteration 200: Loss_G: 2.3756, Loss_D: 0.1018
Iteration 250: Loss_G: 2.5368, Loss_D: 0.1022
Iteration 300: Loss_G: 2.3769, Loss_D: 0.0994
Iteration 350: Loss_G: 2.4480, Loss_D: 0.1027
Iteration 400: Loss_G: 2.4029, Loss_D: 0.1013
Iteration 450: Loss_G: 2.3861, Loss_D: 0.1054
Iteration 500: Loss_G: 2.4586, Loss_D: 0.0992
Iteration 550: Loss_G: 2.4304, Loss_D: 0.1046
Iteration 600: Loss_G: 2.3971, Loss_D: 0.1043
Iteration 650: Loss_G: 2.3128, Loss_D: 0.1018
Iteration 700: Loss_G: 2.3683, Loss_D: 0.1047
Iteration 750: Loss_G: 2.3795, Loss_D: 0.1030
Iteration 800: Loss_G: 2.3691, Loss_D: 0.1008
Iteration 850: Loss_G: 2.3265, Loss_D: 0.1040
Iteration 900: Loss_G: 2.3846, Loss_D: 0.0987
Iteration 950: Loss_G: 2.4167, Loss_D: 0.0999
Iteration 1000: Loss_G: 2.3815, Loss_D: 0.1012
Iteration 1050: Loss_G: 2.4617, Loss_D: 0.1009
Iteration 1100: Loss_G: 2.2497, Loss_D: 0.1074
Iteration 1150: Loss_G: 2.3192, Loss_D: 0.1008
Iteration 1200: Loss_G: 2.4468, Loss_D: 0.1034
Epoch [6/40], Loss_G: 1.9610, Loss_D: 0.1024
Epoch [7/40] starts
Iteration 50: Loss_G: 2.2686, Loss_D: 0.1073
Iteration 100: Loss_G: 2.4156, Loss_D: 0.0992
Iteration 150: Loss_G: 2.5179, Loss_D: 0.1002
Iteration 200: Loss_G: 2.3521, Loss_D: 0.1054
Iteration 250: Loss_G: 2.3287, Loss_D: 0.0985
Iteration 300: Loss_G: 2.3523, Loss_D: 0.1074
Iteration 350: Loss_G: 2.3577, Loss_D: 0.1057
Iteration 400: Loss_G: 2.3153, Loss_D: 0.1012
Iteration 450: Loss_G: 2.4454, Loss_D: 0.1038
Iteration 500: Loss_G: 2.4206, Loss_D: 0.1004
Iteration 550: Loss_G: 2.2764, Loss_D: 0.1074
Iteration 600: Loss_G: 2.0981, Loss_D: 0.1078
Iteration 650: Loss_G: 2.3790, Loss_D: 0.1004
Iteration 700: Loss_G: 2.3791, Loss_D: 0.1005
Iteration 750: Loss_G: 2.3721, Loss_D: 0.1017
Iteration 800: Loss_G: 2.3593, Loss_D: 0.1027
Iteration 850: Loss_G: 2.3500, Loss_D: 0.1042
Iteration 900: Loss_G: 2.3245, Loss_D: 0.1044
Iteration 950: Loss_G: 2.2940, Loss_D: 0.1028
Iteration 1000: Loss_G: 2.2949, Loss_D: 0.1032
Iteration 1050: Loss_G: 2.3237, Loss_D: 0.1028
Iteration 1100: Loss_G: 2.3015, Loss_D: 0.1033
Iteration 1150: Loss_G: 2.1983, Loss_D: 0.1004
Iteration 1200: Loss_G: 2.2929, Loss_D: 0.1058
Epoch [7/40], Loss_G: 1.9106, Loss_D: 0.1032
Epoch [8/40] starts
Iteration 50: Loss_G: 2.2227, Loss_D: 0.1020
Iteration 100: Loss_G: 2.3221, Loss_D: 0.1005
Iteration 150: Loss_G: 2.3393, Loss_D: 0.1024
Iteration 200: Loss_G: 2.3261, Loss_D: 0.0980
Iteration 250: Loss_G: 2.2750, Loss_D: 0.1050
Iteration 300: Loss_G: 2.2916, Loss_D: 0.1040
Iteration 350: Loss_G: 2.2677, Loss_D: 0.1006
Iteration 400: Loss_G: 2.3018, Loss_D: 0.1063
Iteration 450: Loss_G: 2.1788, Loss_D: 0.1030
Iteration 500: Loss_G: 2.2983, Loss_D: 0.0966
Iteration 550: Loss_G: 2.4027, Loss_D: 0.1001
Iteration 600: Loss_G: 2.2317, Loss_D: 0.0988
Iteration 650: Loss_G: 2.0526, Loss_D: 0.1102
Iteration 700: Loss_G: 2.1481, Loss_D: 0.1029
Iteration 750: Loss_G: 2.2458, Loss_D: 0.1037
Iteration 800: Loss_G: 2.1355, Loss_D: 0.1089
Iteration 850: Loss_G: 2.1863, Loss_D: 0.1023
Iteration 900: Loss_G: 2.2591, Loss_D: 0.1007
Iteration 950: Loss_G: 2.3143, Loss_D: 0.0985
Iteration 1000: Loss_G: 2.2299, Loss_D: 0.0999
Iteration 1050: Loss_G: 2.3473, Loss_D: 0.1005
Iteration 1100: Loss_G: 2.2388, Loss_D: 0.1019
Iteration 1150: Loss_G: 2.1948, Loss_D: 0.1009
Iteration 1200: Loss_G: 2.1803, Loss_D: 0.0980
Epoch [8/40], Loss_G: 1.8414, Loss_D: 0.1019
Epoch [9/40] starts
Iteration 50: Loss_G: 2.1445, Loss_D: 0.1016
Iteration 100: Loss_G: 2.2872, Loss_D: 0.1011
Iteration 150: Loss_G: 2.2300, Loss_D: 0.0992
Iteration 200: Loss_G: 2.2751, Loss_D: 0.1010
Iteration 250: Loss_G: 2.2371, Loss_D: 0.1001
Iteration 300: Loss_G: 2.1385, Loss_D: 0.1033
Iteration 350: Loss_G: 2.2346, Loss_D: 0.1004
Iteration 400: Loss_G: 2.2417, Loss_D: 0.0943
Iteration 450: Loss_G: 2.1786, Loss_D: 0.1091
Iteration 500: Loss_G: 2.0972, Loss_D: 0.1021
Iteration 550: Loss_G: 2.2252, Loss_D: 0.1004
Iteration 600: Loss_G: 2.1680, Loss_D: 0.1051
Iteration 650: Loss_G: 2.3580, Loss_D: 0.0915
Iteration 700: Loss_G: 2.2584, Loss_D: 0.0983
Iteration 750: Loss_G: 2.2645, Loss_D: 0.0990
Iteration 800: Loss_G: 2.1652, Loss_D: 0.1020
Iteration 850: Loss_G: 2.4273, Loss_D: 0.0881
Iteration 900: Loss_G: 2.2506, Loss_D: 0.1024
Iteration 950: Loss_G: 2.2415, Loss_D: 0.1013
Iteration 1000: Loss_G: 2.2287, Loss_D: 0.1024
Iteration 1050: Loss_G: 2.1386, Loss_D: 0.1006
Iteration 1100: Loss_G: 2.1662, Loss_D: 0.1003
Iteration 1150: Loss_G: 2.0937, Loss_D: 0.1050
Iteration 1200: Loss_G: 2.1671, Loss_D: 0.0997
Epoch [9/40], Loss_G: 1.8151, Loss_D: 0.1003
Epoch [10/40] starts
Iteration 50: Loss_G: 2.0411, Loss_D: 0.1054
Iteration 100: Loss_G: 2.1675, Loss_D: 0.0992
Iteration 150: Loss_G: 2.1842, Loss_D: 0.1013
Iteration 200: Loss_G: 2.9569, Loss_D: 0.0744
Iteration 250: Loss_G: 2.3116, Loss_D: 0.0892
Iteration 300: Loss_G: 2.3300, Loss_D: 0.1012
Iteration 350: Loss_G: 2.2306, Loss_D: 0.0959
Iteration 400: Loss_G: 2.1403, Loss_D: 0.1048
Iteration 450: Loss_G: 2.1017, Loss_D: 0.1004
Iteration 500: Loss_G: 2.2657, Loss_D: 0.0983
Iteration 550: Loss_G: 2.2453, Loss_D: 0.1014
Iteration 600: Loss_G: 2.1833, Loss_D: 0.0993
Iteration 650: Loss_G: 2.1096, Loss_D: 0.1024
Iteration 700: Loss_G: 2.2644, Loss_D: 0.1009
Iteration 750: Loss_G: 2.1604, Loss_D: 0.1004
Iteration 800: Loss_G: 2.2911, Loss_D: 0.0983
Iteration 850: Loss_G: 2.2101, Loss_D: 0.0992
Iteration 900: Loss_G: 2.1644, Loss_D: 0.1001
Iteration 950: Loss_G: 2.1831, Loss_D: 0.1024
Iteration 1000: Loss_G: 2.1125, Loss_D: 0.1029
Iteration 1050: Loss_G: 2.1471, Loss_D: 0.0989
Iteration 1100: Loss_G: 2.1776, Loss_D: 0.1027
Iteration 1150: Loss_G: 2.1705, Loss_D: 0.0972
Iteration 1200: Loss_G: 2.1864, Loss_D: 0.1013
Epoch [10/40], Loss_G: 1.8191, Loss_D: 0.0991
Epoch [11/40] starts
Iteration 50: Loss_G: 2.1213, Loss_D: 0.1006
Iteration 100: Loss_G: 2.1241, Loss_D: 0.1033
Iteration 150: Loss_G: 2.0749, Loss_D: 0.1024
Iteration 200: Loss_G: 2.1564, Loss_D: 0.0977
Iteration 250: Loss_G: 2.1506, Loss_D: 0.1019
Iteration 300: Loss_G: 2.1531, Loss_D: 0.0996
Iteration 350: Loss_G: 2.2175, Loss_D: 0.1023
Iteration 400: Loss_G: 2.1528, Loss_D: 0.1015
Iteration 450: Loss_G: 2.1147, Loss_D: 0.1016
Iteration 500: Loss_G: 2.1621, Loss_D: 0.0998
Iteration 550: Loss_G: 2.0937, Loss_D: 0.1040
Iteration 600: Loss_G: 2.1549, Loss_D: 0.0969
Iteration 650: Loss_G: 2.2524, Loss_D: 0.0967
Iteration 700: Loss_G: 2.1047, Loss_D: 0.1004
Iteration 750: Loss_G: 2.1947, Loss_D: 0.1010
Iteration 800: Loss_G: 2.1618, Loss_D: 0.0975
Iteration 850: Loss_G: 2.0857, Loss_D: 0.1021
Iteration 900: Loss_G: 2.1661, Loss_D: 0.0982
Iteration 950: Loss_G: 2.1382, Loss_D: 0.0995
Iteration 1000: Loss_G: 2.2016, Loss_D: 0.1023
Iteration 1050: Loss_G: 2.0470, Loss_D: 0.1004
Iteration 1100: Loss_G: 2.1917, Loss_D: 0.0989
Iteration 1150: Loss_G: 3.9026, Loss_D: 0.0298
Iteration 1200: Loss_G: 2.8296, Loss_D: 0.0496
Epoch [11/40], Loss_G: 1.8401, Loss_D: 0.0953
Epoch [12/40] starts
Iteration 50: Loss_G: 2.7183, Loss_D: 0.0547
Iteration 100: Loss_G: 2.4210, Loss_D: 0.0867
Iteration 150: Loss_G: 2.0027, Loss_D: 0.1149
Iteration 200: Loss_G: 2.0293, Loss_D: 0.1015
Iteration 250: Loss_G: 2.2651, Loss_D: 0.0968
Iteration 300: Loss_G: 2.1443, Loss_D: 0.0990
Iteration 350: Loss_G: 2.5731, Loss_D: 0.0765
Iteration 400: Loss_G: 2.3449, Loss_D: 0.0905
Iteration 450: Loss_G: 2.1604, Loss_D: 0.1002
Iteration 500: Loss_G: 2.1853, Loss_D: 0.1009
Iteration 550: Loss_G: 2.0487, Loss_D: 0.0995
Iteration 600: Loss_G: 2.0585, Loss_D: 0.1037
Iteration 650: Loss_G: 2.1132, Loss_D: 0.0985
Iteration 700: Loss_G: 2.1443, Loss_D: 0.1006
Iteration 750: Loss_G: 2.0499, Loss_D: 0.1036
Iteration 800: Loss_G: 2.0478, Loss_D: 0.0991
Iteration 850: Loss_G: 2.1491, Loss_D: 0.1029
Iteration 900: Loss_G: 2.2264, Loss_D: 0.0986
Iteration 950: Loss_G: 2.1467, Loss_D: 0.0987
Iteration 1000: Loss_G: 2.0200, Loss_D: 0.1036
Iteration 1050: Loss_G: 2.1113, Loss_D: 0.1038
Iteration 1100: Loss_G: 2.0337, Loss_D: 0.1005
Iteration 1150: Loss_G: 2.0784, Loss_D: 0.0986
Iteration 1200: Loss_G: 2.1171, Loss_D: 0.0985
Epoch [12/40], Loss_G: 1.7800, Loss_D: 0.0972
Epoch [13/40] starts
Iteration 50: Loss_G: 2.1354, Loss_D: 0.1012
Iteration 100: Loss_G: 2.2489, Loss_D: 0.0980
Iteration 150: Loss_G: 2.1489, Loss_D: 0.1014
Iteration 200: Loss_G: 2.0469, Loss_D: 0.1035
Iteration 250: Loss_G: 2.1278, Loss_D: 0.0971
Iteration 300: Loss_G: 2.2038, Loss_D: 0.0965
Iteration 350: Loss_G: 2.1442, Loss_D: 0.0991
Iteration 400: Loss_G: 2.1995, Loss_D: 0.0978
Iteration 450: Loss_G: 2.0997, Loss_D: 0.0968
Iteration 500: Loss_G: 2.1350, Loss_D: 0.1002
Iteration 550: Loss_G: 2.0836, Loss_D: 0.0999
Iteration 600: Loss_G: 2.1543, Loss_D: 0.1015
Iteration 650: Loss_G: 2.1025, Loss_D: 0.1029
Iteration 700: Loss_G: 2.1108, Loss_D: 0.0936
Iteration 750: Loss_G: 2.0667, Loss_D: 0.1028
Iteration 800: Loss_G: 2.1286, Loss_D: 0.1014
Iteration 850: Loss_G: 2.1450, Loss_D: 0.1019
Iteration 900: Loss_G: 2.0954, Loss_D: 0.0988
Iteration 950: Loss_G: 2.0628, Loss_D: 0.0979
Iteration 1000: Loss_G: 2.1252, Loss_D: 0.0966
Iteration 1050: Loss_G: 2.1879, Loss_D: 0.1011
Iteration 1100: Loss_G: 2.0883, Loss_D: 0.0986
Iteration 1150: Loss_G: 2.1644, Loss_D: 0.0954
Iteration 1200: Loss_G: 2.1006, Loss_D: 0.0969
Epoch [13/40], Loss_G: 1.7431, Loss_D: 0.0992
Epoch [14/40] starts
Iteration 50: Loss_G: 2.0448, Loss_D: 0.0995
Iteration 100: Loss_G: 2.1109, Loss_D: 0.1031
Iteration 150: Loss_G: 2.0589, Loss_D: 0.0972
Iteration 200: Loss_G: 2.0487, Loss_D: 0.0988
Iteration 250: Loss_G: 2.3633, Loss_D: 0.0890
Iteration 300: Loss_G: 2.0155, Loss_D: 0.1039
Iteration 350: Loss_G: 2.0808, Loss_D: 0.0968
Iteration 400: Loss_G: 2.0813, Loss_D: 0.1007
Iteration 450: Loss_G: 2.0700, Loss_D: 0.0985
Iteration 500: Loss_G: 2.1004, Loss_D: 0.1018
Iteration 550: Loss_G: 2.1138, Loss_D: 0.0993
Iteration 600: Loss_G: 2.0481, Loss_D: 0.0987
Iteration 650: Loss_G: 2.0752, Loss_D: 0.1028
Iteration 700: Loss_G: 2.0495, Loss_D: 0.0999
Iteration 750: Loss_G: 2.1173, Loss_D: 0.0966
Iteration 800: Loss_G: 2.0174, Loss_D: 0.1007
Iteration 850: Loss_G: 2.0528, Loss_D: 0.0978
Iteration 900: Loss_G: 2.1464, Loss_D: 0.0967
Iteration 950: Loss_G: 2.2583, Loss_D: 0.0969
Iteration 1000: Loss_G: 2.2069, Loss_D: 0.0918
Iteration 1050: Loss_G: 2.0694, Loss_D: 0.0998
Iteration 1100: Loss_G: 2.0038, Loss_D: 0.1046
Iteration 1150: Loss_G: 2.0963, Loss_D: 0.0990
Iteration 1200: Loss_G: 2.0111, Loss_D: 0.0964
Epoch [14/40], Loss_G: 1.7135, Loss_D: 0.0988
Epoch [15/40] starts
Iteration 50: Loss_G: 2.0856, Loss_D: 0.0974
Iteration 100: Loss_G: 2.0956, Loss_D: 0.0983
Iteration 150: Loss_G: 2.0922, Loss_D: 0.0955
Iteration 200: Loss_G: 2.0891, Loss_D: 0.0961
Iteration 250: Loss_G: 2.0751, Loss_D: 0.1017
Iteration 300: Loss_G: 1.9094, Loss_D: 0.1059
Iteration 350: Loss_G: 2.1170, Loss_D: 0.0966
Iteration 400: Loss_G: 2.0641, Loss_D: 0.0974
Iteration 450: Loss_G: 2.0627, Loss_D: 0.0936
Iteration 500: Loss_G: 2.1218, Loss_D: 0.0994
Iteration 550: Loss_G: 2.0651, Loss_D: 0.1017
Iteration 600: Loss_G: 1.9660, Loss_D: 0.1020
Iteration 650: Loss_G: 2.0458, Loss_D: 0.0985
Iteration 700: Loss_G: 2.2070, Loss_D: 0.0924
Iteration 750: Loss_G: 2.0197, Loss_D: 0.0985
Iteration 800: Loss_G: 2.1719, Loss_D: 0.0962
Iteration 850: Loss_G: 2.0307, Loss_D: 0.1004
Iteration 900: Loss_G: 2.0337, Loss_D: 0.1013
Iteration 950: Loss_G: 2.0330, Loss_D: 0.0951
Iteration 1000: Loss_G: 2.4113, Loss_D: 0.0800
Iteration 1050: Loss_G: 2.3700, Loss_D: 0.0875
Iteration 1100: Loss_G: 2.2375, Loss_D: 0.0952
Iteration 1150: Loss_G: 2.0947, Loss_D: 0.0945
Iteration 1200: Loss_G: 2.0446, Loss_D: 0.0999
Epoch [15/40], Loss_G: 1.7205, Loss_D: 0.0969
Epoch [16/40] starts
Iteration 50: Loss_G: 2.0700, Loss_D: 0.0963
Iteration 100: Loss_G: 2.1659, Loss_D: 0.0962
Iteration 150: Loss_G: 2.0899, Loss_D: 0.0968
Iteration 200: Loss_G: 2.1048, Loss_D: 0.0961
Iteration 250: Loss_G: 2.0711, Loss_D: 0.0964
Iteration 300: Loss_G: 2.1435, Loss_D: 0.0991
Iteration 350: Loss_G: 2.1194, Loss_D: 0.0962
Iteration 400: Loss_G: 2.0763, Loss_D: 0.0946
Iteration 450: Loss_G: 2.9637, Loss_D: 0.0839
Iteration 500: Loss_G: 3.1249, Loss_D: 0.0296
Iteration 550: Loss_G: 2.5665, Loss_D: 0.0718
Iteration 600: Loss_G: 2.2422, Loss_D: 0.0872
Iteration 650: Loss_G: 2.2604, Loss_D: 0.0938
Iteration 700: Loss_G: 2.2209, Loss_D: 0.0934
Iteration 750: Loss_G: 2.1524, Loss_D: 0.0957
Iteration 800: Loss_G: 1.9714, Loss_D: 0.0995
Iteration 850: Loss_G: 2.0865, Loss_D: 0.1011
Iteration 900: Loss_G: 2.1284, Loss_D: 0.0953
Iteration 950: Loss_G: 2.1247, Loss_D: 0.0946
Iteration 1000: Loss_G: 1.9794, Loss_D: 0.1027
Iteration 1050: Loss_G: 2.0701, Loss_D: 0.0942
Iteration 1100: Loss_G: 2.0354, Loss_D: 0.0997
Iteration 1150: Loss_G: 2.1603, Loss_D: 0.0992
Iteration 1200: Loss_G: 2.1999, Loss_D: 0.0965
Epoch [16/40], Loss_G: 1.8120, Loss_D: 0.0921
Epoch [17/40] starts
Iteration 50: Loss_G: 2.1222, Loss_D: 0.0952
Iteration 100: Loss_G: 2.1007, Loss_D: 0.0941
Iteration 150: Loss_G: 2.0128, Loss_D: 0.1010
Iteration 200: Loss_G: 2.1185, Loss_D: 0.0957
Iteration 250: Loss_G: 2.0775, Loss_D: 0.0955
Iteration 300: Loss_G: 2.0803, Loss_D: 0.0977
Iteration 350: Loss_G: 2.1185, Loss_D: 0.0949
Iteration 400: Loss_G: 2.0076, Loss_D: 0.1023
Iteration 450: Loss_G: 2.1802, Loss_D: 0.0905
Iteration 500: Loss_G: 2.0946, Loss_D: 0.0996
Iteration 550: Loss_G: 2.0415, Loss_D: 0.1004
Iteration 600: Loss_G: 2.0054, Loss_D: 0.0981
Iteration 650: Loss_G: 2.0599, Loss_D: 0.0999
Iteration 700: Loss_G: 2.2057, Loss_D: 0.0837
Iteration 750: Loss_G: 2.1516, Loss_D: 0.0972
Iteration 800: Loss_G: 2.1941, Loss_D: 0.0918
Iteration 850: Loss_G: 2.0972, Loss_D: 0.0934
Iteration 900: Loss_G: 2.0908, Loss_D: 0.1035
Iteration 950: Loss_G: 2.0933, Loss_D: 0.0984
Iteration 1000: Loss_G: 2.1503, Loss_D: 0.0967
Iteration 1050: Loss_G: 1.9728, Loss_D: 0.1060
Iteration 1100: Loss_G: 1.9276, Loss_D: 0.0998
Iteration 1150: Loss_G: 2.0443, Loss_D: 0.0923
Iteration 1200: Loss_G: 1.9932, Loss_D: 0.0997
Epoch [17/40], Loss_G: 1.7033, Loss_D: 0.0970
Epoch [18/40] starts
Iteration 50: Loss_G: 1.9060, Loss_D: 0.1046
Iteration 100: Loss_G: 2.0842, Loss_D: 0.0929
Iteration 150: Loss_G: 2.0339, Loss_D: 0.0982
Iteration 200: Loss_G: 2.1595, Loss_D: 0.0969
Iteration 250: Loss_G: 2.0553, Loss_D: 0.0995
Iteration 300: Loss_G: 1.9705, Loss_D: 0.0980
Iteration 350: Loss_G: 2.1138, Loss_D: 0.0991
Iteration 400: Loss_G: 2.0574, Loss_D: 0.0972
Iteration 450: Loss_G: 2.0482, Loss_D: 0.0950
Iteration 500: Loss_G: 2.0734, Loss_D: 0.0963
Iteration 550: Loss_G: 1.9935, Loss_D: 0.1019
Iteration 600: Loss_G: 2.0432, Loss_D: 0.0974
Iteration 650: Loss_G: 2.1555, Loss_D: 0.0965
Iteration 700: Loss_G: 2.0860, Loss_D: 0.0953
Iteration 750: Loss_G: 2.0357, Loss_D: 0.0987
Iteration 800: Loss_G: 2.0639, Loss_D: 0.0964
Iteration 850: Loss_G: 2.0654, Loss_D: 0.0956
Iteration 900: Loss_G: 2.0574, Loss_D: 0.0957
Iteration 950: Loss_G: 2.0429, Loss_D: 0.0958
Iteration 1000: Loss_G: 1.9557, Loss_D: 0.0978
Iteration 1050: Loss_G: 1.9799, Loss_D: 0.1000
Iteration 1100: Loss_G: 2.0269, Loss_D: 0.0953
Iteration 1150: Loss_G: 2.0683, Loss_D: 0.1012
Iteration 1200: Loss_G: 1.9394, Loss_D: 0.1020
Epoch [18/40], Loss_G: 1.6718, Loss_D: 0.0978
Epoch [19/40] starts
Iteration 50: Loss_G: 1.9838, Loss_D: 0.0955
Iteration 100: Loss_G: 2.0287, Loss_D: 0.0973
Iteration 150: Loss_G: 1.8854, Loss_D: 0.1085
Iteration 200: Loss_G: 1.8846, Loss_D: 0.1054
Iteration 250: Loss_G: 1.9514, Loss_D: 0.1013
Iteration 300: Loss_G: 2.1069, Loss_D: 0.0977
Iteration 350: Loss_G: 1.9962, Loss_D: 0.1061
Iteration 400: Loss_G: 1.9371, Loss_D: 0.1011
Iteration 450: Loss_G: 1.9961, Loss_D: 0.1002
Iteration 500: Loss_G: 2.0127, Loss_D: 0.0954
Iteration 550: Loss_G: 1.9193, Loss_D: 0.0997
Iteration 600: Loss_G: 2.0545, Loss_D: 0.0965
Iteration 650: Loss_G: 1.9891, Loss_D: 0.0962
Iteration 700: Loss_G: 2.0278, Loss_D: 0.0944
Iteration 750: Loss_G: 2.0279, Loss_D: 0.0979
Iteration 800: Loss_G: 2.0341, Loss_D: 0.0981
Iteration 850: Loss_G: 1.9083, Loss_D: 0.1019
Iteration 900: Loss_G: 1.8960, Loss_D: 0.1001
Iteration 950: Loss_G: 2.0175, Loss_D: 0.0948
Iteration 1000: Loss_G: 2.0561, Loss_D: 0.0917
Iteration 1050: Loss_G: 1.9970, Loss_D: 0.0989
Iteration 1100: Loss_G: 2.1702, Loss_D: 0.0834
Iteration 1150: Loss_G: 2.0030, Loss_D: 0.1008
Iteration 1200: Loss_G: 2.0135, Loss_D: 0.0985
Epoch [19/40], Loss_G: 1.6336, Loss_D: 0.0984
Epoch [20/40] starts
Iteration 50: Loss_G: 2.0361, Loss_D: 0.0962
Iteration 100: Loss_G: 2.1868, Loss_D: 0.0943
Iteration 150: Loss_G: 1.9606, Loss_D: 0.0990
Iteration 200: Loss_G: 2.3578, Loss_D: 0.0792
Iteration 250: Loss_G: 2.0285, Loss_D: 0.0970
Iteration 300: Loss_G: 1.9831, Loss_D: 0.0954
Iteration 350: Loss_G: 2.0177, Loss_D: 0.0984
Iteration 400: Loss_G: 2.0345, Loss_D: 0.0959
Iteration 450: Loss_G: 2.0644, Loss_D: 0.0950
Iteration 500: Loss_G: 2.0670, Loss_D: 0.0927
Iteration 550: Loss_G: 1.9937, Loss_D: 0.1000
Iteration 600: Loss_G: 2.0325, Loss_D: 0.0946
Iteration 650: Loss_G: 2.0837, Loss_D: 0.0985
Iteration 700: Loss_G: 2.1750, Loss_D: 0.0786
Iteration 750: Loss_G: 1.8306, Loss_D: 0.1009
Iteration 800: Loss_G: 2.2757, Loss_D: 0.0890
Iteration 850: Loss_G: 2.0397, Loss_D: 0.0963
Iteration 900: Loss_G: 2.0919, Loss_D: 0.0935
Iteration 950: Loss_G: 2.0645, Loss_D: 0.0967
Iteration 1000: Loss_G: 2.1414, Loss_D: 0.0916
Iteration 1050: Loss_G: 2.1520, Loss_D: 0.0841
Iteration 1100: Loss_G: 1.9648, Loss_D: 0.1001
Iteration 1150: Loss_G: 1.9670, Loss_D: 0.0946
Iteration 1200: Loss_G: 1.9365, Loss_D: 0.0964
Epoch [20/40], Loss_G: 1.6878, Loss_D: 0.0941
Epoch [21/40] starts
Iteration 50: Loss_G: 2.0402, Loss_D: 0.0951
Iteration 100: Loss_G: 1.9192, Loss_D: 0.1008
Iteration 150: Loss_G: 1.9687, Loss_D: 0.1012
Iteration 200: Loss_G: 1.8453, Loss_D: 0.1005
Iteration 250: Loss_G: 2.0717, Loss_D: 0.0888
Iteration 300: Loss_G: 2.0708, Loss_D: 0.0894
Iteration 350: Loss_G: 2.1574, Loss_D: 0.0846
Iteration 400: Loss_G: 2.1914, Loss_D: 0.0768
Iteration 450: Loss_G: 1.8204, Loss_D: 0.1075
Iteration 500: Loss_G: 1.8404, Loss_D: 0.1013
Iteration 550: Loss_G: 1.9922, Loss_D: 0.0952
Iteration 600: Loss_G: 2.0688, Loss_D: 0.0929
Iteration 650: Loss_G: 1.9737, Loss_D: 0.0990
Iteration 700: Loss_G: 2.1410, Loss_D: 0.0795
Iteration 750: Loss_G: 2.0517, Loss_D: 0.0980
Iteration 800: Loss_G: 1.9662, Loss_D: 0.0965
Iteration 850: Loss_G: 1.9630, Loss_D: 0.0961
Iteration 900: Loss_G: 2.1622, Loss_D: 0.0868
Iteration 950: Loss_G: 2.0884, Loss_D: 0.0835
Iteration 1000: Loss_G: 1.7734, Loss_D: 0.1059
Iteration 1050: Loss_G: 1.7583, Loss_D: 0.1034
Iteration 1100: Loss_G: 1.8772, Loss_D: 0.1041
Iteration 1150: Loss_G: 1.9548, Loss_D: 0.1018
Iteration 1200: Loss_G: 2.0374, Loss_D: 0.0891
Epoch [21/40], Loss_G: 1.6280, Loss_D: 0.0949
Epoch [22/40] starts
Iteration 50: Loss_G: 2.0980, Loss_D: 0.0881
Iteration 100: Loss_G: 1.9675, Loss_D: 0.0988
Iteration 150: Loss_G: 2.1113, Loss_D: 0.0906
Iteration 200: Loss_G: 2.2074, Loss_D: 0.0744
Iteration 250: Loss_G: 2.2389, Loss_D: 0.0695
Iteration 300: Loss_G: 2.0298, Loss_D: 0.0869
Iteration 350: Loss_G: 2.1903, Loss_D: 0.0754
Iteration 400: Loss_G: 2.0397, Loss_D: 0.1016
Iteration 450: Loss_G: 2.1633, Loss_D: 0.0733
Iteration 500: Loss_G: 2.2576, Loss_D: 0.0712
Iteration 550: Loss_G: 1.9862, Loss_D: 0.0986
Iteration 600: Loss_G: 2.0341, Loss_D: 0.0865
Iteration 650: Loss_G: 1.8249, Loss_D: 0.1010
Iteration 700: Loss_G: 2.0692, Loss_D: 0.1021
Iteration 750: Loss_G: 2.1508, Loss_D: 0.0865
Iteration 800: Loss_G: 1.8443, Loss_D: 0.1003
Iteration 850: Loss_G: 2.1940, Loss_D: 0.0695
Iteration 900: Loss_G: 2.1180, Loss_D: 0.0831
Iteration 950: Loss_G: 1.9833, Loss_D: 0.1004
Iteration 1000: Loss_G: 2.1523, Loss_D: 0.0798
Iteration 1050: Loss_G: 2.0663, Loss_D: 0.0903
Iteration 1100: Loss_G: 1.9414, Loss_D: 0.0961
Iteration 1150: Loss_G: 2.1916, Loss_D: 0.0715
Iteration 1200: Loss_G: 2.2654, Loss_D: 0.0815
Epoch [22/40], Loss_G: 1.7096, Loss_D: 0.0865
Epoch [23/40] starts
Iteration 50: Loss_G: 2.0082, Loss_D: 0.0880
Iteration 100: Loss_G: 2.1176, Loss_D: 0.0742
Iteration 150: Loss_G: 1.9971, Loss_D: 0.0991
Iteration 200: Loss_G: 1.9752, Loss_D: 0.0963
Iteration 250: Loss_G: 1.9537, Loss_D: 0.0932
Iteration 300: Loss_G: 1.9828, Loss_D: 0.0958
Iteration 350: Loss_G: 1.9641, Loss_D: 0.0972
Iteration 400: Loss_G: 2.0767, Loss_D: 0.0814
Iteration 450: Loss_G: 2.0675, Loss_D: 0.0814
Iteration 500: Loss_G: 1.8468, Loss_D: 0.0959
Iteration 550: Loss_G: 2.0197, Loss_D: 0.0934
Iteration 600: Loss_G: 2.0635, Loss_D: 0.0873
Iteration 650: Loss_G: 1.9394, Loss_D: 0.1030
Iteration 700: Loss_G: 1.8530, Loss_D: 0.0999
Iteration 750: Loss_G: 1.9270, Loss_D: 0.0944
Iteration 800: Loss_G: 2.2239, Loss_D: 0.0676
Iteration 850: Loss_G: 1.8681, Loss_D: 0.0991
Iteration 900: Loss_G: 1.9906, Loss_D: 0.0919
Iteration 950: Loss_G: 1.8799, Loss_D: 0.1042
Iteration 1000: Loss_G: 1.8636, Loss_D: 0.1035
Iteration 1050: Loss_G: 1.9865, Loss_D: 0.0943
Iteration 1100: Loss_G: 2.0067, Loss_D: 0.0935
Iteration 1150: Loss_G: 2.1623, Loss_D: 0.0704
Iteration 1200: Loss_G: 2.0311, Loss_D: 0.0915
Epoch [23/40], Loss_G: 1.6305, Loss_D: 0.0915
Epoch [24/40] starts
Iteration 50: Loss_G: 2.0935, Loss_D: 0.0771
Iteration 100: Loss_G: 3.1438, Loss_D: 0.0498
Iteration 150: Loss_G: 2.2761, Loss_D: 0.0826
Iteration 200: Loss_G: 2.5838, Loss_D: 0.0488
Iteration 250: Loss_G: 2.4507, Loss_D: 0.0626
Iteration 300: Loss_G: 2.0170, Loss_D: 0.0972
Iteration 350: Loss_G: 2.1913, Loss_D: 0.0930
Iteration 400: Loss_G: 2.1515, Loss_D: 0.0860
Iteration 450: Loss_G: 2.2342, Loss_D: 0.0696
Iteration 500: Loss_G: 2.3192, Loss_D: 0.0707
Iteration 550: Loss_G: 1.9319, Loss_D: 0.0985
Iteration 600: Loss_G: 1.9682, Loss_D: 0.1016
Iteration 650: Loss_G: 1.9156, Loss_D: 0.0970
Iteration 700: Loss_G: 1.8320, Loss_D: 0.1013
Iteration 750: Loss_G: 2.1224, Loss_D: 0.0791
Iteration 800: Loss_G: 2.0660, Loss_D: 0.0879
Iteration 850: Loss_G: 2.0808, Loss_D: 0.0865
Iteration 900: Loss_G: 2.0537, Loss_D: 0.0938
Iteration 950: Loss_G: 2.0151, Loss_D: 0.0835
Iteration 1000: Loss_G: 2.1198, Loss_D: 0.0846
Iteration 1050: Loss_G: 2.3058, Loss_D: 0.0668
Iteration 1100: Loss_G: 2.1109, Loss_D: 0.0820
Iteration 1150: Loss_G: 2.0213, Loss_D: 0.0957
Iteration 1200: Loss_G: 2.4071, Loss_D: 0.0456
Epoch [24/40], Loss_G: 1.7876, Loss_D: 0.0809
Epoch [25/40] starts
Iteration 50: Loss_G: 2.3576, Loss_D: 0.0540
Iteration 100: Loss_G: 2.0439, Loss_D: 0.0901
Iteration 150: Loss_G: 2.1055, Loss_D: 0.0787
Iteration 200: Loss_G: 2.2562, Loss_D: 0.0592
Iteration 250: Loss_G: 1.9068, Loss_D: 0.0993
Iteration 300: Loss_G: 2.1963, Loss_D: 0.0721
Iteration 350: Loss_G: 2.0243, Loss_D: 0.0877
Iteration 400: Loss_G: 2.3502, Loss_D: 0.0501
Iteration 450: Loss_G: 2.1340, Loss_D: 0.0836
Iteration 500: Loss_G: 1.9994, Loss_D: 0.0954
Iteration 550: Loss_G: 2.0578, Loss_D: 0.0891
Iteration 600: Loss_G: 2.1803, Loss_D: 0.0755
Iteration 650: Loss_G: 2.2179, Loss_D: 0.0658
Iteration 700: Loss_G: 2.2101, Loss_D: 0.0745
Iteration 750: Loss_G: 1.9647, Loss_D: 0.0953
Iteration 800: Loss_G: 2.2400, Loss_D: 0.0672
Iteration 850: Loss_G: 2.3076, Loss_D: 0.0614
Iteration 900: Loss_G: 1.9360, Loss_D: 0.0909
Iteration 950: Loss_G: 1.7322, Loss_D: 0.1050
Iteration 1000: Loss_G: 1.7290, Loss_D: 0.1004
Iteration 1050: Loss_G: 1.9164, Loss_D: 0.1012
Iteration 1100: Loss_G: 2.2085, Loss_D: 0.0748
Iteration 1150: Loss_G: 2.1934, Loss_D: 0.0669
Iteration 1200: Loss_G: 2.2386, Loss_D: 0.0681
Epoch [25/40], Loss_G: 1.7226, Loss_D: 0.0794
Epoch [26/40] starts
Iteration 50: Loss_G: 1.9940, Loss_D: 0.0978
Iteration 100: Loss_G: 2.0002, Loss_D: 0.0981
Iteration 150: Loss_G: 2.2442, Loss_D: 0.0613
Iteration 200: Loss_G: 2.2015, Loss_D: 0.0725
Iteration 250: Loss_G: 1.8742, Loss_D: 0.1015
Iteration 300: Loss_G: 1.8365, Loss_D: 0.1023
Iteration 350: Loss_G: 2.2647, Loss_D: 0.0581
Iteration 400: Loss_G: 2.2870, Loss_D: 0.0631
Iteration 450: Loss_G: 2.3272, Loss_D: 0.0505
Iteration 500: Loss_G: 2.2973, Loss_D: 0.0571
Iteration 550: Loss_G: 2.2562, Loss_D: 0.0585
Iteration 600: Loss_G: 2.2747, Loss_D: 0.0653
Iteration 650: Loss_G: 2.2634, Loss_D: 0.0549
Iteration 700: Loss_G: 2.2652, Loss_D: 0.0569
Iteration 750: Loss_G: 2.2945, Loss_D: 0.0583
Iteration 800: Loss_G: 2.3043, Loss_D: 0.0543
Iteration 850: Loss_G: 2.3068, Loss_D: 0.0483
Iteration 900: Loss_G: 2.2855, Loss_D: 0.0455
Iteration 950: Loss_G: 1.9856, Loss_D: 0.0888
Iteration 1000: Loss_G: 1.7716, Loss_D: 0.1024
Iteration 1050: Loss_G: 2.0504, Loss_D: 0.0886
Iteration 1100: Loss_G: 2.2099, Loss_D: 0.0648
Iteration 1150: Loss_G: 2.3450, Loss_D: 0.0547
Iteration 1200: Loss_G: 2.3683, Loss_D: 0.0561
Epoch [26/40], Loss_G: 1.7840, Loss_D: 0.0692
Epoch [27/40] starts
Iteration 50: Loss_G: 2.6279, Loss_D: 0.0359
Iteration 100: Loss_G: 2.2386, Loss_D: 0.0679
Iteration 150: Loss_G: 2.2429, Loss_D: 0.0667
Iteration 200: Loss_G: 2.3079, Loss_D: 0.0643
Iteration 250: Loss_G: 2.3300, Loss_D: 0.0600
Iteration 300: Loss_G: 2.3277, Loss_D: 0.0502
Iteration 350: Loss_G: 2.2204, Loss_D: 0.0667
Iteration 400: Loss_G: 2.2939, Loss_D: 0.0596
Iteration 450: Loss_G: 2.1011, Loss_D: 0.0796
Iteration 500: Loss_G: 2.2474, Loss_D: 0.0658
Iteration 550: Loss_G: 2.2785, Loss_D: 0.0493
Iteration 600: Loss_G: 2.2453, Loss_D: 0.0664
Iteration 650: Loss_G: 1.8767, Loss_D: 0.0964
Iteration 700: Loss_G: 2.2733, Loss_D: 0.0617
Iteration 750: Loss_G: 2.3240, Loss_D: 0.0520
Iteration 800: Loss_G: 2.1998, Loss_D: 0.0675
Iteration 850: Loss_G: 2.3668, Loss_D: 0.0492
Iteration 900: Loss_G: 2.2427, Loss_D: 0.0602
Iteration 950: Loss_G: 2.3304, Loss_D: 0.0546
Iteration 1000: Loss_G: 2.2418, Loss_D: 0.0533
Iteration 1050: Loss_G: 2.3489, Loss_D: 0.0442
Iteration 1100: Loss_G: 2.3067, Loss_D: 0.0562
Iteration 1150: Loss_G: 2.0696, Loss_D: 0.0922
Iteration 1200: Loss_G: 2.2821, Loss_D: 0.0538
Epoch [27/40], Loss_G: 1.8528, Loss_D: 0.0614
Epoch [28/40] starts
Iteration 50: Loss_G: 2.3082, Loss_D: 0.0493
Iteration 100: Loss_G: 2.2870, Loss_D: 0.0537
Iteration 150: Loss_G: 2.2777, Loss_D: 0.0554
Iteration 200: Loss_G: 2.3296, Loss_D: 0.0592
Iteration 250: Loss_G: 2.3794, Loss_D: 0.0496
Iteration 300: Loss_G: 2.2271, Loss_D: 0.0739
Iteration 350: Loss_G: 2.2910, Loss_D: 0.0554
Iteration 400: Loss_G: 1.9961, Loss_D: 0.0852
Iteration 450: Loss_G: 2.2584, Loss_D: 0.0547
Iteration 500: Loss_G: 2.1496, Loss_D: 0.0649
Iteration 550: Loss_G: 2.3993, Loss_D: 0.0464
Iteration 600: Loss_G: 2.2748, Loss_D: 0.0548
Iteration 650: Loss_G: 2.3164, Loss_D: 0.0453
Iteration 700: Loss_G: 2.3514, Loss_D: 0.0540
Iteration 750: Loss_G: 2.3172, Loss_D: 0.0486
Iteration 800: Loss_G: 2.3683, Loss_D: 0.0481
Iteration 850: Loss_G: 2.3071, Loss_D: 0.0463
Iteration 900: Loss_G: 2.2268, Loss_D: 0.0487
Iteration 950: Loss_G: 2.3104, Loss_D: 0.0486
Iteration 1000: Loss_G: 2.2831, Loss_D: 0.0550
Iteration 1050: Loss_G: 2.3533, Loss_D: 0.0481
Iteration 1100: Loss_G: 2.2658, Loss_D: 0.0574
Iteration 1150: Loss_G: 2.2617, Loss_D: 0.0535
Iteration 1200: Loss_G: 2.2493, Loss_D: 0.0484
Epoch [28/40], Loss_G: 1.8687, Loss_D: 0.0544
Epoch [29/40] starts
Iteration 50: Loss_G: 2.2708, Loss_D: 0.0490
Iteration 100: Loss_G: 2.2996, Loss_D: 0.0478
Iteration 150: Loss_G: 2.2904, Loss_D: 0.0472
Iteration 200: Loss_G: 1.8773, Loss_D: 0.1020
Iteration 250: Loss_G: 1.8601, Loss_D: 0.1015
Iteration 300: Loss_G: 1.9165, Loss_D: 0.0951
Iteration 350: Loss_G: 2.3329, Loss_D: 0.0500
Iteration 400: Loss_G: 2.1861, Loss_D: 0.0726
Iteration 450: Loss_G: 2.0851, Loss_D: 0.0825
Iteration 500: Loss_G: 2.3394, Loss_D: 0.0475
Iteration 550: Loss_G: 2.3192, Loss_D: 0.0479
Iteration 600: Loss_G: 2.3021, Loss_D: 0.0476
Iteration 650: Loss_G: 2.2995, Loss_D: 0.0508
Iteration 700: Loss_G: 2.2822, Loss_D: 0.0501
Iteration 750: Loss_G: 2.2256, Loss_D: 0.0518
Iteration 800: Loss_G: 2.2169, Loss_D: 0.0579
Iteration 850: Loss_G: 2.2532, Loss_D: 0.0600
Iteration 900: Loss_G: 2.6121, Loss_D: 0.0515
Iteration 950: Loss_G: 2.6403, Loss_D: 0.0298
Iteration 1000: Loss_G: 2.3767, Loss_D: 0.0627
Iteration 1050: Loss_G: 2.3610, Loss_D: 0.0451
Iteration 1100: Loss_G: 2.3197, Loss_D: 0.0531
Iteration 1150: Loss_G: 2.1628, Loss_D: 0.0699
Iteration 1200: Loss_G: 1.8749, Loss_D: 0.0988
Epoch [29/40], Loss_G: 1.8317, Loss_D: 0.0613
Epoch [30/40] starts
Iteration 50: Loss_G: 2.1416, Loss_D: 0.0802
Iteration 100: Loss_G: 2.3084, Loss_D: 0.0468
Iteration 150: Loss_G: 2.2978, Loss_D: 0.0478
Iteration 200: Loss_G: 2.1808, Loss_D: 0.0642
Iteration 250: Loss_G: 2.2390, Loss_D: 0.0643
Iteration 300: Loss_G: 2.2872, Loss_D: 0.0460
Iteration 350: Loss_G: 2.3509, Loss_D: 0.0478
Iteration 400: Loss_G: 2.2507, Loss_D: 0.0503
Iteration 450: Loss_G: 2.2682, Loss_D: 0.0538
Iteration 500: Loss_G: 2.1011, Loss_D: 0.0773
Iteration 550: Loss_G: 2.2589, Loss_D: 0.0506
Iteration 600: Loss_G: 2.2011, Loss_D: 0.0553
Iteration 650: Loss_G: 2.2732, Loss_D: 0.0493
Iteration 700: Loss_G: 2.2865, Loss_D: 0.0508
Iteration 750: Loss_G: 2.2515, Loss_D: 0.0462
Iteration 800: Loss_G: 2.2365, Loss_D: 0.0527
Iteration 850: Loss_G: 2.2836, Loss_D: 0.0458
Iteration 900: Loss_G: 2.1919, Loss_D: 0.0589
Iteration 950: Loss_G: 2.1856, Loss_D: 0.0604
Iteration 1000: Loss_G: 2.2607, Loss_D: 0.0589
Iteration 1050: Loss_G: 2.2349, Loss_D: 0.0639
Iteration 1100: Loss_G: 2.2641, Loss_D: 0.0477
Iteration 1150: Loss_G: 2.2390, Loss_D: 0.0675
Iteration 1200: Loss_G: 2.2602, Loss_D: 0.0499
Epoch [30/40], Loss_G: 1.8368, Loss_D: 0.0557
Epoch [31/40] starts
Iteration 50: Loss_G: 2.2274, Loss_D: 0.0531
Iteration 100: Loss_G: 2.1983, Loss_D: 0.0619
Iteration 150: Loss_G: 2.2457, Loss_D: 0.0548
Iteration 200: Loss_G: 2.2956, Loss_D: 0.0518
Iteration 250: Loss_G: 2.1898, Loss_D: 0.0524
Iteration 300: Loss_G: 2.2360, Loss_D: 0.0510
Iteration 350: Loss_G: 2.2610, Loss_D: 0.0464
Iteration 400: Loss_G: 2.1540, Loss_D: 0.0665
Iteration 450: Loss_G: 2.1954, Loss_D: 0.0552
Iteration 500: Loss_G: 1.9919, Loss_D: 0.0770
Iteration 550: Loss_G: 2.2554, Loss_D: 0.0589
Iteration 600: Loss_G: 2.3035, Loss_D: 0.0515
Iteration 650: Loss_G: 2.2350, Loss_D: 0.0516
Iteration 700: Loss_G: 2.1652, Loss_D: 0.0649
Iteration 750: Loss_G: 2.2673, Loss_D: 0.0503
Iteration 800: Loss_G: 1.9346, Loss_D: 0.0893
Iteration 850: Loss_G: 2.2965, Loss_D: 0.0522
Iteration 900: Loss_G: 2.2038, Loss_D: 0.0557
Iteration 950: Loss_G: 2.2908, Loss_D: 0.0473
Iteration 1000: Loss_G: 2.2373, Loss_D: 0.0550
Iteration 1050: Loss_G: 2.2864, Loss_D: 0.0491
Iteration 1100: Loss_G: 2.1884, Loss_D: 0.0566
Iteration 1150: Loss_G: 2.1340, Loss_D: 0.0766
Iteration 1200: Loss_G: 2.2252, Loss_D: 0.0599
Epoch [31/40], Loss_G: 1.8083, Loss_D: 0.0579
Epoch [32/40] starts
Iteration 50: Loss_G: 2.2567, Loss_D: 0.0549
Iteration 100: Loss_G: 2.2808, Loss_D: 0.0500
Iteration 150: Loss_G: 2.2419, Loss_D: 0.0529
Iteration 200: Loss_G: 2.2759, Loss_D: 0.0473
Iteration 250: Loss_G: 2.2583, Loss_D: 0.0477
Iteration 300: Loss_G: 2.3199, Loss_D: 0.0481
Iteration 350: Loss_G: 2.3463, Loss_D: 0.0437
Iteration 400: Loss_G: 2.2539, Loss_D: 0.0486
Iteration 450: Loss_G: 2.1771, Loss_D: 0.0634
Iteration 500: Loss_G: 1.9411, Loss_D: 0.0850
Iteration 550: Loss_G: 2.1484, Loss_D: 0.0695
Iteration 600: Loss_G: 2.1151, Loss_D: 0.0758
Iteration 650: Loss_G: 2.1589, Loss_D: 0.0669
Iteration 700: Loss_G: 2.2597, Loss_D: 0.0533
Iteration 750: Loss_G: 2.0911, Loss_D: 0.0679
Iteration 800: Loss_G: 2.0161, Loss_D: 0.0901
Iteration 850: Loss_G: 2.2208, Loss_D: 0.0514
Iteration 900: Loss_G: 2.2496, Loss_D: 0.0528
Iteration 950: Loss_G: 1.9639, Loss_D: 0.0912
Iteration 1000: Loss_G: 2.2083, Loss_D: 0.0665
Iteration 1050: Loss_G: 2.2392, Loss_D: 0.0575
Iteration 1100: Loss_G: 1.9634, Loss_D: 0.0837
Iteration 1150: Loss_G: 1.8502, Loss_D: 0.0950
Iteration 1200: Loss_G: 2.1630, Loss_D: 0.0641
Epoch [32/40], Loss_G: 1.7735, Loss_D: 0.0636
Epoch [33/40] starts
Iteration 50: Loss_G: 2.2966, Loss_D: 0.0468
Iteration 100: Loss_G: 2.2120, Loss_D: 0.0516
Iteration 150: Loss_G: 3.1233, Loss_D: 0.0277
Iteration 200: Loss_G: 2.6971, Loss_D: 0.0274
Iteration 250: Loss_G: 2.4984, Loss_D: 0.0451
Iteration 300: Loss_G: 2.4185, Loss_D: 0.0439
Iteration 350: Loss_G: 2.3489, Loss_D: 0.0468
Iteration 400: Loss_G: 2.3335, Loss_D: 0.0474
Iteration 450: Loss_G: 2.2503, Loss_D: 0.0448
Iteration 500: Loss_G: 2.3237, Loss_D: 0.0481
Iteration 550: Loss_G: 2.2524, Loss_D: 0.0539
Iteration 600: Loss_G: 2.3156, Loss_D: 0.0483
Iteration 650: Loss_G: 2.2428, Loss_D: 0.0550
Iteration 700: Loss_G: 2.2921, Loss_D: 0.0498
Iteration 750: Loss_G: 2.2998, Loss_D: 0.0457
Iteration 800: Loss_G: 2.2446, Loss_D: 0.0451
Iteration 850: Loss_G: 2.2342, Loss_D: 0.0475
Iteration 900: Loss_G: 2.1731, Loss_D: 0.0624
Iteration 950: Loss_G: 2.1076, Loss_D: 0.0702
Iteration 1000: Loss_G: 1.8476, Loss_D: 0.0950
Iteration 1050: Loss_G: 2.0675, Loss_D: 0.0843
Iteration 1100: Loss_G: 2.2011, Loss_D: 0.0573
Iteration 1150: Loss_G: 2.3051, Loss_D: 0.0520
Iteration 1200: Loss_G: 2.2651, Loss_D: 0.0520
Epoch [33/40], Loss_G: 1.8878, Loss_D: 0.0520
Epoch [34/40] starts
Iteration 50: Loss_G: 2.2612, Loss_D: 0.0542
Iteration 100: Loss_G: 2.2347, Loss_D: 0.0472
Iteration 150: Loss_G: 2.2871, Loss_D: 0.0500
Iteration 200: Loss_G: 2.2969, Loss_D: 0.0491
Iteration 250: Loss_G: 2.2958, Loss_D: 0.0495
Iteration 300: Loss_G: 2.2545, Loss_D: 0.0517
Iteration 350: Loss_G: 2.1634, Loss_D: 0.0618
Iteration 400: Loss_G: 2.2294, Loss_D: 0.0521
Iteration 450: Loss_G: 2.2457, Loss_D: 0.0486
Iteration 500: Loss_G: 2.2551, Loss_D: 0.0490
Iteration 550: Loss_G: 2.1627, Loss_D: 0.0660
Iteration 600: Loss_G: 2.3166, Loss_D: 0.0448
Iteration 650: Loss_G: 2.2198, Loss_D: 0.0528
Iteration 700: Loss_G: 2.2645, Loss_D: 0.0441
Iteration 750: Loss_G: 2.2038, Loss_D: 0.0611
Iteration 800: Loss_G: 1.8135, Loss_D: 0.0960
Iteration 850: Loss_G: 1.7664, Loss_D: 0.0970
Iteration 900: Loss_G: 1.8505, Loss_D: 0.0914
Iteration 950: Loss_G: 2.1607, Loss_D: 0.0676
Iteration 1000: Loss_G: 2.2406, Loss_D: 0.0536
Iteration 1050: Loss_G: 2.3734, Loss_D: 0.0420
Iteration 1100: Loss_G: 2.2748, Loss_D: 0.0469
Iteration 1150: Loss_G: 2.2468, Loss_D: 0.0480
Iteration 1200: Loss_G: 2.2342, Loss_D: 0.0482
Epoch [34/40], Loss_G: 1.7958, Loss_D: 0.0572
Epoch [35/40] starts
Iteration 50: Loss_G: 2.4971, Loss_D: 0.0530
Iteration 100: Loss_G: 2.5028, Loss_D: 0.0405
Iteration 150: Loss_G: 2.3012, Loss_D: 0.0517
Iteration 200: Loss_G: 2.2980, Loss_D: 0.0463
Iteration 250: Loss_G: 2.2118, Loss_D: 0.0581
Iteration 300: Loss_G: 1.9836, Loss_D: 0.0763
Iteration 350: Loss_G: 1.6817, Loss_D: 0.1019
Iteration 400: Loss_G: 1.7684, Loss_D: 0.0948
Iteration 450: Loss_G: 1.7856, Loss_D: 0.0942
Iteration 500: Loss_G: 1.7845, Loss_D: 0.0955
Iteration 550: Loss_G: 1.8276, Loss_D: 0.0940
Iteration 600: Loss_G: 1.8526, Loss_D: 0.0947
Iteration 650: Loss_G: 1.8627, Loss_D: 0.0948
Iteration 700: Loss_G: 1.9253, Loss_D: 0.0916
Iteration 750: Loss_G: 2.2431, Loss_D: 0.0634
Iteration 800: Loss_G: 1.9520, Loss_D: 0.0894
Iteration 850: Loss_G: 2.1056, Loss_D: 0.0702
Iteration 900: Loss_G: 2.2479, Loss_D: 0.0459
Iteration 950: Loss_G: 2.2768, Loss_D: 0.0443
Iteration 1000: Loss_G: 2.2629, Loss_D: 0.0447
Iteration 1050: Loss_G: 2.2635, Loss_D: 0.0453
Iteration 1100: Loss_G: 2.3023, Loss_D: 0.0492
Iteration 1150: Loss_G: 2.2392, Loss_D: 0.0476
Iteration 1200: Loss_G: 2.2052, Loss_D: 0.0483
Epoch [35/40], Loss_G: 1.7183, Loss_D: 0.0682
Epoch [36/40] starts
Iteration 50: Loss_G: 2.1318, Loss_D: 0.0569
Iteration 100: Loss_G: 2.2164, Loss_D: 0.0518
Iteration 150: Loss_G: 2.1448, Loss_D: 0.0574
Iteration 200: Loss_G: 2.2333, Loss_D: 0.0495
Iteration 250: Loss_G: 2.1394, Loss_D: 0.0603
Iteration 300: Loss_G: 1.7094, Loss_D: 0.1004
Iteration 350: Loss_G: 1.7443, Loss_D: 0.0966
Iteration 400: Loss_G: 2.1469, Loss_D: 0.0650
Iteration 450: Loss_G: 2.2611, Loss_D: 0.0480
Iteration 500: Loss_G: 2.2591, Loss_D: 0.0464
Iteration 550: Loss_G: 2.1885, Loss_D: 0.0592
Iteration 600: Loss_G: 2.2045, Loss_D: 0.0627
Iteration 650: Loss_G: 2.2132, Loss_D: 0.0474
Iteration 700: Loss_G: 2.2240, Loss_D: 0.0558
Iteration 750: Loss_G: 2.1906, Loss_D: 0.0575
Iteration 800: Loss_G: 2.2556, Loss_D: 0.0449
Iteration 850: Loss_G: 2.2311, Loss_D: 0.0483
Iteration 900: Loss_G: 2.2187, Loss_D: 0.0500
Iteration 950: Loss_G: 2.2827, Loss_D: 0.0465
Iteration 1000: Loss_G: 2.2010, Loss_D: 0.0457
Iteration 1050: Loss_G: 2.0003, Loss_D: 0.0701
Iteration 1100: Loss_G: 2.0709, Loss_D: 0.0693
Iteration 1150: Loss_G: 2.2661, Loss_D: 0.0489
Iteration 1200: Loss_G: 2.2040, Loss_D: 0.0513
Epoch [36/40], Loss_G: 1.7646, Loss_D: 0.0579
Epoch [37/40] starts
Iteration 50: Loss_G: 2.2288, Loss_D: 0.0524
Iteration 100: Loss_G: 2.0706, Loss_D: 0.0728
Iteration 150: Loss_G: 2.2824, Loss_D: 0.0470
Iteration 200: Loss_G: 2.1967, Loss_D: 0.0478
Iteration 250: Loss_G: 2.1805, Loss_D: 0.0540
Iteration 300: Loss_G: 2.2555, Loss_D: 0.0495
Iteration 350: Loss_G: 2.0111, Loss_D: 0.0791
Iteration 400: Loss_G: 1.7106, Loss_D: 0.0980
Iteration 450: Loss_G: 1.7805, Loss_D: 0.0911
Iteration 500: Loss_G: 2.2120, Loss_D: 0.0587
Iteration 550: Loss_G: 2.1854, Loss_D: 0.0564
Iteration 600: Loss_G: 2.2984, Loss_D: 0.0490
Iteration 650: Loss_G: 2.1300, Loss_D: 0.0682
Iteration 700: Loss_G: 2.3273, Loss_D: 0.0504
Iteration 750: Loss_G: 2.2594, Loss_D: 0.0496
Iteration 800: Loss_G: 2.0751, Loss_D: 0.0725
Iteration 850: Loss_G: 2.2122, Loss_D: 0.0485
Iteration 900: Loss_G: 2.2266, Loss_D: 0.0573
Iteration 950: Loss_G: 2.2327, Loss_D: 0.0527
Iteration 1000: Loss_G: 2.2837, Loss_D: 0.0452
Iteration 1050: Loss_G: 2.1709, Loss_D: 0.0536
Iteration 1100: Loss_G: 2.1708, Loss_D: 0.0534
Iteration 1150: Loss_G: 2.1924, Loss_D: 0.0546
Iteration 1200: Loss_G: 2.2327, Loss_D: 0.0464
Epoch [37/40], Loss_G: 1.7710, Loss_D: 0.0587
Epoch [38/40] starts
Iteration 50: Loss_G: 2.2335, Loss_D: 0.0453
Iteration 100: Loss_G: 2.2073, Loss_D: 0.0536
Iteration 150: Loss_G: 2.2559, Loss_D: 0.0514
Iteration 200: Loss_G: 2.2295, Loss_D: 0.0459
Iteration 250: Loss_G: 2.1715, Loss_D: 0.0490
Iteration 300: Loss_G: 2.2120, Loss_D: 0.0476
Iteration 350: Loss_G: 2.2527, Loss_D: 0.0517
Iteration 400: Loss_G: 2.1708, Loss_D: 0.0710
Iteration 450: Loss_G: 2.2076, Loss_D: 0.0567
Iteration 500: Loss_G: 2.2588, Loss_D: 0.0439
Iteration 550: Loss_G: 2.2177, Loss_D: 0.0527
Iteration 600: Loss_G: 2.2360, Loss_D: 0.0495
Iteration 650: Loss_G: 2.2244, Loss_D: 0.0471
Iteration 700: Loss_G: 2.1764, Loss_D: 0.0526
Iteration 750: Loss_G: 2.1877, Loss_D: 0.0546
Iteration 800: Loss_G: 2.2621, Loss_D: 0.0454
Iteration 850: Loss_G: 2.2084, Loss_D: 0.0465
Iteration 900: Loss_G: 2.1760, Loss_D: 0.0509
Iteration 950: Loss_G: 2.2105, Loss_D: 0.0571
Iteration 1000: Loss_G: 2.1770, Loss_D: 0.0535
Iteration 1050: Loss_G: 2.1596, Loss_D: 0.0496
Iteration 1100: Loss_G: 2.1562, Loss_D: 0.0531
Iteration 1150: Loss_G: 2.2102, Loss_D: 0.0488
Iteration 1200: Loss_G: 2.2689, Loss_D: 0.0452
Epoch [38/40], Loss_G: 1.8101, Loss_D: 0.0510
Epoch [39/40] starts
Iteration 50: Loss_G: 2.2390, Loss_D: 0.0515
Iteration 100: Loss_G: 2.0226, Loss_D: 0.0663
Iteration 150: Loss_G: 2.2450, Loss_D: 0.0491
Iteration 200: Loss_G: 2.2463, Loss_D: 0.0450
Iteration 250: Loss_G: 2.2277, Loss_D: 0.0548
Iteration 300: Loss_G: 2.2116, Loss_D: 0.0515
Iteration 350: Loss_G: 2.1866, Loss_D: 0.0489
Iteration 400: Loss_G: 2.2220, Loss_D: 0.0452
Iteration 450: Loss_G: 2.2316, Loss_D: 0.0512
Iteration 500: Loss_G: 2.2140, Loss_D: 0.0472
Iteration 550: Loss_G: 2.2406, Loss_D: 0.0456
Iteration 600: Loss_G: 2.2808, Loss_D: 0.0457
Iteration 650: Loss_G: 2.1845, Loss_D: 0.0471
Iteration 700: Loss_G: 2.1200, Loss_D: 0.0640
Iteration 750: Loss_G: 1.7391, Loss_D: 0.0981
Iteration 800: Loss_G: 2.7591, Loss_D: 0.0457
Iteration 850: Loss_G: 2.2994, Loss_D: 0.0446
Iteration 900: Loss_G: 2.2013, Loss_D: 0.0508
Iteration 950: Loss_G: 1.9135, Loss_D: 0.0900
Iteration 1000: Loss_G: 1.8593, Loss_D: 0.0940
Iteration 1050: Loss_G: 2.1154, Loss_D: 0.0714
Iteration 1100: Loss_G: 2.2175, Loss_D: 0.0504
Iteration 1150: Loss_G: 2.2297, Loss_D: 0.0468
Iteration 1200: Loss_G: 2.1668, Loss_D: 0.0497
Epoch [39/40], Loss_G: 1.7863, Loss_D: 0.0564
Epoch [40/40] starts
Iteration 50: Loss_G: 2.2105, Loss_D: 0.0492
Iteration 100: Loss_G: 2.2268, Loss_D: 0.0452
Iteration 150: Loss_G: 2.2341, Loss_D: 0.0467
Iteration 200: Loss_G: 2.1234, Loss_D: 0.0595
Iteration 250: Loss_G: 1.7765, Loss_D: 0.1046
Iteration 300: Loss_G: 2.2413, Loss_D: 0.0503
Iteration 350: Loss_G: 2.2604, Loss_D: 0.0475
Iteration 400: Loss_G: 2.2237, Loss_D: 0.0513
Iteration 450: Loss_G: 2.1275, Loss_D: 0.0594
Iteration 500: Loss_G: 2.2281, Loss_D: 0.0516
Iteration 550: Loss_G: 2.2085, Loss_D: 0.0468
Iteration 600: Loss_G: 2.2459, Loss_D: 0.0521
Iteration 650: Loss_G: 2.1350, Loss_D: 0.0655
Iteration 700: Loss_G: 2.1693, Loss_D: 0.0494
Iteration 750: Loss_G: 2.2148, Loss_D: 0.0462
Iteration 800: Loss_G: 2.2655, Loss_D: 0.0450
Iteration 850: Loss_G: 2.1550, Loss_D: 0.0498
Iteration 900: Loss_G: 2.1949, Loss_D: 0.0456
Iteration 950: Loss_G: 2.2353, Loss_D: 0.0459
Iteration 1000: Loss_G: 2.2007, Loss_D: 0.0464
Iteration 1050: Loss_G: 2.1885, Loss_D: 0.0480
Iteration 1100: Loss_G: 2.2103, Loss_D: 0.0456
Iteration 1150: Loss_G: 2.1901, Loss_D: 0.0462
Iteration 1200: Loss_G: 2.2036, Loss_D: 0.0439
Epoch [40/40], Loss_G: 1.7896, Loss_D: 0.0517
The process took 106.45073417425155 minutes to complete.
