nohup: ignoring input
Using downloaded and verified file: ./data/SVHN/raw/train_32x32.mat
Using downloaded and verified file: ./data/SVHN/raw/test_32x32.mat
Using device cuda
Training starts
Epoch [1/40] starts
Iteration 50: Loss_G: 10.0937, Loss_D: 0.0371
Iteration 100: Loss_G: 5.4830, Loss_D: 0.0373
Iteration 150: Loss_G: 3.8103, Loss_D: 0.0501
Iteration 200: Loss_G: 3.4481, Loss_D: 0.0429
Iteration 250: Loss_G: 3.1248, Loss_D: 0.0494
Iteration 300: Loss_G: 3.1427, Loss_D: 0.0454
Iteration 350: Loss_G: 2.9381, Loss_D: 0.0519
Iteration 400: Loss_G: 2.9995, Loss_D: 0.0404
Iteration 450: Loss_G: 2.9054, Loss_D: 0.0502
Iteration 500: Loss_G: 2.9582, Loss_D: 0.0481
Iteration 550: Loss_G: 2.7226, Loss_D: 0.0487
Iteration 600: Loss_G: 2.8355, Loss_D: 0.0434
Iteration 650: Loss_G: 2.7158, Loss_D: 0.0520
Iteration 700: Loss_G: 2.7346, Loss_D: 0.0491
Iteration 750: Loss_G: 2.6765, Loss_D: 0.0528
Iteration 800: Loss_G: 2.7061, Loss_D: 0.0427
Iteration 850: Loss_G: 2.6308, Loss_D: 0.0527
Iteration 900: Loss_G: 2.6384, Loss_D: 0.0483
Iteration 950: Loss_G: 2.6538, Loss_D: 0.0571
Iteration 1000: Loss_G: 2.6493, Loss_D: 0.0476
Iteration 1050: Loss_G: 2.5021, Loss_D: 0.0540
Iteration 1100: Loss_G: 2.5665, Loss_D: 0.0508
Iteration 1150: Loss_G: 2.5814, Loss_D: 0.0563
Iteration 1200: Loss_G: 2.6008, Loss_D: 0.0516
Epoch [1/40], Loss_G: 2.6643, Loss_D: 0.0483
Epoch [2/40] starts
Iteration 50: Loss_G: 2.5436, Loss_D: 0.0549
Iteration 100: Loss_G: 2.5585, Loss_D: 0.0493
Iteration 150: Loss_G: 2.4646, Loss_D: 0.0586
Iteration 200: Loss_G: 2.4862, Loss_D: 0.0511
Iteration 250: Loss_G: 2.5337, Loss_D: 0.0578
Iteration 300: Loss_G: 2.5655, Loss_D: 0.0521
Iteration 350: Loss_G: 2.4481, Loss_D: 0.0566
Iteration 400: Loss_G: 2.5075, Loss_D: 0.0556
Iteration 450: Loss_G: 2.5619, Loss_D: 0.0568
Iteration 500: Loss_G: 2.4711, Loss_D: 0.0518
Iteration 550: Loss_G: 2.6429, Loss_D: 0.0565
Iteration 600: Loss_G: 2.6271, Loss_D: 0.0532
Iteration 650: Loss_G: 2.3947, Loss_D: 0.0577
Iteration 700: Loss_G: 2.4658, Loss_D: 0.0535
Iteration 750: Loss_G: 2.5205, Loss_D: 0.0583
Iteration 800: Loss_G: 2.4402, Loss_D: 0.0538
Iteration 850: Loss_G: 2.4667, Loss_D: 0.0563
Iteration 900: Loss_G: 2.4919, Loss_D: 0.0543
Iteration 950: Loss_G: 2.4037, Loss_D: 0.0544
Iteration 1000: Loss_G: 2.7029, Loss_D: 0.0515
Iteration 1050: Loss_G: 2.7910, Loss_D: 0.0547
Iteration 1100: Loss_G: 2.5227, Loss_D: 0.0507
Iteration 1150: Loss_G: 2.3485, Loss_D: 0.0631
Iteration 1200: Loss_G: 2.2818, Loss_D: 0.0552
Epoch [2/40], Loss_G: 2.0546, Loss_D: 0.0549
Epoch [3/40] starts
Iteration 50: Loss_G: 2.3381, Loss_D: 0.0597
Iteration 100: Loss_G: 2.3058, Loss_D: 0.0537
Iteration 150: Loss_G: 2.3920, Loss_D: 0.0573
Iteration 200: Loss_G: 2.4470, Loss_D: 0.0553
Iteration 250: Loss_G: 2.3762, Loss_D: 0.0566
Iteration 300: Loss_G: 2.3601, Loss_D: 0.0516
Iteration 350: Loss_G: 2.3312, Loss_D: 0.0591
Iteration 400: Loss_G: 2.4082, Loss_D: 0.0564
Iteration 450: Loss_G: 2.4115, Loss_D: 0.0604
Iteration 500: Loss_G: 2.3376, Loss_D: 0.0524
Iteration 550: Loss_G: 2.3882, Loss_D: 0.0594
Iteration 600: Loss_G: 2.3559, Loss_D: 0.0531
Iteration 650: Loss_G: 2.3718, Loss_D: 0.0570
Iteration 700: Loss_G: 2.2265, Loss_D: 0.0553
Iteration 750: Loss_G: 2.2803, Loss_D: 0.0606
Iteration 800: Loss_G: 2.3248, Loss_D: 0.0548
Iteration 850: Loss_G: 2.2162, Loss_D: 0.0585
Iteration 900: Loss_G: 2.3090, Loss_D: 0.0553
Iteration 950: Loss_G: 2.2642, Loss_D: 0.0594
Iteration 1000: Loss_G: 2.5037, Loss_D: 0.0558
Iteration 1050: Loss_G: 2.3498, Loss_D: 0.0605
Iteration 1100: Loss_G: 2.3500, Loss_D: 0.0532
Iteration 1150: Loss_G: 2.1495, Loss_D: 0.0577
Iteration 1200: Loss_G: 2.3192, Loss_D: 0.0562
Epoch [3/40], Loss_G: 1.9139, Loss_D: 0.0566
Epoch [4/40] starts
Iteration 50: Loss_G: 2.1995, Loss_D: 0.0598
Iteration 100: Loss_G: 2.3165, Loss_D: 0.0532
Iteration 150: Loss_G: 2.1641, Loss_D: 0.0584
Iteration 200: Loss_G: 2.1242, Loss_D: 0.0559
Iteration 250: Loss_G: 2.2889, Loss_D: 0.0635
Iteration 300: Loss_G: 2.3937, Loss_D: 0.0534
Iteration 350: Loss_G: 2.1674, Loss_D: 0.0612
Iteration 400: Loss_G: 2.1732, Loss_D: 0.0541
Iteration 450: Loss_G: 2.3097, Loss_D: 0.0585
Iteration 500: Loss_G: 2.1581, Loss_D: 0.0596
Iteration 550: Loss_G: 2.3002, Loss_D: 0.0592
Iteration 600: Loss_G: 2.1931, Loss_D: 0.0557
Iteration 650: Loss_G: 2.3235, Loss_D: 0.0590
Iteration 700: Loss_G: 2.2604, Loss_D: 0.0549
Iteration 750: Loss_G: 2.1806, Loss_D: 0.0608
Iteration 800: Loss_G: 2.3790, Loss_D: 0.0561
Iteration 850: Loss_G: 2.3476, Loss_D: 0.0606
Iteration 900: Loss_G: 2.5132, Loss_D: 0.0507
Iteration 950: Loss_G: 2.4090, Loss_D: 0.0621
Iteration 1000: Loss_G: 3.1738, Loss_D: 0.0325
Iteration 1050: Loss_G: 2.5739, Loss_D: 0.0571
Iteration 1100: Loss_G: 2.4638, Loss_D: 0.0520
Iteration 1150: Loss_G: 2.3825, Loss_D: 0.0586
Iteration 1200: Loss_G: 2.3260, Loss_D: 0.0539
Epoch [4/40], Loss_G: 1.9141, Loss_D: 0.0563
Epoch [5/40] starts
Iteration 50: Loss_G: 2.2909, Loss_D: 0.0575
Iteration 100: Loss_G: 2.3517, Loss_D: 0.0578
Iteration 150: Loss_G: 2.1386, Loss_D: 0.0626
Iteration 200: Loss_G: 2.2639, Loss_D: 0.0544
Iteration 250: Loss_G: 2.3175, Loss_D: 0.0587
Iteration 300: Loss_G: 2.2099, Loss_D: 0.0537
Iteration 350: Loss_G: 2.2165, Loss_D: 0.0595
Iteration 400: Loss_G: 2.3959, Loss_D: 0.0556
Iteration 450: Loss_G: 2.1558, Loss_D: 0.0616
Iteration 500: Loss_G: 2.2440, Loss_D: 0.0536
Iteration 550: Loss_G: 2.3742, Loss_D: 0.0619
Iteration 600: Loss_G: 2.1715, Loss_D: 0.0562
Iteration 650: Loss_G: 2.2084, Loss_D: 0.0600
Iteration 700: Loss_G: 2.2368, Loss_D: 0.0540
Iteration 750: Loss_G: 2.3260, Loss_D: 0.0619
Iteration 800: Loss_G: 2.1289, Loss_D: 0.0564
Iteration 850: Loss_G: 2.1902, Loss_D: 0.0598
Iteration 900: Loss_G: 2.2377, Loss_D: 0.0556
Iteration 950: Loss_G: 2.2248, Loss_D: 0.0627
Iteration 1000: Loss_G: 2.2601, Loss_D: 0.0569
Iteration 1050: Loss_G: 2.1590, Loss_D: 0.0607
Iteration 1100: Loss_G: 2.1995, Loss_D: 0.0537
Iteration 1150: Loss_G: 2.0940, Loss_D: 0.0621
Iteration 1200: Loss_G: 2.1528, Loss_D: 0.0581
Epoch [5/40], Loss_G: 1.8264, Loss_D: 0.0581
Epoch [6/40] starts
Iteration 50: Loss_G: 2.3127, Loss_D: 0.0605
Iteration 100: Loss_G: 2.3851, Loss_D: 0.0555
Iteration 150: Loss_G: 2.2739, Loss_D: 0.0621
Iteration 200: Loss_G: 2.2285, Loss_D: 0.0588
Iteration 250: Loss_G: 2.1577, Loss_D: 0.0607
Iteration 300: Loss_G: 2.2079, Loss_D: 0.0566
Iteration 350: Loss_G: 2.2628, Loss_D: 0.0595
Iteration 400: Loss_G: 2.2528, Loss_D: 0.0562
Iteration 450: Loss_G: 2.2440, Loss_D: 0.0610
Iteration 500: Loss_G: 2.1494, Loss_D: 0.0571
Iteration 550: Loss_G: 2.2086, Loss_D: 0.0589
Iteration 600: Loss_G: 2.2490, Loss_D: 0.0584
Iteration 650: Loss_G: 2.3300, Loss_D: 0.0592
Iteration 700: Loss_G: 2.2631, Loss_D: 0.0555
Iteration 750: Loss_G: 2.0971, Loss_D: 0.0622
Iteration 800: Loss_G: 1.9695, Loss_D: 0.0565
Iteration 850: Loss_G: 2.0826, Loss_D: 0.0638
Iteration 900: Loss_G: 2.3080, Loss_D: 0.0532
Iteration 950: Loss_G: 2.1320, Loss_D: 0.0638
Iteration 1000: Loss_G: 2.1708, Loss_D: 0.0564
Iteration 1050: Loss_G: 2.2025, Loss_D: 0.0616
Iteration 1100: Loss_G: 2.4103, Loss_D: 0.0516
Iteration 1150: Loss_G: 2.2364, Loss_D: 0.0620
Iteration 1200: Loss_G: 2.2015, Loss_D: 0.0552
Epoch [6/40], Loss_G: 1.8191, Loss_D: 0.0586
Epoch [7/40] starts
Iteration 50: Loss_G: 2.2402, Loss_D: 0.0605
Iteration 100: Loss_G: 2.2071, Loss_D: 0.0557
Iteration 150: Loss_G: 2.3107, Loss_D: 0.0609
Iteration 200: Loss_G: 2.1472, Loss_D: 0.0559
Iteration 250: Loss_G: 2.2621, Loss_D: 0.0625
Iteration 300: Loss_G: 2.0677, Loss_D: 0.0591
Iteration 350: Loss_G: 2.1965, Loss_D: 0.0563
Iteration 400: Loss_G: 2.2016, Loss_D: 0.0582
Iteration 450: Loss_G: 2.2386, Loss_D: 0.0620
Iteration 500: Loss_G: 2.2243, Loss_D: 0.0520
Iteration 550: Loss_G: 2.3065, Loss_D: 0.0611
Iteration 600: Loss_G: 2.3261, Loss_D: 0.0515
Iteration 650: Loss_G: 2.1535, Loss_D: 0.0593
Iteration 700: Loss_G: 2.3077, Loss_D: 0.0561
Iteration 750: Loss_G: 2.2200, Loss_D: 0.0538
Iteration 800: Loss_G: 2.3987, Loss_D: 0.0426
Iteration 850: Loss_G: 2.3673, Loss_D: 0.0628
Iteration 900: Loss_G: 2.2413, Loss_D: 0.0552
Iteration 950: Loss_G: 2.3010, Loss_D: 0.0619
Iteration 1000: Loss_G: 2.1846, Loss_D: 0.0535
Iteration 1050: Loss_G: 2.2890, Loss_D: 0.0529
Iteration 1100: Loss_G: 2.3089, Loss_D: 0.0542
Iteration 1150: Loss_G: 2.3285, Loss_D: 0.0599
Iteration 1200: Loss_G: 2.2001, Loss_D: 0.0579
Epoch [7/40], Loss_G: 1.8427, Loss_D: 0.0569
Epoch [8/40] starts
Iteration 50: Loss_G: 2.3082, Loss_D: 0.0562
Iteration 100: Loss_G: 2.2582, Loss_D: 0.0519
Iteration 150: Loss_G: 2.3040, Loss_D: 0.0618
Iteration 200: Loss_G: 2.0840, Loss_D: 0.0589
Iteration 250: Loss_G: 2.2772, Loss_D: 0.0602
Iteration 300: Loss_G: 2.1975, Loss_D: 0.0577
Iteration 350: Loss_G: 2.1361, Loss_D: 0.0584
Iteration 400: Loss_G: 2.1737, Loss_D: 0.0555
Iteration 450: Loss_G: 2.2431, Loss_D: 0.0642
Iteration 500: Loss_G: 2.1256, Loss_D: 0.0573
Iteration 550: Loss_G: 2.1870, Loss_D: 0.0633
Iteration 600: Loss_G: 2.0220, Loss_D: 0.0569
Iteration 650: Loss_G: 2.0866, Loss_D: 0.0665
Iteration 700: Loss_G: 2.2338, Loss_D: 0.0575
Iteration 750: Loss_G: 2.1635, Loss_D: 0.0574
Iteration 800: Loss_G: 2.1736, Loss_D: 0.0517
Iteration 850: Loss_G: 2.1835, Loss_D: 0.0597
Iteration 900: Loss_G: 2.0700, Loss_D: 0.0556
Iteration 950: Loss_G: 2.1001, Loss_D: 0.0633
Iteration 1000: Loss_G: 2.5288, Loss_D: 0.0504
Iteration 1050: Loss_G: 2.4127, Loss_D: 0.0542
Iteration 1100: Loss_G: 2.4828, Loss_D: 0.0503
Iteration 1150: Loss_G: 2.2130, Loss_D: 0.0569
Iteration 1200: Loss_G: 2.1496, Loss_D: 0.0549
Epoch [8/40], Loss_G: 1.8115, Loss_D: 0.0575
Epoch [9/40] starts
Iteration 50: Loss_G: 2.0501, Loss_D: 0.0629
Iteration 100: Loss_G: 2.2886, Loss_D: 0.0496
Iteration 150: Loss_G: 2.1344, Loss_D: 0.0546
Iteration 200: Loss_G: 2.3295, Loss_D: 0.0500
Iteration 250: Loss_G: 2.2955, Loss_D: 0.0488
Iteration 300: Loss_G: 2.1624, Loss_D: 0.0558
Iteration 350: Loss_G: 2.0645, Loss_D: 0.0617
Iteration 400: Loss_G: 2.1025, Loss_D: 0.0537
Iteration 450: Loss_G: 2.1494, Loss_D: 0.0608
Iteration 500: Loss_G: 1.9693, Loss_D: 0.0556
Iteration 550: Loss_G: 2.0864, Loss_D: 0.0592
Iteration 600: Loss_G: 2.0077, Loss_D: 0.0538
Iteration 650: Loss_G: 2.0079, Loss_D: 0.0627
Iteration 700: Loss_G: 1.9998, Loss_D: 0.0565
Iteration 750: Loss_G: 1.9227, Loss_D: 0.0589
Iteration 800: Loss_G: 1.9666, Loss_D: 0.0553
Iteration 850: Loss_G: 2.1856, Loss_D: 0.0586
Iteration 900: Loss_G: 1.9437, Loss_D: 0.0584
Iteration 950: Loss_G: 2.0030, Loss_D: 0.0552
Iteration 1000: Loss_G: 2.0756, Loss_D: 0.0573
Iteration 1050: Loss_G: 1.9774, Loss_D: 0.0633
Iteration 1100: Loss_G: 1.8367, Loss_D: 0.0572
Iteration 1150: Loss_G: 1.9558, Loss_D: 0.0607
Iteration 1200: Loss_G: 2.0879, Loss_D: 0.0501
Epoch [9/40], Loss_G: 1.6918, Loss_D: 0.0567
Epoch [10/40] starts
Iteration 50: Loss_G: 2.2717, Loss_D: 0.0579
Iteration 100: Loss_G: 2.2231, Loss_D: 0.0585
Iteration 150: Loss_G: 2.0931, Loss_D: 0.0641
Iteration 200: Loss_G: 2.0025, Loss_D: 0.0490
Iteration 250: Loss_G: 2.0919, Loss_D: 0.0562
Iteration 300: Loss_G: 2.1278, Loss_D: 0.0514
Iteration 350: Loss_G: 1.9429, Loss_D: 0.0664
Iteration 400: Loss_G: 2.0406, Loss_D: 0.0513
Iteration 450: Loss_G: 2.0067, Loss_D: 0.0529
Iteration 500: Loss_G: 2.1845, Loss_D: 0.0451
Iteration 550: Loss_G: 2.0289, Loss_D: 0.0617
Iteration 600: Loss_G: 1.9293, Loss_D: 0.0554
Iteration 650: Loss_G: 2.0706, Loss_D: 0.0550
Iteration 700: Loss_G: 1.9557, Loss_D: 0.0545
Iteration 750: Loss_G: 2.0335, Loss_D: 0.0661
Iteration 800: Loss_G: 2.0589, Loss_D: 0.0506
Iteration 850: Loss_G: 1.9910, Loss_D: 0.0555
Iteration 900: Loss_G: 1.9167, Loss_D: 0.0550
Iteration 950: Loss_G: 1.9335, Loss_D: 0.0566
Iteration 1000: Loss_G: 2.1390, Loss_D: 0.0408
Iteration 1050: Loss_G: 1.8873, Loss_D: 0.0647
Iteration 1100: Loss_G: 1.9565, Loss_D: 0.0555
Iteration 1150: Loss_G: 1.8277, Loss_D: 0.0649
Iteration 1200: Loss_G: 1.8721, Loss_D: 0.0567
Epoch [10/40], Loss_G: 1.6571, Loss_D: 0.0561
Epoch [11/40] starts
Iteration 50: Loss_G: 2.0233, Loss_D: 0.0517
Iteration 100: Loss_G: 2.0824, Loss_D: 0.0515
Iteration 150: Loss_G: 1.9668, Loss_D: 0.0622
Iteration 200: Loss_G: 1.8984, Loss_D: 0.0551
Iteration 250: Loss_G: 1.9427, Loss_D: 0.0510
Iteration 300: Loss_G: 2.0173, Loss_D: 0.0584
Iteration 350: Loss_G: 1.9489, Loss_D: 0.0580
Iteration 400: Loss_G: 1.9966, Loss_D: 0.0543
Iteration 450: Loss_G: 1.9243, Loss_D: 0.0575
Iteration 500: Loss_G: 1.9046, Loss_D: 0.0503
Iteration 550: Loss_G: 1.9842, Loss_D: 0.0617
Iteration 600: Loss_G: 1.9416, Loss_D: 0.0497
Iteration 650: Loss_G: 1.9287, Loss_D: 0.0586
Iteration 700: Loss_G: 1.9103, Loss_D: 0.0506
Iteration 750: Loss_G: 1.9028, Loss_D: 0.0533
Iteration 800: Loss_G: 2.0594, Loss_D: 0.0501
Iteration 850: Loss_G: 1.8861, Loss_D: 0.0629
Iteration 900: Loss_G: 1.9601, Loss_D: 0.0531
Iteration 950: Loss_G: 1.9089, Loss_D: 0.0538
Iteration 1000: Loss_G: 1.9148, Loss_D: 0.0546
Iteration 1050: Loss_G: 1.9162, Loss_D: 0.0601
Iteration 1100: Loss_G: 1.9696, Loss_D: 0.0515
Iteration 1150: Loss_G: 1.7665, Loss_D: 0.0697
Iteration 1200: Loss_G: 1.8687, Loss_D: 0.0586
Epoch [11/40], Loss_G: 1.5901, Loss_D: 0.0558
Epoch [12/40] starts
Iteration 50: Loss_G: 1.8252, Loss_D: 0.0613
Iteration 100: Loss_G: 1.9467, Loss_D: 0.0455
Iteration 150: Loss_G: 1.9929, Loss_D: 0.0522
Iteration 200: Loss_G: 1.9979, Loss_D: 0.0532
Iteration 250: Loss_G: 2.0515, Loss_D: 0.0479
Iteration 300: Loss_G: 1.9774, Loss_D: 0.0557
Iteration 350: Loss_G: 2.0622, Loss_D: 0.0561
Iteration 400: Loss_G: 1.7174, Loss_D: 0.0589
Iteration 450: Loss_G: 1.7871, Loss_D: 0.0585
Iteration 500: Loss_G: 1.9899, Loss_D: 0.0498
Iteration 550: Loss_G: 2.0041, Loss_D: 0.0550
Iteration 600: Loss_G: 1.8734, Loss_D: 0.0610
Iteration 650: Loss_G: 1.8780, Loss_D: 0.0574
Iteration 700: Loss_G: 1.8051, Loss_D: 0.0516
Iteration 750: Loss_G: 1.8064, Loss_D: 0.0636
Iteration 800: Loss_G: 1.7610, Loss_D: 0.0583
Iteration 850: Loss_G: 1.8432, Loss_D: 0.0588
Iteration 900: Loss_G: 1.9634, Loss_D: 0.0451
Iteration 950: Loss_G: 2.0024, Loss_D: 0.0486
Iteration 1000: Loss_G: 1.8628, Loss_D: 0.0616
Iteration 1050: Loss_G: 1.9792, Loss_D: 0.0475
Iteration 1100: Loss_G: 1.9179, Loss_D: 0.0441
Iteration 1150: Loss_G: 2.0488, Loss_D: 0.0565
Iteration 1200: Loss_G: 1.9058, Loss_D: 0.0496
Epoch [12/40], Loss_G: 1.5689, Loss_D: 0.0541
Epoch [13/40] starts
Iteration 50: Loss_G: 1.9130, Loss_D: 0.0582
Iteration 100: Loss_G: 1.9004, Loss_D: 0.0547
Iteration 150: Loss_G: 1.8509, Loss_D: 0.0639
Iteration 200: Loss_G: 1.8781, Loss_D: 0.0484
Iteration 250: Loss_G: 1.8970, Loss_D: 0.0526
Iteration 300: Loss_G: 1.9665, Loss_D: 0.0490
Iteration 350: Loss_G: 2.0061, Loss_D: 0.0496
Iteration 400: Loss_G: 2.0317, Loss_D: 0.0432
Iteration 450: Loss_G: 2.0173, Loss_D: 0.0516
Iteration 500: Loss_G: 1.9713, Loss_D: 0.0496
Iteration 550: Loss_G: 1.9808, Loss_D: 0.0555
Iteration 600: Loss_G: 1.8513, Loss_D: 0.0537
Iteration 650: Loss_G: 2.0127, Loss_D: 0.0475
Iteration 700: Loss_G: 1.9312, Loss_D: 0.0495
Iteration 750: Loss_G: 1.8983, Loss_D: 0.0585
Iteration 800: Loss_G: 1.8796, Loss_D: 0.0510
Iteration 850: Loss_G: 1.9690, Loss_D: 0.0556
Iteration 900: Loss_G: 1.6262, Loss_D: 0.0648
Iteration 950: Loss_G: 1.8045, Loss_D: 0.0557
Iteration 1000: Loss_G: 1.8678, Loss_D: 0.0499
Iteration 1050: Loss_G: 1.8636, Loss_D: 0.0577
Iteration 1100: Loss_G: 1.7373, Loss_D: 0.0529
Iteration 1150: Loss_G: 1.8716, Loss_D: 0.0572
Iteration 1200: Loss_G: 1.9221, Loss_D: 0.0519
Epoch [13/40], Loss_G: 1.5569, Loss_D: 0.0534
Epoch [14/40] starts
Iteration 50: Loss_G: 1.9383, Loss_D: 0.0543
Iteration 100: Loss_G: 1.9236, Loss_D: 0.0599
Iteration 150: Loss_G: 1.7893, Loss_D: 0.0610
Iteration 200: Loss_G: 1.8666, Loss_D: 0.0461
Iteration 250: Loss_G: 1.9449, Loss_D: 0.0559
Iteration 300: Loss_G: 1.9855, Loss_D: 0.0398
Iteration 350: Loss_G: 1.8147, Loss_D: 0.0549
Iteration 400: Loss_G: 1.9521, Loss_D: 0.0443
Iteration 450: Loss_G: 1.8875, Loss_D: 0.0514
Iteration 500: Loss_G: 1.9039, Loss_D: 0.0478
Iteration 550: Loss_G: 1.9207, Loss_D: 0.0501
Iteration 600: Loss_G: 1.8849, Loss_D: 0.0481
Iteration 650: Loss_G: 1.8490, Loss_D: 0.0591
Iteration 700: Loss_G: 1.9110, Loss_D: 0.0518
Iteration 750: Loss_G: 2.0396, Loss_D: 0.0517
Iteration 800: Loss_G: 1.8866, Loss_D: 0.0497
Iteration 850: Loss_G: 1.8912, Loss_D: 0.0523
Iteration 900: Loss_G: 1.8187, Loss_D: 0.0591
Iteration 950: Loss_G: 1.8845, Loss_D: 0.0581
Iteration 1000: Loss_G: 1.8800, Loss_D: 0.0555
Iteration 1050: Loss_G: 1.8951, Loss_D: 0.0552
Iteration 1100: Loss_G: 1.8537, Loss_D: 0.0558
Iteration 1150: Loss_G: 1.8664, Loss_D: 0.0569
Iteration 1200: Loss_G: 1.8501, Loss_D: 0.0580
Epoch [14/40], Loss_G: 1.5497, Loss_D: 0.0532
Epoch [15/40] starts
Iteration 50: Loss_G: 1.9020, Loss_D: 0.0558
Iteration 100: Loss_G: 1.7902, Loss_D: 0.0493
Iteration 150: Loss_G: 1.7386, Loss_D: 0.0576
Iteration 200: Loss_G: 1.8047, Loss_D: 0.0582
Iteration 250: Loss_G: 1.8079, Loss_D: 0.0519
Iteration 300: Loss_G: 1.8937, Loss_D: 0.0593
Iteration 350: Loss_G: 1.8398, Loss_D: 0.0677
Iteration 400: Loss_G: 1.8146, Loss_D: 0.0549
Iteration 450: Loss_G: 1.7673, Loss_D: 0.0570
Iteration 500: Loss_G: 1.8659, Loss_D: 0.0519
Iteration 550: Loss_G: 1.8193, Loss_D: 0.0529
Iteration 600: Loss_G: 1.8182, Loss_D: 0.0553
Iteration 650: Loss_G: 1.8425, Loss_D: 0.0517
Iteration 700: Loss_G: 1.9366, Loss_D: 0.0515
Iteration 750: Loss_G: 1.8755, Loss_D: 0.0598
Iteration 800: Loss_G: 1.9169, Loss_D: 0.0468
Iteration 850: Loss_G: 1.9258, Loss_D: 0.0536
Iteration 900: Loss_G: 1.7971, Loss_D: 0.0595
Iteration 950: Loss_G: 1.8365, Loss_D: 0.0558
Iteration 1000: Loss_G: 1.7923, Loss_D: 0.0603
Iteration 1050: Loss_G: 1.8334, Loss_D: 0.0610
Iteration 1100: Loss_G: 1.7244, Loss_D: 0.0505
Iteration 1150: Loss_G: 1.8470, Loss_D: 0.0564
Iteration 1200: Loss_G: 1.8303, Loss_D: 0.0523
Epoch [15/40], Loss_G: 1.5014, Loss_D: 0.0555
Epoch [16/40] starts
Iteration 50: Loss_G: 1.7534, Loss_D: 0.0526
Iteration 100: Loss_G: 1.8263, Loss_D: 0.0504
Iteration 150: Loss_G: 1.7326, Loss_D: 0.0625
Iteration 200: Loss_G: 1.7864, Loss_D: 0.0517
Iteration 250: Loss_G: 1.8781, Loss_D: 0.0590
Iteration 300: Loss_G: 1.8308, Loss_D: 0.0550
Iteration 350: Loss_G: 1.8194, Loss_D: 0.0564
Iteration 400: Loss_G: 1.6837, Loss_D: 0.0557
Iteration 450: Loss_G: 1.7312, Loss_D: 0.0671
Iteration 500: Loss_G: 1.7722, Loss_D: 0.0498
Iteration 550: Loss_G: 1.7602, Loss_D: 0.0537
Iteration 600: Loss_G: 1.9339, Loss_D: 0.0522
Iteration 650: Loss_G: 1.6587, Loss_D: 0.0645
Iteration 700: Loss_G: 1.8167, Loss_D: 0.0479
Iteration 750: Loss_G: 1.8534, Loss_D: 0.0544
Iteration 800: Loss_G: 1.8760, Loss_D: 0.0500
Iteration 850: Loss_G: 3.2802, Loss_D: 0.0311
Iteration 900: Loss_G: 2.5483, Loss_D: 0.0348
Iteration 950: Loss_G: 2.1786, Loss_D: 0.0495
Iteration 1000: Loss_G: 2.0298, Loss_D: 0.0519
Iteration 1050: Loss_G: 1.9173, Loss_D: 0.0501
Iteration 1100: Loss_G: 2.0409, Loss_D: 0.0457
Iteration 1150: Loss_G: 1.9880, Loss_D: 0.0511
Iteration 1200: Loss_G: 1.8983, Loss_D: 0.0547
Epoch [16/40], Loss_G: 1.5892, Loss_D: 0.0522
Epoch [17/40] starts
Iteration 50: Loss_G: 1.8784, Loss_D: 0.0558
Iteration 100: Loss_G: 1.6968, Loss_D: 0.0587
Iteration 150: Loss_G: 1.9110, Loss_D: 0.0455
Iteration 200: Loss_G: 1.9813, Loss_D: 0.0426
Iteration 250: Loss_G: 1.9035, Loss_D: 0.0524
Iteration 300: Loss_G: 1.9601, Loss_D: 0.0504
Iteration 350: Loss_G: 1.9590, Loss_D: 0.0503
Iteration 400: Loss_G: 1.7419, Loss_D: 0.0662
Iteration 450: Loss_G: 1.7051, Loss_D: 0.0647
Iteration 500: Loss_G: 1.6779, Loss_D: 0.0585
Iteration 550: Loss_G: 1.6448, Loss_D: 0.0583
Iteration 600: Loss_G: 1.6337, Loss_D: 0.0561
Iteration 650: Loss_G: 1.6776, Loss_D: 0.0575
Iteration 700: Loss_G: 1.7411, Loss_D: 0.0487
Iteration 750: Loss_G: 1.8800, Loss_D: 0.0497
Iteration 800: Loss_G: 1.8722, Loss_D: 0.0552
Iteration 850: Loss_G: 1.8096, Loss_D: 0.0565
Iteration 900: Loss_G: 1.7488, Loss_D: 0.0527
Iteration 950: Loss_G: 1.7776, Loss_D: 0.0580
Iteration 1000: Loss_G: 1.8395, Loss_D: 0.0503
Iteration 1050: Loss_G: 1.7346, Loss_D: 0.0601
Iteration 1100: Loss_G: 1.7573, Loss_D: 0.0484
Iteration 1150: Loss_G: 1.8123, Loss_D: 0.0550
Iteration 1200: Loss_G: 1.8779, Loss_D: 0.0481
Epoch [17/40], Loss_G: 1.4741, Loss_D: 0.0542
Epoch [18/40] starts
Iteration 50: Loss_G: 1.7687, Loss_D: 0.0612
Iteration 100: Loss_G: 1.8525, Loss_D: 0.0494
Iteration 150: Loss_G: 1.7325, Loss_D: 0.0661
Iteration 200: Loss_G: 1.8439, Loss_D: 0.0488
Iteration 250: Loss_G: 1.6985, Loss_D: 0.0624
Iteration 300: Loss_G: 1.6560, Loss_D: 0.0528
Iteration 350: Loss_G: 1.8037, Loss_D: 0.0564
Iteration 400: Loss_G: 1.7932, Loss_D: 0.0474
Iteration 450: Loss_G: 1.7606, Loss_D: 0.0600
Iteration 500: Loss_G: 1.7555, Loss_D: 0.0528
Iteration 550: Loss_G: 1.7622, Loss_D: 0.0559
Iteration 600: Loss_G: 1.7453, Loss_D: 0.0554
Iteration 650: Loss_G: 1.7986, Loss_D: 0.0582
Iteration 700: Loss_G: 1.7002, Loss_D: 0.0573
Iteration 750: Loss_G: 1.7394, Loss_D: 0.0551
Iteration 800: Loss_G: 1.8213, Loss_D: 0.0540
Iteration 850: Loss_G: 1.7117, Loss_D: 0.0634
Iteration 900: Loss_G: 1.7689, Loss_D: 0.0522
Iteration 950: Loss_G: 1.6503, Loss_D: 0.0583
Iteration 1000: Loss_G: 1.7330, Loss_D: 0.0535
Iteration 1050: Loss_G: 1.6889, Loss_D: 0.0638
Iteration 1100: Loss_G: 1.7088, Loss_D: 0.0539
Iteration 1150: Loss_G: 1.7379, Loss_D: 0.0546
Iteration 1200: Loss_G: 1.7102, Loss_D: 0.0543
Epoch [18/40], Loss_G: 1.4305, Loss_D: 0.0561
Epoch [19/40] starts
Iteration 50: Loss_G: 1.7752, Loss_D: 0.0580
Iteration 100: Loss_G: 1.8677, Loss_D: 0.0492
Iteration 150: Loss_G: 1.8227, Loss_D: 0.0524
Iteration 200: Loss_G: 1.9879, Loss_D: 0.0403
Iteration 250: Loss_G: 1.8756, Loss_D: 0.0541
Iteration 300: Loss_G: 1.8685, Loss_D: 0.0497
Iteration 350: Loss_G: 1.8353, Loss_D: 0.0439
Iteration 400: Loss_G: 1.8205, Loss_D: 0.0557
Iteration 450: Loss_G: 1.8620, Loss_D: 0.0574
Iteration 500: Loss_G: 1.8717, Loss_D: 0.0491
Iteration 550: Loss_G: 1.8970, Loss_D: 0.0606
Iteration 600: Loss_G: 1.8259, Loss_D: 0.0461
Iteration 650: Loss_G: 1.8062, Loss_D: 0.0515
Iteration 700: Loss_G: 1.7142, Loss_D: 0.0587
Iteration 750: Loss_G: 1.8275, Loss_D: 0.0476
Iteration 800: Loss_G: 1.8397, Loss_D: 0.0498
Iteration 850: Loss_G: 1.7670, Loss_D: 0.0599
Iteration 900: Loss_G: 1.7237, Loss_D: 0.0556
Iteration 950: Loss_G: 1.7647, Loss_D: 0.0597
Iteration 1000: Loss_G: 1.7357, Loss_D: 0.0508
Iteration 1050: Loss_G: 1.7939, Loss_D: 0.0534
Iteration 1100: Loss_G: 1.8081, Loss_D: 0.0498
Iteration 1150: Loss_G: 1.6906, Loss_D: 0.0688
Iteration 1200: Loss_G: 1.7583, Loss_D: 0.0549
Epoch [19/40], Loss_G: 1.4850, Loss_D: 0.0532
Epoch [20/40] starts
Iteration 50: Loss_G: 1.7835, Loss_D: 0.0570
Iteration 100: Loss_G: 1.8398, Loss_D: 0.0467
Iteration 150: Loss_G: 1.8577, Loss_D: 0.0543
Iteration 200: Loss_G: 1.8011, Loss_D: 0.0536
Iteration 250: Loss_G: 1.7938, Loss_D: 0.0496
Iteration 300: Loss_G: 1.8948, Loss_D: 0.0516
Iteration 350: Loss_G: 1.8008, Loss_D: 0.0586
Iteration 400: Loss_G: 1.8294, Loss_D: 0.0525
Iteration 450: Loss_G: 1.8690, Loss_D: 0.0461
Iteration 500: Loss_G: 1.8872, Loss_D: 0.0409
Iteration 550: Loss_G: 1.8975, Loss_D: 0.0519
Iteration 600: Loss_G: 1.9103, Loss_D: 0.0473
Iteration 650: Loss_G: 1.7911, Loss_D: 0.0528
Iteration 700: Loss_G: 1.9598, Loss_D: 0.0457
Iteration 750: Loss_G: 1.7854, Loss_D: 0.0568
Iteration 800: Loss_G: 1.7602, Loss_D: 0.0640
Iteration 850: Loss_G: 1.8014, Loss_D: 0.0486
Iteration 900: Loss_G: 2.2915, Loss_D: 0.0404
Iteration 950: Loss_G: 1.9127, Loss_D: 0.0603
Iteration 1000: Loss_G: 1.9086, Loss_D: 0.0467
Iteration 1050: Loss_G: 1.8364, Loss_D: 0.0611
Iteration 1100: Loss_G: 1.7915, Loss_D: 0.0597
Iteration 1150: Loss_G: 1.6467, Loss_D: 0.0648
Iteration 1200: Loss_G: 1.6512, Loss_D: 0.0584
Epoch [20/40], Loss_G: 1.5110, Loss_D: 0.0529
Epoch [21/40] starts
Iteration 50: Loss_G: 1.7297, Loss_D: 0.0588
Iteration 100: Loss_G: 1.6442, Loss_D: 0.0547
Iteration 150: Loss_G: 1.7452, Loss_D: 0.0588
Iteration 200: Loss_G: 1.7523, Loss_D: 0.0625
Iteration 250: Loss_G: 1.6756, Loss_D: 0.0583
Iteration 300: Loss_G: 1.6414, Loss_D: 0.0622
Iteration 350: Loss_G: 1.5478, Loss_D: 0.0622
Iteration 400: Loss_G: 1.6434, Loss_D: 0.0516
Iteration 450: Loss_G: 1.7380, Loss_D: 0.0601
Iteration 500: Loss_G: 1.6753, Loss_D: 0.0589
Iteration 550: Loss_G: 1.6321, Loss_D: 0.0597
Iteration 600: Loss_G: 1.6618, Loss_D: 0.0495
Iteration 650: Loss_G: 1.7493, Loss_D: 0.0566
Iteration 700: Loss_G: 1.7800, Loss_D: 0.0455
Iteration 750: Loss_G: 1.9075, Loss_D: 0.0463
Iteration 800: Loss_G: 1.9702, Loss_D: 0.0312
Iteration 850: Loss_G: 1.9789, Loss_D: 0.0329
Iteration 900: Loss_G: 1.7570, Loss_D: 0.0520
Iteration 950: Loss_G: 1.7327, Loss_D: 0.0577
Iteration 1000: Loss_G: 1.8762, Loss_D: 0.0480
Iteration 1050: Loss_G: 1.8710, Loss_D: 0.0574
Iteration 1100: Loss_G: 1.7764, Loss_D: 0.0463
Iteration 1150: Loss_G: 1.7396, Loss_D: 0.0579
Iteration 1200: Loss_G: 1.7895, Loss_D: 0.0543
Epoch [21/40], Loss_G: 1.4330, Loss_D: 0.0535
Epoch [22/40] starts
Iteration 50: Loss_G: 1.7085, Loss_D: 0.0588
Iteration 100: Loss_G: 1.7740, Loss_D: 0.0621
Iteration 150: Loss_G: 1.7120, Loss_D: 0.0537
Iteration 200: Loss_G: 1.6985, Loss_D: 0.0553
Iteration 250: Loss_G: 1.6569, Loss_D: 0.0598
Iteration 300: Loss_G: 1.6972, Loss_D: 0.0435
Iteration 350: Loss_G: 1.6789, Loss_D: 0.0594
Iteration 400: Loss_G: 1.6298, Loss_D: 0.0618
Iteration 450: Loss_G: 1.6869, Loss_D: 0.0621
Iteration 500: Loss_G: 1.6934, Loss_D: 0.0551
Iteration 550: Loss_G: 1.7181, Loss_D: 0.0583
Iteration 600: Loss_G: 1.7893, Loss_D: 0.0530
Iteration 650: Loss_G: 1.6749, Loss_D: 0.0547
Iteration 700: Loss_G: 1.6815, Loss_D: 0.0580
Iteration 750: Loss_G: 1.6552, Loss_D: 0.0668
Iteration 800: Loss_G: 1.6905, Loss_D: 0.0551
Iteration 850: Loss_G: 1.7645, Loss_D: 0.0470
Iteration 900: Loss_G: 1.7965, Loss_D: 0.0498
Iteration 950: Loss_G: 1.7921, Loss_D: 0.0567
Iteration 1000: Loss_G: 1.7400, Loss_D: 0.0530
Iteration 1050: Loss_G: 1.8127, Loss_D: 0.0513
Iteration 1100: Loss_G: 1.7701, Loss_D: 0.0473
Iteration 1150: Loss_G: 1.7740, Loss_D: 0.0542
Iteration 1200: Loss_G: 1.8506, Loss_D: 0.0458
Epoch [22/40], Loss_G: 1.4136, Loss_D: 0.0551
Epoch [23/40] starts
Iteration 50: Loss_G: 1.8481, Loss_D: 0.0522
Iteration 100: Loss_G: 1.8873, Loss_D: 0.0403
Iteration 150: Loss_G: 1.7699, Loss_D: 0.0518
Iteration 200: Loss_G: 1.8142, Loss_D: 0.0427
Iteration 250: Loss_G: 1.9483, Loss_D: 0.0461
Iteration 300: Loss_G: 1.7160, Loss_D: 0.0594
Iteration 350: Loss_G: 1.7183, Loss_D: 0.0599
Iteration 400: Loss_G: 1.6910, Loss_D: 0.0497
Iteration 450: Loss_G: 1.7032, Loss_D: 0.0581
Iteration 500: Loss_G: 1.7305, Loss_D: 0.0480
Iteration 550: Loss_G: 1.7839, Loss_D: 0.0652
Iteration 600: Loss_G: 1.6583, Loss_D: 0.0595
Iteration 650: Loss_G: 1.6185, Loss_D: 0.0539
Iteration 700: Loss_G: 1.7394, Loss_D: 0.0535
Iteration 750: Loss_G: 1.5970, Loss_D: 0.0617
Iteration 800: Loss_G: 1.6364, Loss_D: 0.0512
Iteration 850: Loss_G: 1.5795, Loss_D: 0.0623
Iteration 900: Loss_G: 1.6442, Loss_D: 0.0559
Iteration 950: Loss_G: 1.6808, Loss_D: 0.0581
Iteration 1000: Loss_G: 1.7316, Loss_D: 0.0529
Iteration 1050: Loss_G: 1.7981, Loss_D: 0.0556
Iteration 1100: Loss_G: 1.7187, Loss_D: 0.0573
Iteration 1150: Loss_G: 1.6269, Loss_D: 0.0673
Iteration 1200: Loss_G: 1.6731, Loss_D: 0.0485
Epoch [23/40], Loss_G: 1.4090, Loss_D: 0.0546
Epoch [24/40] starts
Iteration 50: Loss_G: 1.7863, Loss_D: 0.0519
Iteration 100: Loss_G: 1.7595, Loss_D: 0.0572
Iteration 150: Loss_G: 1.7089, Loss_D: 0.0586
Iteration 200: Loss_G: 1.7493, Loss_D: 0.0522
Iteration 250: Loss_G: 1.7063, Loss_D: 0.0615
Iteration 300: Loss_G: 1.6647, Loss_D: 0.0583
Iteration 350: Loss_G: 1.7483, Loss_D: 0.0579
Iteration 400: Loss_G: 1.7702, Loss_D: 0.0477
Iteration 450: Loss_G: 1.6003, Loss_D: 0.0640
Iteration 500: Loss_G: 1.6006, Loss_D: 0.0594
Iteration 550: Loss_G: 1.5225, Loss_D: 0.0646
Iteration 600: Loss_G: 1.4707, Loss_D: 0.0579
Iteration 650: Loss_G: 1.5734, Loss_D: 0.0540
Iteration 700: Loss_G: 1.6153, Loss_D: 0.0584
Iteration 750: Loss_G: 1.7245, Loss_D: 0.0527
Iteration 800: Loss_G: 1.6939, Loss_D: 0.0536
Iteration 850: Loss_G: 1.6555, Loss_D: 0.0537
Iteration 900: Loss_G: 1.7792, Loss_D: 0.0471
Iteration 950: Loss_G: 1.7599, Loss_D: 0.0597
Iteration 1000: Loss_G: 1.7700, Loss_D: 0.0448
Iteration 1050: Loss_G: 1.8020, Loss_D: 0.0574
Iteration 1100: Loss_G: 1.6695, Loss_D: 0.0590
Iteration 1150: Loss_G: 1.5615, Loss_D: 0.0665
Iteration 1200: Loss_G: 1.6328, Loss_D: 0.0537
Epoch [24/40], Loss_G: 1.3753, Loss_D: 0.0563
Epoch [25/40] starts
Iteration 50: Loss_G: 1.4928, Loss_D: 0.0677
Iteration 100: Loss_G: 1.5118, Loss_D: 0.0560
Iteration 150: Loss_G: 1.5615, Loss_D: 0.0637
Iteration 200: Loss_G: 1.6565, Loss_D: 0.0491
Iteration 250: Loss_G: 1.6320, Loss_D: 0.0582
Iteration 300: Loss_G: 1.6249, Loss_D: 0.0556
Iteration 350: Loss_G: 1.5735, Loss_D: 0.0551
Iteration 400: Loss_G: 1.6437, Loss_D: 0.0517
Iteration 450: Loss_G: 1.4838, Loss_D: 0.0643
Iteration 500: Loss_G: 1.5967, Loss_D: 0.0533
Iteration 550: Loss_G: 1.5906, Loss_D: 0.0622
Iteration 600: Loss_G: 1.5692, Loss_D: 0.0548
Iteration 650: Loss_G: 1.5862, Loss_D: 0.0621
Iteration 700: Loss_G: 1.5242, Loss_D: 0.0603
Iteration 750: Loss_G: 1.5225, Loss_D: 0.0601
Iteration 800: Loss_G: 1.6017, Loss_D: 0.0543
Iteration 850: Loss_G: 1.5269, Loss_D: 0.0615
Iteration 900: Loss_G: 1.6489, Loss_D: 0.0510
Iteration 950: Loss_G: 1.6245, Loss_D: 0.0605
Iteration 1000: Loss_G: 1.6167, Loss_D: 0.0596
Iteration 1050: Loss_G: 1.7060, Loss_D: 0.0624
Iteration 1100: Loss_G: 1.6265, Loss_D: 0.0478
Iteration 1150: Loss_G: 1.7696, Loss_D: 0.0503
Iteration 1200: Loss_G: 1.7016, Loss_D: 0.0514
Epoch [25/40], Loss_G: 1.3094, Loss_D: 0.0572
Epoch [26/40] starts
Iteration 50: Loss_G: 1.7320, Loss_D: 0.0564
Iteration 100: Loss_G: 1.5926, Loss_D: 0.0618
Iteration 150: Loss_G: 1.5479, Loss_D: 0.0616
Iteration 200: Loss_G: 1.5335, Loss_D: 0.0540
Iteration 250: Loss_G: 1.6349, Loss_D: 0.0598
Iteration 300: Loss_G: 1.5755, Loss_D: 0.0589
Iteration 350: Loss_G: 1.5438, Loss_D: 0.0676
Iteration 400: Loss_G: 1.5658, Loss_D: 0.0567
Iteration 450: Loss_G: 1.5612, Loss_D: 0.0584
Iteration 500: Loss_G: 1.5838, Loss_D: 0.0535
Iteration 550: Loss_G: 1.5043, Loss_D: 0.0604
Iteration 600: Loss_G: 1.5601, Loss_D: 0.0504
Iteration 650: Loss_G: 1.6008, Loss_D: 0.0580
Iteration 700: Loss_G: 2.1085, Loss_D: 0.0503
Iteration 750: Loss_G: 3.1363, Loss_D: 0.0192
Iteration 800: Loss_G: 2.4839, Loss_D: 0.0288
Iteration 850: Loss_G: 2.3655, Loss_D: 0.0465
Iteration 900: Loss_G: 2.0781, Loss_D: 0.0469
Iteration 950: Loss_G: 1.9701, Loss_D: 0.0480
Iteration 1000: Loss_G: 1.9442, Loss_D: 0.0476
Iteration 1050: Loss_G: 1.8430, Loss_D: 0.0655
Iteration 1100: Loss_G: 1.8617, Loss_D: 0.0456
Iteration 1150: Loss_G: 1.9254, Loss_D: 0.0503
Iteration 1200: Loss_G: 1.9079, Loss_D: 0.0487
Epoch [26/40], Loss_G: 1.5062, Loss_D: 0.0523
Epoch [27/40] starts
Iteration 50: Loss_G: 1.7290, Loss_D: 0.0706
Iteration 100: Loss_G: 1.7941, Loss_D: 0.0517
Iteration 150: Loss_G: 1.7795, Loss_D: 0.0583
Iteration 200: Loss_G: 1.8047, Loss_D: 0.0532
Iteration 250: Loss_G: 1.7749, Loss_D: 0.0697
Iteration 300: Loss_G: 1.7109, Loss_D: 0.0469
Iteration 350: Loss_G: 1.8016, Loss_D: 0.0489
Iteration 400: Loss_G: 1.7828, Loss_D: 0.0527
Iteration 450: Loss_G: 1.8978, Loss_D: 0.0512
Iteration 500: Loss_G: 1.7919, Loss_D: 0.0490
Iteration 550: Loss_G: 1.6985, Loss_D: 0.0540
Iteration 600: Loss_G: 1.7559, Loss_D: 0.0519
Iteration 650: Loss_G: 1.7334, Loss_D: 0.0455
Iteration 700: Loss_G: 1.7500, Loss_D: 0.0500
Iteration 750: Loss_G: 1.8101, Loss_D: 0.0559
Iteration 800: Loss_G: 1.7551, Loss_D: 0.0491
Iteration 850: Loss_G: 1.8053, Loss_D: 0.0466
Iteration 900: Loss_G: 1.7607, Loss_D: 0.0501
Iteration 950: Loss_G: 1.8104, Loss_D: 0.0496
Iteration 1000: Loss_G: 1.9202, Loss_D: 0.0485
Iteration 1050: Loss_G: 1.7397, Loss_D: 0.0581
Iteration 1100: Loss_G: 1.7519, Loss_D: 0.0502
Iteration 1150: Loss_G: 1.7653, Loss_D: 0.0605
Iteration 1200: Loss_G: 1.6809, Loss_D: 0.0566
Epoch [27/40], Loss_G: 1.4531, Loss_D: 0.0533
Epoch [28/40] starts
Iteration 50: Loss_G: 1.7588, Loss_D: 0.0574
Iteration 100: Loss_G: 1.7404, Loss_D: 0.0499
Iteration 150: Loss_G: 1.6938, Loss_D: 0.0617
Iteration 200: Loss_G: 1.7396, Loss_D: 0.0606
Iteration 250: Loss_G: 1.7245, Loss_D: 0.0576
Iteration 300: Loss_G: 1.7616, Loss_D: 0.0626
Iteration 350: Loss_G: 1.6125, Loss_D: 0.0627
Iteration 400: Loss_G: 1.6341, Loss_D: 0.0603
Iteration 450: Loss_G: 1.4822, Loss_D: 0.0674
Iteration 500: Loss_G: 1.5261, Loss_D: 0.0556
Iteration 550: Loss_G: 1.5227, Loss_D: 0.0584
Iteration 600: Loss_G: 1.5445, Loss_D: 0.0529
Iteration 650: Loss_G: 1.5609, Loss_D: 0.0593
Iteration 700: Loss_G: 1.4721, Loss_D: 0.0539
Iteration 750: Loss_G: 1.6416, Loss_D: 0.0570
Iteration 800: Loss_G: 1.5295, Loss_D: 0.0597
Iteration 850: Loss_G: 1.5512, Loss_D: 0.0589
Iteration 900: Loss_G: 1.5073, Loss_D: 0.0581
Iteration 950: Loss_G: 1.5651, Loss_D: 0.0519
Iteration 1000: Loss_G: 1.6340, Loss_D: 0.0493
Iteration 1050: Loss_G: 1.6059, Loss_D: 0.0565
Iteration 1100: Loss_G: 1.5892, Loss_D: 0.0555
Iteration 1150: Loss_G: 1.5769, Loss_D: 0.0622
Iteration 1200: Loss_G: 1.5776, Loss_D: 0.0558
Epoch [28/40], Loss_G: 1.3149, Loss_D: 0.0577
Epoch [29/40] starts
Iteration 50: Loss_G: 1.6537, Loss_D: 0.0575
Iteration 100: Loss_G: 1.6286, Loss_D: 0.0493
Iteration 150: Loss_G: 1.6924, Loss_D: 0.0512
Iteration 200: Loss_G: 1.6820, Loss_D: 0.0592
Iteration 250: Loss_G: 1.4693, Loss_D: 0.0650
Iteration 300: Loss_G: 1.5018, Loss_D: 0.0558
Iteration 350: Loss_G: 1.4827, Loss_D: 0.0619
Iteration 400: Loss_G: 1.5640, Loss_D: 0.0568
Iteration 450: Loss_G: 1.6411, Loss_D: 0.0602
Iteration 500: Loss_G: 1.6382, Loss_D: 0.0559
Iteration 550: Loss_G: 1.6574, Loss_D: 0.0592
Iteration 600: Loss_G: 1.7337, Loss_D: 0.0579
Iteration 650: Loss_G: 1.6064, Loss_D: 0.0625
Iteration 700: Loss_G: 1.5828, Loss_D: 0.0594
Iteration 750: Loss_G: 1.5240, Loss_D: 0.0595
Iteration 800: Loss_G: 1.6488, Loss_D: 0.0487
Iteration 850: Loss_G: 1.6622, Loss_D: 0.0571
Iteration 900: Loss_G: 1.5341, Loss_D: 0.0596
Iteration 950: Loss_G: 1.5831, Loss_D: 0.0601
Iteration 1000: Loss_G: 1.5681, Loss_D: 0.0569
Iteration 1050: Loss_G: 1.5791, Loss_D: 0.0582
Iteration 1100: Loss_G: 1.6206, Loss_D: 0.0497
Iteration 1150: Loss_G: 1.5526, Loss_D: 0.0646
Iteration 1200: Loss_G: 1.6015, Loss_D: 0.0517
Epoch [29/40], Loss_G: 1.3100, Loss_D: 0.0574
Epoch [30/40] starts
Iteration 50: Loss_G: 1.5944, Loss_D: 0.0590
Iteration 100: Loss_G: 1.5708, Loss_D: 0.0567
Iteration 150: Loss_G: 1.5672, Loss_D: 0.0644
Iteration 200: Loss_G: 1.4618, Loss_D: 0.0537
Iteration 250: Loss_G: 1.5941, Loss_D: 0.0592
Iteration 300: Loss_G: 1.6332, Loss_D: 0.0584
Iteration 350: Loss_G: 1.5694, Loss_D: 0.0574
Iteration 400: Loss_G: 1.6446, Loss_D: 0.0549
Iteration 450: Loss_G: 1.7231, Loss_D: 0.0612
Iteration 500: Loss_G: 1.7624, Loss_D: 0.0448
Iteration 550: Loss_G: 1.7136, Loss_D: 0.0497
Iteration 600: Loss_G: 1.8568, Loss_D: 0.0446
Iteration 650: Loss_G: 1.7016, Loss_D: 0.0590
Iteration 700: Loss_G: 1.7528, Loss_D: 0.0497
Iteration 750: Loss_G: 1.7132, Loss_D: 0.0578
Iteration 800: Loss_G: 1.6511, Loss_D: 0.0534
Iteration 850: Loss_G: 1.7225, Loss_D: 0.0540
Iteration 900: Loss_G: 1.6923, Loss_D: 0.0592
Iteration 950: Loss_G: 1.5926, Loss_D: 0.0615
Iteration 1000: Loss_G: 1.6683, Loss_D: 0.0556
Iteration 1050: Loss_G: 1.7485, Loss_D: 0.0541
Iteration 1100: Loss_G: 1.6812, Loss_D: 0.0509
Iteration 1150: Loss_G: 1.5029, Loss_D: 0.0685
Iteration 1200: Loss_G: 1.5302, Loss_D: 0.0540
Epoch [30/40], Loss_G: 1.3523, Loss_D: 0.0559
Epoch [31/40] starts
Iteration 50: Loss_G: 1.6258, Loss_D: 0.0606
Iteration 100: Loss_G: 1.7800, Loss_D: 0.0464
Iteration 150: Loss_G: 1.5529, Loss_D: 0.0627
Iteration 200: Loss_G: 1.6020, Loss_D: 0.0494
Iteration 250: Loss_G: 1.6082, Loss_D: 0.0598
Iteration 300: Loss_G: 1.5283, Loss_D: 0.0569
Iteration 350: Loss_G: 1.5087, Loss_D: 0.0615
Iteration 400: Loss_G: 1.4929, Loss_D: 0.0624
Iteration 450: Loss_G: 1.5453, Loss_D: 0.0536
Iteration 500: Loss_G: 1.6669, Loss_D: 0.0516
Iteration 550: Loss_G: 1.6776, Loss_D: 0.0593
Iteration 600: Loss_G: 1.7898, Loss_D: 0.0525
Iteration 650: Loss_G: 1.9634, Loss_D: 0.0436
Iteration 700: Loss_G: 1.8327, Loss_D: 0.0557
Iteration 750: Loss_G: 1.6292, Loss_D: 0.0580
Iteration 800: Loss_G: 1.7108, Loss_D: 0.0511
Iteration 850: Loss_G: 1.5504, Loss_D: 0.0726
Iteration 900: Loss_G: 1.6915, Loss_D: 0.0498
Iteration 950: Loss_G: 1.5633, Loss_D: 0.0683
Iteration 1000: Loss_G: 1.6301, Loss_D: 0.0486
Iteration 1050: Loss_G: 1.7363, Loss_D: 0.0500
Iteration 1100: Loss_G: 1.7344, Loss_D: 0.0470
Iteration 1150: Loss_G: 1.7389, Loss_D: 0.0489
Iteration 1200: Loss_G: 1.6958, Loss_D: 0.0578
Epoch [31/40], Loss_G: 1.3593, Loss_D: 0.0553
Epoch [32/40] starts
Iteration 50: Loss_G: 1.4967, Loss_D: 0.0635
Iteration 100: Loss_G: 1.7567, Loss_D: 0.0479
Iteration 150: Loss_G: 1.6647, Loss_D: 0.0591
Iteration 200: Loss_G: 1.6145, Loss_D: 0.0577
Iteration 250: Loss_G: 1.6813, Loss_D: 0.0557
Iteration 300: Loss_G: 1.7092, Loss_D: 0.0634
Iteration 350: Loss_G: 1.7124, Loss_D: 0.0509
Iteration 400: Loss_G: 1.6616, Loss_D: 0.0627
Iteration 450: Loss_G: 1.5464, Loss_D: 0.0627
Iteration 500: Loss_G: 1.5052, Loss_D: 0.0552
Iteration 550: Loss_G: 1.4279, Loss_D: 0.0631
Iteration 600: Loss_G: 1.4689, Loss_D: 0.0613
Iteration 650: Loss_G: 1.5066, Loss_D: 0.0574
Iteration 700: Loss_G: 1.4530, Loss_D: 0.0590
Iteration 750: Loss_G: 1.4997, Loss_D: 0.0573
Iteration 800: Loss_G: 1.5461, Loss_D: 0.0495
Iteration 850: Loss_G: 1.5660, Loss_D: 0.0593
Iteration 900: Loss_G: 1.5207, Loss_D: 0.0571
Iteration 950: Loss_G: 1.5940, Loss_D: 0.0554
Iteration 1000: Loss_G: 1.6066, Loss_D: 0.0506
Iteration 1050: Loss_G: 1.6938, Loss_D: 0.0721
Iteration 1100: Loss_G: 1.4786, Loss_D: 0.0600
Iteration 1150: Loss_G: 1.6810, Loss_D: 0.0530
Iteration 1200: Loss_G: 1.6606, Loss_D: 0.0542
Epoch [32/40], Loss_G: 1.2978, Loss_D: 0.0578
Epoch [33/40] starts
Iteration 50: Loss_G: 1.5830, Loss_D: 0.0556
Iteration 100: Loss_G: 1.6381, Loss_D: 0.0559
Iteration 150: Loss_G: 1.5568, Loss_D: 0.0579
Iteration 200: Loss_G: 1.6794, Loss_D: 0.0443
Iteration 250: Loss_G: 1.6282, Loss_D: 0.0706
Iteration 300: Loss_G: 1.5793, Loss_D: 0.0571
Iteration 350: Loss_G: 1.6028, Loss_D: 0.0671
Iteration 400: Loss_G: 1.5331, Loss_D: 0.0568
Iteration 450: Loss_G: 1.5242, Loss_D: 0.0573
Iteration 500: Loss_G: 1.4988, Loss_D: 0.0534
Iteration 550: Loss_G: 1.5176, Loss_D: 0.0608
Iteration 600: Loss_G: 1.4800, Loss_D: 0.0548
Iteration 650: Loss_G: 1.5493, Loss_D: 0.0618
Iteration 700: Loss_G: 1.5688, Loss_D: 0.0545
Iteration 750: Loss_G: 1.4312, Loss_D: 0.0614
Iteration 800: Loss_G: 1.4968, Loss_D: 0.0581
Iteration 850: Loss_G: 1.4395, Loss_D: 0.0602
Iteration 900: Loss_G: 1.4147, Loss_D: 0.0601
Iteration 950: Loss_G: 1.4121, Loss_D: 0.0598
Iteration 1000: Loss_G: 1.4724, Loss_D: 0.0607
Iteration 1050: Loss_G: 1.4465, Loss_D: 0.0605
Iteration 1100: Loss_G: 1.4301, Loss_D: 0.0527
Iteration 1150: Loss_G: 1.5636, Loss_D: 0.0624
Iteration 1200: Loss_G: 1.6189, Loss_D: 0.0463
Epoch [33/40], Loss_G: 1.2505, Loss_D: 0.0579
Epoch [34/40] starts
Iteration 50: Loss_G: 1.4497, Loss_D: 0.0643
Iteration 100: Loss_G: 1.5317, Loss_D: 0.0527
Iteration 150: Loss_G: 1.5218, Loss_D: 0.0586
Iteration 200: Loss_G: 1.5786, Loss_D: 0.0525
Iteration 250: Loss_G: 1.6280, Loss_D: 0.0536
Iteration 300: Loss_G: 1.6093, Loss_D: 0.0550
Iteration 350: Loss_G: 1.6650, Loss_D: 0.0546
Iteration 400: Loss_G: 1.6318, Loss_D: 0.0577
Iteration 450: Loss_G: 1.5146, Loss_D: 0.0696
Iteration 500: Loss_G: 1.5543, Loss_D: 0.0504
Iteration 550: Loss_G: 1.6535, Loss_D: 0.0545
Iteration 600: Loss_G: 1.6434, Loss_D: 0.0529
Iteration 650: Loss_G: 1.6489, Loss_D: 0.0600
Iteration 700: Loss_G: 1.6129, Loss_D: 0.0578
Iteration 750: Loss_G: 1.6729, Loss_D: 0.0521
Iteration 800: Loss_G: 1.5738, Loss_D: 0.0538
Iteration 850: Loss_G: 1.6036, Loss_D: 0.0598
Iteration 900: Loss_G: 1.5731, Loss_D: 0.0513
Iteration 950: Loss_G: 1.5802, Loss_D: 0.0591
Iteration 1000: Loss_G: 1.5901, Loss_D: 0.0589
Iteration 1050: Loss_G: 1.5036, Loss_D: 0.0640
Iteration 1100: Loss_G: 1.5834, Loss_D: 0.0535
Iteration 1150: Loss_G: 1.5190, Loss_D: 0.0632
Iteration 1200: Loss_G: 1.6179, Loss_D: 0.0518
Epoch [34/40], Loss_G: 1.2981, Loss_D: 0.0567
Epoch [35/40] starts
Iteration 50: Loss_G: 1.5585, Loss_D: 0.0640
Iteration 100: Loss_G: 1.7073, Loss_D: 0.0487
Iteration 150: Loss_G: 1.5789, Loss_D: 0.0668
Iteration 200: Loss_G: 1.5324, Loss_D: 0.0555
Iteration 250: Loss_G: 1.6323, Loss_D: 0.0599
Iteration 300: Loss_G: 1.6559, Loss_D: 0.0493
Iteration 350: Loss_G: 1.7167, Loss_D: 0.0567
Iteration 400: Loss_G: 1.6257, Loss_D: 0.0515
Iteration 450: Loss_G: 1.6482, Loss_D: 0.0508
Iteration 500: Loss_G: 1.7778, Loss_D: 0.0411
Iteration 550: Loss_G: 1.6379, Loss_D: 0.0625
Iteration 600: Loss_G: 1.6534, Loss_D: 0.0535
Iteration 650: Loss_G: 1.6124, Loss_D: 0.0528
Iteration 700: Loss_G: 1.6699, Loss_D: 0.0552
Iteration 750: Loss_G: 1.6131, Loss_D: 0.0590
Iteration 800: Loss_G: 1.6333, Loss_D: 0.0492
Iteration 850: Loss_G: 1.5293, Loss_D: 0.0641
Iteration 900: Loss_G: 1.4471, Loss_D: 0.0517
Iteration 950: Loss_G: 1.5262, Loss_D: 0.0658
Iteration 1000: Loss_G: 1.5718, Loss_D: 0.0674
Iteration 1050: Loss_G: 1.5790, Loss_D: 0.0562
Iteration 1100: Loss_G: 1.5850, Loss_D: 0.0624
Iteration 1150: Loss_G: 1.6075, Loss_D: 0.0569
Iteration 1200: Loss_G: 1.5606, Loss_D: 0.0514
Epoch [35/40], Loss_G: 1.3186, Loss_D: 0.0564
Epoch [36/40] starts
Iteration 50: Loss_G: 1.5417, Loss_D: 0.0561
Iteration 100: Loss_G: 1.6775, Loss_D: 0.0507
Iteration 150: Loss_G: 1.5884, Loss_D: 0.0664
Iteration 200: Loss_G: 1.4824, Loss_D: 0.0673
Iteration 250: Loss_G: 1.4595, Loss_D: 0.0713
Iteration 300: Loss_G: 1.4939, Loss_D: 0.0517
Iteration 350: Loss_G: 1.5473, Loss_D: 0.0599
Iteration 400: Loss_G: 1.5860, Loss_D: 0.0501
Iteration 450: Loss_G: 1.6358, Loss_D: 0.0563
Iteration 500: Loss_G: 1.5752, Loss_D: 0.0500
Iteration 550: Loss_G: 1.6311, Loss_D: 0.0491
Iteration 600: Loss_G: 1.6109, Loss_D: 0.0536
Iteration 650: Loss_G: 1.5185, Loss_D: 0.0619
Iteration 700: Loss_G: 1.4896, Loss_D: 0.0647
Iteration 750: Loss_G: 1.5063, Loss_D: 0.0579
Iteration 800: Loss_G: 1.4884, Loss_D: 0.0595
Iteration 850: Loss_G: 1.4458, Loss_D: 0.0605
Iteration 900: Loss_G: 1.5150, Loss_D: 0.0511
Iteration 950: Loss_G: 1.6631, Loss_D: 0.0517
Iteration 1000: Loss_G: 1.6063, Loss_D: 0.0578
Iteration 1050: Loss_G: 1.5529, Loss_D: 0.0672
Iteration 1100: Loss_G: 1.5666, Loss_D: 0.0529
Iteration 1150: Loss_G: 1.6553, Loss_D: 0.0531
Iteration 1200: Loss_G: 1.5005, Loss_D: 0.0602
Epoch [36/40], Loss_G: 1.2735, Loss_D: 0.0575
Epoch [37/40] starts
Iteration 50: Loss_G: 2.4673, Loss_D: 0.0482
Iteration 100: Loss_G: 2.3578, Loss_D: 0.0345
Iteration 150: Loss_G: 2.1233, Loss_D: 0.0443
Iteration 200: Loss_G: 1.9928, Loss_D: 0.0546
Iteration 250: Loss_G: 1.8865, Loss_D: 0.0578
Iteration 300: Loss_G: 1.8126, Loss_D: 0.0527
Iteration 350: Loss_G: 1.8100, Loss_D: 0.0516
Iteration 400: Loss_G: 2.6774, Loss_D: 0.0263
Iteration 450: Loss_G: 2.3553, Loss_D: 0.0293
Iteration 500: Loss_G: 2.0421, Loss_D: 0.0554
Iteration 550: Loss_G: 1.8829, Loss_D: 0.0603
Iteration 600: Loss_G: 1.7053, Loss_D: 0.0553
Iteration 650: Loss_G: 1.6230, Loss_D: 0.0575
Iteration 700: Loss_G: 1.7577, Loss_D: 0.0482
Iteration 750: Loss_G: 1.6647, Loss_D: 0.0569
Iteration 800: Loss_G: 1.6823, Loss_D: 0.0580
Iteration 850: Loss_G: 1.6217, Loss_D: 0.0579
Iteration 900: Loss_G: 1.6588, Loss_D: 0.0466
Iteration 950: Loss_G: 3.2291, Loss_D: 0.0248
Iteration 1000: Loss_G: 2.3661, Loss_D: 0.0237
Iteration 1050: Loss_G: 2.2722, Loss_D: 0.0402
Iteration 1100: Loss_G: 1.9790, Loss_D: 0.0398
Iteration 1150: Loss_G: 1.8464, Loss_D: 0.0592
Iteration 1200: Loss_G: 1.8681, Loss_D: 0.0554
Epoch [37/40], Loss_G: 1.6604, Loss_D: 0.0474
Epoch [38/40] starts
Iteration 50: Loss_G: 1.7265, Loss_D: 0.0611
Iteration 100: Loss_G: 1.6642, Loss_D: 0.0553
Iteration 150: Loss_G: 1.6389, Loss_D: 0.0589
Iteration 200: Loss_G: 1.7877, Loss_D: 0.0508
Iteration 250: Loss_G: 1.8367, Loss_D: 0.0444
Iteration 300: Loss_G: 1.8500, Loss_D: 0.0561
Iteration 350: Loss_G: 1.7113, Loss_D: 0.0644
Iteration 400: Loss_G: 1.6670, Loss_D: 0.0532
Iteration 450: Loss_G: 1.7796, Loss_D: 0.0546
Iteration 500: Loss_G: 1.7048, Loss_D: 0.0560
Iteration 550: Loss_G: 1.7180, Loss_D: 0.0588
Iteration 600: Loss_G: 1.6230, Loss_D: 0.0630
Iteration 650: Loss_G: 1.5696, Loss_D: 0.0704
Iteration 700: Loss_G: 1.6022, Loss_D: 0.0542
Iteration 750: Loss_G: 1.7385, Loss_D: 0.0483
Iteration 800: Loss_G: 1.6693, Loss_D: 0.0513
Iteration 850: Loss_G: 1.6546, Loss_D: 0.0550
Iteration 900: Loss_G: 1.7184, Loss_D: 0.0592
Iteration 950: Loss_G: 1.6956, Loss_D: 0.0586
Iteration 1000: Loss_G: 1.6847, Loss_D: 0.0523
Iteration 1050: Loss_G: 1.5195, Loss_D: 0.0696
Iteration 1100: Loss_G: 1.5352, Loss_D: 0.0543
Iteration 1150: Loss_G: 1.5980, Loss_D: 0.0539
Iteration 1200: Loss_G: 1.5297, Loss_D: 0.0573
Epoch [38/40], Loss_G: 1.3719, Loss_D: 0.0567
Epoch [39/40] starts
Iteration 50: Loss_G: 1.5585, Loss_D: 0.0514
Iteration 100: Loss_G: 1.6735, Loss_D: 0.0563
Iteration 150: Loss_G: 1.6010, Loss_D: 0.0592
Iteration 200: Loss_G: 1.6442, Loss_D: 0.0499
Iteration 250: Loss_G: 1.6587, Loss_D: 0.0607
Iteration 300: Loss_G: 1.6897, Loss_D: 0.0503
Iteration 350: Loss_G: 1.7596, Loss_D: 0.0548
Iteration 400: Loss_G: 1.6811, Loss_D: 0.0653
Iteration 450: Loss_G: 1.5170, Loss_D: 0.0630
Iteration 500: Loss_G: 1.5704, Loss_D: 0.0554
Iteration 550: Loss_G: 1.5033, Loss_D: 0.0647
Iteration 600: Loss_G: 1.6778, Loss_D: 0.0452
Iteration 650: Loss_G: 1.6569, Loss_D: 0.0617
Iteration 700: Loss_G: 1.6996, Loss_D: 0.0436
Iteration 750: Loss_G: 1.7909, Loss_D: 0.0466
Iteration 800: Loss_G: 1.6312, Loss_D: 0.0536
Iteration 850: Loss_G: 1.6068, Loss_D: 0.0554
Iteration 900: Loss_G: 1.6424, Loss_D: 0.0554
Iteration 950: Loss_G: 1.6844, Loss_D: 0.0594
Iteration 1000: Loss_G: 1.4713, Loss_D: 0.0627
Iteration 1050: Loss_G: 1.5971, Loss_D: 0.0595
Iteration 1100: Loss_G: 1.7126, Loss_D: 0.0563
Iteration 1150: Loss_G: 1.6128, Loss_D: 0.0526
Iteration 1200: Loss_G: 1.4789, Loss_D: 0.0619
Epoch [39/40], Loss_G: 1.3342, Loss_D: 0.0560
Epoch [40/40] starts
Iteration 50: Loss_G: 1.5202, Loss_D: 0.0620
Iteration 100: Loss_G: 1.4258, Loss_D: 0.0604
Iteration 150: Loss_G: 1.3538, Loss_D: 0.0636
Iteration 200: Loss_G: 1.4703, Loss_D: 0.0585
Iteration 250: Loss_G: 1.5697, Loss_D: 0.0605
Iteration 300: Loss_G: 1.6046, Loss_D: 0.0512
Iteration 350: Loss_G: 1.6676, Loss_D: 0.0572
Iteration 400: Loss_G: 1.7325, Loss_D: 0.0472
Iteration 450: Loss_G: 1.5842, Loss_D: 0.0658
Iteration 500: Loss_G: 1.5381, Loss_D: 0.0554
Iteration 550: Loss_G: 1.6563, Loss_D: 0.0462
Iteration 600: Loss_G: 1.5891, Loss_D: 0.0528
Iteration 650: Loss_G: 1.5947, Loss_D: 0.0606
Iteration 700: Loss_G: 1.6072, Loss_D: 0.0578
Iteration 750: Loss_G: 1.6467, Loss_D: 0.0536
Iteration 800: Loss_G: 1.5358, Loss_D: 0.0557
Iteration 850: Loss_G: 1.5660, Loss_D: 0.0538
Iteration 900: Loss_G: 1.5571, Loss_D: 0.0595
Iteration 950: Loss_G: 1.6065, Loss_D: 0.0616
Iteration 1000: Loss_G: 1.5260, Loss_D: 0.0575
Iteration 1050: Loss_G: 1.5133, Loss_D: 0.0559
Iteration 1100: Loss_G: 1.6071, Loss_D: 0.0585
Iteration 1150: Loss_G: 1.6053, Loss_D: 0.0559
Iteration 1200: Loss_G: 1.7004, Loss_D: 0.0473
Epoch [40/40], Loss_G: 1.2885, Loss_D: 0.0566
The process took 94.95125605662663 minutes to complete.
