nohup: ignoring input
/home/infres/olapabe-23/MNIST-SVHN-Transfer/src/solvers/CyCADASolver.py:454: RuntimeWarning: More than 20 figures have been opened. Figures created through the pyplot interface (`matplotlib.pyplot.figure`) are retained until explicitly closed and may consume too much memory. (To control this warning, see the rcParam `figure.max_open_warning`).
  fig, axes = plt.subplots(nrows=2, ncols=10, figsize=(15, 4))  # Set up the subplot grid
Using device cuda
Using downloaded and verified file: ./data/SVHN/color/raw/train/train_32x32.mat
Using downloaded and verified file: ./data/SVHN/color/raw/test/test_32x32.mat
Train Step B - Epoch [1]:               Discriminator GAN loss: 0.8898,               Generator GAN Loss: 1.4592,               Cycle loss: 1.0614,               Semantic Loss: 1.4216,               Task loss: 2.1562
Test Step B - Epoch [1]: 	Accuracy: 13.40%
-----------------------------------------------------------------------------------------------

Train Step B - Epoch [2]:               Discriminator GAN loss: 1.4082,               Generator GAN Loss: 0.9327,               Cycle loss: 0.6362,               Semantic Loss: 0.7811,               Task loss: 1.6508
Test Step B - Epoch [2]: 	Accuracy: 14.07%
-----------------------------------------------------------------------------------------------

Train Step B - Epoch [3]:               Discriminator GAN loss: 1.4354,               Generator GAN Loss: 0.6974,               Cycle loss: 0.4965,               Semantic Loss: 0.4657,               Task loss: 0.9495
Test Step B - Epoch [3]: 	Accuracy: 12.24%
-----------------------------------------------------------------------------------------------

Train Step B - Epoch [4]:               Discriminator GAN loss: 1.4179,               Generator GAN Loss: 0.6972,               Cycle loss: 0.4716,               Semantic Loss: 0.3225,               Task loss: 0.6442
Test Step B - Epoch [4]: 	Accuracy: 13.19%
-----------------------------------------------------------------------------------------------

Train Step B - Epoch [5]:               Discriminator GAN loss: 1.4095,               Generator GAN Loss: 0.6968,               Cycle loss: 0.4237,               Semantic Loss: 0.2171,               Task loss: 0.4977
Test Step B - Epoch [5]: 	Accuracy: 13.86%
-----------------------------------------------------------------------------------------------

Train Step B - Epoch [6]:               Discriminator GAN loss: 1.4094,               Generator GAN Loss: 0.6932,               Cycle loss: 0.3030,               Semantic Loss: 0.1475,               Task loss: 0.4401
Test Step B - Epoch [6]: 	Accuracy: 13.25%
-----------------------------------------------------------------------------------------------

Train Step B - Epoch [7]:               Discriminator GAN loss: 1.4063,               Generator GAN Loss: 0.6884,               Cycle loss: 0.2595,               Semantic Loss: 0.0993,               Task loss: 0.3902
Test Step B - Epoch [7]: 	Accuracy: 14.80%
-----------------------------------------------------------------------------------------------

Train Step B - Epoch [8]:               Discriminator GAN loss: 1.3963,               Generator GAN Loss: 0.6937,               Cycle loss: 0.2395,               Semantic Loss: 0.0715,               Task loss: 0.3468
Test Step B - Epoch [8]: 	Accuracy: 15.63%
-----------------------------------------------------------------------------------------------

Train Step B - Epoch [9]:               Discriminator GAN loss: 1.3954,               Generator GAN Loss: 0.6931,               Cycle loss: 0.2265,               Semantic Loss: 0.0568,               Task loss: 0.3046
Test Step B - Epoch [9]: 	Accuracy: 15.72%
-----------------------------------------------------------------------------------------------

Train Step B - Epoch [10]:               Discriminator GAN loss: 1.3939,               Generator GAN Loss: 0.6960,               Cycle loss: 0.2159,               Semantic Loss: 0.0475,               Task loss: 0.2730
Test Step B - Epoch [10]: 	Accuracy: 15.23%
-----------------------------------------------------------------------------------------------

Train Step B - Epoch [11]:               Discriminator GAN loss: 1.3928,               Generator GAN Loss: 0.6978,               Cycle loss: 0.2065,               Semantic Loss: 0.0430,               Task loss: 0.2440
Test Step B - Epoch [11]: 	Accuracy: 16.41%
-----------------------------------------------------------------------------------------------

Train Step B - Epoch [12]:               Discriminator GAN loss: 1.3905,               Generator GAN Loss: 0.6980,               Cycle loss: 0.1980,               Semantic Loss: 0.0403,               Task loss: 0.2107
Test Step B - Epoch [12]: 	Accuracy: 17.11%
-----------------------------------------------------------------------------------------------

Train Step B - Epoch [13]:               Discriminator GAN loss: 1.3906,               Generator GAN Loss: 0.7004,               Cycle loss: 0.1916,               Semantic Loss: 0.0417,               Task loss: 0.1912
Test Step B - Epoch [13]: 	Accuracy: 18.52%
-----------------------------------------------------------------------------------------------

Train Step B - Epoch [14]:               Discriminator GAN loss: 1.3880,               Generator GAN Loss: 0.7036,               Cycle loss: 0.1846,               Semantic Loss: 0.0397,               Task loss: 0.1739
Test Step B - Epoch [14]: 	Accuracy: 18.13%
-----------------------------------------------------------------------------------------------

Train Step B - Epoch [15]:               Discriminator GAN loss: 1.3872,               Generator GAN Loss: 0.7074,               Cycle loss: 0.1805,               Semantic Loss: 0.0432,               Task loss: 0.1691
Test Step B - Epoch [15]: 	Accuracy: 18.59%
-----------------------------------------------------------------------------------------------

Train Step B - Epoch [16]:               Discriminator GAN loss: 1.3811,               Generator GAN Loss: 0.7063,               Cycle loss: 0.1767,               Semantic Loss: 0.0442,               Task loss: 0.1679
Test Step B - Epoch [16]: 	Accuracy: 18.20%
-----------------------------------------------------------------------------------------------

Train Step B - Epoch [17]:               Discriminator GAN loss: 1.3793,               Generator GAN Loss: 0.7150,               Cycle loss: 0.1732,               Semantic Loss: 0.0476,               Task loss: 0.1652
Test Step B - Epoch [17]: 	Accuracy: 20.61%
-----------------------------------------------------------------------------------------------

Train Step B - Epoch [18]:               Discriminator GAN loss: 1.3819,               Generator GAN Loss: 0.7121,               Cycle loss: 0.1690,               Semantic Loss: 0.0462,               Task loss: 0.1667
Test Step B - Epoch [18]: 	Accuracy: 21.33%
-----------------------------------------------------------------------------------------------

Train Step B - Epoch [19]:               Discriminator GAN loss: 1.3789,               Generator GAN Loss: 0.7149,               Cycle loss: 0.1656,               Semantic Loss: 0.0497,               Task loss: 0.1455
Test Step B - Epoch [19]: 	Accuracy: 22.66%
-----------------------------------------------------------------------------------------------

Train Step B - Epoch [20]:               Discriminator GAN loss: 1.3755,               Generator GAN Loss: 0.7167,               Cycle loss: 0.1608,               Semantic Loss: 0.0510,               Task loss: 0.1359
Test Step B - Epoch [20]: 	Accuracy: 22.92%
-----------------------------------------------------------------------------------------------

Train Step B - Epoch [21]:               Discriminator GAN loss: 1.3682,               Generator GAN Loss: 0.7198,               Cycle loss: 0.1564,               Semantic Loss: 0.0524,               Task loss: 0.1567
Test Step B - Epoch [21]: 	Accuracy: 23.38%
-----------------------------------------------------------------------------------------------

Train Step B - Epoch [22]:               Discriminator GAN loss: 1.3736,               Generator GAN Loss: 0.7221,               Cycle loss: 0.1523,               Semantic Loss: 0.0556,               Task loss: 0.1318
Test Step B - Epoch [22]: 	Accuracy: 25.37%
-----------------------------------------------------------------------------------------------

Train Step B - Epoch [23]:               Discriminator GAN loss: 1.3728,               Generator GAN Loss: 0.7240,               Cycle loss: 0.1493,               Semantic Loss: 0.0582,               Task loss: 0.1335
Test Step B - Epoch [23]: 	Accuracy: 25.85%
-----------------------------------------------------------------------------------------------

Train Step B - Epoch [24]:               Discriminator GAN loss: 1.3670,               Generator GAN Loss: 0.7244,               Cycle loss: 0.1463,               Semantic Loss: 0.0586,               Task loss: 0.1302
Test Step B - Epoch [24]: 	Accuracy: 26.32%
-----------------------------------------------------------------------------------------------

Train Step B - Epoch [25]:               Discriminator GAN loss: 1.3608,               Generator GAN Loss: 0.7253,               Cycle loss: 0.1428,               Semantic Loss: 0.0589,               Task loss: 0.1225
Test Step B - Epoch [25]: 	Accuracy: 27.46%
-----------------------------------------------------------------------------------------------

Train Step B - Epoch [26]:               Discriminator GAN loss: 1.3592,               Generator GAN Loss: 0.7332,               Cycle loss: 0.1421,               Semantic Loss: 0.0662,               Task loss: 0.1311
Test Step B - Epoch [26]: 	Accuracy: 28.30%
-----------------------------------------------------------------------------------------------

Train Step B - Epoch [27]:               Discriminator GAN loss: 1.3609,               Generator GAN Loss: 0.7327,               Cycle loss: 0.1393,               Semantic Loss: 0.0673,               Task loss: 0.1083
Test Step B - Epoch [27]: 	Accuracy: 26.96%
-----------------------------------------------------------------------------------------------

Train Step B - Epoch [28]:               Discriminator GAN loss: 1.3526,               Generator GAN Loss: 0.7406,               Cycle loss: 0.1381,               Semantic Loss: 0.0686,               Task loss: 0.1160
Test Step B - Epoch [28]: 	Accuracy: 29.57%
-----------------------------------------------------------------------------------------------

Train Step B - Epoch [29]:               Discriminator GAN loss: 1.3595,               Generator GAN Loss: 0.7383,               Cycle loss: 0.1374,               Semantic Loss: 0.0785,               Task loss: 0.1024
Test Step B - Epoch [29]: 	Accuracy: 27.97%
-----------------------------------------------------------------------------------------------

Train Step B - Epoch [30]:               Discriminator GAN loss: 1.3502,               Generator GAN Loss: 0.7416,               Cycle loss: 0.1359,               Semantic Loss: 0.0787,               Task loss: 0.1130
Test Step B - Epoch [30]: 	Accuracy: 28.84%
-----------------------------------------------------------------------------------------------

Train Step B - Epoch [31]:               Discriminator GAN loss: 1.3460,               Generator GAN Loss: 0.7454,               Cycle loss: 0.1354,               Semantic Loss: 0.0805,               Task loss: 0.1082
Test Step B - Epoch [31]: 	Accuracy: 28.86%
-----------------------------------------------------------------------------------------------

Train Step B - Epoch [32]:               Discriminator GAN loss: 1.3473,               Generator GAN Loss: 0.7471,               Cycle loss: 0.1336,               Semantic Loss: 0.0858,               Task loss: 0.1183
Test Step B - Epoch [32]: 	Accuracy: 31.22%
-----------------------------------------------------------------------------------------------

Train Step B - Epoch [33]:               Discriminator GAN loss: 1.3478,               Generator GAN Loss: 0.7537,               Cycle loss: 0.1337,               Semantic Loss: 0.0849,               Task loss: 0.1020
Test Step B - Epoch [33]: 	Accuracy: 31.23%
-----------------------------------------------------------------------------------------------

Train Step B - Epoch [34]:               Discriminator GAN loss: 1.3409,               Generator GAN Loss: 0.7439,               Cycle loss: 0.1320,               Semantic Loss: 0.0898,               Task loss: 0.0925
Test Step B - Epoch [34]: 	Accuracy: 31.31%
-----------------------------------------------------------------------------------------------

Train Step B - Epoch [35]:               Discriminator GAN loss: 1.3443,               Generator GAN Loss: 0.7592,               Cycle loss: 0.1307,               Semantic Loss: 0.0914,               Task loss: 0.1130
Test Step B - Epoch [35]: 	Accuracy: 32.68%
-----------------------------------------------------------------------------------------------

Train Step B - Epoch [36]:               Discriminator GAN loss: 1.3429,               Generator GAN Loss: 0.7492,               Cycle loss: 0.1301,               Semantic Loss: 0.0969,               Task loss: 0.1023
Test Step B - Epoch [36]: 	Accuracy: 32.29%
-----------------------------------------------------------------------------------------------

Train Step B - Epoch [37]:               Discriminator GAN loss: 1.3363,               Generator GAN Loss: 0.7584,               Cycle loss: 0.1287,               Semantic Loss: 0.0963,               Task loss: 0.1126
Test Step B - Epoch [37]: 	Accuracy: 34.71%
-----------------------------------------------------------------------------------------------

Train Step B - Epoch [38]:               Discriminator GAN loss: 1.3386,               Generator GAN Loss: 0.7536,               Cycle loss: 0.1284,               Semantic Loss: 0.0973,               Task loss: 0.1204
Test Step B - Epoch [38]: 	Accuracy: 34.75%
-----------------------------------------------------------------------------------------------

Train Step B - Epoch [39]:               Discriminator GAN loss: 1.3419,               Generator GAN Loss: 0.7542,               Cycle loss: 0.1265,               Semantic Loss: 0.1051,               Task loss: 0.1013
Test Step B - Epoch [39]: 	Accuracy: 35.49%
-----------------------------------------------------------------------------------------------

Train Step B - Epoch [40]:               Discriminator GAN loss: 1.3355,               Generator GAN Loss: 0.7636,               Cycle loss: 0.1253,               Semantic Loss: 0.1018,               Task loss: 0.1047
Test Step B - Epoch [40]: 	Accuracy: 33.85%
-----------------------------------------------------------------------------------------------

Train Step B - Epoch [41]:               Discriminator GAN loss: 1.3445,               Generator GAN Loss: 0.7619,               Cycle loss: 0.1252,               Semantic Loss: 0.1055,               Task loss: 0.0946
Test Step B - Epoch [41]: 	Accuracy: 34.32%
-----------------------------------------------------------------------------------------------

Train Step B - Epoch [42]:               Discriminator GAN loss: 1.3358,               Generator GAN Loss: 0.7523,               Cycle loss: 0.1244,               Semantic Loss: 0.1039,               Task loss: 0.0940
Test Step B - Epoch [42]: 	Accuracy: 34.10%
-----------------------------------------------------------------------------------------------

Train Step B - Epoch [43]:               Discriminator GAN loss: 1.3299,               Generator GAN Loss: 0.7625,               Cycle loss: 0.1216,               Semantic Loss: 0.1009,               Task loss: 0.0809
Test Step B - Epoch [43]: 	Accuracy: 35.00%
-----------------------------------------------------------------------------------------------

Train Step B - Epoch [44]:               Discriminator GAN loss: 1.3357,               Generator GAN Loss: 0.7597,               Cycle loss: 0.1232,               Semantic Loss: 0.1090,               Task loss: 0.0837
Test Step B - Epoch [44]: 	Accuracy: 36.28%
-----------------------------------------------------------------------------------------------

Train Step B - Epoch [45]:               Discriminator GAN loss: 1.3406,               Generator GAN Loss: 0.7659,               Cycle loss: 0.1208,               Semantic Loss: 0.1030,               Task loss: 0.1001
Test Step B - Epoch [45]: 	Accuracy: 36.87%
-----------------------------------------------------------------------------------------------

Train Step B - Epoch [46]:               Discriminator GAN loss: 1.3384,               Generator GAN Loss: 0.7577,               Cycle loss: 0.1198,               Semantic Loss: 0.1085,               Task loss: 0.0943
Test Step B - Epoch [46]: 	Accuracy: 34.04%
-----------------------------------------------------------------------------------------------

Train Step B - Epoch [47]:               Discriminator GAN loss: 1.3246,               Generator GAN Loss: 0.7555,               Cycle loss: 0.1175,               Semantic Loss: 0.1080,               Task loss: 0.0774
Test Step B - Epoch [47]: 	Accuracy: 33.92%
-----------------------------------------------------------------------------------------------

Train Step B - Epoch [48]:               Discriminator GAN loss: 1.3306,               Generator GAN Loss: 0.7645,               Cycle loss: 0.1189,               Semantic Loss: 0.1074,               Task loss: 0.1068
Test Step B - Epoch [48]: 	Accuracy: 34.70%
-----------------------------------------------------------------------------------------------

Train Step B - Epoch [49]:               Discriminator GAN loss: 1.3290,               Generator GAN Loss: 0.7781,               Cycle loss: 0.1166,               Semantic Loss: 0.1110,               Task loss: 0.1019
Test Step B - Epoch [49]: 	Accuracy: 37.05%
-----------------------------------------------------------------------------------------------

Train Step B - Epoch [50]:               Discriminator GAN loss: 1.3238,               Generator GAN Loss: 0.7645,               Cycle loss: 0.1188,               Semantic Loss: 0.1018,               Task loss: 0.1017
Test Step B - Epoch [50]: 	Accuracy: 38.16%
-----------------------------------------------------------------------------------------------

The process took 115.1890910744667 minutes to complete.
