nohup: ignoring input
/home/infres/olapabe-23/MNIST-SVHN-Transfer/src/solvers/CyCADASolver_Dfeataccuracy_BCmerged.py:394: RuntimeWarning: More than 20 figures have been opened. Figures created through the pyplot interface (`matplotlib.pyplot.figure`) are retained until explicitly closed and may consume too much memory. (To control this warning, see the rcParam `figure.max_open_warning`).
  fig, axes = plt.subplots(nrows=2, ncols=10, figsize=(15, 4))  # Set up the subplot grid
Using device cuda
Using downloaded and verified file: ./data/SVHN/color/raw/train/train_32x32.mat
Using downloaded and verified file: ./data/SVHN/color/raw/test/test_32x32.mat
Train Step A - Iteration 0: 	Loss: 0.0459
Train Step A - Iteration 50: 	Loss: 2.2457
Train Step A - Iteration 100: 	Loss: 2.2260
Train Step A - Iteration 150: 	Loss: 2.1890
Train Step A - Iteration 200: 	Loss: 2.0684
Train Step A - Iteration 250: 	Loss: 1.8142
Train Step A - Iteration 300: 	Loss: 1.5782
Train Step A - Iteration 350: 	Loss: 1.3720
Train Step A - Iteration 400: 	Loss: 1.2249
Train Step A - Iteration 450: 	Loss: 1.1444
Train Step A - Iteration 500: 	Loss: 1.0406
Train Step A - Iteration 550: 	Loss: 1.0166
Train Step A - Epoch [1]: 	Loss: 1.6034
Test Step A - Epoch [1]: 	Accuracy: 76.01%
-----------------------------------------------------------------------------------------------

Train Step A - Iteration 0: 	Loss: 0.0161
Train Step A - Iteration 50: 	Loss: 0.9279
Train Step A - Iteration 100: 	Loss: 0.8780
Train Step A - Iteration 150: 	Loss: 0.8780
Train Step A - Iteration 200: 	Loss: 0.8284
Train Step A - Iteration 250: 	Loss: 0.7911
Train Step A - Iteration 300: 	Loss: 0.8012
Train Step A - Iteration 350: 	Loss: 0.7720
Train Step A - Iteration 400: 	Loss: 0.7674
Train Step A - Iteration 450: 	Loss: 0.7242
Train Step A - Iteration 500: 	Loss: 0.7358
Train Step A - Iteration 550: 	Loss: 0.7433
Train Step A - Epoch [2]: 	Loss: 0.8002
Test Step A - Epoch [2]: 	Accuracy: 82.47%
-----------------------------------------------------------------------------------------------

Train Step A - Iteration 0: 	Loss: 0.0144
Train Step A - Iteration 50: 	Loss: 0.6977
Train Step A - Iteration 100: 	Loss: 0.6832
Train Step A - Iteration 150: 	Loss: 0.6951
Train Step A - Iteration 200: 	Loss: 0.6546
Train Step A - Iteration 250: 	Loss: 0.6767
Train Step A - Iteration 300: 	Loss: 0.6424
Train Step A - Iteration 350: 	Loss: 0.6614
Train Step A - Iteration 400: 	Loss: 0.6212
Train Step A - Iteration 450: 	Loss: 0.6433
Train Step A - Iteration 500: 	Loss: 0.6286
Train Step A - Iteration 550: 	Loss: 0.6081
Train Step A - Epoch [3]: 	Loss: 0.6560
Test Step A - Epoch [3]: 	Accuracy: 84.04%
-----------------------------------------------------------------------------------------------

Train Step A - Iteration 0: 	Loss: 0.0139
Train Step A - Iteration 50: 	Loss: 0.6141
Train Step A - Iteration 100: 	Loss: 0.6053
Train Step A - Iteration 150: 	Loss: 0.5872
Train Step A - Iteration 200: 	Loss: 0.5713
Train Step A - Iteration 250: 	Loss: 0.5732
Train Step A - Iteration 300: 	Loss: 0.5721
Train Step A - Iteration 350: 	Loss: 0.5677
Train Step A - Iteration 400: 	Loss: 0.5801
Train Step A - Iteration 450: 	Loss: 0.5702
Train Step A - Iteration 500: 	Loss: 0.5630
Train Step A - Iteration 550: 	Loss: 0.5713
Train Step A - Epoch [4]: 	Loss: 0.5777
Test Step A - Epoch [4]: 	Accuracy: 85.46%
-----------------------------------------------------------------------------------------------

Train Step A - Iteration 0: 	Loss: 0.0099
Train Step A - Iteration 50: 	Loss: 0.5470
Train Step A - Iteration 100: 	Loss: 0.5525
Train Step A - Iteration 150: 	Loss: 0.5098
Train Step A - Iteration 200: 	Loss: 0.5412
Train Step A - Iteration 250: 	Loss: 0.5549
Train Step A - Iteration 300: 	Loss: 0.5253
Train Step A - Iteration 350: 	Loss: 0.5073
Train Step A - Iteration 400: 	Loss: 0.5370
Train Step A - Iteration 450: 	Loss: 0.5316
Train Step A - Iteration 500: 	Loss: 0.5417
Train Step A - Iteration 550: 	Loss: 0.5271
Train Step A - Epoch [5]: 	Loss: 0.5338
Test Step A - Epoch [5]: 	Accuracy: 86.06%
-----------------------------------------------------------------------------------------------

Train Step A - Iteration 0: 	Loss: 0.0106
Train Step A - Iteration 50: 	Loss: 0.5017
Train Step A - Iteration 100: 	Loss: 0.5017
Train Step A - Iteration 150: 	Loss: 0.4767
Train Step A - Iteration 200: 	Loss: 0.4997
Train Step A - Iteration 250: 	Loss: 0.4838
Train Step A - Iteration 300: 	Loss: 0.5009
Train Step A - Iteration 350: 	Loss: 0.5048
Train Step A - Iteration 400: 	Loss: 0.5015
Train Step A - Iteration 450: 	Loss: 0.5132
Train Step A - Iteration 500: 	Loss: 0.5007
Train Step A - Iteration 550: 	Loss: 0.4883
Train Step A - Epoch [6]: 	Loss: 0.4970
Test Step A - Epoch [6]: 	Accuracy: 86.12%
-----------------------------------------------------------------------------------------------

Train Step A - Iteration 0: 	Loss: 0.0093
Train Step A - Iteration 50: 	Loss: 0.5074
Train Step A - Iteration 100: 	Loss: 0.4611
Train Step A - Iteration 150: 	Loss: 0.4641
Train Step A - Iteration 200: 	Loss: 0.4795
Train Step A - Iteration 250: 	Loss: 0.4626
Train Step A - Iteration 300: 	Loss: 0.4621
Train Step A - Iteration 350: 	Loss: 0.4948
Train Step A - Iteration 400: 	Loss: 0.4627
Train Step A - Iteration 450: 	Loss: 0.4867
Train Step A - Iteration 500: 	Loss: 0.4510
Train Step A - Iteration 550: 	Loss: 0.4587
Train Step A - Epoch [7]: 	Loss: 0.4716
Test Step A - Epoch [7]: 	Accuracy: 87.17%
-----------------------------------------------------------------------------------------------

Train Step A - Iteration 0: 	Loss: 0.0086
Train Step A - Iteration 50: 	Loss: 0.4614
Train Step A - Iteration 100: 	Loss: 0.4799
Train Step A - Iteration 150: 	Loss: 0.4644
Train Step A - Iteration 200: 	Loss: 0.4458
Train Step A - Iteration 250: 	Loss: 0.4627
Train Step A - Iteration 300: 	Loss: 0.4277
Train Step A - Iteration 350: 	Loss: 0.4425
Train Step A - Iteration 400: 	Loss: 0.4391
Train Step A - Iteration 450: 	Loss: 0.4391
Train Step A - Iteration 500: 	Loss: 0.4320
Train Step A - Iteration 550: 	Loss: 0.4398
Train Step A - Epoch [8]: 	Loss: 0.4480
Test Step A - Epoch [8]: 	Accuracy: 87.63%
-----------------------------------------------------------------------------------------------

Train Step A - Iteration 0: 	Loss: 0.0082
Train Step A - Iteration 50: 	Loss: 0.4202
Train Step A - Iteration 100: 	Loss: 0.4378
Train Step A - Iteration 150: 	Loss: 0.4384
Train Step A - Iteration 200: 	Loss: 0.4328
Train Step A - Iteration 250: 	Loss: 0.4213
Train Step A - Iteration 300: 	Loss: 0.4210
Train Step A - Iteration 350: 	Loss: 0.4255
Train Step A - Iteration 400: 	Loss: 0.4435
Train Step A - Iteration 450: 	Loss: 0.4465
Train Step A - Iteration 500: 	Loss: 0.4179
Train Step A - Iteration 550: 	Loss: 0.4294
Train Step A - Epoch [9]: 	Loss: 0.4306
Test Step A - Epoch [9]: 	Accuracy: 88.04%
-----------------------------------------------------------------------------------------------

Train Step A - Iteration 0: 	Loss: 0.0115
Train Step A - Iteration 50: 	Loss: 0.4257
Train Step A - Iteration 100: 	Loss: 0.4197
Train Step A - Iteration 150: 	Loss: 0.4202
Train Step A - Iteration 200: 	Loss: 0.4213
Train Step A - Iteration 250: 	Loss: 0.4328
Train Step A - Iteration 300: 	Loss: 0.3914
Train Step A - Iteration 350: 	Loss: 0.4067
Train Step A - Iteration 400: 	Loss: 0.3934
Train Step A - Iteration 450: 	Loss: 0.4191
Train Step A - Iteration 500: 	Loss: 0.4292
Train Step A - Iteration 550: 	Loss: 0.3985
Train Step A - Epoch [10]: 	Loss: 0.4140
Test Step A - Epoch [10]: 	Accuracy: 88.53%
-----------------------------------------------------------------------------------------------

Train Step A - Iteration 0: 	Loss: 0.0089
Train Step A - Iteration 50: 	Loss: 0.4149
Train Step A - Iteration 100: 	Loss: 0.3977
Train Step A - Iteration 150: 	Loss: 0.3962
Train Step A - Iteration 200: 	Loss: 0.3887
Train Step A - Iteration 250: 	Loss: 0.4014
Train Step A - Iteration 300: 	Loss: 0.4138
Train Step A - Iteration 350: 	Loss: 0.4193
Train Step A - Iteration 400: 	Loss: 0.3943
Train Step A - Iteration 450: 	Loss: 0.4101
Train Step A - Iteration 500: 	Loss: 0.3903
Train Step A - Iteration 550: 	Loss: 0.3908
Train Step A - Epoch [11]: 	Loss: 0.4016
Test Step A - Epoch [11]: 	Accuracy: 88.79%
-----------------------------------------------------------------------------------------------

Train Step A - Iteration 0: 	Loss: 0.0080
Train Step A - Iteration 50: 	Loss: 0.3852
Train Step A - Iteration 100: 	Loss: 0.3722
Train Step A - Iteration 150: 	Loss: 0.3975
Train Step A - Iteration 200: 	Loss: 0.3737
Train Step A - Iteration 250: 	Loss: 0.3975
Train Step A - Iteration 300: 	Loss: 0.3713
Train Step A - Iteration 350: 	Loss: 0.3602
Train Step A - Iteration 400: 	Loss: 0.3964
Train Step A - Iteration 450: 	Loss: 0.4193
Train Step A - Iteration 500: 	Loss: 0.3884
Train Step A - Iteration 550: 	Loss: 0.3801
Train Step A - Epoch [12]: 	Loss: 0.3850
Test Step A - Epoch [12]: 	Accuracy: 88.78%
-----------------------------------------------------------------------------------------------

Train Step A - Iteration 0: 	Loss: 0.0060
Train Step A - Iteration 50: 	Loss: 0.3745
Train Step A - Iteration 100: 	Loss: 0.3987
Train Step A - Iteration 150: 	Loss: 0.3902
Train Step A - Iteration 200: 	Loss: 0.3491
Train Step A - Iteration 250: 	Loss: 0.3812
Train Step A - Iteration 300: 	Loss: 0.3663
Train Step A - Iteration 350: 	Loss: 0.3665
Train Step A - Iteration 400: 	Loss: 0.3638
Train Step A - Iteration 450: 	Loss: 0.3768
Train Step A - Iteration 500: 	Loss: 0.3693
Train Step A - Iteration 550: 	Loss: 0.3739
Train Step A - Epoch [13]: 	Loss: 0.3737
Test Step A - Epoch [13]: 	Accuracy: 89.19%
-----------------------------------------------------------------------------------------------

Train Step A - Iteration 0: 	Loss: 0.0120
Train Step A - Iteration 50: 	Loss: 0.3534
Train Step A - Iteration 100: 	Loss: 0.3570
Train Step A - Iteration 150: 	Loss: 0.3667
Train Step A - Iteration 200: 	Loss: 0.3508
Train Step A - Iteration 250: 	Loss: 0.3824
Train Step A - Iteration 300: 	Loss: 0.3564
Train Step A - Iteration 350: 	Loss: 0.3600
Train Step A - Iteration 400: 	Loss: 0.3718
Train Step A - Iteration 450: 	Loss: 0.3777
Train Step A - Iteration 500: 	Loss: 0.3792
Train Step A - Iteration 550: 	Loss: 0.3559
Train Step A - Epoch [14]: 	Loss: 0.3646
Test Step A - Epoch [14]: 	Accuracy: 89.48%
-----------------------------------------------------------------------------------------------

Train Step A - Iteration 0: 	Loss: 0.0091
Train Step A - Iteration 50: 	Loss: 0.3703
Train Step A - Iteration 100: 	Loss: 0.3494
Train Step A - Iteration 150: 	Loss: 0.3529
Train Step A - Iteration 200: 	Loss: 0.3533
Train Step A - Iteration 250: 	Loss: 0.3650
Train Step A - Iteration 300: 	Loss: 0.3522
Train Step A - Iteration 350: 	Loss: 0.3385
Train Step A - Iteration 400: 	Loss: 0.3499
Train Step A - Iteration 450: 	Loss: 0.3451
Train Step A - Iteration 500: 	Loss: 0.3558
Train Step A - Iteration 550: 	Loss: 0.3730
Train Step A - Epoch [15]: 	Loss: 0.3551
Test Step A - Epoch [15]: 	Accuracy: 89.70%
-----------------------------------------------------------------------------------------------

Train Step A - Iteration 0: 	Loss: 0.0064
Train Step A - Iteration 50: 	Loss: 0.3545
Train Step A - Iteration 100: 	Loss: 0.3628
Train Step A - Iteration 150: 	Loss: 0.3547
Train Step A - Iteration 200: 	Loss: 0.3443
Train Step A - Iteration 250: 	Loss: 0.3271
Train Step A - Iteration 300: 	Loss: 0.3439
Train Step A - Iteration 350: 	Loss: 0.3323
Train Step A - Iteration 400: 	Loss: 0.3363
Train Step A - Iteration 450: 	Loss: 0.3552
Train Step A - Iteration 500: 	Loss: 0.3343
Train Step A - Iteration 550: 	Loss: 0.3383
Train Step A - Epoch [16]: 	Loss: 0.3439
Test Step A - Epoch [16]: 	Accuracy: 89.72%
-----------------------------------------------------------------------------------------------

Train Step A - Iteration 0: 	Loss: 0.0064
Train Step A - Iteration 50: 	Loss: 0.3422
Train Step A - Iteration 100: 	Loss: 0.3333
Train Step A - Iteration 150: 	Loss: 0.3388
Train Step A - Iteration 200: 	Loss: 0.3397
Train Step A - Iteration 250: 	Loss: 0.3452
Train Step A - Iteration 300: 	Loss: 0.3503
Train Step A - Iteration 350: 	Loss: 0.3325
Train Step A - Iteration 400: 	Loss: 0.3347
Train Step A - Iteration 450: 	Loss: 0.3277
Train Step A - Iteration 500: 	Loss: 0.3326
Train Step A - Iteration 550: 	Loss: 0.3254
Train Step A - Epoch [17]: 	Loss: 0.3361
Test Step A - Epoch [17]: 	Accuracy: 89.99%
-----------------------------------------------------------------------------------------------

Train Step A - Iteration 0: 	Loss: 0.0097
Train Step A - Iteration 50: 	Loss: 0.3258
Train Step A - Iteration 100: 	Loss: 0.3317
Train Step A - Iteration 150: 	Loss: 0.3388
Train Step A - Iteration 200: 	Loss: 0.3226
Train Step A - Iteration 250: 	Loss: 0.3526
Train Step A - Iteration 300: 	Loss: 0.3404
Train Step A - Iteration 350: 	Loss: 0.3195
Train Step A - Iteration 400: 	Loss: 0.3411
Train Step A - Iteration 450: 	Loss: 0.3261
Train Step A - Iteration 500: 	Loss: 0.3355
Train Step A - Iteration 550: 	Loss: 0.3107
Train Step A - Epoch [18]: 	Loss: 0.3312
Test Step A - Epoch [18]: 	Accuracy: 90.31%
-----------------------------------------------------------------------------------------------

Train Step A - Iteration 0: 	Loss: 0.0046
Train Step A - Iteration 50: 	Loss: 0.3311
Train Step A - Iteration 100: 	Loss: 0.3284
Train Step A - Iteration 150: 	Loss: 0.3019
Train Step A - Iteration 200: 	Loss: 0.3105
Train Step A - Iteration 250: 	Loss: 0.3122
Train Step A - Iteration 300: 	Loss: 0.3217
Train Step A - Iteration 350: 	Loss: 0.3348
Train Step A - Iteration 400: 	Loss: 0.3071
Train Step A - Iteration 450: 	Loss: 0.3063
Train Step A - Iteration 500: 	Loss: 0.3303
Train Step A - Iteration 550: 	Loss: 0.3386
Train Step A - Epoch [19]: 	Loss: 0.3221
Test Step A - Epoch [19]: 	Accuracy: 90.29%
-----------------------------------------------------------------------------------------------

Train Step A - Iteration 0: 	Loss: 0.0085
Train Step A - Iteration 50: 	Loss: 0.3057
Train Step A - Iteration 100: 	Loss: 0.3174
Train Step A - Iteration 150: 	Loss: 0.3008
Train Step A - Iteration 200: 	Loss: 0.3115
Train Step A - Iteration 250: 	Loss: 0.3271
Train Step A - Iteration 300: 	Loss: 0.2947
Train Step A - Iteration 350: 	Loss: 0.3210
Train Step A - Iteration 400: 	Loss: 0.3309
Train Step A - Iteration 450: 	Loss: 0.3209
Train Step A - Iteration 500: 	Loss: 0.3319
Train Step A - Iteration 550: 	Loss: 0.3160
Train Step A - Epoch [20]: 	Loss: 0.3159
Test Step A - Epoch [20]: 	Accuracy: 90.62%
-----------------------------------------------------------------------------------------------

Train Step A - Iteration 0: 	Loss: 0.0065
Train Step A - Iteration 50: 	Loss: 0.3161
Train Step A - Iteration 100: 	Loss: 0.2923
Train Step A - Iteration 150: 	Loss: 0.3287
Train Step A - Iteration 200: 	Loss: 0.3208
Train Step A - Iteration 250: 	Loss: 0.3029
Train Step A - Iteration 300: 	Loss: 0.3063
Train Step A - Iteration 350: 	Loss: 0.3010
Train Step A - Iteration 400: 	Loss: 0.2848
Train Step A - Iteration 450: 	Loss: 0.3095
Train Step A - Iteration 500: 	Loss: 0.3074
Train Step A - Iteration 550: 	Loss: 0.2983
Train Step A - Epoch [21]: 	Loss: 0.3072
Test Step A - Epoch [21]: 	Accuracy: 90.72%
-----------------------------------------------------------------------------------------------

Train Step A - Iteration 0: 	Loss: 0.0048
Train Step A - Iteration 50: 	Loss: 0.3020
Train Step A - Iteration 100: 	Loss: 0.2957
Train Step A - Iteration 150: 	Loss: 0.3073
Train Step A - Iteration 200: 	Loss: 0.2990
Train Step A - Iteration 250: 	Loss: 0.3051
Train Step A - Iteration 300: 	Loss: 0.3028
Train Step A - Iteration 350: 	Loss: 0.2918
Train Step A - Iteration 400: 	Loss: 0.3226
Train Step A - Iteration 450: 	Loss: 0.3083
Train Step A - Iteration 500: 	Loss: 0.3107
Train Step A - Iteration 550: 	Loss: 0.2993
Train Step A - Epoch [22]: 	Loss: 0.3038
Test Step A - Epoch [22]: 	Accuracy: 90.82%
-----------------------------------------------------------------------------------------------

Train Step A - Iteration 0: 	Loss: 0.0055
Train Step A - Iteration 50: 	Loss: 0.2850
Train Step A - Iteration 100: 	Loss: 0.2925
Train Step A - Iteration 150: 	Loss: 0.2949
Train Step A - Iteration 200: 	Loss: 0.3030
Train Step A - Iteration 250: 	Loss: 0.2858
Train Step A - Iteration 300: 	Loss: 0.3158
Train Step A - Iteration 350: 	Loss: 0.3031
Train Step A - Iteration 400: 	Loss: 0.2844
Train Step A - Iteration 450: 	Loss: 0.2944
Train Step A - Iteration 500: 	Loss: 0.3111
Train Step A - Iteration 550: 	Loss: 0.2842
Train Step A - Epoch [23]: 	Loss: 0.2964
Test Step A - Epoch [23]: 	Accuracy: 91.12%
-----------------------------------------------------------------------------------------------

Train Step A - Iteration 0: 	Loss: 0.0030
Train Step A - Iteration 50: 	Loss: 0.3027
Train Step A - Iteration 100: 	Loss: 0.2934
Train Step A - Iteration 150: 	Loss: 0.2847
Train Step A - Iteration 200: 	Loss: 0.2735
Train Step A - Iteration 250: 	Loss: 0.2940
Train Step A - Iteration 300: 	Loss: 0.2935
Train Step A - Iteration 350: 	Loss: 0.3022
Train Step A - Iteration 400: 	Loss: 0.3083
Train Step A - Iteration 450: 	Loss: 0.2937
Train Step A - Iteration 500: 	Loss: 0.2813
Train Step A - Iteration 550: 	Loss: 0.2875
Train Step A - Epoch [24]: 	Loss: 0.2912
Test Step A - Epoch [24]: 	Accuracy: 91.10%
-----------------------------------------------------------------------------------------------

Train Step A - Iteration 0: 	Loss: 0.0044
Train Step A - Iteration 50: 	Loss: 0.2594
Train Step A - Iteration 100: 	Loss: 0.2713
Train Step A - Iteration 150: 	Loss: 0.2872
Train Step A - Iteration 200: 	Loss: 0.2891
Train Step A - Iteration 250: 	Loss: 0.2939
Train Step A - Iteration 300: 	Loss: 0.3103
Train Step A - Iteration 350: 	Loss: 0.2857
Train Step A - Iteration 400: 	Loss: 0.2797
Train Step A - Iteration 450: 	Loss: 0.2942
Train Step A - Iteration 500: 	Loss: 0.2828
Train Step A - Iteration 550: 	Loss: 0.2808
Train Step A - Epoch [25]: 	Loss: 0.2855
Test Step A - Epoch [25]: 	Accuracy: 90.98%
-----------------------------------------------------------------------------------------------

Train Step A - Iteration 0: 	Loss: 0.0051
Train Step A - Iteration 50: 	Loss: 0.2786
Train Step A - Iteration 100: 	Loss: 0.2743
Train Step A - Iteration 150: 	Loss: 0.2663
Train Step A - Iteration 200: 	Loss: 0.2761
Train Step A - Iteration 250: 	Loss: 0.2824
Train Step A - Iteration 300: 	Loss: 0.2765
Train Step A - Iteration 350: 	Loss: 0.2907
Train Step A - Iteration 400: 	Loss: 0.2739
Train Step A - Iteration 450: 	Loss: 0.2774
Train Step A - Iteration 500: 	Loss: 0.2906
Train Step A - Iteration 550: 	Loss: 0.2662
Train Step A - Epoch [26]: 	Loss: 0.2783
Test Step A - Epoch [26]: 	Accuracy: 91.39%
-----------------------------------------------------------------------------------------------

Train Step A - Iteration 0: 	Loss: 0.0062
Train Step A - Iteration 50: 	Loss: 0.2681
Train Step A - Iteration 100: 	Loss: 0.2683
Train Step A - Iteration 150: 	Loss: 0.2535
Train Step A - Iteration 200: 	Loss: 0.2822
Train Step A - Iteration 250: 	Loss: 0.2760
Train Step A - Iteration 300: 	Loss: 0.2698
Train Step A - Iteration 350: 	Loss: 0.2728
Train Step A - Iteration 400: 	Loss: 0.2711
Train Step A - Iteration 450: 	Loss: 0.2714
Train Step A - Iteration 500: 	Loss: 0.2844
Train Step A - Iteration 550: 	Loss: 0.2933
Train Step A - Epoch [27]: 	Loss: 0.2731
Test Step A - Epoch [27]: 	Accuracy: 91.38%
-----------------------------------------------------------------------------------------------

Train Step A - Iteration 0: 	Loss: 0.0043
Train Step A - Iteration 50: 	Loss: 0.2702
Train Step A - Iteration 100: 	Loss: 0.2762
Train Step A - Iteration 150: 	Loss: 0.2643
Train Step A - Iteration 200: 	Loss: 0.2695
Train Step A - Iteration 250: 	Loss: 0.2695
Train Step A - Iteration 300: 	Loss: 0.2682
Train Step A - Iteration 350: 	Loss: 0.2663
Train Step A - Iteration 400: 	Loss: 0.2727
Train Step A - Iteration 450: 	Loss: 0.2737
Train Step A - Iteration 500: 	Loss: 0.2682
Train Step A - Iteration 550: 	Loss: 0.2591
Train Step A - Epoch [28]: 	Loss: 0.2689
Test Step A - Epoch [28]: 	Accuracy: 91.38%
-----------------------------------------------------------------------------------------------

Train Step A - Iteration 0: 	Loss: 0.0050
Train Step A - Iteration 50: 	Loss: 0.2711
Train Step A - Iteration 100: 	Loss: 0.2643
Train Step A - Iteration 150: 	Loss: 0.2717
Train Step A - Iteration 200: 	Loss: 0.2429
Train Step A - Iteration 250: 	Loss: 0.2581
Train Step A - Iteration 300: 	Loss: 0.2735
Train Step A - Iteration 350: 	Loss: 0.2681
Train Step A - Iteration 400: 	Loss: 0.3011
Train Step A - Iteration 450: 	Loss: 0.2649
Train Step A - Iteration 500: 	Loss: 0.2589
Train Step A - Iteration 550: 	Loss: 0.2588
Train Step A - Epoch [29]: 	Loss: 0.2661
Test Step A - Epoch [29]: 	Accuracy: 91.38%
-----------------------------------------------------------------------------------------------

Train Step A - Iteration 0: 	Loss: 0.0049
Train Step A - Iteration 50: 	Loss: 0.2562
Train Step A - Iteration 100: 	Loss: 0.2744
Train Step A - Iteration 150: 	Loss: 0.2600
Train Step A - Iteration 200: 	Loss: 0.2421
Train Step A - Iteration 250: 	Loss: 0.2675
Train Step A - Iteration 300: 	Loss: 0.2384
Train Step A - Iteration 350: 	Loss: 0.2620
Train Step A - Iteration 400: 	Loss: 0.2567
Train Step A - Iteration 450: 	Loss: 0.2826
Train Step A - Iteration 500: 	Loss: 0.2590
Train Step A - Iteration 550: 	Loss: 0.2559
Train Step A - Epoch [30]: 	Loss: 0.2602
Test Step A - Epoch [30]: 	Accuracy: 91.68%
-----------------------------------------------------------------------------------------------

Train Step A - Iteration 0: 	Loss: 0.0045
Train Step A - Iteration 50: 	Loss: 0.2572
Train Step A - Iteration 100: 	Loss: 0.2865
Train Step A - Iteration 150: 	Loss: 0.2371
Train Step A - Iteration 200: 	Loss: 0.2469
Train Step A - Iteration 250: 	Loss: 0.2421
Train Step A - Iteration 300: 	Loss: 0.2633
Train Step A - Iteration 350: 	Loss: 0.2697
Train Step A - Iteration 400: 	Loss: 0.2488
Train Step A - Iteration 450: 	Loss: 0.2467
Train Step A - Iteration 500: 	Loss: 0.2494
Train Step A - Iteration 550: 	Loss: 0.2655
Train Step A - Epoch [31]: 	Loss: 0.2552
Test Step A - Epoch [31]: 	Accuracy: 91.79%
-----------------------------------------------------------------------------------------------

Train Step A - Iteration 0: 	Loss: 0.0072
Train Step A - Iteration 50: 	Loss: 0.2591
Train Step A - Iteration 100: 	Loss: 0.2409
Train Step A - Iteration 150: 	Loss: 0.2476
Train Step A - Iteration 200: 	Loss: 0.2370
Train Step A - Iteration 250: 	Loss: 0.2537
Train Step A - Iteration 300: 	Loss: 0.2437
Train Step A - Iteration 350: 	Loss: 0.2637
Train Step A - Iteration 400: 	Loss: 0.2525
Train Step A - Iteration 450: 	Loss: 0.2446
Train Step A - Iteration 500: 	Loss: 0.2492
Train Step A - Iteration 550: 	Loss: 0.2406
Train Step A - Epoch [32]: 	Loss: 0.2489
Test Step A - Epoch [32]: 	Accuracy: 91.98%
-----------------------------------------------------------------------------------------------

Train Step A - Iteration 0: 	Loss: 0.0073
Train Step A - Iteration 50: 	Loss: 0.2403
Train Step A - Iteration 100: 	Loss: 0.2475
Train Step A - Iteration 150: 	Loss: 0.2402
Train Step A - Iteration 200: 	Loss: 0.2412
Train Step A - Iteration 250: 	Loss: 0.2355
Train Step A - Iteration 300: 	Loss: 0.2376
Train Step A - Iteration 350: 	Loss: 0.2515
Train Step A - Iteration 400: 	Loss: 0.2465
Train Step A - Iteration 450: 	Loss: 0.2545
Train Step A - Iteration 500: 	Loss: 0.2563
Train Step A - Iteration 550: 	Loss: 0.2460
Train Step A - Epoch [33]: 	Loss: 0.2454
Test Step A - Epoch [33]: 	Accuracy: 91.75%
-----------------------------------------------------------------------------------------------

Train Step A - Iteration 0: 	Loss: 0.0043
Train Step A - Iteration 50: 	Loss: 0.2554
Train Step A - Iteration 100: 	Loss: 0.2312
Train Step A - Iteration 150: 	Loss: 0.2586
Train Step A - Iteration 200: 	Loss: 0.2347
Train Step A - Iteration 250: 	Loss: 0.2274
Train Step A - Iteration 300: 	Loss: 0.2450
Train Step A - Iteration 350: 	Loss: 0.2380
Train Step A - Iteration 400: 	Loss: 0.2605
Train Step A - Iteration 450: 	Loss: 0.2220
Train Step A - Iteration 500: 	Loss: 0.2311
Train Step A - Iteration 550: 	Loss: 0.2485
Train Step A - Epoch [34]: 	Loss: 0.2414
Test Step A - Epoch [34]: 	Accuracy: 91.86%
-----------------------------------------------------------------------------------------------

Train Step A - Iteration 0: 	Loss: 0.0033
Train Step A - Iteration 50: 	Loss: 0.2238
Train Step A - Iteration 100: 	Loss: 0.2342
Train Step A - Iteration 150: 	Loss: 0.2321
Train Step A - Iteration 200: 	Loss: 0.2440
Train Step A - Iteration 250: 	Loss: 0.2327
Train Step A - Iteration 300: 	Loss: 0.2250
Train Step A - Iteration 350: 	Loss: 0.2440
Train Step A - Iteration 400: 	Loss: 0.2402
Train Step A - Iteration 450: 	Loss: 0.2423
Train Step A - Iteration 500: 	Loss: 0.2519
Train Step A - Iteration 550: 	Loss: 0.2406
Train Step A - Epoch [35]: 	Loss: 0.2368
Test Step A - Epoch [35]: 	Accuracy: 91.87%
-----------------------------------------------------------------------------------------------

Train Step A - Iteration 0: 	Loss: 0.0052
Train Step A - Iteration 50: 	Loss: 0.2409
Train Step A - Iteration 100: 	Loss: 0.2218
Train Step A - Iteration 150: 	Loss: 0.2462
Train Step A - Iteration 200: 	Loss: 0.2346
Train Step A - Iteration 250: 	Loss: 0.2337
Train Step A - Iteration 300: 	Loss: 0.2381
Train Step A - Iteration 350: 	Loss: 0.2449
Train Step A - Iteration 400: 	Loss: 0.2342
Train Step A - Iteration 450: 	Loss: 0.2388
Train Step A - Iteration 500: 	Loss: 0.2320
Train Step A - Iteration 550: 	Loss: 0.2390
Train Step A - Epoch [36]: 	Loss: 0.2372
Test Step A - Epoch [36]: 	Accuracy: 91.95%
-----------------------------------------------------------------------------------------------

Train Step A - Iteration 0: 	Loss: 0.0034
Train Step A - Iteration 50: 	Loss: 0.2133
Train Step A - Iteration 100: 	Loss: 0.2312
Train Step A - Iteration 150: 	Loss: 0.2188
Train Step A - Iteration 200: 	Loss: 0.2208
Train Step A - Iteration 250: 	Loss: 0.2410
Train Step A - Iteration 300: 	Loss: 0.2186
Train Step A - Iteration 350: 	Loss: 0.2263
Train Step A - Iteration 400: 	Loss: 0.2279
Train Step A - Iteration 450: 	Loss: 0.2333
Train Step A - Iteration 500: 	Loss: 0.2347
Train Step A - Iteration 550: 	Loss: 0.2499
Train Step A - Epoch [37]: 	Loss: 0.2276
Test Step A - Epoch [37]: 	Accuracy: 91.87%
-----------------------------------------------------------------------------------------------

Train Step A - Iteration 0: 	Loss: 0.0034
Train Step A - Iteration 50: 	Loss: 0.2366
Train Step A - Iteration 100: 	Loss: 0.2262
Train Step A - Iteration 150: 	Loss: 0.2287
Train Step A - Iteration 200: 	Loss: 0.2192
Train Step A - Iteration 250: 	Loss: 0.2214
Train Step A - Iteration 300: 	Loss: 0.2347
Train Step A - Iteration 350: 	Loss: 0.2285
Train Step A - Iteration 400: 	Loss: 0.2100
Train Step A - Iteration 450: 	Loss: 0.2161
Train Step A - Iteration 500: 	Loss: 0.2240
Train Step A - Iteration 550: 	Loss: 0.2482
Train Step A - Epoch [38]: 	Loss: 0.2266
Test Step A - Epoch [38]: 	Accuracy: 92.03%
-----------------------------------------------------------------------------------------------

Train Step A - Iteration 0: 	Loss: 0.0080
Train Step A - Iteration 50: 	Loss: 0.2184
Train Step A - Iteration 100: 	Loss: 0.2093
Train Step A - Iteration 150: 	Loss: 0.2211
Train Step A - Iteration 200: 	Loss: 0.2193
Train Step A - Iteration 250: 	Loss: 0.2207
Train Step A - Iteration 300: 	Loss: 0.2302
Train Step A - Iteration 350: 	Loss: 0.2231
Train Step A - Iteration 400: 	Loss: 0.2349
Train Step A - Iteration 450: 	Loss: 0.2161
Train Step A - Iteration 500: 	Loss: 0.2313
Train Step A - Iteration 550: 	Loss: 0.2309
Train Step A - Epoch [39]: 	Loss: 0.2244
Test Step A - Epoch [39]: 	Accuracy: 92.15%
-----------------------------------------------------------------------------------------------

Train Step A - Iteration 0: 	Loss: 0.0054
Train Step A - Iteration 50: 	Loss: 0.2243
Train Step A - Iteration 100: 	Loss: 0.2308
Train Step A - Iteration 150: 	Loss: 0.2078
Train Step A - Iteration 200: 	Loss: 0.2127
Train Step A - Iteration 250: 	Loss: 0.2066
Train Step A - Iteration 300: 	Loss: 0.2171
Train Step A - Iteration 350: 	Loss: 0.2210
Train Step A - Iteration 400: 	Loss: 0.2220
Train Step A - Iteration 450: 	Loss: 0.2167
Train Step A - Iteration 500: 	Loss: 0.2128
Train Step A - Iteration 550: 	Loss: 0.2202
Train Step A - Epoch [40]: 	Loss: 0.2178
Test Step A - Epoch [40]: 	Accuracy: 92.27%
-----------------------------------------------------------------------------------------------

Train Step A - Iteration 0: 	Loss: 0.0031
Train Step A - Iteration 50: 	Loss: 0.2116
Train Step A - Iteration 100: 	Loss: 0.2201
Train Step A - Iteration 150: 	Loss: 0.2088
Train Step A - Iteration 200: 	Loss: 0.2164
Train Step A - Iteration 250: 	Loss: 0.2184
Train Step A - Iteration 300: 	Loss: 0.2210
Train Step A - Iteration 350: 	Loss: 0.2057
Train Step A - Iteration 400: 	Loss: 0.2132
Train Step A - Iteration 450: 	Loss: 0.2240
Train Step A - Iteration 500: 	Loss: 0.2242
Train Step A - Iteration 550: 	Loss: 0.2270
Train Step A - Epoch [41]: 	Loss: 0.2183
Test Step A - Epoch [41]: 	Accuracy: 92.27%
-----------------------------------------------------------------------------------------------

Train Step A - Iteration 0: 	Loss: 0.0025
Train Step A - Iteration 50: 	Loss: 0.1996
Train Step A - Iteration 100: 	Loss: 0.1963
Train Step A - Iteration 150: 	Loss: 0.2280
Train Step A - Iteration 200: 	Loss: 0.2297
Train Step A - Iteration 250: 	Loss: 0.2128
Train Step A - Iteration 300: 	Loss: 0.2189
Train Step A - Iteration 350: 	Loss: 0.2109
Train Step A - Iteration 400: 	Loss: 0.2071
Train Step A - Iteration 450: 	Loss: 0.2094
Train Step A - Iteration 500: 	Loss: 0.2189
Train Step A - Iteration 550: 	Loss: 0.2234
Train Step A - Epoch [42]: 	Loss: 0.2143
Test Step A - Epoch [42]: 	Accuracy: 92.20%
-----------------------------------------------------------------------------------------------

Train Step A - Iteration 0: 	Loss: 0.0042
Train Step A - Iteration 50: 	Loss: 0.2051
Train Step A - Iteration 100: 	Loss: 0.2033
Train Step A - Iteration 150: 	Loss: 0.2052
Train Step A - Iteration 200: 	Loss: 0.2112
Train Step A - Iteration 250: 	Loss: 0.2112
Train Step A - Iteration 300: 	Loss: 0.2055
Train Step A - Iteration 350: 	Loss: 0.2014
Train Step A - Iteration 400: 	Loss: 0.2026
Train Step A - Iteration 450: 	Loss: 0.2079
Train Step A - Iteration 500: 	Loss: 0.2202
Train Step A - Iteration 550: 	Loss: 0.2070
Train Step A - Epoch [43]: 	Loss: 0.2082
Test Step A - Epoch [43]: 	Accuracy: 92.18%
-----------------------------------------------------------------------------------------------

Train Step A - Iteration 0: 	Loss: 0.0027
Train Step A - Iteration 50: 	Loss: 0.1916
Train Step A - Iteration 100: 	Loss: 0.2055
Train Step A - Iteration 150: 	Loss: 0.1938
Train Step A - Iteration 200: 	Loss: 0.2015
Train Step A - Iteration 250: 	Loss: 0.2113
Train Step A - Iteration 300: 	Loss: 0.1956
Train Step A - Iteration 350: 	Loss: 0.2073
Train Step A - Iteration 400: 	Loss: 0.2268
Train Step A - Iteration 450: 	Loss: 0.1986
Train Step A - Iteration 500: 	Loss: 0.2224
Train Step A - Iteration 550: 	Loss: 0.2141
Train Step A - Epoch [44]: 	Loss: 0.2057
Test Step A - Epoch [44]: 	Accuracy: 92.21%
-----------------------------------------------------------------------------------------------

Train Step A - Iteration 0: 	Loss: 0.0078
Train Step A - Iteration 50: 	Loss: 0.1892
Train Step A - Iteration 100: 	Loss: 0.2078
Train Step A - Iteration 150: 	Loss: 0.2100
Train Step A - Iteration 200: 	Loss: 0.2182
Train Step A - Iteration 250: 	Loss: 0.2093
Train Step A - Iteration 300: 	Loss: 0.1956
Train Step A - Iteration 350: 	Loss: 0.1977
Train Step A - Iteration 400: 	Loss: 0.2014
Train Step A - Iteration 450: 	Loss: 0.1976
Train Step A - Iteration 500: 	Loss: 0.2074
Train Step A - Iteration 550: 	Loss: 0.2037
Train Step A - Epoch [45]: 	Loss: 0.2040
Test Step A - Epoch [45]: 	Accuracy: 92.26%
-----------------------------------------------------------------------------------------------

Train Step A - Iteration 0: 	Loss: 0.0038
Train Step A - Iteration 50: 	Loss: 0.1790
Train Step A - Iteration 100: 	Loss: 0.2034
Train Step A - Iteration 150: 	Loss: 0.2143
Train Step A - Iteration 200: 	Loss: 0.2224
Train Step A - Iteration 250: 	Loss: 0.2123
Train Step A - Iteration 300: 	Loss: 0.2009
Train Step A - Iteration 350: 	Loss: 0.2100
Train Step A - Iteration 400: 	Loss: 0.2063
Train Step A - Iteration 450: 	Loss: 0.1885
Train Step A - Iteration 500: 	Loss: 0.1922
Train Step A - Iteration 550: 	Loss: 0.1938
Train Step A - Epoch [46]: 	Loss: 0.2025
Test Step A - Epoch [46]: 	Accuracy: 92.31%
-----------------------------------------------------------------------------------------------

Train Step A - Iteration 0: 	Loss: 0.0036
Train Step A - Iteration 50: 	Loss: 0.2003
Train Step A - Iteration 100: 	Loss: 0.2086
Train Step A - Iteration 150: 	Loss: 0.1899
Train Step A - Iteration 200: 	Loss: 0.1954
Train Step A - Iteration 250: 	Loss: 0.2180
Train Step A - Iteration 300: 	Loss: 0.1988
Train Step A - Iteration 350: 	Loss: 0.1859
Train Step A - Iteration 400: 	Loss: 0.2004
Train Step A - Iteration 450: 	Loss: 0.1974
Train Step A - Iteration 500: 	Loss: 0.2006
Train Step A - Iteration 550: 	Loss: 0.1965
Train Step A - Epoch [47]: 	Loss: 0.1991
Test Step A - Epoch [47]: 	Accuracy: 92.42%
-----------------------------------------------------------------------------------------------

Train Step A - Iteration 0: 	Loss: 0.0027
Train Step A - Iteration 50: 	Loss: 0.1909
Train Step A - Iteration 100: 	Loss: 0.1975
Train Step A - Iteration 150: 	Loss: 0.1992
Train Step A - Iteration 200: 	Loss: 0.1935
Train Step A - Iteration 250: 	Loss: 0.1986
Train Step A - Iteration 300: 	Loss: 0.1972
Train Step A - Iteration 350: 	Loss: 0.1842
Train Step A - Iteration 400: 	Loss: 0.1925
Train Step A - Iteration 450: 	Loss: 0.1824
Train Step A - Iteration 500: 	Loss: 0.1958
Train Step A - Iteration 550: 	Loss: 0.2116
Train Step A - Epoch [48]: 	Loss: 0.1947
Test Step A - Epoch [48]: 	Accuracy: 92.37%
-----------------------------------------------------------------------------------------------

Train Step A - Iteration 0: 	Loss: 0.0043
Train Step A - Iteration 50: 	Loss: 0.1913
Train Step A - Iteration 100: 	Loss: 0.1747
Train Step A - Iteration 150: 	Loss: 0.1835
Train Step A - Iteration 200: 	Loss: 0.1879
Train Step A - Iteration 250: 	Loss: 0.1953
Train Step A - Iteration 300: 	Loss: 0.2004
Train Step A - Iteration 350: 	Loss: 0.1813
Train Step A - Iteration 400: 	Loss: 0.1924
Train Step A - Iteration 450: 	Loss: 0.2133
Train Step A - Iteration 500: 	Loss: 0.1927
Train Step A - Iteration 550: 	Loss: 0.1822
Train Step A - Epoch [49]: 	Loss: 0.1898
Test Step A - Epoch [49]: 	Accuracy: 92.54%
-----------------------------------------------------------------------------------------------

Train Step A - Iteration 0: 	Loss: 0.0021
Train Step A - Iteration 50: 	Loss: 0.1899
Train Step A - Iteration 100: 	Loss: 0.1888
Train Step A - Iteration 150: 	Loss: 0.1806
Train Step A - Iteration 200: 	Loss: 0.1881
Train Step A - Iteration 250: 	Loss: 0.1855
Train Step A - Iteration 300: 	Loss: 0.1792
Train Step A - Iteration 350: 	Loss: 0.1897
Train Step A - Iteration 400: 	Loss: 0.2015
Train Step A - Iteration 450: 	Loss: 0.1781
Train Step A - Iteration 500: 	Loss: 0.1847
Train Step A - Iteration 550: 	Loss: 0.1951
Train Step A - Epoch [50]: 	Loss: 0.1869
Test Step A - Epoch [50]: 	Accuracy: 92.44%
-----------------------------------------------------------------------------------------------

Train Step A - Iteration 0: 	Loss: 0.0023
Train Step A - Iteration 50: 	Loss: 0.1929
Train Step A - Iteration 100: 	Loss: 0.1870
Train Step A - Iteration 150: 	Loss: 0.1794
Train Step A - Iteration 200: 	Loss: 0.1824
Train Step A - Iteration 250: 	Loss: 0.1805
Train Step A - Iteration 300: 	Loss: 0.1852
Train Step A - Iteration 350: 	Loss: 0.1878
Train Step A - Iteration 400: 	Loss: 0.1777
Train Step A - Iteration 450: 	Loss: 0.1947
Train Step A - Iteration 500: 	Loss: 0.1784
Train Step A - Iteration 550: 	Loss: 0.1931
Train Step A - Epoch [51]: 	Loss: 0.1856
Test Step A - Epoch [51]: 	Accuracy: 92.38%
-----------------------------------------------------------------------------------------------

Train Step A - Iteration 0: 	Loss: 0.0053
Train Step A - Iteration 50: 	Loss: 0.1788
Train Step A - Iteration 100: 	Loss: 0.1870
Train Step A - Iteration 150: 	Loss: 0.1861
Train Step A - Iteration 200: 	Loss: 0.1891
Train Step A - Iteration 250: 	Loss: 0.1804
Train Step A - Iteration 300: 	Loss: 0.1842
Train Step A - Iteration 350: 	Loss: 0.1888
Train Step A - Iteration 400: 	Loss: 0.1759
Train Step A - Iteration 450: 	Loss: 0.1800
Train Step A - Iteration 500: 	Loss: 0.1778
Train Step A - Iteration 550: 	Loss: 0.1785
Train Step A - Epoch [52]: 	Loss: 0.1831
Test Step A - Epoch [52]: 	Accuracy: 92.47%
-----------------------------------------------------------------------------------------------

Train Step A - Iteration 0: 	Loss: 0.0048
Train Step A - Iteration 50: 	Loss: 0.1811
Train Step A - Iteration 100: 	Loss: 0.1789
Train Step A - Iteration 150: 	Loss: 0.1714
Train Step A - Iteration 200: 	Loss: 0.1805
Train Step A - Iteration 250: 	Loss: 0.1739
Train Step A - Iteration 300: 	Loss: 0.1823
Train Step A - Iteration 350: 	Loss: 0.1748
Train Step A - Iteration 400: 	Loss: 0.1839
Train Step A - Iteration 450: 	Loss: 0.1829
Train Step A - Iteration 500: 	Loss: 0.1791
Train Step A - Iteration 550: 	Loss: 0.1786
Train Step A - Epoch [53]: 	Loss: 0.1789
Test Step A - Epoch [53]: 	Accuracy: 92.42%
-----------------------------------------------------------------------------------------------

Train Step A - Iteration 0: 	Loss: 0.0029
Train Step A - Iteration 50: 	Loss: 0.1854
Train Step A - Iteration 100: 	Loss: 0.1703
Train Step A - Iteration 150: 	Loss: 0.1863
Train Step A - Iteration 200: 	Loss: 0.1897
Train Step A - Iteration 250: 	Loss: 0.1896
Train Step A - Iteration 300: 	Loss: 0.1766
Train Step A - Iteration 350: 	Loss: 0.1821
Train Step A - Iteration 400: 	Loss: 0.1823
Train Step A - Iteration 450: 	Loss: 0.1732
Train Step A - Iteration 500: 	Loss: 0.1691
Train Step A - Iteration 550: 	Loss: 0.1760
Train Step A - Epoch [54]: 	Loss: 0.1797
Test Step A - Epoch [54]: 	Accuracy: 92.64%
-----------------------------------------------------------------------------------------------

Train Step A - Iteration 0: 	Loss: 0.0048
Train Step A - Iteration 50: 	Loss: 0.1629
Train Step A - Iteration 100: 	Loss: 0.1875
Train Step A - Iteration 150: 	Loss: 0.1753
Train Step A - Iteration 200: 	Loss: 0.1766
Train Step A - Iteration 250: 	Loss: 0.1654
Train Step A - Iteration 300: 	Loss: 0.1805
Train Step A - Iteration 350: 	Loss: 0.1776
Train Step A - Iteration 400: 	Loss: 0.1828
Train Step A - Iteration 450: 	Loss: 0.1706
Train Step A - Iteration 500: 	Loss: 0.1712
Train Step A - Iteration 550: 	Loss: 0.1852
Train Step A - Epoch [55]: 	Loss: 0.1762
Test Step A - Epoch [55]: 	Accuracy: 92.46%
-----------------------------------------------------------------------------------------------

Train Step A - Iteration 0: 	Loss: 0.0039
Train Step A - Iteration 50: 	Loss: 0.1567
Train Step A - Iteration 100: 	Loss: 0.1608
Train Step A - Iteration 150: 	Loss: 0.1658
Train Step A - Iteration 200: 	Loss: 0.1697
Train Step A - Iteration 250: 	Loss: 0.1773
Train Step A - Iteration 300: 	Loss: 0.1645
Train Step A - Iteration 350: 	Loss: 0.1820
Train Step A - Iteration 400: 	Loss: 0.1631
Train Step A - Iteration 450: 	Loss: 0.1829
Train Step A - Iteration 500: 	Loss: 0.1704
Train Step A - Iteration 550: 	Loss: 0.1820
Train Step A - Epoch [56]: 	Loss: 0.1702
Test Step A - Epoch [56]: 	Accuracy: 92.47%
-----------------------------------------------------------------------------------------------

Train Step A - Iteration 0: 	Loss: 0.0030
Train Step A - Iteration 50: 	Loss: 0.1622
Train Step A - Iteration 100: 	Loss: 0.1713
Train Step A - Iteration 150: 	Loss: 0.1636
Train Step A - Iteration 200: 	Loss: 0.1771
Train Step A - Iteration 250: 	Loss: 0.1769
Train Step A - Iteration 300: 	Loss: 0.1735
Train Step A - Iteration 350: 	Loss: 0.1750
Train Step A - Iteration 400: 	Loss: 0.1773
Train Step A - Iteration 450: 	Loss: 0.1736
Train Step A - Iteration 500: 	Loss: 0.1838
Train Step A - Iteration 550: 	Loss: 0.1727
Train Step A - Epoch [57]: 	Loss: 0.1732
Test Step A - Epoch [57]: 	Accuracy: 92.58%
-----------------------------------------------------------------------------------------------

Train Step A - Iteration 0: 	Loss: 0.0029
Train Step A - Iteration 50: 	Loss: 0.1819
Train Step A - Iteration 100: 	Loss: 0.1726
Train Step A - Iteration 150: 	Loss: 0.1582
Train Step A - Iteration 200: 	Loss: 0.1673
Train Step A - Iteration 250: 	Loss: 0.1786
Train Step A - Iteration 300: 	Loss: 0.1591
Train Step A - Iteration 350: 	Loss: 0.1543
Train Step A - Iteration 400: 	Loss: 0.1647
Train Step A - Iteration 450: 	Loss: 0.1610
Train Step A - Iteration 500: 	Loss: 0.1641
Train Step A - Iteration 550: 	Loss: 0.1769
Train Step A - Epoch [58]: 	Loss: 0.1680
Test Step A - Epoch [58]: 	Accuracy: 92.58%
-----------------------------------------------------------------------------------------------

Train Step A - Iteration 0: 	Loss: 0.0021
Train Step A - Iteration 50: 	Loss: 0.1527
Train Step A - Iteration 100: 	Loss: 0.1684
Train Step A - Iteration 150: 	Loss: 0.1702
Train Step A - Iteration 200: 	Loss: 0.1682
Train Step A - Iteration 250: 	Loss: 0.1759
Train Step A - Iteration 300: 	Loss: 0.1726
Train Step A - Iteration 350: 	Loss: 0.1670
Train Step A - Iteration 400: 	Loss: 0.1484
Train Step A - Iteration 450: 	Loss: 0.1620
Train Step A - Iteration 500: 	Loss: 0.1584
Train Step A - Iteration 550: 	Loss: 0.1670
Train Step A - Epoch [59]: 	Loss: 0.1648
Test Step A - Epoch [59]: 	Accuracy: 92.65%
-----------------------------------------------------------------------------------------------

Train Step A - Iteration 0: 	Loss: 0.0019
Train Step A - Iteration 50: 	Loss: 0.1635
Train Step A - Iteration 100: 	Loss: 0.1640
Train Step A - Iteration 150: 	Loss: 0.1628
Train Step A - Iteration 200: 	Loss: 0.1601
Train Step A - Iteration 250: 	Loss: 0.1654
Train Step A - Iteration 300: 	Loss: 0.1574
Train Step A - Iteration 350: 	Loss: 0.1702
Train Step A - Iteration 400: 	Loss: 0.1682
Train Step A - Iteration 450: 	Loss: 0.1731
Train Step A - Iteration 500: 	Loss: 0.1586
Train Step A - Iteration 550: 	Loss: 0.1647
Train Step A - Epoch [60]: 	Loss: 0.1637
Test Step A - Epoch [60]: 	Accuracy: 92.52%
-----------------------------------------------------------------------------------------------

Train Step A - Iteration 0: 	Loss: 0.0055
Train Step A - Iteration 50: 	Loss: 0.1680
Train Step A - Iteration 100: 	Loss: 0.1670
Train Step A - Iteration 150: 	Loss: 0.1593
Train Step A - Iteration 200: 	Loss: 0.1401
Train Step A - Iteration 250: 	Loss: 0.1728
Train Step A - Iteration 300: 	Loss: 0.1754
Train Step A - Iteration 350: 	Loss: 0.1618
Train Step A - Iteration 400: 	Loss: 0.1675
Train Step A - Iteration 450: 	Loss: 0.1483
Train Step A - Iteration 500: 	Loss: 0.1587
Train Step A - Iteration 550: 	Loss: 0.1718
Train Step A - Epoch [61]: 	Loss: 0.1642
Test Step A - Epoch [61]: 	Accuracy: 92.63%
-----------------------------------------------------------------------------------------------

Train Step A - Iteration 0: 	Loss: 0.0023
Train Step A - Iteration 50: 	Loss: 0.1595
Train Step A - Iteration 100: 	Loss: 0.1555
Train Step A - Iteration 150: 	Loss: 0.1532
Train Step A - Iteration 200: 	Loss: 0.1496
Train Step A - Iteration 250: 	Loss: 0.1648
Train Step A - Iteration 300: 	Loss: 0.1465
Train Step A - Iteration 350: 	Loss: 0.1683
Train Step A - Iteration 400: 	Loss: 0.1507
Train Step A - Iteration 450: 	Loss: 0.1673
Train Step A - Iteration 500: 	Loss: 0.1572
Train Step A - Iteration 550: 	Loss: 0.1572
Train Step A - Epoch [62]: 	Loss: 0.1576
Test Step A - Epoch [62]: 	Accuracy: 92.55%
-----------------------------------------------------------------------------------------------

Train Step A - Iteration 0: 	Loss: 0.0050
Train Step A - Iteration 50: 	Loss: 0.1405
Train Step A - Iteration 100: 	Loss: 0.1456
Train Step A - Iteration 150: 	Loss: 0.1687
Train Step A - Iteration 200: 	Loss: 0.1506
Train Step A - Iteration 250: 	Loss: 0.1512
Train Step A - Iteration 300: 	Loss: 0.1709
Train Step A - Iteration 350: 	Loss: 0.1653
Train Step A - Iteration 400: 	Loss: 0.1683
Train Step A - Iteration 450: 	Loss: 0.1469
Train Step A - Iteration 500: 	Loss: 0.1594
Train Step A - Iteration 550: 	Loss: 0.1545
Train Step A - Epoch [63]: 	Loss: 0.1570
Test Step A - Epoch [63]: 	Accuracy: 92.54%
-----------------------------------------------------------------------------------------------

Train Step A - Iteration 0: 	Loss: 0.0026
Train Step A - Iteration 50: 	Loss: 0.1445
Train Step A - Iteration 100: 	Loss: 0.1502
Train Step A - Iteration 150: 	Loss: 0.1570
Train Step A - Iteration 200: 	Loss: 0.1708
Train Step A - Iteration 250: 	Loss: 0.1625
Train Step A - Iteration 300: 	Loss: 0.1496
Train Step A - Iteration 350: 	Loss: 0.1516
Train Step A - Iteration 400: 	Loss: 0.1661
Train Step A - Iteration 450: 	Loss: 0.1585
Train Step A - Iteration 500: 	Loss: 0.1635
Train Step A - Iteration 550: 	Loss: 0.1529
Train Step A - Epoch [64]: 	Loss: 0.1567
Test Step A - Epoch [64]: 	Accuracy: 92.51%
-----------------------------------------------------------------------------------------------

Train Step A - Iteration 0: 	Loss: 0.0025
Train Step A - Iteration 50: 	Loss: 0.1493
Train Step A - Iteration 100: 	Loss: 0.1550
Train Step A - Iteration 150: 	Loss: 0.1468
Train Step A - Iteration 200: 	Loss: 0.1487
Train Step A - Iteration 250: 	Loss: 0.1610
Train Step A - Iteration 300: 	Loss: 0.1428
Train Step A - Iteration 350: 	Loss: 0.1533
Train Step A - Iteration 400: 	Loss: 0.1661
Train Step A - Iteration 450: 	Loss: 0.1575
Train Step A - Iteration 500: 	Loss: 0.1609
Train Step A - Iteration 550: 	Loss: 0.1517
Train Step A - Epoch [65]: 	Loss: 0.1541
Test Step A - Epoch [65]: 	Accuracy: 92.67%
-----------------------------------------------------------------------------------------------

Train Step A - Iteration 0: 	Loss: 0.0020
Train Step A - Iteration 50: 	Loss: 0.1646
Train Step A - Iteration 100: 	Loss: 0.1413
Train Step A - Iteration 150: 	Loss: 0.1506
Train Step A - Iteration 200: 	Loss: 0.1512
Train Step A - Iteration 250: 	Loss: 0.1558
Train Step A - Iteration 300: 	Loss: 0.1599
Train Step A - Iteration 350: 	Loss: 0.1536
Train Step A - Iteration 400: 	Loss: 0.1587
Train Step A - Iteration 450: 	Loss: 0.1532
Train Step A - Iteration 500: 	Loss: 0.1498
Train Step A - Iteration 550: 	Loss: 0.1416
Train Step A - Epoch [66]: 	Loss: 0.1526
Test Step A - Epoch [66]: 	Accuracy: 92.49%
-----------------------------------------------------------------------------------------------

Train Step A - Iteration 0: 	Loss: 0.0030
Train Step A - Iteration 50: 	Loss: 0.1490
Train Step A - Iteration 100: 	Loss: 0.1452
Train Step A - Iteration 150: 	Loss: 0.1572
Train Step A - Iteration 200: 	Loss: 0.1427
Train Step A - Iteration 250: 	Loss: 0.1527
Train Step A - Iteration 300: 	Loss: 0.1405
Train Step A - Iteration 350: 	Loss: 0.1407
Train Step A - Iteration 400: 	Loss: 0.1556
Train Step A - Iteration 450: 	Loss: 0.1645
Train Step A - Iteration 500: 	Loss: 0.1522
Train Step A - Iteration 550: 	Loss: 0.1435
Train Step A - Epoch [67]: 	Loss: 0.1497
Test Step A - Epoch [67]: 	Accuracy: 92.67%
-----------------------------------------------------------------------------------------------

Train Step A - Iteration 0: 	Loss: 0.0014
Train Step A - Iteration 50: 	Loss: 0.1403
Train Step A - Iteration 100: 	Loss: 0.1517
Train Step A - Iteration 150: 	Loss: 0.1456
Train Step A - Iteration 200: 	Loss: 0.1333
Train Step A - Iteration 250: 	Loss: 0.1462
Train Step A - Iteration 300: 	Loss: 0.1620
Train Step A - Iteration 350: 	Loss: 0.1438
Train Step A - Iteration 400: 	Loss: 0.1455
Train Step A - Iteration 450: 	Loss: 0.1529
Train Step A - Iteration 500: 	Loss: 0.1423
Train Step A - Iteration 550: 	Loss: 0.1475
Train Step A - Epoch [68]: 	Loss: 0.1461
Test Step A - Epoch [68]: 	Accuracy: 92.69%
-----------------------------------------------------------------------------------------------

Train Step A - Iteration 0: 	Loss: 0.0052
Train Step A - Iteration 50: 	Loss: 0.1528
Train Step A - Iteration 100: 	Loss: 0.1441
Train Step A - Iteration 150: 	Loss: 0.1420
Train Step A - Iteration 200: 	Loss: 0.1443
Train Step A - Iteration 250: 	Loss: 0.1461
Train Step A - Iteration 300: 	Loss: 0.1491
Train Step A - Iteration 350: 	Loss: 0.1374
Train Step A - Iteration 400: 	Loss: 0.1473
Train Step A - Iteration 450: 	Loss: 0.1417
Train Step A - Iteration 500: 	Loss: 0.1337
Train Step A - Iteration 550: 	Loss: 0.1467
Train Step A - Epoch [69]: 	Loss: 0.1449
Test Step A - Epoch [69]: 	Accuracy: 92.64%
-----------------------------------------------------------------------------------------------

Train Step A - Iteration 0: 	Loss: 0.0025
Train Step A - Iteration 50: 	Loss: 0.1415
Train Step A - Iteration 100: 	Loss: 0.1518
Train Step A - Iteration 150: 	Loss: 0.1506
Train Step A - Iteration 200: 	Loss: 0.1341
Train Step A - Iteration 250: 	Loss: 0.1524
Train Step A - Iteration 300: 	Loss: 0.1466
Train Step A - Iteration 350: 	Loss: 0.1320
Train Step A - Iteration 400: 	Loss: 0.1407
Train Step A - Iteration 450: 	Loss: 0.1421
Train Step A - Iteration 500: 	Loss: 0.1316
Train Step A - Iteration 550: 	Loss: 0.1595
Train Step A - Epoch [70]: 	Loss: 0.1442
Test Step A - Epoch [70]: 	Accuracy: 92.82%
-----------------------------------------------------------------------------------------------

Train Step A - Iteration 0: 	Loss: 0.0037
Train Step A - Iteration 50: 	Loss: 0.1353
Train Step A - Iteration 100: 	Loss: 0.1436
Train Step A - Iteration 150: 	Loss: 0.1376
Train Step A - Iteration 200: 	Loss: 0.1481
Train Step A - Iteration 250: 	Loss: 0.1449
Train Step A - Iteration 300: 	Loss: 0.1560
Train Step A - Iteration 350: 	Loss: 0.1322
Train Step A - Iteration 400: 	Loss: 0.1425
Train Step A - Iteration 450: 	Loss: 0.1469
Train Step A - Iteration 500: 	Loss: 0.1411
Train Step A - Iteration 550: 	Loss: 0.1521
Train Step A - Epoch [71]: 	Loss: 0.1434
Test Step A - Epoch [71]: 	Accuracy: 92.81%
-----------------------------------------------------------------------------------------------

Train Step A - Iteration 0: 	Loss: 0.0026
Train Step A - Iteration 50: 	Loss: 0.1426
Train Step A - Iteration 100: 	Loss: 0.1481
Train Step A - Iteration 150: 	Loss: 0.1403
Train Step A - Iteration 200: 	Loss: 0.1376
Train Step A - Iteration 250: 	Loss: 0.1405
Train Step A - Iteration 300: 	Loss: 0.1369
Train Step A - Iteration 350: 	Loss: 0.1388
Train Step A - Iteration 400: 	Loss: 0.1418
Train Step A - Iteration 450: 	Loss: 0.1385
Train Step A - Iteration 500: 	Loss: 0.1489
Train Step A - Iteration 550: 	Loss: 0.1269
Train Step A - Epoch [72]: 	Loss: 0.1401
Test Step A - Epoch [72]: 	Accuracy: 92.62%
-----------------------------------------------------------------------------------------------

Train Step A - Iteration 0: 	Loss: 0.0027
Train Step A - Iteration 50: 	Loss: 0.1462
Train Step A - Iteration 100: 	Loss: 0.1329
Train Step A - Iteration 150: 	Loss: 0.1549
Train Step A - Iteration 200: 	Loss: 0.1467
Train Step A - Iteration 250: 	Loss: 0.1341
Train Step A - Iteration 300: 	Loss: 0.1388
Train Step A - Iteration 350: 	Loss: 0.1359
Train Step A - Iteration 400: 	Loss: 0.1397
Train Step A - Iteration 450: 	Loss: 0.1406
Train Step A - Iteration 500: 	Loss: 0.1365
Train Step A - Iteration 550: 	Loss: 0.1324
Train Step A - Epoch [73]: 	Loss: 0.1402
Test Step A - Epoch [73]: 	Accuracy: 92.68%
-----------------------------------------------------------------------------------------------

Train Step A - Iteration 0: 	Loss: 0.0026
Train Step A - Iteration 50: 	Loss: 0.1377
Train Step A - Iteration 100: 	Loss: 0.1247
Train Step A - Iteration 150: 	Loss: 0.1316
Train Step A - Iteration 200: 	Loss: 0.1356
Train Step A - Iteration 250: 	Loss: 0.1397
Train Step A - Iteration 300: 	Loss: 0.1323
Train Step A - Iteration 350: 	Loss: 0.1402
Train Step A - Iteration 400: 	Loss: 0.1468
Train Step A - Iteration 450: 	Loss: 0.1539
Train Step A - Iteration 500: 	Loss: 0.1294
Train Step A - Iteration 550: 	Loss: 0.1440
Train Step A - Epoch [74]: 	Loss: 0.1374
Test Step A - Epoch [74]: 	Accuracy: 92.78%
-----------------------------------------------------------------------------------------------

Train Step A - Iteration 0: 	Loss: 0.0022
Train Step A - Iteration 50: 	Loss: 0.1352
Train Step A - Iteration 100: 	Loss: 0.1454
Train Step A - Iteration 150: 	Loss: 0.1192
Train Step A - Iteration 200: 	Loss: 0.1328
Train Step A - Iteration 250: 	Loss: 0.1475
Train Step A - Iteration 300: 	Loss: 0.1441
Train Step A - Iteration 350: 	Loss: 0.1351
Train Step A - Iteration 400: 	Loss: 0.1361
Train Step A - Iteration 450: 	Loss: 0.1276
Train Step A - Iteration 500: 	Loss: 0.1330
Train Step A - Iteration 550: 	Loss: 0.1373
Train Step A - Epoch [75]: 	Loss: 0.1358
Test Step A - Epoch [75]: 	Accuracy: 92.73%
-----------------------------------------------------------------------------------------------

Train Step A - Iteration 0: 	Loss: 0.0026
Train Step A - Iteration 50: 	Loss: 0.1372
Train Step A - Iteration 100: 	Loss: 0.1238
Train Step A - Iteration 150: 	Loss: 0.1335
Train Step A - Iteration 200: 	Loss: 0.1310
Train Step A - Iteration 250: 	Loss: 0.1386
Train Step A - Iteration 300: 	Loss: 0.1290
Train Step A - Iteration 350: 	Loss: 0.1310
Train Step A - Iteration 400: 	Loss: 0.1385
Train Step A - Iteration 450: 	Loss: 0.1373
Train Step A - Iteration 500: 	Loss: 0.1398
Train Step A - Iteration 550: 	Loss: 0.1376
Train Step A - Epoch [76]: 	Loss: 0.1341
Test Step A - Epoch [76]: 	Accuracy: 92.73%
-----------------------------------------------------------------------------------------------

Train Step A - Iteration 0: 	Loss: 0.0023
Train Step A - Iteration 50: 	Loss: 0.1292
Train Step A - Iteration 100: 	Loss: 0.1317
Train Step A - Iteration 150: 	Loss: 0.1359
Train Step A - Iteration 200: 	Loss: 0.1234
Train Step A - Iteration 250: 	Loss: 0.1291
Train Step A - Iteration 300: 	Loss: 0.1353
Train Step A - Iteration 350: 	Loss: 0.1365
Train Step A - Iteration 400: 	Loss: 0.1495
Train Step A - Iteration 450: 	Loss: 0.1282
Train Step A - Iteration 500: 	Loss: 0.1302
Train Step A - Iteration 550: 	Loss: 0.1224
Train Step A - Epoch [77]: 	Loss: 0.1325
Test Step A - Epoch [77]: 	Accuracy: 92.68%
-----------------------------------------------------------------------------------------------

Train Step A - Iteration 0: 	Loss: 0.0028
Train Step A - Iteration 50: 	Loss: 0.1184
Train Step A - Iteration 100: 	Loss: 0.1213
Train Step A - Iteration 150: 	Loss: 0.1235
Train Step A - Iteration 200: 	Loss: 0.1164
Train Step A - Iteration 250: 	Loss: 0.1262
Train Step A - Iteration 300: 	Loss: 0.1394
Train Step A - Iteration 350: 	Loss: 0.1279
Train Step A - Iteration 400: 	Loss: 0.1302
Train Step A - Iteration 450: 	Loss: 0.1361
Train Step A - Iteration 500: 	Loss: 0.1330
Train Step A - Iteration 550: 	Loss: 0.1405
Train Step A - Epoch [78]: 	Loss: 0.1281
Test Step A - Epoch [78]: 	Accuracy: 92.64%
-----------------------------------------------------------------------------------------------

Train Step A - Iteration 0: 	Loss: 0.0022
Train Step A - Iteration 50: 	Loss: 0.1370
Train Step A - Iteration 100: 	Loss: 0.1313
Train Step A - Iteration 150: 	Loss: 0.1326
Train Step A - Iteration 200: 	Loss: 0.1212
Train Step A - Iteration 250: 	Loss: 0.1237
Train Step A - Iteration 300: 	Loss: 0.1311
Train Step A - Iteration 350: 	Loss: 0.1288
Train Step A - Iteration 400: 	Loss: 0.1235
Train Step A - Iteration 450: 	Loss: 0.1320
Train Step A - Iteration 500: 	Loss: 0.1332
Train Step A - Iteration 550: 	Loss: 0.1339
Train Step A - Epoch [79]: 	Loss: 0.1299
Test Step A - Epoch [79]: 	Accuracy: 92.63%
-----------------------------------------------------------------------------------------------

Train Step A - Iteration 0: 	Loss: 0.0024
Train Step A - Iteration 50: 	Loss: 0.1312
Train Step A - Iteration 100: 	Loss: 0.1254
Train Step A - Iteration 150: 	Loss: 0.1268
Train Step A - Iteration 200: 	Loss: 0.1234
Train Step A - Iteration 250: 	Loss: 0.1161
Train Step A - Iteration 300: 	Loss: 0.1389
Train Step A - Iteration 350: 	Loss: 0.1259
Train Step A - Iteration 400: 	Loss: 0.1395
Train Step A - Iteration 450: 	Loss: 0.1244
Train Step A - Iteration 500: 	Loss: 0.1369
Train Step A - Iteration 550: 	Loss: 0.1219
Train Step A - Epoch [80]: 	Loss: 0.1278
Test Step A - Epoch [80]: 	Accuracy: 92.71%
-----------------------------------------------------------------------------------------------

Train Step A - Iteration 0: 	Loss: 0.0014
Train Step A - Iteration 50: 	Loss: 0.1297
Train Step A - Iteration 100: 	Loss: 0.1335
Train Step A - Iteration 150: 	Loss: 0.1245
Train Step A - Iteration 200: 	Loss: 0.1194
Train Step A - Iteration 250: 	Loss: 0.1203
Train Step A - Iteration 300: 	Loss: 0.1168
Train Step A - Iteration 350: 	Loss: 0.1251
Train Step A - Iteration 400: 	Loss: 0.1293
Train Step A - Iteration 450: 	Loss: 0.1293
Train Step A - Iteration 500: 	Loss: 0.1295
Train Step A - Iteration 550: 	Loss: 0.1302
Train Step A - Epoch [81]: 	Loss: 0.1262
Test Step A - Epoch [81]: 	Accuracy: 92.80%
-----------------------------------------------------------------------------------------------

Train Step A - Iteration 0: 	Loss: 0.0021
Train Step A - Iteration 50: 	Loss: 0.1208
Train Step A - Iteration 100: 	Loss: 0.1156
Train Step A - Iteration 150: 	Loss: 0.1245
Train Step A - Iteration 200: 	Loss: 0.1347
Train Step A - Iteration 250: 	Loss: 0.1090
Train Step A - Iteration 300: 	Loss: 0.1377
Train Step A - Iteration 350: 	Loss: 0.1244
Train Step A - Iteration 400: 	Loss: 0.1244
Train Step A - Iteration 450: 	Loss: 0.1250
Train Step A - Iteration 500: 	Loss: 0.1240
Train Step A - Iteration 550: 	Loss: 0.1389
Train Step A - Epoch [82]: 	Loss: 0.1255
Test Step A - Epoch [82]: 	Accuracy: 92.67%
-----------------------------------------------------------------------------------------------

Train Step A - Iteration 0: 	Loss: 0.0020
Train Step A - Iteration 50: 	Loss: 0.1273
Train Step A - Iteration 100: 	Loss: 0.1239
Train Step A - Iteration 150: 	Loss: 0.1217
Train Step A - Iteration 200: 	Loss: 0.1382
Train Step A - Iteration 250: 	Loss: 0.1176
Train Step A - Iteration 300: 	Loss: 0.1187
Train Step A - Iteration 350: 	Loss: 0.1155
Train Step A - Iteration 400: 	Loss: 0.1236
Train Step A - Iteration 450: 	Loss: 0.1257
Train Step A - Iteration 500: 	Loss: 0.1223
Train Step A - Iteration 550: 	Loss: 0.1307
Train Step A - Epoch [83]: 	Loss: 0.1244
Test Step A - Epoch [83]: 	Accuracy: 92.75%
-----------------------------------------------------------------------------------------------

Train Step A - Iteration 0: 	Loss: 0.0024
Train Step A - Iteration 50: 	Loss: 0.1246
Train Step A - Iteration 100: 	Loss: 0.1175
Train Step A - Iteration 150: 	Loss: 0.1221
Train Step A - Iteration 200: 	Loss: 0.1206
Train Step A - Iteration 250: 	Loss: 0.1236
Train Step A - Iteration 300: 	Loss: 0.1225
Train Step A - Iteration 350: 	Loss: 0.1268
Train Step A - Iteration 400: 	Loss: 0.1284
Train Step A - Iteration 450: 	Loss: 0.1315
Train Step A - Iteration 500: 	Loss: 0.1109
Train Step A - Iteration 550: 	Loss: 0.1252
Train Step A - Epoch [84]: 	Loss: 0.1234
Test Step A - Epoch [84]: 	Accuracy: 92.73%
-----------------------------------------------------------------------------------------------

Train Step A - Iteration 0: 	Loss: 0.0019
Train Step A - Iteration 50: 	Loss: 0.1156
Train Step A - Iteration 100: 	Loss: 0.1220
Train Step A - Iteration 150: 	Loss: 0.1276
Train Step A - Iteration 200: 	Loss: 0.1156
Train Step A - Iteration 250: 	Loss: 0.1191
Train Step A - Iteration 300: 	Loss: 0.1180
Train Step A - Iteration 350: 	Loss: 0.1223
Train Step A - Iteration 400: 	Loss: 0.1146
Train Step A - Iteration 450: 	Loss: 0.1301
Train Step A - Iteration 500: 	Loss: 0.1192
Train Step A - Iteration 550: 	Loss: 0.1238
Train Step A - Epoch [85]: 	Loss: 0.1208
Test Step A - Epoch [85]: 	Accuracy: 92.66%
-----------------------------------------------------------------------------------------------

Train Step A - Iteration 0: 	Loss: 0.0015
Train Step A - Iteration 50: 	Loss: 0.1124
Train Step A - Iteration 100: 	Loss: 0.1184
Train Step A - Iteration 150: 	Loss: 0.1170
Train Step A - Iteration 200: 	Loss: 0.1139
Train Step A - Iteration 250: 	Loss: 0.1213
Train Step A - Iteration 300: 	Loss: 0.1303
Train Step A - Iteration 350: 	Loss: 0.1279
Train Step A - Iteration 400: 	Loss: 0.1170
Train Step A - Iteration 450: 	Loss: 0.1245
Train Step A - Iteration 500: 	Loss: 0.1167
Train Step A - Iteration 550: 	Loss: 0.1290
Train Step A - Epoch [86]: 	Loss: 0.1206
Test Step A - Epoch [86]: 	Accuracy: 92.73%
-----------------------------------------------------------------------------------------------

Train Step A - Iteration 0: 	Loss: 0.0025
Train Step A - Iteration 50: 	Loss: 0.1055
Train Step A - Iteration 100: 	Loss: 0.1154
Train Step A - Iteration 150: 	Loss: 0.1235
Train Step A - Iteration 200: 	Loss: 0.1144
Train Step A - Iteration 250: 	Loss: 0.1086
Train Step A - Iteration 300: 	Loss: 0.1141
Train Step A - Iteration 350: 	Loss: 0.1199
Train Step A - Iteration 400: 	Loss: 0.1185
Train Step A - Iteration 450: 	Loss: 0.1192
Train Step A - Iteration 500: 	Loss: 0.1131
Train Step A - Iteration 550: 	Loss: 0.1212
Train Step A - Epoch [87]: 	Loss: 0.1160
Test Step A - Epoch [87]: 	Accuracy: 92.64%
-----------------------------------------------------------------------------------------------

Train Step A - Iteration 0: 	Loss: 0.0035
Train Step A - Iteration 50: 	Loss: 0.1228
Train Step A - Iteration 100: 	Loss: 0.1230
Train Step A - Iteration 150: 	Loss: 0.1076
Train Step A - Iteration 200: 	Loss: 0.1148
Train Step A - Iteration 250: 	Loss: 0.1225
Train Step A - Iteration 300: 	Loss: 0.1143
Train Step A - Iteration 350: 	Loss: 0.1168
Train Step A - Iteration 400: 	Loss: 0.1132
Train Step A - Iteration 450: 	Loss: 0.1135
Train Step A - Iteration 500: 	Loss: 0.1210
Train Step A - Iteration 550: 	Loss: 0.1295
Train Step A - Epoch [88]: 	Loss: 0.1184
Test Step A - Epoch [88]: 	Accuracy: 92.66%
-----------------------------------------------------------------------------------------------

Train Step A - Iteration 0: 	Loss: 0.0026
Train Step A - Iteration 50: 	Loss: 0.1086
Train Step A - Iteration 100: 	Loss: 0.1126
Train Step A - Iteration 150: 	Loss: 0.1214
Train Step A - Iteration 200: 	Loss: 0.1160
Train Step A - Iteration 250: 	Loss: 0.1162
Train Step A - Iteration 300: 	Loss: 0.1133
Train Step A - Iteration 350: 	Loss: 0.1098
Train Step A - Iteration 400: 	Loss: 0.1129
Train Step A - Iteration 450: 	Loss: 0.1138
Train Step A - Iteration 500: 	Loss: 0.1140
Train Step A - Iteration 550: 	Loss: 0.1288
Train Step A - Epoch [89]: 	Loss: 0.1153
Test Step A - Epoch [89]: 	Accuracy: 92.79%
-----------------------------------------------------------------------------------------------

Train Step A - Iteration 0: 	Loss: 0.0020
Train Step A - Iteration 50: 	Loss: 0.0984
Train Step A - Iteration 100: 	Loss: 0.1104
Train Step A - Iteration 150: 	Loss: 0.1170
Train Step A - Iteration 200: 	Loss: 0.1213
Train Step A - Iteration 250: 	Loss: 0.1179
Train Step A - Iteration 300: 	Loss: 0.1223
Train Step A - Iteration 350: 	Loss: 0.1080
Train Step A - Iteration 400: 	Loss: 0.1228
Train Step A - Iteration 450: 	Loss: 0.1107
Train Step A - Iteration 500: 	Loss: 0.1063
Train Step A - Iteration 550: 	Loss: 0.1287
Train Step A - Epoch [90]: 	Loss: 0.1154
Test Step A - Epoch [90]: 	Accuracy: 92.80%
-----------------------------------------------------------------------------------------------

Train Step A - Iteration 0: 	Loss: 0.0024
Train Step A - Iteration 50: 	Loss: 0.1156
Train Step A - Iteration 100: 	Loss: 0.1106
Train Step A - Iteration 150: 	Loss: 0.1091
Train Step A - Iteration 200: 	Loss: 0.1119
Train Step A - Iteration 250: 	Loss: 0.1102
Train Step A - Iteration 300: 	Loss: 0.1151
Train Step A - Iteration 350: 	Loss: 0.1058
Train Step A - Iteration 400: 	Loss: 0.1076
Train Step A - Iteration 450: 	Loss: 0.1156
Train Step A - Iteration 500: 	Loss: 0.1129
Train Step A - Iteration 550: 	Loss: 0.1094
Train Step A - Epoch [91]: 	Loss: 0.1114
Test Step A - Epoch [91]: 	Accuracy: 92.71%
-----------------------------------------------------------------------------------------------

Train Step A - Iteration 0: 	Loss: 0.0018
Train Step A - Iteration 50: 	Loss: 0.1128
Train Step A - Iteration 100: 	Loss: 0.1181
Train Step A - Iteration 150: 	Loss: 0.1071
Train Step A - Iteration 200: 	Loss: 0.1122
Train Step A - Iteration 250: 	Loss: 0.1209
Train Step A - Iteration 300: 	Loss: 0.1066
Train Step A - Iteration 350: 	Loss: 0.1202
Train Step A - Iteration 400: 	Loss: 0.1130
Train Step A - Iteration 450: 	Loss: 0.1092
Train Step A - Iteration 500: 	Loss: 0.1075
Train Step A - Iteration 550: 	Loss: 0.1235
Train Step A - Epoch [92]: 	Loss: 0.1134
Test Step A - Epoch [92]: 	Accuracy: 92.63%
-----------------------------------------------------------------------------------------------

Train Step A - Iteration 0: 	Loss: 0.0026
Train Step A - Iteration 50: 	Loss: 0.1050
Train Step A - Iteration 100: 	Loss: 0.1170
Train Step A - Iteration 150: 	Loss: 0.1102
Train Step A - Iteration 200: 	Loss: 0.1039
Train Step A - Iteration 250: 	Loss: 0.1243
Train Step A - Iteration 300: 	Loss: 0.1117
Train Step A - Iteration 350: 	Loss: 0.1134
Train Step A - Iteration 400: 	Loss: 0.1178
Train Step A - Iteration 450: 	Loss: 0.1139
Train Step A - Iteration 500: 	Loss: 0.1088
Train Step A - Iteration 550: 	Loss: 0.1141
Train Step A - Epoch [93]: 	Loss: 0.1132
Test Step A - Epoch [93]: 	Accuracy: 92.71%
-----------------------------------------------------------------------------------------------

Train Step A - Iteration 0: 	Loss: 0.0034
Train Step A - Iteration 50: 	Loss: 0.1171
Train Step A - Iteration 100: 	Loss: 0.1096
Train Step A - Iteration 150: 	Loss: 0.1038
Train Step A - Iteration 200: 	Loss: 0.1086
Train Step A - Iteration 250: 	Loss: 0.1182
Train Step A - Iteration 300: 	Loss: 0.1180
Train Step A - Iteration 350: 	Loss: 0.0989
Train Step A - Iteration 400: 	Loss: 0.1009
Train Step A - Iteration 450: 	Loss: 0.1139
Train Step A - Iteration 500: 	Loss: 0.1101
Train Step A - Iteration 550: 	Loss: 0.1150
Train Step A - Epoch [94]: 	Loss: 0.1103
Test Step A - Epoch [94]: 	Accuracy: 92.83%
-----------------------------------------------------------------------------------------------

Train Step A - Iteration 0: 	Loss: 0.0026
Train Step A - Iteration 50: 	Loss: 0.1119
Train Step A - Iteration 100: 	Loss: 0.1057
Train Step A - Iteration 150: 	Loss: 0.1042
Train Step A - Iteration 200: 	Loss: 0.1079
Train Step A - Iteration 250: 	Loss: 0.1033
Train Step A - Iteration 300: 	Loss: 0.1030
Train Step A - Iteration 350: 	Loss: 0.1090
Train Step A - Iteration 400: 	Loss: 0.1131
Train Step A - Iteration 450: 	Loss: 0.1041
Train Step A - Iteration 500: 	Loss: 0.1087
Train Step A - Iteration 550: 	Loss: 0.1168
Train Step A - Epoch [95]: 	Loss: 0.1084
Test Step A - Epoch [95]: 	Accuracy: 92.76%
-----------------------------------------------------------------------------------------------

Train Step A - Iteration 0: 	Loss: 0.0019
Train Step A - Iteration 50: 	Loss: 0.1027
Train Step A - Iteration 100: 	Loss: 0.1054
Train Step A - Iteration 150: 	Loss: 0.1019
Train Step A - Iteration 200: 	Loss: 0.1045
Train Step A - Iteration 250: 	Loss: 0.1022
Train Step A - Iteration 300: 	Loss: 0.1105
Train Step A - Iteration 350: 	Loss: 0.1105
Train Step A - Iteration 400: 	Loss: 0.1109
Train Step A - Iteration 450: 	Loss: 0.1111
Train Step A - Iteration 500: 	Loss: 0.1085
Train Step A - Iteration 550: 	Loss: 0.1106
Train Step A - Epoch [96]: 	Loss: 0.1067
Test Step A - Epoch [96]: 	Accuracy: 92.89%
-----------------------------------------------------------------------------------------------

Train Step A - Iteration 0: 	Loss: 0.0035
Train Step A - Iteration 50: 	Loss: 0.1032
Train Step A - Iteration 100: 	Loss: 0.1011
Train Step A - Iteration 150: 	Loss: 0.0981
Train Step A - Iteration 200: 	Loss: 0.1090
Train Step A - Iteration 250: 	Loss: 0.1149
Train Step A - Iteration 300: 	Loss: 0.1058
Train Step A - Iteration 350: 	Loss: 0.1052
Train Step A - Iteration 400: 	Loss: 0.1154
Train Step A - Iteration 450: 	Loss: 0.1144
Train Step A - Iteration 500: 	Loss: 0.1154
Train Step A - Iteration 550: 	Loss: 0.1079
Train Step A - Epoch [97]: 	Loss: 0.1078
Test Step A - Epoch [97]: 	Accuracy: 92.81%
-----------------------------------------------------------------------------------------------

Train Step A - Iteration 0: 	Loss: 0.0014
Train Step A - Iteration 50: 	Loss: 0.1068
Train Step A - Iteration 100: 	Loss: 0.0994
Train Step A - Iteration 150: 	Loss: 0.1023
Train Step A - Iteration 200: 	Loss: 0.1122
Train Step A - Iteration 250: 	Loss: 0.0984
Train Step A - Iteration 300: 	Loss: 0.0871
Train Step A - Iteration 350: 	Loss: 0.1077
Train Step A - Iteration 400: 	Loss: 0.0997
Train Step A - Iteration 450: 	Loss: 0.1036
Train Step A - Iteration 500: 	Loss: 0.1154
Train Step A - Iteration 550: 	Loss: 0.1115
Train Step A - Epoch [98]: 	Loss: 0.1046
Test Step A - Epoch [98]: 	Accuracy: 92.67%
-----------------------------------------------------------------------------------------------

Train Step A - Iteration 0: 	Loss: 0.0018
Train Step A - Iteration 50: 	Loss: 0.0999
Train Step A - Iteration 100: 	Loss: 0.1107
Train Step A - Iteration 150: 	Loss: 0.0979
Train Step A - Iteration 200: 	Loss: 0.0998
Train Step A - Iteration 250: 	Loss: 0.1014
Train Step A - Iteration 300: 	Loss: 0.0970
Train Step A - Iteration 350: 	Loss: 0.0973
Train Step A - Iteration 400: 	Loss: 0.1108
Train Step A - Iteration 450: 	Loss: 0.1061
Train Step A - Iteration 500: 	Loss: 0.1034
Train Step A - Iteration 550: 	Loss: 0.1018
Train Step A - Epoch [99]: 	Loss: 0.1024
Test Step A - Epoch [99]: 	Accuracy: 92.71%
-----------------------------------------------------------------------------------------------

Train Step A - Iteration 0: 	Loss: 0.0022
Train Step A - Iteration 50: 	Loss: 0.1030
Train Step A - Iteration 100: 	Loss: 0.1020
Train Step A - Iteration 150: 	Loss: 0.0916
Train Step A - Iteration 200: 	Loss: 0.1035
Train Step A - Iteration 250: 	Loss: 0.1073
Train Step A - Iteration 300: 	Loss: 0.1064
Train Step A - Iteration 350: 	Loss: 0.1085
Train Step A - Iteration 400: 	Loss: 0.1039
Train Step A - Iteration 450: 	Loss: 0.1073
Train Step A - Iteration 500: 	Loss: 0.1058
Train Step A - Iteration 550: 	Loss: 0.1099
Train Step A - Epoch [100]: 	Loss: 0.1044
Test Step A - Epoch [100]: 	Accuracy: 92.66%
-----------------------------------------------------------------------------------------------

Using downloaded and verified file: ./data/SVHN/color/raw/train/train_32x32.mat
Using downloaded and verified file: ./data/SVHN/color/raw/test/test_32x32.mat
Train Step B - Epoch [1]:               Discriminator GAN loss: 0.4059,               Generator GAN Loss: 1.5340,               Cycle loss: 0.9612,               Semantic Loss: 1.5805,               D_feat GAN Loss: 0.6932,               F_T GAN Loss: 0.0000,               Task loss: 2.2359
Test Step B - Epoch [1]: 	Accuracy: 15.01%
-----------------------------------------------------------------------------------------------

Train Step B - Epoch [2]:               Discriminator GAN loss: 0.3574,               Generator GAN Loss: 1.9163,               Cycle loss: 0.7271,               Semantic Loss: 1.2752,               D_feat GAN Loss: 0.6931,               F_T GAN Loss: 0.0000,               Task loss: 2.0222
Test Step B - Epoch [2]: 	Accuracy: 32.45%
-----------------------------------------------------------------------------------------------

Train Step B - Epoch [3]:               Discriminator GAN loss: 0.3368,               Generator GAN Loss: 2.1278,               Cycle loss: 0.6346,               Semantic Loss: 1.1960,               D_feat GAN Loss: 0.6932,               F_T GAN Loss: 0.0000,               Task loss: 1.6191
Test Step B - Epoch [3]: 	Accuracy: 51.02%
-----------------------------------------------------------------------------------------------

Train Step B - Epoch [4]:               Discriminator GAN loss: 0.3244,               Generator GAN Loss: 2.1744,               Cycle loss: 0.5806,               Semantic Loss: 1.0992,               D_feat GAN Loss: 0.6932,               F_T GAN Loss: 0.0000,               Task loss: 1.3178
Test Step B - Epoch [4]: 	Accuracy: 59.96%
-----------------------------------------------------------------------------------------------

Train Step B - Epoch [5]:               Discriminator GAN loss: 0.3419,               Generator GAN Loss: 2.1169,               Cycle loss: 0.5508,               Semantic Loss: 1.0009,               D_feat GAN Loss: 0.6932,               F_T GAN Loss: 0.0000,               Task loss: 1.1250
Test Step B - Epoch [5]: 	Accuracy: 63.55%
-----------------------------------------------------------------------------------------------

Train Step B - Epoch [6]:               Discriminator GAN loss: 0.3357,               Generator GAN Loss: 2.1010,               Cycle loss: 0.5263,               Semantic Loss: 0.8722,               D_feat GAN Loss: 0.6932,               F_T GAN Loss: 0.0000,               Task loss: 0.9811
Test Step B - Epoch [6]: 	Accuracy: 63.50%
-----------------------------------------------------------------------------------------------

Train Step B - Epoch [7]:               Discriminator GAN loss: 0.3224,               Generator GAN Loss: 2.1403,               Cycle loss: 0.5056,               Semantic Loss: 0.7844,               D_feat GAN Loss: 0.6932,               F_T GAN Loss: 0.0000,               Task loss: 0.8847
Test Step B - Epoch [7]: 	Accuracy: 64.16%
-----------------------------------------------------------------------------------------------

Train Step B - Epoch [8]:               Discriminator GAN loss: 0.3389,               Generator GAN Loss: 2.0702,               Cycle loss: 0.4911,               Semantic Loss: 0.7159,               D_feat GAN Loss: 0.6932,               F_T GAN Loss: 0.0000,               Task loss: 0.8211
Test Step B - Epoch [8]: 	Accuracy: 67.00%
-----------------------------------------------------------------------------------------------

Train Step B - Epoch [9]:               Discriminator GAN loss: 0.3295,               Generator GAN Loss: 2.0766,               Cycle loss: 0.4740,               Semantic Loss: 0.6385,               D_feat GAN Loss: 0.6932,               F_T GAN Loss: 0.0000,               Task loss: 0.7604
Test Step B - Epoch [9]: 	Accuracy: 69.07%
-----------------------------------------------------------------------------------------------

Train Step B - Epoch [10]:               Discriminator GAN loss: 0.3301,               Generator GAN Loss: 2.0702,               Cycle loss: 0.4594,               Semantic Loss: 0.6009,               D_feat GAN Loss: 0.6932,               F_T GAN Loss: 0.0000,               Task loss: 0.7199
Test Step B - Epoch [10]: 	Accuracy: 69.35%
-----------------------------------------------------------------------------------------------

Train Step B - Epoch [11]:               Discriminator GAN loss: 0.3246,               Generator GAN Loss: 2.0942,               Cycle loss: 0.4471,               Semantic Loss: 0.5582,               D_feat GAN Loss: 0.6932,               F_T GAN Loss: 0.0000,               Task loss: 0.6893
Test Step B - Epoch [11]: 	Accuracy: 69.95%
-----------------------------------------------------------------------------------------------

Train Step B - Epoch [12]:               Discriminator GAN loss: 0.3214,               Generator GAN Loss: 2.1061,               Cycle loss: 0.4358,               Semantic Loss: 0.5377,               D_feat GAN Loss: 0.6932,               F_T GAN Loss: 0.0000,               Task loss: 0.6528
Test Step B - Epoch [12]: 	Accuracy: 70.14%
-----------------------------------------------------------------------------------------------

Train Step B - Epoch [13]:               Discriminator GAN loss: 0.3224,               Generator GAN Loss: 2.1023,               Cycle loss: 0.4250,               Semantic Loss: 0.5049,               D_feat GAN Loss: 0.6932,               F_T GAN Loss: 0.0000,               Task loss: 0.6248
Test Step B - Epoch [13]: 	Accuracy: 71.25%
-----------------------------------------------------------------------------------------------

Train Step B - Epoch [14]:               Discriminator GAN loss: 0.3148,               Generator GAN Loss: 2.1206,               Cycle loss: 0.4130,               Semantic Loss: 0.4744,               D_feat GAN Loss: 0.6932,               F_T GAN Loss: 0.0000,               Task loss: 0.5993
Test Step B - Epoch [14]: 	Accuracy: 72.96%
-----------------------------------------------------------------------------------------------

Train Step B - Epoch [15]:               Discriminator GAN loss: 0.3147,               Generator GAN Loss: 2.1316,               Cycle loss: 0.4012,               Semantic Loss: 0.4578,               D_feat GAN Loss: 0.6932,               F_T GAN Loss: 0.0000,               Task loss: 0.5709
Test Step B - Epoch [15]: 	Accuracy: 72.12%
-----------------------------------------------------------------------------------------------

Train Step B - Epoch [16]:               Discriminator GAN loss: 0.3084,               Generator GAN Loss: 2.1566,               Cycle loss: 0.3850,               Semantic Loss: 0.4465,               D_feat GAN Loss: 0.6932,               F_T GAN Loss: 0.0000,               Task loss: 0.5578
Test Step B - Epoch [16]: 	Accuracy: 73.69%
-----------------------------------------------------------------------------------------------

Train Step B - Epoch [17]:               Discriminator GAN loss: 0.3090,               Generator GAN Loss: 2.1748,               Cycle loss: 0.3670,               Semantic Loss: 0.4273,               D_feat GAN Loss: 0.6932,               F_T GAN Loss: 0.0000,               Task loss: 0.5394
Test Step B - Epoch [17]: 	Accuracy: 73.36%
-----------------------------------------------------------------------------------------------

Train Step B - Epoch [18]:               Discriminator GAN loss: 0.3038,               Generator GAN Loss: 2.1836,               Cycle loss: 0.3528,               Semantic Loss: 0.4126,               D_feat GAN Loss: 0.6932,               F_T GAN Loss: 0.0000,               Task loss: 0.5262
Test Step B - Epoch [18]: 	Accuracy: 74.14%
-----------------------------------------------------------------------------------------------

Train Step B - Epoch [19]:               Discriminator GAN loss: 0.2978,               Generator GAN Loss: 2.2134,               Cycle loss: 0.3420,               Semantic Loss: 0.4014,               D_feat GAN Loss: 0.6932,               F_T GAN Loss: 0.0000,               Task loss: 0.5024
Test Step B - Epoch [19]: 	Accuracy: 74.77%
-----------------------------------------------------------------------------------------------

Train Step B - Epoch [20]:               Discriminator GAN loss: 0.2918,               Generator GAN Loss: 2.2350,               Cycle loss: 0.3315,               Semantic Loss: 0.3882,               D_feat GAN Loss: 0.6932,               F_T GAN Loss: 0.0000,               Task loss: 0.4898
Test Step B - Epoch [20]: 	Accuracy: 74.42%
-----------------------------------------------------------------------------------------------

Train Step B - Epoch [21]:               Discriminator GAN loss: 0.2918,               Generator GAN Loss: 2.2611,               Cycle loss: 0.3250,               Semantic Loss: 0.3766,               D_feat GAN Loss: 0.6932,               F_T GAN Loss: 0.0000,               Task loss: 0.4844
Test Step B - Epoch [21]: 	Accuracy: 74.57%
-----------------------------------------------------------------------------------------------

Train Step B - Epoch [22]:               Discriminator GAN loss: 0.2787,               Generator GAN Loss: 2.3049,               Cycle loss: 0.3160,               Semantic Loss: 0.3713,               D_feat GAN Loss: 0.6932,               F_T GAN Loss: 0.0000,               Task loss: 0.4763
Test Step B - Epoch [22]: 	Accuracy: 74.48%
-----------------------------------------------------------------------------------------------

Train Step B - Epoch [23]:               Discriminator GAN loss: 0.2754,               Generator GAN Loss: 2.3432,               Cycle loss: 0.3122,               Semantic Loss: 0.3536,               D_feat GAN Loss: 0.6932,               F_T GAN Loss: 0.0000,               Task loss: 0.4605
Test Step B - Epoch [23]: 	Accuracy: 75.18%
-----------------------------------------------------------------------------------------------

Train Step B - Epoch [24]:               Discriminator GAN loss: 0.2786,               Generator GAN Loss: 2.3576,               Cycle loss: 0.3065,               Semantic Loss: 0.3518,               D_feat GAN Loss: 0.6932,               F_T GAN Loss: 0.0000,               Task loss: 0.4549
Test Step B - Epoch [24]: 	Accuracy: 75.00%
-----------------------------------------------------------------------------------------------

Train Step B - Epoch [25]:               Discriminator GAN loss: 0.2681,               Generator GAN Loss: 2.3901,               Cycle loss: 0.3010,               Semantic Loss: 0.3431,               D_feat GAN Loss: 0.6932,               F_T GAN Loss: 0.0000,               Task loss: 0.4416
Test Step B - Epoch [25]: 	Accuracy: 75.06%
-----------------------------------------------------------------------------------------------

Train Step B - Epoch [26]:               Discriminator GAN loss: 0.2626,               Generator GAN Loss: 2.4388,               Cycle loss: 0.2979,               Semantic Loss: 0.3399,               D_feat GAN Loss: 0.6932,               F_T GAN Loss: 0.0000,               Task loss: 0.4412
Test Step B - Epoch [26]: 	Accuracy: 74.68%
-----------------------------------------------------------------------------------------------

Train Step B - Epoch [27]:               Discriminator GAN loss: 0.2589,               Generator GAN Loss: 2.4666,               Cycle loss: 0.2954,               Semantic Loss: 0.3386,               D_feat GAN Loss: 0.6932,               F_T GAN Loss: 0.0000,               Task loss: 0.4304
Test Step B - Epoch [27]: 	Accuracy: 74.73%
-----------------------------------------------------------------------------------------------

Train Step B - Epoch [28]:               Discriminator GAN loss: 0.2536,               Generator GAN Loss: 2.5062,               Cycle loss: 0.2907,               Semantic Loss: 0.3298,               D_feat GAN Loss: 0.6932,               F_T GAN Loss: 0.0000,               Task loss: 0.4228
Test Step B - Epoch [28]: 	Accuracy: 75.18%
-----------------------------------------------------------------------------------------------

Train Step B - Epoch [29]:               Discriminator GAN loss: 0.2489,               Generator GAN Loss: 2.5445,               Cycle loss: 0.2886,               Semantic Loss: 0.3219,               D_feat GAN Loss: 0.6932,               F_T GAN Loss: 0.0000,               Task loss: 0.4149
Test Step B - Epoch [29]: 	Accuracy: 75.73%
-----------------------------------------------------------------------------------------------

Train Step B - Epoch [30]:               Discriminator GAN loss: 0.2438,               Generator GAN Loss: 2.5846,               Cycle loss: 0.2874,               Semantic Loss: 0.3223,               D_feat GAN Loss: 0.6932,               F_T GAN Loss: 0.0000,               Task loss: 0.4128
Test Step B - Epoch [30]: 	Accuracy: 75.39%
-----------------------------------------------------------------------------------------------

Train Step B - Epoch [31]:               Discriminator GAN loss: 0.2405,               Generator GAN Loss: 2.6317,               Cycle loss: 0.2838,               Semantic Loss: 0.3220,               D_feat GAN Loss: 0.6932,               F_T GAN Loss: 0.0000,               Task loss: 0.4048
Test Step B - Epoch [31]: 	Accuracy: 75.24%
-----------------------------------------------------------------------------------------------

Train Step B - Epoch [32]:               Discriminator GAN loss: 0.2300,               Generator GAN Loss: 2.6803,               Cycle loss: 0.2798,               Semantic Loss: 0.3149,               D_feat GAN Loss: 0.6932,               F_T GAN Loss: 0.0000,               Task loss: 0.4026
Test Step B - Epoch [32]: 	Accuracy: 75.36%
-----------------------------------------------------------------------------------------------

Train Step B - Epoch [33]:               Discriminator GAN loss: 0.2232,               Generator GAN Loss: 2.7334,               Cycle loss: 0.2778,               Semantic Loss: 0.2967,               D_feat GAN Loss: 0.6932,               F_T GAN Loss: 0.0000,               Task loss: 0.3921
Test Step B - Epoch [33]: 	Accuracy: 75.69%
-----------------------------------------------------------------------------------------------

Train Step B - Epoch [34]:               Discriminator GAN loss: 0.2176,               Generator GAN Loss: 2.7668,               Cycle loss: 0.2759,               Semantic Loss: 0.2991,               D_feat GAN Loss: 0.6932,               F_T GAN Loss: 0.0000,               Task loss: 0.3874
Test Step B - Epoch [34]: 	Accuracy: 75.39%
-----------------------------------------------------------------------------------------------

Train Step B - Epoch [35]:               Discriminator GAN loss: 0.2097,               Generator GAN Loss: 2.8335,               Cycle loss: 0.2729,               Semantic Loss: 0.2912,               D_feat GAN Loss: 0.6932,               F_T GAN Loss: 0.0000,               Task loss: 0.3860
Test Step B - Epoch [35]: 	Accuracy: 74.90%
-----------------------------------------------------------------------------------------------

Train Step B - Epoch [36]:               Discriminator GAN loss: 0.2015,               Generator GAN Loss: 2.8628,               Cycle loss: 0.2712,               Semantic Loss: 0.2836,               D_feat GAN Loss: 0.6932,               F_T GAN Loss: 0.0000,               Task loss: 0.3747
Test Step B - Epoch [36]: 	Accuracy: 75.13%
-----------------------------------------------------------------------------------------------

Train Step B - Epoch [37]:               Discriminator GAN loss: 0.1990,               Generator GAN Loss: 2.9001,               Cycle loss: 0.2705,               Semantic Loss: 0.2833,               D_feat GAN Loss: 0.6932,               F_T GAN Loss: 0.0000,               Task loss: 0.3728
Test Step B - Epoch [37]: 	Accuracy: 75.48%
-----------------------------------------------------------------------------------------------

Train Step B - Epoch [38]:               Discriminator GAN loss: 0.1963,               Generator GAN Loss: 2.9309,               Cycle loss: 0.2683,               Semantic Loss: 0.2817,               D_feat GAN Loss: 0.6932,               F_T GAN Loss: 0.0000,               Task loss: 0.3677
Test Step B - Epoch [38]: 	Accuracy: 75.34%
-----------------------------------------------------------------------------------------------

Train Step B - Epoch [39]:               Discriminator GAN loss: 0.1928,               Generator GAN Loss: 2.9568,               Cycle loss: 0.2654,               Semantic Loss: 0.2736,               D_feat GAN Loss: 0.6932,               F_T GAN Loss: 0.0000,               Task loss: 0.3639
Test Step B - Epoch [39]: 	Accuracy: 75.43%
-----------------------------------------------------------------------------------------------

Train Step B - Epoch [40]:               Discriminator GAN loss: 0.1889,               Generator GAN Loss: 3.0021,               Cycle loss: 0.2657,               Semantic Loss: 0.2728,               D_feat GAN Loss: 0.6932,               F_T GAN Loss: 0.0000,               Task loss: 0.3639
Test Step B - Epoch [40]: 	Accuracy: 75.49%
-----------------------------------------------------------------------------------------------

Train Step B - Epoch [41]:               Discriminator GAN loss: 0.1873,               Generator GAN Loss: 3.0216,               Cycle loss: 0.2630,               Semantic Loss: 0.2721,               D_feat GAN Loss: 0.6932,               F_T GAN Loss: 0.0000,               Task loss: 0.3607
Test Step B - Epoch [41]: 	Accuracy: 75.22%
-----------------------------------------------------------------------------------------------

Train Step B - Epoch [42]:               Discriminator GAN loss: 0.1862,               Generator GAN Loss: 3.0437,               Cycle loss: 0.2618,               Semantic Loss: 0.2650,               D_feat GAN Loss: 0.6932,               F_T GAN Loss: 0.0000,               Task loss: 0.3602
Test Step B - Epoch [42]: 	Accuracy: 75.26%
-----------------------------------------------------------------------------------------------

Train Step B - Epoch [43]:               Discriminator GAN loss: 0.1822,               Generator GAN Loss: 3.0760,               Cycle loss: 0.2598,               Semantic Loss: 0.2636,               D_feat GAN Loss: 0.6932,               F_T GAN Loss: 0.0000,               Task loss: 0.3526
Test Step B - Epoch [43]: 	Accuracy: 75.59%
-----------------------------------------------------------------------------------------------

Train Step B - Epoch [44]:               Discriminator GAN loss: 0.1739,               Generator GAN Loss: 3.1098,               Cycle loss: 0.2589,               Semantic Loss: 0.2621,               D_feat GAN Loss: 0.6932,               F_T GAN Loss: 0.0000,               Task loss: 0.3529
Test Step B - Epoch [44]: 	Accuracy: 75.58%
-----------------------------------------------------------------------------------------------

Train Step B - Epoch [45]:               Discriminator GAN loss: 0.1769,               Generator GAN Loss: 3.1287,               Cycle loss: 0.2586,               Semantic Loss: 0.2555,               D_feat GAN Loss: 0.6932,               F_T GAN Loss: 0.0000,               Task loss: 0.3458
Test Step B - Epoch [45]: 	Accuracy: 75.79%
-----------------------------------------------------------------------------------------------

Train Step B - Epoch [46]:               Discriminator GAN loss: 0.1690,               Generator GAN Loss: 3.1446,               Cycle loss: 0.2557,               Semantic Loss: 0.2546,               D_feat GAN Loss: 0.6932,               F_T GAN Loss: 0.0000,               Task loss: 0.3451
Test Step B - Epoch [46]: 	Accuracy: 75.22%
-----------------------------------------------------------------------------------------------

Train Step B - Epoch [47]:               Discriminator GAN loss: 0.1715,               Generator GAN Loss: 3.1639,               Cycle loss: 0.2558,               Semantic Loss: 0.2537,               D_feat GAN Loss: 0.6932,               F_T GAN Loss: 0.0000,               Task loss: 0.3447
Test Step B - Epoch [47]: 	Accuracy: 74.88%
-----------------------------------------------------------------------------------------------

Train Step B - Epoch [48]:               Discriminator GAN loss: 0.1679,               Generator GAN Loss: 3.1805,               Cycle loss: 0.2537,               Semantic Loss: 0.2519,               D_feat GAN Loss: 0.6932,               F_T GAN Loss: 0.0000,               Task loss: 0.3414
Test Step B - Epoch [48]: 	Accuracy: 75.29%
-----------------------------------------------------------------------------------------------

Train Step B - Epoch [49]:               Discriminator GAN loss: 0.1630,               Generator GAN Loss: 3.2062,               Cycle loss: 0.2527,               Semantic Loss: 0.2474,               D_feat GAN Loss: 0.6932,               F_T GAN Loss: 0.0000,               Task loss: 0.3405
Test Step B - Epoch [49]: 	Accuracy: 75.30%
-----------------------------------------------------------------------------------------------

Train Step B - Epoch [50]:               Discriminator GAN loss: 0.1650,               Generator GAN Loss: 3.2149,               Cycle loss: 0.2506,               Semantic Loss: 0.2464,               D_feat GAN Loss: 0.6932,               F_T GAN Loss: 0.0000,               Task loss: 0.3354
Test Step B - Epoch [50]: 	Accuracy: 75.48%
-----------------------------------------------------------------------------------------------

The process took 216.82394831180574 minutes to complete.
