nohup: ignoring input
/home/infres/olapabe-23/MNIST-SVHN-Transfer/src/solvers/CyCADASolver.py:454: RuntimeWarning: More than 20 figures have been opened. Figures created through the pyplot interface (`matplotlib.pyplot.figure`) are retained until explicitly closed and may consume too much memory. (To control this warning, see the rcParam `figure.max_open_warning`).
  fig, axes = plt.subplots(nrows=2, ncols=10, figsize=(15, 4))  # Set up the subplot grid
Using device cuda
Train Step A - Iteration 0: 	Loss: 0.0460
Train Step A - Iteration 50: 	Loss: 1.8196
Train Step A - Iteration 100: 	Loss: 0.6964
Train Step A - Iteration 150: 	Loss: 0.4147
Train Step A - Iteration 200: 	Loss: 0.3276
Train Step A - Iteration 250: 	Loss: 0.3082
Train Step A - Iteration 300: 	Loss: 0.2355
Train Step A - Iteration 350: 	Loss: 0.2082
Train Step A - Iteration 400: 	Loss: 0.1979
Train Step A - Iteration 450: 	Loss: 0.1896
Train Step A - Epoch [1]: 	Loss: 0.4792
Test Step A - Epoch [1]: 	Accuracy: 96.67%
-----------------------------------------------------------------------------------------------

Train Step A - Iteration 0: 	Loss: 0.0044
Train Step A - Iteration 50: 	Loss: 0.1560
Train Step A - Iteration 100: 	Loss: 0.1576
Train Step A - Iteration 150: 	Loss: 0.1381
Train Step A - Iteration 200: 	Loss: 0.1281
Train Step A - Iteration 250: 	Loss: 0.1423
Train Step A - Iteration 300: 	Loss: 0.1191
Train Step A - Iteration 350: 	Loss: 0.1088
Train Step A - Iteration 400: 	Loss: 0.1039
Train Step A - Iteration 450: 	Loss: 0.0971
Train Step A - Epoch [2]: 	Loss: 0.1280
Test Step A - Epoch [2]: 	Accuracy: 98.00%
-----------------------------------------------------------------------------------------------

Train Step A - Iteration 0: 	Loss: 0.0012
Train Step A - Iteration 50: 	Loss: 0.0937
Train Step A - Iteration 100: 	Loss: 0.0925
Train Step A - Iteration 150: 	Loss: 0.0916
Train Step A - Iteration 200: 	Loss: 0.0904
Train Step A - Iteration 250: 	Loss: 0.0935
Train Step A - Iteration 300: 	Loss: 0.0852
Train Step A - Iteration 350: 	Loss: 0.0819
Train Step A - Iteration 400: 	Loss: 0.0838
Train Step A - Iteration 450: 	Loss: 0.0810
Train Step A - Epoch [3]: 	Loss: 0.0880
Test Step A - Epoch [3]: 	Accuracy: 98.53%
-----------------------------------------------------------------------------------------------

Train Step A - Iteration 0: 	Loss: 0.0011
Train Step A - Iteration 50: 	Loss: 0.0752
Train Step A - Iteration 100: 	Loss: 0.0698
Train Step A - Iteration 150: 	Loss: 0.0820
Train Step A - Iteration 200: 	Loss: 0.0709
Train Step A - Iteration 250: 	Loss: 0.0673
Train Step A - Iteration 300: 	Loss: 0.0700
Train Step A - Iteration 350: 	Loss: 0.0623
Train Step A - Iteration 400: 	Loss: 0.0724
Train Step A - Iteration 450: 	Loss: 0.0607
Train Step A - Epoch [4]: 	Loss: 0.0696
Test Step A - Epoch [4]: 	Accuracy: 98.63%
-----------------------------------------------------------------------------------------------

Train Step A - Iteration 0: 	Loss: 0.0009
Train Step A - Iteration 50: 	Loss: 0.0637
Train Step A - Iteration 100: 	Loss: 0.0622
Train Step A - Iteration 150: 	Loss: 0.0601
Train Step A - Iteration 200: 	Loss: 0.0561
Train Step A - Iteration 250: 	Loss: 0.0592
Train Step A - Iteration 300: 	Loss: 0.0595
Train Step A - Iteration 350: 	Loss: 0.0590
Train Step A - Iteration 400: 	Loss: 0.0583
Train Step A - Iteration 450: 	Loss: 0.0580
Train Step A - Epoch [5]: 	Loss: 0.0593
Test Step A - Epoch [5]: 	Accuracy: 98.94%
-----------------------------------------------------------------------------------------------

Train Step A - Iteration 0: 	Loss: 0.0005
Train Step A - Iteration 50: 	Loss: 0.0596
Train Step A - Iteration 100: 	Loss: 0.0518
Train Step A - Iteration 150: 	Loss: 0.0541
Train Step A - Iteration 200: 	Loss: 0.0536
Train Step A - Iteration 250: 	Loss: 0.0484
Train Step A - Iteration 300: 	Loss: 0.0480
Train Step A - Iteration 350: 	Loss: 0.0462
Train Step A - Iteration 400: 	Loss: 0.0419
Train Step A - Iteration 450: 	Loss: 0.0558
Train Step A - Epoch [6]: 	Loss: 0.0507
Test Step A - Epoch [6]: 	Accuracy: 98.86%
-----------------------------------------------------------------------------------------------

Train Step A - Iteration 0: 	Loss: 0.0010
Train Step A - Iteration 50: 	Loss: 0.0466
Train Step A - Iteration 100: 	Loss: 0.0482
Train Step A - Iteration 150: 	Loss: 0.0551
Train Step A - Iteration 200: 	Loss: 0.0441
Train Step A - Iteration 250: 	Loss: 0.0440
Train Step A - Iteration 300: 	Loss: 0.0484
Train Step A - Iteration 350: 	Loss: 0.0463
Train Step A - Iteration 400: 	Loss: 0.0465
Train Step A - Iteration 450: 	Loss: 0.0412
Train Step A - Epoch [7]: 	Loss: 0.0465
Test Step A - Epoch [7]: 	Accuracy: 99.10%
-----------------------------------------------------------------------------------------------

Train Step A - Iteration 0: 	Loss: 0.0008
Train Step A - Iteration 50: 	Loss: 0.0368
Train Step A - Iteration 100: 	Loss: 0.0500
Train Step A - Iteration 150: 	Loss: 0.0416
Train Step A - Iteration 200: 	Loss: 0.0460
Train Step A - Iteration 250: 	Loss: 0.0411
Train Step A - Iteration 300: 	Loss: 0.0476
Train Step A - Iteration 350: 	Loss: 0.0395
Train Step A - Iteration 400: 	Loss: 0.0368
Train Step A - Iteration 450: 	Loss: 0.0487
Train Step A - Epoch [8]: 	Loss: 0.0427
Test Step A - Epoch [8]: 	Accuracy: 99.11%
-----------------------------------------------------------------------------------------------

Train Step A - Iteration 0: 	Loss: 0.0015
Train Step A - Iteration 50: 	Loss: 0.0378
Train Step A - Iteration 100: 	Loss: 0.0446
Train Step A - Iteration 150: 	Loss: 0.0373
Train Step A - Iteration 200: 	Loss: 0.0480
Train Step A - Iteration 250: 	Loss: 0.0373
Train Step A - Iteration 300: 	Loss: 0.0380
Train Step A - Iteration 350: 	Loss: 0.0376
Train Step A - Iteration 400: 	Loss: 0.0361
Train Step A - Iteration 450: 	Loss: 0.0369
Train Step A - Epoch [9]: 	Loss: 0.0391
Test Step A - Epoch [9]: 	Accuracy: 99.06%
-----------------------------------------------------------------------------------------------

Train Step A - Iteration 0: 	Loss: 0.0006
Train Step A - Iteration 50: 	Loss: 0.0338
Train Step A - Iteration 100: 	Loss: 0.0346
Train Step A - Iteration 150: 	Loss: 0.0366
Train Step A - Iteration 200: 	Loss: 0.0367
Train Step A - Iteration 250: 	Loss: 0.0307
Train Step A - Iteration 300: 	Loss: 0.0388
Train Step A - Iteration 350: 	Loss: 0.0303
Train Step A - Iteration 400: 	Loss: 0.0304
Train Step A - Iteration 450: 	Loss: 0.0415
Train Step A - Epoch [10]: 	Loss: 0.0348
Test Step A - Epoch [10]: 	Accuracy: 99.19%
-----------------------------------------------------------------------------------------------

Train Step A - Iteration 0: 	Loss: 0.0001
Train Step A - Iteration 50: 	Loss: 0.0387
Train Step A - Iteration 100: 	Loss: 0.0332
Train Step A - Iteration 150: 	Loss: 0.0319
Train Step A - Iteration 200: 	Loss: 0.0334
Train Step A - Iteration 250: 	Loss: 0.0318
Train Step A - Iteration 300: 	Loss: 0.0313
Train Step A - Iteration 350: 	Loss: 0.0364
Train Step A - Iteration 400: 	Loss: 0.0333
Train Step A - Iteration 450: 	Loss: 0.0260
Train Step A - Epoch [11]: 	Loss: 0.0324
Test Step A - Epoch [11]: 	Accuracy: 99.10%
-----------------------------------------------------------------------------------------------

Train Step A - Iteration 0: 	Loss: 0.0003
Train Step A - Iteration 50: 	Loss: 0.0329
Train Step A - Iteration 100: 	Loss: 0.0287
Train Step A - Iteration 150: 	Loss: 0.0300
Train Step A - Iteration 200: 	Loss: 0.0325
Train Step A - Iteration 250: 	Loss: 0.0352
Train Step A - Iteration 300: 	Loss: 0.0298
Train Step A - Iteration 350: 	Loss: 0.0311
Train Step A - Iteration 400: 	Loss: 0.0332
Train Step A - Iteration 450: 	Loss: 0.0290
Train Step A - Epoch [12]: 	Loss: 0.0310
Test Step A - Epoch [12]: 	Accuracy: 99.19%
-----------------------------------------------------------------------------------------------

Train Step A - Iteration 0: 	Loss: 0.0011
Train Step A - Iteration 50: 	Loss: 0.0299
Train Step A - Iteration 100: 	Loss: 0.0251
Train Step A - Iteration 150: 	Loss: 0.0247
Train Step A - Iteration 200: 	Loss: 0.0298
Train Step A - Iteration 250: 	Loss: 0.0295
Train Step A - Iteration 300: 	Loss: 0.0313
Train Step A - Iteration 350: 	Loss: 0.0279
Train Step A - Iteration 400: 	Loss: 0.0307
Train Step A - Iteration 450: 	Loss: 0.0264
Train Step A - Epoch [13]: 	Loss: 0.0288
Test Step A - Epoch [13]: 	Accuracy: 99.25%
-----------------------------------------------------------------------------------------------

Train Step A - Iteration 0: 	Loss: 0.0001
Train Step A - Iteration 50: 	Loss: 0.0281
Train Step A - Iteration 100: 	Loss: 0.0296
Train Step A - Iteration 150: 	Loss: 0.0282
Train Step A - Iteration 200: 	Loss: 0.0237
Train Step A - Iteration 250: 	Loss: 0.0281
Train Step A - Iteration 300: 	Loss: 0.0244
Train Step A - Iteration 350: 	Loss: 0.0282
Train Step A - Iteration 400: 	Loss: 0.0233
Train Step A - Iteration 450: 	Loss: 0.0248
Train Step A - Epoch [14]: 	Loss: 0.0266
Test Step A - Epoch [14]: 	Accuracy: 99.36%
-----------------------------------------------------------------------------------------------

Train Step A - Iteration 0: 	Loss: 0.0008
Train Step A - Iteration 50: 	Loss: 0.0234
Train Step A - Iteration 100: 	Loss: 0.0231
Train Step A - Iteration 150: 	Loss: 0.0214
Train Step A - Iteration 200: 	Loss: 0.0265
Train Step A - Iteration 250: 	Loss: 0.0281
Train Step A - Iteration 300: 	Loss: 0.0237
Train Step A - Iteration 350: 	Loss: 0.0256
Train Step A - Iteration 400: 	Loss: 0.0234
Train Step A - Iteration 450: 	Loss: 0.0268
Train Step A - Epoch [15]: 	Loss: 0.0252
Test Step A - Epoch [15]: 	Accuracy: 99.33%
-----------------------------------------------------------------------------------------------

Train Step A - Iteration 0: 	Loss: 0.0005
Train Step A - Iteration 50: 	Loss: 0.0204
Train Step A - Iteration 100: 	Loss: 0.0254
Train Step A - Iteration 150: 	Loss: 0.0248
Train Step A - Iteration 200: 	Loss: 0.0231
Train Step A - Iteration 250: 	Loss: 0.0296
Train Step A - Iteration 300: 	Loss: 0.0245
Train Step A - Iteration 350: 	Loss: 0.0275
Train Step A - Iteration 400: 	Loss: 0.0222
Train Step A - Iteration 450: 	Loss: 0.0272
Train Step A - Epoch [16]: 	Loss: 0.0249
Test Step A - Epoch [16]: 	Accuracy: 99.25%
-----------------------------------------------------------------------------------------------

Train Step A - Iteration 0: 	Loss: 0.0003
Train Step A - Iteration 50: 	Loss: 0.0214
Train Step A - Iteration 100: 	Loss: 0.0248
Train Step A - Iteration 150: 	Loss: 0.0222
Train Step A - Iteration 200: 	Loss: 0.0191
Train Step A - Iteration 250: 	Loss: 0.0237
Train Step A - Iteration 300: 	Loss: 0.0259
Train Step A - Iteration 350: 	Loss: 0.0215
Train Step A - Iteration 400: 	Loss: 0.0177
Train Step A - Iteration 450: 	Loss: 0.0223
Train Step A - Epoch [17]: 	Loss: 0.0222
Test Step A - Epoch [17]: 	Accuracy: 99.35%
-----------------------------------------------------------------------------------------------

Train Step A - Iteration 0: 	Loss: 0.0002
Train Step A - Iteration 50: 	Loss: 0.0229
Train Step A - Iteration 100: 	Loss: 0.0209
Train Step A - Iteration 150: 	Loss: 0.0255
Train Step A - Iteration 200: 	Loss: 0.0229
Train Step A - Iteration 250: 	Loss: 0.0221
Train Step A - Iteration 300: 	Loss: 0.0233
Train Step A - Iteration 350: 	Loss: 0.0182
Train Step A - Iteration 400: 	Loss: 0.0196
Train Step A - Iteration 450: 	Loss: 0.0188
Train Step A - Epoch [18]: 	Loss: 0.0218
Test Step A - Epoch [18]: 	Accuracy: 99.21%
-----------------------------------------------------------------------------------------------

Train Step A - Iteration 0: 	Loss: 0.0001
Train Step A - Iteration 50: 	Loss: 0.0214
Train Step A - Iteration 100: 	Loss: 0.0220
Train Step A - Iteration 150: 	Loss: 0.0199
Train Step A - Iteration 200: 	Loss: 0.0176
Train Step A - Iteration 250: 	Loss: 0.0209
Train Step A - Iteration 300: 	Loss: 0.0209
Train Step A - Iteration 350: 	Loss: 0.0254
Train Step A - Iteration 400: 	Loss: 0.0208
Train Step A - Iteration 450: 	Loss: 0.0204
Train Step A - Epoch [19]: 	Loss: 0.0211
Test Step A - Epoch [19]: 	Accuracy: 99.38%
-----------------------------------------------------------------------------------------------

Train Step A - Iteration 0: 	Loss: 0.0001
Train Step A - Iteration 50: 	Loss: 0.0188
Train Step A - Iteration 100: 	Loss: 0.0190
Train Step A - Iteration 150: 	Loss: 0.0215
Train Step A - Iteration 200: 	Loss: 0.0231
Train Step A - Iteration 250: 	Loss: 0.0216
Train Step A - Iteration 300: 	Loss: 0.0186
Train Step A - Iteration 350: 	Loss: 0.0167
Train Step A - Iteration 400: 	Loss: 0.0189
Train Step A - Iteration 450: 	Loss: 0.0194
Train Step A - Epoch [20]: 	Loss: 0.0195
Test Step A - Epoch [20]: 	Accuracy: 99.38%
-----------------------------------------------------------------------------------------------

Train Step A - Iteration 0: 	Loss: 0.0003
Train Step A - Iteration 50: 	Loss: 0.0194
Train Step A - Iteration 100: 	Loss: 0.0222
Train Step A - Iteration 150: 	Loss: 0.0172
Train Step A - Iteration 200: 	Loss: 0.0171
Train Step A - Iteration 250: 	Loss: 0.0188
Train Step A - Iteration 300: 	Loss: 0.0136
Train Step A - Iteration 350: 	Loss: 0.0204
Train Step A - Iteration 400: 	Loss: 0.0241
Train Step A - Iteration 450: 	Loss: 0.0181
Train Step A - Epoch [21]: 	Loss: 0.0191
Test Step A - Epoch [21]: 	Accuracy: 99.29%
-----------------------------------------------------------------------------------------------

Train Step A - Iteration 0: 	Loss: 0.0005
Train Step A - Iteration 50: 	Loss: 0.0176
Train Step A - Iteration 100: 	Loss: 0.0225
Train Step A - Iteration 150: 	Loss: 0.0157
Train Step A - Iteration 200: 	Loss: 0.0194
Train Step A - Iteration 250: 	Loss: 0.0207
Train Step A - Iteration 300: 	Loss: 0.0180
Train Step A - Iteration 350: 	Loss: 0.0150
Train Step A - Iteration 400: 	Loss: 0.0187
Train Step A - Iteration 450: 	Loss: 0.0175
Train Step A - Epoch [22]: 	Loss: 0.0181
Test Step A - Epoch [22]: 	Accuracy: 99.38%
-----------------------------------------------------------------------------------------------

Train Step A - Iteration 0: 	Loss: 0.0005
Train Step A - Iteration 50: 	Loss: 0.0147
Train Step A - Iteration 100: 	Loss: 0.0159
Train Step A - Iteration 150: 	Loss: 0.0174
Train Step A - Iteration 200: 	Loss: 0.0154
Train Step A - Iteration 250: 	Loss: 0.0172
Train Step A - Iteration 300: 	Loss: 0.0217
Train Step A - Iteration 350: 	Loss: 0.0182
Train Step A - Iteration 400: 	Loss: 0.0152
Train Step A - Iteration 450: 	Loss: 0.0175
Train Step A - Epoch [23]: 	Loss: 0.0170
Test Step A - Epoch [23]: 	Accuracy: 99.32%
-----------------------------------------------------------------------------------------------

Train Step A - Iteration 0: 	Loss: 0.0000
Train Step A - Iteration 50: 	Loss: 0.0133
Train Step A - Iteration 100: 	Loss: 0.0114
Train Step A - Iteration 150: 	Loss: 0.0146
Train Step A - Iteration 200: 	Loss: 0.0161
Train Step A - Iteration 250: 	Loss: 0.0147
Train Step A - Iteration 300: 	Loss: 0.0165
Train Step A - Iteration 350: 	Loss: 0.0193
Train Step A - Iteration 400: 	Loss: 0.0179
Train Step A - Iteration 450: 	Loss: 0.0145
Train Step A - Epoch [24]: 	Loss: 0.0153
Test Step A - Epoch [24]: 	Accuracy: 99.37%
-----------------------------------------------------------------------------------------------

Train Step A - Iteration 0: 	Loss: 0.0001
Train Step A - Iteration 50: 	Loss: 0.0136
Train Step A - Iteration 100: 	Loss: 0.0184
Train Step A - Iteration 150: 	Loss: 0.0145
Train Step A - Iteration 200: 	Loss: 0.0157
Train Step A - Iteration 250: 	Loss: 0.0122
Train Step A - Iteration 300: 	Loss: 0.0148
Train Step A - Iteration 350: 	Loss: 0.0165
Train Step A - Iteration 400: 	Loss: 0.0137
Train Step A - Iteration 450: 	Loss: 0.0180
Train Step A - Epoch [25]: 	Loss: 0.0154
Test Step A - Epoch [25]: 	Accuracy: 99.39%
-----------------------------------------------------------------------------------------------

Train Step A - Iteration 0: 	Loss: 0.0000
Train Step A - Iteration 50: 	Loss: 0.0149
Train Step A - Iteration 100: 	Loss: 0.0158
Train Step A - Iteration 150: 	Loss: 0.0138
Train Step A - Iteration 200: 	Loss: 0.0112
Train Step A - Iteration 250: 	Loss: 0.0152
Train Step A - Iteration 300: 	Loss: 0.0123
Train Step A - Iteration 350: 	Loss: 0.0163
Train Step A - Iteration 400: 	Loss: 0.0139
Train Step A - Iteration 450: 	Loss: 0.0146
Train Step A - Epoch [26]: 	Loss: 0.0144
Test Step A - Epoch [26]: 	Accuracy: 99.37%
-----------------------------------------------------------------------------------------------

Train Step A - Iteration 0: 	Loss: 0.0002
Train Step A - Iteration 50: 	Loss: 0.0145
Train Step A - Iteration 100: 	Loss: 0.0142
Train Step A - Iteration 150: 	Loss: 0.0141
Train Step A - Iteration 200: 	Loss: 0.0150
Train Step A - Iteration 250: 	Loss: 0.0122
Train Step A - Iteration 300: 	Loss: 0.0173
Train Step A - Iteration 350: 	Loss: 0.0161
Train Step A - Iteration 400: 	Loss: 0.0140
Train Step A - Iteration 450: 	Loss: 0.0128
Train Step A - Epoch [27]: 	Loss: 0.0144
Test Step A - Epoch [27]: 	Accuracy: 99.36%
-----------------------------------------------------------------------------------------------

Train Step A - Iteration 0: 	Loss: 0.0001
Train Step A - Iteration 50: 	Loss: 0.0098
Train Step A - Iteration 100: 	Loss: 0.0143
Train Step A - Iteration 150: 	Loss: 0.0152
Train Step A - Iteration 200: 	Loss: 0.0156
Train Step A - Iteration 250: 	Loss: 0.0108
Train Step A - Iteration 300: 	Loss: 0.0113
Train Step A - Iteration 350: 	Loss: 0.0174
Train Step A - Iteration 400: 	Loss: 0.0129
Train Step A - Iteration 450: 	Loss: 0.0135
Train Step A - Epoch [28]: 	Loss: 0.0138
Test Step A - Epoch [28]: 	Accuracy: 99.34%
-----------------------------------------------------------------------------------------------

Train Step A - Iteration 0: 	Loss: 0.0004
Train Step A - Iteration 50: 	Loss: 0.0130
Train Step A - Iteration 100: 	Loss: 0.0118
Train Step A - Iteration 150: 	Loss: 0.0139
Train Step A - Iteration 200: 	Loss: 0.0134
Train Step A - Iteration 250: 	Loss: 0.0159
Train Step A - Iteration 300: 	Loss: 0.0111
Train Step A - Iteration 350: 	Loss: 0.0150
Train Step A - Iteration 400: 	Loss: 0.0109
Train Step A - Iteration 450: 	Loss: 0.0167
Train Step A - Epoch [29]: 	Loss: 0.0137
Test Step A - Epoch [29]: 	Accuracy: 99.29%
-----------------------------------------------------------------------------------------------

Train Step A - Iteration 0: 	Loss: 0.0003
Train Step A - Iteration 50: 	Loss: 0.0140
Train Step A - Iteration 100: 	Loss: 0.0095
Train Step A - Iteration 150: 	Loss: 0.0129
Train Step A - Iteration 200: 	Loss: 0.0124
Train Step A - Iteration 250: 	Loss: 0.0122
Train Step A - Iteration 300: 	Loss: 0.0131
Train Step A - Iteration 350: 	Loss: 0.0119
Train Step A - Iteration 400: 	Loss: 0.0115
Train Step A - Iteration 450: 	Loss: 0.0138
Train Step A - Epoch [30]: 	Loss: 0.0124
Test Step A - Epoch [30]: 	Accuracy: 99.38%
-----------------------------------------------------------------------------------------------

Train Step A - Iteration 0: 	Loss: 0.0001
Train Step A - Iteration 50: 	Loss: 0.0125
Train Step A - Iteration 100: 	Loss: 0.0117
Train Step A - Iteration 150: 	Loss: 0.0151
Train Step A - Iteration 200: 	Loss: 0.0122
Train Step A - Iteration 250: 	Loss: 0.0124
Train Step A - Iteration 300: 	Loss: 0.0148
Train Step A - Iteration 350: 	Loss: 0.0104
Train Step A - Iteration 400: 	Loss: 0.0119
Train Step A - Iteration 450: 	Loss: 0.0132
Train Step A - Epoch [31]: 	Loss: 0.0126
Test Step A - Epoch [31]: 	Accuracy: 99.40%
-----------------------------------------------------------------------------------------------

Train Step A - Iteration 0: 	Loss: 0.0001
Train Step A - Iteration 50: 	Loss: 0.0080
Train Step A - Iteration 100: 	Loss: 0.0084
Train Step A - Iteration 150: 	Loss: 0.0140
Train Step A - Iteration 200: 	Loss: 0.0125
Train Step A - Iteration 250: 	Loss: 0.0129
Train Step A - Iteration 300: 	Loss: 0.0117
Train Step A - Iteration 350: 	Loss: 0.0162
Train Step A - Iteration 400: 	Loss: 0.0094
Train Step A - Iteration 450: 	Loss: 0.0130
Train Step A - Epoch [32]: 	Loss: 0.0117
Test Step A - Epoch [32]: 	Accuracy: 99.41%
-----------------------------------------------------------------------------------------------

Train Step A - Iteration 0: 	Loss: 0.0002
Train Step A - Iteration 50: 	Loss: 0.0163
Train Step A - Iteration 100: 	Loss: 0.0083
Train Step A - Iteration 150: 	Loss: 0.0087
Train Step A - Iteration 200: 	Loss: 0.0103
Train Step A - Iteration 250: 	Loss: 0.0100
Train Step A - Iteration 300: 	Loss: 0.0115
Train Step A - Iteration 350: 	Loss: 0.0117
Train Step A - Iteration 400: 	Loss: 0.0141
Train Step A - Iteration 450: 	Loss: 0.0115
Train Step A - Epoch [33]: 	Loss: 0.0114
Test Step A - Epoch [33]: 	Accuracy: 99.43%
-----------------------------------------------------------------------------------------------

Train Step A - Iteration 0: 	Loss: 0.0000
Train Step A - Iteration 50: 	Loss: 0.0109
Train Step A - Iteration 100: 	Loss: 0.0101
Train Step A - Iteration 150: 	Loss: 0.0120
Train Step A - Iteration 200: 	Loss: 0.0105
Train Step A - Iteration 250: 	Loss: 0.0105
Train Step A - Iteration 300: 	Loss: 0.0148
Train Step A - Iteration 350: 	Loss: 0.0130
Train Step A - Iteration 400: 	Loss: 0.0119
Train Step A - Iteration 450: 	Loss: 0.0131
Train Step A - Epoch [34]: 	Loss: 0.0117
Test Step A - Epoch [34]: 	Accuracy: 99.36%
-----------------------------------------------------------------------------------------------

Train Step A - Iteration 0: 	Loss: 0.0001
Train Step A - Iteration 50: 	Loss: 0.0105
Train Step A - Iteration 100: 	Loss: 0.0081
Train Step A - Iteration 150: 	Loss: 0.0100
Train Step A - Iteration 200: 	Loss: 0.0086
Train Step A - Iteration 250: 	Loss: 0.0105
Train Step A - Iteration 300: 	Loss: 0.0073
Train Step A - Iteration 350: 	Loss: 0.0139
Train Step A - Iteration 400: 	Loss: 0.0122
Train Step A - Iteration 450: 	Loss: 0.0091
Train Step A - Epoch [35]: 	Loss: 0.0099
Test Step A - Epoch [35]: 	Accuracy: 99.43%
-----------------------------------------------------------------------------------------------

Train Step A - Iteration 0: 	Loss: 0.0001
Train Step A - Iteration 50: 	Loss: 0.0093
Train Step A - Iteration 100: 	Loss: 0.0063
Train Step A - Iteration 150: 	Loss: 0.0122
Train Step A - Iteration 200: 	Loss: 0.0078
Train Step A - Iteration 250: 	Loss: 0.0111
Train Step A - Iteration 300: 	Loss: 0.0100
Train Step A - Iteration 350: 	Loss: 0.0090
Train Step A - Iteration 400: 	Loss: 0.0128
Train Step A - Iteration 450: 	Loss: 0.0121
Train Step A - Epoch [36]: 	Loss: 0.0100
Test Step A - Epoch [36]: 	Accuracy: 99.43%
-----------------------------------------------------------------------------------------------

Train Step A - Iteration 0: 	Loss: 0.0002
Train Step A - Iteration 50: 	Loss: 0.0079
Train Step A - Iteration 100: 	Loss: 0.0101
Train Step A - Iteration 150: 	Loss: 0.0104
Train Step A - Iteration 200: 	Loss: 0.0098
Train Step A - Iteration 250: 	Loss: 0.0089
Train Step A - Iteration 300: 	Loss: 0.0057
Train Step A - Iteration 350: 	Loss: 0.0098
Train Step A - Iteration 400: 	Loss: 0.0121
Train Step A - Iteration 450: 	Loss: 0.0125
Train Step A - Epoch [37]: 	Loss: 0.0095
Test Step A - Epoch [37]: 	Accuracy: 99.44%
-----------------------------------------------------------------------------------------------

Train Step A - Iteration 0: 	Loss: 0.0001
Train Step A - Iteration 50: 	Loss: 0.0069
Train Step A - Iteration 100: 	Loss: 0.0089
Train Step A - Iteration 150: 	Loss: 0.0080
Train Step A - Iteration 200: 	Loss: 0.0138
Train Step A - Iteration 250: 	Loss: 0.0097
Train Step A - Iteration 300: 	Loss: 0.0117
Train Step A - Iteration 350: 	Loss: 0.0088
Train Step A - Iteration 400: 	Loss: 0.0114
Train Step A - Iteration 450: 	Loss: 0.0090
Train Step A - Epoch [38]: 	Loss: 0.0099
Test Step A - Epoch [38]: 	Accuracy: 99.40%
-----------------------------------------------------------------------------------------------

Train Step A - Iteration 0: 	Loss: 0.0001
Train Step A - Iteration 50: 	Loss: 0.0089
Train Step A - Iteration 100: 	Loss: 0.0080
Train Step A - Iteration 150: 	Loss: 0.0062
Train Step A - Iteration 200: 	Loss: 0.0116
Train Step A - Iteration 250: 	Loss: 0.0099
Train Step A - Iteration 300: 	Loss: 0.0084
Train Step A - Iteration 350: 	Loss: 0.0074
Train Step A - Iteration 400: 	Loss: 0.0090
Train Step A - Iteration 450: 	Loss: 0.0087
Train Step A - Epoch [39]: 	Loss: 0.0089
Test Step A - Epoch [39]: 	Accuracy: 99.50%
-----------------------------------------------------------------------------------------------

Train Step A - Iteration 0: 	Loss: 0.0000
Train Step A - Iteration 50: 	Loss: 0.0086
Train Step A - Iteration 100: 	Loss: 0.0087
Train Step A - Iteration 150: 	Loss: 0.0071
Train Step A - Iteration 200: 	Loss: 0.0074
Train Step A - Iteration 250: 	Loss: 0.0116
Train Step A - Iteration 300: 	Loss: 0.0091
Train Step A - Iteration 350: 	Loss: 0.0152
Train Step A - Iteration 400: 	Loss: 0.0086
Train Step A - Iteration 450: 	Loss: 0.0102
Train Step A - Epoch [40]: 	Loss: 0.0094
Test Step A - Epoch [40]: 	Accuracy: 99.40%
-----------------------------------------------------------------------------------------------

Train Step A - Iteration 0: 	Loss: 0.0002
Train Step A - Iteration 50: 	Loss: 0.0082
Train Step A - Iteration 100: 	Loss: 0.0081
Train Step A - Iteration 150: 	Loss: 0.0077
Train Step A - Iteration 200: 	Loss: 0.0087
Train Step A - Iteration 250: 	Loss: 0.0091
Train Step A - Iteration 300: 	Loss: 0.0057
Train Step A - Iteration 350: 	Loss: 0.0124
Train Step A - Iteration 400: 	Loss: 0.0090
Train Step A - Iteration 450: 	Loss: 0.0095
Train Step A - Epoch [41]: 	Loss: 0.0085
Test Step A - Epoch [41]: 	Accuracy: 99.48%
-----------------------------------------------------------------------------------------------

Train Step A - Iteration 0: 	Loss: 0.0000
Train Step A - Iteration 50: 	Loss: 0.0076
Train Step A - Iteration 100: 	Loss: 0.0096
Train Step A - Iteration 150: 	Loss: 0.0087
Train Step A - Iteration 200: 	Loss: 0.0080
Train Step A - Iteration 250: 	Loss: 0.0068
Train Step A - Iteration 300: 	Loss: 0.0090
Train Step A - Iteration 350: 	Loss: 0.0103
Train Step A - Iteration 400: 	Loss: 0.0086
Train Step A - Iteration 450: 	Loss: 0.0064
Train Step A - Epoch [42]: 	Loss: 0.0084
Test Step A - Epoch [42]: 	Accuracy: 99.37%
-----------------------------------------------------------------------------------------------

Train Step A - Iteration 0: 	Loss: 0.0000
Train Step A - Iteration 50: 	Loss: 0.0081
Train Step A - Iteration 100: 	Loss: 0.0071
Train Step A - Iteration 150: 	Loss: 0.0097
Train Step A - Iteration 200: 	Loss: 0.0066
Train Step A - Iteration 250: 	Loss: 0.0090
Train Step A - Iteration 300: 	Loss: 0.0082
Train Step A - Iteration 350: 	Loss: 0.0119
Train Step A - Iteration 400: 	Loss: 0.0080
Train Step A - Iteration 450: 	Loss: 0.0074
Train Step A - Epoch [43]: 	Loss: 0.0084
Test Step A - Epoch [43]: 	Accuracy: 99.40%
-----------------------------------------------------------------------------------------------

Train Step A - Iteration 0: 	Loss: 0.0000
Train Step A - Iteration 50: 	Loss: 0.0059
Train Step A - Iteration 100: 	Loss: 0.0068
Train Step A - Iteration 150: 	Loss: 0.0044
Train Step A - Iteration 200: 	Loss: 0.0067
Train Step A - Iteration 250: 	Loss: 0.0057
Train Step A - Iteration 300: 	Loss: 0.0102
Train Step A - Iteration 350: 	Loss: 0.0111
Train Step A - Iteration 400: 	Loss: 0.0088
Train Step A - Iteration 450: 	Loss: 0.0066
Train Step A - Epoch [44]: 	Loss: 0.0074
Test Step A - Epoch [44]: 	Accuracy: 99.39%
-----------------------------------------------------------------------------------------------

Train Step A - Iteration 0: 	Loss: 0.0000
Train Step A - Iteration 50: 	Loss: 0.0067
Train Step A - Iteration 100: 	Loss: 0.0070
Train Step A - Iteration 150: 	Loss: 0.0072
Train Step A - Iteration 200: 	Loss: 0.0078
Train Step A - Iteration 250: 	Loss: 0.0059
Train Step A - Iteration 300: 	Loss: 0.0087
Train Step A - Iteration 350: 	Loss: 0.0066
Train Step A - Iteration 400: 	Loss: 0.0087
Train Step A - Iteration 450: 	Loss: 0.0075
Train Step A - Epoch [45]: 	Loss: 0.0073
Test Step A - Epoch [45]: 	Accuracy: 99.37%
-----------------------------------------------------------------------------------------------

Train Step A - Iteration 0: 	Loss: 0.0000
Train Step A - Iteration 50: 	Loss: 0.0061
Train Step A - Iteration 100: 	Loss: 0.0059
Train Step A - Iteration 150: 	Loss: 0.0077
Train Step A - Iteration 200: 	Loss: 0.0082
Train Step A - Iteration 250: 	Loss: 0.0091
Train Step A - Iteration 300: 	Loss: 0.0051
Train Step A - Iteration 350: 	Loss: 0.0060
Train Step A - Iteration 400: 	Loss: 0.0121
Train Step A - Iteration 450: 	Loss: 0.0056
Train Step A - Epoch [46]: 	Loss: 0.0074
Test Step A - Epoch [46]: 	Accuracy: 99.45%
-----------------------------------------------------------------------------------------------

Train Step A - Iteration 0: 	Loss: 0.0003
Train Step A - Iteration 50: 	Loss: 0.0068
Train Step A - Iteration 100: 	Loss: 0.0069
Train Step A - Iteration 150: 	Loss: 0.0075
Train Step A - Iteration 200: 	Loss: 0.0067
Train Step A - Iteration 250: 	Loss: 0.0068
Train Step A - Iteration 300: 	Loss: 0.0078
Train Step A - Iteration 350: 	Loss: 0.0096
Train Step A - Iteration 400: 	Loss: 0.0078
Train Step A - Iteration 450: 	Loss: 0.0091
Train Step A - Epoch [47]: 	Loss: 0.0077
Test Step A - Epoch [47]: 	Accuracy: 99.39%
-----------------------------------------------------------------------------------------------

Train Step A - Iteration 0: 	Loss: 0.0000
Train Step A - Iteration 50: 	Loss: 0.0066
Train Step A - Iteration 100: 	Loss: 0.0052
Train Step A - Iteration 150: 	Loss: 0.0075
Train Step A - Iteration 200: 	Loss: 0.0064
Train Step A - Iteration 250: 	Loss: 0.0080
Train Step A - Iteration 300: 	Loss: 0.0066
Train Step A - Iteration 350: 	Loss: 0.0077
Train Step A - Iteration 400: 	Loss: 0.0092
Train Step A - Iteration 450: 	Loss: 0.0061
Train Step A - Epoch [48]: 	Loss: 0.0071
Test Step A - Epoch [48]: 	Accuracy: 99.40%
-----------------------------------------------------------------------------------------------

Train Step A - Iteration 0: 	Loss: 0.0001
Train Step A - Iteration 50: 	Loss: 0.0054
Train Step A - Iteration 100: 	Loss: 0.0052
Train Step A - Iteration 150: 	Loss: 0.0077
Train Step A - Iteration 200: 	Loss: 0.0056
Train Step A - Iteration 250: 	Loss: 0.0076
Train Step A - Iteration 300: 	Loss: 0.0048
Train Step A - Iteration 350: 	Loss: 0.0079
Train Step A - Iteration 400: 	Loss: 0.0067
Train Step A - Iteration 450: 	Loss: 0.0083
Train Step A - Epoch [49]: 	Loss: 0.0066
Test Step A - Epoch [49]: 	Accuracy: 99.43%
-----------------------------------------------------------------------------------------------

Train Step A - Iteration 0: 	Loss: 0.0000
Train Step A - Iteration 50: 	Loss: 0.0059
Train Step A - Iteration 100: 	Loss: 0.0083
Train Step A - Iteration 150: 	Loss: 0.0054
Train Step A - Iteration 200: 	Loss: 0.0062
Train Step A - Iteration 250: 	Loss: 0.0069
Train Step A - Iteration 300: 	Loss: 0.0050
Train Step A - Iteration 350: 	Loss: 0.0076
Train Step A - Iteration 400: 	Loss: 0.0069
Train Step A - Iteration 450: 	Loss: 0.0064
Train Step A - Epoch [50]: 	Loss: 0.0066
Test Step A - Epoch [50]: 	Accuracy: 99.42%
-----------------------------------------------------------------------------------------------

Train Step A - Iteration 0: 	Loss: 0.0004
Train Step A - Iteration 50: 	Loss: 0.0057
Train Step A - Iteration 100: 	Loss: 0.0069
Train Step A - Iteration 150: 	Loss: 0.0065
Train Step A - Iteration 200: 	Loss: 0.0050
Train Step A - Iteration 250: 	Loss: 0.0049
Train Step A - Iteration 300: 	Loss: 0.0073
Train Step A - Iteration 350: 	Loss: 0.0063
Train Step A - Iteration 400: 	Loss: 0.0109
Train Step A - Iteration 450: 	Loss: 0.0066
Train Step A - Epoch [51]: 	Loss: 0.0068
Test Step A - Epoch [51]: 	Accuracy: 99.42%
-----------------------------------------------------------------------------------------------

Train Step A - Iteration 0: 	Loss: 0.0006
Train Step A - Iteration 50: 	Loss: 0.0053
Train Step A - Iteration 100: 	Loss: 0.0059
Train Step A - Iteration 150: 	Loss: 0.0072
Train Step A - Iteration 200: 	Loss: 0.0046
Train Step A - Iteration 250: 	Loss: 0.0072
Train Step A - Iteration 300: 	Loss: 0.0053
Train Step A - Iteration 350: 	Loss: 0.0070
Train Step A - Iteration 400: 	Loss: 0.0046
Train Step A - Iteration 450: 	Loss: 0.0075
Train Step A - Epoch [52]: 	Loss: 0.0062
Test Step A - Epoch [52]: 	Accuracy: 99.32%
-----------------------------------------------------------------------------------------------

Train Step A - Iteration 0: 	Loss: 0.0004
Train Step A - Iteration 50: 	Loss: 0.0050
Train Step A - Iteration 100: 	Loss: 0.0051
Train Step A - Iteration 150: 	Loss: 0.0047
Train Step A - Iteration 200: 	Loss: 0.0088
Train Step A - Iteration 250: 	Loss: 0.0057
Train Step A - Iteration 300: 	Loss: 0.0062
Train Step A - Iteration 350: 	Loss: 0.0073
Train Step A - Iteration 400: 	Loss: 0.0084
Train Step A - Iteration 450: 	Loss: 0.0075
Train Step A - Epoch [53]: 	Loss: 0.0065
Test Step A - Epoch [53]: 	Accuracy: 99.39%
-----------------------------------------------------------------------------------------------

Train Step A - Iteration 0: 	Loss: 0.0000
Train Step A - Iteration 50: 	Loss: 0.0062
Train Step A - Iteration 100: 	Loss: 0.0040
Train Step A - Iteration 150: 	Loss: 0.0050
Train Step A - Iteration 200: 	Loss: 0.0055
Train Step A - Iteration 250: 	Loss: 0.0047
Train Step A - Iteration 300: 	Loss: 0.0073
Train Step A - Iteration 350: 	Loss: 0.0060
Train Step A - Iteration 400: 	Loss: 0.0066
Train Step A - Iteration 450: 	Loss: 0.0035
Train Step A - Epoch [54]: 	Loss: 0.0055
Test Step A - Epoch [54]: 	Accuracy: 99.37%
-----------------------------------------------------------------------------------------------

Train Step A - Iteration 0: 	Loss: 0.0000
Train Step A - Iteration 50: 	Loss: 0.0057
Train Step A - Iteration 100: 	Loss: 0.0065
Train Step A - Iteration 150: 	Loss: 0.0048
Train Step A - Iteration 200: 	Loss: 0.0048
Train Step A - Iteration 250: 	Loss: 0.0055
Train Step A - Iteration 300: 	Loss: 0.0044
Train Step A - Iteration 350: 	Loss: 0.0050
Train Step A - Iteration 400: 	Loss: 0.0073
Train Step A - Iteration 450: 	Loss: 0.0051
Train Step A - Epoch [55]: 	Loss: 0.0054
Test Step A - Epoch [55]: 	Accuracy: 99.38%
-----------------------------------------------------------------------------------------------

Train Step A - Iteration 0: 	Loss: 0.0000
Train Step A - Iteration 50: 	Loss: 0.0038
Train Step A - Iteration 100: 	Loss: 0.0045
Train Step A - Iteration 150: 	Loss: 0.0048
Train Step A - Iteration 200: 	Loss: 0.0064
Train Step A - Iteration 250: 	Loss: 0.0077
Train Step A - Iteration 300: 	Loss: 0.0079
Train Step A - Iteration 350: 	Loss: 0.0050
Train Step A - Iteration 400: 	Loss: 0.0068
Train Step A - Iteration 450: 	Loss: 0.0075
Train Step A - Epoch [56]: 	Loss: 0.0060
Test Step A - Epoch [56]: 	Accuracy: 99.49%
-----------------------------------------------------------------------------------------------

Train Step A - Iteration 0: 	Loss: 0.0000
Train Step A - Iteration 50: 	Loss: 0.0047
Train Step A - Iteration 100: 	Loss: 0.0051
Train Step A - Iteration 150: 	Loss: 0.0055
Train Step A - Iteration 200: 	Loss: 0.0061
Train Step A - Iteration 250: 	Loss: 0.0072
Train Step A - Iteration 300: 	Loss: 0.0039
Train Step A - Iteration 350: 	Loss: 0.0072
Train Step A - Iteration 400: 	Loss: 0.0058
Train Step A - Iteration 450: 	Loss: 0.0079
Train Step A - Epoch [57]: 	Loss: 0.0059
Test Step A - Epoch [57]: 	Accuracy: 99.45%
-----------------------------------------------------------------------------------------------

Train Step A - Iteration 0: 	Loss: 0.0005
Train Step A - Iteration 50: 	Loss: 0.0073
Train Step A - Iteration 100: 	Loss: 0.0056
Train Step A - Iteration 150: 	Loss: 0.0049
Train Step A - Iteration 200: 	Loss: 0.0037
Train Step A - Iteration 250: 	Loss: 0.0036
Train Step A - Iteration 300: 	Loss: 0.0071
Train Step A - Iteration 350: 	Loss: 0.0063
Train Step A - Iteration 400: 	Loss: 0.0061
Train Step A - Iteration 450: 	Loss: 0.0060
Train Step A - Epoch [58]: 	Loss: 0.0057
Test Step A - Epoch [58]: 	Accuracy: 99.45%
-----------------------------------------------------------------------------------------------

Train Step A - Iteration 0: 	Loss: 0.0000
Train Step A - Iteration 50: 	Loss: 0.0046
Train Step A - Iteration 100: 	Loss: 0.0057
Train Step A - Iteration 150: 	Loss: 0.0040
Train Step A - Iteration 200: 	Loss: 0.0048
Train Step A - Iteration 250: 	Loss: 0.0033
Train Step A - Iteration 300: 	Loss: 0.0053
Train Step A - Iteration 350: 	Loss: 0.0064
Train Step A - Iteration 400: 	Loss: 0.0056
Train Step A - Iteration 450: 	Loss: 0.0052
Train Step A - Epoch [59]: 	Loss: 0.0050
Test Step A - Epoch [59]: 	Accuracy: 99.41%
-----------------------------------------------------------------------------------------------

Train Step A - Iteration 0: 	Loss: 0.0002
Train Step A - Iteration 50: 	Loss: 0.0027
Train Step A - Iteration 100: 	Loss: 0.0038
Train Step A - Iteration 150: 	Loss: 0.0061
Train Step A - Iteration 200: 	Loss: 0.0079
Train Step A - Iteration 250: 	Loss: 0.0046
Train Step A - Iteration 300: 	Loss: 0.0042
Train Step A - Iteration 350: 	Loss: 0.0050
Train Step A - Iteration 400: 	Loss: 0.0054
Train Step A - Iteration 450: 	Loss: 0.0051
Train Step A - Epoch [60]: 	Loss: 0.0050
Test Step A - Epoch [60]: 	Accuracy: 99.41%
-----------------------------------------------------------------------------------------------

Train Step A - Iteration 0: 	Loss: 0.0000
Train Step A - Iteration 50: 	Loss: 0.0046
Train Step A - Iteration 100: 	Loss: 0.0058
Train Step A - Iteration 150: 	Loss: 0.0057
Train Step A - Iteration 200: 	Loss: 0.0050
Train Step A - Iteration 250: 	Loss: 0.0058
Train Step A - Iteration 300: 	Loss: 0.0063
Train Step A - Iteration 350: 	Loss: 0.0079
Train Step A - Iteration 400: 	Loss: 0.0091
Train Step A - Iteration 450: 	Loss: 0.0056
Train Step A - Epoch [61]: 	Loss: 0.0062
Test Step A - Epoch [61]: 	Accuracy: 99.38%
-----------------------------------------------------------------------------------------------

Train Step A - Iteration 0: 	Loss: 0.0001
Train Step A - Iteration 50: 	Loss: 0.0056
Train Step A - Iteration 100: 	Loss: 0.0040
Train Step A - Iteration 150: 	Loss: 0.0051
Train Step A - Iteration 200: 	Loss: 0.0056
Train Step A - Iteration 250: 	Loss: 0.0029
Train Step A - Iteration 300: 	Loss: 0.0050
Train Step A - Iteration 350: 	Loss: 0.0055
Train Step A - Iteration 400: 	Loss: 0.0044
Train Step A - Iteration 450: 	Loss: 0.0035
Train Step A - Epoch [62]: 	Loss: 0.0046
Test Step A - Epoch [62]: 	Accuracy: 99.37%
-----------------------------------------------------------------------------------------------

Train Step A - Iteration 0: 	Loss: 0.0000
Train Step A - Iteration 50: 	Loss: 0.0056
Train Step A - Iteration 100: 	Loss: 0.0028
Train Step A - Iteration 150: 	Loss: 0.0043
Train Step A - Iteration 200: 	Loss: 0.0051
Train Step A - Iteration 250: 	Loss: 0.0058
Train Step A - Iteration 300: 	Loss: 0.0046
Train Step A - Iteration 350: 	Loss: 0.0050
Train Step A - Iteration 400: 	Loss: 0.0055
Train Step A - Iteration 450: 	Loss: 0.0041
Train Step A - Epoch [63]: 	Loss: 0.0048
Test Step A - Epoch [63]: 	Accuracy: 99.40%
-----------------------------------------------------------------------------------------------

Train Step A - Iteration 0: 	Loss: 0.0001
Train Step A - Iteration 50: 	Loss: 0.0043
Train Step A - Iteration 100: 	Loss: 0.0051
Train Step A - Iteration 150: 	Loss: 0.0042
Train Step A - Iteration 200: 	Loss: 0.0047
Train Step A - Iteration 250: 	Loss: 0.0073
Train Step A - Iteration 300: 	Loss: 0.0050
Train Step A - Iteration 350: 	Loss: 0.0043
Train Step A - Iteration 400: 	Loss: 0.0038
Train Step A - Iteration 450: 	Loss: 0.0058
Train Step A - Epoch [64]: 	Loss: 0.0050
Test Step A - Epoch [64]: 	Accuracy: 99.45%
-----------------------------------------------------------------------------------------------

Train Step A - Iteration 0: 	Loss: 0.0000
Train Step A - Iteration 50: 	Loss: 0.0066
Train Step A - Iteration 100: 	Loss: 0.0039
Train Step A - Iteration 150: 	Loss: 0.0054
Train Step A - Iteration 200: 	Loss: 0.0031
Train Step A - Iteration 250: 	Loss: 0.0041
Train Step A - Iteration 300: 	Loss: 0.0042
Train Step A - Iteration 350: 	Loss: 0.0062
Train Step A - Iteration 400: 	Loss: 0.0048
Train Step A - Iteration 450: 	Loss: 0.0052
Train Step A - Epoch [65]: 	Loss: 0.0049
Test Step A - Epoch [65]: 	Accuracy: 99.39%
-----------------------------------------------------------------------------------------------

Train Step A - Iteration 0: 	Loss: 0.0001
Train Step A - Iteration 50: 	Loss: 0.0023
Train Step A - Iteration 100: 	Loss: 0.0046
Train Step A - Iteration 150: 	Loss: 0.0046
Train Step A - Iteration 200: 	Loss: 0.0058
Train Step A - Iteration 250: 	Loss: 0.0069
Train Step A - Iteration 300: 	Loss: 0.0037
Train Step A - Iteration 350: 	Loss: 0.0048
Train Step A - Iteration 400: 	Loss: 0.0050
Train Step A - Iteration 450: 	Loss: 0.0058
Train Step A - Epoch [66]: 	Loss: 0.0049
Test Step A - Epoch [66]: 	Accuracy: 99.39%
-----------------------------------------------------------------------------------------------

Train Step A - Iteration 0: 	Loss: 0.0001
Train Step A - Iteration 50: 	Loss: 0.0037
Train Step A - Iteration 100: 	Loss: 0.0063
Train Step A - Iteration 150: 	Loss: 0.0042
Train Step A - Iteration 200: 	Loss: 0.0042
Train Step A - Iteration 250: 	Loss: 0.0064
Train Step A - Iteration 300: 	Loss: 0.0070
Train Step A - Iteration 350: 	Loss: 0.0050
Train Step A - Iteration 400: 	Loss: 0.0031
Train Step A - Iteration 450: 	Loss: 0.0038
Train Step A - Epoch [67]: 	Loss: 0.0048
Test Step A - Epoch [67]: 	Accuracy: 99.40%
-----------------------------------------------------------------------------------------------

Train Step A - Iteration 0: 	Loss: 0.0000
Train Step A - Iteration 50: 	Loss: 0.0029
Train Step A - Iteration 100: 	Loss: 0.0046
Train Step A - Iteration 150: 	Loss: 0.0045
Train Step A - Iteration 200: 	Loss: 0.0041
Train Step A - Iteration 250: 	Loss: 0.0063
Train Step A - Iteration 300: 	Loss: 0.0071
Train Step A - Iteration 350: 	Loss: 0.0037
Train Step A - Iteration 400: 	Loss: 0.0056
Train Step A - Iteration 450: 	Loss: 0.0057
Train Step A - Epoch [68]: 	Loss: 0.0050
Test Step A - Epoch [68]: 	Accuracy: 99.38%
-----------------------------------------------------------------------------------------------

Train Step A - Iteration 0: 	Loss: 0.0000
Train Step A - Iteration 50: 	Loss: 0.0031
Train Step A - Iteration 100: 	Loss: 0.0026
Train Step A - Iteration 150: 	Loss: 0.0041
Train Step A - Iteration 200: 	Loss: 0.0059
Train Step A - Iteration 250: 	Loss: 0.0059
Train Step A - Iteration 300: 	Loss: 0.0019
Train Step A - Iteration 350: 	Loss: 0.0036
Train Step A - Iteration 400: 	Loss: 0.0043
Train Step A - Iteration 450: 	Loss: 0.0056
Train Step A - Epoch [69]: 	Loss: 0.0042
Test Step A - Epoch [69]: 	Accuracy: 99.43%
-----------------------------------------------------------------------------------------------

Train Step A - Iteration 0: 	Loss: 0.0000
Train Step A - Iteration 50: 	Loss: 0.0041
Train Step A - Iteration 100: 	Loss: 0.0041
Train Step A - Iteration 150: 	Loss: 0.0057
Train Step A - Iteration 200: 	Loss: 0.0034
Train Step A - Iteration 250: 	Loss: 0.0031
Train Step A - Iteration 300: 	Loss: 0.0033
Train Step A - Iteration 350: 	Loss: 0.0030
Train Step A - Iteration 400: 	Loss: 0.0049
Train Step A - Iteration 450: 	Loss: 0.0050
Train Step A - Epoch [70]: 	Loss: 0.0040
Test Step A - Epoch [70]: 	Accuracy: 99.42%
-----------------------------------------------------------------------------------------------

Train Step A - Iteration 0: 	Loss: 0.0001
Train Step A - Iteration 50: 	Loss: 0.0040
Train Step A - Iteration 100: 	Loss: 0.0038
Train Step A - Iteration 150: 	Loss: 0.0029
Train Step A - Iteration 200: 	Loss: 0.0042
Train Step A - Iteration 250: 	Loss: 0.0024
Train Step A - Iteration 300: 	Loss: 0.0043
Train Step A - Iteration 350: 	Loss: 0.0059
Train Step A - Iteration 400: 	Loss: 0.0029
Train Step A - Iteration 450: 	Loss: 0.0036
Train Step A - Epoch [71]: 	Loss: 0.0037
Test Step A - Epoch [71]: 	Accuracy: 99.44%
-----------------------------------------------------------------------------------------------

Train Step A - Iteration 0: 	Loss: 0.0000
Train Step A - Iteration 50: 	Loss: 0.0031
Train Step A - Iteration 100: 	Loss: 0.0044
Train Step A - Iteration 150: 	Loss: 0.0042
Train Step A - Iteration 200: 	Loss: 0.0026
Train Step A - Iteration 250: 	Loss: 0.0066
Train Step A - Iteration 300: 	Loss: 0.0050
Train Step A - Iteration 350: 	Loss: 0.0043
Train Step A - Iteration 400: 	Loss: 0.0030
Train Step A - Iteration 450: 	Loss: 0.0042
Train Step A - Epoch [72]: 	Loss: 0.0042
Test Step A - Epoch [72]: 	Accuracy: 99.40%
-----------------------------------------------------------------------------------------------

Train Step A - Iteration 0: 	Loss: 0.0000
Train Step A - Iteration 50: 	Loss: 0.0055
Train Step A - Iteration 100: 	Loss: 0.0040
Train Step A - Iteration 150: 	Loss: 0.0048
Train Step A - Iteration 200: 	Loss: 0.0035
Train Step A - Iteration 250: 	Loss: 0.0036
Train Step A - Iteration 300: 	Loss: 0.0053
Train Step A - Iteration 350: 	Loss: 0.0036
Train Step A - Iteration 400: 	Loss: 0.0033
Train Step A - Iteration 450: 	Loss: 0.0027
Train Step A - Epoch [73]: 	Loss: 0.0041
Test Step A - Epoch [73]: 	Accuracy: 99.47%
-----------------------------------------------------------------------------------------------

Train Step A - Iteration 0: 	Loss: 0.0000
Train Step A - Iteration 50: 	Loss: 0.0042
Train Step A - Iteration 100: 	Loss: 0.0046
Train Step A - Iteration 150: 	Loss: 0.0054
Train Step A - Iteration 200: 	Loss: 0.0031
Train Step A - Iteration 250: 	Loss: 0.0045
Train Step A - Iteration 300: 	Loss: 0.0037
Train Step A - Iteration 350: 	Loss: 0.0032
Train Step A - Iteration 400: 	Loss: 0.0057
Train Step A - Iteration 450: 	Loss: 0.0039
Train Step A - Epoch [74]: 	Loss: 0.0042
Test Step A - Epoch [74]: 	Accuracy: 99.47%
-----------------------------------------------------------------------------------------------

Train Step A - Iteration 0: 	Loss: 0.0008
Train Step A - Iteration 50: 	Loss: 0.0026
Train Step A - Iteration 100: 	Loss: 0.0036
Train Step A - Iteration 150: 	Loss: 0.0048
Train Step A - Iteration 200: 	Loss: 0.0034
Train Step A - Iteration 250: 	Loss: 0.0031
Train Step A - Iteration 300: 	Loss: 0.0047
Train Step A - Iteration 350: 	Loss: 0.0037
Train Step A - Iteration 400: 	Loss: 0.0034
Train Step A - Iteration 450: 	Loss: 0.0049
Train Step A - Epoch [75]: 	Loss: 0.0040
Test Step A - Epoch [75]: 	Accuracy: 99.47%
-----------------------------------------------------------------------------------------------

Train Step A - Iteration 0: 	Loss: 0.0001
Train Step A - Iteration 50: 	Loss: 0.0041
Train Step A - Iteration 100: 	Loss: 0.0043
Train Step A - Iteration 150: 	Loss: 0.0025
Train Step A - Iteration 200: 	Loss: 0.0052
Train Step A - Iteration 250: 	Loss: 0.0039
Train Step A - Iteration 300: 	Loss: 0.0044
Train Step A - Iteration 350: 	Loss: 0.0040
Train Step A - Iteration 400: 	Loss: 0.0038
Train Step A - Iteration 450: 	Loss: 0.0032
Train Step A - Epoch [76]: 	Loss: 0.0040
Test Step A - Epoch [76]: 	Accuracy: 99.38%
-----------------------------------------------------------------------------------------------

Train Step A - Iteration 0: 	Loss: 0.0004
Train Step A - Iteration 50: 	Loss: 0.0046
Train Step A - Iteration 100: 	Loss: 0.0059
Train Step A - Iteration 150: 	Loss: 0.0044
Train Step A - Iteration 200: 	Loss: 0.0051
Train Step A - Iteration 250: 	Loss: 0.0023
Train Step A - Iteration 300: 	Loss: 0.0043
Train Step A - Iteration 350: 	Loss: 0.0032
Train Step A - Iteration 400: 	Loss: 0.0036
Train Step A - Iteration 450: 	Loss: 0.0038
Train Step A - Epoch [77]: 	Loss: 0.0042
Test Step A - Epoch [77]: 	Accuracy: 99.48%
-----------------------------------------------------------------------------------------------

Train Step A - Iteration 0: 	Loss: 0.0000
Train Step A - Iteration 50: 	Loss: 0.0023
Train Step A - Iteration 100: 	Loss: 0.0047
Train Step A - Iteration 150: 	Loss: 0.0042
Train Step A - Iteration 200: 	Loss: 0.0052
Train Step A - Iteration 250: 	Loss: 0.0049
Train Step A - Iteration 300: 	Loss: 0.0035
Train Step A - Iteration 350: 	Loss: 0.0047
Train Step A - Iteration 400: 	Loss: 0.0070
Train Step A - Iteration 450: 	Loss: 0.0035
Train Step A - Epoch [78]: 	Loss: 0.0045
Test Step A - Epoch [78]: 	Accuracy: 99.42%
-----------------------------------------------------------------------------------------------

Train Step A - Iteration 0: 	Loss: 0.0000
Train Step A - Iteration 50: 	Loss: 0.0041
Train Step A - Iteration 100: 	Loss: 0.0067
Train Step A - Iteration 150: 	Loss: 0.0051
Train Step A - Iteration 200: 	Loss: 0.0050
Train Step A - Iteration 250: 	Loss: 0.0030
Train Step A - Iteration 300: 	Loss: 0.0056
Train Step A - Iteration 350: 	Loss: 0.0042
Train Step A - Iteration 400: 	Loss: 0.0031
Train Step A - Iteration 450: 	Loss: 0.0053
Train Step A - Epoch [79]: 	Loss: 0.0046
Test Step A - Epoch [79]: 	Accuracy: 99.42%
-----------------------------------------------------------------------------------------------

Train Step A - Iteration 0: 	Loss: 0.0000
Train Step A - Iteration 50: 	Loss: 0.0021
Train Step A - Iteration 100: 	Loss: 0.0033
Train Step A - Iteration 150: 	Loss: 0.0026
Train Step A - Iteration 200: 	Loss: 0.0045
Train Step A - Iteration 250: 	Loss: 0.0031
Train Step A - Iteration 300: 	Loss: 0.0036
Train Step A - Iteration 350: 	Loss: 0.0044
Train Step A - Iteration 400: 	Loss: 0.0035
Train Step A - Iteration 450: 	Loss: 0.0041
Train Step A - Epoch [80]: 	Loss: 0.0035
Test Step A - Epoch [80]: 	Accuracy: 99.48%
-----------------------------------------------------------------------------------------------

Train Step A - Iteration 0: 	Loss: 0.0001
Train Step A - Iteration 50: 	Loss: 0.0044
Train Step A - Iteration 100: 	Loss: 0.0033
Train Step A - Iteration 150: 	Loss: 0.0028
Train Step A - Iteration 200: 	Loss: 0.0026
Train Step A - Iteration 250: 	Loss: 0.0032
Train Step A - Iteration 300: 	Loss: 0.0028
Train Step A - Iteration 350: 	Loss: 0.0039
Train Step A - Iteration 400: 	Loss: 0.0029
Train Step A - Iteration 450: 	Loss: 0.0030
Train Step A - Epoch [81]: 	Loss: 0.0034
Test Step A - Epoch [81]: 	Accuracy: 99.41%
-----------------------------------------------------------------------------------------------

Train Step A - Iteration 0: 	Loss: 0.0003
Train Step A - Iteration 50: 	Loss: 0.0052
Train Step A - Iteration 100: 	Loss: 0.0039
Train Step A - Iteration 150: 	Loss: 0.0033
Train Step A - Iteration 200: 	Loss: 0.0024
Train Step A - Iteration 250: 	Loss: 0.0044
Train Step A - Iteration 300: 	Loss: 0.0055
Train Step A - Iteration 350: 	Loss: 0.0038
Train Step A - Iteration 400: 	Loss: 0.0038
Train Step A - Iteration 450: 	Loss: 0.0025
Train Step A - Epoch [82]: 	Loss: 0.0039
Test Step A - Epoch [82]: 	Accuracy: 99.45%
-----------------------------------------------------------------------------------------------

Train Step A - Iteration 0: 	Loss: 0.0000
Train Step A - Iteration 50: 	Loss: 0.0053
Train Step A - Iteration 100: 	Loss: 0.0046
Train Step A - Iteration 150: 	Loss: 0.0025
Train Step A - Iteration 200: 	Loss: 0.0040
Train Step A - Iteration 250: 	Loss: 0.0028
Train Step A - Iteration 300: 	Loss: 0.0043
Train Step A - Iteration 350: 	Loss: 0.0055
Train Step A - Iteration 400: 	Loss: 0.0035
Train Step A - Iteration 450: 	Loss: 0.0030
Train Step A - Epoch [83]: 	Loss: 0.0039
Test Step A - Epoch [83]: 	Accuracy: 99.39%
-----------------------------------------------------------------------------------------------

Train Step A - Iteration 0: 	Loss: 0.0000
Train Step A - Iteration 50: 	Loss: 0.0037
Train Step A - Iteration 100: 	Loss: 0.0021
Train Step A - Iteration 150: 	Loss: 0.0037
Train Step A - Iteration 200: 	Loss: 0.0021
Train Step A - Iteration 250: 	Loss: 0.0042
Train Step A - Iteration 300: 	Loss: 0.0018
Train Step A - Iteration 350: 	Loss: 0.0036
Train Step A - Iteration 400: 	Loss: 0.0041
Train Step A - Iteration 450: 	Loss: 0.0039
Train Step A - Epoch [84]: 	Loss: 0.0033
Test Step A - Epoch [84]: 	Accuracy: 99.47%
-----------------------------------------------------------------------------------------------

Train Step A - Iteration 0: 	Loss: 0.0001
Train Step A - Iteration 50: 	Loss: 0.0041
Train Step A - Iteration 100: 	Loss: 0.0034
Train Step A - Iteration 150: 	Loss: 0.0033
Train Step A - Iteration 200: 	Loss: 0.0029
Train Step A - Iteration 250: 	Loss: 0.0035
Train Step A - Iteration 300: 	Loss: 0.0020
Train Step A - Iteration 350: 	Loss: 0.0035
Train Step A - Iteration 400: 	Loss: 0.0038
Train Step A - Iteration 450: 	Loss: 0.0036
Train Step A - Epoch [85]: 	Loss: 0.0033
Test Step A - Epoch [85]: 	Accuracy: 99.46%
-----------------------------------------------------------------------------------------------

Train Step A - Iteration 0: 	Loss: 0.0000
Train Step A - Iteration 50: 	Loss: 0.0023
Train Step A - Iteration 100: 	Loss: 0.0033
Train Step A - Iteration 150: 	Loss: 0.0056
Train Step A - Iteration 200: 	Loss: 0.0039
Train Step A - Iteration 250: 	Loss: 0.0015
Train Step A - Iteration 300: 	Loss: 0.0027
Train Step A - Iteration 350: 	Loss: 0.0034
Train Step A - Iteration 400: 	Loss: 0.0041
Train Step A - Iteration 450: 	Loss: 0.0029
Train Step A - Epoch [86]: 	Loss: 0.0034
Test Step A - Epoch [86]: 	Accuracy: 99.46%
-----------------------------------------------------------------------------------------------

Train Step A - Iteration 0: 	Loss: 0.0000
Train Step A - Iteration 50: 	Loss: 0.0019
Train Step A - Iteration 100: 	Loss: 0.0015
Train Step A - Iteration 150: 	Loss: 0.0033
Train Step A - Iteration 200: 	Loss: 0.0033
Train Step A - Iteration 250: 	Loss: 0.0032
Train Step A - Iteration 300: 	Loss: 0.0034
Train Step A - Iteration 350: 	Loss: 0.0051
Train Step A - Iteration 400: 	Loss: 0.0027
Train Step A - Iteration 450: 	Loss: 0.0022
Train Step A - Epoch [87]: 	Loss: 0.0030
Test Step A - Epoch [87]: 	Accuracy: 99.51%
-----------------------------------------------------------------------------------------------

Train Step A - Iteration 0: 	Loss: 0.0000
Train Step A - Iteration 50: 	Loss: 0.0017
Train Step A - Iteration 100: 	Loss: 0.0025
Train Step A - Iteration 150: 	Loss: 0.0020
Train Step A - Iteration 200: 	Loss: 0.0050
Train Step A - Iteration 250: 	Loss: 0.0042
Train Step A - Iteration 300: 	Loss: 0.0030
Train Step A - Iteration 350: 	Loss: 0.0025
Train Step A - Iteration 400: 	Loss: 0.0036
Train Step A - Iteration 450: 	Loss: 0.0024
Train Step A - Epoch [88]: 	Loss: 0.0031
Test Step A - Epoch [88]: 	Accuracy: 99.46%
-----------------------------------------------------------------------------------------------

Train Step A - Iteration 0: 	Loss: 0.0000
Train Step A - Iteration 50: 	Loss: 0.0034
Train Step A - Iteration 100: 	Loss: 0.0044
Train Step A - Iteration 150: 	Loss: 0.0047
Train Step A - Iteration 200: 	Loss: 0.0013
Train Step A - Iteration 250: 	Loss: 0.0042
Train Step A - Iteration 300: 	Loss: 0.0037
Train Step A - Iteration 350: 	Loss: 0.0048
Train Step A - Iteration 400: 	Loss: 0.0030
Train Step A - Iteration 450: 	Loss: 0.0032
Train Step A - Epoch [89]: 	Loss: 0.0037
Test Step A - Epoch [89]: 	Accuracy: 99.45%
-----------------------------------------------------------------------------------------------

Train Step A - Iteration 0: 	Loss: 0.0000
Train Step A - Iteration 50: 	Loss: 0.0027
Train Step A - Iteration 100: 	Loss: 0.0020
Train Step A - Iteration 150: 	Loss: 0.0012
Train Step A - Iteration 200: 	Loss: 0.0021
Train Step A - Iteration 250: 	Loss: 0.0026
Train Step A - Iteration 300: 	Loss: 0.0021
Train Step A - Iteration 350: 	Loss: 0.0037
Train Step A - Iteration 400: 	Loss: 0.0029
Train Step A - Iteration 450: 	Loss: 0.0033
Train Step A - Epoch [90]: 	Loss: 0.0025
Test Step A - Epoch [90]: 	Accuracy: 99.39%
-----------------------------------------------------------------------------------------------

Train Step A - Iteration 0: 	Loss: 0.0000
Train Step A - Iteration 50: 	Loss: 0.0024
Train Step A - Iteration 100: 	Loss: 0.0040
Train Step A - Iteration 150: 	Loss: 0.0025
Train Step A - Iteration 200: 	Loss: 0.0022
Train Step A - Iteration 250: 	Loss: 0.0039
Train Step A - Iteration 300: 	Loss: 0.0052
Train Step A - Iteration 350: 	Loss: 0.0038
Train Step A - Iteration 400: 	Loss: 0.0024
Train Step A - Iteration 450: 	Loss: 0.0041
Train Step A - Epoch [91]: 	Loss: 0.0033
Test Step A - Epoch [91]: 	Accuracy: 99.47%
-----------------------------------------------------------------------------------------------

Train Step A - Iteration 0: 	Loss: 0.0000
Train Step A - Iteration 50: 	Loss: 0.0018
Train Step A - Iteration 100: 	Loss: 0.0033
Train Step A - Iteration 150: 	Loss: 0.0024
Train Step A - Iteration 200: 	Loss: 0.0019
Train Step A - Iteration 250: 	Loss: 0.0031
Train Step A - Iteration 300: 	Loss: 0.0022
Train Step A - Iteration 350: 	Loss: 0.0034
Train Step A - Iteration 400: 	Loss: 0.0026
Train Step A - Iteration 450: 	Loss: 0.0028
Train Step A - Epoch [92]: 	Loss: 0.0026
Test Step A - Epoch [92]: 	Accuracy: 99.38%
-----------------------------------------------------------------------------------------------

Train Step A - Iteration 0: 	Loss: 0.0000
Train Step A - Iteration 50: 	Loss: 0.0020
Train Step A - Iteration 100: 	Loss: 0.0025
Train Step A - Iteration 150: 	Loss: 0.0027
Train Step A - Iteration 200: 	Loss: 0.0039
Train Step A - Iteration 250: 	Loss: 0.0023
Train Step A - Iteration 300: 	Loss: 0.0041
Train Step A - Iteration 350: 	Loss: 0.0035
Train Step A - Iteration 400: 	Loss: 0.0047
Train Step A - Iteration 450: 	Loss: 0.0049
Train Step A - Epoch [93]: 	Loss: 0.0033
Test Step A - Epoch [93]: 	Accuracy: 99.44%
-----------------------------------------------------------------------------------------------

Train Step A - Iteration 0: 	Loss: 0.0000
Train Step A - Iteration 50: 	Loss: 0.0040
Train Step A - Iteration 100: 	Loss: 0.0024
Train Step A - Iteration 150: 	Loss: 0.0034
Train Step A - Iteration 200: 	Loss: 0.0042
Train Step A - Iteration 250: 	Loss: 0.0026
Train Step A - Iteration 300: 	Loss: 0.0041
Train Step A - Iteration 350: 	Loss: 0.0020
Train Step A - Iteration 400: 	Loss: 0.0041
Train Step A - Iteration 450: 	Loss: 0.0027
Train Step A - Epoch [94]: 	Loss: 0.0032
Test Step A - Epoch [94]: 	Accuracy: 99.49%
-----------------------------------------------------------------------------------------------

Train Step A - Iteration 0: 	Loss: 0.0000
Train Step A - Iteration 50: 	Loss: 0.0018
Train Step A - Iteration 100: 	Loss: 0.0028
Train Step A - Iteration 150: 	Loss: 0.0046
Train Step A - Iteration 200: 	Loss: 0.0031
Train Step A - Iteration 250: 	Loss: 0.0025
Train Step A - Iteration 300: 	Loss: 0.0026
Train Step A - Iteration 350: 	Loss: 0.0025
Train Step A - Iteration 400: 	Loss: 0.0029
Train Step A - Iteration 450: 	Loss: 0.0031
Train Step A - Epoch [95]: 	Loss: 0.0028
Test Step A - Epoch [95]: 	Accuracy: 99.48%
-----------------------------------------------------------------------------------------------

Train Step A - Iteration 0: 	Loss: 0.0000
Train Step A - Iteration 50: 	Loss: 0.0039
Train Step A - Iteration 100: 	Loss: 0.0035
Train Step A - Iteration 150: 	Loss: 0.0029
Train Step A - Iteration 200: 	Loss: 0.0028
Train Step A - Iteration 250: 	Loss: 0.0027
Train Step A - Iteration 300: 	Loss: 0.0041
Train Step A - Iteration 350: 	Loss: 0.0024
Train Step A - Iteration 400: 	Loss: 0.0046
Train Step A - Iteration 450: 	Loss: 0.0030
Train Step A - Epoch [96]: 	Loss: 0.0032
Test Step A - Epoch [96]: 	Accuracy: 99.47%
-----------------------------------------------------------------------------------------------

Train Step A - Iteration 0: 	Loss: 0.0000
Train Step A - Iteration 50: 	Loss: 0.0033
Train Step A - Iteration 100: 	Loss: 0.0027
Train Step A - Iteration 150: 	Loss: 0.0033
Train Step A - Iteration 200: 	Loss: 0.0022
Train Step A - Iteration 250: 	Loss: 0.0022
Train Step A - Iteration 300: 	Loss: 0.0034
Train Step A - Iteration 350: 	Loss: 0.0023
Train Step A - Iteration 400: 	Loss: 0.0032
Train Step A - Iteration 450: 	Loss: 0.0023
Train Step A - Epoch [97]: 	Loss: 0.0027
Test Step A - Epoch [97]: 	Accuracy: 99.49%
-----------------------------------------------------------------------------------------------

Train Step A - Iteration 0: 	Loss: 0.0000
Train Step A - Iteration 50: 	Loss: 0.0047
Train Step A - Iteration 100: 	Loss: 0.0043
Train Step A - Iteration 150: 	Loss: 0.0021
Train Step A - Iteration 200: 	Loss: 0.0037
Train Step A - Iteration 250: 	Loss: 0.0044
Train Step A - Iteration 300: 	Loss: 0.0037
Train Step A - Iteration 350: 	Loss: 0.0022
Train Step A - Iteration 400: 	Loss: 0.0025
Train Step A - Iteration 450: 	Loss: 0.0027
Train Step A - Epoch [98]: 	Loss: 0.0033
Test Step A - Epoch [98]: 	Accuracy: 99.45%
-----------------------------------------------------------------------------------------------

Train Step A - Iteration 0: 	Loss: 0.0000
Train Step A - Iteration 50: 	Loss: 0.0036
Train Step A - Iteration 100: 	Loss: 0.0037
Train Step A - Iteration 150: 	Loss: 0.0023
Train Step A - Iteration 200: 	Loss: 0.0024
Train Step A - Iteration 250: 	Loss: 0.0030
Train Step A - Iteration 300: 	Loss: 0.0018
Train Step A - Iteration 350: 	Loss: 0.0029
Train Step A - Iteration 400: 	Loss: 0.0016
Train Step A - Iteration 450: 	Loss: 0.0020
Train Step A - Epoch [99]: 	Loss: 0.0027
Test Step A - Epoch [99]: 	Accuracy: 99.47%
-----------------------------------------------------------------------------------------------

Train Step A - Iteration 0: 	Loss: 0.0000
Train Step A - Iteration 50: 	Loss: 0.0037
Train Step A - Iteration 100: 	Loss: 0.0012
Train Step A - Iteration 150: 	Loss: 0.0011
Train Step A - Iteration 200: 	Loss: 0.0018
Train Step A - Iteration 250: 	Loss: 0.0018
Train Step A - Iteration 300: 	Loss: 0.0040
Train Step A - Iteration 350: 	Loss: 0.0016
Train Step A - Iteration 400: 	Loss: 0.0029
Train Step A - Iteration 450: 	Loss: 0.0035
Train Step A - Epoch [100]: 	Loss: 0.0023
Test Step A - Epoch [100]: 	Accuracy: 99.49%
-----------------------------------------------------------------------------------------------

Using downloaded and verified file: ./data/SVHN/raw/train/train_32x32.mat
Using downloaded and verified file: ./data/SVHN/raw/test/test_32x32.mat
Train Step B - Epoch [1]:               Discriminator GAN loss: 0.3215,               Generator GAN Loss: 2.9884,               Cycle loss: 1.3050,               Semantic Loss: 1.9687,               Task loss: 2.1436
Test Step B - Epoch [1]: 	Accuracy: 12.57%
-----------------------------------------------------------------------------------------------

Train Step B - Epoch [2]:               Discriminator GAN loss: 0.0885,               Generator GAN Loss: 4.3486,               Cycle loss: 1.0912,               Semantic Loss: 2.3877,               Task loss: 2.0752
Test Step B - Epoch [2]: 	Accuracy: 14.56%
-----------------------------------------------------------------------------------------------

Train Step B - Epoch [3]:               Discriminator GAN loss: 0.1692,               Generator GAN Loss: 3.9652,               Cycle loss: 0.9119,               Semantic Loss: 2.4264,               Task loss: 1.9645
Test Step B - Epoch [3]: 	Accuracy: 16.42%
-----------------------------------------------------------------------------------------------

Train Step B - Epoch [4]:               Discriminator GAN loss: 0.6680,               Generator GAN Loss: 2.0778,               Cycle loss: 0.6019,               Semantic Loss: 1.1139,               Task loss: 1.1607
Test Step B - Epoch [4]: 	Accuracy: 14.83%
-----------------------------------------------------------------------------------------------

Train Step B - Epoch [5]:               Discriminator GAN loss: 0.6972,               Generator GAN Loss: 1.8718,               Cycle loss: 0.5996,               Semantic Loss: 0.7927,               Task loss: 0.8467
Test Step B - Epoch [5]: 	Accuracy: 15.69%
-----------------------------------------------------------------------------------------------

Train Step B - Epoch [6]:               Discriminator GAN loss: 0.8839,               Generator GAN Loss: 1.5878,               Cycle loss: 0.5680,               Semantic Loss: 0.6801,               Task loss: 0.7189
Test Step B - Epoch [6]: 	Accuracy: 13.03%
-----------------------------------------------------------------------------------------------

Train Step B - Epoch [7]:               Discriminator GAN loss: 0.8333,               Generator GAN Loss: 1.5668,               Cycle loss: 0.5667,               Semantic Loss: 0.5516,               Task loss: 0.6766
Test Step B - Epoch [7]: 	Accuracy: 15.64%
-----------------------------------------------------------------------------------------------

Train Step B - Epoch [8]:               Discriminator GAN loss: 0.9457,               Generator GAN Loss: 1.4038,               Cycle loss: 0.5494,               Semantic Loss: 0.4839,               Task loss: 0.6110
Test Step B - Epoch [8]: 	Accuracy: 14.06%
-----------------------------------------------------------------------------------------------

Train Step B - Epoch [9]:               Discriminator GAN loss: 0.9668,               Generator GAN Loss: 1.3529,               Cycle loss: 0.5298,               Semantic Loss: 0.4292,               Task loss: 0.5675
Test Step B - Epoch [9]: 	Accuracy: 16.94%
-----------------------------------------------------------------------------------------------

Train Step B - Epoch [10]:               Discriminator GAN loss: 1.0121,               Generator GAN Loss: 1.3303,               Cycle loss: 0.5343,               Semantic Loss: 0.3827,               Task loss: 0.5370
Test Step B - Epoch [10]: 	Accuracy: 17.56%
-----------------------------------------------------------------------------------------------

Train Step B - Epoch [11]:               Discriminator GAN loss: 1.0398,               Generator GAN Loss: 1.2398,               Cycle loss: 0.5241,               Semantic Loss: 0.3285,               Task loss: 0.4951
Test Step B - Epoch [11]: 	Accuracy: 18.48%
-----------------------------------------------------------------------------------------------

Train Step B - Epoch [12]:               Discriminator GAN loss: 1.0738,               Generator GAN Loss: 1.1466,               Cycle loss: 0.5150,               Semantic Loss: 0.2856,               Task loss: 0.4503
Test Step B - Epoch [12]: 	Accuracy: 16.40%
-----------------------------------------------------------------------------------------------

Train Step B - Epoch [13]:               Discriminator GAN loss: 1.1150,               Generator GAN Loss: 1.1333,               Cycle loss: 0.4867,               Semantic Loss: 0.2887,               Task loss: 0.4078
Test Step B - Epoch [13]: 	Accuracy: 19.06%
-----------------------------------------------------------------------------------------------

Train Step B - Epoch [14]:               Discriminator GAN loss: 1.1376,               Generator GAN Loss: 1.0659,               Cycle loss: 0.4935,               Semantic Loss: 0.2532,               Task loss: 0.3911
Test Step B - Epoch [14]: 	Accuracy: 17.64%
-----------------------------------------------------------------------------------------------

Train Step B - Epoch [15]:               Discriminator GAN loss: 1.1268,               Generator GAN Loss: 1.0584,               Cycle loss: 0.4806,               Semantic Loss: 0.2420,               Task loss: 0.3695
Test Step B - Epoch [15]: 	Accuracy: 18.80%
-----------------------------------------------------------------------------------------------

Train Step B - Epoch [16]:               Discriminator GAN loss: 1.1779,               Generator GAN Loss: 1.0336,               Cycle loss: 0.4941,               Semantic Loss: 0.2257,               Task loss: 0.3351
Test Step B - Epoch [16]: 	Accuracy: 17.63%
-----------------------------------------------------------------------------------------------

Train Step B - Epoch [17]:               Discriminator GAN loss: 1.1986,               Generator GAN Loss: 1.0024,               Cycle loss: 0.4809,               Semantic Loss: 0.2096,               Task loss: 0.3105
Test Step B - Epoch [17]: 	Accuracy: 17.87%
-----------------------------------------------------------------------------------------------

Train Step B - Epoch [18]:               Discriminator GAN loss: 1.2268,               Generator GAN Loss: 0.9231,               Cycle loss: 0.4831,               Semantic Loss: 0.1731,               Task loss: 0.2837
Test Step B - Epoch [18]: 	Accuracy: 20.92%
-----------------------------------------------------------------------------------------------

Train Step B - Epoch [19]:               Discriminator GAN loss: 1.2305,               Generator GAN Loss: 0.9484,               Cycle loss: 0.4726,               Semantic Loss: 0.2134,               Task loss: 0.2955
Test Step B - Epoch [19]: 	Accuracy: 21.43%
-----------------------------------------------------------------------------------------------

Train Step B - Epoch [20]:               Discriminator GAN loss: 1.2541,               Generator GAN Loss: 0.9012,               Cycle loss: 0.4592,               Semantic Loss: 0.1934,               Task loss: 0.2511
Test Step B - Epoch [20]: 	Accuracy: 23.64%
-----------------------------------------------------------------------------------------------

Train Step B - Epoch [21]:               Discriminator GAN loss: 1.2800,               Generator GAN Loss: 0.8626,               Cycle loss: 0.4543,               Semantic Loss: 0.1587,               Task loss: 0.2360
Test Step B - Epoch [21]: 	Accuracy: 21.72%
-----------------------------------------------------------------------------------------------

Train Step B - Epoch [22]:               Discriminator GAN loss: 1.2796,               Generator GAN Loss: 0.8651,               Cycle loss: 0.4443,               Semantic Loss: 0.1893,               Task loss: 0.2335
Test Step B - Epoch [22]: 	Accuracy: 20.44%
-----------------------------------------------------------------------------------------------

Train Step B - Epoch [23]:               Discriminator GAN loss: 1.2770,               Generator GAN Loss: 0.8821,               Cycle loss: 0.4517,               Semantic Loss: 0.1570,               Task loss: 0.2127
Test Step B - Epoch [23]: 	Accuracy: 21.92%
-----------------------------------------------------------------------------------------------

Train Step B - Epoch [24]:               Discriminator GAN loss: 1.2358,               Generator GAN Loss: 0.8793,               Cycle loss: 0.4154,               Semantic Loss: 0.1596,               Task loss: 0.1979
Test Step B - Epoch [24]: 	Accuracy: 22.83%
-----------------------------------------------------------------------------------------------

Train Step B - Epoch [25]:               Discriminator GAN loss: 1.3134,               Generator GAN Loss: 0.8512,               Cycle loss: 0.3937,               Semantic Loss: 0.1464,               Task loss: 0.1794
Test Step B - Epoch [25]: 	Accuracy: 24.77%
-----------------------------------------------------------------------------------------------

Train Step B - Epoch [26]:               Discriminator GAN loss: 1.2857,               Generator GAN Loss: 0.8655,               Cycle loss: 0.3487,               Semantic Loss: 0.1563,               Task loss: 0.1799
Test Step B - Epoch [26]: 	Accuracy: 24.01%
-----------------------------------------------------------------------------------------------

Train Step B - Epoch [27]:               Discriminator GAN loss: 1.2693,               Generator GAN Loss: 0.8351,               Cycle loss: 0.3061,               Semantic Loss: 0.1492,               Task loss: 0.1808
Test Step B - Epoch [27]: 	Accuracy: 25.45%
-----------------------------------------------------------------------------------------------

Train Step B - Epoch [28]:               Discriminator GAN loss: 1.3367,               Generator GAN Loss: 0.8208,               Cycle loss: 0.2882,               Semantic Loss: 0.1460,               Task loss: 0.1630
Test Step B - Epoch [28]: 	Accuracy: 24.37%
-----------------------------------------------------------------------------------------------

Train Step B - Epoch [29]:               Discriminator GAN loss: 1.3207,               Generator GAN Loss: 0.8077,               Cycle loss: 0.2608,               Semantic Loss: 0.1265,               Task loss: 0.1350
Test Step B - Epoch [29]: 	Accuracy: 25.45%
-----------------------------------------------------------------------------------------------

Train Step B - Epoch [30]:               Discriminator GAN loss: 1.3155,               Generator GAN Loss: 0.7994,               Cycle loss: 0.2563,               Semantic Loss: 0.1306,               Task loss: 0.1336
Test Step B - Epoch [30]: 	Accuracy: 26.23%
-----------------------------------------------------------------------------------------------

Train Step B - Epoch [31]:               Discriminator GAN loss: 1.3397,               Generator GAN Loss: 0.7949,               Cycle loss: 0.2435,               Semantic Loss: 0.1302,               Task loss: 0.1277
Test Step B - Epoch [31]: 	Accuracy: 26.63%
-----------------------------------------------------------------------------------------------

Train Step B - Epoch [32]:               Discriminator GAN loss: 1.3383,               Generator GAN Loss: 0.8059,               Cycle loss: 0.2331,               Semantic Loss: 0.1227,               Task loss: 0.1359
Test Step B - Epoch [32]: 	Accuracy: 25.73%
-----------------------------------------------------------------------------------------------

Train Step B - Epoch [33]:               Discriminator GAN loss: 1.3233,               Generator GAN Loss: 0.7855,               Cycle loss: 0.2284,               Semantic Loss: 0.1355,               Task loss: 0.1196
Test Step B - Epoch [33]: 	Accuracy: 25.87%
-----------------------------------------------------------------------------------------------

Train Step B - Epoch [34]:               Discriminator GAN loss: 1.3039,               Generator GAN Loss: 0.8105,               Cycle loss: 0.2274,               Semantic Loss: 0.1377,               Task loss: 0.1225
Test Step B - Epoch [34]: 	Accuracy: 29.26%
-----------------------------------------------------------------------------------------------

Train Step B - Epoch [35]:               Discriminator GAN loss: 1.3069,               Generator GAN Loss: 0.8104,               Cycle loss: 0.2201,               Semantic Loss: 0.1454,               Task loss: 0.1297
Test Step B - Epoch [35]: 	Accuracy: 28.91%
-----------------------------------------------------------------------------------------------

Train Step B - Epoch [36]:               Discriminator GAN loss: 1.3155,               Generator GAN Loss: 0.8186,               Cycle loss: 0.2162,               Semantic Loss: 0.1556,               Task loss: 0.1125
Test Step B - Epoch [36]: 	Accuracy: 27.67%
-----------------------------------------------------------------------------------------------

Train Step B - Epoch [37]:               Discriminator GAN loss: 1.3260,               Generator GAN Loss: 0.8161,               Cycle loss: 0.2091,               Semantic Loss: 0.1561,               Task loss: 0.1165
Test Step B - Epoch [37]: 	Accuracy: 27.62%
-----------------------------------------------------------------------------------------------

Train Step B - Epoch [38]:               Discriminator GAN loss: 1.2871,               Generator GAN Loss: 0.8322,               Cycle loss: 0.2087,               Semantic Loss: 0.1593,               Task loss: 0.1220
Test Step B - Epoch [38]: 	Accuracy: 29.88%
-----------------------------------------------------------------------------------------------

Train Step B - Epoch [39]:               Discriminator GAN loss: 1.2881,               Generator GAN Loss: 0.8642,               Cycle loss: 0.2060,               Semantic Loss: 0.1662,               Task loss: 0.1199
Test Step B - Epoch [39]: 	Accuracy: 28.09%
-----------------------------------------------------------------------------------------------

Train Step B - Epoch [40]:               Discriminator GAN loss: 1.3041,               Generator GAN Loss: 0.8393,               Cycle loss: 0.2036,               Semantic Loss: 0.1542,               Task loss: 0.1242
Test Step B - Epoch [40]: 	Accuracy: 28.81%
-----------------------------------------------------------------------------------------------

Train Step B - Epoch [41]:               Discriminator GAN loss: 1.2823,               Generator GAN Loss: 0.8137,               Cycle loss: 0.1943,               Semantic Loss: 0.1558,               Task loss: 0.1077
Test Step B - Epoch [41]: 	Accuracy: 29.31%
-----------------------------------------------------------------------------------------------

Train Step B - Epoch [42]:               Discriminator GAN loss: 1.2863,               Generator GAN Loss: 0.8622,               Cycle loss: 0.2002,               Semantic Loss: 0.1690,               Task loss: 0.1095
Test Step B - Epoch [42]: 	Accuracy: 31.23%
-----------------------------------------------------------------------------------------------

Train Step B - Epoch [43]:               Discriminator GAN loss: 1.2688,               Generator GAN Loss: 0.8422,               Cycle loss: 0.1947,               Semantic Loss: 0.1713,               Task loss: 0.1144
Test Step B - Epoch [43]: 	Accuracy: 30.21%
-----------------------------------------------------------------------------------------------

Train Step B - Epoch [44]:               Discriminator GAN loss: 1.2713,               Generator GAN Loss: 0.8838,               Cycle loss: 0.1900,               Semantic Loss: 0.1625,               Task loss: 0.1040
Test Step B - Epoch [44]: 	Accuracy: 31.89%
-----------------------------------------------------------------------------------------------

Train Step B - Epoch [45]:               Discriminator GAN loss: 1.3108,               Generator GAN Loss: 0.8701,               Cycle loss: 0.1874,               Semantic Loss: 0.1794,               Task loss: 0.1108
Test Step B - Epoch [45]: 	Accuracy: 29.24%
-----------------------------------------------------------------------------------------------

Train Step B - Epoch [46]:               Discriminator GAN loss: 1.2482,               Generator GAN Loss: 0.8495,               Cycle loss: 0.1906,               Semantic Loss: 0.1554,               Task loss: 0.1040
Test Step B - Epoch [46]: 	Accuracy: 31.60%
-----------------------------------------------------------------------------------------------

Train Step B - Epoch [47]:               Discriminator GAN loss: 1.2882,               Generator GAN Loss: 0.8335,               Cycle loss: 0.1824,               Semantic Loss: 0.1617,               Task loss: 0.0983
Test Step B - Epoch [47]: 	Accuracy: 31.14%
-----------------------------------------------------------------------------------------------

Train Step B - Epoch [48]:               Discriminator GAN loss: 1.3165,               Generator GAN Loss: 0.8389,               Cycle loss: 0.1824,               Semantic Loss: 0.1972,               Task loss: 0.1275
Test Step B - Epoch [48]: 	Accuracy: 30.79%
-----------------------------------------------------------------------------------------------

Train Step B - Epoch [49]:               Discriminator GAN loss: 1.2384,               Generator GAN Loss: 0.8438,               Cycle loss: 0.1790,               Semantic Loss: 0.1498,               Task loss: 0.0958
Test Step B - Epoch [49]: 	Accuracy: 32.01%
-----------------------------------------------------------------------------------------------

Train Step B - Epoch [50]:               Discriminator GAN loss: 1.2779,               Generator GAN Loss: 0.8578,               Cycle loss: 0.1820,               Semantic Loss: 0.1969,               Task loss: 0.0980
Test Step B - Epoch [50]: 	Accuracy: 30.22%
-----------------------------------------------------------------------------------------------

The process took 211.68467472791673 minutes to complete.
