nohup: ignoring input
/home/infres/olapabe-23/MNIST-SVHN-Transfer/src/solvers/CyCADASolver.py:454: RuntimeWarning: More than 20 figures have been opened. Figures created through the pyplot interface (`matplotlib.pyplot.figure`) are retained until explicitly closed and may consume too much memory. (To control this warning, see the rcParam `figure.max_open_warning`).
  fig, axes = plt.subplots(nrows=2, ncols=10, figsize=(15, 4))  # Set up the subplot grid
Using device cuda
Train Step A - Iteration 0: 	Loss: 0.0464
Train Step A - Iteration 50: 	Loss: 1.8767
Train Step A - Iteration 100: 	Loss: 0.8093
Train Step A - Iteration 150: 	Loss: 0.4983
Train Step A - Iteration 200: 	Loss: 0.4028
Train Step A - Iteration 250: 	Loss: 0.3406
Train Step A - Iteration 300: 	Loss: 0.3081
Train Step A - Iteration 350: 	Loss: 0.2816
Train Step A - Iteration 400: 	Loss: 0.2424
Train Step A - Iteration 450: 	Loss: 0.2283
Train Step A - Epoch [1]: 	Loss: 0.5453
Test Step A - Epoch [1]: 	Accuracy: 95.49%
-----------------------------------------------------------------------------------------------

Train Step A - Iteration 0: 	Loss: 0.0041
Train Step A - Iteration 50: 	Loss: 0.2104
Train Step A - Iteration 100: 	Loss: 0.1855
Train Step A - Iteration 150: 	Loss: 0.1695
Train Step A - Iteration 200: 	Loss: 0.1456
Train Step A - Iteration 250: 	Loss: 0.1422
Train Step A - Iteration 300: 	Loss: 0.1288
Train Step A - Iteration 350: 	Loss: 0.1368
Train Step A - Iteration 400: 	Loss: 0.1310
Train Step A - Iteration 450: 	Loss: 0.1274
Train Step A - Epoch [2]: 	Loss: 0.1532
Test Step A - Epoch [2]: 	Accuracy: 97.69%
-----------------------------------------------------------------------------------------------

Train Step A - Iteration 0: 	Loss: 0.0018
Train Step A - Iteration 50: 	Loss: 0.0967
Train Step A - Iteration 100: 	Loss: 0.1147
Train Step A - Iteration 150: 	Loss: 0.0993
Train Step A - Iteration 200: 	Loss: 0.1069
Train Step A - Iteration 250: 	Loss: 0.1135
Train Step A - Iteration 300: 	Loss: 0.1069
Train Step A - Iteration 350: 	Loss: 0.0966
Train Step A - Iteration 400: 	Loss: 0.0886
Train Step A - Iteration 450: 	Loss: 0.0792
Train Step A - Epoch [3]: 	Loss: 0.1000
Test Step A - Epoch [3]: 	Accuracy: 98.30%
-----------------------------------------------------------------------------------------------

Train Step A - Iteration 0: 	Loss: 0.0026
Train Step A - Iteration 50: 	Loss: 0.0874
Train Step A - Iteration 100: 	Loss: 0.0844
Train Step A - Iteration 150: 	Loss: 0.0841
Train Step A - Iteration 200: 	Loss: 0.0742
Train Step A - Iteration 250: 	Loss: 0.0802
Train Step A - Iteration 300: 	Loss: 0.0803
Train Step A - Iteration 350: 	Loss: 0.0740
Train Step A - Iteration 400: 	Loss: 0.0771
Train Step A - Iteration 450: 	Loss: 0.0725
Train Step A - Epoch [4]: 	Loss: 0.0787
Test Step A - Epoch [4]: 	Accuracy: 98.47%
-----------------------------------------------------------------------------------------------

Train Step A - Iteration 0: 	Loss: 0.0014
Train Step A - Iteration 50: 	Loss: 0.0678
Train Step A - Iteration 100: 	Loss: 0.0701
Train Step A - Iteration 150: 	Loss: 0.0719
Train Step A - Iteration 200: 	Loss: 0.0610
Train Step A - Iteration 250: 	Loss: 0.0667
Train Step A - Iteration 300: 	Loss: 0.0652
Train Step A - Iteration 350: 	Loss: 0.0623
Train Step A - Iteration 400: 	Loss: 0.0632
Train Step A - Iteration 450: 	Loss: 0.0612
Train Step A - Epoch [5]: 	Loss: 0.0653
Test Step A - Epoch [5]: 	Accuracy: 98.68%
-----------------------------------------------------------------------------------------------

Train Step A - Iteration 0: 	Loss: 0.0015
Train Step A - Iteration 50: 	Loss: 0.0516
Train Step A - Iteration 100: 	Loss: 0.0573
Train Step A - Iteration 150: 	Loss: 0.0578
Train Step A - Iteration 200: 	Loss: 0.0566
Train Step A - Iteration 250: 	Loss: 0.0558
Train Step A - Iteration 300: 	Loss: 0.0573
Train Step A - Iteration 350: 	Loss: 0.0526
Train Step A - Iteration 400: 	Loss: 0.0630
Train Step A - Iteration 450: 	Loss: 0.0518
Train Step A - Epoch [6]: 	Loss: 0.0560
Test Step A - Epoch [6]: 	Accuracy: 98.86%
-----------------------------------------------------------------------------------------------

Train Step A - Iteration 0: 	Loss: 0.0007
Train Step A - Iteration 50: 	Loss: 0.0549
Train Step A - Iteration 100: 	Loss: 0.0513
Train Step A - Iteration 150: 	Loss: 0.0550
Train Step A - Iteration 200: 	Loss: 0.0491
Train Step A - Iteration 250: 	Loss: 0.0499
Train Step A - Iteration 300: 	Loss: 0.0506
Train Step A - Iteration 350: 	Loss: 0.0467
Train Step A - Iteration 400: 	Loss: 0.0494
Train Step A - Iteration 450: 	Loss: 0.0493
Train Step A - Epoch [7]: 	Loss: 0.0503
Test Step A - Epoch [7]: 	Accuracy: 99.06%
-----------------------------------------------------------------------------------------------

Train Step A - Iteration 0: 	Loss: 0.0016
Train Step A - Iteration 50: 	Loss: 0.0407
Train Step A - Iteration 100: 	Loss: 0.0493
Train Step A - Iteration 150: 	Loss: 0.0430
Train Step A - Iteration 200: 	Loss: 0.0455
Train Step A - Iteration 250: 	Loss: 0.0503
Train Step A - Iteration 300: 	Loss: 0.0434
Train Step A - Iteration 350: 	Loss: 0.0493
Train Step A - Iteration 400: 	Loss: 0.0424
Train Step A - Iteration 450: 	Loss: 0.0334
Train Step A - Epoch [8]: 	Loss: 0.0444
Test Step A - Epoch [8]: 	Accuracy: 99.02%
-----------------------------------------------------------------------------------------------

Train Step A - Iteration 0: 	Loss: 0.0002
Train Step A - Iteration 50: 	Loss: 0.0405
Train Step A - Iteration 100: 	Loss: 0.0390
Train Step A - Iteration 150: 	Loss: 0.0388
Train Step A - Iteration 200: 	Loss: 0.0403
Train Step A - Iteration 250: 	Loss: 0.0447
Train Step A - Iteration 300: 	Loss: 0.0363
Train Step A - Iteration 350: 	Loss: 0.0395
Train Step A - Iteration 400: 	Loss: 0.0423
Train Step A - Iteration 450: 	Loss: 0.0456
Train Step A - Epoch [9]: 	Loss: 0.0410
Test Step A - Epoch [9]: 	Accuracy: 99.13%
-----------------------------------------------------------------------------------------------

Train Step A - Iteration 0: 	Loss: 0.0019
Train Step A - Iteration 50: 	Loss: 0.0346
Train Step A - Iteration 100: 	Loss: 0.0354
Train Step A - Iteration 150: 	Loss: 0.0387
Train Step A - Iteration 200: 	Loss: 0.0376
Train Step A - Iteration 250: 	Loss: 0.0375
Train Step A - Iteration 300: 	Loss: 0.0334
Train Step A - Iteration 350: 	Loss: 0.0430
Train Step A - Iteration 400: 	Loss: 0.0436
Train Step A - Iteration 450: 	Loss: 0.0360
Train Step A - Epoch [10]: 	Loss: 0.0380
Test Step A - Epoch [10]: 	Accuracy: 99.15%
-----------------------------------------------------------------------------------------------

Train Step A - Iteration 0: 	Loss: 0.0010
Train Step A - Iteration 50: 	Loss: 0.0364
Train Step A - Iteration 100: 	Loss: 0.0342
Train Step A - Iteration 150: 	Loss: 0.0365
Train Step A - Iteration 200: 	Loss: 0.0395
Train Step A - Iteration 250: 	Loss: 0.0345
Train Step A - Iteration 300: 	Loss: 0.0317
Train Step A - Iteration 350: 	Loss: 0.0396
Train Step A - Iteration 400: 	Loss: 0.0410
Train Step A - Iteration 450: 	Loss: 0.0341
Train Step A - Epoch [11]: 	Loss: 0.0363
Test Step A - Epoch [11]: 	Accuracy: 99.19%
-----------------------------------------------------------------------------------------------

Train Step A - Iteration 0: 	Loss: 0.0004
Train Step A - Iteration 50: 	Loss: 0.0372
Train Step A - Iteration 100: 	Loss: 0.0258
Train Step A - Iteration 150: 	Loss: 0.0346
Train Step A - Iteration 200: 	Loss: 0.0313
Train Step A - Iteration 250: 	Loss: 0.0323
Train Step A - Iteration 300: 	Loss: 0.0319
Train Step A - Iteration 350: 	Loss: 0.0324
Train Step A - Iteration 400: 	Loss: 0.0350
Train Step A - Iteration 450: 	Loss: 0.0303
Train Step A - Epoch [12]: 	Loss: 0.0323
Test Step A - Epoch [12]: 	Accuracy: 99.16%
-----------------------------------------------------------------------------------------------

Train Step A - Iteration 0: 	Loss: 0.0011
Train Step A - Iteration 50: 	Loss: 0.0320
Train Step A - Iteration 100: 	Loss: 0.0274
Train Step A - Iteration 150: 	Loss: 0.0268
Train Step A - Iteration 200: 	Loss: 0.0284
Train Step A - Iteration 250: 	Loss: 0.0294
Train Step A - Iteration 300: 	Loss: 0.0352
Train Step A - Iteration 350: 	Loss: 0.0308
Train Step A - Iteration 400: 	Loss: 0.0361
Train Step A - Iteration 450: 	Loss: 0.0282
Train Step A - Epoch [13]: 	Loss: 0.0305
Test Step A - Epoch [13]: 	Accuracy: 99.25%
-----------------------------------------------------------------------------------------------

Train Step A - Iteration 0: 	Loss: 0.0004
Train Step A - Iteration 50: 	Loss: 0.0350
Train Step A - Iteration 100: 	Loss: 0.0279
Train Step A - Iteration 150: 	Loss: 0.0261
Train Step A - Iteration 200: 	Loss: 0.0292
Train Step A - Iteration 250: 	Loss: 0.0343
Train Step A - Iteration 300: 	Loss: 0.0273
Train Step A - Iteration 350: 	Loss: 0.0305
Train Step A - Iteration 400: 	Loss: 0.0257
Train Step A - Iteration 450: 	Loss: 0.0299
Train Step A - Epoch [14]: 	Loss: 0.0291
Test Step A - Epoch [14]: 	Accuracy: 99.27%
-----------------------------------------------------------------------------------------------

Train Step A - Iteration 0: 	Loss: 0.0002
Train Step A - Iteration 50: 	Loss: 0.0271
Train Step A - Iteration 100: 	Loss: 0.0290
Train Step A - Iteration 150: 	Loss: 0.0312
Train Step A - Iteration 200: 	Loss: 0.0264
Train Step A - Iteration 250: 	Loss: 0.0273
Train Step A - Iteration 300: 	Loss: 0.0247
Train Step A - Iteration 350: 	Loss: 0.0276
Train Step A - Iteration 400: 	Loss: 0.0273
Train Step A - Iteration 450: 	Loss: 0.0269
Train Step A - Epoch [15]: 	Loss: 0.0274
Test Step A - Epoch [15]: 	Accuracy: 99.31%
-----------------------------------------------------------------------------------------------

Train Step A - Iteration 0: 	Loss: 0.0002
Train Step A - Iteration 50: 	Loss: 0.0257
Train Step A - Iteration 100: 	Loss: 0.0217
Train Step A - Iteration 150: 	Loss: 0.0321
Train Step A - Iteration 200: 	Loss: 0.0284
Train Step A - Iteration 250: 	Loss: 0.0237
Train Step A - Iteration 300: 	Loss: 0.0239
Train Step A - Iteration 350: 	Loss: 0.0274
Train Step A - Iteration 400: 	Loss: 0.0246
Train Step A - Iteration 450: 	Loss: 0.0292
Train Step A - Epoch [16]: 	Loss: 0.0262
Test Step A - Epoch [16]: 	Accuracy: 99.29%
-----------------------------------------------------------------------------------------------

Train Step A - Iteration 0: 	Loss: 0.0002
Train Step A - Iteration 50: 	Loss: 0.0266
Train Step A - Iteration 100: 	Loss: 0.0286
Train Step A - Iteration 150: 	Loss: 0.0193
Train Step A - Iteration 200: 	Loss: 0.0259
Train Step A - Iteration 250: 	Loss: 0.0223
Train Step A - Iteration 300: 	Loss: 0.0310
Train Step A - Iteration 350: 	Loss: 0.0243
Train Step A - Iteration 400: 	Loss: 0.0195
Train Step A - Iteration 450: 	Loss: 0.0278
Train Step A - Epoch [17]: 	Loss: 0.0247
Test Step A - Epoch [17]: 	Accuracy: 99.40%
-----------------------------------------------------------------------------------------------

Train Step A - Iteration 0: 	Loss: 0.0012
Train Step A - Iteration 50: 	Loss: 0.0199
Train Step A - Iteration 100: 	Loss: 0.0243
Train Step A - Iteration 150: 	Loss: 0.0267
Train Step A - Iteration 200: 	Loss: 0.0209
Train Step A - Iteration 250: 	Loss: 0.0198
Train Step A - Iteration 300: 	Loss: 0.0224
Train Step A - Iteration 350: 	Loss: 0.0216
Train Step A - Iteration 400: 	Loss: 0.0193
Train Step A - Iteration 450: 	Loss: 0.0242
Train Step A - Epoch [18]: 	Loss: 0.0224
Test Step A - Epoch [18]: 	Accuracy: 99.27%
-----------------------------------------------------------------------------------------------

Train Step A - Iteration 0: 	Loss: 0.0001
Train Step A - Iteration 50: 	Loss: 0.0277
Train Step A - Iteration 100: 	Loss: 0.0247
Train Step A - Iteration 150: 	Loss: 0.0226
Train Step A - Iteration 200: 	Loss: 0.0252
Train Step A - Iteration 250: 	Loss: 0.0227
Train Step A - Iteration 300: 	Loss: 0.0177
Train Step A - Iteration 350: 	Loss: 0.0212
Train Step A - Iteration 400: 	Loss: 0.0210
Train Step A - Iteration 450: 	Loss: 0.0201
Train Step A - Epoch [19]: 	Loss: 0.0225
Test Step A - Epoch [19]: 	Accuracy: 99.39%
-----------------------------------------------------------------------------------------------

Train Step A - Iteration 0: 	Loss: 0.0001
Train Step A - Iteration 50: 	Loss: 0.0264
Train Step A - Iteration 100: 	Loss: 0.0199
Train Step A - Iteration 150: 	Loss: 0.0246
Train Step A - Iteration 200: 	Loss: 0.0228
Train Step A - Iteration 250: 	Loss: 0.0206
Train Step A - Iteration 300: 	Loss: 0.0198
Train Step A - Iteration 350: 	Loss: 0.0256
Train Step A - Iteration 400: 	Loss: 0.0192
Train Step A - Iteration 450: 	Loss: 0.0239
Train Step A - Epoch [20]: 	Loss: 0.0223
Test Step A - Epoch [20]: 	Accuracy: 99.41%
-----------------------------------------------------------------------------------------------

Train Step A - Iteration 0: 	Loss: 0.0008
Train Step A - Iteration 50: 	Loss: 0.0156
Train Step A - Iteration 100: 	Loss: 0.0193
Train Step A - Iteration 150: 	Loss: 0.0238
Train Step A - Iteration 200: 	Loss: 0.0222
Train Step A - Iteration 250: 	Loss: 0.0210
Train Step A - Iteration 300: 	Loss: 0.0200
Train Step A - Iteration 350: 	Loss: 0.0172
Train Step A - Iteration 400: 	Loss: 0.0217
Train Step A - Iteration 450: 	Loss: 0.0189
Train Step A - Epoch [21]: 	Loss: 0.0200
Test Step A - Epoch [21]: 	Accuracy: 99.30%
-----------------------------------------------------------------------------------------------

Train Step A - Iteration 0: 	Loss: 0.0004
Train Step A - Iteration 50: 	Loss: 0.0192
Train Step A - Iteration 100: 	Loss: 0.0194
Train Step A - Iteration 150: 	Loss: 0.0166
Train Step A - Iteration 200: 	Loss: 0.0154
Train Step A - Iteration 250: 	Loss: 0.0208
Train Step A - Iteration 300: 	Loss: 0.0182
Train Step A - Iteration 350: 	Loss: 0.0158
Train Step A - Iteration 400: 	Loss: 0.0194
Train Step A - Iteration 450: 	Loss: 0.0153
Train Step A - Epoch [22]: 	Loss: 0.0181
Test Step A - Epoch [22]: 	Accuracy: 99.35%
-----------------------------------------------------------------------------------------------

Train Step A - Iteration 0: 	Loss: 0.0003
Train Step A - Iteration 50: 	Loss: 0.0196
Train Step A - Iteration 100: 	Loss: 0.0173
Train Step A - Iteration 150: 	Loss: 0.0201
Train Step A - Iteration 200: 	Loss: 0.0142
Train Step A - Iteration 250: 	Loss: 0.0181
Train Step A - Iteration 300: 	Loss: 0.0200
Train Step A - Iteration 350: 	Loss: 0.0173
Train Step A - Iteration 400: 	Loss: 0.0169
Train Step A - Iteration 450: 	Loss: 0.0200
Train Step A - Epoch [23]: 	Loss: 0.0182
Test Step A - Epoch [23]: 	Accuracy: 99.38%
-----------------------------------------------------------------------------------------------

Train Step A - Iteration 0: 	Loss: 0.0011
Train Step A - Iteration 50: 	Loss: 0.0166
Train Step A - Iteration 100: 	Loss: 0.0146
Train Step A - Iteration 150: 	Loss: 0.0133
Train Step A - Iteration 200: 	Loss: 0.0201
Train Step A - Iteration 250: 	Loss: 0.0177
Train Step A - Iteration 300: 	Loss: 0.0174
Train Step A - Iteration 350: 	Loss: 0.0206
Train Step A - Iteration 400: 	Loss: 0.0136
Train Step A - Iteration 450: 	Loss: 0.0172
Train Step A - Epoch [24]: 	Loss: 0.0173
Test Step A - Epoch [24]: 	Accuracy: 99.45%
-----------------------------------------------------------------------------------------------

Train Step A - Iteration 0: 	Loss: 0.0002
Train Step A - Iteration 50: 	Loss: 0.0162
Train Step A - Iteration 100: 	Loss: 0.0145
Train Step A - Iteration 150: 	Loss: 0.0115
Train Step A - Iteration 200: 	Loss: 0.0166
Train Step A - Iteration 250: 	Loss: 0.0160
Train Step A - Iteration 300: 	Loss: 0.0192
Train Step A - Iteration 350: 	Loss: 0.0178
Train Step A - Iteration 400: 	Loss: 0.0182
Train Step A - Iteration 450: 	Loss: 0.0181
Train Step A - Epoch [25]: 	Loss: 0.0164
Test Step A - Epoch [25]: 	Accuracy: 99.46%
-----------------------------------------------------------------------------------------------

Train Step A - Iteration 0: 	Loss: 0.0002
Train Step A - Iteration 50: 	Loss: 0.0150
Train Step A - Iteration 100: 	Loss: 0.0137
Train Step A - Iteration 150: 	Loss: 0.0141
Train Step A - Iteration 200: 	Loss: 0.0149
Train Step A - Iteration 250: 	Loss: 0.0137
Train Step A - Iteration 300: 	Loss: 0.0167
Train Step A - Iteration 350: 	Loss: 0.0171
Train Step A - Iteration 400: 	Loss: 0.0139
Train Step A - Iteration 450: 	Loss: 0.0137
Train Step A - Epoch [26]: 	Loss: 0.0147
Test Step A - Epoch [26]: 	Accuracy: 99.41%
-----------------------------------------------------------------------------------------------

Train Step A - Iteration 0: 	Loss: 0.0000
Train Step A - Iteration 50: 	Loss: 0.0148
Train Step A - Iteration 100: 	Loss: 0.0169
Train Step A - Iteration 150: 	Loss: 0.0139
Train Step A - Iteration 200: 	Loss: 0.0172
Train Step A - Iteration 250: 	Loss: 0.0149
Train Step A - Iteration 300: 	Loss: 0.0133
Train Step A - Iteration 350: 	Loss: 0.0150
Train Step A - Iteration 400: 	Loss: 0.0150
Train Step A - Iteration 450: 	Loss: 0.0153
Train Step A - Epoch [27]: 	Loss: 0.0151
Test Step A - Epoch [27]: 	Accuracy: 99.42%
-----------------------------------------------------------------------------------------------

Train Step A - Iteration 0: 	Loss: 0.0002
Train Step A - Iteration 50: 	Loss: 0.0122
Train Step A - Iteration 100: 	Loss: 0.0151
Train Step A - Iteration 150: 	Loss: 0.0160
Train Step A - Iteration 200: 	Loss: 0.0161
Train Step A - Iteration 250: 	Loss: 0.0154
Train Step A - Iteration 300: 	Loss: 0.0152
Train Step A - Iteration 350: 	Loss: 0.0138
Train Step A - Iteration 400: 	Loss: 0.0158
Train Step A - Iteration 450: 	Loss: 0.0159
Train Step A - Epoch [28]: 	Loss: 0.0151
Test Step A - Epoch [28]: 	Accuracy: 99.38%
-----------------------------------------------------------------------------------------------

Train Step A - Iteration 0: 	Loss: 0.0004
Train Step A - Iteration 50: 	Loss: 0.0159
Train Step A - Iteration 100: 	Loss: 0.0090
Train Step A - Iteration 150: 	Loss: 0.0129
Train Step A - Iteration 200: 	Loss: 0.0154
Train Step A - Iteration 250: 	Loss: 0.0127
Train Step A - Iteration 300: 	Loss: 0.0173
Train Step A - Iteration 350: 	Loss: 0.0119
Train Step A - Iteration 400: 	Loss: 0.0152
Train Step A - Iteration 450: 	Loss: 0.0162
Train Step A - Epoch [29]: 	Loss: 0.0140
Test Step A - Epoch [29]: 	Accuracy: 99.41%
-----------------------------------------------------------------------------------------------

Train Step A - Iteration 0: 	Loss: 0.0012
Train Step A - Iteration 50: 	Loss: 0.0130
Train Step A - Iteration 100: 	Loss: 0.0113
Train Step A - Iteration 150: 	Loss: 0.0128
Train Step A - Iteration 200: 	Loss: 0.0129
Train Step A - Iteration 250: 	Loss: 0.0151
Train Step A - Iteration 300: 	Loss: 0.0172
Train Step A - Iteration 350: 	Loss: 0.0142
Train Step A - Iteration 400: 	Loss: 0.0146
Train Step A - Iteration 450: 	Loss: 0.0149
Train Step A - Epoch [30]: 	Loss: 0.0140
Test Step A - Epoch [30]: 	Accuracy: 99.42%
-----------------------------------------------------------------------------------------------

Train Step A - Iteration 0: 	Loss: 0.0004
Train Step A - Iteration 50: 	Loss: 0.0096
Train Step A - Iteration 100: 	Loss: 0.0105
Train Step A - Iteration 150: 	Loss: 0.0102
Train Step A - Iteration 200: 	Loss: 0.0101
Train Step A - Iteration 250: 	Loss: 0.0145
Train Step A - Iteration 300: 	Loss: 0.0148
Train Step A - Iteration 350: 	Loss: 0.0133
Train Step A - Iteration 400: 	Loss: 0.0122
Train Step A - Iteration 450: 	Loss: 0.0085
Train Step A - Epoch [31]: 	Loss: 0.0116
Test Step A - Epoch [31]: 	Accuracy: 99.46%
-----------------------------------------------------------------------------------------------

Train Step A - Iteration 0: 	Loss: 0.0001
Train Step A - Iteration 50: 	Loss: 0.0111
Train Step A - Iteration 100: 	Loss: 0.0110
Train Step A - Iteration 150: 	Loss: 0.0132
Train Step A - Iteration 200: 	Loss: 0.0162
Train Step A - Iteration 250: 	Loss: 0.0106
Train Step A - Iteration 300: 	Loss: 0.0105
Train Step A - Iteration 350: 	Loss: 0.0097
Train Step A - Iteration 400: 	Loss: 0.0077
Train Step A - Iteration 450: 	Loss: 0.0141
Train Step A - Epoch [32]: 	Loss: 0.0117
Test Step A - Epoch [32]: 	Accuracy: 99.38%
-----------------------------------------------------------------------------------------------

Train Step A - Iteration 0: 	Loss: 0.0001
Train Step A - Iteration 50: 	Loss: 0.0117
Train Step A - Iteration 100: 	Loss: 0.0123
Train Step A - Iteration 150: 	Loss: 0.0108
Train Step A - Iteration 200: 	Loss: 0.0118
Train Step A - Iteration 250: 	Loss: 0.0115
Train Step A - Iteration 300: 	Loss: 0.0151
Train Step A - Iteration 350: 	Loss: 0.0098
Train Step A - Iteration 400: 	Loss: 0.0124
Train Step A - Iteration 450: 	Loss: 0.0124
Train Step A - Epoch [33]: 	Loss: 0.0120
Test Step A - Epoch [33]: 	Accuracy: 99.36%
-----------------------------------------------------------------------------------------------

Train Step A - Iteration 0: 	Loss: 0.0001
Train Step A - Iteration 50: 	Loss: 0.0113
Train Step A - Iteration 100: 	Loss: 0.0109
Train Step A - Iteration 150: 	Loss: 0.0109
Train Step A - Iteration 200: 	Loss: 0.0121
Train Step A - Iteration 250: 	Loss: 0.0141
Train Step A - Iteration 300: 	Loss: 0.0096
Train Step A - Iteration 350: 	Loss: 0.0159
Train Step A - Iteration 400: 	Loss: 0.0098
Train Step A - Iteration 450: 	Loss: 0.0098
Train Step A - Epoch [34]: 	Loss: 0.0116
Test Step A - Epoch [34]: 	Accuracy: 99.35%
-----------------------------------------------------------------------------------------------

Train Step A - Iteration 0: 	Loss: 0.0001
Train Step A - Iteration 50: 	Loss: 0.0114
Train Step A - Iteration 100: 	Loss: 0.0092
Train Step A - Iteration 150: 	Loss: 0.0098
Train Step A - Iteration 200: 	Loss: 0.0144
Train Step A - Iteration 250: 	Loss: 0.0090
Train Step A - Iteration 300: 	Loss: 0.0100
Train Step A - Iteration 350: 	Loss: 0.0092
Train Step A - Iteration 400: 	Loss: 0.0086
Train Step A - Iteration 450: 	Loss: 0.0152
Train Step A - Epoch [35]: 	Loss: 0.0108
Test Step A - Epoch [35]: 	Accuracy: 99.42%
-----------------------------------------------------------------------------------------------

Train Step A - Iteration 0: 	Loss: 0.0000
Train Step A - Iteration 50: 	Loss: 0.0106
Train Step A - Iteration 100: 	Loss: 0.0095
Train Step A - Iteration 150: 	Loss: 0.0099
Train Step A - Iteration 200: 	Loss: 0.0098
Train Step A - Iteration 250: 	Loss: 0.0082
Train Step A - Iteration 300: 	Loss: 0.0123
Train Step A - Iteration 350: 	Loss: 0.0110
Train Step A - Iteration 400: 	Loss: 0.0143
Train Step A - Iteration 450: 	Loss: 0.0152
Train Step A - Epoch [36]: 	Loss: 0.0112
Test Step A - Epoch [36]: 	Accuracy: 99.43%
-----------------------------------------------------------------------------------------------

Train Step A - Iteration 0: 	Loss: 0.0001
Train Step A - Iteration 50: 	Loss: 0.0089
Train Step A - Iteration 100: 	Loss: 0.0082
Train Step A - Iteration 150: 	Loss: 0.0115
Train Step A - Iteration 200: 	Loss: 0.0113
Train Step A - Iteration 250: 	Loss: 0.0070
Train Step A - Iteration 300: 	Loss: 0.0068
Train Step A - Iteration 350: 	Loss: 0.0095
Train Step A - Iteration 400: 	Loss: 0.0100
Train Step A - Iteration 450: 	Loss: 0.0119
Train Step A - Epoch [37]: 	Loss: 0.0096
Test Step A - Epoch [37]: 	Accuracy: 99.43%
-----------------------------------------------------------------------------------------------

Train Step A - Iteration 0: 	Loss: 0.0001
Train Step A - Iteration 50: 	Loss: 0.0091
Train Step A - Iteration 100: 	Loss: 0.0066
Train Step A - Iteration 150: 	Loss: 0.0107
Train Step A - Iteration 200: 	Loss: 0.0083
Train Step A - Iteration 250: 	Loss: 0.0107
Train Step A - Iteration 300: 	Loss: 0.0081
Train Step A - Iteration 350: 	Loss: 0.0138
Train Step A - Iteration 400: 	Loss: 0.0130
Train Step A - Iteration 450: 	Loss: 0.0077
Train Step A - Epoch [38]: 	Loss: 0.0096
Test Step A - Epoch [38]: 	Accuracy: 99.39%
-----------------------------------------------------------------------------------------------

Train Step A - Iteration 0: 	Loss: 0.0001
Train Step A - Iteration 50: 	Loss: 0.0073
Train Step A - Iteration 100: 	Loss: 0.0070
Train Step A - Iteration 150: 	Loss: 0.0083
Train Step A - Iteration 200: 	Loss: 0.0099
Train Step A - Iteration 250: 	Loss: 0.0136
Train Step A - Iteration 300: 	Loss: 0.0079
Train Step A - Iteration 350: 	Loss: 0.0089
Train Step A - Iteration 400: 	Loss: 0.0136
Train Step A - Iteration 450: 	Loss: 0.0091
Train Step A - Epoch [39]: 	Loss: 0.0094
Test Step A - Epoch [39]: 	Accuracy: 99.46%
-----------------------------------------------------------------------------------------------

Train Step A - Iteration 0: 	Loss: 0.0007
Train Step A - Iteration 50: 	Loss: 0.0073
Train Step A - Iteration 100: 	Loss: 0.0068
Train Step A - Iteration 150: 	Loss: 0.0118
Train Step A - Iteration 200: 	Loss: 0.0079
Train Step A - Iteration 250: 	Loss: 0.0146
Train Step A - Iteration 300: 	Loss: 0.0094
Train Step A - Iteration 350: 	Loss: 0.0105
Train Step A - Iteration 400: 	Loss: 0.0116
Train Step A - Iteration 450: 	Loss: 0.0105
Train Step A - Epoch [40]: 	Loss: 0.0100
Test Step A - Epoch [40]: 	Accuracy: 99.50%
-----------------------------------------------------------------------------------------------

Train Step A - Iteration 0: 	Loss: 0.0001
Train Step A - Iteration 50: 	Loss: 0.0123
Train Step A - Iteration 100: 	Loss: 0.0112
Train Step A - Iteration 150: 	Loss: 0.0083
Train Step A - Iteration 200: 	Loss: 0.0068
Train Step A - Iteration 250: 	Loss: 0.0080
Train Step A - Iteration 300: 	Loss: 0.0107
Train Step A - Iteration 350: 	Loss: 0.0109
Train Step A - Iteration 400: 	Loss: 0.0093
Train Step A - Iteration 450: 	Loss: 0.0093
Train Step A - Epoch [41]: 	Loss: 0.0095
Test Step A - Epoch [41]: 	Accuracy: 99.42%
-----------------------------------------------------------------------------------------------

Train Step A - Iteration 0: 	Loss: 0.0001
Train Step A - Iteration 50: 	Loss: 0.0069
Train Step A - Iteration 100: 	Loss: 0.0086
Train Step A - Iteration 150: 	Loss: 0.0076
Train Step A - Iteration 200: 	Loss: 0.0078
Train Step A - Iteration 250: 	Loss: 0.0087
Train Step A - Iteration 300: 	Loss: 0.0088
Train Step A - Iteration 350: 	Loss: 0.0081
Train Step A - Iteration 400: 	Loss: 0.0111
Train Step A - Iteration 450: 	Loss: 0.0083
Train Step A - Epoch [42]: 	Loss: 0.0086
Test Step A - Epoch [42]: 	Accuracy: 99.39%
-----------------------------------------------------------------------------------------------

Train Step A - Iteration 0: 	Loss: 0.0000
Train Step A - Iteration 50: 	Loss: 0.0064
Train Step A - Iteration 100: 	Loss: 0.0107
Train Step A - Iteration 150: 	Loss: 0.0069
Train Step A - Iteration 200: 	Loss: 0.0097
Train Step A - Iteration 250: 	Loss: 0.0084
Train Step A - Iteration 300: 	Loss: 0.0084
Train Step A - Iteration 350: 	Loss: 0.0103
Train Step A - Iteration 400: 	Loss: 0.0075
Train Step A - Iteration 450: 	Loss: 0.0098
Train Step A - Epoch [43]: 	Loss: 0.0089
Test Step A - Epoch [43]: 	Accuracy: 99.44%
-----------------------------------------------------------------------------------------------

Train Step A - Iteration 0: 	Loss: 0.0001
Train Step A - Iteration 50: 	Loss: 0.0065
Train Step A - Iteration 100: 	Loss: 0.0068
Train Step A - Iteration 150: 	Loss: 0.0105
Train Step A - Iteration 200: 	Loss: 0.0106
Train Step A - Iteration 250: 	Loss: 0.0054
Train Step A - Iteration 300: 	Loss: 0.0061
Train Step A - Iteration 350: 	Loss: 0.0101
Train Step A - Iteration 400: 	Loss: 0.0064
Train Step A - Iteration 450: 	Loss: 0.0082
Train Step A - Epoch [44]: 	Loss: 0.0080
Test Step A - Epoch [44]: 	Accuracy: 99.47%
-----------------------------------------------------------------------------------------------

Train Step A - Iteration 0: 	Loss: 0.0000
Train Step A - Iteration 50: 	Loss: 0.0077
Train Step A - Iteration 100: 	Loss: 0.0082
Train Step A - Iteration 150: 	Loss: 0.0067
Train Step A - Iteration 200: 	Loss: 0.0076
Train Step A - Iteration 250: 	Loss: 0.0117
Train Step A - Iteration 300: 	Loss: 0.0082
Train Step A - Iteration 350: 	Loss: 0.0082
Train Step A - Iteration 400: 	Loss: 0.0068
Train Step A - Iteration 450: 	Loss: 0.0073
Train Step A - Epoch [45]: 	Loss: 0.0079
Test Step A - Epoch [45]: 	Accuracy: 99.44%
-----------------------------------------------------------------------------------------------

Train Step A - Iteration 0: 	Loss: 0.0003
Train Step A - Iteration 50: 	Loss: 0.0075
Train Step A - Iteration 100: 	Loss: 0.0065
Train Step A - Iteration 150: 	Loss: 0.0079
Train Step A - Iteration 200: 	Loss: 0.0091
Train Step A - Iteration 250: 	Loss: 0.0096
Train Step A - Iteration 300: 	Loss: 0.0097
Train Step A - Iteration 350: 	Loss: 0.0060
Train Step A - Iteration 400: 	Loss: 0.0112
Train Step A - Iteration 450: 	Loss: 0.0071
Train Step A - Epoch [46]: 	Loss: 0.0084
Test Step A - Epoch [46]: 	Accuracy: 99.44%
-----------------------------------------------------------------------------------------------

Train Step A - Iteration 0: 	Loss: 0.0003
Train Step A - Iteration 50: 	Loss: 0.0069
Train Step A - Iteration 100: 	Loss: 0.0070
Train Step A - Iteration 150: 	Loss: 0.0079
Train Step A - Iteration 200: 	Loss: 0.0119
Train Step A - Iteration 250: 	Loss: 0.0046
Train Step A - Iteration 300: 	Loss: 0.0053
Train Step A - Iteration 350: 	Loss: 0.0060
Train Step A - Iteration 400: 	Loss: 0.0079
Train Step A - Iteration 450: 	Loss: 0.0066
Train Step A - Epoch [47]: 	Loss: 0.0071
Test Step A - Epoch [47]: 	Accuracy: 99.39%
-----------------------------------------------------------------------------------------------

Train Step A - Iteration 0: 	Loss: 0.0000
Train Step A - Iteration 50: 	Loss: 0.0058
Train Step A - Iteration 100: 	Loss: 0.0053
Train Step A - Iteration 150: 	Loss: 0.0056
Train Step A - Iteration 200: 	Loss: 0.0090
Train Step A - Iteration 250: 	Loss: 0.0061
Train Step A - Iteration 300: 	Loss: 0.0061
Train Step A - Iteration 350: 	Loss: 0.0091
Train Step A - Iteration 400: 	Loss: 0.0095
Train Step A - Iteration 450: 	Loss: 0.0116
Train Step A - Epoch [48]: 	Loss: 0.0078
Test Step A - Epoch [48]: 	Accuracy: 99.42%
-----------------------------------------------------------------------------------------------

Train Step A - Iteration 0: 	Loss: 0.0003
Train Step A - Iteration 50: 	Loss: 0.0086
Train Step A - Iteration 100: 	Loss: 0.0095
Train Step A - Iteration 150: 	Loss: 0.0074
Train Step A - Iteration 200: 	Loss: 0.0067
Train Step A - Iteration 250: 	Loss: 0.0098
Train Step A - Iteration 300: 	Loss: 0.0068
Train Step A - Iteration 350: 	Loss: 0.0092
Train Step A - Iteration 400: 	Loss: 0.0063
Train Step A - Iteration 450: 	Loss: 0.0095
Train Step A - Epoch [49]: 	Loss: 0.0081
Test Step A - Epoch [49]: 	Accuracy: 99.42%
-----------------------------------------------------------------------------------------------

Train Step A - Iteration 0: 	Loss: 0.0000
Train Step A - Iteration 50: 	Loss: 0.0069
Train Step A - Iteration 100: 	Loss: 0.0069
Train Step A - Iteration 150: 	Loss: 0.0062
Train Step A - Iteration 200: 	Loss: 0.0057
Train Step A - Iteration 250: 	Loss: 0.0087
Train Step A - Iteration 300: 	Loss: 0.0085
Train Step A - Iteration 350: 	Loss: 0.0057
Train Step A - Iteration 400: 	Loss: 0.0068
Train Step A - Iteration 450: 	Loss: 0.0048
Train Step A - Epoch [50]: 	Loss: 0.0067
Test Step A - Epoch [50]: 	Accuracy: 99.43%
-----------------------------------------------------------------------------------------------

Train Step A - Iteration 0: 	Loss: 0.0001
Train Step A - Iteration 50: 	Loss: 0.0064
Train Step A - Iteration 100: 	Loss: 0.0081
Train Step A - Iteration 150: 	Loss: 0.0073
Train Step A - Iteration 200: 	Loss: 0.0076
Train Step A - Iteration 250: 	Loss: 0.0055
Train Step A - Iteration 300: 	Loss: 0.0066
Train Step A - Iteration 350: 	Loss: 0.0090
Train Step A - Iteration 400: 	Loss: 0.0072
Train Step A - Iteration 450: 	Loss: 0.0093
Train Step A - Epoch [51]: 	Loss: 0.0074
Test Step A - Epoch [51]: 	Accuracy: 99.42%
-----------------------------------------------------------------------------------------------

Train Step A - Iteration 0: 	Loss: 0.0000
Train Step A - Iteration 50: 	Loss: 0.0073
Train Step A - Iteration 100: 	Loss: 0.0058
Train Step A - Iteration 150: 	Loss: 0.0034
Train Step A - Iteration 200: 	Loss: 0.0063
Train Step A - Iteration 250: 	Loss: 0.0092
Train Step A - Iteration 300: 	Loss: 0.0051
Train Step A - Iteration 350: 	Loss: 0.0111
Train Step A - Iteration 400: 	Loss: 0.0065
Train Step A - Iteration 450: 	Loss: 0.0084
Train Step A - Epoch [52]: 	Loss: 0.0070
Test Step A - Epoch [52]: 	Accuracy: 99.47%
-----------------------------------------------------------------------------------------------

Train Step A - Iteration 0: 	Loss: 0.0000
Train Step A - Iteration 50: 	Loss: 0.0054
Train Step A - Iteration 100: 	Loss: 0.0040
Train Step A - Iteration 150: 	Loss: 0.0063
Train Step A - Iteration 200: 	Loss: 0.0052
Train Step A - Iteration 250: 	Loss: 0.0049
Train Step A - Iteration 300: 	Loss: 0.0067
Train Step A - Iteration 350: 	Loss: 0.0069
Train Step A - Iteration 400: 	Loss: 0.0079
Train Step A - Iteration 450: 	Loss: 0.0073
Train Step A - Epoch [53]: 	Loss: 0.0063
Test Step A - Epoch [53]: 	Accuracy: 99.42%
-----------------------------------------------------------------------------------------------

Train Step A - Iteration 0: 	Loss: 0.0000
Train Step A - Iteration 50: 	Loss: 0.0054
Train Step A - Iteration 100: 	Loss: 0.0052
Train Step A - Iteration 150: 	Loss: 0.0056
Train Step A - Iteration 200: 	Loss: 0.0057
Train Step A - Iteration 250: 	Loss: 0.0055
Train Step A - Iteration 300: 	Loss: 0.0076
Train Step A - Iteration 350: 	Loss: 0.0063
Train Step A - Iteration 400: 	Loss: 0.0073
Train Step A - Iteration 450: 	Loss: 0.0056
Train Step A - Epoch [54]: 	Loss: 0.0062
Test Step A - Epoch [54]: 	Accuracy: 99.41%
-----------------------------------------------------------------------------------------------

Train Step A - Iteration 0: 	Loss: 0.0000
Train Step A - Iteration 50: 	Loss: 0.0054
Train Step A - Iteration 100: 	Loss: 0.0046
Train Step A - Iteration 150: 	Loss: 0.0052
Train Step A - Iteration 200: 	Loss: 0.0065
Train Step A - Iteration 250: 	Loss: 0.0045
Train Step A - Iteration 300: 	Loss: 0.0065
Train Step A - Iteration 350: 	Loss: 0.0064
Train Step A - Iteration 400: 	Loss: 0.0044
Train Step A - Iteration 450: 	Loss: 0.0089
Train Step A - Epoch [55]: 	Loss: 0.0061
Test Step A - Epoch [55]: 	Accuracy: 99.44%
-----------------------------------------------------------------------------------------------

Train Step A - Iteration 0: 	Loss: 0.0000
Train Step A - Iteration 50: 	Loss: 0.0063
Train Step A - Iteration 100: 	Loss: 0.0062
Train Step A - Iteration 150: 	Loss: 0.0041
Train Step A - Iteration 200: 	Loss: 0.0047
Train Step A - Iteration 250: 	Loss: 0.0048
Train Step A - Iteration 300: 	Loss: 0.0048
Train Step A - Iteration 350: 	Loss: 0.0043
Train Step A - Iteration 400: 	Loss: 0.0081
Train Step A - Iteration 450: 	Loss: 0.0064
Train Step A - Epoch [56]: 	Loss: 0.0057
Test Step A - Epoch [56]: 	Accuracy: 99.44%
-----------------------------------------------------------------------------------------------

Train Step A - Iteration 0: 	Loss: 0.0005
Train Step A - Iteration 50: 	Loss: 0.0077
Train Step A - Iteration 100: 	Loss: 0.0045
Train Step A - Iteration 150: 	Loss: 0.0075
Train Step A - Iteration 200: 	Loss: 0.0044
Train Step A - Iteration 250: 	Loss: 0.0045
Train Step A - Iteration 300: 	Loss: 0.0069
Train Step A - Iteration 350: 	Loss: 0.0043
Train Step A - Iteration 400: 	Loss: 0.0037
Train Step A - Iteration 450: 	Loss: 0.0071
Train Step A - Epoch [57]: 	Loss: 0.0057
Test Step A - Epoch [57]: 	Accuracy: 99.40%
-----------------------------------------------------------------------------------------------

Train Step A - Iteration 0: 	Loss: 0.0000
Train Step A - Iteration 50: 	Loss: 0.0048
Train Step A - Iteration 100: 	Loss: 0.0042
Train Step A - Iteration 150: 	Loss: 0.0055
Train Step A - Iteration 200: 	Loss: 0.0083
Train Step A - Iteration 250: 	Loss: 0.0069
Train Step A - Iteration 300: 	Loss: 0.0062
Train Step A - Iteration 350: 	Loss: 0.0050
Train Step A - Iteration 400: 	Loss: 0.0100
Train Step A - Iteration 450: 	Loss: 0.0052
Train Step A - Epoch [58]: 	Loss: 0.0062
Test Step A - Epoch [58]: 	Accuracy: 99.44%
-----------------------------------------------------------------------------------------------

Train Step A - Iteration 0: 	Loss: 0.0001
Train Step A - Iteration 50: 	Loss: 0.0048
Train Step A - Iteration 100: 	Loss: 0.0068
Train Step A - Iteration 150: 	Loss: 0.0070
Train Step A - Iteration 200: 	Loss: 0.0058
Train Step A - Iteration 250: 	Loss: 0.0051
Train Step A - Iteration 300: 	Loss: 0.0055
Train Step A - Iteration 350: 	Loss: 0.0089
Train Step A - Iteration 400: 	Loss: 0.0055
Train Step A - Iteration 450: 	Loss: 0.0041
Train Step A - Epoch [59]: 	Loss: 0.0058
Test Step A - Epoch [59]: 	Accuracy: 99.46%
-----------------------------------------------------------------------------------------------

Train Step A - Iteration 0: 	Loss: 0.0002
Train Step A - Iteration 50: 	Loss: 0.0026
Train Step A - Iteration 100: 	Loss: 0.0056
Train Step A - Iteration 150: 	Loss: 0.0068
Train Step A - Iteration 200: 	Loss: 0.0065
Train Step A - Iteration 250: 	Loss: 0.0054
Train Step A - Iteration 300: 	Loss: 0.0064
Train Step A - Iteration 350: 	Loss: 0.0055
Train Step A - Iteration 400: 	Loss: 0.0072
Train Step A - Iteration 450: 	Loss: 0.0049
Train Step A - Epoch [60]: 	Loss: 0.0056
Test Step A - Epoch [60]: 	Accuracy: 99.48%
-----------------------------------------------------------------------------------------------

Train Step A - Iteration 0: 	Loss: 0.0001
Train Step A - Iteration 50: 	Loss: 0.0038
Train Step A - Iteration 100: 	Loss: 0.0052
Train Step A - Iteration 150: 	Loss: 0.0078
Train Step A - Iteration 200: 	Loss: 0.0053
Train Step A - Iteration 250: 	Loss: 0.0058
Train Step A - Iteration 300: 	Loss: 0.0067
Train Step A - Iteration 350: 	Loss: 0.0052
Train Step A - Iteration 400: 	Loss: 0.0036
Train Step A - Iteration 450: 	Loss: 0.0064
Train Step A - Epoch [61]: 	Loss: 0.0055
Test Step A - Epoch [61]: 	Accuracy: 99.44%
-----------------------------------------------------------------------------------------------

Train Step A - Iteration 0: 	Loss: 0.0000
Train Step A - Iteration 50: 	Loss: 0.0038
Train Step A - Iteration 100: 	Loss: 0.0061
Train Step A - Iteration 150: 	Loss: 0.0046
Train Step A - Iteration 200: 	Loss: 0.0051
Train Step A - Iteration 250: 	Loss: 0.0059
Train Step A - Iteration 300: 	Loss: 0.0047
Train Step A - Iteration 350: 	Loss: 0.0062
Train Step A - Iteration 400: 	Loss: 0.0070
Train Step A - Iteration 450: 	Loss: 0.0045
Train Step A - Epoch [62]: 	Loss: 0.0053
Test Step A - Epoch [62]: 	Accuracy: 99.41%
-----------------------------------------------------------------------------------------------

Train Step A - Iteration 0: 	Loss: 0.0005
Train Step A - Iteration 50: 	Loss: 0.0062
Train Step A - Iteration 100: 	Loss: 0.0055
Train Step A - Iteration 150: 	Loss: 0.0032
Train Step A - Iteration 200: 	Loss: 0.0042
Train Step A - Iteration 250: 	Loss: 0.0041
Train Step A - Iteration 300: 	Loss: 0.0039
Train Step A - Iteration 350: 	Loss: 0.0067
Train Step A - Iteration 400: 	Loss: 0.0048
Train Step A - Iteration 450: 	Loss: 0.0042
Train Step A - Epoch [63]: 	Loss: 0.0048
Test Step A - Epoch [63]: 	Accuracy: 99.41%
-----------------------------------------------------------------------------------------------

Train Step A - Iteration 0: 	Loss: 0.0001
Train Step A - Iteration 50: 	Loss: 0.0026
Train Step A - Iteration 100: 	Loss: 0.0036
Train Step A - Iteration 150: 	Loss: 0.0079
Train Step A - Iteration 200: 	Loss: 0.0058
Train Step A - Iteration 250: 	Loss: 0.0037
Train Step A - Iteration 300: 	Loss: 0.0051
Train Step A - Iteration 350: 	Loss: 0.0049
Train Step A - Iteration 400: 	Loss: 0.0057
Train Step A - Iteration 450: 	Loss: 0.0045
Train Step A - Epoch [64]: 	Loss: 0.0048
Test Step A - Epoch [64]: 	Accuracy: 99.39%
-----------------------------------------------------------------------------------------------

Train Step A - Iteration 0: 	Loss: 0.0000
Train Step A - Iteration 50: 	Loss: 0.0053
Train Step A - Iteration 100: 	Loss: 0.0044
Train Step A - Iteration 150: 	Loss: 0.0073
Train Step A - Iteration 200: 	Loss: 0.0037
Train Step A - Iteration 250: 	Loss: 0.0045
Train Step A - Iteration 300: 	Loss: 0.0044
Train Step A - Iteration 350: 	Loss: 0.0038
Train Step A - Iteration 400: 	Loss: 0.0055
Train Step A - Iteration 450: 	Loss: 0.0035
Train Step A - Epoch [65]: 	Loss: 0.0046
Test Step A - Epoch [65]: 	Accuracy: 99.41%
-----------------------------------------------------------------------------------------------

Train Step A - Iteration 0: 	Loss: 0.0001
Train Step A - Iteration 50: 	Loss: 0.0049
Train Step A - Iteration 100: 	Loss: 0.0038
Train Step A - Iteration 150: 	Loss: 0.0044
Train Step A - Iteration 200: 	Loss: 0.0026
Train Step A - Iteration 250: 	Loss: 0.0040
Train Step A - Iteration 300: 	Loss: 0.0046
Train Step A - Iteration 350: 	Loss: 0.0044
Train Step A - Iteration 400: 	Loss: 0.0038
Train Step A - Iteration 450: 	Loss: 0.0048
Train Step A - Epoch [66]: 	Loss: 0.0042
Test Step A - Epoch [66]: 	Accuracy: 99.43%
-----------------------------------------------------------------------------------------------

Train Step A - Iteration 0: 	Loss: 0.0000
Train Step A - Iteration 50: 	Loss: 0.0051
Train Step A - Iteration 100: 	Loss: 0.0038
Train Step A - Iteration 150: 	Loss: 0.0032
Train Step A - Iteration 200: 	Loss: 0.0037
Train Step A - Iteration 250: 	Loss: 0.0059
Train Step A - Iteration 300: 	Loss: 0.0038
Train Step A - Iteration 350: 	Loss: 0.0040
Train Step A - Iteration 400: 	Loss: 0.0049
Train Step A - Iteration 450: 	Loss: 0.0039
Train Step A - Epoch [67]: 	Loss: 0.0043
Test Step A - Epoch [67]: 	Accuracy: 99.39%
-----------------------------------------------------------------------------------------------

Train Step A - Iteration 0: 	Loss: 0.0002
Train Step A - Iteration 50: 	Loss: 0.0042
Train Step A - Iteration 100: 	Loss: 0.0036
Train Step A - Iteration 150: 	Loss: 0.0043
Train Step A - Iteration 200: 	Loss: 0.0065
Train Step A - Iteration 250: 	Loss: 0.0061
Train Step A - Iteration 300: 	Loss: 0.0058
Train Step A - Iteration 350: 	Loss: 0.0057
Train Step A - Iteration 400: 	Loss: 0.0054
Train Step A - Iteration 450: 	Loss: 0.0054
Train Step A - Epoch [68]: 	Loss: 0.0052
Test Step A - Epoch [68]: 	Accuracy: 99.53%
-----------------------------------------------------------------------------------------------

Train Step A - Iteration 0: 	Loss: 0.0002
Train Step A - Iteration 50: 	Loss: 0.0052
Train Step A - Iteration 100: 	Loss: 0.0049
Train Step A - Iteration 150: 	Loss: 0.0037
Train Step A - Iteration 200: 	Loss: 0.0063
Train Step A - Iteration 250: 	Loss: 0.0044
Train Step A - Iteration 300: 	Loss: 0.0034
Train Step A - Iteration 350: 	Loss: 0.0038
Train Step A - Iteration 400: 	Loss: 0.0049
Train Step A - Iteration 450: 	Loss: 0.0031
Train Step A - Epoch [69]: 	Loss: 0.0043
Test Step A - Epoch [69]: 	Accuracy: 99.45%
-----------------------------------------------------------------------------------------------

Train Step A - Iteration 0: 	Loss: 0.0000
Train Step A - Iteration 50: 	Loss: 0.0042
Train Step A - Iteration 100: 	Loss: 0.0061
Train Step A - Iteration 150: 	Loss: 0.0042
Train Step A - Iteration 200: 	Loss: 0.0036
Train Step A - Iteration 250: 	Loss: 0.0046
Train Step A - Iteration 300: 	Loss: 0.0053
Train Step A - Iteration 350: 	Loss: 0.0040
Train Step A - Iteration 400: 	Loss: 0.0036
Train Step A - Iteration 450: 	Loss: 0.0047
Train Step A - Epoch [70]: 	Loss: 0.0046
Test Step A - Epoch [70]: 	Accuracy: 99.48%
-----------------------------------------------------------------------------------------------

Train Step A - Iteration 0: 	Loss: 0.0002
Train Step A - Iteration 50: 	Loss: 0.0047
Train Step A - Iteration 100: 	Loss: 0.0023
Train Step A - Iteration 150: 	Loss: 0.0049
Train Step A - Iteration 200: 	Loss: 0.0015
Train Step A - Iteration 250: 	Loss: 0.0050
Train Step A - Iteration 300: 	Loss: 0.0050
Train Step A - Iteration 350: 	Loss: 0.0038
Train Step A - Iteration 400: 	Loss: 0.0056
Train Step A - Iteration 450: 	Loss: 0.0049
Train Step A - Epoch [71]: 	Loss: 0.0042
Test Step A - Epoch [71]: 	Accuracy: 99.41%
-----------------------------------------------------------------------------------------------

Train Step A - Iteration 0: 	Loss: 0.0000
Train Step A - Iteration 50: 	Loss: 0.0040
Train Step A - Iteration 100: 	Loss: 0.0028
Train Step A - Iteration 150: 	Loss: 0.0046
Train Step A - Iteration 200: 	Loss: 0.0035
Train Step A - Iteration 250: 	Loss: 0.0041
Train Step A - Iteration 300: 	Loss: 0.0029
Train Step A - Iteration 350: 	Loss: 0.0038
Train Step A - Iteration 400: 	Loss: 0.0035
Train Step A - Iteration 450: 	Loss: 0.0026
Train Step A - Epoch [72]: 	Loss: 0.0035
Test Step A - Epoch [72]: 	Accuracy: 99.46%
-----------------------------------------------------------------------------------------------

Train Step A - Iteration 0: 	Loss: 0.0001
Train Step A - Iteration 50: 	Loss: 0.0044
Train Step A - Iteration 100: 	Loss: 0.0033
Train Step A - Iteration 150: 	Loss: 0.0048
Train Step A - Iteration 200: 	Loss: 0.0026
Train Step A - Iteration 250: 	Loss: 0.0071
Train Step A - Iteration 300: 	Loss: 0.0044
Train Step A - Iteration 350: 	Loss: 0.0047
Train Step A - Iteration 400: 	Loss: 0.0052
Train Step A - Iteration 450: 	Loss: 0.0061
Train Step A - Epoch [73]: 	Loss: 0.0048
Test Step A - Epoch [73]: 	Accuracy: 99.41%
-----------------------------------------------------------------------------------------------

Train Step A - Iteration 0: 	Loss: 0.0000
Train Step A - Iteration 50: 	Loss: 0.0025
Train Step A - Iteration 100: 	Loss: 0.0020
Train Step A - Iteration 150: 	Loss: 0.0035
Train Step A - Iteration 200: 	Loss: 0.0040
Train Step A - Iteration 250: 	Loss: 0.0038
Train Step A - Iteration 300: 	Loss: 0.0034
Train Step A - Iteration 350: 	Loss: 0.0066
Train Step A - Iteration 400: 	Loss: 0.0063
Train Step A - Iteration 450: 	Loss: 0.0036
Train Step A - Epoch [74]: 	Loss: 0.0041
Test Step A - Epoch [74]: 	Accuracy: 99.46%
-----------------------------------------------------------------------------------------------

Train Step A - Iteration 0: 	Loss: 0.0009
Train Step A - Iteration 50: 	Loss: 0.0043
Train Step A - Iteration 100: 	Loss: 0.0046
Train Step A - Iteration 150: 	Loss: 0.0024
Train Step A - Iteration 200: 	Loss: 0.0057
Train Step A - Iteration 250: 	Loss: 0.0037
Train Step A - Iteration 300: 	Loss: 0.0052
Train Step A - Iteration 350: 	Loss: 0.0037
Train Step A - Iteration 400: 	Loss: 0.0047
Train Step A - Iteration 450: 	Loss: 0.0027
Train Step A - Epoch [75]: 	Loss: 0.0043
Test Step A - Epoch [75]: 	Accuracy: 99.42%
-----------------------------------------------------------------------------------------------

Train Step A - Iteration 0: 	Loss: 0.0006
Train Step A - Iteration 50: 	Loss: 0.0059
Train Step A - Iteration 100: 	Loss: 0.0046
Train Step A - Iteration 150: 	Loss: 0.0062
Train Step A - Iteration 200: 	Loss: 0.0040
Train Step A - Iteration 250: 	Loss: 0.0032
Train Step A - Iteration 300: 	Loss: 0.0034
Train Step A - Iteration 350: 	Loss: 0.0041
Train Step A - Iteration 400: 	Loss: 0.0019
Train Step A - Iteration 450: 	Loss: 0.0030
Train Step A - Epoch [76]: 	Loss: 0.0040
Test Step A - Epoch [76]: 	Accuracy: 99.48%
-----------------------------------------------------------------------------------------------

Train Step A - Iteration 0: 	Loss: 0.0000
Train Step A - Iteration 50: 	Loss: 0.0036
Train Step A - Iteration 100: 	Loss: 0.0042
Train Step A - Iteration 150: 	Loss: 0.0047
Train Step A - Iteration 200: 	Loss: 0.0032
Train Step A - Iteration 250: 	Loss: 0.0030
Train Step A - Iteration 300: 	Loss: 0.0019
Train Step A - Iteration 350: 	Loss: 0.0047
Train Step A - Iteration 400: 	Loss: 0.0063
Train Step A - Iteration 450: 	Loss: 0.0038
Train Step A - Epoch [77]: 	Loss: 0.0040
Test Step A - Epoch [77]: 	Accuracy: 99.39%
-----------------------------------------------------------------------------------------------

Train Step A - Iteration 0: 	Loss: 0.0000
Train Step A - Iteration 50: 	Loss: 0.0038
Train Step A - Iteration 100: 	Loss: 0.0023
Train Step A - Iteration 150: 	Loss: 0.0026
Train Step A - Iteration 200: 	Loss: 0.0041
Train Step A - Iteration 250: 	Loss: 0.0036
Train Step A - Iteration 300: 	Loss: 0.0021
Train Step A - Iteration 350: 	Loss: 0.0046
Train Step A - Iteration 400: 	Loss: 0.0040
Train Step A - Iteration 450: 	Loss: 0.0028
Train Step A - Epoch [78]: 	Loss: 0.0033
Test Step A - Epoch [78]: 	Accuracy: 99.47%
-----------------------------------------------------------------------------------------------

Train Step A - Iteration 0: 	Loss: 0.0001
Train Step A - Iteration 50: 	Loss: 0.0047
Train Step A - Iteration 100: 	Loss: 0.0046
Train Step A - Iteration 150: 	Loss: 0.0024
Train Step A - Iteration 200: 	Loss: 0.0040
Train Step A - Iteration 250: 	Loss: 0.0050
Train Step A - Iteration 300: 	Loss: 0.0064
Train Step A - Iteration 350: 	Loss: 0.0041
Train Step A - Iteration 400: 	Loss: 0.0036
Train Step A - Iteration 450: 	Loss: 0.0051
Train Step A - Epoch [79]: 	Loss: 0.0043
Test Step A - Epoch [79]: 	Accuracy: 99.44%
-----------------------------------------------------------------------------------------------

Train Step A - Iteration 0: 	Loss: 0.0000
Train Step A - Iteration 50: 	Loss: 0.0030
Train Step A - Iteration 100: 	Loss: 0.0035
Train Step A - Iteration 150: 	Loss: 0.0040
Train Step A - Iteration 200: 	Loss: 0.0042
Train Step A - Iteration 250: 	Loss: 0.0055
Train Step A - Iteration 300: 	Loss: 0.0052
Train Step A - Iteration 350: 	Loss: 0.0038
Train Step A - Iteration 400: 	Loss: 0.0050
Train Step A - Iteration 450: 	Loss: 0.0026
Train Step A - Epoch [80]: 	Loss: 0.0040
Test Step A - Epoch [80]: 	Accuracy: 99.52%
-----------------------------------------------------------------------------------------------

Train Step A - Iteration 0: 	Loss: 0.0000
Train Step A - Iteration 50: 	Loss: 0.0041
Train Step A - Iteration 100: 	Loss: 0.0023
Train Step A - Iteration 150: 	Loss: 0.0032
Train Step A - Iteration 200: 	Loss: 0.0045
Train Step A - Iteration 250: 	Loss: 0.0051
Train Step A - Iteration 300: 	Loss: 0.0047
Train Step A - Iteration 350: 	Loss: 0.0038
Train Step A - Iteration 400: 	Loss: 0.0049
Train Step A - Iteration 450: 	Loss: 0.0052
Train Step A - Epoch [81]: 	Loss: 0.0041
Test Step A - Epoch [81]: 	Accuracy: 99.47%
-----------------------------------------------------------------------------------------------

Train Step A - Iteration 0: 	Loss: 0.0000
Train Step A - Iteration 50: 	Loss: 0.0032
Train Step A - Iteration 100: 	Loss: 0.0025
Train Step A - Iteration 150: 	Loss: 0.0024
Train Step A - Iteration 200: 	Loss: 0.0027
Train Step A - Iteration 250: 	Loss: 0.0055
Train Step A - Iteration 300: 	Loss: 0.0039
Train Step A - Iteration 350: 	Loss: 0.0068
Train Step A - Iteration 400: 	Loss: 0.0030
Train Step A - Iteration 450: 	Loss: 0.0029
Train Step A - Epoch [82]: 	Loss: 0.0037
Test Step A - Epoch [82]: 	Accuracy: 99.41%
-----------------------------------------------------------------------------------------------

Train Step A - Iteration 0: 	Loss: 0.0000
Train Step A - Iteration 50: 	Loss: 0.0042
Train Step A - Iteration 100: 	Loss: 0.0034
Train Step A - Iteration 150: 	Loss: 0.0056
Train Step A - Iteration 200: 	Loss: 0.0045
Train Step A - Iteration 250: 	Loss: 0.0052
Train Step A - Iteration 300: 	Loss: 0.0028
Train Step A - Iteration 350: 	Loss: 0.0030
Train Step A - Iteration 400: 	Loss: 0.0041
Train Step A - Iteration 450: 	Loss: 0.0057
Train Step A - Epoch [83]: 	Loss: 0.0042
Test Step A - Epoch [83]: 	Accuracy: 99.37%
-----------------------------------------------------------------------------------------------

Train Step A - Iteration 0: 	Loss: 0.0000
Train Step A - Iteration 50: 	Loss: 0.0032
Train Step A - Iteration 100: 	Loss: 0.0018
Train Step A - Iteration 150: 	Loss: 0.0044
Train Step A - Iteration 200: 	Loss: 0.0035
Train Step A - Iteration 250: 	Loss: 0.0026
Train Step A - Iteration 300: 	Loss: 0.0036
Train Step A - Iteration 350: 	Loss: 0.0032
Train Step A - Iteration 400: 	Loss: 0.0024
Train Step A - Iteration 450: 	Loss: 0.0013
Train Step A - Epoch [84]: 	Loss: 0.0029
Test Step A - Epoch [84]: 	Accuracy: 99.52%
-----------------------------------------------------------------------------------------------

Train Step A - Iteration 0: 	Loss: 0.0000
Train Step A - Iteration 50: 	Loss: 0.0041
Train Step A - Iteration 100: 	Loss: 0.0035
Train Step A - Iteration 150: 	Loss: 0.0041
Train Step A - Iteration 200: 	Loss: 0.0035
Train Step A - Iteration 250: 	Loss: 0.0051
Train Step A - Iteration 300: 	Loss: 0.0027
Train Step A - Iteration 350: 	Loss: 0.0047
Train Step A - Iteration 400: 	Loss: 0.0024
Train Step A - Iteration 450: 	Loss: 0.0036
Train Step A - Epoch [85]: 	Loss: 0.0037
Test Step A - Epoch [85]: 	Accuracy: 99.46%
-----------------------------------------------------------------------------------------------

Train Step A - Iteration 0: 	Loss: 0.0000
Train Step A - Iteration 50: 	Loss: 0.0022
Train Step A - Iteration 100: 	Loss: 0.0027
Train Step A - Iteration 150: 	Loss: 0.0049
Train Step A - Iteration 200: 	Loss: 0.0052
Train Step A - Iteration 250: 	Loss: 0.0033
Train Step A - Iteration 300: 	Loss: 0.0038
Train Step A - Iteration 350: 	Loss: 0.0062
Train Step A - Iteration 400: 	Loss: 0.0033
Train Step A - Iteration 450: 	Loss: 0.0034
Train Step A - Epoch [86]: 	Loss: 0.0038
Test Step A - Epoch [86]: 	Accuracy: 99.43%
-----------------------------------------------------------------------------------------------

Train Step A - Iteration 0: 	Loss: 0.0001
Train Step A - Iteration 50: 	Loss: 0.0024
Train Step A - Iteration 100: 	Loss: 0.0028
Train Step A - Iteration 150: 	Loss: 0.0037
Train Step A - Iteration 200: 	Loss: 0.0029
Train Step A - Iteration 250: 	Loss: 0.0050
Train Step A - Iteration 300: 	Loss: 0.0026
Train Step A - Iteration 350: 	Loss: 0.0022
Train Step A - Iteration 400: 	Loss: 0.0028
Train Step A - Iteration 450: 	Loss: 0.0040
Train Step A - Epoch [87]: 	Loss: 0.0032
Test Step A - Epoch [87]: 	Accuracy: 99.42%
-----------------------------------------------------------------------------------------------

Train Step A - Iteration 0: 	Loss: 0.0000
Train Step A - Iteration 50: 	Loss: 0.0036
Train Step A - Iteration 100: 	Loss: 0.0022
Train Step A - Iteration 150: 	Loss: 0.0047
Train Step A - Iteration 200: 	Loss: 0.0047
Train Step A - Iteration 250: 	Loss: 0.0038
Train Step A - Iteration 300: 	Loss: 0.0032
Train Step A - Iteration 350: 	Loss: 0.0030
Train Step A - Iteration 400: 	Loss: 0.0046
Train Step A - Iteration 450: 	Loss: 0.0038
Train Step A - Epoch [88]: 	Loss: 0.0036
Test Step A - Epoch [88]: 	Accuracy: 99.40%
-----------------------------------------------------------------------------------------------

Train Step A - Iteration 0: 	Loss: 0.0002
Train Step A - Iteration 50: 	Loss: 0.0027
Train Step A - Iteration 100: 	Loss: 0.0015
Train Step A - Iteration 150: 	Loss: 0.0020
Train Step A - Iteration 200: 	Loss: 0.0036
Train Step A - Iteration 250: 	Loss: 0.0030
Train Step A - Iteration 300: 	Loss: 0.0049
Train Step A - Iteration 350: 	Loss: 0.0024
Train Step A - Iteration 400: 	Loss: 0.0027
Train Step A - Iteration 450: 	Loss: 0.0019
Train Step A - Epoch [89]: 	Loss: 0.0028
Test Step A - Epoch [89]: 	Accuracy: 99.40%
-----------------------------------------------------------------------------------------------

Train Step A - Iteration 0: 	Loss: 0.0000
Train Step A - Iteration 50: 	Loss: 0.0039
Train Step A - Iteration 100: 	Loss: 0.0032
Train Step A - Iteration 150: 	Loss: 0.0048
Train Step A - Iteration 200: 	Loss: 0.0036
Train Step A - Iteration 250: 	Loss: 0.0027
Train Step A - Iteration 300: 	Loss: 0.0020
Train Step A - Iteration 350: 	Loss: 0.0036
Train Step A - Iteration 400: 	Loss: 0.0040
Train Step A - Iteration 450: 	Loss: 0.0045
Train Step A - Epoch [90]: 	Loss: 0.0035
Test Step A - Epoch [90]: 	Accuracy: 99.47%
-----------------------------------------------------------------------------------------------

Train Step A - Iteration 0: 	Loss: 0.0001
Train Step A - Iteration 50: 	Loss: 0.0046
Train Step A - Iteration 100: 	Loss: 0.0024
Train Step A - Iteration 150: 	Loss: 0.0037
Train Step A - Iteration 200: 	Loss: 0.0039
Train Step A - Iteration 250: 	Loss: 0.0037
Train Step A - Iteration 300: 	Loss: 0.0046
Train Step A - Iteration 350: 	Loss: 0.0025
Train Step A - Iteration 400: 	Loss: 0.0020
Train Step A - Iteration 450: 	Loss: 0.0026
Train Step A - Epoch [91]: 	Loss: 0.0034
Test Step A - Epoch [91]: 	Accuracy: 99.43%
-----------------------------------------------------------------------------------------------

Train Step A - Iteration 0: 	Loss: 0.0001
Train Step A - Iteration 50: 	Loss: 0.0037
Train Step A - Iteration 100: 	Loss: 0.0022
Train Step A - Iteration 150: 	Loss: 0.0024
Train Step A - Iteration 200: 	Loss: 0.0041
Train Step A - Iteration 250: 	Loss: 0.0039
Train Step A - Iteration 300: 	Loss: 0.0027
Train Step A - Iteration 350: 	Loss: 0.0031
Train Step A - Iteration 400: 	Loss: 0.0015
Train Step A - Iteration 450: 	Loss: 0.0029
Train Step A - Epoch [92]: 	Loss: 0.0030
Test Step A - Epoch [92]: 	Accuracy: 99.47%
-----------------------------------------------------------------------------------------------

Train Step A - Iteration 0: 	Loss: 0.0003
Train Step A - Iteration 50: 	Loss: 0.0015
Train Step A - Iteration 100: 	Loss: 0.0033
Train Step A - Iteration 150: 	Loss: 0.0038
Train Step A - Iteration 200: 	Loss: 0.0030
Train Step A - Iteration 250: 	Loss: 0.0022
Train Step A - Iteration 300: 	Loss: 0.0054
Train Step A - Iteration 350: 	Loss: 0.0027
Train Step A - Iteration 400: 	Loss: 0.0020
Train Step A - Iteration 450: 	Loss: 0.0036
Train Step A - Epoch [93]: 	Loss: 0.0031
Test Step A - Epoch [93]: 	Accuracy: 99.39%
-----------------------------------------------------------------------------------------------

Train Step A - Iteration 0: 	Loss: 0.0000
Train Step A - Iteration 50: 	Loss: 0.0032
Train Step A - Iteration 100: 	Loss: 0.0043
Train Step A - Iteration 150: 	Loss: 0.0012
Train Step A - Iteration 200: 	Loss: 0.0024
Train Step A - Iteration 250: 	Loss: 0.0015
Train Step A - Iteration 300: 	Loss: 0.0022
Train Step A - Iteration 350: 	Loss: 0.0053
Train Step A - Iteration 400: 	Loss: 0.0033
Train Step A - Iteration 450: 	Loss: 0.0036
Train Step A - Epoch [94]: 	Loss: 0.0031
Test Step A - Epoch [94]: 	Accuracy: 99.35%
-----------------------------------------------------------------------------------------------

Train Step A - Iteration 0: 	Loss: 0.0001
Train Step A - Iteration 50: 	Loss: 0.0042
Train Step A - Iteration 100: 	Loss: 0.0034
Train Step A - Iteration 150: 	Loss: 0.0038
Train Step A - Iteration 200: 	Loss: 0.0038
Train Step A - Iteration 250: 	Loss: 0.0028
Train Step A - Iteration 300: 	Loss: 0.0031
Train Step A - Iteration 350: 	Loss: 0.0037
Train Step A - Iteration 400: 	Loss: 0.0036
Train Step A - Iteration 450: 	Loss: 0.0050
Train Step A - Epoch [95]: 	Loss: 0.0037
Test Step A - Epoch [95]: 	Accuracy: 99.45%
-----------------------------------------------------------------------------------------------

Train Step A - Iteration 0: 	Loss: 0.0000
Train Step A - Iteration 50: 	Loss: 0.0011
Train Step A - Iteration 100: 	Loss: 0.0021
Train Step A - Iteration 150: 	Loss: 0.0039
Train Step A - Iteration 200: 	Loss: 0.0038
Train Step A - Iteration 250: 	Loss: 0.0025
Train Step A - Iteration 300: 	Loss: 0.0045
Train Step A - Iteration 350: 	Loss: 0.0029
Train Step A - Iteration 400: 	Loss: 0.0043
Train Step A - Iteration 450: 	Loss: 0.0068
Train Step A - Epoch [96]: 	Loss: 0.0035
Test Step A - Epoch [96]: 	Accuracy: 99.43%
-----------------------------------------------------------------------------------------------

Train Step A - Iteration 0: 	Loss: 0.0001
Train Step A - Iteration 50: 	Loss: 0.0028
Train Step A - Iteration 100: 	Loss: 0.0022
Train Step A - Iteration 150: 	Loss: 0.0025
Train Step A - Iteration 200: 	Loss: 0.0026
Train Step A - Iteration 250: 	Loss: 0.0038
Train Step A - Iteration 300: 	Loss: 0.0036
Train Step A - Iteration 350: 	Loss: 0.0025
Train Step A - Iteration 400: 	Loss: 0.0040
Train Step A - Iteration 450: 	Loss: 0.0033
Train Step A - Epoch [97]: 	Loss: 0.0032
Test Step A - Epoch [97]: 	Accuracy: 99.45%
-----------------------------------------------------------------------------------------------

Train Step A - Iteration 0: 	Loss: 0.0000
Train Step A - Iteration 50: 	Loss: 0.0020
Train Step A - Iteration 100: 	Loss: 0.0030
Train Step A - Iteration 150: 	Loss: 0.0023
Train Step A - Iteration 200: 	Loss: 0.0029
Train Step A - Iteration 250: 	Loss: 0.0034
Train Step A - Iteration 300: 	Loss: 0.0027
Train Step A - Iteration 350: 	Loss: 0.0022
Train Step A - Iteration 400: 	Loss: 0.0037
Train Step A - Iteration 450: 	Loss: 0.0023
Train Step A - Epoch [98]: 	Loss: 0.0027
Test Step A - Epoch [98]: 	Accuracy: 99.46%
-----------------------------------------------------------------------------------------------

Train Step A - Iteration 0: 	Loss: 0.0000
Train Step A - Iteration 50: 	Loss: 0.0022
Train Step A - Iteration 100: 	Loss: 0.0034
Train Step A - Iteration 150: 	Loss: 0.0025
Train Step A - Iteration 200: 	Loss: 0.0026
Train Step A - Iteration 250: 	Loss: 0.0051
Train Step A - Iteration 300: 	Loss: 0.0020
Train Step A - Iteration 350: 	Loss: 0.0029
Train Step A - Iteration 400: 	Loss: 0.0043
Train Step A - Iteration 450: 	Loss: 0.0058
Train Step A - Epoch [99]: 	Loss: 0.0034
Test Step A - Epoch [99]: 	Accuracy: 99.49%
-----------------------------------------------------------------------------------------------

Train Step A - Iteration 0: 	Loss: 0.0000
Train Step A - Iteration 50: 	Loss: 0.0030
Train Step A - Iteration 100: 	Loss: 0.0016
Train Step A - Iteration 150: 	Loss: 0.0027
Train Step A - Iteration 200: 	Loss: 0.0026
Train Step A - Iteration 250: 	Loss: 0.0026
Train Step A - Iteration 300: 	Loss: 0.0032
Train Step A - Iteration 350: 	Loss: 0.0035
Train Step A - Iteration 400: 	Loss: 0.0023
Train Step A - Iteration 450: 	Loss: 0.0017
Train Step A - Epoch [100]: 	Loss: 0.0025
Test Step A - Epoch [100]: 	Accuracy: 99.50%
-----------------------------------------------------------------------------------------------

Using downloaded and verified file: ./data/SVHN/color/raw/train/train_32x32.mat
Using downloaded and verified file: ./data/SVHN/color/raw/test/test_32x32.mat
Train Step B - Epoch [1]:               Discriminator GAN loss: 0.9166,               Generator GAN Loss: 1.4211,               Cycle loss: 1.1417,               Semantic Loss: 1.4275,               Task loss: 2.1580
Test Step B - Epoch [1]: 	Accuracy: 12.36%
-----------------------------------------------------------------------------------------------

Train Step B - Epoch [2]:               Discriminator GAN loss: 1.2703,               Generator GAN Loss: 1.1264,               Cycle loss: 0.6900,               Semantic Loss: 0.8474,               Task loss: 1.7299
Test Step B - Epoch [2]: 	Accuracy: 13.83%
-----------------------------------------------------------------------------------------------

Train Step B - Epoch [3]:               Discriminator GAN loss: 1.4185,               Generator GAN Loss: 0.7077,               Cycle loss: 0.4880,               Semantic Loss: 0.4829,               Task loss: 1.0183
Test Step B - Epoch [3]: 	Accuracy: 13.83%
-----------------------------------------------------------------------------------------------

Train Step B - Epoch [4]:               Discriminator GAN loss: 1.4132,               Generator GAN Loss: 0.6998,               Cycle loss: 0.4530,               Semantic Loss: 0.3394,               Task loss: 0.6734
Test Step B - Epoch [4]: 	Accuracy: 14.21%
-----------------------------------------------------------------------------------------------

Train Step B - Epoch [5]:               Discriminator GAN loss: 1.4165,               Generator GAN Loss: 0.6944,               Cycle loss: 0.4314,               Semantic Loss: 0.2305,               Task loss: 0.5286
Test Step B - Epoch [5]: 	Accuracy: 10.40%
-----------------------------------------------------------------------------------------------

Train Step B - Epoch [6]:               Discriminator GAN loss: 1.4089,               Generator GAN Loss: 0.6921,               Cycle loss: 0.3071,               Semantic Loss: 0.1558,               Task loss: 0.4552
Test Step B - Epoch [6]: 	Accuracy: 13.96%
-----------------------------------------------------------------------------------------------

Train Step B - Epoch [7]:               Discriminator GAN loss: 1.4026,               Generator GAN Loss: 0.6926,               Cycle loss: 0.2631,               Semantic Loss: 0.1049,               Task loss: 0.3990
Test Step B - Epoch [7]: 	Accuracy: 12.16%
-----------------------------------------------------------------------------------------------

Train Step B - Epoch [8]:               Discriminator GAN loss: 1.3976,               Generator GAN Loss: 0.6917,               Cycle loss: 0.2432,               Semantic Loss: 0.0772,               Task loss: 0.3533
Test Step B - Epoch [8]: 	Accuracy: 16.64%
-----------------------------------------------------------------------------------------------

Train Step B - Epoch [9]:               Discriminator GAN loss: 1.3924,               Generator GAN Loss: 0.6949,               Cycle loss: 0.2279,               Semantic Loss: 0.0578,               Task loss: 0.3082
Test Step B - Epoch [9]: 	Accuracy: 15.77%
-----------------------------------------------------------------------------------------------

Train Step B - Epoch [10]:               Discriminator GAN loss: 1.3958,               Generator GAN Loss: 0.6977,               Cycle loss: 0.2173,               Semantic Loss: 0.0494,               Task loss: 0.2835
Test Step B - Epoch [10]: 	Accuracy: 17.89%
-----------------------------------------------------------------------------------------------

Train Step B - Epoch [11]:               Discriminator GAN loss: 1.3909,               Generator GAN Loss: 0.6981,               Cycle loss: 0.2076,               Semantic Loss: 0.0428,               Task loss: 0.2492
Test Step B - Epoch [11]: 	Accuracy: 17.03%
-----------------------------------------------------------------------------------------------

Train Step B - Epoch [12]:               Discriminator GAN loss: 1.3863,               Generator GAN Loss: 0.6979,               Cycle loss: 0.1987,               Semantic Loss: 0.0420,               Task loss: 0.2226
Test Step B - Epoch [12]: 	Accuracy: 17.72%
-----------------------------------------------------------------------------------------------

Train Step B - Epoch [13]:               Discriminator GAN loss: 1.3937,               Generator GAN Loss: 0.6998,               Cycle loss: 0.1905,               Semantic Loss: 0.0382,               Task loss: 0.2033
Test Step B - Epoch [13]: 	Accuracy: 18.85%
-----------------------------------------------------------------------------------------------

Train Step B - Epoch [14]:               Discriminator GAN loss: 1.3928,               Generator GAN Loss: 0.6999,               Cycle loss: 0.1858,               Semantic Loss: 0.0420,               Task loss: 0.1948
Test Step B - Epoch [14]: 	Accuracy: 18.73%
-----------------------------------------------------------------------------------------------

Train Step B - Epoch [15]:               Discriminator GAN loss: 1.3855,               Generator GAN Loss: 0.7040,               Cycle loss: 0.1794,               Semantic Loss: 0.0390,               Task loss: 0.1831
Test Step B - Epoch [15]: 	Accuracy: 18.73%
-----------------------------------------------------------------------------------------------

Train Step B - Epoch [16]:               Discriminator GAN loss: 1.3839,               Generator GAN Loss: 0.7097,               Cycle loss: 0.1762,               Semantic Loss: 0.0420,               Task loss: 0.1827
Test Step B - Epoch [16]: 	Accuracy: 18.85%
-----------------------------------------------------------------------------------------------

Train Step B - Epoch [17]:               Discriminator GAN loss: 1.3849,               Generator GAN Loss: 0.7071,               Cycle loss: 0.1734,               Semantic Loss: 0.0465,               Task loss: 0.1815
Test Step B - Epoch [17]: 	Accuracy: 20.84%
-----------------------------------------------------------------------------------------------

Train Step B - Epoch [18]:               Discriminator GAN loss: 1.3813,               Generator GAN Loss: 0.7138,               Cycle loss: 0.1709,               Semantic Loss: 0.0480,               Task loss: 0.1896
Test Step B - Epoch [18]: 	Accuracy: 21.29%
-----------------------------------------------------------------------------------------------

Train Step B - Epoch [19]:               Discriminator GAN loss: 1.3760,               Generator GAN Loss: 0.7140,               Cycle loss: 0.1660,               Semantic Loss: 0.0477,               Task loss: 0.1953
Test Step B - Epoch [19]: 	Accuracy: 22.74%
-----------------------------------------------------------------------------------------------

Train Step B - Epoch [20]:               Discriminator GAN loss: 1.3752,               Generator GAN Loss: 0.7152,               Cycle loss: 0.1601,               Semantic Loss: 0.0492,               Task loss: 0.1559
Test Step B - Epoch [20]: 	Accuracy: 23.63%
-----------------------------------------------------------------------------------------------

Train Step B - Epoch [21]:               Discriminator GAN loss: 1.3722,               Generator GAN Loss: 0.7254,               Cycle loss: 0.1562,               Semantic Loss: 0.0562,               Task loss: 0.1717
Test Step B - Epoch [21]: 	Accuracy: 22.71%
-----------------------------------------------------------------------------------------------

Train Step B - Epoch [22]:               Discriminator GAN loss: 1.3684,               Generator GAN Loss: 0.7258,               Cycle loss: 0.1537,               Semantic Loss: 0.0562,               Task loss: 0.1667
Test Step B - Epoch [22]: 	Accuracy: 24.82%
-----------------------------------------------------------------------------------------------

Train Step B - Epoch [23]:               Discriminator GAN loss: 1.3662,               Generator GAN Loss: 0.7215,               Cycle loss: 0.1501,               Semantic Loss: 0.0586,               Task loss: 0.1530
Test Step B - Epoch [23]: 	Accuracy: 24.32%
-----------------------------------------------------------------------------------------------

Train Step B - Epoch [24]:               Discriminator GAN loss: 1.3678,               Generator GAN Loss: 0.7315,               Cycle loss: 0.1477,               Semantic Loss: 0.0610,               Task loss: 0.1733
Test Step B - Epoch [24]: 	Accuracy: 25.06%
-----------------------------------------------------------------------------------------------

Train Step B - Epoch [25]:               Discriminator GAN loss: 1.3641,               Generator GAN Loss: 0.7312,               Cycle loss: 0.1451,               Semantic Loss: 0.0663,               Task loss: 0.1683
Test Step B - Epoch [25]: 	Accuracy: 24.73%
-----------------------------------------------------------------------------------------------

Train Step B - Epoch [26]:               Discriminator GAN loss: 1.3590,               Generator GAN Loss: 0.7366,               Cycle loss: 0.1438,               Semantic Loss: 0.0682,               Task loss: 0.1438
Test Step B - Epoch [26]: 	Accuracy: 25.29%
-----------------------------------------------------------------------------------------------

Train Step B - Epoch [27]:               Discriminator GAN loss: 1.3531,               Generator GAN Loss: 0.7317,               Cycle loss: 0.1410,               Semantic Loss: 0.0671,               Task loss: 0.1428
Test Step B - Epoch [27]: 	Accuracy: 27.83%
-----------------------------------------------------------------------------------------------

Train Step B - Epoch [28]:               Discriminator GAN loss: 1.3559,               Generator GAN Loss: 0.7366,               Cycle loss: 0.1398,               Semantic Loss: 0.0745,               Task loss: 0.1426
Test Step B - Epoch [28]: 	Accuracy: 27.54%
-----------------------------------------------------------------------------------------------

Train Step B - Epoch [29]:               Discriminator GAN loss: 1.3533,               Generator GAN Loss: 0.7428,               Cycle loss: 0.1385,               Semantic Loss: 0.0730,               Task loss: 0.1357
Test Step B - Epoch [29]: 	Accuracy: 27.90%
-----------------------------------------------------------------------------------------------

Train Step B - Epoch [30]:               Discriminator GAN loss: 1.3466,               Generator GAN Loss: 0.7482,               Cycle loss: 0.1363,               Semantic Loss: 0.0808,               Task loss: 0.1562
Test Step B - Epoch [30]: 	Accuracy: 28.04%
-----------------------------------------------------------------------------------------------

Train Step B - Epoch [31]:               Discriminator GAN loss: 1.3496,               Generator GAN Loss: 0.7464,               Cycle loss: 0.1346,               Semantic Loss: 0.0857,               Task loss: 0.1328
Test Step B - Epoch [31]: 	Accuracy: 27.47%
-----------------------------------------------------------------------------------------------

Train Step B - Epoch [32]:               Discriminator GAN loss: 1.3548,               Generator GAN Loss: 0.7496,               Cycle loss: 0.1350,               Semantic Loss: 0.0848,               Task loss: 0.1383
Test Step B - Epoch [32]: 	Accuracy: 28.36%
-----------------------------------------------------------------------------------------------

Train Step B - Epoch [33]:               Discriminator GAN loss: 1.3481,               Generator GAN Loss: 0.7446,               Cycle loss: 0.1340,               Semantic Loss: 0.0907,               Task loss: 0.1290
Test Step B - Epoch [33]: 	Accuracy: 29.21%
-----------------------------------------------------------------------------------------------

Train Step B - Epoch [34]:               Discriminator GAN loss: 1.3333,               Generator GAN Loss: 0.7503,               Cycle loss: 0.1321,               Semantic Loss: 0.0893,               Task loss: 0.1423
Test Step B - Epoch [34]: 	Accuracy: 28.89%
-----------------------------------------------------------------------------------------------

Train Step B - Epoch [35]:               Discriminator GAN loss: 1.3432,               Generator GAN Loss: 0.7498,               Cycle loss: 0.1309,               Semantic Loss: 0.0963,               Task loss: 0.1301
Test Step B - Epoch [35]: 	Accuracy: 30.55%
-----------------------------------------------------------------------------------------------

Train Step B - Epoch [36]:               Discriminator GAN loss: 1.3526,               Generator GAN Loss: 0.7552,               Cycle loss: 0.1308,               Semantic Loss: 0.0999,               Task loss: 0.1378
Test Step B - Epoch [36]: 	Accuracy: 31.11%
-----------------------------------------------------------------------------------------------

Train Step B - Epoch [37]:               Discriminator GAN loss: 1.3397,               Generator GAN Loss: 0.7473,               Cycle loss: 0.1302,               Semantic Loss: 0.0947,               Task loss: 0.1453
Test Step B - Epoch [37]: 	Accuracy: 32.65%
-----------------------------------------------------------------------------------------------

Train Step B - Epoch [38]:               Discriminator GAN loss: 1.3382,               Generator GAN Loss: 0.7657,               Cycle loss: 0.1295,               Semantic Loss: 0.1007,               Task loss: 0.1385
Test Step B - Epoch [38]: 	Accuracy: 31.91%
-----------------------------------------------------------------------------------------------

Train Step B - Epoch [39]:               Discriminator GAN loss: 1.3306,               Generator GAN Loss: 0.7641,               Cycle loss: 0.1289,               Semantic Loss: 0.1062,               Task loss: 0.1397
Test Step B - Epoch [39]: 	Accuracy: 30.76%
-----------------------------------------------------------------------------------------------

Train Step B - Epoch [40]:               Discriminator GAN loss: 1.3366,               Generator GAN Loss: 0.7514,               Cycle loss: 0.1269,               Semantic Loss: 0.1003,               Task loss: 0.1265
Test Step B - Epoch [40]: 	Accuracy: 31.33%
-----------------------------------------------------------------------------------------------

Train Step B - Epoch [41]:               Discriminator GAN loss: 1.3464,               Generator GAN Loss: 0.7633,               Cycle loss: 0.1262,               Semantic Loss: 0.1095,               Task loss: 0.1138
Test Step B - Epoch [41]: 	Accuracy: 31.53%
-----------------------------------------------------------------------------------------------

Train Step B - Epoch [42]:               Discriminator GAN loss: 1.3260,               Generator GAN Loss: 0.7637,               Cycle loss: 0.1251,               Semantic Loss: 0.0994,               Task loss: 0.1208
Test Step B - Epoch [42]: 	Accuracy: 34.95%
-----------------------------------------------------------------------------------------------

Train Step B - Epoch [43]:               Discriminator GAN loss: 1.3366,               Generator GAN Loss: 0.7678,               Cycle loss: 0.1224,               Semantic Loss: 0.1101,               Task loss: 0.1295
Test Step B - Epoch [43]: 	Accuracy: 32.12%
-----------------------------------------------------------------------------------------------

Train Step B - Epoch [44]:               Discriminator GAN loss: 1.3394,               Generator GAN Loss: 0.7634,               Cycle loss: 0.1243,               Semantic Loss: 0.1110,               Task loss: 0.1335
Test Step B - Epoch [44]: 	Accuracy: 33.32%
-----------------------------------------------------------------------------------------------

Train Step B - Epoch [45]:               Discriminator GAN loss: 1.3374,               Generator GAN Loss: 0.7650,               Cycle loss: 0.1212,               Semantic Loss: 0.1131,               Task loss: 0.0970
Test Step B - Epoch [45]: 	Accuracy: 34.03%
-----------------------------------------------------------------------------------------------

Train Step B - Epoch [46]:               Discriminator GAN loss: 1.3291,               Generator GAN Loss: 0.7641,               Cycle loss: 0.1194,               Semantic Loss: 0.1126,               Task loss: 0.1236
Test Step B - Epoch [46]: 	Accuracy: 33.74%
-----------------------------------------------------------------------------------------------

Train Step B - Epoch [47]:               Discriminator GAN loss: 1.3339,               Generator GAN Loss: 0.7622,               Cycle loss: 0.1215,               Semantic Loss: 0.1128,               Task loss: 0.1198
Test Step B - Epoch [47]: 	Accuracy: 33.26%
-----------------------------------------------------------------------------------------------

Train Step B - Epoch [48]:               Discriminator GAN loss: 1.3367,               Generator GAN Loss: 0.7623,               Cycle loss: 0.1177,               Semantic Loss: 0.1105,               Task loss: 0.1230
Test Step B - Epoch [48]: 	Accuracy: 33.66%
-----------------------------------------------------------------------------------------------

Train Step B - Epoch [49]:               Discriminator GAN loss: 1.3285,               Generator GAN Loss: 0.7642,               Cycle loss: 0.1177,               Semantic Loss: 0.1079,               Task loss: 0.1243
Test Step B - Epoch [49]: 	Accuracy: 34.07%
-----------------------------------------------------------------------------------------------

Train Step B - Epoch [50]:               Discriminator GAN loss: 1.3363,               Generator GAN Loss: 0.7675,               Cycle loss: 0.1179,               Semantic Loss: 0.1161,               Task loss: 0.1475
Test Step B - Epoch [50]: 	Accuracy: 33.47%
-----------------------------------------------------------------------------------------------

The process took 171.01255830526352 minutes to complete.
