nohup: ignoring input
Using downloaded and verified file: ./data/SVHN/raw/train_32x32.mat
Using downloaded and verified file: ./data/SVHN/raw/test_32x32.mat
Using device cuda
Training starts
Epoch [1/40] starts
Iteration 50: Loss_G: 2.4195, Loss_D: 0.1192
Iteration 100: Loss_G: 1.8144, Loss_D: 0.1847
Iteration 150: Loss_G: 1.3029, Loss_D: 0.2124
Iteration 200: Loss_G: 1.2376, Loss_D: 0.2087
Iteration 250: Loss_G: 1.3129, Loss_D: 0.2011
Iteration 300: Loss_G: 1.3512, Loss_D: 0.2015
Iteration 350: Loss_G: 1.3290, Loss_D: 0.2019
Iteration 400: Loss_G: 1.2843, Loss_D: 0.2054
Iteration 450: Loss_G: 1.2655, Loss_D: 0.2069
Iteration 500: Loss_G: 1.2060, Loss_D: 0.2116
Iteration 550: Loss_G: 1.2053, Loss_D: 0.2133
Iteration 600: Loss_G: 1.1921, Loss_D: 0.2141
Iteration 650: Loss_G: 1.2194, Loss_D: 0.2115
Iteration 700: Loss_G: 1.2307, Loss_D: 0.2116
Iteration 750: Loss_G: 1.2152, Loss_D: 0.2131
Iteration 800: Loss_G: 1.2315, Loss_D: 0.2109
Iteration 850: Loss_G: 1.2303, Loss_D: 0.2155
Iteration 900: Loss_G: 1.2175, Loss_D: 0.2148
Iteration 950: Loss_G: 1.2180, Loss_D: 0.2115
Iteration 1000: Loss_G: 1.2294, Loss_D: 0.2151
Iteration 1050: Loss_G: 1.2375, Loss_D: 0.2174
Iteration 1100: Loss_G: 1.2661, Loss_D: 0.2111
Iteration 1150: Loss_G: 1.2097, Loss_D: 0.2181
Iteration 1200: Loss_G: 1.2022, Loss_D: 0.2187
Epoch [1/40], Loss_G: 1.0787, Loss_D: 0.2063
Epoch [2/40] starts
Iteration 50: Loss_G: 1.2047, Loss_D: 0.2131
Iteration 100: Loss_G: 1.2655, Loss_D: 0.2145
Iteration 150: Loss_G: 1.2208, Loss_D: 0.2144
Iteration 200: Loss_G: 1.2138, Loss_D: 0.2177
Iteration 250: Loss_G: 1.2390, Loss_D: 0.2181
Iteration 300: Loss_G: 1.2403, Loss_D: 0.2125
Iteration 350: Loss_G: 1.1922, Loss_D: 0.2194
Iteration 400: Loss_G: 1.2676, Loss_D: 0.2130
Iteration 450: Loss_G: 1.2222, Loss_D: 0.2181
Iteration 500: Loss_G: 1.2277, Loss_D: 0.2123
Iteration 550: Loss_G: 1.2222, Loss_D: 0.2189
Iteration 600: Loss_G: 1.2299, Loss_D: 0.2150
Iteration 650: Loss_G: 1.2547, Loss_D: 0.2132
Iteration 700: Loss_G: 1.2366, Loss_D: 0.2151
Iteration 750: Loss_G: 1.2547, Loss_D: 0.2114
Iteration 800: Loss_G: 1.2088, Loss_D: 0.2171
Iteration 850: Loss_G: 1.2557, Loss_D: 0.2163
Iteration 900: Loss_G: 1.1937, Loss_D: 0.2158
Iteration 950: Loss_G: 1.2321, Loss_D: 0.2130
Iteration 1000: Loss_G: 1.2360, Loss_D: 0.2117
Iteration 1050: Loss_G: 1.2145, Loss_D: 0.2171
Iteration 1100: Loss_G: 1.2478, Loss_D: 0.2128
Iteration 1150: Loss_G: 1.2155, Loss_D: 0.2127
Iteration 1200: Loss_G: 1.2798, Loss_D: 0.2133
Epoch [2/40], Loss_G: 1.0087, Loss_D: 0.2149
Epoch [3/40] starts
Iteration 50: Loss_G: 1.2791, Loss_D: 0.2116
Iteration 100: Loss_G: 1.2245, Loss_D: 0.2122
Iteration 150: Loss_G: 1.2286, Loss_D: 0.2147
Iteration 200: Loss_G: 1.2142, Loss_D: 0.2122
Iteration 250: Loss_G: 1.2548, Loss_D: 0.2087
Iteration 300: Loss_G: 1.2011, Loss_D: 0.2177
Iteration 350: Loss_G: 1.2238, Loss_D: 0.2144
Iteration 400: Loss_G: 1.1821, Loss_D: 0.2149
Iteration 450: Loss_G: 1.2368, Loss_D: 0.2115
Iteration 500: Loss_G: 1.2475, Loss_D: 0.2153
Iteration 550: Loss_G: 1.2760, Loss_D: 0.2071
Iteration 600: Loss_G: 1.2377, Loss_D: 0.2151
Iteration 650: Loss_G: 1.3268, Loss_D: 0.2070
Iteration 700: Loss_G: 1.3228, Loss_D: 0.2062
Iteration 750: Loss_G: 1.2576, Loss_D: 0.2105
Iteration 800: Loss_G: 1.1933, Loss_D: 0.2184
Iteration 850: Loss_G: 1.2445, Loss_D: 0.2109
Iteration 900: Loss_G: 1.2894, Loss_D: 0.2034
Iteration 950: Loss_G: 1.3097, Loss_D: 0.1962
Iteration 1000: Loss_G: 1.1970, Loss_D: 0.2160
Iteration 1050: Loss_G: 1.3114, Loss_D: 0.1994
Iteration 1100: Loss_G: 1.3301, Loss_D: 0.1973
Iteration 1150: Loss_G: 1.2826, Loss_D: 0.2077
Iteration 1200: Loss_G: 1.2401, Loss_D: 0.2126
Epoch [3/40], Loss_G: 1.0270, Loss_D: 0.2101
Epoch [4/40] starts
Iteration 50: Loss_G: 1.3358, Loss_D: 0.2085
Iteration 100: Loss_G: 1.2596, Loss_D: 0.2098
Iteration 150: Loss_G: 1.2672, Loss_D: 0.2061
Iteration 200: Loss_G: 1.2581, Loss_D: 0.2116
Iteration 250: Loss_G: 1.2845, Loss_D: 0.2086
Iteration 300: Loss_G: 1.2246, Loss_D: 0.2157
Iteration 350: Loss_G: 1.1880, Loss_D: 0.2134
Iteration 400: Loss_G: 1.2558, Loss_D: 0.2164
Iteration 450: Loss_G: 1.2592, Loss_D: 0.2118
Iteration 500: Loss_G: 1.2275, Loss_D: 0.2154
Iteration 550: Loss_G: 1.2294, Loss_D: 0.2119
Iteration 600: Loss_G: 1.2500, Loss_D: 0.2096
Iteration 650: Loss_G: 1.2089, Loss_D: 0.2139
Iteration 700: Loss_G: 1.2484, Loss_D: 0.2033
Iteration 750: Loss_G: 1.2396, Loss_D: 0.2105
Iteration 800: Loss_G: 1.2359, Loss_D: 0.2101
Iteration 850: Loss_G: 1.2379, Loss_D: 0.2074
Iteration 900: Loss_G: 1.2208, Loss_D: 0.2111
Iteration 950: Loss_G: 1.2396, Loss_D: 0.2110
Iteration 1000: Loss_G: 1.2108, Loss_D: 0.2158
Iteration 1050: Loss_G: 1.2151, Loss_D: 0.2107
Iteration 1100: Loss_G: 1.2142, Loss_D: 0.2145
Iteration 1150: Loss_G: 1.2153, Loss_D: 0.2081
Iteration 1200: Loss_G: 1.2660, Loss_D: 0.2095
Epoch [4/40], Loss_G: 1.0161, Loss_D: 0.2110
Epoch [5/40] starts
Iteration 50: Loss_G: 1.2374, Loss_D: 0.2080
Iteration 100: Loss_G: 1.2762, Loss_D: 0.2051
Iteration 150: Loss_G: 1.2429, Loss_D: 0.2092
Iteration 200: Loss_G: 1.2638, Loss_D: 0.2083
Iteration 250: Loss_G: 1.2575, Loss_D: 0.2048
Iteration 300: Loss_G: 1.2535, Loss_D: 0.2107
Iteration 350: Loss_G: 1.2689, Loss_D: 0.2047
Iteration 400: Loss_G: 1.3069, Loss_D: 0.2046
Iteration 450: Loss_G: 1.2794, Loss_D: 0.2086
Iteration 500: Loss_G: 1.2114, Loss_D: 0.2095
Iteration 550: Loss_G: 1.2326, Loss_D: 0.2084
Iteration 600: Loss_G: 1.2243, Loss_D: 0.2127
Iteration 650: Loss_G: 1.2457, Loss_D: 0.2092
Iteration 700: Loss_G: 1.2604, Loss_D: 0.2051
Iteration 750: Loss_G: 1.2948, Loss_D: 0.1999
Iteration 800: Loss_G: 1.2737, Loss_D: 0.2086
Iteration 850: Loss_G: 1.2574, Loss_D: 0.2076
Iteration 900: Loss_G: 1.2543, Loss_D: 0.2051
Iteration 950: Loss_G: 1.2640, Loss_D: 0.2100
Iteration 1000: Loss_G: 1.2001, Loss_D: 0.2097
Iteration 1050: Loss_G: 1.2149, Loss_D: 0.2096
Iteration 1100: Loss_G: 1.2363, Loss_D: 0.2108
Iteration 1150: Loss_G: 1.2406, Loss_D: 0.2133
Iteration 1200: Loss_G: 1.2176, Loss_D: 0.2104
Epoch [5/40], Loss_G: 1.0237, Loss_D: 0.2081
Epoch [6/40] starts
Iteration 50: Loss_G: 1.2444, Loss_D: 0.2088
Iteration 100: Loss_G: 1.1897, Loss_D: 0.2136
Iteration 150: Loss_G: 1.2681, Loss_D: 0.2072
Iteration 200: Loss_G: 1.2600, Loss_D: 0.2093
Iteration 250: Loss_G: 1.2059, Loss_D: 0.2099
Iteration 300: Loss_G: 1.2025, Loss_D: 0.2095
Iteration 350: Loss_G: 1.2231, Loss_D: 0.2117
Iteration 400: Loss_G: 1.2306, Loss_D: 0.2090
Iteration 450: Loss_G: 1.2574, Loss_D: 0.2085
Iteration 500: Loss_G: 1.2034, Loss_D: 0.2093
Iteration 550: Loss_G: 1.2354, Loss_D: 0.2131
Iteration 600: Loss_G: 1.2597, Loss_D: 0.2072
Iteration 650: Loss_G: 1.3070, Loss_D: 0.2002
Iteration 700: Loss_G: 1.2741, Loss_D: 0.2109
Iteration 750: Loss_G: 1.2248, Loss_D: 0.2085
Iteration 800: Loss_G: 1.2547, Loss_D: 0.2084
Iteration 850: Loss_G: 1.2458, Loss_D: 0.2063
Iteration 900: Loss_G: 1.2844, Loss_D: 0.2087
Iteration 950: Loss_G: 1.2343, Loss_D: 0.2104
Iteration 1000: Loss_G: 1.2525, Loss_D: 0.2080
Iteration 1050: Loss_G: 1.2350, Loss_D: 0.2105
Iteration 1100: Loss_G: 1.2184, Loss_D: 0.2127
Iteration 1150: Loss_G: 1.2179, Loss_D: 0.2118
Iteration 1200: Loss_G: 1.2425, Loss_D: 0.2081
Epoch [6/40], Loss_G: 1.0154, Loss_D: 0.2092
Epoch [7/40] starts
Iteration 50: Loss_G: 1.2619, Loss_D: 0.2049
Iteration 100: Loss_G: 1.2989, Loss_D: 0.2008
Iteration 150: Loss_G: 1.2390, Loss_D: 0.2098
Iteration 200: Loss_G: 1.2319, Loss_D: 0.2069
Iteration 250: Loss_G: 1.2603, Loss_D: 0.2074
Iteration 300: Loss_G: 1.2561, Loss_D: 0.2033
Iteration 350: Loss_G: 1.3483, Loss_D: 0.1946
Iteration 400: Loss_G: 1.3226, Loss_D: 0.2046
Iteration 450: Loss_G: 1.2353, Loss_D: 0.2079
Iteration 500: Loss_G: 1.3001, Loss_D: 0.2019
Iteration 550: Loss_G: 1.2645, Loss_D: 0.2123
Iteration 600: Loss_G: 1.2046, Loss_D: 0.2127
Iteration 650: Loss_G: 1.2466, Loss_D: 0.2056
Iteration 700: Loss_G: 1.2515, Loss_D: 0.2080
Iteration 750: Loss_G: 1.2359, Loss_D: 0.2107
Iteration 800: Loss_G: 1.2454, Loss_D: 0.2062
Iteration 850: Loss_G: 1.2498, Loss_D: 0.2070
Iteration 900: Loss_G: 1.2748, Loss_D: 0.2055
Iteration 950: Loss_G: 1.2299, Loss_D: 0.2046
Iteration 1000: Loss_G: 1.1963, Loss_D: 0.2177
Iteration 1050: Loss_G: 1.2195, Loss_D: 0.2083
Iteration 1100: Loss_G: 1.2426, Loss_D: 0.2113
Iteration 1150: Loss_G: 1.2463, Loss_D: 0.2058
Iteration 1200: Loss_G: 1.2578, Loss_D: 0.2044
Epoch [7/40], Loss_G: 1.0273, Loss_D: 0.2068
Epoch [8/40] starts
Iteration 50: Loss_G: 1.2855, Loss_D: 0.1999
Iteration 100: Loss_G: 1.2735, Loss_D: 0.2055
Iteration 150: Loss_G: 1.2713, Loss_D: 0.2053
Iteration 200: Loss_G: 1.2089, Loss_D: 0.2117
Iteration 250: Loss_G: 1.2537, Loss_D: 0.2026
Iteration 300: Loss_G: 1.2402, Loss_D: 0.2113
Iteration 350: Loss_G: 1.2322, Loss_D: 0.2071
Iteration 400: Loss_G: 1.2075, Loss_D: 0.2073
Iteration 450: Loss_G: 1.2494, Loss_D: 0.2059
Iteration 500: Loss_G: 1.1868, Loss_D: 0.2121
Iteration 550: Loss_G: 1.2544, Loss_D: 0.2100
Iteration 600: Loss_G: 1.2303, Loss_D: 0.2075
Iteration 650: Loss_G: 1.2135, Loss_D: 0.2110
Iteration 700: Loss_G: 1.2218, Loss_D: 0.2134
Iteration 750: Loss_G: 1.2549, Loss_D: 0.2080
Iteration 800: Loss_G: 1.2182, Loss_D: 0.2103
Iteration 850: Loss_G: 1.2508, Loss_D: 0.2026
Iteration 900: Loss_G: 1.2239, Loss_D: 0.2096
Iteration 950: Loss_G: 1.2822, Loss_D: 0.2067
Iteration 1000: Loss_G: 1.2497, Loss_D: 0.2092
Iteration 1050: Loss_G: 1.2534, Loss_D: 0.2085
Iteration 1100: Loss_G: 1.2405, Loss_D: 0.2060
Iteration 1150: Loss_G: 1.2290, Loss_D: 0.2078
Iteration 1200: Loss_G: 1.2536, Loss_D: 0.2069
Epoch [8/40], Loss_G: 1.0159, Loss_D: 0.2078
Epoch [9/40] starts
Iteration 50: Loss_G: 1.2571, Loss_D: 0.2008
Iteration 100: Loss_G: 1.2393, Loss_D: 0.2090
Iteration 150: Loss_G: 1.2572, Loss_D: 0.2042
Iteration 200: Loss_G: 1.2256, Loss_D: 0.2052
Iteration 250: Loss_G: 1.3328, Loss_D: 0.1955
Iteration 300: Loss_G: 1.2142, Loss_D: 0.2104
Iteration 350: Loss_G: 1.2661, Loss_D: 0.2073
Iteration 400: Loss_G: 1.2355, Loss_D: 0.2063
Iteration 450: Loss_G: 1.2442, Loss_D: 0.2027
Iteration 500: Loss_G: 1.2803, Loss_D: 0.2032
Iteration 550: Loss_G: 1.2880, Loss_D: 0.2003
Iteration 600: Loss_G: 1.1874, Loss_D: 0.2129
Iteration 650: Loss_G: 1.2461, Loss_D: 0.2054
Iteration 700: Loss_G: 1.2462, Loss_D: 0.2060
Iteration 750: Loss_G: 1.2145, Loss_D: 0.2082
Iteration 800: Loss_G: 1.2158, Loss_D: 0.2042
Iteration 850: Loss_G: 1.2420, Loss_D: 0.2054
Iteration 900: Loss_G: 1.3468, Loss_D: 0.1970
Iteration 950: Loss_G: 1.2678, Loss_D: 0.1994
Iteration 1000: Loss_G: 1.2145, Loss_D: 0.2058
Iteration 1050: Loss_G: 1.2756, Loss_D: 0.2023
Iteration 1100: Loss_G: 1.2593, Loss_D: 0.2047
Iteration 1150: Loss_G: 1.2561, Loss_D: 0.2096
Iteration 1200: Loss_G: 1.2346, Loss_D: 0.2078
Epoch [9/40], Loss_G: 1.0248, Loss_D: 0.2047
Epoch [10/40] starts
Iteration 50: Loss_G: 1.2363, Loss_D: 0.2025
Iteration 100: Loss_G: 1.2287, Loss_D: 0.2059
Iteration 150: Loss_G: 1.2575, Loss_D: 0.1990
Iteration 200: Loss_G: 1.3028, Loss_D: 0.1996
Iteration 250: Loss_G: 1.3078, Loss_D: 0.2004
Iteration 300: Loss_G: 1.2129, Loss_D: 0.2030
Iteration 350: Loss_G: 1.2836, Loss_D: 0.2021
Iteration 400: Loss_G: 1.2784, Loss_D: 0.1990
Iteration 450: Loss_G: 1.2816, Loss_D: 0.2005
Iteration 500: Loss_G: 1.2386, Loss_D: 0.2064
Iteration 550: Loss_G: 1.2313, Loss_D: 0.2071
Iteration 600: Loss_G: 1.3232, Loss_D: 0.1992
Iteration 650: Loss_G: 1.2627, Loss_D: 0.2028
Iteration 700: Loss_G: 1.2545, Loss_D: 0.2019
Iteration 750: Loss_G: 1.2456, Loss_D: 0.2064
Iteration 800: Loss_G: 1.3092, Loss_D: 0.1959
Iteration 850: Loss_G: 1.2312, Loss_D: 0.2059
Iteration 900: Loss_G: 1.2332, Loss_D: 0.2044
Iteration 950: Loss_G: 1.2197, Loss_D: 0.2017
Iteration 1000: Loss_G: 1.3353, Loss_D: 0.1959
Iteration 1050: Loss_G: 1.2046, Loss_D: 0.2044
Iteration 1100: Loss_G: 1.2644, Loss_D: 0.2018
Iteration 1150: Loss_G: 1.2638, Loss_D: 0.2053
Iteration 1200: Loss_G: 1.2374, Loss_D: 0.2028
Epoch [10/40], Loss_G: 1.0315, Loss_D: 0.2022
Epoch [11/40] starts
Iteration 50: Loss_G: 1.2509, Loss_D: 0.2002
Iteration 100: Loss_G: 1.2779, Loss_D: 0.1996
Iteration 150: Loss_G: 1.2537, Loss_D: 0.2008
Iteration 200: Loss_G: 1.2423, Loss_D: 0.1966
Iteration 250: Loss_G: 1.2518, Loss_D: 0.2060
Iteration 300: Loss_G: 1.3036, Loss_D: 0.1971
Iteration 350: Loss_G: 1.2085, Loss_D: 0.2058
Iteration 400: Loss_G: 1.2361, Loss_D: 0.2005
Iteration 450: Loss_G: 1.2563, Loss_D: 0.2056
Iteration 500: Loss_G: 1.2545, Loss_D: 0.2043
Iteration 550: Loss_G: 1.2415, Loss_D: 0.2082
Iteration 600: Loss_G: 1.1805, Loss_D: 0.2062
Iteration 650: Loss_G: 1.2367, Loss_D: 0.2032
Iteration 700: Loss_G: 1.3080, Loss_D: 0.2023
Iteration 750: Loss_G: 1.2026, Loss_D: 0.2064
Iteration 800: Loss_G: 1.2416, Loss_D: 0.2025
Iteration 850: Loss_G: 1.2357, Loss_D: 0.2015
Iteration 900: Loss_G: 1.2659, Loss_D: 0.2029
Iteration 950: Loss_G: 1.2973, Loss_D: 0.2003
Iteration 1000: Loss_G: 1.2007, Loss_D: 0.2059
Iteration 1050: Loss_G: 1.2054, Loss_D: 0.2033
Iteration 1100: Loss_G: 1.2673, Loss_D: 0.2012
Iteration 1150: Loss_G: 1.2097, Loss_D: 0.2077
Iteration 1200: Loss_G: 1.2567, Loss_D: 0.2046
Epoch [11/40], Loss_G: 1.0193, Loss_D: 0.2030
Epoch [12/40] starts
Iteration 50: Loss_G: 1.2639, Loss_D: 0.1975
Iteration 100: Loss_G: 1.3238, Loss_D: 0.1939
Iteration 150: Loss_G: 1.2477, Loss_D: 0.2006
Iteration 200: Loss_G: 1.2567, Loss_D: 0.2004
Iteration 250: Loss_G: 1.2611, Loss_D: 0.1985
Iteration 300: Loss_G: 1.2433, Loss_D: 0.1989
Iteration 350: Loss_G: 1.3330, Loss_D: 0.1949
Iteration 400: Loss_G: 1.2791, Loss_D: 0.1986
Iteration 450: Loss_G: 1.2588, Loss_D: 0.1988
Iteration 500: Loss_G: 1.2687, Loss_D: 0.2048
Iteration 550: Loss_G: 1.2369, Loss_D: 0.2017
Iteration 600: Loss_G: 1.2987, Loss_D: 0.1969
Iteration 650: Loss_G: 1.2675, Loss_D: 0.1997
Iteration 700: Loss_G: 1.2669, Loss_D: 0.2000
Iteration 750: Loss_G: 1.2983, Loss_D: 0.1983
Iteration 800: Loss_G: 1.2604, Loss_D: 0.2072
Iteration 850: Loss_G: 1.1752, Loss_D: 0.2099
Iteration 900: Loss_G: 1.2248, Loss_D: 0.1986
Iteration 950: Loss_G: 1.2629, Loss_D: 0.2056
Iteration 1000: Loss_G: 1.2175, Loss_D: 0.2039
Iteration 1050: Loss_G: 1.2630, Loss_D: 0.1957
Iteration 1100: Loss_G: 1.2630, Loss_D: 0.2029
Iteration 1150: Loss_G: 1.2361, Loss_D: 0.2030
Iteration 1200: Loss_G: 1.2239, Loss_D: 0.2064
Epoch [12/40], Loss_G: 1.0311, Loss_D: 0.2007
Epoch [13/40] starts
Iteration 50: Loss_G: 1.1962, Loss_D: 0.2062
Iteration 100: Loss_G: 1.2175, Loss_D: 0.2033
Iteration 150: Loss_G: 1.2554, Loss_D: 0.1962
Iteration 200: Loss_G: 1.2780, Loss_D: 0.1978
Iteration 250: Loss_G: 1.2893, Loss_D: 0.1997
Iteration 300: Loss_G: 1.2607, Loss_D: 0.1960
Iteration 350: Loss_G: 1.3330, Loss_D: 0.1888
Iteration 400: Loss_G: 1.2821, Loss_D: 0.1967
Iteration 450: Loss_G: 1.2666, Loss_D: 0.2008
Iteration 500: Loss_G: 1.2407, Loss_D: 0.2003
Iteration 550: Loss_G: 1.3004, Loss_D: 0.1958
Iteration 600: Loss_G: 1.2252, Loss_D: 0.1996
Iteration 650: Loss_G: 1.2824, Loss_D: 0.1964
Iteration 700: Loss_G: 1.3550, Loss_D: 0.1929
Iteration 750: Loss_G: 1.2491, Loss_D: 0.1995
Iteration 800: Loss_G: 1.2625, Loss_D: 0.2006
Iteration 850: Loss_G: 1.2131, Loss_D: 0.2033
Iteration 900: Loss_G: 1.2725, Loss_D: 0.2035
Iteration 950: Loss_G: 1.1998, Loss_D: 0.2054
Iteration 1000: Loss_G: 1.2106, Loss_D: 0.2041
Iteration 1050: Loss_G: 1.1684, Loss_D: 0.2060
Iteration 1100: Loss_G: 1.2198, Loss_D: 0.2078
Iteration 1150: Loss_G: 1.2248, Loss_D: 0.2042
Iteration 1200: Loss_G: 1.2516, Loss_D: 0.2028
Epoch [13/40], Loss_G: 1.0251, Loss_D: 0.2003
Epoch [14/40] starts
Iteration 50: Loss_G: 1.2497, Loss_D: 0.1986
Iteration 100: Loss_G: 1.2717, Loss_D: 0.1978
Iteration 150: Loss_G: 1.2191, Loss_D: 0.2032
Iteration 200: Loss_G: 1.2453, Loss_D: 0.1979
Iteration 250: Loss_G: 1.2623, Loss_D: 0.1962
Iteration 300: Loss_G: 1.2424, Loss_D: 0.1989
Iteration 350: Loss_G: 1.2831, Loss_D: 0.1951
Iteration 400: Loss_G: 1.2381, Loss_D: 0.1977
Iteration 450: Loss_G: 1.2459, Loss_D: 0.1993
Iteration 500: Loss_G: 1.2858, Loss_D: 0.1962
Iteration 550: Loss_G: 1.2671, Loss_D: 0.2022
Iteration 600: Loss_G: 1.2630, Loss_D: 0.1980
Iteration 650: Loss_G: 1.1995, Loss_D: 0.2069
Iteration 700: Loss_G: 1.2222, Loss_D: 0.1988
Iteration 750: Loss_G: 1.2479, Loss_D: 0.2023
Iteration 800: Loss_G: 1.2916, Loss_D: 0.1943
Iteration 850: Loss_G: 1.2866, Loss_D: 0.2011
Iteration 900: Loss_G: 1.2428, Loss_D: 0.2037
Iteration 950: Loss_G: 1.2166, Loss_D: 0.2001
Iteration 1000: Loss_G: 1.3053, Loss_D: 0.1955
Iteration 1050: Loss_G: 1.2535, Loss_D: 0.1998
Iteration 1100: Loss_G: 1.3064, Loss_D: 0.1914
Iteration 1150: Loss_G: 1.2263, Loss_D: 0.2066
Iteration 1200: Loss_G: 1.2191, Loss_D: 0.2041
Epoch [14/40], Loss_G: 1.0263, Loss_D: 0.1994
Epoch [15/40] starts
Iteration 50: Loss_G: 1.2225, Loss_D: 0.2021
Iteration 100: Loss_G: 1.2592, Loss_D: 0.1958
Iteration 150: Loss_G: 1.2636, Loss_D: 0.1984
Iteration 200: Loss_G: 1.2327, Loss_D: 0.1994
Iteration 250: Loss_G: 1.3195, Loss_D: 0.1866
Iteration 300: Loss_G: 1.2809, Loss_D: 0.1960
Iteration 350: Loss_G: 1.2745, Loss_D: 0.2014
Iteration 400: Loss_G: 1.2550, Loss_D: 0.1964
Iteration 450: Loss_G: 1.2471, Loss_D: 0.1979
Iteration 500: Loss_G: 1.2227, Loss_D: 0.2081
Iteration 550: Loss_G: 1.2309, Loss_D: 0.1986
Iteration 600: Loss_G: 1.2650, Loss_D: 0.2016
Iteration 650: Loss_G: 1.2326, Loss_D: 0.2013
Iteration 700: Loss_G: 1.2580, Loss_D: 0.2001
Iteration 750: Loss_G: 1.2364, Loss_D: 0.1991
Iteration 800: Loss_G: 1.2486, Loss_D: 0.1999
Iteration 850: Loss_G: 1.2283, Loss_D: 0.1996
Iteration 900: Loss_G: 1.2310, Loss_D: 0.2030
Iteration 950: Loss_G: 1.2606, Loss_D: 0.1982
Iteration 1000: Loss_G: 1.2392, Loss_D: 0.2002
Iteration 1050: Loss_G: 1.2250, Loss_D: 0.2040
Iteration 1100: Loss_G: 1.2721, Loss_D: 0.2000
Iteration 1150: Loss_G: 1.2585, Loss_D: 0.2035
Iteration 1200: Loss_G: 1.2019, Loss_D: 0.2026
Epoch [15/40], Loss_G: 1.0220, Loss_D: 0.1997
Epoch [16/40] starts
Iteration 50: Loss_G: 1.3510, Loss_D: 0.1846
Iteration 100: Loss_G: 1.2975, Loss_D: 0.1946
Iteration 150: Loss_G: 1.3008, Loss_D: 0.1928
Iteration 200: Loss_G: 1.3325, Loss_D: 0.1898
Iteration 250: Loss_G: 1.3314, Loss_D: 0.1958
Iteration 300: Loss_G: 1.2867, Loss_D: 0.1885
Iteration 350: Loss_G: 1.2409, Loss_D: 0.2032
Iteration 400: Loss_G: 1.2480, Loss_D: 0.1969
Iteration 450: Loss_G: 1.2470, Loss_D: 0.2011
Iteration 500: Loss_G: 1.3212, Loss_D: 0.1907
Iteration 550: Loss_G: 1.2151, Loss_D: 0.2022
Iteration 600: Loss_G: 1.2224, Loss_D: 0.2035
Iteration 650: Loss_G: 1.2646, Loss_D: 0.1964
Iteration 700: Loss_G: 1.3047, Loss_D: 0.1955
Iteration 750: Loss_G: 1.2370, Loss_D: 0.1981
Iteration 800: Loss_G: 1.3253, Loss_D: 0.1864
Iteration 850: Loss_G: 1.2994, Loss_D: 0.1967
Iteration 900: Loss_G: 1.2263, Loss_D: 0.2055
Iteration 950: Loss_G: 1.2938, Loss_D: 0.1975
Iteration 1000: Loss_G: 1.2441, Loss_D: 0.2031
Iteration 1050: Loss_G: 1.2252, Loss_D: 0.1949
Iteration 1100: Loss_G: 1.2435, Loss_D: 0.1987
Iteration 1150: Loss_G: 1.2817, Loss_D: 0.1975
Iteration 1200: Loss_G: 1.3564, Loss_D: 0.1911
Epoch [16/40], Loss_G: 1.0470, Loss_D: 0.1961
Epoch [17/40] starts
Iteration 50: Loss_G: 1.1967, Loss_D: 0.1984
Iteration 100: Loss_G: 1.3166, Loss_D: 0.1883
Iteration 150: Loss_G: 1.2256, Loss_D: 0.2076
Iteration 200: Loss_G: 1.2208, Loss_D: 0.1985
Iteration 250: Loss_G: 1.2824, Loss_D: 0.1934
Iteration 300: Loss_G: 1.2778, Loss_D: 0.1966
Iteration 350: Loss_G: 1.2800, Loss_D: 0.2058
Iteration 400: Loss_G: 1.2067, Loss_D: 0.2016
Iteration 450: Loss_G: 1.2758, Loss_D: 0.1970
Iteration 500: Loss_G: 1.2969, Loss_D: 0.1886
Iteration 550: Loss_G: 1.2625, Loss_D: 0.1961
Iteration 600: Loss_G: 1.2142, Loss_D: 0.2005
Iteration 650: Loss_G: 1.3872, Loss_D: 0.1674
Iteration 700: Loss_G: 1.1527, Loss_D: 0.2063
Iteration 750: Loss_G: 1.1593, Loss_D: 0.2057
Iteration 800: Loss_G: 1.2951, Loss_D: 0.1908
Iteration 850: Loss_G: 1.3157, Loss_D: 0.1975
Iteration 900: Loss_G: 1.3444, Loss_D: 0.1890
Iteration 950: Loss_G: 1.2545, Loss_D: 0.1940
Iteration 1000: Loss_G: 1.3965, Loss_D: 0.1896
Iteration 1050: Loss_G: 1.2175, Loss_D: 0.2046
Iteration 1100: Loss_G: 1.1931, Loss_D: 0.2019
Iteration 1150: Loss_G: 1.3893, Loss_D: 0.1854
Iteration 1200: Loss_G: 1.2531, Loss_D: 0.1953
Epoch [17/40], Loss_G: 1.0373, Loss_D: 0.1958
Epoch [18/40] starts
Iteration 50: Loss_G: 1.2202, Loss_D: 0.1985
Iteration 100: Loss_G: 1.2954, Loss_D: 0.1902
Iteration 150: Loss_G: 1.3436, Loss_D: 0.1884
Iteration 200: Loss_G: 1.3218, Loss_D: 0.1841
Iteration 250: Loss_G: 1.3176, Loss_D: 0.1877
Iteration 300: Loss_G: 1.3687, Loss_D: 0.1840
Iteration 350: Loss_G: 1.2004, Loss_D: 0.2000
Iteration 400: Loss_G: 1.3305, Loss_D: 0.1887
Iteration 450: Loss_G: 1.3612, Loss_D: 0.1865
Iteration 500: Loss_G: 1.2317, Loss_D: 0.1969
Iteration 550: Loss_G: 1.4370, Loss_D: 0.1707
Iteration 600: Loss_G: 1.2971, Loss_D: 0.1908
Iteration 650: Loss_G: 1.2889, Loss_D: 0.1903
Iteration 700: Loss_G: 1.4601, Loss_D: 0.1635
Iteration 750: Loss_G: 1.3342, Loss_D: 0.1919
Iteration 800: Loss_G: 1.2256, Loss_D: 0.1976
Iteration 850: Loss_G: 1.4051, Loss_D: 0.1727
Iteration 900: Loss_G: 1.2433, Loss_D: 0.2013
Iteration 950: Loss_G: 1.3089, Loss_D: 0.1937
Iteration 1000: Loss_G: 1.3501, Loss_D: 0.1862
Iteration 1050: Loss_G: 1.3018, Loss_D: 0.1949
Iteration 1100: Loss_G: 1.2184, Loss_D: 0.2025
Iteration 1150: Loss_G: 1.2827, Loss_D: 0.1996
Iteration 1200: Loss_G: 1.2882, Loss_D: 0.1891
Epoch [18/40], Loss_G: 1.0720, Loss_D: 0.1896
Epoch [19/40] starts
Iteration 50: Loss_G: 1.3355, Loss_D: 0.1856
Iteration 100: Loss_G: 1.5230, Loss_D: 0.1585
Iteration 150: Loss_G: 1.3092, Loss_D: 0.1865
Iteration 200: Loss_G: 1.3672, Loss_D: 0.1837
Iteration 250: Loss_G: 1.2209, Loss_D: 0.1964
Iteration 300: Loss_G: 1.3390, Loss_D: 0.1828
Iteration 350: Loss_G: 1.1897, Loss_D: 0.2030
Iteration 400: Loss_G: 1.2639, Loss_D: 0.1913
Iteration 450: Loss_G: 1.4344, Loss_D: 0.1812
Iteration 500: Loss_G: 1.4781, Loss_D: 0.1666
Iteration 550: Loss_G: 1.3803, Loss_D: 0.1780
Iteration 600: Loss_G: 1.1913, Loss_D: 0.2015
Iteration 650: Loss_G: 1.3638, Loss_D: 0.1765
Iteration 700: Loss_G: 1.3577, Loss_D: 0.1817
Iteration 750: Loss_G: 1.4920, Loss_D: 0.1599
Iteration 800: Loss_G: 1.5155, Loss_D: 0.1562
Iteration 850: Loss_G: 1.6761, Loss_D: 0.1094
Iteration 900: Loss_G: 1.5291, Loss_D: 0.1690
Iteration 950: Loss_G: 1.5278, Loss_D: 0.1475
Iteration 1000: Loss_G: 1.4775, Loss_D: 0.1699
Iteration 1050: Loss_G: 1.2327, Loss_D: 0.1988
Iteration 1100: Loss_G: 1.4711, Loss_D: 0.1706
Iteration 1150: Loss_G: 1.3605, Loss_D: 0.1850
Iteration 1200: Loss_G: 1.6397, Loss_D: 0.1314
Epoch [19/40], Loss_G: 1.1486, Loss_D: 0.1738
Epoch [20/40] starts
Iteration 50: Loss_G: 1.4257, Loss_D: 0.1747
Iteration 100: Loss_G: 1.4784, Loss_D: 0.1672
Iteration 150: Loss_G: 1.5710, Loss_D: 0.1479
Iteration 200: Loss_G: 1.5533, Loss_D: 0.1377
Iteration 250: Loss_G: 1.7835, Loss_D: 0.0916
Iteration 300: Loss_G: 1.7206, Loss_D: 0.0990
Iteration 350: Loss_G: 1.5702, Loss_D: 0.1392
Iteration 400: Loss_G: 1.3569, Loss_D: 0.1728
Iteration 450: Loss_G: 1.3886, Loss_D: 0.1749
Iteration 500: Loss_G: 1.1929, Loss_D: 0.2049
Iteration 550: Loss_G: 1.3859, Loss_D: 0.1757
Iteration 600: Loss_G: 1.6611, Loss_D: 0.1163
Iteration 650: Loss_G: 1.5067, Loss_D: 0.1482
Iteration 700: Loss_G: 1.7797, Loss_D: 0.0878
Iteration 750: Loss_G: 1.3298, Loss_D: 0.1838
Iteration 800: Loss_G: 1.2344, Loss_D: 0.1970
Iteration 850: Loss_G: 1.6451, Loss_D: 0.1284
Iteration 900: Loss_G: 1.5731, Loss_D: 0.1438
Iteration 950: Loss_G: 1.7062, Loss_D: 0.1113
Iteration 1000: Loss_G: 1.5613, Loss_D: 0.1414
Iteration 1050: Loss_G: 1.6268, Loss_D: 0.1233
Iteration 1100: Loss_G: 1.7695, Loss_D: 0.0888
Iteration 1150: Loss_G: 1.7519, Loss_D: 0.0920
Iteration 1200: Loss_G: 1.6745, Loss_D: 0.1202
Epoch [20/40], Loss_G: 1.2704, Loss_D: 0.1403
Epoch [21/40] starts
Iteration 50: Loss_G: 1.6390, Loss_D: 0.1229
Iteration 100: Loss_G: 1.7173, Loss_D: 0.0988
Iteration 150: Loss_G: 1.5422, Loss_D: 0.1442
Iteration 200: Loss_G: 1.6782, Loss_D: 0.1183
Iteration 250: Loss_G: 1.6561, Loss_D: 0.1187
Iteration 300: Loss_G: 1.5756, Loss_D: 0.1449
Iteration 350: Loss_G: 1.6251, Loss_D: 0.1328
Iteration 400: Loss_G: 1.7442, Loss_D: 0.0910
Iteration 450: Loss_G: 1.7574, Loss_D: 0.0878
Iteration 500: Loss_G: 1.7387, Loss_D: 0.0936
Iteration 550: Loss_G: 1.3085, Loss_D: 0.1805
Iteration 600: Loss_G: 1.6993, Loss_D: 0.1063
Iteration 650: Loss_G: 1.6285, Loss_D: 0.1309
Iteration 700: Loss_G: 1.7420, Loss_D: 0.0952
Iteration 750: Loss_G: 1.5751, Loss_D: 0.1525
Iteration 800: Loss_G: 1.2968, Loss_D: 0.1853
Iteration 850: Loss_G: 1.7525, Loss_D: 0.0939
Iteration 900: Loss_G: 1.7460, Loss_D: 0.0909
Iteration 950: Loss_G: 1.7581, Loss_D: 0.0894
Iteration 1000: Loss_G: 1.7432, Loss_D: 0.0924
Iteration 1050: Loss_G: 1.7576, Loss_D: 0.0882
Iteration 1100: Loss_G: 1.6625, Loss_D: 0.1202
Iteration 1150: Loss_G: 1.7712, Loss_D: 0.0897
Iteration 1200: Loss_G: 1.6842, Loss_D: 0.1097
Epoch [21/40], Loss_G: 1.3574, Loss_D: 0.1157
Epoch [22/40] starts
Iteration 50: Loss_G: 1.6773, Loss_D: 0.1173
Iteration 100: Loss_G: 1.6087, Loss_D: 0.1296
Iteration 150: Loss_G: 1.6725, Loss_D: 0.1148
Iteration 200: Loss_G: 1.7002, Loss_D: 0.1068
Iteration 250: Loss_G: 1.7127, Loss_D: 0.1043
Iteration 300: Loss_G: 1.7686, Loss_D: 0.0869
Iteration 350: Loss_G: 1.7759, Loss_D: 0.0875
Iteration 400: Loss_G: 1.7448, Loss_D: 0.0899
Iteration 450: Loss_G: 1.6500, Loss_D: 0.1259
Iteration 500: Loss_G: 1.6490, Loss_D: 0.1248
Iteration 550: Loss_G: 1.6692, Loss_D: 0.1137
Iteration 600: Loss_G: 1.6408, Loss_D: 0.1264
Iteration 650: Loss_G: 1.6855, Loss_D: 0.1068
Iteration 700: Loss_G: 1.7585, Loss_D: 0.0909
Iteration 750: Loss_G: 1.7735, Loss_D: 0.0869
Iteration 800: Loss_G: 1.6784, Loss_D: 0.1103
Iteration 850: Loss_G: 1.2111, Loss_D: 0.2061
Iteration 900: Loss_G: 1.3403, Loss_D: 0.1856
Iteration 950: Loss_G: 1.6704, Loss_D: 0.1230
Iteration 1000: Loss_G: 1.7108, Loss_D: 0.1018
Iteration 1050: Loss_G: 1.7673, Loss_D: 0.0918
Iteration 1100: Loss_G: 1.7761, Loss_D: 0.0872
Iteration 1150: Loss_G: 1.6172, Loss_D: 0.1292
Iteration 1200: Loss_G: 1.6988, Loss_D: 0.1083
Epoch [22/40], Loss_G: 1.3628, Loss_D: 0.1148
Epoch [23/40] starts
Iteration 50: Loss_G: 1.5711, Loss_D: 0.1422
Iteration 100: Loss_G: 1.5696, Loss_D: 0.1394
Iteration 150: Loss_G: 1.7592, Loss_D: 0.0916
Iteration 200: Loss_G: 1.6651, Loss_D: 0.1221
Iteration 250: Loss_G: 1.7476, Loss_D: 0.0949
Iteration 300: Loss_G: 1.7668, Loss_D: 0.0906
Iteration 350: Loss_G: 1.7538, Loss_D: 0.0931
Iteration 400: Loss_G: 1.7705, Loss_D: 0.0876
Iteration 450: Loss_G: 1.6164, Loss_D: 0.1297
Iteration 500: Loss_G: 1.7411, Loss_D: 0.0910
Iteration 550: Loss_G: 1.5699, Loss_D: 0.1436
Iteration 600: Loss_G: 1.7460, Loss_D: 0.1000
Iteration 650: Loss_G: 1.7733, Loss_D: 0.0861
Iteration 700: Loss_G: 1.7794, Loss_D: 0.0865
Iteration 750: Loss_G: 1.7347, Loss_D: 0.0938
Iteration 800: Loss_G: 1.6046, Loss_D: 0.1387
Iteration 850: Loss_G: 1.5736, Loss_D: 0.1430
Iteration 900: Loss_G: 1.5656, Loss_D: 0.1322
Iteration 950: Loss_G: 1.7410, Loss_D: 0.1090
Iteration 1000: Loss_G: 1.7700, Loss_D: 0.0870
Iteration 1050: Loss_G: 1.6759, Loss_D: 0.1097
Iteration 1100: Loss_G: 1.6853, Loss_D: 0.1139
Iteration 1150: Loss_G: 1.7229, Loss_D: 0.0980
Iteration 1200: Loss_G: 1.7750, Loss_D: 0.0874
Epoch [23/40], Loss_G: 1.3874, Loss_D: 0.1088
Epoch [24/40] starts
Iteration 50: Loss_G: 1.7497, Loss_D: 0.0866
Iteration 100: Loss_G: 1.7638, Loss_D: 0.0833
Iteration 150: Loss_G: 1.7710, Loss_D: 0.0830
Iteration 200: Loss_G: 1.7696, Loss_D: 0.0827
Iteration 250: Loss_G: 1.6643, Loss_D: 0.1191
Iteration 300: Loss_G: 1.7184, Loss_D: 0.1707
Iteration 350: Loss_G: 1.6233, Loss_D: 0.1231
Iteration 400: Loss_G: 1.7801, Loss_D: 0.0855
Iteration 450: Loss_G: 1.6963, Loss_D: 0.1151
Iteration 500: Loss_G: 1.5687, Loss_D: 0.1489
Iteration 550: Loss_G: 1.6310, Loss_D: 0.1309
Iteration 600: Loss_G: 1.6545, Loss_D: 0.1235
Iteration 650: Loss_G: 1.6901, Loss_D: 0.1106
Iteration 700: Loss_G: 1.7602, Loss_D: 0.0873
Iteration 750: Loss_G: 1.7569, Loss_D: 0.0877
Iteration 800: Loss_G: 1.7243, Loss_D: 0.0938
Iteration 850: Loss_G: 1.5802, Loss_D: 0.1428
Iteration 900: Loss_G: 1.7497, Loss_D: 0.0884
Iteration 950: Loss_G: 1.7744, Loss_D: 0.0854
Iteration 1000: Loss_G: 1.7592, Loss_D: 0.0859
Iteration 1050: Loss_G: 1.7450, Loss_D: 0.0877
Iteration 1100: Loss_G: 1.7512, Loss_D: 0.0862
Iteration 1150: Loss_G: 1.5818, Loss_D: 0.1346
Iteration 1200: Loss_G: 1.6146, Loss_D: 0.1242
Epoch [24/40], Loss_G: 1.3942, Loss_D: 0.1070
Epoch [25/40] starts
Iteration 50: Loss_G: 1.7842, Loss_D: 0.0804
Iteration 100: Loss_G: 1.6997, Loss_D: 0.1063
Iteration 150: Loss_G: 1.7807, Loss_D: 0.0844
Iteration 200: Loss_G: 1.7410, Loss_D: 0.0958
Iteration 250: Loss_G: 1.7772, Loss_D: 0.0833
Iteration 300: Loss_G: 1.7739, Loss_D: 0.0836
Iteration 350: Loss_G: 1.7708, Loss_D: 0.0824
Iteration 400: Loss_G: 1.7234, Loss_D: 0.0964
Iteration 450: Loss_G: 1.7746, Loss_D: 0.0839
Iteration 500: Loss_G: 1.7563, Loss_D: 0.0871
Iteration 550: Loss_G: 1.7596, Loss_D: 0.0842
Iteration 600: Loss_G: 1.6252, Loss_D: 0.1283
Iteration 650: Loss_G: 1.7489, Loss_D: 0.0914
Iteration 700: Loss_G: 1.6019, Loss_D: 0.1328
Iteration 750: Loss_G: 1.7148, Loss_D: 0.1062
Iteration 800: Loss_G: 1.7300, Loss_D: 0.0981
Iteration 850: Loss_G: 1.6133, Loss_D: 0.1368
Iteration 900: Loss_G: 1.7244, Loss_D: 0.0972
Iteration 950: Loss_G: 1.6974, Loss_D: 0.1045
Iteration 1000: Loss_G: 1.6747, Loss_D: 0.1127
Iteration 1050: Loss_G: 1.6446, Loss_D: 0.1199
Iteration 1100: Loss_G: 1.7138, Loss_D: 0.1020
Iteration 1150: Loss_G: 1.7433, Loss_D: 0.0934
Iteration 1200: Loss_G: 1.7084, Loss_D: 0.1040
Epoch [25/40], Loss_G: 1.4080, Loss_D: 0.0998
Epoch [26/40] starts
Iteration 50: Loss_G: 1.7739, Loss_D: 0.0825
Iteration 100: Loss_G: 1.7412, Loss_D: 0.0915
Iteration 150: Loss_G: 1.7473, Loss_D: 0.0876
Iteration 200: Loss_G: 1.7648, Loss_D: 0.0847
Iteration 250: Loss_G: 1.7147, Loss_D: 0.0943
Iteration 300: Loss_G: 1.7663, Loss_D: 0.0848
Iteration 350: Loss_G: 1.7670, Loss_D: 0.0855
Iteration 400: Loss_G: 1.7583, Loss_D: 0.0829
Iteration 450: Loss_G: 1.6885, Loss_D: 0.1044
Iteration 500: Loss_G: 1.7044, Loss_D: 0.1035
Iteration 550: Loss_G: 1.7469, Loss_D: 0.0976
Iteration 600: Loss_G: 1.7698, Loss_D: 0.0846
Iteration 650: Loss_G: 1.7065, Loss_D: 0.1092
Iteration 700: Loss_G: 1.6234, Loss_D: 0.1303
Iteration 750: Loss_G: 1.6637, Loss_D: 0.1140
Iteration 800: Loss_G: 1.7356, Loss_D: 0.0939
Iteration 850: Loss_G: 1.7677, Loss_D: 0.0832
Iteration 900: Loss_G: 1.7624, Loss_D: 0.0843
Iteration 950: Loss_G: 1.6880, Loss_D: 0.1018
Iteration 1000: Loss_G: 1.5880, Loss_D: 0.1406
Iteration 1050: Loss_G: 1.5790, Loss_D: 0.1353
Iteration 1100: Loss_G: 1.7286, Loss_D: 0.0915
Iteration 1150: Loss_G: 1.7716, Loss_D: 0.0844
Iteration 1200: Loss_G: 1.7730, Loss_D: 0.0836
Epoch [26/40], Loss_G: 1.4096, Loss_D: 0.0973
Epoch [27/40] starts
Iteration 50: Loss_G: 1.7584, Loss_D: 0.0897
Iteration 100: Loss_G: 1.5219, Loss_D: 0.1514
Iteration 150: Loss_G: 1.6677, Loss_D: 0.1260
Iteration 200: Loss_G: 1.7695, Loss_D: 0.0823
Iteration 250: Loss_G: 1.7786, Loss_D: 0.0819
Iteration 300: Loss_G: 1.7659, Loss_D: 0.0841
Iteration 350: Loss_G: 1.7370, Loss_D: 0.0931
Iteration 400: Loss_G: 1.7462, Loss_D: 0.0926
Iteration 450: Loss_G: 1.7692, Loss_D: 0.0858
Iteration 500: Loss_G: 1.7786, Loss_D: 0.0814
Iteration 550: Loss_G: 1.7458, Loss_D: 0.0913
Iteration 600: Loss_G: 1.7609, Loss_D: 0.0878
Iteration 650: Loss_G: 1.7748, Loss_D: 0.0833
Iteration 700: Loss_G: 1.7635, Loss_D: 0.0840
Iteration 750: Loss_G: 1.7478, Loss_D: 0.0854
Iteration 800: Loss_G: 1.7518, Loss_D: 0.0916
Iteration 850: Loss_G: 1.5864, Loss_D: 0.1354
Iteration 900: Loss_G: 1.6914, Loss_D: 0.1166
Iteration 950: Loss_G: 1.7660, Loss_D: 0.0855
Iteration 1000: Loss_G: 1.7363, Loss_D: 0.0925
Iteration 1050: Loss_G: 1.6024, Loss_D: 0.1339
Iteration 1100: Loss_G: 1.6500, Loss_D: 0.1223
Iteration 1150: Loss_G: 1.7663, Loss_D: 0.0853
Iteration 1200: Loss_G: 1.7618, Loss_D: 0.0844
Epoch [27/40], Loss_G: 1.4119, Loss_D: 0.0978
Epoch [28/40] starts
Iteration 50: Loss_G: 1.7591, Loss_D: 0.0855
Iteration 100: Loss_G: 1.7814, Loss_D: 0.0794
Iteration 150: Loss_G: 1.7348, Loss_D: 0.0877
Iteration 200: Loss_G: 1.7586, Loss_D: 0.0848
Iteration 250: Loss_G: 1.7399, Loss_D: 0.0890
Iteration 300: Loss_G: 1.7756, Loss_D: 0.0819
Iteration 350: Loss_G: 1.7656, Loss_D: 0.0846
Iteration 400: Loss_G: 1.7681, Loss_D: 0.0853
Iteration 450: Loss_G: 1.7484, Loss_D: 0.0882
Iteration 500: Loss_G: 1.7535, Loss_D: 0.0840
Iteration 550: Loss_G: 1.6924, Loss_D: 0.1063
Iteration 600: Loss_G: 1.7725, Loss_D: 0.0852
Iteration 650: Loss_G: 1.7592, Loss_D: 0.0904
Iteration 700: Loss_G: 1.7060, Loss_D: 0.1059
Iteration 750: Loss_G: 1.6637, Loss_D: 0.1114
Iteration 800: Loss_G: 1.7234, Loss_D: 0.1061
Iteration 850: Loss_G: 1.7741, Loss_D: 0.0822
Iteration 900: Loss_G: 1.7787, Loss_D: 0.0787
Iteration 950: Loss_G: 1.7820, Loss_D: 0.0792
Iteration 1000: Loss_G: 1.7120, Loss_D: 0.0974
Iteration 1050: Loss_G: 1.7462, Loss_D: 0.0945
Iteration 1100: Loss_G: 1.6803, Loss_D: 0.1144
Iteration 1150: Loss_G: 1.6665, Loss_D: 0.1145
Iteration 1200: Loss_G: 1.7495, Loss_D: 0.0884
Epoch [28/40], Loss_G: 1.4254, Loss_D: 0.0919
Epoch [29/40] starts
Iteration 50: Loss_G: 1.7805, Loss_D: 0.0788
Iteration 100: Loss_G: 1.7328, Loss_D: 0.0897
Iteration 150: Loss_G: 1.7482, Loss_D: 0.0886
Iteration 200: Loss_G: 1.7764, Loss_D: 0.0817
Iteration 250: Loss_G: 1.7751, Loss_D: 0.0798
Iteration 300: Loss_G: 1.7149, Loss_D: 0.1029
Iteration 350: Loss_G: 1.7853, Loss_D: 0.0796
Iteration 400: Loss_G: 1.7932, Loss_D: 0.0807
Iteration 450: Loss_G: 1.7388, Loss_D: 0.0905
Iteration 500: Loss_G: 1.7595, Loss_D: 0.0843
Iteration 550: Loss_G: 1.7366, Loss_D: 0.0957
Iteration 600: Loss_G: 1.7372, Loss_D: 0.0907
Iteration 650: Loss_G: 1.7697, Loss_D: 0.0841
Iteration 700: Loss_G: 1.7701, Loss_D: 0.0845
Iteration 750: Loss_G: 1.7631, Loss_D: 0.0840
Iteration 800: Loss_G: 1.7245, Loss_D: 0.1003
Iteration 850: Loss_G: 1.6368, Loss_D: 0.1164
Iteration 900: Loss_G: 1.7511, Loss_D: 0.0958
Iteration 950: Loss_G: 1.7409, Loss_D: 0.0921
Iteration 1000: Loss_G: 1.7647, Loss_D: 0.0885
Iteration 1050: Loss_G: 1.7546, Loss_D: 0.0852
Iteration 1100: Loss_G: 1.7096, Loss_D: 0.1093
Iteration 1150: Loss_G: 1.7258, Loss_D: 0.0937
Iteration 1200: Loss_G: 1.7593, Loss_D: 0.0837
Epoch [29/40], Loss_G: 1.4307, Loss_D: 0.0900
Epoch [30/40] starts
Iteration 50: Loss_G: 1.7295, Loss_D: 0.0896
Iteration 100: Loss_G: 1.7095, Loss_D: 0.0999
Iteration 150: Loss_G: 1.6797, Loss_D: 0.1172
Iteration 200: Loss_G: 1.6643, Loss_D: 0.1141
Iteration 250: Loss_G: 1.7487, Loss_D: 0.0899
Iteration 300: Loss_G: 1.7664, Loss_D: 0.0858
Iteration 350: Loss_G: 1.7753, Loss_D: 0.0805
Iteration 400: Loss_G: 1.7798, Loss_D: 0.0812
Iteration 450: Loss_G: 1.7712, Loss_D: 0.0822
Iteration 500: Loss_G: 1.7704, Loss_D: 0.0809
Iteration 550: Loss_G: 1.7215, Loss_D: 0.0963
Iteration 600: Loss_G: 1.7322, Loss_D: 0.0907
Iteration 650: Loss_G: 1.6423, Loss_D: 0.1315
Iteration 700: Loss_G: 1.6349, Loss_D: 0.1203
Iteration 750: Loss_G: 1.7738, Loss_D: 0.0801
Iteration 800: Loss_G: 1.7600, Loss_D: 0.0824
Iteration 850: Loss_G: 1.6848, Loss_D: 0.1116
Iteration 900: Loss_G: 1.7476, Loss_D: 0.0904
Iteration 950: Loss_G: 1.7045, Loss_D: 0.1001
Iteration 1000: Loss_G: 1.7691, Loss_D: 0.0820
Iteration 1050: Loss_G: 1.7580, Loss_D: 0.0859
Iteration 1100: Loss_G: 1.7331, Loss_D: 0.0897
Iteration 1150: Loss_G: 1.7568, Loss_D: 0.0865
Iteration 1200: Loss_G: 1.7666, Loss_D: 0.0832
Epoch [30/40], Loss_G: 1.4181, Loss_D: 0.0938
Epoch [31/40] starts
Iteration 50: Loss_G: 1.6672, Loss_D: 0.1192
Iteration 100: Loss_G: 1.7460, Loss_D: 0.0902
Iteration 150: Loss_G: 1.7663, Loss_D: 0.0843
Iteration 200: Loss_G: 1.7572, Loss_D: 0.0814
Iteration 250: Loss_G: 1.7491, Loss_D: 0.0889
Iteration 300: Loss_G: 1.7792, Loss_D: 0.0811
Iteration 350: Loss_G: 1.7666, Loss_D: 0.0802
Iteration 400: Loss_G: 1.7844, Loss_D: 0.0787
Iteration 450: Loss_G: 1.7789, Loss_D: 0.0782
Iteration 500: Loss_G: 1.7310, Loss_D: 0.0901
Iteration 550: Loss_G: 1.7722, Loss_D: 0.0813
Iteration 600: Loss_G: 1.7479, Loss_D: 0.0834
Iteration 650: Loss_G: 1.6958, Loss_D: 0.1103
Iteration 700: Loss_G: 1.7860, Loss_D: 0.0840
Iteration 750: Loss_G: 1.6702, Loss_D: 0.1164
Iteration 800: Loss_G: 1.7020, Loss_D: 0.1025
Iteration 850: Loss_G: 1.7768, Loss_D: 0.0806
Iteration 900: Loss_G: 1.7290, Loss_D: 0.0938
Iteration 950: Loss_G: 1.7758, Loss_D: 0.0815
Iteration 1000: Loss_G: 1.7682, Loss_D: 0.0818
Iteration 1050: Loss_G: 1.7531, Loss_D: 0.0842
Iteration 1100: Loss_G: 1.4175, Loss_D: 0.1738
Iteration 1150: Loss_G: 1.2516, Loss_D: 0.1932
Iteration 1200: Loss_G: 1.6444, Loss_D: 0.1162
Epoch [31/40], Loss_G: 1.3989, Loss_D: 0.0981
Epoch [32/40] starts
Iteration 50: Loss_G: 1.7701, Loss_D: 0.0808
Iteration 100: Loss_G: 1.7141, Loss_D: 0.1071
Iteration 150: Loss_G: 1.6748, Loss_D: 0.1120
Iteration 200: Loss_G: 1.7011, Loss_D: 0.1052
Iteration 250: Loss_G: 1.7739, Loss_D: 0.0823
Iteration 300: Loss_G: 1.7798, Loss_D: 0.0798
Iteration 350: Loss_G: 1.7443, Loss_D: 0.0911
Iteration 400: Loss_G: 1.7569, Loss_D: 0.0839
Iteration 450: Loss_G: 1.7856, Loss_D: 0.0796
Iteration 500: Loss_G: 1.7293, Loss_D: 0.0942
Iteration 550: Loss_G: 1.7618, Loss_D: 0.0823
Iteration 600: Loss_G: 1.7633, Loss_D: 0.0817
Iteration 650: Loss_G: 1.7379, Loss_D: 0.0879
Iteration 700: Loss_G: 1.7446, Loss_D: 0.0906
Iteration 750: Loss_G: 1.7104, Loss_D: 0.1019
Iteration 800: Loss_G: 1.7802, Loss_D: 0.0830
Iteration 850: Loss_G: 1.7589, Loss_D: 0.0833
Iteration 900: Loss_G: 1.6941, Loss_D: 0.1076
Iteration 950: Loss_G: 1.7633, Loss_D: 0.0822
Iteration 1000: Loss_G: 1.7595, Loss_D: 0.0815
Iteration 1050: Loss_G: 1.7438, Loss_D: 0.0867
Iteration 1100: Loss_G: 1.7519, Loss_D: 0.0874
Iteration 1150: Loss_G: 1.7738, Loss_D: 0.0840
Iteration 1200: Loss_G: 1.7606, Loss_D: 0.0839
Epoch [32/40], Loss_G: 1.4302, Loss_D: 0.0892
Epoch [33/40] starts
Iteration 50: Loss_G: 1.7345, Loss_D: 0.0895
Iteration 100: Loss_G: 1.6841, Loss_D: 0.1119
Iteration 150: Loss_G: 1.7515, Loss_D: 0.0837
Iteration 200: Loss_G: 1.7756, Loss_D: 0.0788
Iteration 250: Loss_G: 1.7475, Loss_D: 0.0926
Iteration 300: Loss_G: 1.7682, Loss_D: 0.0812
Iteration 350: Loss_G: 1.7375, Loss_D: 0.0896
Iteration 400: Loss_G: 1.7556, Loss_D: 0.0897
Iteration 450: Loss_G: 1.7643, Loss_D: 0.0815
Iteration 500: Loss_G: 1.7493, Loss_D: 0.0949
Iteration 550: Loss_G: 1.7696, Loss_D: 0.0808
Iteration 600: Loss_G: 1.7640, Loss_D: 0.0823
Iteration 650: Loss_G: 1.7445, Loss_D: 0.0845
Iteration 700: Loss_G: 1.7555, Loss_D: 0.0833
Iteration 750: Loss_G: 1.6881, Loss_D: 0.1066
Iteration 800: Loss_G: 1.7578, Loss_D: 0.0837
Iteration 850: Loss_G: 1.7400, Loss_D: 0.0914
Iteration 900: Loss_G: 1.7661, Loss_D: 0.0836
Iteration 950: Loss_G: 1.7627, Loss_D: 0.0842
Iteration 1000: Loss_G: 1.7693, Loss_D: 0.0839
Iteration 1050: Loss_G: 1.6360, Loss_D: 0.1231
Iteration 1100: Loss_G: 1.6804, Loss_D: 0.1079
Iteration 1150: Loss_G: 1.7490, Loss_D: 0.0927
Iteration 1200: Loss_G: 1.7281, Loss_D: 0.0970
Epoch [33/40], Loss_G: 1.4249, Loss_D: 0.0908
Epoch [34/40] starts
Iteration 50: Loss_G: 1.7391, Loss_D: 0.0890
Iteration 100: Loss_G: 1.7465, Loss_D: 0.0876
Iteration 150: Loss_G: 1.7703, Loss_D: 0.0812
Iteration 200: Loss_G: 1.7326, Loss_D: 0.0914
Iteration 250: Loss_G: 1.7380, Loss_D: 0.0916
Iteration 300: Loss_G: 1.7218, Loss_D: 0.0945
Iteration 350: Loss_G: 1.7317, Loss_D: 0.0941
Iteration 400: Loss_G: 1.7793, Loss_D: 0.0797
Iteration 450: Loss_G: 1.7653, Loss_D: 0.0820
Iteration 500: Loss_G: 1.7768, Loss_D: 0.0798
Iteration 550: Loss_G: 1.7810, Loss_D: 0.0783
Iteration 600: Loss_G: 1.7500, Loss_D: 0.0926
Iteration 650: Loss_G: 1.7779, Loss_D: 0.0786
Iteration 700: Loss_G: 1.7346, Loss_D: 0.0919
Iteration 750: Loss_G: 1.7078, Loss_D: 0.1046
Iteration 800: Loss_G: 1.7564, Loss_D: 0.0876
Iteration 850: Loss_G: 1.7237, Loss_D: 0.0930
Iteration 900: Loss_G: 1.7517, Loss_D: 0.0878
Iteration 950: Loss_G: 1.7286, Loss_D: 0.0948
Iteration 1000: Loss_G: 1.7476, Loss_D: 0.0858
Iteration 1050: Loss_G: 1.7567, Loss_D: 0.0852
Iteration 1100: Loss_G: 1.7135, Loss_D: 0.0940
Iteration 1150: Loss_G: 1.7708, Loss_D: 0.0815
Iteration 1200: Loss_G: 1.7657, Loss_D: 0.0842
Epoch [34/40], Loss_G: 1.4313, Loss_D: 0.0879
Epoch [35/40] starts
Iteration 50: Loss_G: 1.7508, Loss_D: 0.0789
Iteration 100: Loss_G: 1.7410, Loss_D: 0.0900
Iteration 150: Loss_G: 1.6369, Loss_D: 0.1276
Iteration 200: Loss_G: 1.6675, Loss_D: 0.1095
Iteration 250: Loss_G: 1.7162, Loss_D: 0.1012
Iteration 300: Loss_G: 1.7429, Loss_D: 0.0861
Iteration 350: Loss_G: 1.7494, Loss_D: 0.0873
Iteration 400: Loss_G: 1.7645, Loss_D: 0.0815
Iteration 450: Loss_G: 1.7870, Loss_D: 0.0778
Iteration 500: Loss_G: 1.7613, Loss_D: 0.0811
Iteration 550: Loss_G: 1.7570, Loss_D: 0.0827
Iteration 600: Loss_G: 1.7754, Loss_D: 0.0786
Iteration 650: Loss_G: 1.7669, Loss_D: 0.0791
Iteration 700: Loss_G: 1.7632, Loss_D: 0.0793
Iteration 750: Loss_G: 1.7546, Loss_D: 0.0842
Iteration 800: Loss_G: 1.7433, Loss_D: 0.0833
Iteration 850: Loss_G: 1.7235, Loss_D: 0.0960
Iteration 900: Loss_G: 1.7555, Loss_D: 0.0828
Iteration 950: Loss_G: 1.7338, Loss_D: 0.0885
Iteration 1000: Loss_G: 1.7688, Loss_D: 0.0797
Iteration 1050: Loss_G: 1.7517, Loss_D: 0.0819
Iteration 1100: Loss_G: 1.7419, Loss_D: 0.0891
Iteration 1150: Loss_G: 1.7943, Loss_D: 0.0793
Iteration 1200: Loss_G: 1.7773, Loss_D: 0.0802
Epoch [35/40], Loss_G: 1.4299, Loss_D: 0.0869
Epoch [36/40] starts
Iteration 50: Loss_G: 1.7717, Loss_D: 0.0771
Iteration 100: Loss_G: 1.7170, Loss_D: 0.0955
Iteration 150: Loss_G: 1.6862, Loss_D: 0.1078
Iteration 200: Loss_G: 1.7197, Loss_D: 0.0916
Iteration 250: Loss_G: 1.7458, Loss_D: 0.0857
Iteration 300: Loss_G: 1.7638, Loss_D: 0.0790
Iteration 350: Loss_G: 1.7560, Loss_D: 0.0805
Iteration 400: Loss_G: 1.7249, Loss_D: 0.0991
Iteration 450: Loss_G: 1.7649, Loss_D: 0.0830
Iteration 500: Loss_G: 1.7760, Loss_D: 0.0787
Iteration 550: Loss_G: 1.7688, Loss_D: 0.0801
Iteration 600: Loss_G: 1.7382, Loss_D: 0.0842
Iteration 650: Loss_G: 1.7762, Loss_D: 0.0773
Iteration 700: Loss_G: 1.7689, Loss_D: 0.0781
Iteration 750: Loss_G: 1.7617, Loss_D: 0.0797
Iteration 800: Loss_G: 1.7325, Loss_D: 0.0936
Iteration 850: Loss_G: 1.6132, Loss_D: 0.1294
Iteration 900: Loss_G: 1.7346, Loss_D: 0.0936
Iteration 950: Loss_G: 1.7114, Loss_D: 0.0933
Iteration 1000: Loss_G: 1.6701, Loss_D: 0.1153
Iteration 1050: Loss_G: 1.6164, Loss_D: 0.1297
Iteration 1100: Loss_G: 1.7359, Loss_D: 0.0919
Iteration 1150: Loss_G: 1.7691, Loss_D: 0.0816
Iteration 1200: Loss_G: 1.7573, Loss_D: 0.0845
Epoch [36/40], Loss_G: 1.4182, Loss_D: 0.0913
Epoch [37/40] starts
Iteration 50: Loss_G: 1.7260, Loss_D: 0.0926
Iteration 100: Loss_G: 1.7318, Loss_D: 0.0868
Iteration 150: Loss_G: 1.7728, Loss_D: 0.0785
Iteration 200: Loss_G: 1.7524, Loss_D: 0.0835
Iteration 250: Loss_G: 1.7720, Loss_D: 0.0802
Iteration 300: Loss_G: 1.7538, Loss_D: 0.0834
Iteration 350: Loss_G: 1.7705, Loss_D: 0.0781
Iteration 400: Loss_G: 1.7650, Loss_D: 0.0790
Iteration 450: Loss_G: 1.7629, Loss_D: 0.0785
Iteration 500: Loss_G: 1.7573, Loss_D: 0.0796
Iteration 550: Loss_G: 1.7645, Loss_D: 0.0766
Iteration 600: Loss_G: 1.7703, Loss_D: 0.0792
Iteration 650: Loss_G: 1.7146, Loss_D: 0.0986
Iteration 700: Loss_G: 1.7712, Loss_D: 0.0782
Iteration 750: Loss_G: 1.6782, Loss_D: 0.1100
Iteration 800: Loss_G: 1.7384, Loss_D: 0.0923
Iteration 850: Loss_G: 1.7775, Loss_D: 0.0805
Iteration 900: Loss_G: 1.7832, Loss_D: 0.0782
Iteration 950: Loss_G: 1.7478, Loss_D: 0.0874
Iteration 1000: Loss_G: 1.7635, Loss_D: 0.0836
Iteration 1050: Loss_G: 1.7188, Loss_D: 0.0961
Iteration 1100: Loss_G: 1.6520, Loss_D: 0.1148
Iteration 1150: Loss_G: 1.6498, Loss_D: 0.1336
Iteration 1200: Loss_G: 1.6757, Loss_D: 0.1097
Epoch [37/40], Loss_G: 1.4246, Loss_D: 0.0891
Epoch [38/40] starts
Iteration 50: Loss_G: 1.7525, Loss_D: 0.0801
Iteration 100: Loss_G: 1.7665, Loss_D: 0.0765
Iteration 150: Loss_G: 1.7714, Loss_D: 0.0770
Iteration 200: Loss_G: 1.7418, Loss_D: 0.0845
Iteration 250: Loss_G: 1.7808, Loss_D: 0.0763
Iteration 300: Loss_G: 1.7713, Loss_D: 0.0782
Iteration 350: Loss_G: 1.7768, Loss_D: 0.0776
Iteration 400: Loss_G: 1.7698, Loss_D: 0.0797
Iteration 450: Loss_G: 1.7756, Loss_D: 0.0781
Iteration 500: Loss_G: 1.6852, Loss_D: 0.1019
Iteration 550: Loss_G: 1.7848, Loss_D: 0.0770
Iteration 600: Loss_G: 1.7754, Loss_D: 0.0761
Iteration 650: Loss_G: 1.7697, Loss_D: 0.0777
Iteration 700: Loss_G: 1.7696, Loss_D: 0.0810
Iteration 750: Loss_G: 1.7643, Loss_D: 0.0786
Iteration 800: Loss_G: 1.7703, Loss_D: 0.0766
Iteration 850: Loss_G: 1.7576, Loss_D: 0.0803
Iteration 900: Loss_G: 1.6782, Loss_D: 0.1127
Iteration 950: Loss_G: 1.7079, Loss_D: 0.0976
Iteration 1000: Loss_G: 1.7769, Loss_D: 0.0773
Iteration 1050: Loss_G: 1.7363, Loss_D: 0.0863
Iteration 1100: Loss_G: 1.6970, Loss_D: 0.1024
Iteration 1150: Loss_G: 1.7768, Loss_D: 0.0791
Iteration 1200: Loss_G: 1.7740, Loss_D: 0.0776
Epoch [38/40], Loss_G: 1.4369, Loss_D: 0.0829
Epoch [39/40] starts
Iteration 50: Loss_G: 1.7316, Loss_D: 0.0885
Iteration 100: Loss_G: 1.7520, Loss_D: 0.0852
Iteration 150: Loss_G: 1.7904, Loss_D: 0.0736
Iteration 200: Loss_G: 1.7812, Loss_D: 0.0729
Iteration 250: Loss_G: 1.7043, Loss_D: 0.1017
Iteration 300: Loss_G: 1.7402, Loss_D: 0.0936
Iteration 350: Loss_G: 1.7478, Loss_D: 0.0871
Iteration 400: Loss_G: 1.7184, Loss_D: 0.0934
Iteration 450: Loss_G: 1.7519, Loss_D: 0.0814
Iteration 500: Loss_G: 1.7874, Loss_D: 0.0737
Iteration 550: Loss_G: 1.7949, Loss_D: 0.0746
Iteration 600: Loss_G: 1.7657, Loss_D: 0.0783
Iteration 650: Loss_G: 1.7652, Loss_D: 0.0807
Iteration 700: Loss_G: 1.7632, Loss_D: 0.0831
Iteration 750: Loss_G: 1.7688, Loss_D: 0.0755
Iteration 800: Loss_G: 1.7597, Loss_D: 0.0852
Iteration 850: Loss_G: 1.7612, Loss_D: 0.0767
Iteration 900: Loss_G: 1.7347, Loss_D: 0.0881
Iteration 950: Loss_G: 1.7782, Loss_D: 0.0772
Iteration 1000: Loss_G: 1.7875, Loss_D: 0.0763
Iteration 1050: Loss_G: 1.7742, Loss_D: 0.0778
Iteration 1100: Loss_G: 1.7730, Loss_D: 0.0787
Iteration 1150: Loss_G: 1.7783, Loss_D: 0.0764
Iteration 1200: Loss_G: 1.7081, Loss_D: 0.0983
Epoch [39/40], Loss_G: 1.4399, Loss_D: 0.0824
Epoch [40/40] starts
Iteration 50: Loss_G: 1.7404, Loss_D: 0.0840
Iteration 100: Loss_G: 1.7546, Loss_D: 0.0897
Iteration 150: Loss_G: 1.7320, Loss_D: 0.1045
Iteration 200: Loss_G: 1.7834, Loss_D: 0.0757
Iteration 250: Loss_G: 1.7846, Loss_D: 0.0739
Iteration 300: Loss_G: 1.7739, Loss_D: 0.0825
Iteration 350: Loss_G: 1.7402, Loss_D: 0.0842
Iteration 400: Loss_G: 1.7914, Loss_D: 0.0748
Iteration 450: Loss_G: 1.7780, Loss_D: 0.0736
Iteration 500: Loss_G: 1.7211, Loss_D: 0.0945
Iteration 550: Loss_G: 1.7885, Loss_D: 0.0729
Iteration 600: Loss_G: 1.7825, Loss_D: 0.0734
Iteration 650: Loss_G: 1.7747, Loss_D: 0.0769
Iteration 700: Loss_G: 1.7305, Loss_D: 0.0915
Iteration 750: Loss_G: 1.7196, Loss_D: 0.0963
Iteration 800: Loss_G: 1.7761, Loss_D: 0.0764
Iteration 850: Loss_G: 1.7811, Loss_D: 0.0753
Iteration 900: Loss_G: 1.7821, Loss_D: 0.0747
Iteration 950: Loss_G: 1.7588, Loss_D: 0.0790
Iteration 1000: Loss_G: 1.7672, Loss_D: 0.0808
Iteration 1050: Loss_G: 1.7593, Loss_D: 0.0782
Iteration 1100: Loss_G: 1.7663, Loss_D: 0.0777
Iteration 1150: Loss_G: 1.7266, Loss_D: 0.0956
Iteration 1200: Loss_G: 1.7726, Loss_D: 0.0774
Epoch [40/40], Loss_G: 1.4422, Loss_D: 0.0818
The process took 76.78952188491822 minutes to complete.
