Using downloaded and verified file: ./data/SVHN/raw/train_32x32.mat
Using downloaded and verified file: ./data/SVHN/raw/test_32x32.mat
Using device cuda
Training starts
Epoch [1/10] starts
Iteration 50: Loss_G: 3.8913, Loss_D: 0.1423
Iteration 100: Loss_G: 2.6404, Loss_D: 0.1926
Iteration 150: Loss_G: 2.3561, Loss_D: 0.1817
Iteration 200: Loss_G: 2.3244, Loss_D: 0.1797
Iteration 250: Loss_G: 2.4683, Loss_D: 0.1685
Iteration 300: Loss_G: 2.2952, Loss_D: 0.1785
Iteration 350: Loss_G: 2.3062, Loss_D: 0.1770
Iteration 400: Loss_G: 2.2206, Loss_D: 0.1774
Iteration 450: Loss_G: 2.2368, Loss_D: 0.1797
Iteration 500: Loss_G: 2.2022, Loss_D: 0.1751
Iteration 550: Loss_G: 2.2004, Loss_D: 0.1806
Iteration 600: Loss_G: 2.1224, Loss_D: 0.1822
Iteration 650: Loss_G: 2.1287, Loss_D: 0.1782
Iteration 700: Loss_G: 2.1937, Loss_D: 0.1837
Iteration 750: Loss_G: 2.1319, Loss_D: 0.1873
Iteration 800: Loss_G: 2.2249, Loss_D: 0.1807
Iteration 850: Loss_G: 2.1842, Loss_D: 0.1807
Iteration 900: Loss_G: 2.1504, Loss_D: 0.1843
Iteration 950: Loss_G: 2.1940, Loss_D: 0.1795
Iteration 1000: Loss_G: 2.2206, Loss_D: 0.1778
Iteration 1050: Loss_G: 2.2167, Loss_D: 0.1798
Iteration 1100: Loss_G: 2.1674, Loss_D: 0.1789
Iteration 1150: Loss_G: 2.2082, Loss_D: 0.1822
Iteration 1200: Loss_G: 2.1869, Loss_D: 0.1815
Epoch [1/10], Loss_G: 1.8919, Loss_D: 0.1787
Epoch [2/10] starts
Iteration 50: Loss_G: 2.2829, Loss_D: 0.1768
Iteration 100: Loss_G: 2.2606, Loss_D: 0.1720
Iteration 150: Loss_G: 2.1716, Loss_D: 0.1733
Iteration 200: Loss_G: 2.2553, Loss_D: 0.1754
Iteration 250: Loss_G: 2.1879, Loss_D: 0.1827
Iteration 300: Loss_G: 2.2608, Loss_D: 0.1731
Iteration 350: Loss_G: 2.1444, Loss_D: 0.1881
Iteration 400: Loss_G: 2.2986, Loss_D: 0.1776
Iteration 450: Loss_G: 2.2351, Loss_D: 0.1759
Iteration 500: Loss_G: 2.1269, Loss_D: 0.1798
Iteration 550: Loss_G: 2.1672, Loss_D: 0.1903
Iteration 600: Loss_G: 2.2471, Loss_D: 0.1835
Iteration 650: Loss_G: 2.1860, Loss_D: 0.1850
Iteration 700: Loss_G: 2.1550, Loss_D: 0.1819
Iteration 750: Loss_G: 2.3056, Loss_D: 0.1760
Iteration 800: Loss_G: 2.1365, Loss_D: 0.1817
Iteration 850: Loss_G: 2.1824, Loss_D: 0.1815
Iteration 900: Loss_G: 2.1820, Loss_D: 0.1810
Iteration 950: Loss_G: 2.2165, Loss_D: 0.1820
Iteration 1000: Loss_G: 2.1870, Loss_D: 0.1839
Iteration 1050: Loss_G: 2.0582, Loss_D: 0.1855
Iteration 1100: Loss_G: 2.1339, Loss_D: 0.1822
Iteration 1150: Loss_G: 2.1528, Loss_D: 0.1826
Iteration 1200: Loss_G: 2.1252, Loss_D: 0.1784
Epoch [2/10], Loss_G: 1.7960, Loss_D: 0.1804
Epoch [3/10] starts
Iteration 50: Loss_G: 2.1272, Loss_D: 0.1865
Iteration 100: Loss_G: 2.0170, Loss_D: 0.1834
Iteration 150: Loss_G: 2.1115, Loss_D: 0.1878
Iteration 200: Loss_G: 2.0753, Loss_D: 0.1921
Iteration 250: Loss_G: 2.0848, Loss_D: 0.1845
Iteration 300: Loss_G: 2.1376, Loss_D: 0.1819
Iteration 350: Loss_G: 2.1323, Loss_D: 0.1744
Iteration 400: Loss_G: 2.1141, Loss_D: 0.1880
Iteration 450: Loss_G: 2.0057, Loss_D: 0.1867
Iteration 500: Loss_G: 2.0658, Loss_D: 0.1832
Iteration 550: Loss_G: 2.0749, Loss_D: 0.1836
Iteration 600: Loss_G: 2.1239, Loss_D: 0.1891
Iteration 650: Loss_G: 1.9954, Loss_D: 0.1935
Iteration 700: Loss_G: 2.1038, Loss_D: 0.1890
Iteration 750: Loss_G: 2.1238, Loss_D: 0.1817
Iteration 800: Loss_G: 2.0373, Loss_D: 0.1913
Iteration 850: Loss_G: 2.0145, Loss_D: 0.1883
Iteration 900: Loss_G: 2.0812, Loss_D: 0.1841
Iteration 950: Loss_G: 2.0043, Loss_D: 0.1976
Iteration 1000: Loss_G: 1.9702, Loss_D: 0.1921
Iteration 1050: Loss_G: 2.0807, Loss_D: 0.1892
Iteration 1100: Loss_G: 2.0026, Loss_D: 0.1905
Iteration 1150: Loss_G: 1.9731, Loss_D: 0.1947
Iteration 1200: Loss_G: 1.9388, Loss_D: 0.1891
Epoch [3/10], Loss_G: 1.6847, Loss_D: 0.1876
Epoch [4/10] starts
Iteration 50: Loss_G: 2.1124, Loss_D: 0.1930
Iteration 100: Loss_G: 2.0510, Loss_D: 0.1895
Iteration 150: Loss_G: 2.0212, Loss_D: 0.1873
Iteration 200: Loss_G: 2.0224, Loss_D: 0.1942
Iteration 250: Loss_G: 1.9445, Loss_D: 0.1845
Iteration 300: Loss_G: 2.0733, Loss_D: 0.1947
Iteration 350: Loss_G: 2.0317, Loss_D: 0.1891
Iteration 400: Loss_G: 1.9653, Loss_D: 0.1925
Iteration 450: Loss_G: 1.9595, Loss_D: 0.1907
Iteration 500: Loss_G: 2.0295, Loss_D: 0.1926
Iteration 550: Loss_G: 1.9761, Loss_D: 0.1941
Iteration 600: Loss_G: 1.9573, Loss_D: 0.1970
Iteration 650: Loss_G: 1.9349, Loss_D: 0.1947
Iteration 700: Loss_G: 1.9010, Loss_D: 0.1988
Iteration 750: Loss_G: 1.9497, Loss_D: 0.1967
Iteration 800: Loss_G: 1.9927, Loss_D: 0.1925
Iteration 850: Loss_G: 1.9992, Loss_D: 0.1975
Iteration 900: Loss_G: 1.9867, Loss_D: 0.1972
Iteration 950: Loss_G: 1.9258, Loss_D: 0.1940
Iteration 1000: Loss_G: 1.9668, Loss_D: 0.1922
Iteration 1050: Loss_G: 1.9715, Loss_D: 0.1946
Iteration 1100: Loss_G: 1.9502, Loss_D: 0.1902
Iteration 1150: Loss_G: 1.9633, Loss_D: 0.1963
Iteration 1200: Loss_G: 1.9636, Loss_D: 0.1970
Epoch [4/10], Loss_G: 1.6252, Loss_D: 0.1934
Epoch [5/10] starts
Iteration 50: Loss_G: 2.0010, Loss_D: 0.1935
Iteration 100: Loss_G: 1.9153, Loss_D: 0.1879
Iteration 150: Loss_G: 1.9560, Loss_D: 0.1895
Iteration 200: Loss_G: 1.9960, Loss_D: 0.1890
Iteration 250: Loss_G: 1.9350, Loss_D: 0.1949
Iteration 300: Loss_G: 1.9050, Loss_D: 0.1935
Iteration 350: Loss_G: 2.0455, Loss_D: 0.1981
Iteration 400: Loss_G: 1.9467, Loss_D: 0.1942
Iteration 450: Loss_G: 1.9093, Loss_D: 0.1970
Iteration 500: Loss_G: 1.9455, Loss_D: 0.1935
Iteration 550: Loss_G: 1.9549, Loss_D: 0.1932
Iteration 600: Loss_G: 1.9776, Loss_D: 0.1966
Iteration 650: Loss_G: 1.9225, Loss_D: 0.2015
Iteration 700: Loss_G: 1.9370, Loss_D: 0.1937
Iteration 750: Loss_G: 1.8840, Loss_D: 0.1966
Iteration 800: Loss_G: 2.0204, Loss_D: 0.1946
Iteration 850: Loss_G: 1.9360, Loss_D: 0.1934
Iteration 900: Loss_G: 1.9203, Loss_D: 0.1962
Iteration 950: Loss_G: 1.9735, Loss_D: 0.1997
Iteration 1000: Loss_G: 1.8211, Loss_D: 0.2007
Iteration 1050: Loss_G: 1.9453, Loss_D: 0.1989
Iteration 1100: Loss_G: 1.8666, Loss_D: 0.2013
Iteration 1150: Loss_G: 1.8537, Loss_D: 0.2014
Iteration 1200: Loss_G: 1.8471, Loss_D: 0.1970
Epoch [5/10], Loss_G: 1.5831, Loss_D: 0.1957
Epoch [6/10] starts
Iteration 50: Loss_G: 2.0393, Loss_D: 0.1773
Iteration 100: Loss_G: 2.1342, Loss_D: 0.1745
Iteration 150: Loss_G: 1.9469, Loss_D: 0.1919
Iteration 200: Loss_G: 1.9073, Loss_D: 0.1948
Iteration 250: Loss_G: 1.9277, Loss_D: 0.1899
Iteration 300: Loss_G: 1.9352, Loss_D: 0.1966
Iteration 350: Loss_G: 1.9219, Loss_D: 0.1954
Iteration 400: Loss_G: 1.9702, Loss_D: 0.1922
Iteration 450: Loss_G: 2.0035, Loss_D: 0.1969
Iteration 500: Loss_G: 1.8876, Loss_D: 0.1963
Iteration 550: Loss_G: 1.8722, Loss_D: 0.1963
Iteration 600: Loss_G: 1.8983, Loss_D: 0.1987
Iteration 650: Loss_G: 1.8640, Loss_D: 0.1962
Iteration 700: Loss_G: 1.9541, Loss_D: 0.1947
Iteration 750: Loss_G: 1.9015, Loss_D: 0.1995
Iteration 800: Loss_G: 1.8543, Loss_D: 0.1965
Iteration 850: Loss_G: 1.9455, Loss_D: 0.1986
Iteration 900: Loss_G: 1.8925, Loss_D: 0.1993
Iteration 950: Loss_G: 1.8504, Loss_D: 0.1976
Iteration 1000: Loss_G: 1.8385, Loss_D: 0.1973
Iteration 1050: Loss_G: 1.9045, Loss_D: 0.1961
Iteration 1100: Loss_G: 1.8633, Loss_D: 0.2009
Iteration 1150: Loss_G: 1.8714, Loss_D: 0.1950
Iteration 1200: Loss_G: 1.8359, Loss_D: 0.1986
Epoch [6/10], Loss_G: 1.5696, Loss_D: 0.1946
Epoch [7/10] starts
Iteration 50: Loss_G: 1.8434, Loss_D: 0.1965
Iteration 100: Loss_G: 1.8356, Loss_D: 0.1986
Iteration 150: Loss_G: 1.7761, Loss_D: 0.1901
Iteration 200: Loss_G: 1.8745, Loss_D: 0.1883
Iteration 250: Loss_G: 1.8150, Loss_D: 0.1969
Iteration 300: Loss_G: 1.9241, Loss_D: 0.2001
Iteration 350: Loss_G: 1.8906, Loss_D: 0.1970
Iteration 400: Loss_G: 1.7839, Loss_D: 0.1972
Iteration 450: Loss_G: 1.8134, Loss_D: 0.1938
Iteration 500: Loss_G: 1.8187, Loss_D: 0.1980
Iteration 550: Loss_G: 1.8896, Loss_D: 0.1946
Iteration 600: Loss_G: 1.8571, Loss_D: 0.1976
Iteration 650: Loss_G: 1.8462, Loss_D: 0.1944
Iteration 700: Loss_G: 1.8745, Loss_D: 0.1993
Iteration 750: Loss_G: 1.8161, Loss_D: 0.1959
Iteration 800: Loss_G: 1.8483, Loss_D: 0.1971
Iteration 850: Loss_G: 1.9016, Loss_D: 0.1960
Iteration 900: Loss_G: 1.8659, Loss_D: 0.1989
Iteration 950: Loss_G: 1.8687, Loss_D: 0.2005
Iteration 1000: Loss_G: 1.9092, Loss_D: 0.1978
Iteration 1050: Loss_G: 1.8080, Loss_D: 0.1979
Iteration 1100: Loss_G: 1.8067, Loss_D: 0.1985
Iteration 1150: Loss_G: 1.8218, Loss_D: 0.1980
Iteration 1200: Loss_G: 1.8379, Loss_D: 0.1962
Epoch [7/10], Loss_G: 1.5118, Loss_D: 0.1966
Epoch [8/10] starts
Iteration 50: Loss_G: 1.8821, Loss_D: 0.1960
Iteration 100: Loss_G: 1.8225, Loss_D: 0.1930
Iteration 150: Loss_G: 1.7992, Loss_D: 0.1978
Iteration 200: Loss_G: 1.8659, Loss_D: 0.1922
Iteration 250: Loss_G: 1.7686, Loss_D: 0.1967
Iteration 300: Loss_G: 1.8958, Loss_D: 0.1930
Iteration 350: Loss_G: 1.8444, Loss_D: 0.1924
Iteration 400: Loss_G: 1.7893, Loss_D: 0.1899
Iteration 450: Loss_G: 1.8056, Loss_D: 0.1925
Iteration 500: Loss_G: 1.8041, Loss_D: 0.1927
Iteration 550: Loss_G: 1.8318, Loss_D: 0.1959
Iteration 600: Loss_G: 1.8206, Loss_D: 0.1912
Iteration 650: Loss_G: 1.7636, Loss_D: 0.1949
Iteration 700: Loss_G: 1.8301, Loss_D: 0.1968
Iteration 750: Loss_G: 1.8098, Loss_D: 0.1978
Iteration 800: Loss_G: 1.7521, Loss_D: 0.1941
Iteration 850: Loss_G: 1.7386, Loss_D: 0.1938
Iteration 900: Loss_G: 1.7740, Loss_D: 0.1945
Iteration 950: Loss_G: 1.7994, Loss_D: 0.1955
Iteration 1000: Loss_G: 1.7690, Loss_D: 0.1922
Iteration 1050: Loss_G: 1.7037, Loss_D: 0.1963
Iteration 1100: Loss_G: 1.7215, Loss_D: 0.1957
Iteration 1150: Loss_G: 1.7397, Loss_D: 0.1907
Iteration 1200: Loss_G: 1.7774, Loss_D: 0.1939
Epoch [8/10], Loss_G: 1.4703, Loss_D: 0.1941
Epoch [9/10] starts
Iteration 50: Loss_G: 1.7445, Loss_D: 0.1925
Iteration 100: Loss_G: 1.7593, Loss_D: 0.1895
Iteration 150: Loss_G: 1.7528, Loss_D: 0.1903
Iteration 200: Loss_G: 1.7322, Loss_D: 0.1898
Iteration 250: Loss_G: 1.7262, Loss_D: 0.1893
Iteration 300: Loss_G: 1.7375, Loss_D: 0.1920
Iteration 350: Loss_G: 1.7535, Loss_D: 0.1926
Iteration 400: Loss_G: 1.7022, Loss_D: 0.1916
Iteration 450: Loss_G: 1.6731, Loss_D: 0.1956
Iteration 500: Loss_G: 1.7263, Loss_D: 0.1933
Iteration 550: Loss_G: 1.7297, Loss_D: 0.1943
Iteration 600: Loss_G: 1.7152, Loss_D: 0.1920
Iteration 650: Loss_G: 1.7019, Loss_D: 0.1944
Iteration 700: Loss_G: 1.6952, Loss_D: 0.1952
Iteration 750: Loss_G: 1.7143, Loss_D: 0.1894
Iteration 800: Loss_G: 1.6932, Loss_D: 0.1926
Iteration 850: Loss_G: 1.6866, Loss_D: 0.1967
Iteration 900: Loss_G: 1.6380, Loss_D: 0.1950
Iteration 950: Loss_G: 1.6895, Loss_D: 0.1936
Iteration 1000: Loss_G: 1.6855, Loss_D: 0.1945
Iteration 1050: Loss_G: 1.6668, Loss_D: 0.1961
Iteration 1100: Loss_G: 1.7003, Loss_D: 0.1947
Iteration 1150: Loss_G: 1.7188, Loss_D: 0.1933
Iteration 1200: Loss_G: 1.6708, Loss_D: 0.1985
Epoch [9/10], Loss_G: 1.3988, Loss_D: 0.1932
Epoch [10/10] starts
Iteration 50: Loss_G: 1.6629, Loss_D: 0.1921
Iteration 100: Loss_G: 1.7154, Loss_D: 0.1877
Iteration 150: Loss_G: 1.6868, Loss_D: 0.1887
Iteration 200: Loss_G: 1.6771, Loss_D: 0.1904
Iteration 250: Loss_G: 1.6577, Loss_D: 0.1900
Iteration 300: Loss_G: 1.6780, Loss_D: 0.1907
Iteration 350: Loss_G: 1.6399, Loss_D: 0.1926
Iteration 400: Loss_G: 1.6565, Loss_D: 0.1917
Iteration 450: Loss_G: 1.7140, Loss_D: 0.1908
Iteration 500: Loss_G: 1.7264, Loss_D: 0.1884
Iteration 550: Loss_G: 1.6999, Loss_D: 0.1930
Iteration 600: Loss_G: 1.6668, Loss_D: 0.1933
Iteration 650: Loss_G: 1.6879, Loss_D: 0.1943
Iteration 700: Loss_G: 1.6549, Loss_D: 0.1931
Iteration 750: Loss_G: 1.6771, Loss_D: 0.1947
Iteration 800: Loss_G: 1.6595, Loss_D: 0.1934
Iteration 850: Loss_G: 1.6829, Loss_D: 0.1954
Iteration 900: Loss_G: 1.6530, Loss_D: 0.1916
Iteration 950: Loss_G: 1.6521, Loss_D: 0.1924
Iteration 1000: Loss_G: 1.6466, Loss_D: 0.1919
Iteration 1050: Loss_G: 1.6160, Loss_D: 0.1973
Iteration 1100: Loss_G: 1.6803, Loss_D: 0.1900
Iteration 1150: Loss_G: 1.7089, Loss_D: 0.1941
Iteration 1200: Loss_G: 1.6912, Loss_D: 0.1934
Epoch [10/10], Loss_G: 1.3708, Loss_D: 0.1921
The process took 57.6721058011055 minutes to complete.
